[2024-11-13T13:29:39.707+0000] {local_task_job_runner.py:120} INFO - ::group::Pre task execution logs
[2024-11-13T13:29:39.805+0000] {taskinstance.py:2076} INFO - Dependencies all met for dep_context=non-requeueable deps ti=<TaskInstance: fetch_data.fetch_data_from_api manual__2024-11-13T13:29:35.487550+00:00 [queued]>
[2024-11-13T13:29:39.830+0000] {taskinstance.py:2076} INFO - Dependencies all met for dep_context=requeueable deps ti=<TaskInstance: fetch_data.fetch_data_from_api manual__2024-11-13T13:29:35.487550+00:00 [queued]>
[2024-11-13T13:29:39.831+0000] {taskinstance.py:2306} INFO - Starting attempt 1 of 1
[2024-11-13T13:29:40.207+0000] {taskinstance.py:2330} INFO - Executing <Task(PythonOperator): fetch_data_from_api> on 2024-11-13 13:29:35.487550+00:00
[2024-11-13T13:29:40.215+0000] {standard_task_runner.py:64} INFO - Started process 1513 to run task
[2024-11-13T13:29:40.220+0000] {standard_task_runner.py:90} INFO - Running: ['***', 'tasks', 'run', 'fetch_data', 'fetch_data_from_api', 'manual__2024-11-13T13:29:35.487550+00:00', '--job-id', '701', '--raw', '--subdir', 'DAGS_FOLDER/***_producer.py', '--cfg-path', '/tmp/tmp5x7391ef']
[2024-11-13T13:29:40.224+0000] {standard_task_runner.py:91} INFO - Job 701: Subtask fetch_data_from_api
[2024-11-13T13:29:40.297+0000] {task_command.py:426} INFO - Running <TaskInstance: fetch_data.fetch_data_from_api manual__2024-11-13T13:29:35.487550+00:00 [running]> on host b51985a4b8f1
[2024-11-13T13:29:40.463+0000] {taskinstance.py:2648} INFO - Exporting env vars: AIRFLOW_CTX_DAG_OWNER='Bich Ly' AIRFLOW_CTX_DAG_ID='fetch_data' AIRFLOW_CTX_TASK_ID='fetch_data_from_api' AIRFLOW_CTX_EXECUTION_DATE='2024-11-13T13:29:35.487550+00:00' AIRFLOW_CTX_TRY_NUMBER='1' AIRFLOW_CTX_DAG_RUN_ID='manual__2024-11-13T13:29:35.487550+00:00'
[2024-11-13T13:29:40.463+0000] {taskinstance.py:430} INFO - ::endgroup::
[2024-11-13T13:29:40.557+0000] {conn.py:380} INFO - <BrokerConnection node_id=bootstrap-0 host=10.0.2.15:9092 <connecting> [IPv4 ('10.0.2.15', 9092)]>: connecting to 10.0.2.15:9092 [('10.0.2.15', 9092) IPv4]
[2024-11-13T13:29:40.567+0000] {conn.py:410} INFO - <BrokerConnection node_id=bootstrap-0 host=10.0.2.15:9092 <connecting> [IPv4 ('10.0.2.15', 9092)]>: Connection complete.
[2024-11-13T13:29:45.850+0000] {airflow_producer.py:121} INFO - Fetched 100 records from API with offset 0
[2024-11-13T13:29:45.924+0000] {conn.py:380} INFO - <BrokerConnection node_id=1 host=10.0.2.15:9092 <connecting> [IPv4 ('10.0.2.15', 9092)]>: connecting to 10.0.2.15:9092 [('10.0.2.15', 9092) IPv4]
[2024-11-13T13:29:45.927+0000] {conn.py:410} INFO - <BrokerConnection node_id=1 host=10.0.2.15:9092 <connecting> [IPv4 ('10.0.2.15', 9092)]>: Connection complete.
[2024-11-13T13:29:45.928+0000] {conn.py:919} INFO - <BrokerConnection node_id=bootstrap-0 host=10.0.2.15:9092 <connected> [IPv4 ('10.0.2.15', 9092)]>: Closing connection. 
[2024-11-13T13:29:45.989+0000] {airflow_producer.py:154} INFO - Streamed 100 records in this batch.
[2024-11-13T13:30:00.954+0000] {airflow_producer.py:121} INFO - Fetched 100 records from API with offset 100
[2024-11-13T13:30:01.083+0000] {airflow_producer.py:154} INFO - Streamed 100 records in this batch.
[2024-11-13T13:30:16.388+0000] {airflow_producer.py:121} INFO - Fetched 100 records from API with offset 200
[2024-11-13T13:30:16.531+0000] {airflow_producer.py:154} INFO - Streamed 100 records in this batch.
[2024-11-13T13:30:31.662+0000] {airflow_producer.py:121} INFO - Fetched 100 records from API with offset 300
[2024-11-13T13:30:31.731+0000] {airflow_producer.py:154} INFO - Streamed 100 records in this batch.
[2024-11-13T13:30:47.526+0000] {airflow_producer.py:121} INFO - Fetched 100 records from API with offset 400
[2024-11-13T13:30:47.639+0000] {airflow_producer.py:154} INFO - Streamed 100 records in this batch.
[2024-11-13T13:31:01.677+0000] {airflow_producer.py:121} INFO - Fetched 100 records from API with offset 500
[2024-11-13T13:31:01.764+0000] {airflow_producer.py:154} INFO - Streamed 100 records in this batch.
[2024-11-13T13:31:18.377+0000] {airflow_producer.py:121} INFO - Fetched 100 records from API with offset 600
[2024-11-13T13:31:19.148+0000] {airflow_producer.py:154} INFO - Streamed 100 records in this batch.
[2024-11-13T13:31:36.510+0000] {airflow_producer.py:121} INFO - Fetched 100 records from API with offset 700
[2024-11-13T13:31:36.591+0000] {airflow_producer.py:154} INFO - Streamed 100 records in this batch.
[2024-11-13T13:31:51.127+0000] {airflow_producer.py:121} INFO - Fetched 100 records from API with offset 800
[2024-11-13T13:31:51.221+0000] {airflow_producer.py:154} INFO - Streamed 100 records in this batch.
[2024-11-13T13:32:05.307+0000] {airflow_producer.py:121} INFO - Fetched 100 records from API with offset 900
[2024-11-13T13:32:05.384+0000] {airflow_producer.py:154} INFO - Streamed 100 records in this batch.
[2024-11-13T13:32:18.343+0000] {airflow_producer.py:121} INFO - Fetched 100 records from API with offset 1000
[2024-11-13T13:32:18.413+0000] {airflow_producer.py:154} INFO - Streamed 100 records in this batch.
[2024-11-13T13:32:33.030+0000] {airflow_producer.py:121} INFO - Fetched 100 records from API with offset 1100
[2024-11-13T13:32:33.096+0000] {airflow_producer.py:154} INFO - Streamed 100 records in this batch.
[2024-11-13T13:32:47.153+0000] {airflow_producer.py:121} INFO - Fetched 100 records from API with offset 1200
[2024-11-13T13:32:47.229+0000] {airflow_producer.py:154} INFO - Streamed 100 records in this batch.
[2024-11-13T13:33:02.184+0000] {airflow_producer.py:121} INFO - Fetched 100 records from API with offset 1300
[2024-11-13T13:33:02.255+0000] {airflow_producer.py:154} INFO - Streamed 100 records in this batch.
[2024-11-13T13:33:16.642+0000] {airflow_producer.py:121} INFO - Fetched 100 records from API with offset 1400
[2024-11-13T13:33:16.699+0000] {airflow_producer.py:154} INFO - Streamed 100 records in this batch.
[2024-11-13T13:33:30.822+0000] {airflow_producer.py:121} INFO - Fetched 100 records from API with offset 1500
[2024-11-13T13:33:30.923+0000] {airflow_producer.py:154} INFO - Streamed 100 records in this batch.
[2024-11-13T13:33:45.667+0000] {local_task_job_runner.py:313} WARNING - State of this instance has been externally set to success. Terminating instance.
[2024-11-13T13:33:45.659+0000] {airflow_producer.py:121} INFO - Fetched 100 records from API with offset 1600
[2024-11-13T13:33:45.681+0000] {local_task_job_runner.py:222} INFO - ::endgroup::
[2024-11-13T13:33:45.692+0000] {process_utils.py:132} INFO - Sending 15 to group 1513. PIDs of all processes in the group: [1513]
[2024-11-13T13:33:45.693+0000] {process_utils.py:87} INFO - Sending the signal 15 to group 1513
[2024-11-13T13:33:45.699+0000] {taskinstance.py:2611} ERROR - Received SIGTERM. Terminating subprocesses.
[2024-11-13T13:33:45.700+0000] {logging_mixin.py:188} WARNING - Exception ignored in: <finalize object at 0x71377f99a7a0; dead>
[2024-11-13T13:33:45.701+0000] {logging_mixin.py:188} WARNING - Traceback (most recent call last):
[2024-11-13T13:33:45.701+0000] {logging_mixin.py:188} WARNING -   File "/usr/local/lib/python3.11/weakref.py", line 590, in __call__
[2024-11-13T13:33:45.709+0000] {logging_mixin.py:188} WARNING -     return info.func(*info.args, **(info.kwargs or {}))
[2024-11-13T13:33:45.714+0000] {logging_mixin.py:188} WARNING -            ^^^^^^^^^^^^^^^^^^^^^^^^^^^^^^^^^^^^^^^^^^^^
[2024-11-13T13:33:45.714+0000] {logging_mixin.py:188} WARNING -   File "/home/***/.local/lib/python3.11/site-packages/urllib3/connectionpool.py", line 1181, in _close_pool_connections
[2024-11-13T13:33:45.726+0000] {logging_mixin.py:188} WARNING -     conn.close()
[2024-11-13T13:33:45.727+0000] {logging_mixin.py:188} WARNING -   File "/home/***/.local/lib/python3.11/site-packages/urllib3/connection.py", line 272, in close
[2024-11-13T13:33:45.728+0000] {logging_mixin.py:188} WARNING -     super().close()
[2024-11-13T13:33:45.729+0000] {logging_mixin.py:188} WARNING -   File "/usr/local/lib/python3.11/http/client.py", line 981, in close
[2024-11-13T13:33:45.733+0000] {logging_mixin.py:188} WARNING -     sock.close()   # close it manually... there may be other refs
[2024-11-13T13:33:45.734+0000] {logging_mixin.py:188} WARNING -     ^^^^^^^^^^^^
[2024-11-13T13:33:45.734+0000] {logging_mixin.py:188} WARNING -   File "/usr/local/lib/python3.11/socket.py", line 503, in close
[2024-11-13T13:33:45.737+0000] {logging_mixin.py:188} WARNING -     self._real_close()
[2024-11-13T13:33:45.737+0000] {logging_mixin.py:188} WARNING -   File "/usr/local/lib/python3.11/ssl.py", line 1373, in _real_close
[2024-11-13T13:33:45.739+0000] {logging_mixin.py:188} WARNING -     super()._real_close()
[2024-11-13T13:33:45.740+0000] {logging_mixin.py:188} WARNING -     ^^^^^^^
[2024-11-13T13:33:45.740+0000] {logging_mixin.py:188} WARNING -   File "/home/***/.local/lib/python3.11/site-packages/***/models/taskinstance.py", line 2613, in signal_handler
[2024-11-13T13:33:45.753+0000] {logging_mixin.py:188} WARNING -     raise AirflowTaskTerminated("Task received SIGTERM signal")
[2024-11-13T13:33:45.753+0000] {logging_mixin.py:188} WARNING - ***.exceptions.AirflowTaskTerminated: Task received SIGTERM signal
[2024-11-13T13:33:45.796+0000] {airflow_producer.py:154} INFO - Streamed 100 records in this batch.
[2024-11-13T13:33:59.840+0000] {airflow_producer.py:121} INFO - Fetched 100 records from API with offset 1700
[2024-11-13T13:33:59.888+0000] {airflow_producer.py:154} INFO - Streamed 100 records in this batch.
[2024-11-13T13:34:14.265+0000] {airflow_producer.py:121} INFO - Fetched 100 records from API with offset 1800
[2024-11-13T13:34:14.310+0000] {airflow_producer.py:154} INFO - Streamed 100 records in this batch.
[2024-11-13T13:34:29.737+0000] {airflow_producer.py:121} INFO - Fetched 100 records from API with offset 1900
[2024-11-13T13:34:29.826+0000] {airflow_producer.py:154} INFO - Streamed 100 records in this batch.
[2024-11-13T13:34:45.651+0000] {airflow_producer.py:121} INFO - Fetched 100 records from API with offset 2000
[2024-11-13T13:34:45.739+0000] {process_utils.py:150} WARNING - process psutil.Process(pid=1513, name='airflow task ru', status='sleeping', started='13:29:40') did not respond to SIGTERM. Trying SIGKILL
[2024-11-13T13:34:45.748+0000] {process_utils.py:87} INFO - Sending the signal 9 to group 1513
[2024-11-13T13:34:45.818+0000] {process_utils.py:80} INFO - Process psutil.Process(pid=1513, name='airflow task ru', status='terminated', exitcode=<Negsignal.SIGKILL: -9>, started='13:29:40') (1513) terminated with exit code -9
[2024-11-13T13:34:45.823+0000] {standard_task_runner.py:176} ERROR - ('Job 701 was killed before it finished (likely due to running out of memory)', 'For more information, see https://***.apache.org/docs/apache-***/stable/troubleshooting.html#LocalTaskJob-killed')
