[2024-11-01T08:39:50.178+0000] {local_task_job_runner.py:120} INFO - ::group::Pre task execution logs
[2024-11-01T08:39:50.486+0000] {taskinstance.py:2076} INFO - Dependencies all met for dep_context=non-requeueable deps ti=<TaskInstance: sensor_data_consumer.sensor_data_consumer manual__2024-11-01T08:39:42.210700+00:00 [queued]>
[2024-11-01T08:39:50.522+0000] {taskinstance.py:2076} INFO - Dependencies all met for dep_context=requeueable deps ti=<TaskInstance: sensor_data_consumer.sensor_data_consumer manual__2024-11-01T08:39:42.210700+00:00 [queued]>
[2024-11-01T08:39:50.523+0000] {taskinstance.py:2306} INFO - Starting attempt 1 of 1
[2024-11-01T08:39:50.577+0000] {taskinstance.py:2330} INFO - Executing <Task(SparkSubmitOperator): sensor_data_consumer> on 2024-11-01 08:39:42.210700+00:00
[2024-11-01T08:39:50.694+0000] {standard_task_runner.py:64} INFO - Started process 1692 to run task
[2024-11-01T08:39:50.908+0000] {standard_task_runner.py:90} INFO - Running: ['***', 'tasks', 'run', 'sensor_data_consumer', 'sensor_data_consumer', 'manual__2024-11-01T08:39:42.210700+00:00', '--job-id', '320', '--raw', '--subdir', 'DAGS_FOLDER/***_consumer.py', '--cfg-path', '/tmp/tmpfxslrsm7']
[2024-11-01T08:39:51.050+0000] {standard_task_runner.py:91} INFO - Job 320: Subtask sensor_data_consumer
[2024-11-01T08:39:52.622+0000] {task_command.py:426} INFO - Running <TaskInstance: sensor_data_consumer.sensor_data_consumer manual__2024-11-01T08:39:42.210700+00:00 [running]> on host 458d68760919
[2024-11-01T08:39:53.275+0000] {taskinstance.py:2648} INFO - Exporting env vars: AIRFLOW_CTX_DAG_OWNER='Bich Ly' AIRFLOW_CTX_DAG_ID='sensor_data_consumer' AIRFLOW_CTX_TASK_ID='sensor_data_consumer' AIRFLOW_CTX_EXECUTION_DATE='2024-11-01T08:39:42.210700+00:00' AIRFLOW_CTX_TRY_NUMBER='1' AIRFLOW_CTX_DAG_RUN_ID='manual__2024-11-01T08:39:42.210700+00:00'
[2024-11-01T08:39:53.295+0000] {taskinstance.py:430} INFO - ::endgroup::
[2024-11-01T08:39:53.394+0000] {base.py:84} INFO - Using connection ID 'spark_default' for task execution.
[2024-11-01T08:39:53.395+0000] {spark_submit.py:344} INFO - Spark-Submit cmd: spark-submit --master spark://spark-master:7077 --name KafkaSparkHDFS /opt/***/dags/spark_streaming_job.py
[2024-11-01T08:42:37.785+0000] {spark_submit.py:495} INFO - 24/11/01 08:42:37 INFO SparkContext: Running Spark version 3.4.2
[2024-11-01T08:42:50.081+0000] {spark_submit.py:495} INFO - 24/11/01 08:42:50 WARN NativeCodeLoader: Unable to load native-hadoop library for your platform... using builtin-java classes where applicable
[2024-11-01T08:43:04.039+0000] {spark_submit.py:495} INFO - 24/11/01 08:43:04 INFO ResourceUtils: ==============================================================
[2024-11-01T08:43:04.049+0000] {spark_submit.py:495} INFO - 24/11/01 08:43:04 INFO ResourceUtils: No custom resources configured for spark.driver.
[2024-11-01T08:43:04.065+0000] {spark_submit.py:495} INFO - 24/11/01 08:43:04 INFO ResourceUtils: ==============================================================
[2024-11-01T08:43:04.067+0000] {spark_submit.py:495} INFO - 24/11/01 08:43:04 INFO SparkContext: Submitted application: KafkaSparkStreaming
[2024-11-01T08:43:04.607+0000] {spark_submit.py:495} INFO - 24/11/01 08:43:04 INFO ResourceProfile: Default ResourceProfile created, executor resources: Map(memory -> name: memory, amount: 1024, script: , vendor: , offHeap -> name: offHeap, amount: 0, script: , vendor: ), task resources: Map(cpus -> name: cpus, amount: 1.0)
[2024-11-01T08:43:04.670+0000] {spark_submit.py:495} INFO - 24/11/01 08:43:04 INFO ResourceProfile: Limiting resource is cpu
[2024-11-01T08:43:04.682+0000] {spark_submit.py:495} INFO - 24/11/01 08:43:04 INFO ResourceProfileManager: Added ResourceProfile id: 0
[2024-11-01T08:43:16.972+0000] {spark_submit.py:495} INFO - 24/11/01 08:43:16 INFO SecurityManager: Changing view acls to: ***
[2024-11-01T08:43:17.413+0000] {spark_submit.py:495} INFO - 24/11/01 08:43:17 INFO SecurityManager: Changing modify acls to: ***
[2024-11-01T08:43:17.481+0000] {spark_submit.py:495} INFO - 24/11/01 08:43:17 INFO SecurityManager: Changing view acls groups to:
[2024-11-01T08:43:17.483+0000] {spark_submit.py:495} INFO - 24/11/01 08:43:17 INFO SecurityManager: Changing modify acls groups to:
[2024-11-01T08:43:18.007+0000] {spark_submit.py:495} INFO - 24/11/01 08:43:17 INFO SecurityManager: SecurityManager: authentication disabled; ui acls disabled; users with view permissions: ***; groups with view permissions: EMPTY; users with modify permissions: ***; groups with modify permissions: EMPTY
[2024-11-01T08:43:35.286+0000] {spark_submit.py:495} INFO - 24/11/01 08:43:35 INFO Utils: Successfully started service 'sparkDriver' on port 36967.
[2024-11-01T08:43:37.738+0000] {spark_submit.py:495} INFO - 24/11/01 08:43:37 INFO SparkEnv: Registering MapOutputTracker
[2024-11-01T08:43:39.164+0000] {spark_submit.py:495} INFO - 24/11/01 08:43:39 INFO SparkEnv: Registering BlockManagerMaster
[2024-11-01T08:43:40.339+0000] {spark_submit.py:495} INFO - 24/11/01 08:43:40 INFO BlockManagerMasterEndpoint: Using org.apache.spark.storage.DefaultTopologyMapper for getting topology information
[2024-11-01T08:43:40.341+0000] {spark_submit.py:495} INFO - 24/11/01 08:43:40 INFO BlockManagerMasterEndpoint: BlockManagerMasterEndpoint up
[2024-11-01T08:43:40.674+0000] {spark_submit.py:495} INFO - 24/11/01 08:43:40 INFO SparkEnv: Registering BlockManagerMasterHeartbeat
[2024-11-01T08:43:41.510+0000] {spark_submit.py:495} INFO - 24/11/01 08:43:41 INFO DiskBlockManager: Created local directory at /tmp/blockmgr-63ed729e-b5bc-4dfa-ae9b-800dc17a9829
[2024-11-01T08:43:42.139+0000] {spark_submit.py:495} INFO - 24/11/01 08:43:41 INFO MemoryStore: MemoryStore started with capacity 434.4 MiB
[2024-11-01T08:43:42.449+0000] {spark_submit.py:495} INFO - 24/11/01 08:43:42 INFO SparkEnv: Registering OutputCommitCoordinator
[2024-11-01T08:43:44.616+0000] {spark_submit.py:495} INFO - 24/11/01 08:43:44 INFO JettyUtils: Start Jetty 0.0.0.0:4040 for SparkUI
[2024-11-01T08:43:45.644+0000] {spark_submit.py:495} INFO - 24/11/01 08:43:45 INFO Utils: Successfully started service 'SparkUI' on port 4040.
[2024-11-01T08:43:46.924+0000] {spark_submit.py:495} INFO - 24/11/01 08:43:46 INFO StandaloneAppClient$ClientEndpoint: Connecting to master spark://spark-master:7077...
[2024-11-01T08:43:47.745+0000] {spark_submit.py:495} INFO - 24/11/01 08:43:47 INFO TransportClientFactory: Successfully created connection to spark-master/172.22.0.3:7077 after 417 ms (0 ms spent in bootstraps)
[2024-11-01T08:43:52.084+0000] {spark_submit.py:495} INFO - 24/11/01 08:43:52 INFO StandaloneSchedulerBackend: Connected to Spark cluster with app ID app-20241101084350-0000
[2024-11-01T08:43:52.226+0000] {spark_submit.py:495} INFO - 24/11/01 08:43:52 INFO Utils: Successfully started service 'org.apache.spark.network.netty.NettyBlockTransferService' on port 40531.
[2024-11-01T08:43:52.255+0000] {spark_submit.py:495} INFO - 24/11/01 08:43:52 INFO NettyBlockTransferService: Server created on 458d68760919:40531
[2024-11-01T08:43:52.333+0000] {spark_submit.py:495} INFO - 24/11/01 08:43:52 INFO BlockManager: Using org.apache.spark.storage.RandomBlockReplicationPolicy for block replication policy
[2024-11-01T08:43:52.417+0000] {spark_submit.py:495} INFO - 24/11/01 08:43:52 INFO BlockManagerMaster: Registering BlockManager BlockManagerId(driver, 458d68760919, 40531, None)
[2024-11-01T08:43:52.605+0000] {spark_submit.py:495} INFO - 24/11/01 08:43:52 INFO BlockManagerMasterEndpoint: Registering block manager 458d68760919:40531 with 434.4 MiB RAM, BlockManagerId(driver, 458d68760919, 40531, None)
[2024-11-01T08:43:52.649+0000] {spark_submit.py:495} INFO - 24/11/01 08:43:52 INFO BlockManagerMaster: Registered BlockManager BlockManagerId(driver, 458d68760919, 40531, None)
[2024-11-01T08:43:52.723+0000] {spark_submit.py:495} INFO - 24/11/01 08:43:52 INFO BlockManager: Initialized BlockManager: BlockManagerId(driver, 458d68760919, 40531, None)
[2024-11-01T08:43:52.948+0000] {spark_submit.py:495} INFO - 24/11/01 08:43:52 INFO StandaloneAppClient$ClientEndpoint: Executor added: app-20241101084350-0000/0 on worker-20241101075251-172.22.0.4-41547 (172.22.0.4:41547) with 1 core(s)
[2024-11-01T08:43:53.078+0000] {spark_submit.py:495} INFO - 24/11/01 08:43:53 INFO StandaloneSchedulerBackend: Granted executor ID app-20241101084350-0000/0 on hostPort 172.22.0.4:41547 with 1 core(s), 1024.0 MiB RAM
[2024-11-01T08:44:03.101+0000] {spark_submit.py:495} INFO - 24/11/01 08:44:02 INFO AsyncEventQueue: Process of event SparkListenerResourceProfileAdded(Profile: id = 0, executor resources: memory -> name: memory, amount: 1024, script: , vendor: ,offHeap -> name: offHeap, amount: 0, script: , vendor: , task resources: cpus -> name: cpus, amount: 1.0) by listener AppStatusListener took 1.558220694s.
[2024-11-01T08:44:03.152+0000] {spark_submit.py:495} INFO - 24/11/01 08:44:03 INFO StandaloneAppClient$ClientEndpoint: Executor updated: app-20241101084350-0000/0 is now RUNNING
[2024-11-01T08:44:03.766+0000] {spark_submit.py:495} INFO - 24/11/01 08:44:03 INFO StandaloneSchedulerBackend: SchedulerBackend is ready for scheduling beginning after reached minRegisteredResourcesRatio: 0.0
[2024-11-01T08:44:11.161+0000] {spark_submit.py:495} INFO - 24/11/01 08:44:11 INFO SharedState: Setting hive.metastore.warehouse.dir ('null') to the value of spark.sql.warehouse.dir.
[2024-11-01T08:44:11.820+0000] {spark_submit.py:495} INFO - 24/11/01 08:44:11 INFO SharedState: Warehouse path is 'file:/opt/***/spark-warehouse'.
[2024-11-01T08:45:03.684+0000] {spark_submit.py:495} INFO - Traceback (most recent call last):
[2024-11-01T08:45:03.707+0000] {spark_submit.py:495} INFO - File "/opt/***/dags/spark_streaming_job.py", line 42, in <module>
[2024-11-01T08:45:03.708+0000] {spark_submit.py:495} INFO - spark_streaming_job()
[2024-11-01T08:45:03.708+0000] {spark_submit.py:495} INFO - File "/opt/***/dags/spark_streaming_job.py", line 25, in spark_streaming_job
[2024-11-01T08:45:03.709+0000] {spark_submit.py:495} INFO - .load()
[2024-11-01T08:45:03.709+0000] {spark_submit.py:495} INFO - ^^^^^^
[2024-11-01T08:45:03.787+0000] {spark_submit.py:495} INFO - File "/home/***/.local/lib/python3.11/site-packages/pyspark/python/lib/pyspark.zip/pyspark/sql/streaming/readwriter.py", line 277, in load
[2024-11-01T08:45:03.880+0000] {spark_submit.py:495} INFO - File "/home/***/.local/lib/python3.11/site-packages/pyspark/python/lib/py4j-0.10.9.7-src.zip/py4j/java_gateway.py", line 1322, in __call__
[2024-11-01T08:45:03.946+0000] {spark_submit.py:495} INFO - File "/home/***/.local/lib/python3.11/site-packages/pyspark/python/lib/pyspark.zip/pyspark/errors/exceptions/captured.py", line 175, in deco
[2024-11-01T08:45:04.266+0000] {spark_submit.py:495} INFO - pyspark.errors.exceptions.captured.AnalysisException: Failed to find data source: kafka. Please deploy the application as per the deployment section of Structured Streaming + Kafka Integration Guide.
[2024-11-01T08:45:07.173+0000] {spark_submit.py:495} INFO - 24/11/01 08:45:07 INFO SparkContext: Invoking stop() from shutdown hook
[2024-11-01T08:45:07.181+0000] {spark_submit.py:495} INFO - 24/11/01 08:45:07 INFO SparkContext: SparkContext is stopping with exitCode 0.
[2024-11-01T08:45:08.393+0000] {spark_submit.py:495} INFO - 24/11/01 08:45:08 INFO SparkUI: Stopped Spark web UI at http://458d68760919:4040
[2024-11-01T08:45:09.301+0000] {spark_submit.py:495} INFO - 24/11/01 08:45:09 INFO StandaloneSchedulerBackend: Shutting down all executors
[2024-11-01T08:45:10.750+0000] {spark_submit.py:495} INFO - 24/11/01 08:45:10 INFO StandaloneSchedulerBackend$StandaloneDriverEndpoint: Asking each executor to shut down
[2024-11-01T08:45:12.810+0000] {spark_submit.py:495} INFO - 24/11/01 08:45:12 INFO MapOutputTrackerMasterEndpoint: MapOutputTrackerMasterEndpoint stopped!
[2024-11-01T08:45:14.812+0000] {spark_submit.py:495} INFO - 24/11/01 08:45:14 INFO MemoryStore: MemoryStore cleared
[2024-11-01T08:45:14.822+0000] {spark_submit.py:495} INFO - 24/11/01 08:45:14 INFO BlockManager: BlockManager stopped
[2024-11-01T08:45:15.484+0000] {spark_submit.py:495} INFO - 24/11/01 08:45:15 INFO BlockManagerMaster: BlockManagerMaster stopped
[2024-11-01T08:45:15.895+0000] {spark_submit.py:495} INFO - 24/11/01 08:45:15 INFO OutputCommitCoordinator$OutputCommitCoordinatorEndpoint: OutputCommitCoordinator stopped!
[2024-11-01T08:45:17.058+0000] {spark_submit.py:495} INFO - 24/11/01 08:45:17 INFO SparkContext: Successfully stopped SparkContext
[2024-11-01T08:45:17.066+0000] {spark_submit.py:495} INFO - 24/11/01 08:45:17 INFO ShutdownHookManager: Shutdown hook called
[2024-11-01T08:45:17.156+0000] {spark_submit.py:495} INFO - 24/11/01 08:45:17 INFO ShutdownHookManager: Deleting directory /tmp/spark-11ac3b69-acfb-4e8c-bf29-fc6f201447eb
[2024-11-01T08:45:17.243+0000] {spark_submit.py:495} INFO - 24/11/01 08:45:17 INFO ShutdownHookManager: Deleting directory /tmp/spark-d3ae75fb-3ab4-4512-ad01-498c23085bbf
[2024-11-01T08:45:18.003+0000] {spark_submit.py:495} INFO - 24/11/01 08:45:17 INFO ShutdownHookManager: Deleting directory /tmp/spark-11ac3b69-acfb-4e8c-bf29-fc6f201447eb/pyspark-167cbafd-e16b-4925-b4f3-e4d874f45b9b
[2024-11-01T08:45:19.694+0000] {taskinstance.py:441} INFO - ::group::Post task execution logs
[2024-11-01T08:45:19.844+0000] {taskinstance.py:2905} ERROR - Task failed with exception
Traceback (most recent call last):
  File "/home/airflow/.local/lib/python3.11/site-packages/airflow/models/taskinstance.py", line 465, in _execute_task
    result = _execute_callable(context=context, **execute_callable_kwargs)
             ^^^^^^^^^^^^^^^^^^^^^^^^^^^^^^^^^^^^^^^^^^^^^^^^^^^^^^^^^^^^^
  File "/home/airflow/.local/lib/python3.11/site-packages/airflow/models/taskinstance.py", line 432, in _execute_callable
    return execute_callable(context=context, **execute_callable_kwargs)
           ^^^^^^^^^^^^^^^^^^^^^^^^^^^^^^^^^^^^^^^^^^^^^^^^^^^^^^^^^^^^
  File "/home/airflow/.local/lib/python3.11/site-packages/airflow/models/baseoperator.py", line 401, in wrapper
    return func(self, *args, **kwargs)
           ^^^^^^^^^^^^^^^^^^^^^^^^^^^
  File "/home/airflow/.local/lib/python3.11/site-packages/airflow/providers/apache/spark/operators/spark_submit.py", line 157, in execute
    self._hook.submit(self._application)
  File "/home/airflow/.local/lib/python3.11/site-packages/airflow/providers/apache/spark/hooks/spark_submit.py", line 426, in submit
    raise AirflowException(
airflow.exceptions.AirflowException: Cannot execute: spark-submit --master spark://spark-master:7077 --name KafkaSparkHDFS /opt/***/dags/spark_streaming_job.py. Error code is: 1.
[2024-11-01T08:45:19.921+0000] {taskinstance.py:1206} INFO - Marking task as FAILED. dag_id=sensor_data_consumer, task_id=sensor_data_consumer, run_id=manual__2024-11-01T08:39:42.210700+00:00, execution_date=20241101T083942, start_date=20241101T083950, end_date=20241101T084519
[2024-11-01T08:45:20.448+0000] {standard_task_runner.py:110} ERROR - Failed to execute job 320 for task sensor_data_consumer (Cannot execute: spark-submit --master spark://spark-master:7077 --name KafkaSparkHDFS /opt/***/dags/spark_streaming_job.py. Error code is: 1.; 1692)
[2024-11-01T08:45:20.613+0000] {local_task_job_runner.py:243} INFO - Task exited with return code 1
[2024-11-01T08:45:20.982+0000] {taskinstance.py:3503} INFO - 0 downstream tasks scheduled from follow-on schedule check
[2024-11-01T08:45:21.032+0000] {local_task_job_runner.py:222} INFO - ::endgroup::
