[2024-11-03T09:42:44.759+0000] {local_task_job_runner.py:120} INFO - ::group::Pre task execution logs
[2024-11-03T09:42:44.877+0000] {taskinstance.py:2076} INFO - Dependencies all met for dep_context=non-requeueable deps ti=<TaskInstance: sensor_data_consumer.sensor_data_consumer manual__2024-11-03T09:42:27.985010+00:00 [queued]>
[2024-11-03T09:42:44.905+0000] {taskinstance.py:2076} INFO - Dependencies all met for dep_context=requeueable deps ti=<TaskInstance: sensor_data_consumer.sensor_data_consumer manual__2024-11-03T09:42:27.985010+00:00 [queued]>
[2024-11-03T09:42:44.907+0000] {taskinstance.py:2306} INFO - Starting attempt 1 of 1
[2024-11-03T09:42:44.957+0000] {taskinstance.py:2330} INFO - Executing <Task(SparkSubmitOperator): sensor_data_consumer> on 2024-11-03 09:42:27.985010+00:00
[2024-11-03T09:42:44.979+0000] {standard_task_runner.py:64} INFO - Started process 3402 to run task
[2024-11-03T09:42:44.990+0000] {standard_task_runner.py:90} INFO - Running: ['***', 'tasks', 'run', 'sensor_data_consumer', 'sensor_data_consumer', 'manual__2024-11-03T09:42:27.985010+00:00', '--job-id', '166', '--raw', '--subdir', 'DAGS_FOLDER/***_consumer.py', '--cfg-path', '/tmp/tmpire50lm0']
[2024-11-03T09:42:45.002+0000] {standard_task_runner.py:91} INFO - Job 166: Subtask sensor_data_consumer
[2024-11-03T09:42:45.578+0000] {task_command.py:426} INFO - Running <TaskInstance: sensor_data_consumer.sensor_data_consumer manual__2024-11-03T09:42:27.985010+00:00 [running]> on host 7d9160448bdc
[2024-11-03T09:42:45.903+0000] {taskinstance.py:2648} INFO - Exporting env vars: AIRFLOW_CTX_DAG_OWNER='Bich Ly' AIRFLOW_CTX_DAG_ID='sensor_data_consumer' AIRFLOW_CTX_TASK_ID='sensor_data_consumer' AIRFLOW_CTX_EXECUTION_DATE='2024-11-03T09:42:27.985010+00:00' AIRFLOW_CTX_TRY_NUMBER='1' AIRFLOW_CTX_DAG_RUN_ID='manual__2024-11-03T09:42:27.985010+00:00'
[2024-11-03T09:42:45.912+0000] {taskinstance.py:430} INFO - ::endgroup::
[2024-11-03T09:42:45.976+0000] {spark_submit.py:222} INFO - Could not load connection string spark_default, defaulting to yarn
[2024-11-03T09:42:45.980+0000] {spark_submit.py:344} INFO - Spark-Submit cmd: spark-submit --master yarn --conf spark.yarn.appMasterEnv.HADOOP_CONF_DIR=/opt/hadoop-3.2.1/etc/hadoop --packages org.apache.spark:spark-streaming-kafka-0-10_2.12:3.4.2,org.apache.spark:spark-sql-kafka-0-10_2.12:3.4.2,org.apache.hadoop:hadoop-client:3.2.1 --name KafkaSparkHDFS /opt/***/dags/spark_streaming_job.py
[2024-11-03T09:42:58.910+0000] {spark_submit.py:495} INFO - :: loading settings :: url = jar:file:/home/***/.local/lib/python3.11/site-packages/pyspark/jars/ivy-2.5.1.jar!/org/apache/ivy/core/settings/ivysettings.xml
[2024-11-03T09:42:59.863+0000] {spark_submit.py:495} INFO - Ivy Default Cache set to: /home/***/.ivy2/cache
[2024-11-03T09:42:59.869+0000] {spark_submit.py:495} INFO - The jars for the packages stored in: /home/***/.ivy2/jars
[2024-11-03T09:43:00.040+0000] {spark_submit.py:495} INFO - org.apache.spark#spark-streaming-kafka-0-10_2.12 added as a dependency
[2024-11-03T09:43:00.041+0000] {spark_submit.py:495} INFO - org.apache.spark#spark-sql-kafka-0-10_2.12 added as a dependency
[2024-11-03T09:43:00.042+0000] {spark_submit.py:495} INFO - org.apache.hadoop#hadoop-client added as a dependency
[2024-11-03T09:43:00.052+0000] {spark_submit.py:495} INFO - :: resolving dependencies :: org.apache.spark#spark-submit-parent-7bc9ea77-2614-4707-8fd6-9e36ffa8040b;1.0
[2024-11-03T09:43:00.055+0000] {spark_submit.py:495} INFO - confs: [default]
[2024-11-03T09:43:02.378+0000] {spark_submit.py:495} INFO - found org.apache.spark#spark-streaming-kafka-0-10_2.12;3.4.2 in central
[2024-11-03T09:43:03.302+0000] {spark_submit.py:495} INFO - found org.apache.spark#spark-token-provider-kafka-0-10_2.12;3.4.2 in central
[2024-11-03T09:43:03.549+0000] {spark_submit.py:495} INFO - found org.apache.kafka#kafka-clients;3.3.2 in central
[2024-11-03T09:43:03.667+0000] {spark_submit.py:495} INFO - found org.lz4#lz4-java;1.8.0 in central
[2024-11-03T09:43:03.903+0000] {spark_submit.py:495} INFO - found org.xerial.snappy#snappy-java;1.1.10.3 in central
[2024-11-03T09:43:03.967+0000] {spark_submit.py:495} INFO - found org.slf4j#slf4j-api;2.0.6 in central
[2024-11-03T09:43:04.083+0000] {spark_submit.py:495} INFO - found org.apache.hadoop#hadoop-client-runtime;3.3.4 in central
[2024-11-03T09:43:04.647+0000] {spark_submit.py:495} INFO - found org.apache.hadoop#hadoop-client-api;3.3.4 in central
[2024-11-03T09:43:04.952+0000] {spark_submit.py:495} INFO - found commons-logging#commons-logging;1.1.3 in central
[2024-11-03T09:43:05.257+0000] {spark_submit.py:495} INFO - found com.google.code.findbugs#jsr305;3.0.0 in central
[2024-11-03T09:43:06.674+0000] {spark_submit.py:495} INFO - found org.apache.spark#spark-sql-kafka-0-10_2.12;3.4.2 in central
[2024-11-03T09:43:07.419+0000] {spark_submit.py:495} INFO - found org.apache.commons#commons-pool2;2.11.1 in central
[2024-11-03T09:43:09.064+0000] {spark_submit.py:495} INFO - found org.apache.hadoop#hadoop-client;3.2.1 in central
[2024-11-03T09:43:09.322+0000] {spark_submit.py:495} INFO - found org.apache.hadoop#hadoop-common;3.2.1 in central
[2024-11-03T09:43:11.160+0000] {spark_submit.py:495} INFO - found org.apache.hadoop#hadoop-annotations;3.2.1 in central
[2024-11-03T09:43:11.634+0000] {spark_submit.py:495} INFO - found com.google.guava#guava;27.0-jre in central
[2024-11-03T09:43:12.003+0000] {spark_submit.py:495} INFO - found com.google.guava#failureaccess;1.0 in central
[2024-11-03T09:43:12.996+0000] {spark_submit.py:495} INFO - found com.google.guava#listenablefuture;9999.0-empty-to-avoid-conflict-with-guava in central
[2024-11-03T09:43:13.382+0000] {spark_submit.py:495} INFO - found org.checkerframework#checker-qual;2.5.2 in central
[2024-11-03T09:43:14.290+0000] {spark_submit.py:495} INFO - found com.google.errorprone#error_prone_annotations;2.2.0 in central
[2024-11-03T09:43:14.582+0000] {spark_submit.py:495} INFO - found com.google.j2objc#j2objc-annotations;1.1 in central
[2024-11-03T09:43:14.989+0000] {spark_submit.py:495} INFO - found org.codehaus.mojo#animal-sniffer-annotations;1.17 in central
[2024-11-03T09:43:15.055+0000] {spark_submit.py:495} INFO - found commons-cli#commons-cli;1.2 in central
[2024-11-03T09:43:15.058+0000] {spark_submit.py:495} INFO - found org.apache.commons#commons-math3;3.1.1 in central
[2024-11-03T09:43:15.364+0000] {spark_submit.py:495} INFO - found org.apache.httpcomponents#httpclient;4.5.6 in central
[2024-11-03T09:43:15.650+0000] {spark_submit.py:495} INFO - found org.apache.httpcomponents#httpcore;4.4.10 in central
[2024-11-03T09:43:15.742+0000] {spark_submit.py:495} INFO - found commons-codec#commons-codec;1.11 in central
[2024-11-03T09:43:16.447+0000] {spark_submit.py:495} INFO - found commons-io#commons-io;2.5 in central
[2024-11-03T09:43:17.314+0000] {spark_submit.py:495} INFO - found commons-net#commons-net;3.6 in central
[2024-11-03T09:43:17.530+0000] {spark_submit.py:495} INFO - found commons-collections#commons-collections;3.2.2 in central
[2024-11-03T09:43:17.780+0000] {spark_submit.py:495} INFO - found org.eclipse.jetty#jetty-servlet;9.3.24.v20180605 in central
[2024-11-03T09:43:18.088+0000] {spark_submit.py:495} INFO - found org.eclipse.jetty#jetty-security;9.3.24.v20180605 in central
[2024-11-03T09:43:18.798+0000] {spark_submit.py:495} INFO - found org.eclipse.jetty#jetty-webapp;9.3.24.v20180605 in central
[2024-11-03T09:43:18.888+0000] {spark_submit.py:495} INFO - found org.eclipse.jetty#jetty-xml;9.3.24.v20180605 in central
[2024-11-03T09:43:18.924+0000] {spark_submit.py:495} INFO - found com.sun.jersey#jersey-servlet;1.19 in central
[2024-11-03T09:43:19.097+0000] {spark_submit.py:495} INFO - found log4j#log4j;1.2.17 in central
[2024-11-03T09:43:19.167+0000] {spark_submit.py:495} INFO - found commons-beanutils#commons-beanutils;1.9.3 in central
[2024-11-03T09:43:19.303+0000] {spark_submit.py:495} INFO - found org.apache.commons#commons-configuration2;2.1.1 in central
[2024-11-03T09:43:19.486+0000] {spark_submit.py:495} INFO - found org.apache.commons#commons-lang3;3.7 in central
[2024-11-03T09:43:19.578+0000] {spark_submit.py:495} INFO - found org.apache.commons#commons-text;1.4 in central
[2024-11-03T09:43:20.763+0000] {spark_submit.py:495} INFO - found org.apache.avro#avro;1.7.7 in central
[2024-11-03T09:43:20.994+0000] {spark_submit.py:495} INFO - found org.codehaus.jackson#jackson-core-asl;1.9.13 in central
[2024-11-03T09:43:21.066+0000] {spark_submit.py:495} INFO - found org.codehaus.jackson#jackson-mapper-asl;1.9.13 in central
[2024-11-03T09:43:21.235+0000] {spark_submit.py:495} INFO - found com.thoughtworks.paranamer#paranamer;2.3 in central
[2024-11-03T09:43:21.236+0000] {spark_submit.py:495} INFO - found org.apache.commons#commons-compress;1.18 in central
[2024-11-03T09:43:21.283+0000] {spark_submit.py:495} INFO - found com.google.re2j#re2j;1.1 in central
[2024-11-03T09:43:21.513+0000] {spark_submit.py:495} INFO - found com.google.protobuf#protobuf-java;2.5.0 in central
[2024-11-03T09:43:21.586+0000] {spark_submit.py:495} INFO - found com.google.code.gson#gson;2.2.4 in central
[2024-11-03T09:43:21.770+0000] {spark_submit.py:495} INFO - found org.apache.hadoop#hadoop-auth;3.2.1 in central
[2024-11-03T09:43:21.857+0000] {spark_submit.py:495} INFO - found com.nimbusds#nimbus-jose-jwt;4.41.1 in central
[2024-11-03T09:43:22.424+0000] {spark_submit.py:495} INFO - found com.github.stephenc.jcip#jcip-annotations;1.0-1 in central
[2024-11-03T09:43:23.210+0000] {spark_submit.py:495} INFO - found net.minidev#json-smart;2.3 in central
[2024-11-03T09:43:23.890+0000] {spark_submit.py:495} INFO - found net.minidev#accessors-smart;1.2 in central
[2024-11-03T09:43:24.290+0000] {spark_submit.py:495} INFO - found org.ow2.asm#asm;5.0.4 in central
[2024-11-03T09:43:24.370+0000] {spark_submit.py:495} INFO - found org.apache.curator#curator-framework;2.13.0 in central
[2024-11-03T09:43:24.475+0000] {spark_submit.py:495} INFO - found org.apache.curator#curator-client;2.13.0 in central
[2024-11-03T09:43:25.079+0000] {spark_submit.py:495} INFO - found org.apache.kerby#kerb-simplekdc;1.0.1 in central
[2024-11-03T09:43:25.526+0000] {spark_submit.py:495} INFO - found org.apache.kerby#kerb-client;1.0.1 in central
[2024-11-03T09:43:25.572+0000] {spark_submit.py:495} INFO - found org.apache.kerby#kerby-config;1.0.1 in central
[2024-11-03T09:43:25.647+0000] {spark_submit.py:495} INFO - found org.apache.kerby#kerb-core;1.0.1 in central
[2024-11-03T09:43:25.778+0000] {spark_submit.py:495} INFO - found org.apache.kerby#kerby-pkix;1.0.1 in central
[2024-11-03T09:43:26.064+0000] {spark_submit.py:495} INFO - found org.apache.kerby#kerby-asn1;1.0.1 in central
[2024-11-03T09:43:26.416+0000] {spark_submit.py:495} INFO - found org.apache.kerby#kerby-util;1.0.1 in central
[2024-11-03T09:43:26.824+0000] {spark_submit.py:495} INFO - found org.apache.kerby#kerb-common;1.0.1 in central
[2024-11-03T09:43:27.025+0000] {spark_submit.py:495} INFO - found org.apache.kerby#kerb-crypto;1.0.1 in central
[2024-11-03T09:43:27.082+0000] {spark_submit.py:495} INFO - found org.apache.kerby#kerb-util;1.0.1 in central
[2024-11-03T09:43:27.212+0000] {spark_submit.py:495} INFO - found org.apache.kerby#token-provider;1.0.1 in central
[2024-11-03T09:43:27.578+0000] {spark_submit.py:495} INFO - found org.apache.kerby#kerb-admin;1.0.1 in central
[2024-11-03T09:43:27.782+0000] {spark_submit.py:495} INFO - found org.apache.kerby#kerb-server;1.0.1 in central
[2024-11-03T09:43:27.928+0000] {spark_submit.py:495} INFO - found org.apache.kerby#kerb-identity;1.0.1 in central
[2024-11-03T09:43:28.141+0000] {spark_submit.py:495} INFO - found org.apache.kerby#kerby-xdr;1.0.1 in central
[2024-11-03T09:43:28.377+0000] {spark_submit.py:495} INFO - found org.apache.curator#curator-recipes;2.13.0 in central
[2024-11-03T09:43:28.739+0000] {spark_submit.py:495} INFO - found org.apache.htrace#htrace-core4;4.1.0-incubating in central
[2024-11-03T09:43:28.776+0000] {spark_submit.py:495} INFO - found com.fasterxml.jackson.core#jackson-databind;2.9.8 in central
[2024-11-03T09:43:28.856+0000] {spark_submit.py:495} INFO - found com.fasterxml.jackson.core#jackson-annotations;2.9.8 in central
[2024-11-03T09:43:28.884+0000] {spark_submit.py:495} INFO - found com.fasterxml.jackson.core#jackson-core;2.9.8 in central
[2024-11-03T09:43:29.198+0000] {spark_submit.py:495} INFO - found org.codehaus.woodstox#stax2-api;3.1.4 in central
[2024-11-03T09:43:29.677+0000] {spark_submit.py:495} INFO - found com.fasterxml.woodstox#woodstox-core;5.0.3 in central
[2024-11-03T09:43:30.107+0000] {spark_submit.py:495} INFO - found dnsjava#dnsjava;2.1.7 in central
[2024-11-03T09:43:30.785+0000] {spark_submit.py:495} INFO - found javax.servlet.jsp#jsp-api;2.1 in central
[2024-11-03T09:43:31.206+0000] {spark_submit.py:495} INFO - found org.apache.hadoop#hadoop-hdfs-client;3.2.1 in central
[2024-11-03T09:43:31.315+0000] {spark_submit.py:495} INFO - found com.squareup.okhttp#okhttp;2.7.5 in central
[2024-11-03T09:43:31.335+0000] {spark_submit.py:495} INFO - found com.squareup.okio#okio;1.6.0 in central
[2024-11-03T09:43:31.368+0000] {spark_submit.py:495} INFO - found org.apache.hadoop#hadoop-yarn-api;3.2.1 in central
[2024-11-03T09:43:31.392+0000] {spark_submit.py:495} INFO - found javax.xml.bind#jaxb-api;2.2.11 in central
[2024-11-03T09:43:31.438+0000] {spark_submit.py:495} INFO - found org.apache.hadoop#hadoop-yarn-client;3.2.1 in central
[2024-11-03T09:43:31.709+0000] {spark_submit.py:495} INFO - found org.apache.hadoop#hadoop-mapreduce-client-core;3.2.1 in central
[2024-11-03T09:43:31.864+0000] {spark_submit.py:495} INFO - found org.apache.hadoop#hadoop-yarn-common;3.2.1 in central
[2024-11-03T09:43:32.041+0000] {spark_submit.py:495} INFO - found javax.servlet#javax.servlet-api;3.1.0 in central
[2024-11-03T09:43:32.309+0000] {spark_submit.py:495} INFO - found org.eclipse.jetty#jetty-util;9.3.24.v20180605 in central
[2024-11-03T09:43:32.543+0000] {spark_submit.py:495} INFO - found com.sun.jersey#jersey-core;1.19 in central
[2024-11-03T09:43:32.889+0000] {spark_submit.py:495} INFO - found javax.ws.rs#jsr311-api;1.1.1 in central
[2024-11-03T09:43:32.988+0000] {spark_submit.py:495} INFO - found com.sun.jersey#jersey-client;1.19 in central
[2024-11-03T09:43:34.399+0000] {spark_submit.py:495} INFO - found com.fasterxml.jackson.module#jackson-module-jaxb-annotations;2.9.8 in central
[2024-11-03T09:43:35.540+0000] {spark_submit.py:495} INFO - found com.fasterxml.jackson.jaxrs#jackson-jaxrs-json-provider;2.9.8 in central
[2024-11-03T09:43:36.463+0000] {spark_submit.py:495} INFO - found com.fasterxml.jackson.jaxrs#jackson-jaxrs-base;2.9.8 in central
[2024-11-03T09:43:37.363+0000] {spark_submit.py:495} INFO - found org.apache.hadoop#hadoop-mapreduce-client-jobclient;3.2.1 in central
[2024-11-03T09:43:37.953+0000] {spark_submit.py:495} INFO - found org.apache.hadoop#hadoop-mapreduce-client-common;3.2.1 in central
[2024-11-03T09:43:39.103+0000] {spark_submit.py:495} INFO - :: resolution report :: resolve 38263ms :: artifacts dl 792ms
[2024-11-03T09:43:39.132+0000] {spark_submit.py:495} INFO - :: modules in use:
[2024-11-03T09:43:39.142+0000] {spark_submit.py:495} INFO - com.fasterxml.jackson.core#jackson-annotations;2.9.8 from central in [default]
[2024-11-03T09:43:39.142+0000] {spark_submit.py:495} INFO - com.fasterxml.jackson.core#jackson-core;2.9.8 from central in [default]
[2024-11-03T09:43:39.143+0000] {spark_submit.py:495} INFO - com.fasterxml.jackson.core#jackson-databind;2.9.8 from central in [default]
[2024-11-03T09:43:39.143+0000] {spark_submit.py:495} INFO - com.fasterxml.jackson.jaxrs#jackson-jaxrs-base;2.9.8 from central in [default]
[2024-11-03T09:43:39.143+0000] {spark_submit.py:495} INFO - com.fasterxml.jackson.jaxrs#jackson-jaxrs-json-provider;2.9.8 from central in [default]
[2024-11-03T09:43:39.143+0000] {spark_submit.py:495} INFO - com.fasterxml.jackson.module#jackson-module-jaxb-annotations;2.9.8 from central in [default]
[2024-11-03T09:43:39.143+0000] {spark_submit.py:495} INFO - com.fasterxml.woodstox#woodstox-core;5.0.3 from central in [default]
[2024-11-03T09:43:39.144+0000] {spark_submit.py:495} INFO - com.github.stephenc.jcip#jcip-annotations;1.0-1 from central in [default]
[2024-11-03T09:43:39.144+0000] {spark_submit.py:495} INFO - com.google.code.findbugs#jsr305;3.0.0 from central in [default]
[2024-11-03T09:43:39.144+0000] {spark_submit.py:495} INFO - com.google.code.gson#gson;2.2.4 from central in [default]
[2024-11-03T09:43:39.144+0000] {spark_submit.py:495} INFO - com.google.errorprone#error_prone_annotations;2.2.0 from central in [default]
[2024-11-03T09:43:39.144+0000] {spark_submit.py:495} INFO - com.google.guava#failureaccess;1.0 from central in [default]
[2024-11-03T09:43:39.145+0000] {spark_submit.py:495} INFO - com.google.guava#guava;27.0-jre from central in [default]
[2024-11-03T09:43:39.145+0000] {spark_submit.py:495} INFO - com.google.guava#listenablefuture;9999.0-empty-to-avoid-conflict-with-guava from central in [default]
[2024-11-03T09:43:39.145+0000] {spark_submit.py:495} INFO - com.google.j2objc#j2objc-annotations;1.1 from central in [default]
[2024-11-03T09:43:39.145+0000] {spark_submit.py:495} INFO - com.google.protobuf#protobuf-java;2.5.0 from central in [default]
[2024-11-03T09:43:39.145+0000] {spark_submit.py:495} INFO - com.google.re2j#re2j;1.1 from central in [default]
[2024-11-03T09:43:39.145+0000] {spark_submit.py:495} INFO - com.nimbusds#nimbus-jose-jwt;4.41.1 from central in [default]
[2024-11-03T09:43:39.146+0000] {spark_submit.py:495} INFO - com.squareup.okhttp#okhttp;2.7.5 from central in [default]
[2024-11-03T09:43:39.146+0000] {spark_submit.py:495} INFO - com.squareup.okio#okio;1.6.0 from central in [default]
[2024-11-03T09:43:39.146+0000] {spark_submit.py:495} INFO - com.sun.jersey#jersey-client;1.19 from central in [default]
[2024-11-03T09:43:39.146+0000] {spark_submit.py:495} INFO - com.sun.jersey#jersey-core;1.19 from central in [default]
[2024-11-03T09:43:39.146+0000] {spark_submit.py:495} INFO - com.sun.jersey#jersey-servlet;1.19 from central in [default]
[2024-11-03T09:43:39.146+0000] {spark_submit.py:495} INFO - com.thoughtworks.paranamer#paranamer;2.3 from central in [default]
[2024-11-03T09:43:39.147+0000] {spark_submit.py:495} INFO - commons-beanutils#commons-beanutils;1.9.3 from central in [default]
[2024-11-03T09:43:39.147+0000] {spark_submit.py:495} INFO - commons-cli#commons-cli;1.2 from central in [default]
[2024-11-03T09:43:39.147+0000] {spark_submit.py:495} INFO - commons-codec#commons-codec;1.11 from central in [default]
[2024-11-03T09:43:39.147+0000] {spark_submit.py:495} INFO - commons-collections#commons-collections;3.2.2 from central in [default]
[2024-11-03T09:43:39.147+0000] {spark_submit.py:495} INFO - commons-io#commons-io;2.5 from central in [default]
[2024-11-03T09:43:39.147+0000] {spark_submit.py:495} INFO - commons-logging#commons-logging;1.1.3 from central in [default]
[2024-11-03T09:43:39.148+0000] {spark_submit.py:495} INFO - commons-net#commons-net;3.6 from central in [default]
[2024-11-03T09:43:39.148+0000] {spark_submit.py:495} INFO - dnsjava#dnsjava;2.1.7 from central in [default]
[2024-11-03T09:43:39.148+0000] {spark_submit.py:495} INFO - javax.servlet#javax.servlet-api;3.1.0 from central in [default]
[2024-11-03T09:43:39.148+0000] {spark_submit.py:495} INFO - javax.servlet.jsp#jsp-api;2.1 from central in [default]
[2024-11-03T09:43:39.148+0000] {spark_submit.py:495} INFO - javax.ws.rs#jsr311-api;1.1.1 from central in [default]
[2024-11-03T09:43:39.148+0000] {spark_submit.py:495} INFO - javax.xml.bind#jaxb-api;2.2.11 from central in [default]
[2024-11-03T09:43:39.149+0000] {spark_submit.py:495} INFO - log4j#log4j;1.2.17 from central in [default]
[2024-11-03T09:43:39.149+0000] {spark_submit.py:495} INFO - net.minidev#accessors-smart;1.2 from central in [default]
[2024-11-03T09:43:39.149+0000] {spark_submit.py:495} INFO - net.minidev#json-smart;2.3 from central in [default]
[2024-11-03T09:43:39.149+0000] {spark_submit.py:495} INFO - org.apache.avro#avro;1.7.7 from central in [default]
[2024-11-03T09:43:39.149+0000] {spark_submit.py:495} INFO - org.apache.commons#commons-compress;1.18 from central in [default]
[2024-11-03T09:43:39.150+0000] {spark_submit.py:495} INFO - org.apache.commons#commons-configuration2;2.1.1 from central in [default]
[2024-11-03T09:43:39.150+0000] {spark_submit.py:495} INFO - org.apache.commons#commons-lang3;3.7 from central in [default]
[2024-11-03T09:43:39.150+0000] {spark_submit.py:495} INFO - org.apache.commons#commons-math3;3.1.1 from central in [default]
[2024-11-03T09:43:39.150+0000] {spark_submit.py:495} INFO - org.apache.commons#commons-pool2;2.11.1 from central in [default]
[2024-11-03T09:43:39.150+0000] {spark_submit.py:495} INFO - org.apache.commons#commons-text;1.4 from central in [default]
[2024-11-03T09:43:39.151+0000] {spark_submit.py:495} INFO - org.apache.curator#curator-client;2.13.0 from central in [default]
[2024-11-03T09:43:39.151+0000] {spark_submit.py:495} INFO - org.apache.curator#curator-framework;2.13.0 from central in [default]
[2024-11-03T09:43:39.151+0000] {spark_submit.py:495} INFO - org.apache.curator#curator-recipes;2.13.0 from central in [default]
[2024-11-03T09:43:39.151+0000] {spark_submit.py:495} INFO - org.apache.hadoop#hadoop-annotations;3.2.1 from central in [default]
[2024-11-03T09:43:39.151+0000] {spark_submit.py:495} INFO - org.apache.hadoop#hadoop-auth;3.2.1 from central in [default]
[2024-11-03T09:43:39.151+0000] {spark_submit.py:495} INFO - org.apache.hadoop#hadoop-client;3.2.1 from central in [default]
[2024-11-03T09:43:39.152+0000] {spark_submit.py:495} INFO - org.apache.hadoop#hadoop-client-api;3.3.4 from central in [default]
[2024-11-03T09:43:39.152+0000] {spark_submit.py:495} INFO - org.apache.hadoop#hadoop-client-runtime;3.3.4 from central in [default]
[2024-11-03T09:43:39.152+0000] {spark_submit.py:495} INFO - org.apache.hadoop#hadoop-common;3.2.1 from central in [default]
[2024-11-03T09:43:39.152+0000] {spark_submit.py:495} INFO - org.apache.hadoop#hadoop-hdfs-client;3.2.1 from central in [default]
[2024-11-03T09:43:39.152+0000] {spark_submit.py:495} INFO - org.apache.hadoop#hadoop-mapreduce-client-common;3.2.1 from central in [default]
[2024-11-03T09:43:39.152+0000] {spark_submit.py:495} INFO - org.apache.hadoop#hadoop-mapreduce-client-core;3.2.1 from central in [default]
[2024-11-03T09:43:39.153+0000] {spark_submit.py:495} INFO - org.apache.hadoop#hadoop-mapreduce-client-jobclient;3.2.1 from central in [default]
[2024-11-03T09:43:39.153+0000] {spark_submit.py:495} INFO - org.apache.hadoop#hadoop-yarn-api;3.2.1 from central in [default]
[2024-11-03T09:43:39.153+0000] {spark_submit.py:495} INFO - org.apache.hadoop#hadoop-yarn-client;3.2.1 from central in [default]
[2024-11-03T09:43:39.153+0000] {spark_submit.py:495} INFO - org.apache.hadoop#hadoop-yarn-common;3.2.1 from central in [default]
[2024-11-03T09:43:39.153+0000] {spark_submit.py:495} INFO - org.apache.htrace#htrace-core4;4.1.0-incubating from central in [default]
[2024-11-03T09:43:39.153+0000] {spark_submit.py:495} INFO - org.apache.httpcomponents#httpclient;4.5.6 from central in [default]
[2024-11-03T09:43:39.154+0000] {spark_submit.py:495} INFO - org.apache.httpcomponents#httpcore;4.4.10 from central in [default]
[2024-11-03T09:43:39.154+0000] {spark_submit.py:495} INFO - org.apache.kafka#kafka-clients;3.3.2 from central in [default]
[2024-11-03T09:43:39.154+0000] {spark_submit.py:495} INFO - org.apache.kerby#kerb-admin;1.0.1 from central in [default]
[2024-11-03T09:43:39.154+0000] {spark_submit.py:495} INFO - org.apache.kerby#kerb-client;1.0.1 from central in [default]
[2024-11-03T09:43:39.154+0000] {spark_submit.py:495} INFO - org.apache.kerby#kerb-common;1.0.1 from central in [default]
[2024-11-03T09:43:39.155+0000] {spark_submit.py:495} INFO - org.apache.kerby#kerb-core;1.0.1 from central in [default]
[2024-11-03T09:43:39.155+0000] {spark_submit.py:495} INFO - org.apache.kerby#kerb-crypto;1.0.1 from central in [default]
[2024-11-03T09:43:39.155+0000] {spark_submit.py:495} INFO - org.apache.kerby#kerb-identity;1.0.1 from central in [default]
[2024-11-03T09:43:39.155+0000] {spark_submit.py:495} INFO - org.apache.kerby#kerb-server;1.0.1 from central in [default]
[2024-11-03T09:43:39.155+0000] {spark_submit.py:495} INFO - org.apache.kerby#kerb-simplekdc;1.0.1 from central in [default]
[2024-11-03T09:43:39.155+0000] {spark_submit.py:495} INFO - org.apache.kerby#kerb-util;1.0.1 from central in [default]
[2024-11-03T09:43:39.156+0000] {spark_submit.py:495} INFO - org.apache.kerby#kerby-asn1;1.0.1 from central in [default]
[2024-11-03T09:43:39.156+0000] {spark_submit.py:495} INFO - org.apache.kerby#kerby-config;1.0.1 from central in [default]
[2024-11-03T09:43:39.156+0000] {spark_submit.py:495} INFO - org.apache.kerby#kerby-pkix;1.0.1 from central in [default]
[2024-11-03T09:43:39.156+0000] {spark_submit.py:495} INFO - org.apache.kerby#kerby-util;1.0.1 from central in [default]
[2024-11-03T09:43:39.156+0000] {spark_submit.py:495} INFO - org.apache.kerby#kerby-xdr;1.0.1 from central in [default]
[2024-11-03T09:43:39.157+0000] {spark_submit.py:495} INFO - org.apache.kerby#token-provider;1.0.1 from central in [default]
[2024-11-03T09:43:39.157+0000] {spark_submit.py:495} INFO - org.apache.spark#spark-sql-kafka-0-10_2.12;3.4.2 from central in [default]
[2024-11-03T09:43:39.157+0000] {spark_submit.py:495} INFO - org.apache.spark#spark-streaming-kafka-0-10_2.12;3.4.2 from central in [default]
[2024-11-03T09:43:39.157+0000] {spark_submit.py:495} INFO - org.apache.spark#spark-token-provider-kafka-0-10_2.12;3.4.2 from central in [default]
[2024-11-03T09:43:39.157+0000] {spark_submit.py:495} INFO - org.checkerframework#checker-qual;2.5.2 from central in [default]
[2024-11-03T09:43:39.157+0000] {spark_submit.py:495} INFO - org.codehaus.jackson#jackson-core-asl;1.9.13 from central in [default]
[2024-11-03T09:43:39.158+0000] {spark_submit.py:495} INFO - org.codehaus.jackson#jackson-mapper-asl;1.9.13 from central in [default]
[2024-11-03T09:43:39.158+0000] {spark_submit.py:495} INFO - org.codehaus.mojo#animal-sniffer-annotations;1.17 from central in [default]
[2024-11-03T09:43:39.158+0000] {spark_submit.py:495} INFO - org.codehaus.woodstox#stax2-api;3.1.4 from central in [default]
[2024-11-03T09:43:39.158+0000] {spark_submit.py:495} INFO - org.eclipse.jetty#jetty-security;9.3.24.v20180605 from central in [default]
[2024-11-03T09:43:39.158+0000] {spark_submit.py:495} INFO - org.eclipse.jetty#jetty-servlet;9.3.24.v20180605 from central in [default]
[2024-11-03T09:43:39.158+0000] {spark_submit.py:495} INFO - org.eclipse.jetty#jetty-util;9.3.24.v20180605 from central in [default]
[2024-11-03T09:43:39.159+0000] {spark_submit.py:495} INFO - org.eclipse.jetty#jetty-webapp;9.3.24.v20180605 from central in [default]
[2024-11-03T09:43:39.159+0000] {spark_submit.py:495} INFO - org.eclipse.jetty#jetty-xml;9.3.24.v20180605 from central in [default]
[2024-11-03T09:43:39.159+0000] {spark_submit.py:495} INFO - org.lz4#lz4-java;1.8.0 from central in [default]
[2024-11-03T09:43:39.159+0000] {spark_submit.py:495} INFO - org.ow2.asm#asm;5.0.4 from central in [default]
[2024-11-03T09:43:39.159+0000] {spark_submit.py:495} INFO - org.slf4j#slf4j-api;2.0.6 from central in [default]
[2024-11-03T09:43:39.159+0000] {spark_submit.py:495} INFO - org.xerial.snappy#snappy-java;1.1.10.3 from central in [default]
[2024-11-03T09:43:39.160+0000] {spark_submit.py:495} INFO - :: evicted modules:
[2024-11-03T09:43:39.160+0000] {spark_submit.py:495} INFO - org.slf4j#slf4j-api;1.7.25 by [org.slf4j#slf4j-api;2.0.6] in [default]
[2024-11-03T09:43:39.160+0000] {spark_submit.py:495} INFO - org.xerial.snappy#snappy-java;1.0.5 by [org.xerial.snappy#snappy-java;1.1.10.3] in [default]
[2024-11-03T09:43:39.160+0000] {spark_submit.py:495} INFO - ---------------------------------------------------------------------
[2024-11-03T09:43:39.160+0000] {spark_submit.py:495} INFO - |                  |            modules            ||   artifacts   |
[2024-11-03T09:43:39.160+0000] {spark_submit.py:495} INFO - |       conf       | number| search|dwnlded|evicted|| number|dwnlded|
[2024-11-03T09:43:39.161+0000] {spark_submit.py:495} INFO - ---------------------------------------------------------------------
[2024-11-03T09:43:39.161+0000] {spark_submit.py:495} INFO - |      default     |  100  |   0   |   0   |   2   ||   98  |   0   |
[2024-11-03T09:43:39.161+0000] {spark_submit.py:495} INFO - ---------------------------------------------------------------------
[2024-11-03T09:43:39.748+0000] {spark_submit.py:495} INFO - :: retrieving :: org.apache.spark#spark-submit-parent-7bc9ea77-2614-4707-8fd6-9e36ffa8040b
[2024-11-03T09:43:39.759+0000] {spark_submit.py:495} INFO - confs: [default]
[2024-11-03T09:43:40.046+0000] {spark_submit.py:495} INFO - 0 artifacts copied, 98 already retrieved (0kB/290ms)
[2024-11-03T09:43:42.571+0000] {spark_submit.py:495} INFO - 24/11/03 09:43:42 WARN NativeCodeLoader: Unable to load native-hadoop library for your platform... using builtin-java classes where applicable
[2024-11-03T09:43:57.690+0000] {spark_submit.py:495} INFO - 24/11/03 09:43:57 INFO SparkContext: Running Spark version 3.4.2
[2024-11-03T09:43:57.823+0000] {spark_submit.py:495} INFO - 24/11/03 09:43:57 INFO ResourceUtils: ==============================================================
[2024-11-03T09:43:57.843+0000] {spark_submit.py:495} INFO - 24/11/03 09:43:57 INFO ResourceUtils: No custom resources configured for spark.driver.
[2024-11-03T09:43:57.851+0000] {spark_submit.py:495} INFO - 24/11/03 09:43:57 INFO ResourceUtils: ==============================================================
[2024-11-03T09:43:57.914+0000] {spark_submit.py:495} INFO - 24/11/03 09:43:57 INFO SparkContext: Submitted application: KafkaSparkStreaming
[2024-11-03T09:43:58.000+0000] {spark_submit.py:495} INFO - 24/11/03 09:43:57 INFO ResourceProfile: Default ResourceProfile created, executor resources: Map(memory -> name: memory, amount: 1024, script: , vendor: , offHeap -> name: offHeap, amount: 0, script: , vendor: ), task resources: Map(cpus -> name: cpus, amount: 1.0)
[2024-11-03T09:43:58.029+0000] {spark_submit.py:495} INFO - 24/11/03 09:43:58 INFO ResourceProfile: Limiting resource is cpu
[2024-11-03T09:43:58.035+0000] {spark_submit.py:495} INFO - 24/11/03 09:43:58 INFO ResourceProfileManager: Added ResourceProfile id: 0
[2024-11-03T09:43:58.232+0000] {spark_submit.py:495} INFO - 24/11/03 09:43:58 INFO SecurityManager: Changing view acls to: ***
[2024-11-03T09:43:58.265+0000] {spark_submit.py:495} INFO - 24/11/03 09:43:58 INFO SecurityManager: Changing modify acls to: ***
[2024-11-03T09:43:58.297+0000] {spark_submit.py:495} INFO - 24/11/03 09:43:58 INFO SecurityManager: Changing view acls groups to:
[2024-11-03T09:43:58.339+0000] {spark_submit.py:495} INFO - 24/11/03 09:43:58 INFO SecurityManager: Changing modify acls groups to:
[2024-11-03T09:43:58.348+0000] {spark_submit.py:495} INFO - 24/11/03 09:43:58 INFO SecurityManager: SecurityManager: authentication disabled; ui acls disabled; users with view permissions: ***; groups with view permissions: EMPTY; users with modify permissions: ***; groups with modify permissions: EMPTY
[2024-11-03T09:44:01.683+0000] {spark_submit.py:495} INFO - 24/11/03 09:44:01 INFO Utils: Successfully started service 'sparkDriver' on port 43431.
[2024-11-03T09:44:02.271+0000] {spark_submit.py:495} INFO - 24/11/03 09:44:02 INFO SparkEnv: Registering MapOutputTracker
[2024-11-03T09:44:02.415+0000] {spark_submit.py:495} INFO - 24/11/03 09:44:02 INFO SparkEnv: Registering BlockManagerMaster
[2024-11-03T09:44:02.467+0000] {spark_submit.py:495} INFO - 24/11/03 09:44:02 INFO BlockManagerMasterEndpoint: Using org.apache.spark.storage.DefaultTopologyMapper for getting topology information
[2024-11-03T09:44:02.496+0000] {spark_submit.py:495} INFO - 24/11/03 09:44:02 INFO BlockManagerMasterEndpoint: BlockManagerMasterEndpoint up
[2024-11-03T09:44:02.503+0000] {spark_submit.py:495} INFO - 24/11/03 09:44:02 INFO SparkEnv: Registering BlockManagerMasterHeartbeat
[2024-11-03T09:44:02.596+0000] {spark_submit.py:495} INFO - 24/11/03 09:44:02 INFO DiskBlockManager: Created local directory at /tmp/blockmgr-c45ada1f-a8d7-4a43-8dce-8ded81fb486c
[2024-11-03T09:44:02.839+0000] {spark_submit.py:495} INFO - 24/11/03 09:44:02 INFO MemoryStore: MemoryStore started with capacity 434.4 MiB
[2024-11-03T09:44:02.887+0000] {spark_submit.py:495} INFO - 24/11/03 09:44:02 INFO SparkEnv: Registering OutputCommitCoordinator
[2024-11-03T09:44:04.432+0000] {spark_submit.py:495} INFO - 24/11/03 09:44:04 INFO JettyUtils: Start Jetty 0.0.0.0:4040 for SparkUI
[2024-11-03T09:44:05.367+0000] {spark_submit.py:495} INFO - 24/11/03 09:44:05 INFO Utils: Successfully started service 'SparkUI' on port 4040.
[2024-11-03T09:44:07.717+0000] {spark_submit.py:495} INFO - 24/11/03 09:44:07 INFO StandaloneAppClient$ClientEndpoint: Connecting to master spark://spark-master:7077...
[2024-11-03T09:44:08.275+0000] {spark_submit.py:495} INFO - 24/11/03 09:44:08 INFO TransportClientFactory: Successfully created connection to spark-master/172.20.0.5:7077 after 428 ms (0 ms spent in bootstraps)
[2024-11-03T09:44:09.058+0000] {spark_submit.py:495} INFO - 24/11/03 09:44:09 INFO StandaloneSchedulerBackend: Connected to Spark cluster with app ID app-20241103094408-0005
[2024-11-03T09:44:09.143+0000] {spark_submit.py:495} INFO - 24/11/03 09:44:09 INFO StandaloneAppClient$ClientEndpoint: Executor added: app-20241103094408-0005/0 on worker-20241103082644-172.20.0.6-37323 (172.20.0.6:37323) with 1 core(s)
[2024-11-03T09:44:09.176+0000] {spark_submit.py:495} INFO - 24/11/03 09:44:09 INFO StandaloneSchedulerBackend: Granted executor ID app-20241103094408-0005/0 on hostPort 172.20.0.6:37323 with 1 core(s), 1024.0 MiB RAM
[2024-11-03T09:44:09.329+0000] {spark_submit.py:495} INFO - 24/11/03 09:44:09 INFO Utils: Successfully started service 'org.apache.spark.network.netty.NettyBlockTransferService' on port 38101.
[2024-11-03T09:44:09.355+0000] {spark_submit.py:495} INFO - 24/11/03 09:44:09 INFO NettyBlockTransferService: Server created on 7d9160448bdc:38101
[2024-11-03T09:44:09.355+0000] {spark_submit.py:495} INFO - 24/11/03 09:44:09 INFO BlockManager: Using org.apache.spark.storage.RandomBlockReplicationPolicy for block replication policy
[2024-11-03T09:44:09.424+0000] {spark_submit.py:495} INFO - 24/11/03 09:44:09 INFO BlockManagerMaster: Registering BlockManager BlockManagerId(driver, 7d9160448bdc, 38101, None)
[2024-11-03T09:44:09.469+0000] {spark_submit.py:495} INFO - 24/11/03 09:44:09 INFO BlockManagerMasterEndpoint: Registering block manager 7d9160448bdc:38101 with 434.4 MiB RAM, BlockManagerId(driver, 7d9160448bdc, 38101, None)
[2024-11-03T09:44:09.506+0000] {spark_submit.py:495} INFO - 24/11/03 09:44:09 INFO BlockManagerMaster: Registered BlockManager BlockManagerId(driver, 7d9160448bdc, 38101, None)
[2024-11-03T09:44:09.752+0000] {spark_submit.py:495} INFO - 24/11/03 09:44:09 INFO BlockManager: Initialized BlockManager: BlockManagerId(driver, 7d9160448bdc, 38101, None)
[2024-11-03T09:44:09.752+0000] {spark_submit.py:495} INFO - 24/11/03 09:44:09 INFO StandaloneAppClient$ClientEndpoint: Executor updated: app-20241103094408-0005/0 is now RUNNING
[2024-11-03T09:44:11.856+0000] {spark_submit.py:495} INFO - 24/11/03 09:44:11 INFO StandaloneSchedulerBackend: SchedulerBackend is ready for scheduling beginning after reached minRegisteredResourcesRatio: 0.0
[2024-11-03T09:44:19.747+0000] {spark_submit.py:495} INFO - 24/11/03 09:44:19 INFO SharedState: Setting hive.metastore.warehouse.dir ('null') to the value of spark.sql.warehouse.dir.
[2024-11-03T09:44:19.764+0000] {spark_submit.py:495} INFO - 24/11/03 09:44:19 INFO SharedState: Warehouse path is 'file:/opt/***/spark-warehouse'.
[2024-11-03T09:44:41.961+0000] {spark_submit.py:495} INFO - 24/11/03 09:44:41 INFO StandaloneSchedulerBackend$StandaloneDriverEndpoint: Registered executor NettyRpcEndpointRef(spark-client://Executor) (172.20.0.6:51644) with ID 0,  ResourceProfileId 0
[2024-11-03T09:44:43.613+0000] {spark_submit.py:495} INFO - 24/11/03 09:44:43 INFO BlockManagerMasterEndpoint: Registering block manager 172.20.0.6:45581 with 434.4 MiB RAM, BlockManagerId(0, 172.20.0.6, 45581, None)
[2024-11-03T09:44:49.917+0000] {spark_submit.py:495} INFO - done
[2024-11-03T09:44:54.387+0000] {spark_submit.py:495} INFO - 24/11/03 09:44:54 INFO StateStoreCoordinatorRef: Registered StateStoreCoordinator endpoint
[2024-11-03T09:44:55.054+0000] {spark_submit.py:495} INFO - 24/11/03 09:44:55 INFO ResolveWriteToStream: Checkpoint root hdfs://namenode:9000/spark_checkpoint resolved to hdfs://namenode:9000/spark_checkpoint.
[2024-11-03T09:44:55.066+0000] {spark_submit.py:495} INFO - 24/11/03 09:44:55 WARN ResolveWriteToStream: spark.sql.adaptive.enabled is not supported in streaming DataFrames/Datasets and will be disabled.
[2024-11-03T09:44:57.653+0000] {spark_submit.py:495} INFO - 24/11/03 09:44:57 INFO MicroBatchExecution: Starting [id = e31f66b5-a975-48d2-aff4-2b8b1d6c04dd, runId = b189f438-e5ab-415d-8eb4-664a26ae9ca9]. Use hdfs://namenode:9000/spark_checkpoint to store the query checkpoint.
[2024-11-03T09:44:57.720+0000] {spark_submit.py:495} INFO - 24/11/03 09:44:57 INFO MicroBatchExecution: Reading table [org.apache.spark.sql.kafka010.KafkaSourceProvider$KafkaTable@dfc0a99] from DataSourceV2 named 'kafka' [org.apache.spark.sql.kafka010.KafkaSourceProvider@19ff589f]
[2024-11-03T09:44:58.029+0000] {spark_submit.py:495} INFO - 24/11/03 09:44:58 INFO OffsetSeqLog: BatchIds found from listing: 0, 1
[2024-11-03T09:44:58.180+0000] {spark_submit.py:495} INFO - 24/11/03 09:44:58 INFO OffsetSeqLog: Getting latest batch 1
[2024-11-03T09:44:58.519+0000] {spark_submit.py:495} INFO - 24/11/03 09:44:58 INFO OffsetSeqLog: BatchIds found from listing: 0, 1
[2024-11-03T09:44:58.524+0000] {spark_submit.py:495} INFO - 24/11/03 09:44:58 INFO OffsetSeqLog: Getting latest batch 1
[2024-11-03T09:44:59.286+0000] {spark_submit.py:495} INFO - 24/11/03 09:44:59 INFO CommitLog: BatchIds found from listing: 0
[2024-11-03T09:44:59.295+0000] {spark_submit.py:495} INFO - 24/11/03 09:44:59 INFO CommitLog: Getting latest batch 0
[2024-11-03T09:44:59.444+0000] {spark_submit.py:495} INFO - 24/11/03 09:44:59 INFO MicroBatchExecution: Resuming at batch 1 with committed offsets {KafkaV2[Subscribe[raw_data]]: {"raw_data":{"0":920}}} and available offsets {KafkaV2[Subscribe[raw_data]]: {"raw_data":{"0":921}}}
[2024-11-03T09:44:59.445+0000] {spark_submit.py:495} INFO - 24/11/03 09:44:59 INFO MicroBatchExecution: Stream started from {KafkaV2[Subscribe[raw_data]]: {"raw_data":{"0":920}}}
[2024-11-03T09:45:05.125+0000] {spark_submit.py:495} INFO - 24/11/03 09:45:05 INFO KafkaOffsetReaderAdmin: Partitions added: Map()
[2024-11-03T09:45:05.547+0000] {spark_submit.py:495} INFO - 24/11/03 09:45:05 INFO KafkaOffsetReaderAdmin: Partitions added: Map()
[2024-11-03T09:45:05.996+0000] {spark_submit.py:495} INFO - 24/11/03 09:45:05 INFO KafkaOffsetReaderAdmin: Partitions added: Map()
[2024-11-03T09:45:06.088+0000] {spark_submit.py:495} INFO - 24/11/03 09:45:06 INFO KafkaOffsetReaderAdmin: Partitions added: Map()
[2024-11-03T09:45:06.883+0000] {spark_submit.py:495} INFO - 24/11/03 09:45:06 INFO FileStreamSinkLog: BatchIds found from listing: 0
[2024-11-03T09:45:07.355+0000] {spark_submit.py:495} INFO - 24/11/03 09:45:07 INFO ParquetUtils: Using default output committer for Parquet: org.apache.parquet.hadoop.ParquetOutputCommitter
[2024-11-03T09:45:10.844+0000] {spark_submit.py:495} INFO - 24/11/03 09:45:10 INFO CodeGenerator: Code generated in 1308.811289 ms
[2024-11-03T09:45:15.087+0000] {spark_submit.py:495} INFO - 24/11/03 09:45:15 INFO SparkContext: Starting job: start at NativeMethodAccessorImpl.java:0
[2024-11-03T09:45:15.434+0000] {spark_submit.py:495} INFO - 24/11/03 09:45:15 INFO DAGScheduler: Got job 0 (start at NativeMethodAccessorImpl.java:0) with 1 output partitions
[2024-11-03T09:45:15.437+0000] {spark_submit.py:495} INFO - 24/11/03 09:45:15 INFO DAGScheduler: Final stage: ResultStage 0 (start at NativeMethodAccessorImpl.java:0)
[2024-11-03T09:45:15.439+0000] {spark_submit.py:495} INFO - 24/11/03 09:45:15 INFO DAGScheduler: Parents of final stage: List()
[2024-11-03T09:45:15.442+0000] {spark_submit.py:495} INFO - 24/11/03 09:45:15 INFO DAGScheduler: Missing parents: List()
[2024-11-03T09:45:15.454+0000] {spark_submit.py:495} INFO - 24/11/03 09:45:15 INFO DAGScheduler: Submitting ResultStage 0 (MapPartitionsRDD[3] at start at NativeMethodAccessorImpl.java:0), which has no missing parents
[2024-11-03T09:45:17.399+0000] {spark_submit.py:495} INFO - 24/11/03 09:45:17 INFO MemoryStore: Block broadcast_0 stored as values in memory (estimated size 281.0 KiB, free 434.1 MiB)
[2024-11-03T09:45:23.428+0000] {spark_submit.py:495} INFO - 24/11/03 09:45:23 INFO MemoryStore: Block broadcast_0_piece0 stored as bytes in memory (estimated size 97.8 KiB, free 434.0 MiB)
[2024-11-03T09:45:23.475+0000] {spark_submit.py:495} INFO - 24/11/03 09:45:23 INFO BlockManagerInfo: Added broadcast_0_piece0 in memory on 7d9160448bdc:38101 (size: 97.8 KiB, free: 434.3 MiB)
[2024-11-03T09:45:23.505+0000] {spark_submit.py:495} INFO - 24/11/03 09:45:23 INFO SparkContext: Created broadcast 0 from broadcast at DAGScheduler.scala:1535
[2024-11-03T09:45:23.668+0000] {spark_submit.py:495} INFO - 24/11/03 09:45:23 INFO DAGScheduler: Submitting 1 missing tasks from ResultStage 0 (MapPartitionsRDD[3] at start at NativeMethodAccessorImpl.java:0) (first 15 tasks are for partitions Vector(0))
[2024-11-03T09:45:23.677+0000] {spark_submit.py:495} INFO - 24/11/03 09:45:23 INFO TaskSchedulerImpl: Adding task set 0.0 with 1 tasks resource profile 0
[2024-11-03T09:45:24.127+0000] {spark_submit.py:495} INFO - 24/11/03 09:45:24 INFO TaskSetManager: Starting task 0.0 in stage 0.0 (TID 0) (172.20.0.6, executor 0, partition 0, PROCESS_LOCAL, 8332 bytes)
[2024-11-03T09:45:25.107+0000] {spark_submit.py:495} INFO - 24/11/03 09:45:25 WARN TaskSetManager: Lost task 0.0 in stage 0.0 (TID 0) (172.20.0.6 executor 0): java.lang.ClassCastException: cannot assign instance of scala.collection.immutable.List$SerializationProxy to field org.apache.spark.sql.execution.datasources.v2.DataSourceRDDPartition.inputPartitions of type scala.collection.Seq in instance of org.apache.spark.sql.execution.datasources.v2.DataSourceRDDPartition
[2024-11-03T09:45:25.114+0000] {spark_submit.py:495} INFO - at java.base/java.io.ObjectStreamClass$FieldReflector.setObjFieldValues(ObjectStreamClass.java:2096)
[2024-11-03T09:45:25.114+0000] {spark_submit.py:495} INFO - at java.base/java.io.ObjectStreamClass$FieldReflector.checkObjectFieldValueTypes(ObjectStreamClass.java:2060)
[2024-11-03T09:45:25.115+0000] {spark_submit.py:495} INFO - at java.base/java.io.ObjectStreamClass.checkObjFieldValueTypes(ObjectStreamClass.java:1347)
[2024-11-03T09:45:25.115+0000] {spark_submit.py:495} INFO - at java.base/java.io.ObjectInputStream$FieldValues.defaultCheckFieldValues(ObjectInputStream.java:2679)
[2024-11-03T09:45:25.115+0000] {spark_submit.py:495} INFO - at java.base/java.io.ObjectInputStream.readSerialData(ObjectInputStream.java:2486)
[2024-11-03T09:45:25.115+0000] {spark_submit.py:495} INFO - at java.base/java.io.ObjectInputStream.readOrdinaryObject(ObjectInputStream.java:2257)
[2024-11-03T09:45:25.115+0000] {spark_submit.py:495} INFO - at java.base/java.io.ObjectInputStream.readObject0(ObjectInputStream.java:1733)
[2024-11-03T09:45:25.116+0000] {spark_submit.py:495} INFO - at java.base/java.io.ObjectInputStream$FieldValues.<init>(ObjectInputStream.java:2606)
[2024-11-03T09:45:25.116+0000] {spark_submit.py:495} INFO - at java.base/java.io.ObjectInputStream.readSerialData(ObjectInputStream.java:2457)
[2024-11-03T09:45:25.116+0000] {spark_submit.py:495} INFO - at java.base/java.io.ObjectInputStream.readOrdinaryObject(ObjectInputStream.java:2257)
[2024-11-03T09:45:25.117+0000] {spark_submit.py:495} INFO - at java.base/java.io.ObjectInputStream.readObject0(ObjectInputStream.java:1733)
[2024-11-03T09:45:25.117+0000] {spark_submit.py:495} INFO - at java.base/java.io.ObjectInputStream.readObject(ObjectInputStream.java:509)
[2024-11-03T09:45:25.117+0000] {spark_submit.py:495} INFO - at java.base/java.io.ObjectInputStream.readObject(ObjectInputStream.java:467)
[2024-11-03T09:45:25.117+0000] {spark_submit.py:495} INFO - at org.apache.spark.serializer.JavaDeserializationStream.readObject(JavaSerializer.scala:87)
[2024-11-03T09:45:25.118+0000] {spark_submit.py:495} INFO - at org.apache.spark.serializer.JavaSerializerInstance.deserialize(JavaSerializer.scala:129)
[2024-11-03T09:45:25.118+0000] {spark_submit.py:495} INFO - at org.apache.spark.executor.Executor$TaskRunner.run(Executor.scala:513)
[2024-11-03T09:45:25.118+0000] {spark_submit.py:495} INFO - at java.base/java.util.concurrent.ThreadPoolExecutor.runWorker(ThreadPoolExecutor.java:1136)
[2024-11-03T09:45:25.118+0000] {spark_submit.py:495} INFO - at java.base/java.util.concurrent.ThreadPoolExecutor$Worker.run(ThreadPoolExecutor.java:635)
[2024-11-03T09:45:25.137+0000] {spark_submit.py:495} INFO - at java.base/java.lang.Thread.run(Thread.java:840)
[2024-11-03T09:45:25.175+0000] {spark_submit.py:495} INFO - 
[2024-11-03T09:45:25.213+0000] {spark_submit.py:495} INFO - 24/11/03 09:45:25 INFO TaskSetManager: Starting task 0.1 in stage 0.0 (TID 1) (172.20.0.6, executor 0, partition 0, PROCESS_LOCAL, 8332 bytes)
[2024-11-03T09:45:25.530+0000] {spark_submit.py:495} INFO - 24/11/03 09:45:25 INFO TaskSetManager: Lost task 0.1 in stage 0.0 (TID 1) on 172.20.0.6, executor 0: java.lang.ClassCastException (cannot assign instance of scala.collection.immutable.List$SerializationProxy to field org.apache.spark.sql.execution.datasources.v2.DataSourceRDDPartition.inputPartitions of type scala.collection.Seq in instance of org.apache.spark.sql.execution.datasources.v2.DataSourceRDDPartition) [duplicate 1]
[2024-11-03T09:45:25.553+0000] {spark_submit.py:495} INFO - 24/11/03 09:45:25 INFO TaskSetManager: Starting task 0.2 in stage 0.0 (TID 2) (172.20.0.6, executor 0, partition 0, PROCESS_LOCAL, 8332 bytes)
[2024-11-03T09:45:25.798+0000] {spark_submit.py:495} INFO - 24/11/03 09:45:25 INFO TaskSetManager: Lost task 0.2 in stage 0.0 (TID 2) on 172.20.0.6, executor 0: java.lang.ClassCastException (cannot assign instance of scala.collection.immutable.List$SerializationProxy to field org.apache.spark.sql.execution.datasources.v2.DataSourceRDDPartition.inputPartitions of type scala.collection.Seq in instance of org.apache.spark.sql.execution.datasources.v2.DataSourceRDDPartition) [duplicate 2]
[2024-11-03T09:45:25.904+0000] {spark_submit.py:495} INFO - 24/11/03 09:45:25 INFO TaskSetManager: Starting task 0.3 in stage 0.0 (TID 3) (172.20.0.6, executor 0, partition 0, PROCESS_LOCAL, 8332 bytes)
[2024-11-03T09:45:26.100+0000] {spark_submit.py:495} INFO - 24/11/03 09:45:26 INFO TaskSetManager: Lost task 0.3 in stage 0.0 (TID 3) on 172.20.0.6, executor 0: java.lang.ClassCastException (cannot assign instance of scala.collection.immutable.List$SerializationProxy to field org.apache.spark.sql.execution.datasources.v2.DataSourceRDDPartition.inputPartitions of type scala.collection.Seq in instance of org.apache.spark.sql.execution.datasources.v2.DataSourceRDDPartition) [duplicate 3]
[2024-11-03T09:45:26.132+0000] {spark_submit.py:495} INFO - 24/11/03 09:45:26 ERROR TaskSetManager: Task 0 in stage 0.0 failed 4 times; aborting job
[2024-11-03T09:45:26.242+0000] {spark_submit.py:495} INFO - 24/11/03 09:45:26 INFO TaskSchedulerImpl: Removed TaskSet 0.0, whose tasks have all completed, from pool
[2024-11-03T09:45:26.284+0000] {spark_submit.py:495} INFO - 24/11/03 09:45:26 INFO TaskSchedulerImpl: Cancelling stage 0
[2024-11-03T09:45:26.284+0000] {spark_submit.py:495} INFO - 24/11/03 09:45:26 INFO TaskSchedulerImpl: Killing all running tasks in stage 0: Stage cancelled
[2024-11-03T09:45:26.322+0000] {spark_submit.py:495} INFO - 24/11/03 09:45:26 INFO DAGScheduler: ResultStage 0 (start at NativeMethodAccessorImpl.java:0) failed in 10.800 s due to Job aborted due to stage failure: Task 0 in stage 0.0 failed 4 times, most recent failure: Lost task 0.3 in stage 0.0 (TID 3) (172.20.0.6 executor 0): java.lang.ClassCastException: cannot assign instance of scala.collection.immutable.List$SerializationProxy to field org.apache.spark.sql.execution.datasources.v2.DataSourceRDDPartition.inputPartitions of type scala.collection.Seq in instance of org.apache.spark.sql.execution.datasources.v2.DataSourceRDDPartition
[2024-11-03T09:45:26.323+0000] {spark_submit.py:495} INFO - at java.base/java.io.ObjectStreamClass$FieldReflector.setObjFieldValues(ObjectStreamClass.java:2096)
[2024-11-03T09:45:26.323+0000] {spark_submit.py:495} INFO - at java.base/java.io.ObjectStreamClass$FieldReflector.checkObjectFieldValueTypes(ObjectStreamClass.java:2060)
[2024-11-03T09:45:26.324+0000] {spark_submit.py:495} INFO - at java.base/java.io.ObjectStreamClass.checkObjFieldValueTypes(ObjectStreamClass.java:1347)
[2024-11-03T09:45:26.324+0000] {spark_submit.py:495} INFO - at java.base/java.io.ObjectInputStream$FieldValues.defaultCheckFieldValues(ObjectInputStream.java:2679)
[2024-11-03T09:45:26.325+0000] {spark_submit.py:495} INFO - at java.base/java.io.ObjectInputStream.readSerialData(ObjectInputStream.java:2486)
[2024-11-03T09:45:26.326+0000] {spark_submit.py:495} INFO - at java.base/java.io.ObjectInputStream.readOrdinaryObject(ObjectInputStream.java:2257)
[2024-11-03T09:45:26.327+0000] {spark_submit.py:495} INFO - at java.base/java.io.ObjectInputStream.readObject0(ObjectInputStream.java:1733)
[2024-11-03T09:45:26.328+0000] {spark_submit.py:495} INFO - at java.base/java.io.ObjectInputStream$FieldValues.<init>(ObjectInputStream.java:2606)
[2024-11-03T09:45:26.328+0000] {spark_submit.py:495} INFO - at java.base/java.io.ObjectInputStream.readSerialData(ObjectInputStream.java:2457)
[2024-11-03T09:45:26.329+0000] {spark_submit.py:495} INFO - at java.base/java.io.ObjectInputStream.readOrdinaryObject(ObjectInputStream.java:2257)
[2024-11-03T09:45:26.329+0000] {spark_submit.py:495} INFO - at java.base/java.io.ObjectInputStream.readObject0(ObjectInputStream.java:1733)
[2024-11-03T09:45:26.329+0000] {spark_submit.py:495} INFO - at java.base/java.io.ObjectInputStream.readObject(ObjectInputStream.java:509)
[2024-11-03T09:45:26.330+0000] {spark_submit.py:495} INFO - at java.base/java.io.ObjectInputStream.readObject(ObjectInputStream.java:467)
[2024-11-03T09:45:26.330+0000] {spark_submit.py:495} INFO - at org.apache.spark.serializer.JavaDeserializationStream.readObject(JavaSerializer.scala:87)
[2024-11-03T09:45:26.330+0000] {spark_submit.py:495} INFO - at org.apache.spark.serializer.JavaSerializerInstance.deserialize(JavaSerializer.scala:129)
[2024-11-03T09:45:26.330+0000] {spark_submit.py:495} INFO - at org.apache.spark.executor.Executor$TaskRunner.run(Executor.scala:513)
[2024-11-03T09:45:26.331+0000] {spark_submit.py:495} INFO - at java.base/java.util.concurrent.ThreadPoolExecutor.runWorker(ThreadPoolExecutor.java:1136)
[2024-11-03T09:45:26.331+0000] {spark_submit.py:495} INFO - at java.base/java.util.concurrent.ThreadPoolExecutor$Worker.run(ThreadPoolExecutor.java:635)
[2024-11-03T09:45:26.331+0000] {spark_submit.py:495} INFO - at java.base/java.lang.Thread.run(Thread.java:840)
[2024-11-03T09:45:26.331+0000] {spark_submit.py:495} INFO - 
[2024-11-03T09:45:26.331+0000] {spark_submit.py:495} INFO - Driver stacktrace:
[2024-11-03T09:45:26.355+0000] {spark_submit.py:495} INFO - 24/11/03 09:45:26 INFO DAGScheduler: Job 0 failed: start at NativeMethodAccessorImpl.java:0, took 11.227068 s
[2024-11-03T09:45:26.362+0000] {spark_submit.py:495} INFO - 24/11/03 09:45:26 ERROR FileFormatWriter: Aborting job 830fa194-5d1d-4e5e-ad03-338d18df792c.
[2024-11-03T09:45:26.362+0000] {spark_submit.py:495} INFO - org.apache.spark.SparkException: Job aborted due to stage failure: Task 0 in stage 0.0 failed 4 times, most recent failure: Lost task 0.3 in stage 0.0 (TID 3) (172.20.0.6 executor 0): java.lang.ClassCastException: cannot assign instance of scala.collection.immutable.List$SerializationProxy to field org.apache.spark.sql.execution.datasources.v2.DataSourceRDDPartition.inputPartitions of type scala.collection.Seq in instance of org.apache.spark.sql.execution.datasources.v2.DataSourceRDDPartition
[2024-11-03T09:45:26.362+0000] {spark_submit.py:495} INFO - at java.base/java.io.ObjectStreamClass$FieldReflector.setObjFieldValues(ObjectStreamClass.java:2096)
[2024-11-03T09:45:26.363+0000] {spark_submit.py:495} INFO - at java.base/java.io.ObjectStreamClass$FieldReflector.checkObjectFieldValueTypes(ObjectStreamClass.java:2060)
[2024-11-03T09:45:26.363+0000] {spark_submit.py:495} INFO - at java.base/java.io.ObjectStreamClass.checkObjFieldValueTypes(ObjectStreamClass.java:1347)
[2024-11-03T09:45:26.363+0000] {spark_submit.py:495} INFO - at java.base/java.io.ObjectInputStream$FieldValues.defaultCheckFieldValues(ObjectInputStream.java:2679)
[2024-11-03T09:45:26.363+0000] {spark_submit.py:495} INFO - at java.base/java.io.ObjectInputStream.readSerialData(ObjectInputStream.java:2486)
[2024-11-03T09:45:26.363+0000] {spark_submit.py:495} INFO - at java.base/java.io.ObjectInputStream.readOrdinaryObject(ObjectInputStream.java:2257)
[2024-11-03T09:45:26.364+0000] {spark_submit.py:495} INFO - at java.base/java.io.ObjectInputStream.readObject0(ObjectInputStream.java:1733)
[2024-11-03T09:45:26.364+0000] {spark_submit.py:495} INFO - at java.base/java.io.ObjectInputStream$FieldValues.<init>(ObjectInputStream.java:2606)
[2024-11-03T09:45:26.364+0000] {spark_submit.py:495} INFO - at java.base/java.io.ObjectInputStream.readSerialData(ObjectInputStream.java:2457)
[2024-11-03T09:45:26.364+0000] {spark_submit.py:495} INFO - at java.base/java.io.ObjectInputStream.readOrdinaryObject(ObjectInputStream.java:2257)
[2024-11-03T09:45:26.364+0000] {spark_submit.py:495} INFO - at java.base/java.io.ObjectInputStream.readObject0(ObjectInputStream.java:1733)
[2024-11-03T09:45:26.364+0000] {spark_submit.py:495} INFO - at java.base/java.io.ObjectInputStream.readObject(ObjectInputStream.java:509)
[2024-11-03T09:45:26.365+0000] {spark_submit.py:495} INFO - at java.base/java.io.ObjectInputStream.readObject(ObjectInputStream.java:467)
[2024-11-03T09:45:26.365+0000] {spark_submit.py:495} INFO - at org.apache.spark.serializer.JavaDeserializationStream.readObject(JavaSerializer.scala:87)
[2024-11-03T09:45:26.365+0000] {spark_submit.py:495} INFO - at org.apache.spark.serializer.JavaSerializerInstance.deserialize(JavaSerializer.scala:129)
[2024-11-03T09:45:26.365+0000] {spark_submit.py:495} INFO - at org.apache.spark.executor.Executor$TaskRunner.run(Executor.scala:513)
[2024-11-03T09:45:26.365+0000] {spark_submit.py:495} INFO - at java.base/java.util.concurrent.ThreadPoolExecutor.runWorker(ThreadPoolExecutor.java:1136)
[2024-11-03T09:45:26.366+0000] {spark_submit.py:495} INFO - at java.base/java.util.concurrent.ThreadPoolExecutor$Worker.run(ThreadPoolExecutor.java:635)
[2024-11-03T09:45:26.366+0000] {spark_submit.py:495} INFO - at java.base/java.lang.Thread.run(Thread.java:840)
[2024-11-03T09:45:26.366+0000] {spark_submit.py:495} INFO - 
[2024-11-03T09:45:26.366+0000] {spark_submit.py:495} INFO - Driver stacktrace:
[2024-11-03T09:45:26.366+0000] {spark_submit.py:495} INFO - at org.apache.spark.scheduler.DAGScheduler.failJobAndIndependentStages(DAGScheduler.scala:2785)
[2024-11-03T09:45:26.366+0000] {spark_submit.py:495} INFO - at org.apache.spark.scheduler.DAGScheduler.$anonfun$abortStage$2(DAGScheduler.scala:2721)
[2024-11-03T09:45:26.367+0000] {spark_submit.py:495} INFO - at org.apache.spark.scheduler.DAGScheduler.$anonfun$abortStage$2$adapted(DAGScheduler.scala:2720)
[2024-11-03T09:45:26.367+0000] {spark_submit.py:495} INFO - at scala.collection.mutable.ResizableArray.foreach(ResizableArray.scala:62)
[2024-11-03T09:45:26.367+0000] {spark_submit.py:495} INFO - at scala.collection.mutable.ResizableArray.foreach$(ResizableArray.scala:55)
[2024-11-03T09:45:26.367+0000] {spark_submit.py:495} INFO - at scala.collection.mutable.ArrayBuffer.foreach(ArrayBuffer.scala:49)
[2024-11-03T09:45:26.367+0000] {spark_submit.py:495} INFO - at org.apache.spark.scheduler.DAGScheduler.abortStage(DAGScheduler.scala:2720)
[2024-11-03T09:45:26.367+0000] {spark_submit.py:495} INFO - at org.apache.spark.scheduler.DAGScheduler.$anonfun$handleTaskSetFailed$1(DAGScheduler.scala:1206)
[2024-11-03T09:45:26.368+0000] {spark_submit.py:495} INFO - at org.apache.spark.scheduler.DAGScheduler.$anonfun$handleTaskSetFailed$1$adapted(DAGScheduler.scala:1206)
[2024-11-03T09:45:26.368+0000] {spark_submit.py:495} INFO - at scala.Option.foreach(Option.scala:407)
[2024-11-03T09:45:26.368+0000] {spark_submit.py:495} INFO - at org.apache.spark.scheduler.DAGScheduler.handleTaskSetFailed(DAGScheduler.scala:1206)
[2024-11-03T09:45:26.368+0000] {spark_submit.py:495} INFO - at org.apache.spark.scheduler.DAGSchedulerEventProcessLoop.doOnReceive(DAGScheduler.scala:2984)
[2024-11-03T09:45:26.368+0000] {spark_submit.py:495} INFO - at org.apache.spark.scheduler.DAGSchedulerEventProcessLoop.onReceive(DAGScheduler.scala:2923)
[2024-11-03T09:45:26.368+0000] {spark_submit.py:495} INFO - at org.apache.spark.scheduler.DAGSchedulerEventProcessLoop.onReceive(DAGScheduler.scala:2912)
[2024-11-03T09:45:26.369+0000] {spark_submit.py:495} INFO - at org.apache.spark.util.EventLoop$$anon$1.run(EventLoop.scala:49)
[2024-11-03T09:45:26.369+0000] {spark_submit.py:495} INFO - at org.apache.spark.scheduler.DAGScheduler.runJob(DAGScheduler.scala:971)
[2024-11-03T09:45:26.369+0000] {spark_submit.py:495} INFO - at org.apache.spark.SparkContext.runJob(SparkContext.scala:2263)
[2024-11-03T09:45:26.369+0000] {spark_submit.py:495} INFO - at org.apache.spark.sql.execution.datasources.FileFormatWriter$.$anonfun$executeWrite$1(FileFormatWriter.scala:241)
[2024-11-03T09:45:26.369+0000] {spark_submit.py:495} INFO - at org.apache.spark.sql.execution.datasources.FileFormatWriter$.writeAndCommit(FileFormatWriter.scala:271)
[2024-11-03T09:45:26.370+0000] {spark_submit.py:495} INFO - at org.apache.spark.sql.execution.datasources.FileFormatWriter$.executeWrite(FileFormatWriter.scala:212)
[2024-11-03T09:45:26.370+0000] {spark_submit.py:495} INFO - at org.apache.spark.sql.execution.datasources.FileFormatWriter$.write(FileFormatWriter.scala:193)
[2024-11-03T09:45:26.370+0000] {spark_submit.py:495} INFO - at org.apache.spark.sql.execution.streaming.FileStreamSink.addBatch(FileStreamSink.scala:171)
[2024-11-03T09:45:26.370+0000] {spark_submit.py:495} INFO - at org.apache.spark.sql.execution.streaming.MicroBatchExecution.$anonfun$runBatch$17(MicroBatchExecution.scala:729)
[2024-11-03T09:45:26.370+0000] {spark_submit.py:495} INFO - at org.apache.spark.sql.execution.SQLExecution$.$anonfun$withNewExecutionId$6(SQLExecution.scala:118)
[2024-11-03T09:45:26.371+0000] {spark_submit.py:495} INFO - at org.apache.spark.sql.execution.SQLExecution$.withSQLConfPropagated(SQLExecution.scala:195)
[2024-11-03T09:45:26.371+0000] {spark_submit.py:495} INFO - at org.apache.spark.sql.execution.SQLExecution$.$anonfun$withNewExecutionId$1(SQLExecution.scala:103)
[2024-11-03T09:45:26.371+0000] {spark_submit.py:495} INFO - at org.apache.spark.sql.SparkSession.withActive(SparkSession.scala:827)
[2024-11-03T09:45:26.371+0000] {spark_submit.py:495} INFO - at org.apache.spark.sql.execution.SQLExecution$.withNewExecutionId(SQLExecution.scala:65)
[2024-11-03T09:45:26.371+0000] {spark_submit.py:495} INFO - at org.apache.spark.sql.execution.streaming.MicroBatchExecution.$anonfun$runBatch$16(MicroBatchExecution.scala:726)
[2024-11-03T09:45:26.372+0000] {spark_submit.py:495} INFO - at org.apache.spark.sql.execution.streaming.ProgressReporter.reportTimeTaken(ProgressReporter.scala:411)
[2024-11-03T09:45:26.372+0000] {spark_submit.py:495} INFO - at org.apache.spark.sql.execution.streaming.ProgressReporter.reportTimeTaken$(ProgressReporter.scala:409)
[2024-11-03T09:45:26.372+0000] {spark_submit.py:495} INFO - at org.apache.spark.sql.execution.streaming.StreamExecution.reportTimeTaken(StreamExecution.scala:67)
[2024-11-03T09:45:26.372+0000] {spark_submit.py:495} INFO - at org.apache.spark.sql.execution.streaming.MicroBatchExecution.runBatch(MicroBatchExecution.scala:726)
[2024-11-03T09:45:26.372+0000] {spark_submit.py:495} INFO - at org.apache.spark.sql.execution.streaming.MicroBatchExecution.$anonfun$runActivatedStream$2(MicroBatchExecution.scala:284)
[2024-11-03T09:45:26.373+0000] {spark_submit.py:495} INFO - at scala.runtime.java8.JFunction0$mcV$sp.apply(JFunction0$mcV$sp.java:23)
[2024-11-03T09:45:26.373+0000] {spark_submit.py:495} INFO - at org.apache.spark.sql.execution.streaming.ProgressReporter.reportTimeTaken(ProgressReporter.scala:411)
[2024-11-03T09:45:26.373+0000] {spark_submit.py:495} INFO - at org.apache.spark.sql.execution.streaming.ProgressReporter.reportTimeTaken$(ProgressReporter.scala:409)
[2024-11-03T09:45:26.373+0000] {spark_submit.py:495} INFO - at org.apache.spark.sql.execution.streaming.StreamExecution.reportTimeTaken(StreamExecution.scala:67)
[2024-11-03T09:45:26.373+0000] {spark_submit.py:495} INFO - at org.apache.spark.sql.execution.streaming.MicroBatchExecution.$anonfun$runActivatedStream$1(MicroBatchExecution.scala:247)
[2024-11-03T09:45:26.373+0000] {spark_submit.py:495} INFO - at org.apache.spark.sql.execution.streaming.ProcessingTimeExecutor.execute(TriggerExecutor.scala:67)
[2024-11-03T09:45:26.374+0000] {spark_submit.py:495} INFO - at org.apache.spark.sql.execution.streaming.MicroBatchExecution.runActivatedStream(MicroBatchExecution.scala:237)
[2024-11-03T09:45:26.374+0000] {spark_submit.py:495} INFO - at org.apache.spark.sql.execution.streaming.StreamExecution.$anonfun$runStream$1(StreamExecution.scala:306)
[2024-11-03T09:45:26.374+0000] {spark_submit.py:495} INFO - at scala.runtime.java8.JFunction0$mcV$sp.apply(JFunction0$mcV$sp.java:23)
[2024-11-03T09:45:26.374+0000] {spark_submit.py:495} INFO - at org.apache.spark.sql.SparkSession.withActive(SparkSession.scala:827)
[2024-11-03T09:45:26.374+0000] {spark_submit.py:495} INFO - at org.apache.spark.sql.execution.streaming.StreamExecution.org$apache$spark$sql$execution$streaming$StreamExecution$$runStream(StreamExecution.scala:284)
[2024-11-03T09:45:26.374+0000] {spark_submit.py:495} INFO - at org.apache.spark.sql.execution.streaming.StreamExecution$$anon$1.run(StreamExecution.scala:207)
[2024-11-03T09:45:26.375+0000] {spark_submit.py:495} INFO - Caused by: java.lang.ClassCastException: cannot assign instance of scala.collection.immutable.List$SerializationProxy to field org.apache.spark.sql.execution.datasources.v2.DataSourceRDDPartition.inputPartitions of type scala.collection.Seq in instance of org.apache.spark.sql.execution.datasources.v2.DataSourceRDDPartition
[2024-11-03T09:45:26.375+0000] {spark_submit.py:495} INFO - at java.base/java.io.ObjectStreamClass$FieldReflector.setObjFieldValues(ObjectStreamClass.java:2096)
[2024-11-03T09:45:26.375+0000] {spark_submit.py:495} INFO - at java.base/java.io.ObjectStreamClass$FieldReflector.checkObjectFieldValueTypes(ObjectStreamClass.java:2060)
[2024-11-03T09:45:26.375+0000] {spark_submit.py:495} INFO - at java.base/java.io.ObjectStreamClass.checkObjFieldValueTypes(ObjectStreamClass.java:1347)
[2024-11-03T09:45:26.375+0000] {spark_submit.py:495} INFO - at java.base/java.io.ObjectInputStream$FieldValues.defaultCheckFieldValues(ObjectInputStream.java:2679)
[2024-11-03T09:45:26.375+0000] {spark_submit.py:495} INFO - at java.base/java.io.ObjectInputStream.readSerialData(ObjectInputStream.java:2486)
[2024-11-03T09:45:26.376+0000] {spark_submit.py:495} INFO - at java.base/java.io.ObjectInputStream.readOrdinaryObject(ObjectInputStream.java:2257)
[2024-11-03T09:45:26.376+0000] {spark_submit.py:495} INFO - at java.base/java.io.ObjectInputStream.readObject0(ObjectInputStream.java:1733)
[2024-11-03T09:45:26.376+0000] {spark_submit.py:495} INFO - at java.base/java.io.ObjectInputStream$FieldValues.<init>(ObjectInputStream.java:2606)
[2024-11-03T09:45:26.376+0000] {spark_submit.py:495} INFO - at java.base/java.io.ObjectInputStream.readSerialData(ObjectInputStream.java:2457)
[2024-11-03T09:45:26.376+0000] {spark_submit.py:495} INFO - at java.base/java.io.ObjectInputStream.readOrdinaryObject(ObjectInputStream.java:2257)
[2024-11-03T09:45:26.377+0000] {spark_submit.py:495} INFO - at java.base/java.io.ObjectInputStream.readObject0(ObjectInputStream.java:1733)
[2024-11-03T09:45:26.377+0000] {spark_submit.py:495} INFO - at java.base/java.io.ObjectInputStream.readObject(ObjectInputStream.java:509)
[2024-11-03T09:45:26.526+0000] {spark_submit.py:495} INFO - at java.base/java.io.ObjectInputStream.readObject(ObjectInputStream.java:467)
[2024-11-03T09:45:26.528+0000] {spark_submit.py:495} INFO - at org.apache.spark.serializer.JavaDeserializationStream.readObject(JavaSerializer.scala:87)
[2024-11-03T09:45:26.530+0000] {spark_submit.py:495} INFO - at org.apache.spark.serializer.JavaSerializerInstance.deserialize(JavaSerializer.scala:129)
[2024-11-03T09:45:26.530+0000] {spark_submit.py:495} INFO - at org.apache.spark.executor.Executor$TaskRunner.run(Executor.scala:513)
[2024-11-03T09:45:26.531+0000] {spark_submit.py:495} INFO - at java.base/java.util.concurrent.ThreadPoolExecutor.runWorker(ThreadPoolExecutor.java:1136)
[2024-11-03T09:45:26.531+0000] {spark_submit.py:495} INFO - at java.base/java.util.concurrent.ThreadPoolExecutor$Worker.run(ThreadPoolExecutor.java:635)
[2024-11-03T09:45:26.531+0000] {spark_submit.py:495} INFO - at java.base/java.lang.Thread.run(Thread.java:840)
[2024-11-03T09:45:27.776+0000] {spark_submit.py:495} INFO - 24/11/03 09:45:27 ERROR MicroBatchExecution: Query [id = e31f66b5-a975-48d2-aff4-2b8b1d6c04dd, runId = b189f438-e5ab-415d-8eb4-664a26ae9ca9] terminated with error
[2024-11-03T09:45:27.778+0000] {spark_submit.py:495} INFO - org.apache.spark.SparkException: Job aborted due to stage failure: Task 0 in stage 0.0 failed 4 times, most recent failure: Lost task 0.3 in stage 0.0 (TID 3) (172.20.0.6 executor 0): java.lang.ClassCastException: cannot assign instance of scala.collection.immutable.List$SerializationProxy to field org.apache.spark.sql.execution.datasources.v2.DataSourceRDDPartition.inputPartitions of type scala.collection.Seq in instance of org.apache.spark.sql.execution.datasources.v2.DataSourceRDDPartition
[2024-11-03T09:45:27.781+0000] {spark_submit.py:495} INFO - at java.base/java.io.ObjectStreamClass$FieldReflector.setObjFieldValues(ObjectStreamClass.java:2096)
[2024-11-03T09:45:27.781+0000] {spark_submit.py:495} INFO - at java.base/java.io.ObjectStreamClass$FieldReflector.checkObjectFieldValueTypes(ObjectStreamClass.java:2060)
[2024-11-03T09:45:27.781+0000] {spark_submit.py:495} INFO - at java.base/java.io.ObjectStreamClass.checkObjFieldValueTypes(ObjectStreamClass.java:1347)
[2024-11-03T09:45:27.781+0000] {spark_submit.py:495} INFO - at java.base/java.io.ObjectInputStream$FieldValues.defaultCheckFieldValues(ObjectInputStream.java:2679)
[2024-11-03T09:45:27.782+0000] {spark_submit.py:495} INFO - at java.base/java.io.ObjectInputStream.readSerialData(ObjectInputStream.java:2486)
[2024-11-03T09:45:27.782+0000] {spark_submit.py:495} INFO - at java.base/java.io.ObjectInputStream.readOrdinaryObject(ObjectInputStream.java:2257)
[2024-11-03T09:45:27.782+0000] {spark_submit.py:495} INFO - at java.base/java.io.ObjectInputStream.readObject0(ObjectInputStream.java:1733)
[2024-11-03T09:45:27.782+0000] {spark_submit.py:495} INFO - at java.base/java.io.ObjectInputStream$FieldValues.<init>(ObjectInputStream.java:2606)
[2024-11-03T09:45:27.783+0000] {spark_submit.py:495} INFO - at java.base/java.io.ObjectInputStream.readSerialData(ObjectInputStream.java:2457)
[2024-11-03T09:45:27.783+0000] {spark_submit.py:495} INFO - at java.base/java.io.ObjectInputStream.readOrdinaryObject(ObjectInputStream.java:2257)
[2024-11-03T09:45:27.783+0000] {spark_submit.py:495} INFO - at java.base/java.io.ObjectInputStream.readObject0(ObjectInputStream.java:1733)
[2024-11-03T09:45:27.783+0000] {spark_submit.py:495} INFO - at java.base/java.io.ObjectInputStream.readObject(ObjectInputStream.java:509)
[2024-11-03T09:45:27.784+0000] {spark_submit.py:495} INFO - at java.base/java.io.ObjectInputStream.readObject(ObjectInputStream.java:467)
[2024-11-03T09:45:27.784+0000] {spark_submit.py:495} INFO - at org.apache.spark.serializer.JavaDeserializationStream.readObject(JavaSerializer.scala:87)
[2024-11-03T09:45:27.784+0000] {spark_submit.py:495} INFO - at org.apache.spark.serializer.JavaSerializerInstance.deserialize(JavaSerializer.scala:129)
[2024-11-03T09:45:27.784+0000] {spark_submit.py:495} INFO - at org.apache.spark.executor.Executor$TaskRunner.run(Executor.scala:513)
[2024-11-03T09:45:27.784+0000] {spark_submit.py:495} INFO - at java.base/java.util.concurrent.ThreadPoolExecutor.runWorker(ThreadPoolExecutor.java:1136)
[2024-11-03T09:45:27.810+0000] {spark_submit.py:495} INFO - at java.base/java.util.concurrent.ThreadPoolExecutor$Worker.run(ThreadPoolExecutor.java:635)
[2024-11-03T09:45:27.811+0000] {spark_submit.py:495} INFO - at java.base/java.lang.Thread.run(Thread.java:840)
[2024-11-03T09:45:27.812+0000] {spark_submit.py:495} INFO - 
[2024-11-03T09:45:27.812+0000] {spark_submit.py:495} INFO - Driver stacktrace:
[2024-11-03T09:45:27.819+0000] {spark_submit.py:495} INFO - at org.apache.spark.scheduler.DAGScheduler.failJobAndIndependentStages(DAGScheduler.scala:2785)
[2024-11-03T09:45:27.832+0000] {spark_submit.py:495} INFO - at org.apache.spark.scheduler.DAGScheduler.$anonfun$abortStage$2(DAGScheduler.scala:2721)
[2024-11-03T09:45:27.833+0000] {spark_submit.py:495} INFO - at org.apache.spark.scheduler.DAGScheduler.$anonfun$abortStage$2$adapted(DAGScheduler.scala:2720)
[2024-11-03T09:45:27.833+0000] {spark_submit.py:495} INFO - at scala.collection.mutable.ResizableArray.foreach(ResizableArray.scala:62)
[2024-11-03T09:45:27.833+0000] {spark_submit.py:495} INFO - at scala.collection.mutable.ResizableArray.foreach$(ResizableArray.scala:55)
[2024-11-03T09:45:27.833+0000] {spark_submit.py:495} INFO - at scala.collection.mutable.ArrayBuffer.foreach(ArrayBuffer.scala:49)
[2024-11-03T09:45:27.846+0000] {spark_submit.py:495} INFO - at org.apache.spark.scheduler.DAGScheduler.abortStage(DAGScheduler.scala:2720)
[2024-11-03T09:45:27.850+0000] {spark_submit.py:495} INFO - at org.apache.spark.scheduler.DAGScheduler.$anonfun$handleTaskSetFailed$1(DAGScheduler.scala:1206)
[2024-11-03T09:45:27.851+0000] {spark_submit.py:495} INFO - at org.apache.spark.scheduler.DAGScheduler.$anonfun$handleTaskSetFailed$1$adapted(DAGScheduler.scala:1206)
[2024-11-03T09:45:27.851+0000] {spark_submit.py:495} INFO - at scala.Option.foreach(Option.scala:407)
[2024-11-03T09:45:27.852+0000] {spark_submit.py:495} INFO - at org.apache.spark.scheduler.DAGScheduler.handleTaskSetFailed(DAGScheduler.scala:1206)
[2024-11-03T09:45:27.852+0000] {spark_submit.py:495} INFO - at org.apache.spark.scheduler.DAGSchedulerEventProcessLoop.doOnReceive(DAGScheduler.scala:2984)
[2024-11-03T09:45:27.853+0000] {spark_submit.py:495} INFO - at org.apache.spark.scheduler.DAGSchedulerEventProcessLoop.onReceive(DAGScheduler.scala:2923)
[2024-11-03T09:45:27.853+0000] {spark_submit.py:495} INFO - at org.apache.spark.scheduler.DAGSchedulerEventProcessLoop.onReceive(DAGScheduler.scala:2912)
[2024-11-03T09:45:27.854+0000] {spark_submit.py:495} INFO - at org.apache.spark.util.EventLoop$$anon$1.run(EventLoop.scala:49)
[2024-11-03T09:45:27.974+0000] {spark_submit.py:495} INFO - at org.apache.spark.scheduler.DAGScheduler.runJob(DAGScheduler.scala:971)
[2024-11-03T09:45:27.984+0000] {spark_submit.py:495} INFO - at org.apache.spark.SparkContext.runJob(SparkContext.scala:2263)
[2024-11-03T09:45:27.985+0000] {spark_submit.py:495} INFO - at org.apache.spark.sql.execution.datasources.FileFormatWriter$.$anonfun$executeWrite$1(FileFormatWriter.scala:241)
[2024-11-03T09:45:27.985+0000] {spark_submit.py:495} INFO - at org.apache.spark.sql.execution.datasources.FileFormatWriter$.writeAndCommit(FileFormatWriter.scala:271)
[2024-11-03T09:45:27.985+0000] {spark_submit.py:495} INFO - at org.apache.spark.sql.execution.datasources.FileFormatWriter$.executeWrite(FileFormatWriter.scala:212)
[2024-11-03T09:45:27.985+0000] {spark_submit.py:495} INFO - at org.apache.spark.sql.execution.datasources.FileFormatWriter$.write(FileFormatWriter.scala:193)
[2024-11-03T09:45:27.986+0000] {spark_submit.py:495} INFO - at org.apache.spark.sql.execution.streaming.FileStreamSink.addBatch(FileStreamSink.scala:171)
[2024-11-03T09:45:27.986+0000] {spark_submit.py:495} INFO - at org.apache.spark.sql.execution.streaming.MicroBatchExecution.$anonfun$runBatch$17(MicroBatchExecution.scala:729)
[2024-11-03T09:45:27.986+0000] {spark_submit.py:495} INFO - at org.apache.spark.sql.execution.SQLExecution$.$anonfun$withNewExecutionId$6(SQLExecution.scala:118)
[2024-11-03T09:45:27.986+0000] {spark_submit.py:495} INFO - at org.apache.spark.sql.execution.SQLExecution$.withSQLConfPropagated(SQLExecution.scala:195)
[2024-11-03T09:45:27.986+0000] {spark_submit.py:495} INFO - at org.apache.spark.sql.execution.SQLExecution$.$anonfun$withNewExecutionId$1(SQLExecution.scala:103)
[2024-11-03T09:45:27.987+0000] {spark_submit.py:495} INFO - at org.apache.spark.sql.SparkSession.withActive(SparkSession.scala:827)
[2024-11-03T09:45:27.987+0000] {spark_submit.py:495} INFO - at org.apache.spark.sql.execution.SQLExecution$.withNewExecutionId(SQLExecution.scala:65)
[2024-11-03T09:45:27.987+0000] {spark_submit.py:495} INFO - at org.apache.spark.sql.execution.streaming.MicroBatchExecution.$anonfun$runBatch$16(MicroBatchExecution.scala:726)
[2024-11-03T09:45:27.987+0000] {spark_submit.py:495} INFO - at org.apache.spark.sql.execution.streaming.ProgressReporter.reportTimeTaken(ProgressReporter.scala:411)
[2024-11-03T09:45:27.988+0000] {spark_submit.py:495} INFO - at org.apache.spark.sql.execution.streaming.ProgressReporter.reportTimeTaken$(ProgressReporter.scala:409)
[2024-11-03T09:45:27.988+0000] {spark_submit.py:495} INFO - at org.apache.spark.sql.execution.streaming.StreamExecution.reportTimeTaken(StreamExecution.scala:67)
[2024-11-03T09:45:27.988+0000] {spark_submit.py:495} INFO - at org.apache.spark.sql.execution.streaming.MicroBatchExecution.runBatch(MicroBatchExecution.scala:726)
[2024-11-03T09:45:27.988+0000] {spark_submit.py:495} INFO - at org.apache.spark.sql.execution.streaming.MicroBatchExecution.$anonfun$runActivatedStream$2(MicroBatchExecution.scala:284)
[2024-11-03T09:45:27.989+0000] {spark_submit.py:495} INFO - at scala.runtime.java8.JFunction0$mcV$sp.apply(JFunction0$mcV$sp.java:23)
[2024-11-03T09:45:27.989+0000] {spark_submit.py:495} INFO - at org.apache.spark.sql.execution.streaming.ProgressReporter.reportTimeTaken(ProgressReporter.scala:411)
[2024-11-03T09:45:27.989+0000] {spark_submit.py:495} INFO - at org.apache.spark.sql.execution.streaming.ProgressReporter.reportTimeTaken$(ProgressReporter.scala:409)
[2024-11-03T09:45:27.989+0000] {spark_submit.py:495} INFO - at org.apache.spark.sql.execution.streaming.StreamExecution.reportTimeTaken(StreamExecution.scala:67)
[2024-11-03T09:45:27.989+0000] {spark_submit.py:495} INFO - at org.apache.spark.sql.execution.streaming.MicroBatchExecution.$anonfun$runActivatedStream$1(MicroBatchExecution.scala:247)
[2024-11-03T09:45:27.990+0000] {spark_submit.py:495} INFO - at org.apache.spark.sql.execution.streaming.ProcessingTimeExecutor.execute(TriggerExecutor.scala:67)
[2024-11-03T09:45:27.990+0000] {spark_submit.py:495} INFO - at org.apache.spark.sql.execution.streaming.MicroBatchExecution.runActivatedStream(MicroBatchExecution.scala:237)
[2024-11-03T09:45:27.990+0000] {spark_submit.py:495} INFO - at org.apache.spark.sql.execution.streaming.StreamExecution.$anonfun$runStream$1(StreamExecution.scala:306)
[2024-11-03T09:45:27.990+0000] {spark_submit.py:495} INFO - at scala.runtime.java8.JFunction0$mcV$sp.apply(JFunction0$mcV$sp.java:23)
[2024-11-03T09:45:27.990+0000] {spark_submit.py:495} INFO - at org.apache.spark.sql.SparkSession.withActive(SparkSession.scala:827)
[2024-11-03T09:45:27.991+0000] {spark_submit.py:495} INFO - at org.apache.spark.sql.execution.streaming.StreamExecution.org$apache$spark$sql$execution$streaming$StreamExecution$$runStream(StreamExecution.scala:284)
[2024-11-03T09:45:27.991+0000] {spark_submit.py:495} INFO - at org.apache.spark.sql.execution.streaming.StreamExecution$$anon$1.run(StreamExecution.scala:207)
[2024-11-03T09:45:28.062+0000] {spark_submit.py:495} INFO - Caused by: java.lang.ClassCastException: cannot assign instance of scala.collection.immutable.List$SerializationProxy to field org.apache.spark.sql.execution.datasources.v2.DataSourceRDDPartition.inputPartitions of type scala.collection.Seq in instance of org.apache.spark.sql.execution.datasources.v2.DataSourceRDDPartition
[2024-11-03T09:45:28.062+0000] {spark_submit.py:495} INFO - at java.base/java.io.ObjectStreamClass$FieldReflector.setObjFieldValues(ObjectStreamClass.java:2096)
[2024-11-03T09:45:28.062+0000] {spark_submit.py:495} INFO - at java.base/java.io.ObjectStreamClass$FieldReflector.checkObjectFieldValueTypes(ObjectStreamClass.java:2060)
[2024-11-03T09:45:28.062+0000] {spark_submit.py:495} INFO - at java.base/java.io.ObjectStreamClass.checkObjFieldValueTypes(ObjectStreamClass.java:1347)
[2024-11-03T09:45:28.062+0000] {spark_submit.py:495} INFO - at java.base/java.io.ObjectInputStream$FieldValues.defaultCheckFieldValues(ObjectInputStream.java:2679)
[2024-11-03T09:45:28.063+0000] {spark_submit.py:495} INFO - at java.base/java.io.ObjectInputStream.readSerialData(ObjectInputStream.java:2486)
[2024-11-03T09:45:28.063+0000] {spark_submit.py:495} INFO - at java.base/java.io.ObjectInputStream.readOrdinaryObject(ObjectInputStream.java:2257)
[2024-11-03T09:45:28.063+0000] {spark_submit.py:495} INFO - at java.base/java.io.ObjectInputStream.readObject0(ObjectInputStream.java:1733)
[2024-11-03T09:45:28.063+0000] {spark_submit.py:495} INFO - at java.base/java.io.ObjectInputStream$FieldValues.<init>(ObjectInputStream.java:2606)
[2024-11-03T09:45:28.063+0000] {spark_submit.py:495} INFO - at java.base/java.io.ObjectInputStream.readSerialData(ObjectInputStream.java:2457)
[2024-11-03T09:45:28.063+0000] {spark_submit.py:495} INFO - at java.base/java.io.ObjectInputStream.readOrdinaryObject(ObjectInputStream.java:2257)
[2024-11-03T09:45:28.064+0000] {spark_submit.py:495} INFO - at java.base/java.io.ObjectInputStream.readObject0(ObjectInputStream.java:1733)
[2024-11-03T09:45:28.064+0000] {spark_submit.py:495} INFO - at java.base/java.io.ObjectInputStream.readObject(ObjectInputStream.java:509)
[2024-11-03T09:45:28.064+0000] {spark_submit.py:495} INFO - at java.base/java.io.ObjectInputStream.readObject(ObjectInputStream.java:467)
[2024-11-03T09:45:28.064+0000] {spark_submit.py:495} INFO - at org.apache.spark.serializer.JavaDeserializationStream.readObject(JavaSerializer.scala:87)
[2024-11-03T09:45:28.064+0000] {spark_submit.py:495} INFO - at org.apache.spark.serializer.JavaSerializerInstance.deserialize(JavaSerializer.scala:129)
[2024-11-03T09:45:28.064+0000] {spark_submit.py:495} INFO - at org.apache.spark.executor.Executor$TaskRunner.run(Executor.scala:513)
[2024-11-03T09:45:28.065+0000] {spark_submit.py:495} INFO - at java.base/java.util.concurrent.ThreadPoolExecutor.runWorker(ThreadPoolExecutor.java:1136)
[2024-11-03T09:45:28.065+0000] {spark_submit.py:495} INFO - at java.base/java.util.concurrent.ThreadPoolExecutor$Worker.run(ThreadPoolExecutor.java:635)
[2024-11-03T09:45:28.065+0000] {spark_submit.py:495} INFO - at java.base/java.lang.Thread.run(Thread.java:840)
[2024-11-03T09:45:28.065+0000] {spark_submit.py:495} INFO - 24/11/03 09:45:27 INFO MicroBatchExecution: Async log purge executor pool for query [id = e31f66b5-a975-48d2-aff4-2b8b1d6c04dd, runId = b189f438-e5ab-415d-8eb4-664a26ae9ca9] has been shutdown
[2024-11-03T09:45:29.887+0000] {spark_submit.py:495} INFO - Traceback (most recent call last):
[2024-11-03T09:45:29.901+0000] {spark_submit.py:495} INFO - File "/opt/***/dags/spark_streaming_job.py", line 64, in <module>
[2024-11-03T09:45:29.916+0000] {spark_submit.py:495} INFO - spark_streaming_job()
[2024-11-03T09:45:29.930+0000] {spark_submit.py:495} INFO - File "/opt/***/dags/spark_streaming_job.py", line 51, in spark_streaming_job
[2024-11-03T09:45:29.944+0000] {spark_submit.py:495} INFO - query.awaitTermination()
[2024-11-03T09:45:29.944+0000] {spark_submit.py:495} INFO - File "/home/***/.local/lib/python3.11/site-packages/pyspark/python/lib/pyspark.zip/pyspark/sql/streaming/query.py", line 201, in awaitTermination
[2024-11-03T09:45:29.944+0000] {spark_submit.py:495} INFO - File "/home/***/.local/lib/python3.11/site-packages/pyspark/python/lib/py4j-0.10.9.7-src.zip/py4j/java_gateway.py", line 1322, in __call__
[2024-11-03T09:45:29.944+0000] {spark_submit.py:495} INFO - File "/home/***/.local/lib/python3.11/site-packages/pyspark/python/lib/pyspark.zip/pyspark/errors/exceptions/captured.py", line 175, in deco
[2024-11-03T09:45:29.961+0000] {spark_submit.py:495} INFO - pyspark.errors.exceptions.captured.StreamingQueryException: [STREAM_FAILED] Query [id = e31f66b5-a975-48d2-aff4-2b8b1d6c04dd, runId = b189f438-e5ab-415d-8eb4-664a26ae9ca9] terminated with exception: Job aborted due to stage failure: Task 0 in stage 0.0 failed 4 times, most recent failure: Lost task 0.3 in stage 0.0 (TID 3) (172.20.0.6 executor 0): java.lang.ClassCastException: cannot assign instance of scala.collection.immutable.List$SerializationProxy to field org.apache.spark.sql.execution.datasources.v2.DataSourceRDDPartition.inputPartitions of type scala.collection.Seq in instance of org.apache.spark.sql.execution.datasources.v2.DataSourceRDDPartition
[2024-11-03T09:45:29.962+0000] {spark_submit.py:495} INFO - at java.base/java.io.ObjectStreamClass$FieldReflector.setObjFieldValues(ObjectStreamClass.java:2096)
[2024-11-03T09:45:29.962+0000] {spark_submit.py:495} INFO - at java.base/java.io.ObjectStreamClass$FieldReflector.checkObjectFieldValueTypes(ObjectStreamClass.java:2060)
[2024-11-03T09:45:29.962+0000] {spark_submit.py:495} INFO - at java.base/java.io.ObjectStreamClass.checkObjFieldValueTypes(ObjectStreamClass.java:1347)
[2024-11-03T09:45:29.963+0000] {spark_submit.py:495} INFO - at java.base/java.io.ObjectInputStream$FieldValues.defaultCheckFieldValues(ObjectInputStream.java:2679)
[2024-11-03T09:45:29.963+0000] {spark_submit.py:495} INFO - at java.base/java.io.ObjectInputStream.readSerialData(ObjectInputStream.java:2486)
[2024-11-03T09:45:29.963+0000] {spark_submit.py:495} INFO - at java.base/java.io.ObjectInputStream.readOrdinaryObject(ObjectInputStream.java:2257)
[2024-11-03T09:45:29.963+0000] {spark_submit.py:495} INFO - at java.base/java.io.ObjectInputStream.readObject0(ObjectInputStream.java:1733)
[2024-11-03T09:45:29.964+0000] {spark_submit.py:495} INFO - at java.base/java.io.ObjectInputStream$FieldValues.<init>(ObjectInputStream.java:2606)
[2024-11-03T09:45:29.978+0000] {spark_submit.py:495} INFO - at java.base/java.io.ObjectInputStream.readSerialData(ObjectInputStream.java:2457)
[2024-11-03T09:45:29.985+0000] {spark_submit.py:495} INFO - at java.base/java.io.ObjectInputStream.readOrdinaryObject(ObjectInputStream.java:2257)
[2024-11-03T09:45:29.985+0000] {spark_submit.py:495} INFO - at java.base/java.io.ObjectInputStream.readObject0(ObjectInputStream.java:1733)
[2024-11-03T09:45:29.985+0000] {spark_submit.py:495} INFO - at java.base/java.io.ObjectInputStream.readObject(ObjectInputStream.java:509)
[2024-11-03T09:45:29.985+0000] {spark_submit.py:495} INFO - at java.base/java.io.ObjectInputStream.readObject(ObjectInputStream.java:467)
[2024-11-03T09:45:29.986+0000] {spark_submit.py:495} INFO - at org.apache.spark.serializer.JavaDeserializationStream.readObject(JavaSerializer.scala:87)
[2024-11-03T09:45:29.986+0000] {spark_submit.py:495} INFO - at org.apache.spark.serializer.JavaSerializerInstance.deserialize(JavaSerializer.scala:129)
[2024-11-03T09:45:29.986+0000] {spark_submit.py:495} INFO - at org.apache.spark.executor.Executor$TaskRunner.run(Executor.scala:513)
[2024-11-03T09:45:29.986+0000] {spark_submit.py:495} INFO - at java.base/java.util.concurrent.ThreadPoolExecutor.runWorker(ThreadPoolExecutor.java:1136)
[2024-11-03T09:45:29.986+0000] {spark_submit.py:495} INFO - at java.base/java.util.concurrent.ThreadPoolExecutor$Worker.run(ThreadPoolExecutor.java:635)
[2024-11-03T09:45:29.986+0000] {spark_submit.py:495} INFO - at java.base/java.lang.Thread.run(Thread.java:840)
[2024-11-03T09:45:29.987+0000] {spark_submit.py:495} INFO - 
[2024-11-03T09:45:29.987+0000] {spark_submit.py:495} INFO - Driver stacktrace:
[2024-11-03T09:45:30.316+0000] {spark_submit.py:495} INFO - 24/11/03 09:45:30 INFO SparkContext: Invoking stop() from shutdown hook
[2024-11-03T09:45:30.326+0000] {spark_submit.py:495} INFO - 24/11/03 09:45:30 INFO SparkContext: SparkContext is stopping with exitCode 0.
[2024-11-03T09:45:30.474+0000] {spark_submit.py:495} INFO - 24/11/03 09:45:30 INFO SparkUI: Stopped Spark web UI at http://7d9160448bdc:4040
[2024-11-03T09:45:30.517+0000] {spark_submit.py:495} INFO - 24/11/03 09:45:30 INFO StandaloneSchedulerBackend: Shutting down all executors
[2024-11-03T09:45:30.523+0000] {spark_submit.py:495} INFO - 24/11/03 09:45:30 INFO StandaloneSchedulerBackend$StandaloneDriverEndpoint: Asking each executor to shut down
[2024-11-03T09:45:31.052+0000] {spark_submit.py:495} INFO - 24/11/03 09:45:31 INFO MapOutputTrackerMasterEndpoint: MapOutputTrackerMasterEndpoint stopped!
[2024-11-03T09:45:31.532+0000] {spark_submit.py:495} INFO - 24/11/03 09:45:31 INFO MemoryStore: MemoryStore cleared
[2024-11-03T09:45:31.533+0000] {spark_submit.py:495} INFO - 24/11/03 09:45:31 INFO BlockManager: BlockManager stopped
[2024-11-03T09:45:31.676+0000] {spark_submit.py:495} INFO - 24/11/03 09:45:31 INFO BlockManagerMaster: BlockManagerMaster stopped
[2024-11-03T09:45:31.726+0000] {spark_submit.py:495} INFO - 24/11/03 09:45:31 INFO OutputCommitCoordinator$OutputCommitCoordinatorEndpoint: OutputCommitCoordinator stopped!
[2024-11-03T09:45:31.965+0000] {spark_submit.py:495} INFO - 24/11/03 09:45:31 INFO SparkContext: Successfully stopped SparkContext
[2024-11-03T09:45:31.978+0000] {spark_submit.py:495} INFO - 24/11/03 09:45:31 INFO ShutdownHookManager: Shutdown hook called
[2024-11-03T09:45:31.978+0000] {spark_submit.py:495} INFO - 24/11/03 09:45:31 INFO ShutdownHookManager: Deleting directory /tmp/spark-1beb6ffd-6943-4544-a6d4-2ee0d0a70585
[2024-11-03T09:45:31.990+0000] {spark_submit.py:495} INFO - 24/11/03 09:45:31 INFO ShutdownHookManager: Deleting directory /tmp/spark-b107cd3f-4ae3-431d-8e1a-3e3f0909a378
[2024-11-03T09:45:32.085+0000] {spark_submit.py:495} INFO - 24/11/03 09:45:32 INFO ShutdownHookManager: Deleting directory /tmp/spark-b107cd3f-4ae3-431d-8e1a-3e3f0909a378/pyspark-1c94e042-8181-4a1e-b83d-e5d9829ab08d
[2024-11-03T09:45:32.586+0000] {taskinstance.py:441} INFO - ::group::Post task execution logs
[2024-11-03T09:45:32.613+0000] {taskinstance.py:2905} ERROR - Task failed with exception
Traceback (most recent call last):
  File "/home/airflow/.local/lib/python3.11/site-packages/airflow/models/taskinstance.py", line 465, in _execute_task
    result = _execute_callable(context=context, **execute_callable_kwargs)
             ^^^^^^^^^^^^^^^^^^^^^^^^^^^^^^^^^^^^^^^^^^^^^^^^^^^^^^^^^^^^^
  File "/home/airflow/.local/lib/python3.11/site-packages/airflow/models/taskinstance.py", line 432, in _execute_callable
    return execute_callable(context=context, **execute_callable_kwargs)
           ^^^^^^^^^^^^^^^^^^^^^^^^^^^^^^^^^^^^^^^^^^^^^^^^^^^^^^^^^^^^
  File "/home/airflow/.local/lib/python3.11/site-packages/airflow/models/baseoperator.py", line 401, in wrapper
    return func(self, *args, **kwargs)
           ^^^^^^^^^^^^^^^^^^^^^^^^^^^
  File "/home/airflow/.local/lib/python3.11/site-packages/airflow/providers/apache/spark/operators/spark_submit.py", line 157, in execute
    self._hook.submit(self._application)
  File "/home/airflow/.local/lib/python3.11/site-packages/airflow/providers/apache/spark/hooks/spark_submit.py", line 426, in submit
    raise AirflowException(
airflow.exceptions.AirflowException: Cannot execute: spark-submit --master yarn --conf spark.yarn.appMasterEnv.HADOOP_CONF_DIR=/opt/hadoop-3.2.1/etc/hadoop --packages org.apache.spark:spark-streaming-kafka-0-10_2.12:3.4.2,org.apache.spark:spark-sql-kafka-0-10_2.12:3.4.2,org.apache.hadoop:hadoop-client:3.2.1 --name KafkaSparkHDFS /opt/***/dags/spark_streaming_job.py. Error code is: 1.
[2024-11-03T09:45:32.632+0000] {taskinstance.py:1206} INFO - Marking task as FAILED. dag_id=sensor_data_consumer, task_id=sensor_data_consumer, run_id=manual__2024-11-03T09:42:27.985010+00:00, execution_date=20241103T094227, start_date=20241103T094244, end_date=20241103T094532
[2024-11-03T09:45:32.725+0000] {standard_task_runner.py:110} ERROR - Failed to execute job 166 for task sensor_data_consumer (Cannot execute: spark-submit --master yarn --conf spark.yarn.appMasterEnv.HADOOP_CONF_DIR=/opt/hadoop-3.2.1/etc/hadoop --packages org.apache.spark:spark-streaming-kafka-0-10_2.12:3.4.2,org.apache.spark:spark-sql-kafka-0-10_2.12:3.4.2,org.apache.hadoop:hadoop-client:3.2.1 --name KafkaSparkHDFS /opt/***/dags/spark_streaming_job.py. Error code is: 1.; 3402)
[2024-11-03T09:45:32.901+0000] {local_task_job_runner.py:243} INFO - Task exited with return code 1
[2024-11-03T09:45:33.045+0000] {taskinstance.py:3503} INFO - 0 downstream tasks scheduled from follow-on schedule check
[2024-11-03T09:45:33.066+0000] {local_task_job_runner.py:222} INFO - ::endgroup::
