[2024-11-03T07:33:25.006+0000] {local_task_job_runner.py:120} INFO - ::group::Pre task execution logs
[2024-11-03T07:33:25.319+0000] {taskinstance.py:2076} INFO - Dependencies all met for dep_context=non-requeueable deps ti=<TaskInstance: sensor_data_consumer.sensor_data_consumer manual__2024-11-03T07:32:51.523867+00:00 [queued]>
[2024-11-03T07:33:25.338+0000] {taskinstance.py:2076} INFO - Dependencies all met for dep_context=requeueable deps ti=<TaskInstance: sensor_data_consumer.sensor_data_consumer manual__2024-11-03T07:32:51.523867+00:00 [queued]>
[2024-11-03T07:33:25.339+0000] {taskinstance.py:2306} INFO - Starting attempt 1 of 1
[2024-11-03T07:33:25.373+0000] {taskinstance.py:2330} INFO - Executing <Task(SparkSubmitOperator): sensor_data_consumer> on 2024-11-03 07:32:51.523867+00:00
[2024-11-03T07:33:25.431+0000] {standard_task_runner.py:64} INFO - Started process 913 to run task
[2024-11-03T07:33:25.485+0000] {standard_task_runner.py:90} INFO - Running: ['***', 'tasks', 'run', 'sensor_data_consumer', 'sensor_data_consumer', 'manual__2024-11-03T07:32:51.523867+00:00', '--job-id', '33', '--raw', '--subdir', 'DAGS_FOLDER/***_consumer.py', '--cfg-path', '/tmp/tmp6mke7eip']
[2024-11-03T07:33:25.494+0000] {standard_task_runner.py:91} INFO - Job 33: Subtask sensor_data_consumer
[2024-11-03T07:33:28.367+0000] {task_command.py:426} INFO - Running <TaskInstance: sensor_data_consumer.sensor_data_consumer manual__2024-11-03T07:32:51.523867+00:00 [running]> on host 7d9160448bdc
[2024-11-03T07:33:29.723+0000] {taskinstance.py:2648} INFO - Exporting env vars: AIRFLOW_CTX_DAG_OWNER='Bich Ly' AIRFLOW_CTX_DAG_ID='sensor_data_consumer' AIRFLOW_CTX_TASK_ID='sensor_data_consumer' AIRFLOW_CTX_EXECUTION_DATE='2024-11-03T07:32:51.523867+00:00' AIRFLOW_CTX_TRY_NUMBER='1' AIRFLOW_CTX_DAG_RUN_ID='manual__2024-11-03T07:32:51.523867+00:00'
[2024-11-03T07:33:29.726+0000] {taskinstance.py:430} INFO - ::endgroup::
[2024-11-03T07:33:29.858+0000] {spark_submit.py:222} INFO - Could not load connection string spark_default, defaulting to yarn
[2024-11-03T07:33:29.876+0000] {spark_submit.py:344} INFO - Spark-Submit cmd: spark-submit --master yarn --conf spark.yarn.appMasterEnv.HADOOP_CONF_DIR=/opt/hadoop-3.2.1/etc/hadoop --packages org.apache.spark:spark-streaming-kafka-0-10_2.12:3.4.2,org.apache.spark:spark-sql-kafka-0-10_2.12:3.4.2,org.apache.hadoop:hadoop-client:3.2.1 --name KafkaSparkHDFS /opt/***/dags/spark_streaming_job.py
[2024-11-03T07:34:05.738+0000] {spark_submit.py:495} INFO - :: loading settings :: url = jar:file:/home/***/.local/lib/python3.11/site-packages/pyspark/jars/ivy-2.5.1.jar!/org/apache/ivy/core/settings/ivysettings.xml
[2024-11-03T07:34:07.685+0000] {spark_submit.py:495} INFO - Ivy Default Cache set to: /home/***/.ivy2/cache
[2024-11-03T07:34:07.697+0000] {spark_submit.py:495} INFO - The jars for the packages stored in: /home/***/.ivy2/jars
[2024-11-03T07:34:07.936+0000] {spark_submit.py:495} INFO - org.apache.spark#spark-streaming-kafka-0-10_2.12 added as a dependency
[2024-11-03T07:34:07.937+0000] {spark_submit.py:495} INFO - org.apache.spark#spark-sql-kafka-0-10_2.12 added as a dependency
[2024-11-03T07:34:08.006+0000] {spark_submit.py:495} INFO - org.apache.hadoop#hadoop-client added as a dependency
[2024-11-03T07:34:08.006+0000] {spark_submit.py:495} INFO - :: resolving dependencies :: org.apache.spark#spark-submit-parent-562cd7c0-2364-4089-a843-cc85ff2f8dd2;1.0
[2024-11-03T07:34:08.007+0000] {spark_submit.py:495} INFO - confs: [default]
[2024-11-03T07:34:32.313+0000] {spark_submit.py:495} INFO - found org.apache.spark#spark-streaming-kafka-0-10_2.12;3.4.2 in central
[2024-11-03T07:34:38.297+0000] {spark_submit.py:495} INFO - found org.apache.spark#spark-token-provider-kafka-0-10_2.12;3.4.2 in central
[2024-11-03T07:34:39.665+0000] {spark_submit.py:495} INFO - found org.apache.kafka#kafka-clients;3.3.2 in central
[2024-11-03T07:34:41.092+0000] {spark_submit.py:495} INFO - found org.lz4#lz4-java;1.8.0 in central
[2024-11-03T07:34:42.044+0000] {spark_submit.py:495} INFO - found org.xerial.snappy#snappy-java;1.1.10.3 in central
[2024-11-03T07:34:47.038+0000] {spark_submit.py:495} INFO - found org.slf4j#slf4j-api;2.0.6 in central
[2024-11-03T07:34:53.196+0000] {spark_submit.py:495} INFO - found org.apache.hadoop#hadoop-client-runtime;3.3.4 in central
[2024-11-03T07:34:56.121+0000] {spark_submit.py:495} INFO - found org.apache.hadoop#hadoop-client-api;3.3.4 in central
[2024-11-03T07:35:06.202+0000] {spark_submit.py:495} INFO - found commons-logging#commons-logging;1.1.3 in central
[2024-11-03T07:35:07.583+0000] {spark_submit.py:495} INFO - found com.google.code.findbugs#jsr305;3.0.0 in central
[2024-11-03T07:35:09.209+0000] {spark_submit.py:495} INFO - found org.apache.spark#spark-sql-kafka-0-10_2.12;3.4.2 in central
[2024-11-03T07:35:21.153+0000] {spark_submit.py:495} INFO - found org.apache.commons#commons-pool2;2.11.1 in central
[2024-11-03T07:35:34.652+0000] {spark_submit.py:495} INFO - found org.apache.hadoop#hadoop-client;3.2.1 in central
[2024-11-03T07:35:36.463+0000] {spark_submit.py:495} INFO - found org.apache.hadoop#hadoop-common;3.2.1 in central
[2024-11-03T07:35:37.952+0000] {spark_submit.py:495} INFO - found org.apache.hadoop#hadoop-annotations;3.2.1 in central
[2024-11-03T07:35:47.863+0000] {spark_submit.py:495} INFO - found com.google.guava#guava;27.0-jre in central
[2024-11-03T07:35:51.497+0000] {spark_submit.py:495} INFO - found com.google.guava#failureaccess;1.0 in central
[2024-11-03T07:35:53.127+0000] {spark_submit.py:495} INFO - found com.google.guava#listenablefuture;9999.0-empty-to-avoid-conflict-with-guava in central
[2024-11-03T07:35:54.734+0000] {spark_submit.py:495} INFO - found org.checkerframework#checker-qual;2.5.2 in central
[2024-11-03T07:36:02.897+0000] {spark_submit.py:495} INFO - found com.google.errorprone#error_prone_annotations;2.2.0 in central
[2024-11-03T07:36:05.236+0000] {spark_submit.py:495} INFO - found com.google.j2objc#j2objc-annotations;1.1 in central
[2024-11-03T07:36:15.474+0000] {spark_submit.py:495} INFO - found org.codehaus.mojo#animal-sniffer-annotations;1.17 in central
[2024-11-03T07:36:25.673+0000] {spark_submit.py:495} INFO - found commons-cli#commons-cli;1.2 in central
[2024-11-03T07:36:35.484+0000] {spark_submit.py:495} INFO - found org.apache.commons#commons-math3;3.1.1 in central
[2024-11-03T07:36:45.286+0000] {spark_submit.py:495} INFO - found org.apache.httpcomponents#httpclient;4.5.6 in central
[2024-11-03T07:36:50.804+0000] {spark_submit.py:495} INFO - found org.apache.httpcomponents#httpcore;4.4.10 in central
[2024-11-03T07:36:55.807+0000] {spark_submit.py:495} INFO - found commons-codec#commons-codec;1.11 in central
[2024-11-03T07:37:03.832+0000] {spark_submit.py:495} INFO - found commons-io#commons-io;2.5 in central
[2024-11-03T07:37:05.244+0000] {spark_submit.py:495} INFO - found commons-net#commons-net;3.6 in central
[2024-11-03T07:37:06.261+0000] {spark_submit.py:495} INFO - found commons-collections#commons-collections;3.2.2 in central
[2024-11-03T07:37:14.393+0000] {spark_submit.py:495} INFO - found org.eclipse.jetty#jetty-servlet;9.3.24.v20180605 in central
[2024-11-03T07:37:15.769+0000] {spark_submit.py:495} INFO - found org.eclipse.jetty#jetty-security;9.3.24.v20180605 in central
[2024-11-03T07:37:17.197+0000] {spark_submit.py:495} INFO - found org.eclipse.jetty#jetty-webapp;9.3.24.v20180605 in central
[2024-11-03T07:37:18.591+0000] {spark_submit.py:495} INFO - found org.eclipse.jetty#jetty-xml;9.3.24.v20180605 in central
[2024-11-03T07:37:27.174+0000] {spark_submit.py:495} INFO - found com.sun.jersey#jersey-servlet;1.19 in central
[2024-11-03T07:37:28.421+0000] {spark_submit.py:495} INFO - found log4j#log4j;1.2.17 in central
[2024-11-03T07:37:34.561+0000] {spark_submit.py:495} INFO - found commons-beanutils#commons-beanutils;1.9.3 in central
[2024-11-03T07:37:36.078+0000] {spark_submit.py:495} INFO - found org.apache.commons#commons-configuration2;2.1.1 in central
[2024-11-03T07:37:37.387+0000] {spark_submit.py:495} INFO - found org.apache.commons#commons-lang3;3.7 in central
[2024-11-03T07:37:47.121+0000] {spark_submit.py:495} INFO - found org.apache.commons#commons-text;1.4 in central
[2024-11-03T07:37:59.444+0000] {spark_submit.py:495} INFO - found org.apache.avro#avro;1.7.7 in central
[2024-11-03T07:38:00.721+0000] {spark_submit.py:495} INFO - found org.codehaus.jackson#jackson-core-asl;1.9.13 in central
[2024-11-03T07:38:02.424+0000] {spark_submit.py:495} INFO - found org.codehaus.jackson#jackson-mapper-asl;1.9.13 in central
[2024-11-03T07:38:12.992+0000] {spark_submit.py:495} INFO - found com.thoughtworks.paranamer#paranamer;2.3 in central
[2024-11-03T07:38:17.581+0000] {spark_submit.py:495} INFO - found org.apache.commons#commons-compress;1.18 in central
[2024-11-03T07:38:19.019+0000] {spark_submit.py:495} INFO - found com.google.re2j#re2j;1.1 in central
[2024-11-03T07:38:23.786+0000] {spark_submit.py:495} INFO - found com.google.protobuf#protobuf-java;2.5.0 in central
[2024-11-03T07:38:25.312+0000] {spark_submit.py:495} INFO - found com.google.code.gson#gson;2.2.4 in central
[2024-11-03T07:38:26.823+0000] {spark_submit.py:495} INFO - found org.apache.hadoop#hadoop-auth;3.2.1 in central
[2024-11-03T07:38:28.303+0000] {spark_submit.py:495} INFO - found com.nimbusds#nimbus-jose-jwt;4.41.1 in central
[2024-11-03T07:38:29.634+0000] {spark_submit.py:495} INFO - found com.github.stephenc.jcip#jcip-annotations;1.0-1 in central
[2024-11-03T07:38:35.536+0000] {spark_submit.py:495} INFO - found net.minidev#json-smart;2.3 in central
[2024-11-03T07:38:37.022+0000] {spark_submit.py:495} INFO - found net.minidev#accessors-smart;1.2 in central
[2024-11-03T07:38:46.290+0000] {spark_submit.py:495} INFO - found org.ow2.asm#asm;5.0.4 in central
[2024-11-03T07:38:50.739+0000] {spark_submit.py:495} INFO - found org.apache.curator#curator-framework;2.13.0 in central
[2024-11-03T07:38:52.324+0000] {spark_submit.py:495} INFO - found org.apache.curator#curator-client;2.13.0 in central
[2024-11-03T07:39:01.500+0000] {spark_submit.py:495} INFO - found org.apache.kerby#kerb-simplekdc;1.0.1 in central
[2024-11-03T07:39:03.456+0000] {spark_submit.py:495} INFO - found org.apache.kerby#kerb-client;1.0.1 in central
[2024-11-03T07:39:09.753+0000] {spark_submit.py:495} INFO - found org.apache.kerby#kerby-config;1.0.1 in central
[2024-11-03T07:39:11.161+0000] {spark_submit.py:495} INFO - found org.apache.kerby#kerb-core;1.0.1 in central
[2024-11-03T07:39:12.534+0000] {spark_submit.py:495} INFO - found org.apache.kerby#kerby-pkix;1.0.1 in central
[2024-11-03T07:39:14.024+0000] {spark_submit.py:495} INFO - found org.apache.kerby#kerby-asn1;1.0.1 in central
[2024-11-03T07:39:15.455+0000] {spark_submit.py:495} INFO - found org.apache.kerby#kerby-util;1.0.1 in central
[2024-11-03T07:39:17.019+0000] {spark_submit.py:495} INFO - found org.apache.kerby#kerb-common;1.0.1 in central
[2024-11-03T07:39:18.147+0000] {spark_submit.py:495} INFO - found org.apache.kerby#kerb-crypto;1.0.1 in central
[2024-11-03T07:39:19.535+0000] {spark_submit.py:495} INFO - found org.apache.kerby#kerb-util;1.0.1 in central
[2024-11-03T07:39:25.833+0000] {spark_submit.py:495} INFO - found org.apache.kerby#token-provider;1.0.1 in central
[2024-11-03T07:39:27.345+0000] {spark_submit.py:495} INFO - found org.apache.kerby#kerb-admin;1.0.1 in central
[2024-11-03T07:39:29.066+0000] {spark_submit.py:495} INFO - found org.apache.kerby#kerb-server;1.0.1 in central
[2024-11-03T07:39:31.966+0000] {spark_submit.py:495} INFO - found org.apache.kerby#kerb-identity;1.0.1 in central
[2024-11-03T07:39:35.101+0000] {spark_submit.py:495} INFO - found org.apache.kerby#kerby-xdr;1.0.1 in central
[2024-11-03T07:39:36.437+0000] {spark_submit.py:495} INFO - found org.apache.curator#curator-recipes;2.13.0 in central
[2024-11-03T07:39:45.836+0000] {spark_submit.py:495} INFO - found org.apache.htrace#htrace-core4;4.1.0-incubating in central
[2024-11-03T07:40:02.197+0000] {spark_submit.py:495} INFO - found com.fasterxml.jackson.core#jackson-databind;2.9.8 in central
[2024-11-03T07:40:03.634+0000] {spark_submit.py:495} INFO - found com.fasterxml.jackson.core#jackson-annotations;2.9.8 in central
[2024-11-03T07:40:05.054+0000] {spark_submit.py:495} INFO - found com.fasterxml.jackson.core#jackson-core;2.9.8 in central
[2024-11-03T07:40:06.105+0000] {spark_submit.py:495} INFO - found org.codehaus.woodstox#stax2-api;3.1.4 in central
[2024-11-03T07:40:12.158+0000] {spark_submit.py:495} INFO - found com.fasterxml.woodstox#woodstox-core;5.0.3 in central
[2024-11-03T07:40:13.601+0000] {spark_submit.py:495} INFO - found dnsjava#dnsjava;2.1.7 in central
[2024-11-03T07:40:14.946+0000] {spark_submit.py:495} INFO - found javax.servlet.jsp#jsp-api;2.1 in central
[2024-11-03T07:40:18.490+0000] {spark_submit.py:495} INFO - found org.apache.hadoop#hadoop-hdfs-client;3.2.1 in central
[2024-11-03T07:40:25.562+0000] {spark_submit.py:495} INFO - found com.squareup.okhttp#okhttp;2.7.5 in central
[2024-11-03T07:40:29.911+0000] {spark_submit.py:495} INFO - found com.squareup.okio#okio;1.6.0 in central
[2024-11-03T07:40:34.821+0000] {spark_submit.py:495} INFO - found org.apache.hadoop#hadoop-yarn-api;3.2.1 in central
[2024-11-03T07:40:36.266+0000] {spark_submit.py:495} INFO - found javax.xml.bind#jaxb-api;2.2.11 in central
[2024-11-03T07:40:37.951+0000] {spark_submit.py:495} INFO - found org.apache.hadoop#hadoop-yarn-client;3.2.1 in central
[2024-11-03T07:40:44.278+0000] {spark_submit.py:495} INFO - found org.apache.hadoop#hadoop-mapreduce-client-core;3.2.1 in central
[2024-11-03T07:40:46.501+0000] {spark_submit.py:495} INFO - found org.apache.hadoop#hadoop-yarn-common;3.2.1 in central
[2024-11-03T07:40:52.026+0000] {spark_submit.py:495} INFO - found javax.servlet#javax.servlet-api;3.1.0 in central
[2024-11-03T07:40:53.814+0000] {spark_submit.py:495} INFO - found org.eclipse.jetty#jetty-util;9.3.24.v20180605 in central
[2024-11-03T07:40:56.091+0000] {spark_submit.py:495} INFO - found com.sun.jersey#jersey-core;1.19 in central
[2024-11-03T07:40:57.834+0000] {spark_submit.py:495} INFO - found javax.ws.rs#jsr311-api;1.1.1 in central
[2024-11-03T07:40:59.183+0000] {spark_submit.py:495} INFO - found com.sun.jersey#jersey-client;1.19 in central
[2024-11-03T07:41:05.357+0000] {spark_submit.py:495} INFO - found com.fasterxml.jackson.module#jackson-module-jaxb-annotations;2.9.8 in central
[2024-11-03T07:41:10.406+0000] {spark_submit.py:495} INFO - found com.fasterxml.jackson.jaxrs#jackson-jaxrs-json-provider;2.9.8 in central
[2024-11-03T07:41:11.926+0000] {spark_submit.py:495} INFO - found com.fasterxml.jackson.jaxrs#jackson-jaxrs-base;2.9.8 in central
[2024-11-03T07:41:13.642+0000] {spark_submit.py:495} INFO - found org.apache.hadoop#hadoop-mapreduce-client-jobclient;3.2.1 in central
[2024-11-03T07:41:15.110+0000] {spark_submit.py:495} INFO - found org.apache.hadoop#hadoop-mapreduce-client-common;3.2.1 in central
[2024-11-03T07:41:16.441+0000] {spark_submit.py:495} INFO - downloading https://repo1.maven.org/maven2/org/apache/spark/spark-streaming-kafka-0-10_2.12/3.4.2/spark-streaming-kafka-0-10_2.12-3.4.2.jar ...
[2024-11-03T07:41:17.466+0000] {spark_submit.py:495} INFO - [SUCCESSFUL ] org.apache.spark#spark-streaming-kafka-0-10_2.12;3.4.2!spark-streaming-kafka-0-10_2.12.jar (1558ms)
[2024-11-03T07:41:18.122+0000] {spark_submit.py:495} INFO - downloading https://repo1.maven.org/maven2/org/apache/spark/spark-sql-kafka-0-10_2.12/3.4.2/spark-sql-kafka-0-10_2.12-3.4.2.jar ...
[2024-11-03T07:41:19.913+0000] {spark_submit.py:495} INFO - [SUCCESSFUL ] org.apache.spark#spark-sql-kafka-0-10_2.12;3.4.2!spark-sql-kafka-0-10_2.12.jar (2301ms)
[2024-11-03T07:41:20.526+0000] {spark_submit.py:495} INFO - downloading https://repo1.maven.org/maven2/org/apache/hadoop/hadoop-client/3.2.1/hadoop-client-3.2.1.jar ...
[2024-11-03T07:41:21.453+0000] {spark_submit.py:495} INFO - [SUCCESSFUL ] org.apache.hadoop#hadoop-client;3.2.1!hadoop-client.jar (1528ms)
[2024-11-03T07:41:22.154+0000] {spark_submit.py:495} INFO - downloading https://repo1.maven.org/maven2/org/apache/spark/spark-token-provider-kafka-0-10_2.12/3.4.2/spark-token-provider-kafka-0-10_2.12-3.4.2.jar ...
[2024-11-03T07:41:23.111+0000] {spark_submit.py:495} INFO - [SUCCESSFUL ] org.apache.spark#spark-token-provider-kafka-0-10_2.12;3.4.2!spark-token-provider-kafka-0-10_2.12.jar (1620ms)
[2024-11-03T07:41:23.380+0000] {spark_submit.py:495} INFO - downloading https://repo1.maven.org/maven2/org/apache/kafka/kafka-clients/3.3.2/kafka-clients-3.3.2.jar ...
[2024-11-03T07:41:52.527+0000] {spark_submit.py:495} INFO - [SUCCESSFUL ] org.apache.kafka#kafka-clients;3.3.2!kafka-clients.jar (29395ms)
[2024-11-03T07:41:53.226+0000] {spark_submit.py:495} INFO - downloading https://repo1.maven.org/maven2/org/apache/hadoop/hadoop-client-runtime/3.3.4/hadoop-client-runtime-3.3.4.jar ...
[2024-11-03T07:45:30.935+0000] {spark_submit.py:495} INFO - [SUCCESSFUL ] org.apache.hadoop#hadoop-client-runtime;3.3.4!hadoop-client-runtime.jar (218397ms)
[2024-11-03T07:45:31.627+0000] {spark_submit.py:495} INFO - downloading https://repo1.maven.org/maven2/org/lz4/lz4-java/1.8.0/lz4-java-1.8.0.jar ...
[2024-11-03T07:45:35.466+0000] {spark_submit.py:495} INFO - [SUCCESSFUL ] org.lz4#lz4-java;1.8.0!lz4-java.jar (4490ms)
[2024-11-03T07:45:35.922+0000] {spark_submit.py:495} INFO - downloading https://repo1.maven.org/maven2/org/xerial/snappy/snappy-java/1.1.10.3/snappy-java-1.1.10.3.jar ...
[2024-11-03T07:45:46.653+0000] {spark_submit.py:495} INFO - [SUCCESSFUL ] org.xerial.snappy#snappy-java;1.1.10.3!snappy-java.jar(bundle) (11086ms)
[2024-11-03T07:45:47.234+0000] {spark_submit.py:495} INFO - downloading https://repo1.maven.org/maven2/org/slf4j/slf4j-api/2.0.6/slf4j-api-2.0.6.jar ...
[2024-11-03T07:45:47.844+0000] {spark_submit.py:495} INFO - [SUCCESSFUL ] org.slf4j#slf4j-api;2.0.6!slf4j-api.jar (1116ms)
[2024-11-03T07:45:48.167+0000] {spark_submit.py:495} INFO - downloading https://repo1.maven.org/maven2/org/apache/hadoop/hadoop-client-api/3.3.4/hadoop-client-api-3.3.4.jar ...
[2024-11-03T07:48:16.171+0000] {spark_submit.py:495} INFO - [SUCCESSFUL ] org.apache.hadoop#hadoop-client-api;3.3.4!hadoop-client-api.jar (148274ms)
[2024-11-03T07:48:16.887+0000] {spark_submit.py:495} INFO - downloading https://repo1.maven.org/maven2/commons-logging/commons-logging/1.1.3/commons-logging-1.1.3.jar ...
[2024-11-03T07:48:17.615+0000] {spark_submit.py:495} INFO - [SUCCESSFUL ] commons-logging#commons-logging;1.1.3!commons-logging.jar (1383ms)
[2024-11-03T07:48:18.311+0000] {spark_submit.py:495} INFO - downloading https://repo1.maven.org/maven2/com/google/code/findbugs/jsr305/3.0.0/jsr305-3.0.0.jar ...
[2024-11-03T07:48:19.103+0000] {spark_submit.py:495} INFO - [SUCCESSFUL ] com.google.code.findbugs#jsr305;3.0.0!jsr305.jar (1418ms)
[2024-11-03T07:48:19.750+0000] {spark_submit.py:495} INFO - downloading https://repo1.maven.org/maven2/org/apache/commons/commons-pool2/2.11.1/commons-pool2-2.11.1.jar ...
[2024-11-03T07:48:20.620+0000] {spark_submit.py:495} INFO - [SUCCESSFUL ] org.apache.commons#commons-pool2;2.11.1!commons-pool2.jar (1452ms)
[2024-11-03T07:48:21.366+0000] {spark_submit.py:495} INFO - downloading https://repo1.maven.org/maven2/org/apache/hadoop/hadoop-common/3.2.1/hadoop-common-3.2.1.jar ...
[2024-11-03T07:48:40.696+0000] {spark_submit.py:495} INFO - [SUCCESSFUL ] org.apache.hadoop#hadoop-common;3.2.1!hadoop-common.jar (20050ms)
[2024-11-03T07:48:41.325+0000] {spark_submit.py:495} INFO - downloading https://repo1.maven.org/maven2/org/apache/hadoop/hadoop-hdfs-client/3.2.1/hadoop-hdfs-client-3.2.1.jar ...
[2024-11-03T07:48:51.252+0000] {spark_submit.py:495} INFO - [SUCCESSFUL ] org.apache.hadoop#hadoop-hdfs-client;3.2.1!hadoop-hdfs-client.jar (10520ms)
[2024-11-03T07:48:51.918+0000] {spark_submit.py:495} INFO - downloading https://repo1.maven.org/maven2/org/apache/hadoop/hadoop-yarn-api/3.2.1/hadoop-yarn-api-3.2.1.jar ...
[2024-11-03T07:49:17.544+0000] {spark_submit.py:495} INFO - [SUCCESSFUL ] org.apache.hadoop#hadoop-yarn-api;3.2.1!hadoop-yarn-api.jar (26298ms)
[2024-11-03T07:49:18.335+0000] {spark_submit.py:495} INFO - downloading https://repo1.maven.org/maven2/org/apache/hadoop/hadoop-yarn-client/3.2.1/hadoop-yarn-client-3.2.1.jar ...
[2024-11-03T07:49:20.465+0000] {spark_submit.py:495} INFO - [SUCCESSFUL ] org.apache.hadoop#hadoop-yarn-client;3.2.1!hadoop-yarn-client.jar (2753ms)
[2024-11-03T07:49:21.083+0000] {spark_submit.py:495} INFO - downloading https://repo1.maven.org/maven2/org/apache/hadoop/hadoop-mapreduce-client-core/3.2.1/hadoop-mapreduce-client-core-3.2.1.jar ...
[2024-11-03T07:49:26.408+0000] {spark_submit.py:495} INFO - [SUCCESSFUL ] org.apache.hadoop#hadoop-mapreduce-client-core;3.2.1!hadoop-mapreduce-client-core.jar (5833ms)
[2024-11-03T07:49:26.919+0000] {spark_submit.py:495} INFO - downloading https://repo1.maven.org/maven2/org/apache/hadoop/hadoop-mapreduce-client-jobclient/3.2.1/hadoop-mapreduce-client-jobclient-3.2.1.jar ...
[2024-11-03T07:49:27.897+0000] {spark_submit.py:495} INFO - [SUCCESSFUL ] org.apache.hadoop#hadoop-mapreduce-client-jobclient;3.2.1!hadoop-mapreduce-client-jobclient.jar (1468ms)
[2024-11-03T07:49:28.536+0000] {spark_submit.py:495} INFO - downloading https://repo1.maven.org/maven2/org/apache/hadoop/hadoop-annotations/3.2.1/hadoop-annotations-3.2.1.jar ...
[2024-11-03T07:49:29.391+0000] {spark_submit.py:495} INFO - [SUCCESSFUL ] org.apache.hadoop#hadoop-annotations;3.2.1!hadoop-annotations.jar (1478ms)
[2024-11-03T07:49:30.136+0000] {spark_submit.py:495} INFO - downloading https://repo1.maven.org/maven2/com/google/guava/guava/27.0-jre/guava-27.0-jre.jar ...
[2024-11-03T07:49:44.321+0000] {spark_submit.py:495} INFO - [SUCCESSFUL ] com.google.guava#guava;27.0-jre!guava.jar(bundle) (14875ms)
[2024-11-03T07:49:44.991+0000] {spark_submit.py:495} INFO - downloading https://repo1.maven.org/maven2/commons-cli/commons-cli/1.2/commons-cli-1.2.jar ...
[2024-11-03T07:49:45.820+0000] {spark_submit.py:495} INFO - [SUCCESSFUL ] commons-cli#commons-cli;1.2!commons-cli.jar (1387ms)
[2024-11-03T07:49:46.482+0000] {spark_submit.py:495} INFO - downloading https://repo1.maven.org/maven2/org/apache/commons/commons-math3/3.1.1/commons-math3-3.1.1.jar ...
[2024-11-03T07:49:50.603+0000] {spark_submit.py:495} INFO - [SUCCESSFUL ] org.apache.commons#commons-math3;3.1.1!commons-math3.jar (4731ms)
[2024-11-03T07:49:51.256+0000] {spark_submit.py:495} INFO - downloading https://repo1.maven.org/maven2/org/apache/httpcomponents/httpclient/4.5.6/httpclient-4.5.6.jar ...
[2024-11-03T07:49:53.849+0000] {spark_submit.py:495} INFO - [SUCCESSFUL ] org.apache.httpcomponents#httpclient;4.5.6!httpclient.jar (3227ms)
[2024-11-03T07:49:54.611+0000] {spark_submit.py:495} INFO - downloading https://repo1.maven.org/maven2/commons-codec/commons-codec/1.11/commons-codec-1.11.jar ...
[2024-11-03T07:49:56.179+0000] {spark_submit.py:495} INFO - [SUCCESSFUL ] commons-codec#commons-codec;1.11!commons-codec.jar (2258ms)
[2024-11-03T07:49:56.702+0000] {spark_submit.py:495} INFO - downloading https://repo1.maven.org/maven2/commons-io/commons-io/2.5/commons-io-2.5.jar ...
[2024-11-03T07:49:57.889+0000] {spark_submit.py:495} INFO - [SUCCESSFUL ] commons-io#commons-io;2.5!commons-io.jar (1687ms)
[2024-11-03T07:49:58.137+0000] {spark_submit.py:495} INFO - downloading https://repo1.maven.org/maven2/commons-net/commons-net/3.6/commons-net-3.6.jar ...
[2024-11-03T07:49:59.928+0000] {spark_submit.py:495} INFO - [SUCCESSFUL ] commons-net#commons-net;3.6!commons-net.jar (1985ms)
[2024-11-03T07:50:01.474+0000] {spark_submit.py:495} INFO - downloading https://repo1.maven.org/maven2/commons-collections/commons-collections/3.2.2/commons-collections-3.2.2.jar ...
[2024-11-03T07:50:03.774+0000] {spark_submit.py:495} INFO - [SUCCESSFUL ] commons-collections#commons-collections;3.2.2!commons-collections.jar (2935ms)
[2024-11-03T07:50:04.475+0000] {spark_submit.py:495} INFO - downloading https://repo1.maven.org/maven2/org/eclipse/jetty/jetty-servlet/9.3.24.v20180605/jetty-servlet-9.3.24.v20180605.jar ...
[2024-11-03T07:50:05.447+0000] {spark_submit.py:495} INFO - [SUCCESSFUL ] org.eclipse.jetty#jetty-servlet;9.3.24.v20180605!jetty-servlet.jar (1647ms)
[2024-11-03T07:50:06.136+0000] {spark_submit.py:495} INFO - downloading https://repo1.maven.org/maven2/org/eclipse/jetty/jetty-webapp/9.3.24.v20180605/jetty-webapp-9.3.24.v20180605.jar ...
[2024-11-03T07:50:07.114+0000] {spark_submit.py:495} INFO - [SUCCESSFUL ] org.eclipse.jetty#jetty-webapp;9.3.24.v20180605!jetty-webapp.jar (1647ms)
[2024-11-03T07:50:07.813+0000] {spark_submit.py:495} INFO - downloading https://repo1.maven.org/maven2/com/sun/jersey/jersey-servlet/1.19/jersey-servlet-1.19.jar ...
[2024-11-03T07:50:08.831+0000] {spark_submit.py:495} INFO - [SUCCESSFUL ] com.sun.jersey#jersey-servlet;1.19!jersey-servlet.jar (1676ms)
[2024-11-03T07:50:09.506+0000] {spark_submit.py:495} INFO - downloading https://repo1.maven.org/maven2/log4j/log4j/1.2.17/log4j-1.2.17.jar ...
[2024-11-03T07:50:11.361+0000] {spark_submit.py:495} INFO - [SUCCESSFUL ] log4j#log4j;1.2.17!log4j.jar(bundle) (2483ms)
[2024-11-03T07:50:12.055+0000] {spark_submit.py:495} INFO - downloading https://repo1.maven.org/maven2/commons-beanutils/commons-beanutils/1.9.3/commons-beanutils-1.9.3.jar ...
[2024-11-03T07:50:13.897+0000] {spark_submit.py:495} INFO - [SUCCESSFUL ] commons-beanutils#commons-beanutils;1.9.3!commons-beanutils.jar (2510ms)
[2024-11-03T07:50:14.602+0000] {spark_submit.py:495} INFO - downloading https://repo1.maven.org/maven2/org/apache/commons/commons-configuration2/2.1.1/commons-configuration2-2.1.1.jar ...
[2024-11-03T07:50:16.998+0000] {spark_submit.py:495} INFO - [SUCCESSFUL ] org.apache.commons#commons-configuration2;2.1.1!commons-configuration2.jar (3086ms)
[2024-11-03T07:50:17.654+0000] {spark_submit.py:495} INFO - downloading https://repo1.maven.org/maven2/org/apache/commons/commons-lang3/3.7/commons-lang3-3.7.jar ...
[2024-11-03T07:50:19.562+0000] {spark_submit.py:495} INFO - [SUCCESSFUL ] org.apache.commons#commons-lang3;3.7!commons-lang3.jar (2526ms)
[2024-11-03T07:50:20.275+0000] {spark_submit.py:495} INFO - downloading https://repo1.maven.org/maven2/org/apache/commons/commons-text/1.4/commons-text-1.4.jar ...
[2024-11-03T07:50:21.404+0000] {spark_submit.py:495} INFO - [SUCCESSFUL ] org.apache.commons#commons-text;1.4!commons-text.jar (1829ms)
[2024-11-03T07:50:22.092+0000] {spark_submit.py:495} INFO - downloading https://repo1.maven.org/maven2/org/apache/avro/avro/1.7.7/avro-1.7.7.jar ...
[2024-11-03T07:50:24.120+0000] {spark_submit.py:495} INFO - [SUCCESSFUL ] org.apache.avro#avro;1.7.7!avro.jar(bundle) (2671ms)
[2024-11-03T07:50:24.517+0000] {spark_submit.py:495} INFO - downloading https://repo1.maven.org/maven2/com/google/re2j/re2j/1.1/re2j-1.1.jar ...
[2024-11-03T07:50:25.653+0000] {spark_submit.py:495} INFO - [SUCCESSFUL ] com.google.re2j#re2j;1.1!re2j.jar (1430ms)
[2024-11-03T07:50:26.227+0000] {spark_submit.py:495} INFO - downloading https://repo1.maven.org/maven2/com/google/protobuf/protobuf-java/2.5.0/protobuf-java-2.5.0.jar ...
[2024-11-03T07:50:32.513+0000] {spark_submit.py:495} INFO - [SUCCESSFUL ] com.google.protobuf#protobuf-java;2.5.0!protobuf-java.jar(bundle) (6741ms)
[2024-11-03T07:50:33.042+0000] {spark_submit.py:495} INFO - downloading https://repo1.maven.org/maven2/com/google/code/gson/gson/2.2.4/gson-2.2.4.jar ...
[2024-11-03T07:50:35.970+0000] {spark_submit.py:495} INFO - [SUCCESSFUL ] com.google.code.gson#gson;2.2.4!gson.jar (3397ms)
[2024-11-03T07:50:36.497+0000] {spark_submit.py:495} INFO - downloading https://repo1.maven.org/maven2/org/apache/hadoop/hadoop-auth/3.2.1/hadoop-auth-3.2.1.jar ...
[2024-11-03T07:50:38.120+0000] {spark_submit.py:495} INFO - [SUCCESSFUL ] org.apache.hadoop#hadoop-auth;3.2.1!hadoop-auth.jar (2146ms)
[2024-11-03T07:50:38.831+0000] {spark_submit.py:495} INFO - downloading https://repo1.maven.org/maven2/org/apache/curator/curator-client/2.13.0/curator-client-2.13.0.jar ...
[2024-11-03T07:50:44.280+0000] {spark_submit.py:495} INFO - [SUCCESSFUL ] org.apache.curator#curator-client;2.13.0!curator-client.jar(bundle) (6132ms)
[2024-11-03T07:50:44.538+0000] {spark_submit.py:495} INFO - downloading https://repo1.maven.org/maven2/org/apache/curator/curator-recipes/2.13.0/curator-recipes-2.13.0.jar ...
[2024-11-03T07:50:45.543+0000] {spark_submit.py:495} INFO - [SUCCESSFUL ] org.apache.curator#curator-recipes;2.13.0!curator-recipes.jar(bundle) (1231ms)
[2024-11-03T07:50:46.244+0000] {spark_submit.py:495} INFO - downloading https://repo1.maven.org/maven2/org/apache/htrace/htrace-core4/4.1.0-incubating/htrace-core4-4.1.0-incubating.jar ...
[2024-11-03T07:50:48.382+0000] {spark_submit.py:495} INFO - [SUCCESSFUL ] org.apache.htrace#htrace-core4;4.1.0-incubating!htrace-core4.jar (2807ms)
[2024-11-03T07:50:49.089+0000] {spark_submit.py:495} INFO - downloading https://repo1.maven.org/maven2/org/apache/commons/commons-compress/1.18/commons-compress-1.18.jar ...
[2024-11-03T07:50:50.303+0000] {spark_submit.py:495} INFO - [SUCCESSFUL ] org.apache.commons#commons-compress;1.18!commons-compress.jar (1903ms)
[2024-11-03T07:50:51.088+0000] {spark_submit.py:495} INFO - downloading https://repo1.maven.org/maven2/org/apache/kerby/kerb-simplekdc/1.0.1/kerb-simplekdc-1.0.1.jar ...
[2024-11-03T07:50:51.729+0000] {spark_submit.py:495} INFO - [SUCCESSFUL ] org.apache.kerby#kerb-simplekdc;1.0.1!kerb-simplekdc.jar (1398ms)
[2024-11-03T07:50:52.426+0000] {spark_submit.py:495} INFO - downloading https://repo1.maven.org/maven2/com/fasterxml/jackson/core/jackson-databind/2.9.8/jackson-databind-2.9.8.jar ...
[2024-11-03T07:50:55.605+0000] {spark_submit.py:495} INFO - [SUCCESSFUL ] com.fasterxml.jackson.core#jackson-databind;2.9.8!jackson-databind.jar(bundle) (3860ms)
[2024-11-03T07:50:56.300+0000] {spark_submit.py:495} INFO - downloading https://repo1.maven.org/maven2/org/codehaus/woodstox/stax2-api/3.1.4/stax2-api-3.1.4.jar ...
[2024-11-03T07:50:57.196+0000] {spark_submit.py:495} INFO - [SUCCESSFUL ] org.codehaus.woodstox#stax2-api;3.1.4!stax2-api.jar(bundle) (1571ms)
[2024-11-03T07:50:57.967+0000] {spark_submit.py:495} INFO - downloading https://repo1.maven.org/maven2/com/fasterxml/woodstox/woodstox-core/5.0.3/woodstox-core-5.0.3.jar ...
[2024-11-03T07:50:59.907+0000] {spark_submit.py:495} INFO - [SUCCESSFUL ] com.fasterxml.woodstox#woodstox-core;5.0.3!woodstox-core.jar(bundle) (2670ms)
[2024-11-03T07:51:00.588+0000] {spark_submit.py:495} INFO - downloading https://repo1.maven.org/maven2/dnsjava/dnsjava/2.1.7/dnsjava-2.1.7.jar ...
[2024-11-03T07:51:01.466+0000] {spark_submit.py:495} INFO - [SUCCESSFUL ] dnsjava#dnsjava;2.1.7!dnsjava.jar (1443ms)
[2024-11-03T07:51:02.107+0000] {spark_submit.py:495} INFO - downloading https://repo1.maven.org/maven2/com/google/guava/failureaccess/1.0/failureaccess-1.0.jar ...
[2024-11-03T07:51:03.044+0000] {spark_submit.py:495} INFO - [SUCCESSFUL ] com.google.guava#failureaccess;1.0!failureaccess.jar (1528ms)
[2024-11-03T07:51:03.496+0000] {spark_submit.py:495} INFO - downloading https://repo1.maven.org/maven2/com/google/guava/listenablefuture/9999.0-empty-to-avoid-conflict-with-guava/listenablefuture-9999.0-empty-to-avoid-conflict-with-guava.jar ...
[2024-11-03T07:51:04.394+0000] {spark_submit.py:495} INFO - [SUCCESSFUL ] com.google.guava#listenablefuture;9999.0-empty-to-avoid-conflict-with-guava!listenablefuture.jar (1141ms)
[2024-11-03T07:51:04.913+0000] {spark_submit.py:495} INFO - downloading https://repo1.maven.org/maven2/org/checkerframework/checker-qual/2.5.2/checker-qual-2.5.2.jar ...
[2024-11-03T07:51:05.493+0000] {spark_submit.py:495} INFO - [SUCCESSFUL ] org.checkerframework#checker-qual;2.5.2!checker-qual.jar (880ms)
[2024-11-03T07:51:06.124+0000] {spark_submit.py:495} INFO - downloading https://repo1.maven.org/maven2/com/google/errorprone/error_prone_annotations/2.2.0/error_prone_annotations-2.2.0.jar ...
[2024-11-03T07:51:06.729+0000] {spark_submit.py:495} INFO - [SUCCESSFUL ] com.google.errorprone#error_prone_annotations;2.2.0!error_prone_annotations.jar (1218ms)
[2024-11-03T07:51:07.412+0000] {spark_submit.py:495} INFO - downloading https://repo1.maven.org/maven2/com/google/j2objc/j2objc-annotations/1.1/j2objc-annotations-1.1.jar ...
[2024-11-03T07:51:08.157+0000] {spark_submit.py:495} INFO - [SUCCESSFUL ] com.google.j2objc#j2objc-annotations;1.1!j2objc-annotations.jar (1395ms)
[2024-11-03T07:51:08.848+0000] {spark_submit.py:495} INFO - downloading https://repo1.maven.org/maven2/org/codehaus/mojo/animal-sniffer-annotations/1.17/animal-sniffer-annotations-1.17.jar ...
[2024-11-03T07:51:09.609+0000] {spark_submit.py:495} INFO - [SUCCESSFUL ] org.codehaus.mojo#animal-sniffer-annotations;1.17!animal-sniffer-annotations.jar (1365ms)
[2024-11-03T07:51:10.414+0000] {spark_submit.py:495} INFO - downloading https://repo1.maven.org/maven2/org/apache/httpcomponents/httpcore/4.4.10/httpcore-4.4.10.jar ...
[2024-11-03T07:51:11.900+0000] {spark_submit.py:495} INFO - [SUCCESSFUL ] org.apache.httpcomponents#httpcore;4.4.10!httpcore.jar (2073ms)
[2024-11-03T07:51:12.523+0000] {spark_submit.py:495} INFO - downloading https://repo1.maven.org/maven2/org/eclipse/jetty/jetty-security/9.3.24.v20180605/jetty-security-9.3.24.v20180605.jar ...
[2024-11-03T07:51:13.268+0000] {spark_submit.py:495} INFO - [SUCCESSFUL ] org.eclipse.jetty#jetty-security;9.3.24.v20180605!jetty-security.jar (1207ms)
[2024-11-03T07:51:13.937+0000] {spark_submit.py:495} INFO - downloading https://repo1.maven.org/maven2/org/eclipse/jetty/jetty-xml/9.3.24.v20180605/jetty-xml-9.3.24.v20180605.jar ...
[2024-11-03T07:51:14.207+0000] {spark_submit.py:495} INFO - [SUCCESSFUL ] org.eclipse.jetty#jetty-xml;9.3.24.v20180605!jetty-xml.jar (787ms)
[2024-11-03T07:51:14.873+0000] {spark_submit.py:495} INFO - downloading https://repo1.maven.org/maven2/org/codehaus/jackson/jackson-core-asl/1.9.13/jackson-core-asl-1.9.13.jar ...
[2024-11-03T07:51:16.290+0000] {spark_submit.py:495} INFO - [SUCCESSFUL ] org.codehaus.jackson#jackson-core-asl;1.9.13!jackson-core-asl.jar (1946ms)
[2024-11-03T07:51:17.001+0000] {spark_submit.py:495} INFO - downloading https://repo1.maven.org/maven2/org/codehaus/jackson/jackson-mapper-asl/1.9.13/jackson-mapper-asl-1.9.13.jar ...
[2024-11-03T07:51:19.008+0000] {spark_submit.py:495} INFO - [SUCCESSFUL ] org.codehaus.jackson#jackson-mapper-asl;1.9.13!jackson-mapper-asl.jar (2591ms)
[2024-11-03T07:51:19.618+0000] {spark_submit.py:495} INFO - downloading https://repo1.maven.org/maven2/com/thoughtworks/paranamer/paranamer/2.3/paranamer-2.3.jar ...
[2024-11-03T07:51:20.493+0000] {spark_submit.py:495} INFO - [SUCCESSFUL ] com.thoughtworks.paranamer#paranamer;2.3!paranamer.jar (1339ms)
[2024-11-03T07:51:21.015+0000] {spark_submit.py:495} INFO - downloading https://repo1.maven.org/maven2/com/nimbusds/nimbus-jose-jwt/4.41.1/nimbus-jose-jwt-4.41.1.jar ...
[2024-11-03T07:51:21.970+0000] {spark_submit.py:495} INFO - [SUCCESSFUL ] com.nimbusds#nimbus-jose-jwt;4.41.1!nimbus-jose-jwt.jar (1431ms)
[2024-11-03T07:51:22.657+0000] {spark_submit.py:495} INFO - downloading https://repo1.maven.org/maven2/net/minidev/json-smart/2.3/json-smart-2.3.jar ...
[2024-11-03T07:51:23.485+0000] {spark_submit.py:495} INFO - [SUCCESSFUL ] net.minidev#json-smart;2.3!json-smart.jar(bundle) (1407ms)
[2024-11-03T07:51:24.185+0000] {spark_submit.py:495} INFO - downloading https://repo1.maven.org/maven2/org/apache/curator/curator-framework/2.13.0/curator-framework-2.13.0.jar ...
[2024-11-03T07:51:25.193+0000] {spark_submit.py:495} INFO - [SUCCESSFUL ] org.apache.curator#curator-framework;2.13.0!curator-framework.jar(bundle) (1692ms)
[2024-11-03T07:51:25.843+0000] {spark_submit.py:495} INFO - downloading https://repo1.maven.org/maven2/com/github/stephenc/jcip/jcip-annotations/1.0-1/jcip-annotations-1.0-1.jar ...
[2024-11-03T07:51:26.513+0000] {spark_submit.py:495} INFO - [SUCCESSFUL ] com.github.stephenc.jcip#jcip-annotations;1.0-1!jcip-annotations.jar (1208ms)
[2024-11-03T07:51:27.258+0000] {spark_submit.py:495} INFO - downloading https://repo1.maven.org/maven2/net/minidev/accessors-smart/1.2/accessors-smart-1.2.jar ...
[2024-11-03T07:51:27.980+0000] {spark_submit.py:495} INFO - [SUCCESSFUL ] net.minidev#accessors-smart;1.2!accessors-smart.jar(bundle) (1406ms)
[2024-11-03T07:51:28.746+0000] {spark_submit.py:495} INFO - downloading https://repo1.maven.org/maven2/org/ow2/asm/asm/5.0.4/asm-5.0.4.jar ...
[2024-11-03T07:51:29.503+0000] {spark_submit.py:495} INFO - [SUCCESSFUL ] org.ow2.asm#asm;5.0.4!asm.jar (1464ms)
[2024-11-03T07:51:30.147+0000] {spark_submit.py:495} INFO - downloading https://repo1.maven.org/maven2/org/apache/kerby/kerb-client/1.0.1/kerb-client-1.0.1.jar ...
[2024-11-03T07:51:31.018+0000] {spark_submit.py:495} INFO - [SUCCESSFUL ] org.apache.kerby#kerb-client;1.0.1!kerb-client.jar (1463ms)
[2024-11-03T07:51:31.714+0000] {spark_submit.py:495} INFO - downloading https://repo1.maven.org/maven2/org/apache/kerby/kerb-admin/1.0.1/kerb-admin-1.0.1.jar ...
[2024-11-03T07:51:32.517+0000] {spark_submit.py:495} INFO - [SUCCESSFUL ] org.apache.kerby#kerb-admin;1.0.1!kerb-admin.jar (1483ms)
[2024-11-03T07:51:33.112+0000] {spark_submit.py:495} INFO - downloading https://repo1.maven.org/maven2/org/apache/kerby/kerby-config/1.0.1/kerby-config-1.0.1.jar ...
[2024-11-03T07:51:33.865+0000] {spark_submit.py:495} INFO - [SUCCESSFUL ] org.apache.kerby#kerby-config;1.0.1!kerby-config.jar (1320ms)
[2024-11-03T07:51:34.558+0000] {spark_submit.py:495} INFO - downloading https://repo1.maven.org/maven2/org/apache/kerby/kerb-core/1.0.1/kerb-core-1.0.1.jar ...
[2024-11-03T07:51:35.440+0000] {spark_submit.py:495} INFO - [SUCCESSFUL ] org.apache.kerby#kerb-core;1.0.1!kerb-core.jar (1560ms)
[2024-11-03T07:51:36.122+0000] {spark_submit.py:495} INFO - downloading https://repo1.maven.org/maven2/org/apache/kerby/kerb-common/1.0.1/kerb-common-1.0.1.jar ...
[2024-11-03T07:51:37.455+0000] {spark_submit.py:495} INFO - [SUCCESSFUL ] org.apache.kerby#kerb-common;1.0.1!kerb-common.jar (1898ms)
[2024-11-03T07:51:38.163+0000] {spark_submit.py:495} INFO - downloading https://repo1.maven.org/maven2/org/apache/kerby/kerb-util/1.0.1/kerb-util-1.0.1.jar ...
[2024-11-03T07:51:38.800+0000] {spark_submit.py:495} INFO - [SUCCESSFUL ] org.apache.kerby#kerb-util;1.0.1!kerb-util.jar (1324ms)
[2024-11-03T07:51:39.500+0000] {spark_submit.py:495} INFO - downloading https://repo1.maven.org/maven2/org/apache/kerby/token-provider/1.0.1/token-provider-1.0.1.jar ...
[2024-11-03T07:51:40.263+0000] {spark_submit.py:495} INFO - [SUCCESSFUL ] org.apache.kerby#token-provider;1.0.1!token-provider.jar (1455ms)
[2024-11-03T07:51:40.916+0000] {spark_submit.py:495} INFO - downloading https://repo1.maven.org/maven2/org/apache/kerby/kerby-pkix/1.0.1/kerby-pkix-1.0.1.jar ...
[2024-11-03T07:51:41.888+0000] {spark_submit.py:495} INFO - [SUCCESSFUL ] org.apache.kerby#kerby-pkix;1.0.1!kerby-pkix.jar (1553ms)
[2024-11-03T07:51:42.501+0000] {spark_submit.py:495} INFO - downloading https://repo1.maven.org/maven2/org/apache/kerby/kerby-asn1/1.0.1/kerby-asn1-1.0.1.jar ...
[2024-11-03T07:51:43.130+0000] {spark_submit.py:495} INFO - [SUCCESSFUL ] org.apache.kerby#kerby-asn1;1.0.1!kerby-asn1.jar (1233ms)
[2024-11-03T07:51:43.772+0000] {spark_submit.py:495} INFO - downloading https://repo1.maven.org/maven2/org/apache/kerby/kerby-util/1.0.1/kerby-util-1.0.1.jar ...
[2024-11-03T07:51:44.508+0000] {spark_submit.py:495} INFO - [SUCCESSFUL ] org.apache.kerby#kerby-util;1.0.1!kerby-util.jar (1361ms)
[2024-11-03T07:51:45.182+0000] {spark_submit.py:495} INFO - downloading https://repo1.maven.org/maven2/org/apache/kerby/kerb-crypto/1.0.1/kerb-crypto-1.0.1.jar ...
[2024-11-03T07:51:45.995+0000] {spark_submit.py:495} INFO - [SUCCESSFUL ] org.apache.kerby#kerb-crypto;1.0.1!kerb-crypto.jar (1401ms)
[2024-11-03T07:51:46.742+0000] {spark_submit.py:495} INFO - downloading https://repo1.maven.org/maven2/org/apache/kerby/kerb-server/1.0.1/kerb-server-1.0.1.jar ...
[2024-11-03T07:51:47.515+0000] {spark_submit.py:495} INFO - [SUCCESSFUL ] org.apache.kerby#kerb-server;1.0.1!kerb-server.jar (1495ms)
[2024-11-03T07:51:47.850+0000] {spark_submit.py:495} INFO - downloading https://repo1.maven.org/maven2/org/apache/kerby/kerby-xdr/1.0.1/kerby-xdr-1.0.1.jar ...
[2024-11-03T07:51:48.746+0000] {spark_submit.py:495} INFO - [SUCCESSFUL ] org.apache.kerby#kerby-xdr;1.0.1!kerby-xdr.jar (1144ms)
[2024-11-03T07:51:49.276+0000] {spark_submit.py:495} INFO - downloading https://repo1.maven.org/maven2/org/apache/kerby/kerb-identity/1.0.1/kerb-identity-1.0.1.jar ...
[2024-11-03T07:51:50.248+0000] {spark_submit.py:495} INFO - [SUCCESSFUL ] org.apache.kerby#kerb-identity;1.0.1!kerb-identity.jar (1247ms)
[2024-11-03T07:51:50.750+0000] {spark_submit.py:495} INFO - downloading https://repo1.maven.org/maven2/com/fasterxml/jackson/core/jackson-annotations/2.9.8/jackson-annotations-2.9.8.jar ...
[2024-11-03T07:51:51.508+0000] {spark_submit.py:495} INFO - [SUCCESSFUL ] com.fasterxml.jackson.core#jackson-annotations;2.9.8!jackson-annotations.jar(bundle) (1427ms)
[2024-11-03T07:51:52.154+0000] {spark_submit.py:495} INFO - downloading https://repo1.maven.org/maven2/com/fasterxml/jackson/core/jackson-core/2.9.8/jackson-core-2.9.8.jar ...
[2024-11-03T07:51:53.095+0000] {spark_submit.py:495} INFO - [SUCCESSFUL ] com.fasterxml.jackson.core#jackson-core;2.9.8!jackson-core.jar(bundle) (1563ms)
[2024-11-03T07:51:53.945+0000] {spark_submit.py:495} INFO - downloading https://repo1.maven.org/maven2/javax/servlet/jsp/jsp-api/2.1/jsp-api-2.1.jar ...
[2024-11-03T07:51:54.756+0000] {spark_submit.py:495} INFO - [SUCCESSFUL ] javax.servlet.jsp#jsp-api;2.1!jsp-api.jar (1491ms)
[2024-11-03T07:51:55.267+0000] {spark_submit.py:495} INFO - downloading https://repo1.maven.org/maven2/com/squareup/okhttp/okhttp/2.7.5/okhttp-2.7.5.jar ...
[2024-11-03T07:51:56.730+0000] {spark_submit.py:495} INFO - [SUCCESSFUL ] com.squareup.okhttp#okhttp;2.7.5!okhttp.jar (1944ms)
[2024-11-03T07:51:57.429+0000] {spark_submit.py:495} INFO - downloading https://repo1.maven.org/maven2/com/squareup/okio/okio/1.6.0/okio-1.6.0.jar ...
[2024-11-03T07:51:58.187+0000] {spark_submit.py:495} INFO - [SUCCESSFUL ] com.squareup.okio#okio;1.6.0!okio.jar (1302ms)
[2024-11-03T07:51:58.880+0000] {spark_submit.py:495} INFO - downloading https://repo1.maven.org/maven2/javax/xml/bind/jaxb-api/2.2.11/jaxb-api-2.2.11.jar ...
[2024-11-03T07:52:00.289+0000] {spark_submit.py:495} INFO - [SUCCESSFUL ] javax.xml.bind#jaxb-api;2.2.11!jaxb-api.jar (1981ms)
[2024-11-03T07:52:00.830+0000] {spark_submit.py:495} INFO - downloading https://repo1.maven.org/maven2/org/apache/hadoop/hadoop-yarn-common/3.2.1/hadoop-yarn-common-3.2.1.jar ...
[2024-11-03T07:52:17.359+0000] {spark_submit.py:495} INFO - [SUCCESSFUL ] org.apache.hadoop#hadoop-yarn-common;3.2.1!hadoop-yarn-common.jar (16916ms)
[2024-11-03T07:52:18.019+0000] {spark_submit.py:495} INFO - downloading https://repo1.maven.org/maven2/javax/servlet/javax.servlet-api/3.1.0/javax.servlet-api-3.1.0.jar ...
[2024-11-03T07:52:18.930+0000] {spark_submit.py:495} INFO - [SUCCESSFUL ] javax.servlet#javax.servlet-api;3.1.0!javax.servlet-api.jar (1559ms)
[2024-11-03T07:52:19.517+0000] {spark_submit.py:495} INFO - downloading https://repo1.maven.org/maven2/org/eclipse/jetty/jetty-util/9.3.24.v20180605/jetty-util-9.3.24.v20180605.jar ...
[2024-11-03T07:52:22.452+0000] {spark_submit.py:495} INFO - [SUCCESSFUL ] org.eclipse.jetty#jetty-util;9.3.24.v20180605!jetty-util.jar (3466ms)
[2024-11-03T07:52:23.098+0000] {spark_submit.py:495} INFO - downloading https://repo1.maven.org/maven2/com/sun/jersey/jersey-core/1.19/jersey-core-1.19.jar ...
[2024-11-03T07:52:25.954+0000] {spark_submit.py:495} INFO - [SUCCESSFUL ] com.sun.jersey#jersey-core;1.19!jersey-core.jar (3476ms)
[2024-11-03T07:52:26.675+0000] {spark_submit.py:495} INFO - downloading https://repo1.maven.org/maven2/com/sun/jersey/jersey-client/1.19/jersey-client-1.19.jar ...
[2024-11-03T07:52:27.960+0000] {spark_submit.py:495} INFO - [SUCCESSFUL ] com.sun.jersey#jersey-client;1.19!jersey-client.jar (1900ms)
[2024-11-03T07:52:28.723+0000] {spark_submit.py:495} INFO - downloading https://repo1.maven.org/maven2/com/fasterxml/jackson/module/jackson-module-jaxb-annotations/2.9.8/jackson-module-jaxb-annotations-2.9.8.jar ...
[2024-11-03T07:52:29.477+0000] {spark_submit.py:495} INFO - [SUCCESSFUL ] com.fasterxml.jackson.module#jackson-module-jaxb-annotations;2.9.8!jackson-module-jaxb-annotations.jar(bundle) (1433ms)
[2024-11-03T07:52:30.187+0000] {spark_submit.py:495} INFO - downloading https://repo1.maven.org/maven2/com/fasterxml/jackson/jaxrs/jackson-jaxrs-json-provider/2.9.8/jackson-jaxrs-json-provider-2.9.8.jar ...
[2024-11-03T07:52:31.243+0000] {spark_submit.py:495} INFO - [SUCCESSFUL ] com.fasterxml.jackson.jaxrs#jackson-jaxrs-json-provider;2.9.8!jackson-jaxrs-json-provider.jar(bundle) (1348ms)
[2024-11-03T07:52:31.723+0000] {spark_submit.py:495} INFO - downloading https://repo1.maven.org/maven2/javax/ws/rs/jsr311-api/1.1.1/jsr311-api-1.1.1.jar ...
[2024-11-03T07:52:32.511+0000] {spark_submit.py:495} INFO - [SUCCESSFUL ] javax.ws.rs#jsr311-api;1.1.1!jsr311-api.jar (1006ms)
[2024-11-03T07:52:33.175+0000] {spark_submit.py:495} INFO - downloading https://repo1.maven.org/maven2/com/fasterxml/jackson/jaxrs/jackson-jaxrs-base/2.9.8/jackson-jaxrs-base-2.9.8.jar ...
[2024-11-03T07:52:33.994+0000] {spark_submit.py:495} INFO - [SUCCESSFUL ] com.fasterxml.jackson.jaxrs#jackson-jaxrs-base;2.9.8!jackson-jaxrs-base.jar(bundle) (1371ms)
[2024-11-03T07:52:34.590+0000] {spark_submit.py:495} INFO - downloading https://repo1.maven.org/maven2/org/apache/hadoop/hadoop-mapreduce-client-common/3.2.1/hadoop-mapreduce-client-common-3.2.1.jar ...
[2024-11-03T07:52:35.854+0000] {spark_submit.py:495} INFO - [SUCCESSFUL ] org.apache.hadoop#hadoop-mapreduce-client-common;3.2.1!hadoop-mapreduce-client-common.jar (1755ms)
[2024-11-03T07:52:35.857+0000] {spark_submit.py:495} INFO - :: resolution report :: resolve 427878ms :: artifacts dl 680035ms
[2024-11-03T07:52:35.914+0000] {spark_submit.py:495} INFO - :: modules in use:
[2024-11-03T07:52:35.923+0000] {spark_submit.py:495} INFO - com.fasterxml.jackson.core#jackson-annotations;2.9.8 from central in [default]
[2024-11-03T07:52:35.924+0000] {spark_submit.py:495} INFO - com.fasterxml.jackson.core#jackson-core;2.9.8 from central in [default]
[2024-11-03T07:52:35.924+0000] {spark_submit.py:495} INFO - com.fasterxml.jackson.core#jackson-databind;2.9.8 from central in [default]
[2024-11-03T07:52:35.925+0000] {spark_submit.py:495} INFO - com.fasterxml.jackson.jaxrs#jackson-jaxrs-base;2.9.8 from central in [default]
[2024-11-03T07:52:35.925+0000] {spark_submit.py:495} INFO - com.fasterxml.jackson.jaxrs#jackson-jaxrs-json-provider;2.9.8 from central in [default]
[2024-11-03T07:52:35.925+0000] {spark_submit.py:495} INFO - com.fasterxml.jackson.module#jackson-module-jaxb-annotations;2.9.8 from central in [default]
[2024-11-03T07:52:35.926+0000] {spark_submit.py:495} INFO - com.fasterxml.woodstox#woodstox-core;5.0.3 from central in [default]
[2024-11-03T07:52:36.014+0000] {spark_submit.py:495} INFO - com.github.stephenc.jcip#jcip-annotations;1.0-1 from central in [default]
[2024-11-03T07:52:36.072+0000] {spark_submit.py:495} INFO - com.google.code.findbugs#jsr305;3.0.0 from central in [default]
[2024-11-03T07:52:36.110+0000] {spark_submit.py:495} INFO - com.google.code.gson#gson;2.2.4 from central in [default]
[2024-11-03T07:52:36.110+0000] {spark_submit.py:495} INFO - com.google.errorprone#error_prone_annotations;2.2.0 from central in [default]
[2024-11-03T07:52:36.111+0000] {spark_submit.py:495} INFO - com.google.guava#failureaccess;1.0 from central in [default]
[2024-11-03T07:52:36.205+0000] {spark_submit.py:495} INFO - com.google.guava#guava;27.0-jre from central in [default]
[2024-11-03T07:52:36.206+0000] {spark_submit.py:495} INFO - com.google.guava#listenablefuture;9999.0-empty-to-avoid-conflict-with-guava from central in [default]
[2024-11-03T07:52:36.310+0000] {spark_submit.py:495} INFO - com.google.j2objc#j2objc-annotations;1.1 from central in [default]
[2024-11-03T07:52:36.313+0000] {spark_submit.py:495} INFO - com.google.protobuf#protobuf-java;2.5.0 from central in [default]
[2024-11-03T07:52:36.318+0000] {spark_submit.py:495} INFO - com.google.re2j#re2j;1.1 from central in [default]
[2024-11-03T07:52:36.319+0000] {spark_submit.py:495} INFO - com.nimbusds#nimbus-jose-jwt;4.41.1 from central in [default]
[2024-11-03T07:52:36.319+0000] {spark_submit.py:495} INFO - com.squareup.okhttp#okhttp;2.7.5 from central in [default]
[2024-11-03T07:52:36.320+0000] {spark_submit.py:495} INFO - com.squareup.okio#okio;1.6.0 from central in [default]
[2024-11-03T07:52:36.320+0000] {spark_submit.py:495} INFO - com.sun.jersey#jersey-client;1.19 from central in [default]
[2024-11-03T07:52:36.320+0000] {spark_submit.py:495} INFO - com.sun.jersey#jersey-core;1.19 from central in [default]
[2024-11-03T07:52:36.320+0000] {spark_submit.py:495} INFO - com.sun.jersey#jersey-servlet;1.19 from central in [default]
[2024-11-03T07:52:36.321+0000] {spark_submit.py:495} INFO - com.thoughtworks.paranamer#paranamer;2.3 from central in [default]
[2024-11-03T07:52:36.321+0000] {spark_submit.py:495} INFO - commons-beanutils#commons-beanutils;1.9.3 from central in [default]
[2024-11-03T07:52:36.321+0000] {spark_submit.py:495} INFO - commons-cli#commons-cli;1.2 from central in [default]
[2024-11-03T07:52:36.321+0000] {spark_submit.py:495} INFO - commons-codec#commons-codec;1.11 from central in [default]
[2024-11-03T07:52:36.321+0000] {spark_submit.py:495} INFO - commons-collections#commons-collections;3.2.2 from central in [default]
[2024-11-03T07:52:36.322+0000] {spark_submit.py:495} INFO - commons-io#commons-io;2.5 from central in [default]
[2024-11-03T07:52:36.322+0000] {spark_submit.py:495} INFO - commons-logging#commons-logging;1.1.3 from central in [default]
[2024-11-03T07:52:36.325+0000] {spark_submit.py:495} INFO - commons-net#commons-net;3.6 from central in [default]
[2024-11-03T07:52:36.325+0000] {spark_submit.py:495} INFO - dnsjava#dnsjava;2.1.7 from central in [default]
[2024-11-03T07:52:36.326+0000] {spark_submit.py:495} INFO - javax.servlet#javax.servlet-api;3.1.0 from central in [default]
[2024-11-03T07:52:36.326+0000] {spark_submit.py:495} INFO - javax.servlet.jsp#jsp-api;2.1 from central in [default]
[2024-11-03T07:52:36.326+0000] {spark_submit.py:495} INFO - javax.ws.rs#jsr311-api;1.1.1 from central in [default]
[2024-11-03T07:52:36.326+0000] {spark_submit.py:495} INFO - javax.xml.bind#jaxb-api;2.2.11 from central in [default]
[2024-11-03T07:52:36.326+0000] {spark_submit.py:495} INFO - log4j#log4j;1.2.17 from central in [default]
[2024-11-03T07:52:36.327+0000] {spark_submit.py:495} INFO - net.minidev#accessors-smart;1.2 from central in [default]
[2024-11-03T07:52:36.327+0000] {spark_submit.py:495} INFO - net.minidev#json-smart;2.3 from central in [default]
[2024-11-03T07:52:36.327+0000] {spark_submit.py:495} INFO - org.apache.avro#avro;1.7.7 from central in [default]
[2024-11-03T07:52:36.327+0000] {spark_submit.py:495} INFO - org.apache.commons#commons-compress;1.18 from central in [default]
[2024-11-03T07:52:36.327+0000] {spark_submit.py:495} INFO - org.apache.commons#commons-configuration2;2.1.1 from central in [default]
[2024-11-03T07:52:36.328+0000] {spark_submit.py:495} INFO - org.apache.commons#commons-lang3;3.7 from central in [default]
[2024-11-03T07:52:36.328+0000] {spark_submit.py:495} INFO - org.apache.commons#commons-math3;3.1.1 from central in [default]
[2024-11-03T07:52:36.328+0000] {spark_submit.py:495} INFO - org.apache.commons#commons-pool2;2.11.1 from central in [default]
[2024-11-03T07:52:36.328+0000] {spark_submit.py:495} INFO - org.apache.commons#commons-text;1.4 from central in [default]
[2024-11-03T07:52:36.328+0000] {spark_submit.py:495} INFO - org.apache.curator#curator-client;2.13.0 from central in [default]
[2024-11-03T07:52:36.329+0000] {spark_submit.py:495} INFO - org.apache.curator#curator-framework;2.13.0 from central in [default]
[2024-11-03T07:52:36.329+0000] {spark_submit.py:495} INFO - org.apache.curator#curator-recipes;2.13.0 from central in [default]
[2024-11-03T07:52:36.329+0000] {spark_submit.py:495} INFO - org.apache.hadoop#hadoop-annotations;3.2.1 from central in [default]
[2024-11-03T07:52:36.329+0000] {spark_submit.py:495} INFO - org.apache.hadoop#hadoop-auth;3.2.1 from central in [default]
[2024-11-03T07:52:36.329+0000] {spark_submit.py:495} INFO - org.apache.hadoop#hadoop-client;3.2.1 from central in [default]
[2024-11-03T07:52:36.330+0000] {spark_submit.py:495} INFO - org.apache.hadoop#hadoop-client-api;3.3.4 from central in [default]
[2024-11-03T07:52:36.330+0000] {spark_submit.py:495} INFO - org.apache.hadoop#hadoop-client-runtime;3.3.4 from central in [default]
[2024-11-03T07:52:36.330+0000] {spark_submit.py:495} INFO - org.apache.hadoop#hadoop-common;3.2.1 from central in [default]
[2024-11-03T07:52:36.330+0000] {spark_submit.py:495} INFO - org.apache.hadoop#hadoop-hdfs-client;3.2.1 from central in [default]
[2024-11-03T07:52:36.330+0000] {spark_submit.py:495} INFO - org.apache.hadoop#hadoop-mapreduce-client-common;3.2.1 from central in [default]
[2024-11-03T07:52:36.331+0000] {spark_submit.py:495} INFO - org.apache.hadoop#hadoop-mapreduce-client-core;3.2.1 from central in [default]
[2024-11-03T07:52:36.331+0000] {spark_submit.py:495} INFO - org.apache.hadoop#hadoop-mapreduce-client-jobclient;3.2.1 from central in [default]
[2024-11-03T07:52:36.331+0000] {spark_submit.py:495} INFO - org.apache.hadoop#hadoop-yarn-api;3.2.1 from central in [default]
[2024-11-03T07:52:36.332+0000] {spark_submit.py:495} INFO - org.apache.hadoop#hadoop-yarn-client;3.2.1 from central in [default]
[2024-11-03T07:52:36.332+0000] {spark_submit.py:495} INFO - org.apache.hadoop#hadoop-yarn-common;3.2.1 from central in [default]
[2024-11-03T07:52:36.332+0000] {spark_submit.py:495} INFO - org.apache.htrace#htrace-core4;4.1.0-incubating from central in [default]
[2024-11-03T07:52:36.332+0000] {spark_submit.py:495} INFO - org.apache.httpcomponents#httpclient;4.5.6 from central in [default]
[2024-11-03T07:52:36.332+0000] {spark_submit.py:495} INFO - org.apache.httpcomponents#httpcore;4.4.10 from central in [default]
[2024-11-03T07:52:36.333+0000] {spark_submit.py:495} INFO - org.apache.kafka#kafka-clients;3.3.2 from central in [default]
[2024-11-03T07:52:36.333+0000] {spark_submit.py:495} INFO - org.apache.kerby#kerb-admin;1.0.1 from central in [default]
[2024-11-03T07:52:36.333+0000] {spark_submit.py:495} INFO - org.apache.kerby#kerb-client;1.0.1 from central in [default]
[2024-11-03T07:52:36.333+0000] {spark_submit.py:495} INFO - org.apache.kerby#kerb-common;1.0.1 from central in [default]
[2024-11-03T07:52:36.333+0000] {spark_submit.py:495} INFO - org.apache.kerby#kerb-core;1.0.1 from central in [default]
[2024-11-03T07:52:36.334+0000] {spark_submit.py:495} INFO - org.apache.kerby#kerb-crypto;1.0.1 from central in [default]
[2024-11-03T07:52:36.334+0000] {spark_submit.py:495} INFO - org.apache.kerby#kerb-identity;1.0.1 from central in [default]
[2024-11-03T07:52:36.334+0000] {spark_submit.py:495} INFO - org.apache.kerby#kerb-server;1.0.1 from central in [default]
[2024-11-03T07:52:36.334+0000] {spark_submit.py:495} INFO - org.apache.kerby#kerb-simplekdc;1.0.1 from central in [default]
[2024-11-03T07:52:36.334+0000] {spark_submit.py:495} INFO - org.apache.kerby#kerb-util;1.0.1 from central in [default]
[2024-11-03T07:52:36.334+0000] {spark_submit.py:495} INFO - org.apache.kerby#kerby-asn1;1.0.1 from central in [default]
[2024-11-03T07:52:36.335+0000] {spark_submit.py:495} INFO - org.apache.kerby#kerby-config;1.0.1 from central in [default]
[2024-11-03T07:52:36.335+0000] {spark_submit.py:495} INFO - org.apache.kerby#kerby-pkix;1.0.1 from central in [default]
[2024-11-03T07:52:36.335+0000] {spark_submit.py:495} INFO - org.apache.kerby#kerby-util;1.0.1 from central in [default]
[2024-11-03T07:52:36.335+0000] {spark_submit.py:495} INFO - org.apache.kerby#kerby-xdr;1.0.1 from central in [default]
[2024-11-03T07:52:36.335+0000] {spark_submit.py:495} INFO - org.apache.kerby#token-provider;1.0.1 from central in [default]
[2024-11-03T07:52:36.336+0000] {spark_submit.py:495} INFO - org.apache.spark#spark-sql-kafka-0-10_2.12;3.4.2 from central in [default]
[2024-11-03T07:52:36.336+0000] {spark_submit.py:495} INFO - org.apache.spark#spark-streaming-kafka-0-10_2.12;3.4.2 from central in [default]
[2024-11-03T07:52:36.336+0000] {spark_submit.py:495} INFO - org.apache.spark#spark-token-provider-kafka-0-10_2.12;3.4.2 from central in [default]
[2024-11-03T07:52:36.336+0000] {spark_submit.py:495} INFO - org.checkerframework#checker-qual;2.5.2 from central in [default]
[2024-11-03T07:52:36.336+0000] {spark_submit.py:495} INFO - org.codehaus.jackson#jackson-core-asl;1.9.13 from central in [default]
[2024-11-03T07:52:36.337+0000] {spark_submit.py:495} INFO - org.codehaus.jackson#jackson-mapper-asl;1.9.13 from central in [default]
[2024-11-03T07:52:36.337+0000] {spark_submit.py:495} INFO - org.codehaus.mojo#animal-sniffer-annotations;1.17 from central in [default]
[2024-11-03T07:52:36.337+0000] {spark_submit.py:495} INFO - org.codehaus.woodstox#stax2-api;3.1.4 from central in [default]
[2024-11-03T07:52:36.337+0000] {spark_submit.py:495} INFO - org.eclipse.jetty#jetty-security;9.3.24.v20180605 from central in [default]
[2024-11-03T07:52:36.337+0000] {spark_submit.py:495} INFO - org.eclipse.jetty#jetty-servlet;9.3.24.v20180605 from central in [default]
[2024-11-03T07:52:36.338+0000] {spark_submit.py:495} INFO - org.eclipse.jetty#jetty-util;9.3.24.v20180605 from central in [default]
[2024-11-03T07:52:36.338+0000] {spark_submit.py:495} INFO - org.eclipse.jetty#jetty-webapp;9.3.24.v20180605 from central in [default]
[2024-11-03T07:52:36.338+0000] {spark_submit.py:495} INFO - org.eclipse.jetty#jetty-xml;9.3.24.v20180605 from central in [default]
[2024-11-03T07:52:36.338+0000] {spark_submit.py:495} INFO - org.lz4#lz4-java;1.8.0 from central in [default]
[2024-11-03T07:52:36.338+0000] {spark_submit.py:495} INFO - org.ow2.asm#asm;5.0.4 from central in [default]
[2024-11-03T07:52:36.339+0000] {spark_submit.py:495} INFO - org.slf4j#slf4j-api;2.0.6 from central in [default]
[2024-11-03T07:52:36.339+0000] {spark_submit.py:495} INFO - org.xerial.snappy#snappy-java;1.1.10.3 from central in [default]
[2024-11-03T07:52:36.339+0000] {spark_submit.py:495} INFO - :: evicted modules:
[2024-11-03T07:52:36.339+0000] {spark_submit.py:495} INFO - org.slf4j#slf4j-api;1.7.25 by [org.slf4j#slf4j-api;2.0.6] in [default]
[2024-11-03T07:52:36.403+0000] {spark_submit.py:495} INFO - org.xerial.snappy#snappy-java;1.0.5 by [org.xerial.snappy#snappy-java;1.1.10.3] in [default]
[2024-11-03T07:52:36.408+0000] {spark_submit.py:495} INFO - ---------------------------------------------------------------------
[2024-11-03T07:52:36.416+0000] {spark_submit.py:495} INFO - |                  |            modules            ||   artifacts   |
[2024-11-03T07:52:36.417+0000] {spark_submit.py:495} INFO - |       conf       | number| search|dwnlded|evicted|| number|dwnlded|
[2024-11-03T07:52:36.417+0000] {spark_submit.py:495} INFO - ---------------------------------------------------------------------
[2024-11-03T07:52:36.651+0000] {spark_submit.py:495} INFO - |      default     |  100  |   98  |   98  |   2   ||   98  |   98  |
[2024-11-03T07:52:36.652+0000] {spark_submit.py:495} INFO - ---------------------------------------------------------------------
[2024-11-03T07:52:37.225+0000] {spark_submit.py:495} INFO - :: retrieving :: org.apache.spark#spark-submit-parent-562cd7c0-2364-4089-a843-cc85ff2f8dd2
[2024-11-03T07:52:37.286+0000] {spark_submit.py:495} INFO - confs: [default]
[2024-11-03T07:52:49.020+0000] {spark_submit.py:495} INFO - 98 artifacts copied, 0 already retrieved (97732kB/11776ms)
[2024-11-03T07:52:56.014+0000] {spark_submit.py:495} INFO - 24/11/03 07:52:55 WARN NativeCodeLoader: Unable to load native-hadoop library for your platform... using builtin-java classes where applicable
[2024-11-03T07:53:15.147+0000] {spark_submit.py:495} INFO - 24/11/03 07:53:15 INFO SparkContext: Running Spark version 3.4.2
[2024-11-03T07:53:15.944+0000] {spark_submit.py:495} INFO - 24/11/03 07:53:15 INFO ResourceUtils: ==============================================================
[2024-11-03T07:53:16.020+0000] {spark_submit.py:495} INFO - 24/11/03 07:53:16 INFO ResourceUtils: No custom resources configured for spark.driver.
[2024-11-03T07:53:16.061+0000] {spark_submit.py:495} INFO - 24/11/03 07:53:16 INFO ResourceUtils: ==============================================================
[2024-11-03T07:53:16.146+0000] {spark_submit.py:495} INFO - 24/11/03 07:53:16 INFO SparkContext: Submitted application: KafkaSparkStreaming
[2024-11-03T07:53:17.006+0000] {spark_submit.py:495} INFO - 24/11/03 07:53:17 INFO ResourceProfile: Default ResourceProfile created, executor resources: Map(memory -> name: memory, amount: 1024, script: , vendor: , offHeap -> name: offHeap, amount: 0, script: , vendor: ), task resources: Map(cpus -> name: cpus, amount: 1.0)
[2024-11-03T07:53:17.150+0000] {spark_submit.py:495} INFO - 24/11/03 07:53:17 INFO ResourceProfile: Limiting resource is cpu
[2024-11-03T07:53:17.191+0000] {spark_submit.py:495} INFO - 24/11/03 07:53:17 INFO ResourceProfileManager: Added ResourceProfile id: 0
[2024-11-03T07:53:18.435+0000] {spark_submit.py:495} INFO - 24/11/03 07:53:18 INFO SecurityManager: Changing view acls to: ***
[2024-11-03T07:53:18.462+0000] {spark_submit.py:495} INFO - 24/11/03 07:53:18 INFO SecurityManager: Changing modify acls to: ***
[2024-11-03T07:53:18.463+0000] {spark_submit.py:495} INFO - 24/11/03 07:53:18 INFO SecurityManager: Changing view acls groups to:
[2024-11-03T07:53:18.473+0000] {spark_submit.py:495} INFO - 24/11/03 07:53:18 INFO SecurityManager: Changing modify acls groups to:
[2024-11-03T07:53:18.482+0000] {spark_submit.py:495} INFO - 24/11/03 07:53:18 INFO SecurityManager: SecurityManager: authentication disabled; ui acls disabled; users with view permissions: ***; groups with view permissions: EMPTY; users with modify permissions: ***; groups with modify permissions: EMPTY
[2024-11-03T07:53:25.599+0000] {spark_submit.py:495} INFO - 24/11/03 07:53:25 INFO Utils: Successfully started service 'sparkDriver' on port 38403.
[2024-11-03T07:53:26.574+0000] {spark_submit.py:495} INFO - 24/11/03 07:53:26 INFO SparkEnv: Registering MapOutputTracker
[2024-11-03T07:53:27.738+0000] {spark_submit.py:495} INFO - 24/11/03 07:53:27 INFO SparkEnv: Registering BlockManagerMaster
[2024-11-03T07:53:27.981+0000] {spark_submit.py:495} INFO - 24/11/03 07:53:27 INFO BlockManagerMasterEndpoint: Using org.apache.spark.storage.DefaultTopologyMapper for getting topology information
[2024-11-03T07:53:27.987+0000] {spark_submit.py:495} INFO - 24/11/03 07:53:27 INFO BlockManagerMasterEndpoint: BlockManagerMasterEndpoint up
[2024-11-03T07:53:28.050+0000] {spark_submit.py:495} INFO - 24/11/03 07:53:28 INFO SparkEnv: Registering BlockManagerMasterHeartbeat
[2024-11-03T07:53:28.342+0000] {spark_submit.py:495} INFO - 24/11/03 07:53:28 INFO DiskBlockManager: Created local directory at /tmp/blockmgr-1f7bb505-f9fd-4c5e-9519-31413c57af58
[2024-11-03T07:53:28.551+0000] {spark_submit.py:495} INFO - 24/11/03 07:53:28 INFO MemoryStore: MemoryStore started with capacity 434.4 MiB
[2024-11-03T07:53:28.766+0000] {spark_submit.py:495} INFO - 24/11/03 07:53:28 INFO SparkEnv: Registering OutputCommitCoordinator
[2024-11-03T07:53:30.363+0000] {spark_submit.py:495} INFO - 24/11/03 07:53:30 INFO JettyUtils: Start Jetty 0.0.0.0:4040 for SparkUI
[2024-11-03T07:53:31.330+0000] {spark_submit.py:495} INFO - 24/11/03 07:53:31 INFO Utils: Successfully started service 'SparkUI' on port 4040.
[2024-11-03T07:53:33.841+0000] {spark_submit.py:495} INFO - 24/11/03 07:53:33 INFO StandaloneAppClient$ClientEndpoint: Connecting to master spark://spark-master:7077...
[2024-11-03T07:53:35.403+0000] {spark_submit.py:495} INFO - 24/11/03 07:53:35 INFO TransportClientFactory: Successfully created connection to spark-master/172.20.0.3:7077 after 1108 ms (0 ms spent in bootstraps)
[2024-11-03T07:53:40.785+0000] {spark_submit.py:495} INFO - 24/11/03 07:53:40 INFO StandaloneSchedulerBackend: Connected to Spark cluster with app ID app-20241103075339-0000
[2024-11-03T07:53:41.172+0000] {spark_submit.py:495} INFO - 24/11/03 07:53:41 INFO Utils: Successfully started service 'org.apache.spark.network.netty.NettyBlockTransferService' on port 39663.
[2024-11-03T07:53:41.180+0000] {spark_submit.py:495} INFO - 24/11/03 07:53:41 INFO NettyBlockTransferService: Server created on 7d9160448bdc:39663
[2024-11-03T07:53:41.286+0000] {spark_submit.py:495} INFO - 24/11/03 07:53:41 INFO BlockManager: Using org.apache.spark.storage.RandomBlockReplicationPolicy for block replication policy
[2024-11-03T07:53:41.586+0000] {spark_submit.py:495} INFO - 24/11/03 07:53:41 INFO BlockManagerMaster: Registering BlockManager BlockManagerId(driver, 7d9160448bdc, 39663, None)
[2024-11-03T07:53:41.803+0000] {spark_submit.py:495} INFO - 24/11/03 07:53:41 INFO BlockManagerMasterEndpoint: Registering block manager 7d9160448bdc:39663 with 434.4 MiB RAM, BlockManagerId(driver, 7d9160448bdc, 39663, None)
[2024-11-03T07:53:41.804+0000] {spark_submit.py:495} INFO - 24/11/03 07:53:41 INFO BlockManagerMaster: Registered BlockManager BlockManagerId(driver, 7d9160448bdc, 39663, None)
[2024-11-03T07:53:41.804+0000] {spark_submit.py:495} INFO - 24/11/03 07:53:41 INFO BlockManager: Initialized BlockManager: BlockManagerId(driver, 7d9160448bdc, 39663, None)
[2024-11-03T07:53:42.211+0000] {spark_submit.py:495} INFO - 24/11/03 07:53:42 INFO StandaloneAppClient$ClientEndpoint: Executor added: app-20241103075339-0000/0 on worker-20241103070954-172.20.0.7-37907 (172.20.0.7:37907) with 1 core(s)
[2024-11-03T07:53:42.355+0000] {spark_submit.py:495} INFO - 24/11/03 07:53:42 INFO StandaloneSchedulerBackend: Granted executor ID app-20241103075339-0000/0 on hostPort 172.20.0.7:37907 with 1 core(s), 1024.0 MiB RAM
[2024-11-03T07:53:46.260+0000] {spark_submit.py:495} INFO - 24/11/03 07:53:46 INFO StandaloneSchedulerBackend: SchedulerBackend is ready for scheduling beginning after reached minRegisteredResourcesRatio: 0.0
[2024-11-03T07:54:17.812+0000] {spark_submit.py:495} INFO - 24/11/03 07:54:17 INFO StandaloneAppClient$ClientEndpoint: Executor updated: app-20241103075339-0000/0 is now RUNNING
[2024-11-03T07:54:20.262+0000] {spark_submit.py:495} INFO - 24/11/03 07:54:20 INFO SharedState: Setting hive.metastore.warehouse.dir ('null') to the value of spark.sql.warehouse.dir.
[2024-11-03T07:54:20.994+0000] {spark_submit.py:495} INFO - 24/11/03 07:54:20 INFO SharedState: Warehouse path is 'file:/opt/***/spark-warehouse'.
[2024-11-03T07:56:19.068+0000] {spark_submit.py:495} INFO - 24/11/03 07:56:18 INFO StandaloneSchedulerBackend$StandaloneDriverEndpoint: Registered executor NettyRpcEndpointRef(spark-client://Executor) (172.20.0.7:48320) with ID 0,  ResourceProfileId 0
[2024-11-03T07:56:32.900+0000] {spark_submit.py:495} INFO - 24/11/03 07:56:32 INFO AsyncEventQueue: Process of event SparkListenerExecutorAdded(1730620583497,0,org.apache.spark.scheduler.cluster.ExecutorData@db431b25) by listener HeartbeatReceiver took 2.881316081s.
[2024-11-03T07:57:00.419+0000] {spark_submit.py:495} INFO - 24/11/03 07:57:00 INFO BlockManagerMasterEndpoint: Registering block manager 172.20.0.7:44061 with 434.4 MiB RAM, BlockManagerId(0, 172.20.0.7, 44061, None)
[2024-11-03T07:57:23.432+0000] {spark_submit.py:495} INFO - done
[2024-11-03T07:57:32.555+0000] {spark_submit.py:495} INFO - 24/11/03 07:57:32 WARN FileSystem: Failed to initialize fileystem hdfs://hdfs-namenode:9000/raw_data: java.lang.IllegalArgumentException: java.net.UnknownHostException: hdfs-namenode
[2024-11-03T07:57:36.013+0000] {spark_submit.py:495} INFO - Traceback (most recent call last):
[2024-11-03T07:57:36.038+0000] {spark_submit.py:495} INFO - File "/opt/***/dags/spark_streaming_job.py", line 61, in <module>
[2024-11-03T07:57:36.161+0000] {spark_submit.py:495} INFO - spark_streaming_job()
[2024-11-03T07:57:36.168+0000] {spark_submit.py:495} INFO - File "/opt/***/dags/spark_streaming_job.py", line 46, in spark_streaming_job
[2024-11-03T07:57:36.168+0000] {spark_submit.py:495} INFO - .start()
[2024-11-03T07:57:36.168+0000] {spark_submit.py:495} INFO - ^^^^^^^
[2024-11-03T07:57:36.169+0000] {spark_submit.py:495} INFO - File "/home/***/.local/lib/python3.11/site-packages/pyspark/python/lib/pyspark.zip/pyspark/sql/streaming/readwriter.py", line 1385, in start
[2024-11-03T07:57:36.674+0000] {spark_submit.py:495} INFO - File "/home/***/.local/lib/python3.11/site-packages/pyspark/python/lib/py4j-0.10.9.7-src.zip/py4j/java_gateway.py", line 1322, in __call__
[2024-11-03T07:57:36.704+0000] {spark_submit.py:495} INFO - File "/home/***/.local/lib/python3.11/site-packages/pyspark/python/lib/pyspark.zip/pyspark/errors/exceptions/captured.py", line 175, in deco
[2024-11-03T07:57:37.005+0000] {spark_submit.py:495} INFO - pyspark.errors.exceptions.captured.IllegalArgumentException: java.net.UnknownHostException: hdfs-namenode
[2024-11-03T07:57:39.832+0000] {spark_submit.py:495} INFO - 24/11/03 07:57:39 INFO SparkContext: Invoking stop() from shutdown hook
[2024-11-03T07:57:39.843+0000] {spark_submit.py:495} INFO - 24/11/03 07:57:39 INFO SparkContext: SparkContext is stopping with exitCode 0.
[2024-11-03T07:57:41.511+0000] {spark_submit.py:495} INFO - 24/11/03 07:57:41 INFO SparkUI: Stopped Spark web UI at http://7d9160448bdc:4040
[2024-11-03T07:57:41.827+0000] {spark_submit.py:495} INFO - 24/11/03 07:57:41 INFO StandaloneSchedulerBackend: Shutting down all executors
[2024-11-03T07:57:41.828+0000] {spark_submit.py:495} INFO - 24/11/03 07:57:41 INFO StandaloneSchedulerBackend$StandaloneDriverEndpoint: Asking each executor to shut down
[2024-11-03T07:57:44.009+0000] {spark_submit.py:495} INFO - 24/11/03 07:57:44 INFO MapOutputTrackerMasterEndpoint: MapOutputTrackerMasterEndpoint stopped!
[2024-11-03T07:57:47.020+0000] {spark_submit.py:495} INFO - 24/11/03 07:57:47 INFO MemoryStore: MemoryStore cleared
[2024-11-03T07:57:47.022+0000] {spark_submit.py:495} INFO - 24/11/03 07:57:47 INFO BlockManager: BlockManager stopped
[2024-11-03T07:57:47.548+0000] {spark_submit.py:495} INFO - 24/11/03 07:57:47 INFO BlockManagerMaster: BlockManagerMaster stopped
[2024-11-03T07:57:47.598+0000] {spark_submit.py:495} INFO - 24/11/03 07:57:47 INFO OutputCommitCoordinator$OutputCommitCoordinatorEndpoint: OutputCommitCoordinator stopped!
[2024-11-03T07:57:51.403+0000] {spark_submit.py:495} INFO - 24/11/03 07:57:51 INFO SparkContext: Successfully stopped SparkContext
[2024-11-03T07:57:51.428+0000] {spark_submit.py:495} INFO - 24/11/03 07:57:51 INFO ShutdownHookManager: Shutdown hook called
[2024-11-03T07:57:51.531+0000] {spark_submit.py:495} INFO - 24/11/03 07:57:51 INFO ShutdownHookManager: Deleting directory /tmp/spark-5b27ea29-351a-4008-a1e3-7d44ae42d4d8
[2024-11-03T07:57:51.888+0000] {spark_submit.py:495} INFO - 24/11/03 07:57:51 INFO ShutdownHookManager: Deleting directory /tmp/spark-4734fcd9-5754-45b3-9afa-235637da613c
[2024-11-03T07:57:52.847+0000] {spark_submit.py:495} INFO - 24/11/03 07:57:52 INFO ShutdownHookManager: Deleting directory /tmp/spark-5b27ea29-351a-4008-a1e3-7d44ae42d4d8/pyspark-a6c2e391-b905-4a2a-99d7-05c8089b64ab
[2024-11-03T07:57:56.098+0000] {taskinstance.py:441} INFO - ::group::Post task execution logs
[2024-11-03T07:57:56.981+0000] {taskinstance.py:2905} ERROR - Task failed with exception
Traceback (most recent call last):
  File "/home/airflow/.local/lib/python3.11/site-packages/airflow/models/taskinstance.py", line 465, in _execute_task
    result = _execute_callable(context=context, **execute_callable_kwargs)
             ^^^^^^^^^^^^^^^^^^^^^^^^^^^^^^^^^^^^^^^^^^^^^^^^^^^^^^^^^^^^^
  File "/home/airflow/.local/lib/python3.11/site-packages/airflow/models/taskinstance.py", line 432, in _execute_callable
    return execute_callable(context=context, **execute_callable_kwargs)
           ^^^^^^^^^^^^^^^^^^^^^^^^^^^^^^^^^^^^^^^^^^^^^^^^^^^^^^^^^^^^
  File "/home/airflow/.local/lib/python3.11/site-packages/airflow/models/baseoperator.py", line 401, in wrapper
    return func(self, *args, **kwargs)
           ^^^^^^^^^^^^^^^^^^^^^^^^^^^
  File "/home/airflow/.local/lib/python3.11/site-packages/airflow/providers/apache/spark/operators/spark_submit.py", line 157, in execute
    self._hook.submit(self._application)
  File "/home/airflow/.local/lib/python3.11/site-packages/airflow/providers/apache/spark/hooks/spark_submit.py", line 426, in submit
    raise AirflowException(
airflow.exceptions.AirflowException: Cannot execute: spark-submit --master yarn --conf spark.yarn.appMasterEnv.HADOOP_CONF_DIR=/opt/hadoop-3.2.1/etc/hadoop --packages org.apache.spark:spark-streaming-kafka-0-10_2.12:3.4.2,org.apache.spark:spark-sql-kafka-0-10_2.12:3.4.2,org.apache.hadoop:hadoop-client:3.2.1 --name KafkaSparkHDFS /opt/***/dags/spark_streaming_job.py. Error code is: 1.
[2024-11-03T07:57:57.727+0000] {taskinstance.py:1206} INFO - Marking task as FAILED. dag_id=sensor_data_consumer, task_id=sensor_data_consumer, run_id=manual__2024-11-03T07:32:51.523867+00:00, execution_date=20241103T073251, start_date=20241103T073325, end_date=20241103T075757
[2024-11-03T07:57:59.082+0000] {standard_task_runner.py:110} ERROR - Failed to execute job 33 for task sensor_data_consumer (Cannot execute: spark-submit --master yarn --conf spark.yarn.appMasterEnv.HADOOP_CONF_DIR=/opt/hadoop-3.2.1/etc/hadoop --packages org.apache.spark:spark-streaming-kafka-0-10_2.12:3.4.2,org.apache.spark:spark-sql-kafka-0-10_2.12:3.4.2,org.apache.hadoop:hadoop-client:3.2.1 --name KafkaSparkHDFS /opt/***/dags/spark_streaming_job.py. Error code is: 1.; 913)
[2024-11-03T07:57:59.336+0000] {local_task_job_runner.py:243} INFO - Task exited with return code 1
[2024-11-03T07:58:01.746+0000] {taskinstance.py:3503} INFO - 0 downstream tasks scheduled from follow-on schedule check
[2024-11-03T07:58:01.852+0000] {local_task_job_runner.py:222} INFO - ::endgroup::
