[2024-11-02T04:14:07.297+0000] {local_task_job_runner.py:120} INFO - ::group::Pre task execution logs
[2024-11-02T04:14:07.467+0000] {taskinstance.py:2076} INFO - Dependencies all met for dep_context=non-requeueable deps ti=<TaskInstance: sensor_data_consumer.sensor_data_consumer manual__2024-11-02T04:13:59.482962+00:00 [queued]>
[2024-11-02T04:14:07.493+0000] {taskinstance.py:2076} INFO - Dependencies all met for dep_context=requeueable deps ti=<TaskInstance: sensor_data_consumer.sensor_data_consumer manual__2024-11-02T04:13:59.482962+00:00 [queued]>
[2024-11-02T04:14:07.494+0000] {taskinstance.py:2306} INFO - Starting attempt 1 of 1
[2024-11-02T04:14:07.544+0000] {taskinstance.py:2330} INFO - Executing <Task(SparkSubmitOperator): sensor_data_consumer> on 2024-11-02 04:13:59.482962+00:00
[2024-11-02T04:14:07.570+0000] {standard_task_runner.py:64} INFO - Started process 679 to run task
[2024-11-02T04:14:07.574+0000] {standard_task_runner.py:90} INFO - Running: ['***', 'tasks', 'run', 'sensor_data_consumer', 'sensor_data_consumer', 'manual__2024-11-02T04:13:59.482962+00:00', '--job-id', '497', '--raw', '--subdir', 'DAGS_FOLDER/***_consumer.py', '--cfg-path', '/tmp/tmp3lvr7ya8']
[2024-11-02T04:14:07.603+0000] {standard_task_runner.py:91} INFO - Job 497: Subtask sensor_data_consumer
[2024-11-02T04:14:07.883+0000] {task_command.py:426} INFO - Running <TaskInstance: sensor_data_consumer.sensor_data_consumer manual__2024-11-02T04:13:59.482962+00:00 [running]> on host b503d98b76db
[2024-11-02T04:14:08.447+0000] {taskinstance.py:2648} INFO - Exporting env vars: AIRFLOW_CTX_DAG_OWNER='Bich Ly' AIRFLOW_CTX_DAG_ID='sensor_data_consumer' AIRFLOW_CTX_TASK_ID='sensor_data_consumer' AIRFLOW_CTX_EXECUTION_DATE='2024-11-02T04:13:59.482962+00:00' AIRFLOW_CTX_TRY_NUMBER='1' AIRFLOW_CTX_DAG_RUN_ID='manual__2024-11-02T04:13:59.482962+00:00'
[2024-11-02T04:14:08.449+0000] {taskinstance.py:430} INFO - ::endgroup::
[2024-11-02T04:14:08.587+0000] {base.py:84} INFO - Using connection ID 'spark_default' for task execution.
[2024-11-02T04:14:08.608+0000] {spark_submit.py:344} INFO - Spark-Submit cmd: spark-submit --master spark://spark-master:7077 --name KafkaSparkHDFS /opt/***/dags/spark_streaming_job.py
[2024-11-02T04:14:24.234+0000] {spark_submit.py:495} INFO - 24/11/02 04:14:24 INFO SparkContext: Running Spark version 3.4.2
[2024-11-02T04:14:24.580+0000] {spark_submit.py:495} INFO - 24/11/02 04:14:24 WARN NativeCodeLoader: Unable to load native-hadoop library for your platform... using builtin-java classes where applicable
[2024-11-02T04:14:25.098+0000] {spark_submit.py:495} INFO - 24/11/02 04:14:25 INFO ResourceUtils: ==============================================================
[2024-11-02T04:14:25.101+0000] {spark_submit.py:495} INFO - 24/11/02 04:14:25 INFO ResourceUtils: No custom resources configured for spark.driver.
[2024-11-02T04:14:25.102+0000] {spark_submit.py:495} INFO - 24/11/02 04:14:25 INFO ResourceUtils: ==============================================================
[2024-11-02T04:14:25.104+0000] {spark_submit.py:495} INFO - 24/11/02 04:14:25 INFO SparkContext: Submitted application: KafkaSparkStreaming
[2024-11-02T04:14:25.189+0000] {spark_submit.py:495} INFO - 24/11/02 04:14:25 INFO ResourceProfile: Default ResourceProfile created, executor resources: Map(memory -> name: memory, amount: 1024, script: , vendor: , offHeap -> name: offHeap, amount: 0, script: , vendor: ), task resources: Map(cpus -> name: cpus, amount: 1.0)
[2024-11-02T04:14:25.213+0000] {spark_submit.py:495} INFO - 24/11/02 04:14:25 INFO ResourceProfile: Limiting resource is cpu
[2024-11-02T04:14:25.218+0000] {spark_submit.py:495} INFO - 24/11/02 04:14:25 INFO ResourceProfileManager: Added ResourceProfile id: 0
[2024-11-02T04:14:25.455+0000] {spark_submit.py:495} INFO - 24/11/02 04:14:25 INFO SecurityManager: Changing view acls to: ***
[2024-11-02T04:14:25.457+0000] {spark_submit.py:495} INFO - 24/11/02 04:14:25 INFO SecurityManager: Changing modify acls to: ***
[2024-11-02T04:14:25.458+0000] {spark_submit.py:495} INFO - 24/11/02 04:14:25 INFO SecurityManager: Changing view acls groups to:
[2024-11-02T04:14:25.459+0000] {spark_submit.py:495} INFO - 24/11/02 04:14:25 INFO SecurityManager: Changing modify acls groups to:
[2024-11-02T04:14:25.461+0000] {spark_submit.py:495} INFO - 24/11/02 04:14:25 INFO SecurityManager: SecurityManager: authentication disabled; ui acls disabled; users with view permissions: ***; groups with view permissions: EMPTY; users with modify permissions: ***; groups with modify permissions: EMPTY
[2024-11-02T04:14:26.625+0000] {spark_submit.py:495} INFO - 24/11/02 04:14:26 INFO Utils: Successfully started service 'sparkDriver' on port 46013.
[2024-11-02T04:14:26.741+0000] {spark_submit.py:495} INFO - 24/11/02 04:14:26 INFO SparkEnv: Registering MapOutputTracker
[2024-11-02T04:14:26.956+0000] {spark_submit.py:495} INFO - 24/11/02 04:14:26 INFO SparkEnv: Registering BlockManagerMaster
[2024-11-02T04:14:27.032+0000] {spark_submit.py:495} INFO - 24/11/02 04:14:27 INFO BlockManagerMasterEndpoint: Using org.apache.spark.storage.DefaultTopologyMapper for getting topology information
[2024-11-02T04:14:27.035+0000] {spark_submit.py:495} INFO - 24/11/02 04:14:27 INFO BlockManagerMasterEndpoint: BlockManagerMasterEndpoint up
[2024-11-02T04:14:27.054+0000] {spark_submit.py:495} INFO - 24/11/02 04:14:27 INFO SparkEnv: Registering BlockManagerMasterHeartbeat
[2024-11-02T04:14:27.138+0000] {spark_submit.py:495} INFO - 24/11/02 04:14:27 INFO DiskBlockManager: Created local directory at /tmp/blockmgr-a0c6ec06-ee14-4236-ae1f-e1ec03418cd6
[2024-11-02T04:14:27.211+0000] {spark_submit.py:495} INFO - 24/11/02 04:14:27 INFO MemoryStore: MemoryStore started with capacity 434.4 MiB
[2024-11-02T04:14:27.268+0000] {spark_submit.py:495} INFO - 24/11/02 04:14:27 INFO SparkEnv: Registering OutputCommitCoordinator
[2024-11-02T04:14:27.787+0000] {spark_submit.py:495} INFO - 24/11/02 04:14:27 INFO JettyUtils: Start Jetty 0.0.0.0:4040 for SparkUI
[2024-11-02T04:14:28.214+0000] {spark_submit.py:495} INFO - 24/11/02 04:14:28 INFO Utils: Successfully started service 'SparkUI' on port 4040.
[2024-11-02T04:14:28.712+0000] {spark_submit.py:495} INFO - 24/11/02 04:14:28 INFO StandaloneAppClient$ClientEndpoint: Connecting to master spark://spark-master:7077...
[2024-11-02T04:14:28.811+0000] {spark_submit.py:495} INFO - 24/11/02 04:14:28 INFO TransportClientFactory: Successfully created connection to spark-master/172.22.0.3:7077 after 62 ms (0 ms spent in bootstraps)
[2024-11-02T04:14:30.350+0000] {spark_submit.py:495} INFO - 24/11/02 04:14:30 INFO StandaloneSchedulerBackend: Connected to Spark cluster with app ID app-20241102041429-0000
[2024-11-02T04:14:30.531+0000] {spark_submit.py:495} INFO - 24/11/02 04:14:30 INFO Utils: Successfully started service 'org.apache.spark.network.netty.NettyBlockTransferService' on port 36169.
[2024-11-02T04:14:30.533+0000] {spark_submit.py:495} INFO - 24/11/02 04:14:30 INFO NettyBlockTransferService: Server created on b503d98b76db:36169
[2024-11-02T04:14:30.543+0000] {spark_submit.py:495} INFO - 24/11/02 04:14:30 INFO BlockManager: Using org.apache.spark.storage.RandomBlockReplicationPolicy for block replication policy
[2024-11-02T04:14:30.562+0000] {spark_submit.py:495} INFO - 24/11/02 04:14:30 INFO StandaloneAppClient$ClientEndpoint: Executor added: app-20241102041429-0000/0 on worker-20241102035906-172.22.0.4-34813 (172.22.0.4:34813) with 1 core(s)
[2024-11-02T04:14:30.563+0000] {spark_submit.py:495} INFO - 24/11/02 04:14:30 INFO StandaloneSchedulerBackend: Granted executor ID app-20241102041429-0000/0 on hostPort 172.22.0.4:34813 with 1 core(s), 1024.0 MiB RAM
[2024-11-02T04:14:30.606+0000] {spark_submit.py:495} INFO - 24/11/02 04:14:30 INFO BlockManagerMaster: Registering BlockManager BlockManagerId(driver, b503d98b76db, 36169, None)
[2024-11-02T04:14:30.668+0000] {spark_submit.py:495} INFO - 24/11/02 04:14:30 INFO BlockManagerMasterEndpoint: Registering block manager b503d98b76db:36169 with 434.4 MiB RAM, BlockManagerId(driver, b503d98b76db, 36169, None)
[2024-11-02T04:14:30.693+0000] {spark_submit.py:495} INFO - 24/11/02 04:14:30 INFO BlockManagerMaster: Registered BlockManager BlockManagerId(driver, b503d98b76db, 36169, None)
[2024-11-02T04:14:30.702+0000] {spark_submit.py:495} INFO - 24/11/02 04:14:30 INFO BlockManager: Initialized BlockManager: BlockManagerId(driver, b503d98b76db, 36169, None)
[2024-11-02T04:14:32.267+0000] {spark_submit.py:495} INFO - 24/11/02 04:14:32 INFO StandaloneAppClient$ClientEndpoint: Executor updated: app-20241102041429-0000/0 is now RUNNING
[2024-11-02T04:14:32.430+0000] {spark_submit.py:495} INFO - 24/11/02 04:14:32 INFO StandaloneSchedulerBackend: SchedulerBackend is ready for scheduling beginning after reached minRegisteredResourcesRatio: 0.0
[2024-11-02T04:14:34.742+0000] {spark_submit.py:495} INFO - 24/11/02 04:14:34 INFO SharedState: Setting hive.metastore.warehouse.dir ('null') to the value of spark.sql.warehouse.dir.
[2024-11-02T04:14:34.895+0000] {spark_submit.py:495} INFO - 24/11/02 04:14:34 INFO SharedState: Warehouse path is 'file:/opt/***/spark-warehouse'.
[2024-11-02T04:14:41.945+0000] {spark_submit.py:495} INFO - Traceback (most recent call last):
[2024-11-02T04:14:41.946+0000] {spark_submit.py:495} INFO - File "/opt/***/dags/spark_streaming_job.py", line 49, in <module>
[2024-11-02T04:14:41.948+0000] {spark_submit.py:495} INFO - spark_streaming_job()
[2024-11-02T04:14:41.949+0000] {spark_submit.py:495} INFO - File "/opt/***/dags/spark_streaming_job.py", line 32, in spark_streaming_job
[2024-11-02T04:14:41.949+0000] {spark_submit.py:495} INFO - .load()
[2024-11-02T04:14:41.949+0000] {spark_submit.py:495} INFO - ^^^^^^
[2024-11-02T04:14:41.950+0000] {spark_submit.py:495} INFO - File "/home/***/.local/lib/python3.11/site-packages/pyspark/python/lib/pyspark.zip/pyspark/sql/streaming/readwriter.py", line 277, in load
[2024-11-02T04:14:41.950+0000] {spark_submit.py:495} INFO - File "/home/***/.local/lib/python3.11/site-packages/pyspark/python/lib/py4j-0.10.9.7-src.zip/py4j/java_gateway.py", line 1322, in __call__
[2024-11-02T04:14:41.950+0000] {spark_submit.py:495} INFO - File "/home/***/.local/lib/python3.11/site-packages/pyspark/python/lib/pyspark.zip/pyspark/errors/exceptions/captured.py", line 175, in deco
[2024-11-02T04:14:42.006+0000] {spark_submit.py:495} INFO - pyspark.errors.exceptions.captured.AnalysisException: Failed to find data source: kafka. Please deploy the application as per the deployment section of Structured Streaming + Kafka Integration Guide.
[2024-11-02T04:14:42.153+0000] {spark_submit.py:495} INFO - 24/11/02 04:14:42 INFO SparkContext: Invoking stop() from shutdown hook
[2024-11-02T04:14:42.158+0000] {spark_submit.py:495} INFO - 24/11/02 04:14:42 INFO SparkContext: SparkContext is stopping with exitCode 0.
[2024-11-02T04:14:42.210+0000] {spark_submit.py:495} INFO - 24/11/02 04:14:42 INFO SparkUI: Stopped Spark web UI at http://b503d98b76db:4040
[2024-11-02T04:14:42.233+0000] {spark_submit.py:495} INFO - 24/11/02 04:14:42 INFO StandaloneSchedulerBackend: Shutting down all executors
[2024-11-02T04:14:42.262+0000] {spark_submit.py:495} INFO - 24/11/02 04:14:42 INFO StandaloneSchedulerBackend$StandaloneDriverEndpoint: Asking each executor to shut down
[2024-11-02T04:14:42.492+0000] {spark_submit.py:495} INFO - 24/11/02 04:14:42 INFO MapOutputTrackerMasterEndpoint: MapOutputTrackerMasterEndpoint stopped!
[2024-11-02T04:14:42.649+0000] {spark_submit.py:495} INFO - 24/11/02 04:14:42 INFO MemoryStore: MemoryStore cleared
[2024-11-02T04:14:42.658+0000] {spark_submit.py:495} INFO - 24/11/02 04:14:42 INFO BlockManager: BlockManager stopped
[2024-11-02T04:14:42.678+0000] {spark_submit.py:495} INFO - 24/11/02 04:14:42 INFO BlockManagerMaster: BlockManagerMaster stopped
[2024-11-02T04:14:42.713+0000] {spark_submit.py:495} INFO - 24/11/02 04:14:42 INFO OutputCommitCoordinator$OutputCommitCoordinatorEndpoint: OutputCommitCoordinator stopped!
[2024-11-02T04:14:42.784+0000] {spark_submit.py:495} INFO - 24/11/02 04:14:42 INFO SparkContext: Successfully stopped SparkContext
[2024-11-02T04:14:42.800+0000] {spark_submit.py:495} INFO - 24/11/02 04:14:42 INFO ShutdownHookManager: Shutdown hook called
[2024-11-02T04:14:42.800+0000] {spark_submit.py:495} INFO - 24/11/02 04:14:42 INFO ShutdownHookManager: Deleting directory /tmp/spark-ef17c5fc-77d9-4280-a3e9-f47ea2cae883
[2024-11-02T04:14:42.841+0000] {spark_submit.py:495} INFO - 24/11/02 04:14:42 INFO ShutdownHookManager: Deleting directory /tmp/spark-cca2f37f-5a3e-4c10-84e2-ceab4e738089
[2024-11-02T04:14:42.890+0000] {spark_submit.py:495} INFO - 24/11/02 04:14:42 INFO ShutdownHookManager: Deleting directory /tmp/spark-ef17c5fc-77d9-4280-a3e9-f47ea2cae883/pyspark-6d648984-4dbf-4c00-8fba-5d45fb882eb1
[2024-11-02T04:14:43.059+0000] {taskinstance.py:441} INFO - ::group::Post task execution logs
[2024-11-02T04:14:43.123+0000] {taskinstance.py:2905} ERROR - Task failed with exception
Traceback (most recent call last):
  File "/home/airflow/.local/lib/python3.11/site-packages/airflow/models/taskinstance.py", line 465, in _execute_task
    result = _execute_callable(context=context, **execute_callable_kwargs)
             ^^^^^^^^^^^^^^^^^^^^^^^^^^^^^^^^^^^^^^^^^^^^^^^^^^^^^^^^^^^^^
  File "/home/airflow/.local/lib/python3.11/site-packages/airflow/models/taskinstance.py", line 432, in _execute_callable
    return execute_callable(context=context, **execute_callable_kwargs)
           ^^^^^^^^^^^^^^^^^^^^^^^^^^^^^^^^^^^^^^^^^^^^^^^^^^^^^^^^^^^^
  File "/home/airflow/.local/lib/python3.11/site-packages/airflow/models/baseoperator.py", line 401, in wrapper
    return func(self, *args, **kwargs)
           ^^^^^^^^^^^^^^^^^^^^^^^^^^^
  File "/home/airflow/.local/lib/python3.11/site-packages/airflow/providers/apache/spark/operators/spark_submit.py", line 157, in execute
    self._hook.submit(self._application)
  File "/home/airflow/.local/lib/python3.11/site-packages/airflow/providers/apache/spark/hooks/spark_submit.py", line 426, in submit
    raise AirflowException(
airflow.exceptions.AirflowException: Cannot execute: spark-submit --master spark://spark-master:7077 --name KafkaSparkHDFS /opt/***/dags/spark_streaming_job.py. Error code is: 1.
[2024-11-02T04:14:43.134+0000] {taskinstance.py:1206} INFO - Marking task as FAILED. dag_id=sensor_data_consumer, task_id=sensor_data_consumer, run_id=manual__2024-11-02T04:13:59.482962+00:00, execution_date=20241102T041359, start_date=20241102T041407, end_date=20241102T041443
[2024-11-02T04:14:43.181+0000] {standard_task_runner.py:110} ERROR - Failed to execute job 497 for task sensor_data_consumer (Cannot execute: spark-submit --master spark://spark-master:7077 --name KafkaSparkHDFS /opt/***/dags/spark_streaming_job.py. Error code is: 1.; 679)
[2024-11-02T04:14:43.226+0000] {local_task_job_runner.py:243} INFO - Task exited with return code 1
[2024-11-02T04:14:43.295+0000] {taskinstance.py:3503} INFO - 0 downstream tasks scheduled from follow-on schedule check
[2024-11-02T04:14:43.316+0000] {local_task_job_runner.py:222} INFO - ::endgroup::
