[2024-10-31T21:30:25.852+0000] {local_task_job_runner.py:120} INFO - ::group::Pre task execution logs
[2024-10-31T21:30:26.031+0000] {taskinstance.py:2076} INFO - Dependencies all met for dep_context=non-requeueable deps ti=<TaskInstance: sensor_data_consumer.sensor_data_consumer manual__2024-10-31T21:30:18.606124+00:00 [queued]>
[2024-10-31T21:30:26.060+0000] {taskinstance.py:2076} INFO - Dependencies all met for dep_context=requeueable deps ti=<TaskInstance: sensor_data_consumer.sensor_data_consumer manual__2024-10-31T21:30:18.606124+00:00 [queued]>
[2024-10-31T21:30:26.060+0000] {taskinstance.py:2306} INFO - Starting attempt 1 of 1
[2024-10-31T21:30:26.114+0000] {taskinstance.py:2330} INFO - Executing <Task(SparkSubmitOperator): sensor_data_consumer> on 2024-10-31 21:30:18.606124+00:00
[2024-10-31T21:30:26.133+0000] {standard_task_runner.py:64} INFO - Started process 624 to run task
[2024-10-31T21:30:26.153+0000] {standard_task_runner.py:90} INFO - Running: ['***', 'tasks', 'run', 'sensor_data_consumer', 'sensor_data_consumer', 'manual__2024-10-31T21:30:18.606124+00:00', '--job-id', '19', '--raw', '--subdir', 'DAGS_FOLDER/***_consumer.py', '--cfg-path', '/tmp/tmp16jrgtku']
[2024-10-31T21:30:26.209+0000] {standard_task_runner.py:91} INFO - Job 19: Subtask sensor_data_consumer
[2024-10-31T21:30:26.382+0000] {task_command.py:426} INFO - Running <TaskInstance: sensor_data_consumer.sensor_data_consumer manual__2024-10-31T21:30:18.606124+00:00 [running]> on host 0f30954d6a44
[2024-10-31T21:30:26.649+0000] {taskinstance.py:2648} INFO - Exporting env vars: AIRFLOW_CTX_DAG_OWNER='Bich Ly' AIRFLOW_CTX_DAG_ID='sensor_data_consumer' AIRFLOW_CTX_TASK_ID='sensor_data_consumer' AIRFLOW_CTX_EXECUTION_DATE='2024-10-31T21:30:18.606124+00:00' AIRFLOW_CTX_TRY_NUMBER='1' AIRFLOW_CTX_DAG_RUN_ID='manual__2024-10-31T21:30:18.606124+00:00'
[2024-10-31T21:30:26.654+0000] {taskinstance.py:430} INFO - ::endgroup::
[2024-10-31T21:30:26.722+0000] {base.py:84} INFO - Using connection ID 'spark_default' for task execution.
[2024-10-31T21:30:26.724+0000] {spark_submit.py:344} INFO - Spark-Submit cmd: spark-submit --master spark://spark-master:7077 --name KafkaSparkHDFS /opt/***/dags/spark_streaming_job.py
[2024-10-31T21:30:42.281+0000] {spark_submit.py:495} INFO - 24/10/31 21:30:42 INFO SparkContext: Running Spark version 3.4.2
[2024-10-31T21:30:43.468+0000] {spark_submit.py:495} INFO - 24/10/31 21:30:43 WARN NativeCodeLoader: Unable to load native-hadoop library for your platform... using builtin-java classes where applicable
[2024-10-31T21:30:44.580+0000] {spark_submit.py:495} INFO - 24/10/31 21:30:44 INFO ResourceUtils: ==============================================================
[2024-10-31T21:30:44.582+0000] {spark_submit.py:495} INFO - 24/10/31 21:30:44 INFO ResourceUtils: No custom resources configured for spark.driver.
[2024-10-31T21:30:44.583+0000] {spark_submit.py:495} INFO - 24/10/31 21:30:44 INFO ResourceUtils: ==============================================================
[2024-10-31T21:30:44.583+0000] {spark_submit.py:495} INFO - 24/10/31 21:30:44 INFO SparkContext: Submitted application: PythonWordCount
[2024-10-31T21:30:44.769+0000] {spark_submit.py:495} INFO - 24/10/31 21:30:44 INFO ResourceProfile: Default ResourceProfile created, executor resources: Map(memory -> name: memory, amount: 1024, script: , vendor: , offHeap -> name: offHeap, amount: 0, script: , vendor: ), task resources: Map(cpus -> name: cpus, amount: 1.0)
[2024-10-31T21:30:44.835+0000] {spark_submit.py:495} INFO - 24/10/31 21:30:44 INFO ResourceProfile: Limiting resource is cpu
[2024-10-31T21:30:44.848+0000] {spark_submit.py:495} INFO - 24/10/31 21:30:44 INFO ResourceProfileManager: Added ResourceProfile id: 0
[2024-10-31T21:30:45.637+0000] {spark_submit.py:495} INFO - 24/10/31 21:30:45 INFO SecurityManager: Changing view acls to: ***
[2024-10-31T21:30:45.638+0000] {spark_submit.py:495} INFO - 24/10/31 21:30:45 INFO SecurityManager: Changing modify acls to: ***
[2024-10-31T21:30:45.639+0000] {spark_submit.py:495} INFO - 24/10/31 21:30:45 INFO SecurityManager: Changing view acls groups to:
[2024-10-31T21:30:45.639+0000] {spark_submit.py:495} INFO - 24/10/31 21:30:45 INFO SecurityManager: Changing modify acls groups to:
[2024-10-31T21:30:45.640+0000] {spark_submit.py:495} INFO - 24/10/31 21:30:45 INFO SecurityManager: SecurityManager: authentication disabled; ui acls disabled; users with view permissions: ***; groups with view permissions: EMPTY; users with modify permissions: ***; groups with modify permissions: EMPTY
[2024-10-31T21:30:48.704+0000] {spark_submit.py:495} INFO - 24/10/31 21:30:48 INFO Utils: Successfully started service 'sparkDriver' on port 42547.
[2024-10-31T21:30:48.891+0000] {spark_submit.py:495} INFO - 24/10/31 21:30:48 INFO SparkEnv: Registering MapOutputTracker
[2024-10-31T21:30:49.119+0000] {spark_submit.py:495} INFO - 24/10/31 21:30:49 INFO SparkEnv: Registering BlockManagerMaster
[2024-10-31T21:30:49.248+0000] {spark_submit.py:495} INFO - 24/10/31 21:30:49 INFO BlockManagerMasterEndpoint: Using org.apache.spark.storage.DefaultTopologyMapper for getting topology information
[2024-10-31T21:30:49.251+0000] {spark_submit.py:495} INFO - 24/10/31 21:30:49 INFO BlockManagerMasterEndpoint: BlockManagerMasterEndpoint up
[2024-10-31T21:30:49.412+0000] {spark_submit.py:495} INFO - 24/10/31 21:30:49 INFO SparkEnv: Registering BlockManagerMasterHeartbeat
[2024-10-31T21:30:49.837+0000] {spark_submit.py:495} INFO - 24/10/31 21:30:49 INFO DiskBlockManager: Created local directory at /tmp/blockmgr-68f5bdaa-d595-4969-9ca4-a5b3cd999846
[2024-10-31T21:30:50.106+0000] {spark_submit.py:495} INFO - 24/10/31 21:30:50 INFO MemoryStore: MemoryStore started with capacity 434.4 MiB
[2024-10-31T21:30:50.234+0000] {spark_submit.py:495} INFO - 24/10/31 21:30:50 INFO SparkEnv: Registering OutputCommitCoordinator
[2024-10-31T21:30:51.965+0000] {spark_submit.py:495} INFO - 24/10/31 21:30:51 INFO JettyUtils: Start Jetty 0.0.0.0:4040 for SparkUI
[2024-10-31T21:30:52.928+0000] {spark_submit.py:495} INFO - 24/10/31 21:30:52 INFO Utils: Successfully started service 'SparkUI' on port 4040.
[2024-10-31T21:30:54.044+0000] {spark_submit.py:495} INFO - 24/10/31 21:30:54 INFO StandaloneAppClient$ClientEndpoint: Connecting to master spark://spark-master:7077...
[2024-10-31T21:30:54.350+0000] {spark_submit.py:495} INFO - 24/10/31 21:30:54 INFO TransportClientFactory: Successfully created connection to spark-master/172.22.0.3:7077 after 104 ms (0 ms spent in bootstraps)
[2024-10-31T21:30:55.435+0000] {spark_submit.py:495} INFO - 24/10/31 21:30:55 INFO StandaloneSchedulerBackend: Connected to Spark cluster with app ID app-20241031213055-0000
[2024-10-31T21:30:55.575+0000] {spark_submit.py:495} INFO - 24/10/31 21:30:55 INFO Utils: Successfully started service 'org.apache.spark.network.netty.NettyBlockTransferService' on port 42957.
[2024-10-31T21:30:55.579+0000] {spark_submit.py:495} INFO - 24/10/31 21:30:55 INFO NettyBlockTransferService: Server created on 0f30954d6a44:42957
[2024-10-31T21:30:55.606+0000] {spark_submit.py:495} INFO - 24/10/31 21:30:55 INFO BlockManager: Using org.apache.spark.storage.RandomBlockReplicationPolicy for block replication policy
[2024-10-31T21:30:55.627+0000] {spark_submit.py:495} INFO - 24/10/31 21:30:55 INFO StandaloneAppClient$ClientEndpoint: Executor added: app-20241031213055-0000/0 on worker-20241031212019-172.22.0.4-34093 (172.22.0.4:34093) with 1 core(s)
[2024-10-31T21:30:55.628+0000] {spark_submit.py:495} INFO - 24/10/31 21:30:55 INFO StandaloneSchedulerBackend: Granted executor ID app-20241031213055-0000/0 on hostPort 172.22.0.4:34093 with 1 core(s), 1024.0 MiB RAM
[2024-10-31T21:30:55.696+0000] {spark_submit.py:495} INFO - 24/10/31 21:30:55 INFO BlockManagerMaster: Registering BlockManager BlockManagerId(driver, 0f30954d6a44, 42957, None)
[2024-10-31T21:30:55.714+0000] {spark_submit.py:495} INFO - 24/10/31 21:30:55 INFO BlockManagerMasterEndpoint: Registering block manager 0f30954d6a44:42957 with 434.4 MiB RAM, BlockManagerId(driver, 0f30954d6a44, 42957, None)
[2024-10-31T21:30:55.733+0000] {spark_submit.py:495} INFO - 24/10/31 21:30:55 INFO BlockManagerMaster: Registered BlockManager BlockManagerId(driver, 0f30954d6a44, 42957, None)
[2024-10-31T21:30:55.749+0000] {spark_submit.py:495} INFO - 24/10/31 21:30:55 INFO BlockManager: Initialized BlockManager: BlockManagerId(driver, 0f30954d6a44, 42957, None)
[2024-10-31T21:30:57.587+0000] {spark_submit.py:495} INFO - 24/10/31 21:30:57 INFO StandaloneAppClient$ClientEndpoint: Executor updated: app-20241031213055-0000/0 is now RUNNING
[2024-10-31T21:30:59.343+0000] {spark_submit.py:495} INFO - 24/10/31 21:30:59 INFO StandaloneSchedulerBackend: SchedulerBackend is ready for scheduling beginning after reached minRegisteredResourcesRatio: 0.0
[2024-10-31T21:31:07.919+0000] {spark_submit.py:495} INFO - 24/10/31 21:31:07 INFO SparkContext: Starting job: collect at /opt/***/dags/spark_streaming_job.py:11
[2024-10-31T21:31:08.097+0000] {spark_submit.py:495} INFO - 24/10/31 21:31:08 INFO DAGScheduler: Registering RDD 2 (reduceByKey at /opt/***/dags/spark_streaming_job.py:9) as input to shuffle 0
[2024-10-31T21:31:08.143+0000] {spark_submit.py:495} INFO - 24/10/31 21:31:08 INFO DAGScheduler: Got job 0 (collect at /opt/***/dags/spark_streaming_job.py:11) with 2 output partitions
[2024-10-31T21:31:08.156+0000] {spark_submit.py:495} INFO - 24/10/31 21:31:08 INFO DAGScheduler: Final stage: ResultStage 1 (collect at /opt/***/dags/spark_streaming_job.py:11)
[2024-10-31T21:31:08.159+0000] {spark_submit.py:495} INFO - 24/10/31 21:31:08 INFO DAGScheduler: Parents of final stage: List(ShuffleMapStage 0)
[2024-10-31T21:31:08.197+0000] {spark_submit.py:495} INFO - 24/10/31 21:31:08 INFO DAGScheduler: Missing parents: List(ShuffleMapStage 0)
[2024-10-31T21:31:08.220+0000] {spark_submit.py:495} INFO - 24/10/31 21:31:08 INFO DAGScheduler: Submitting ShuffleMapStage 0 (PairwiseRDD[2] at reduceByKey at /opt/***/dags/spark_streaming_job.py:9), which has no missing parents
[2024-10-31T21:31:08.861+0000] {spark_submit.py:495} INFO - 24/10/31 21:31:08 INFO MemoryStore: Block broadcast_0 stored as values in memory (estimated size 11.1 KiB, free 434.4 MiB)
[2024-10-31T21:31:09.108+0000] {spark_submit.py:495} INFO - 24/10/31 21:31:09 INFO MemoryStore: Block broadcast_0_piece0 stored as bytes in memory (estimated size 7.0 KiB, free 434.4 MiB)
[2024-10-31T21:31:09.113+0000] {spark_submit.py:495} INFO - 24/10/31 21:31:09 INFO BlockManagerInfo: Added broadcast_0_piece0 in memory on 0f30954d6a44:42957 (size: 7.0 KiB, free: 434.4 MiB)
[2024-10-31T21:31:09.139+0000] {spark_submit.py:495} INFO - 24/10/31 21:31:09 INFO SparkContext: Created broadcast 0 from broadcast at DAGScheduler.scala:1535
[2024-10-31T21:31:09.233+0000] {spark_submit.py:495} INFO - 24/10/31 21:31:09 INFO DAGScheduler: Submitting 2 missing tasks from ShuffleMapStage 0 (PairwiseRDD[2] at reduceByKey at /opt/***/dags/spark_streaming_job.py:9) (first 15 tasks are for partitions Vector(0, 1))
[2024-10-31T21:31:09.241+0000] {spark_submit.py:495} INFO - 24/10/31 21:31:09 INFO TaskSchedulerImpl: Adding task set 0.0 with 2 tasks resource profile 0
[2024-10-31T21:31:21.557+0000] {spark_submit.py:495} INFO - 24/10/31 21:31:21 INFO StandaloneSchedulerBackend$StandaloneDriverEndpoint: Registered executor NettyRpcEndpointRef(spark-client://Executor) (172.22.0.4:41344) with ID 0,  ResourceProfileId 0
[2024-10-31T21:31:22.609+0000] {spark_submit.py:495} INFO - 24/10/31 21:31:22 INFO BlockManagerMasterEndpoint: Registering block manager 172.22.0.4:40939 with 434.4 MiB RAM, BlockManagerId(0, 172.22.0.4, 40939, None)
[2024-10-31T21:31:23.078+0000] {spark_submit.py:495} INFO - 24/10/31 21:31:23 INFO TaskSetManager: Starting task 0.0 in stage 0.0 (TID 0) (172.22.0.4, executor 0, partition 0, PROCESS_LOCAL, 7403 bytes)
[2024-10-31T21:31:25.159+0000] {spark_submit.py:495} INFO - 24/10/31 21:31:25 INFO BlockManagerInfo: Added broadcast_0_piece0 in memory on 172.22.0.4:40939 (size: 7.0 KiB, free: 434.4 MiB)
[2024-10-31T21:31:31.983+0000] {spark_submit.py:495} INFO - 24/10/31 21:31:31 INFO TaskSetManager: Starting task 1.0 in stage 0.0 (TID 1) (172.22.0.4, executor 0, partition 1, PROCESS_LOCAL, 7436 bytes)
[2024-10-31T21:31:32.113+0000] {spark_submit.py:495} INFO - 24/10/31 21:31:32 INFO TaskSetManager: Finished task 0.0 in stage 0.0 (TID 0) in 9171 ms on 172.22.0.4 (executor 0) (1/2)
[2024-10-31T21:31:32.270+0000] {spark_submit.py:495} INFO - 24/10/31 21:31:32 INFO PythonAccumulatorV2: Connected to AccumulatorServer at host: 127.0.0.1 port: 39291
[2024-10-31T21:31:32.891+0000] {spark_submit.py:495} INFO - 24/10/31 21:31:32 INFO TaskSetManager: Finished task 1.0 in stage 0.0 (TID 1) in 913 ms on 172.22.0.4 (executor 0) (2/2)
[2024-10-31T21:31:32.918+0000] {spark_submit.py:495} INFO - 24/10/31 21:31:32 INFO TaskSchedulerImpl: Removed TaskSet 0.0, whose tasks have all completed, from pool
[2024-10-31T21:31:32.951+0000] {spark_submit.py:495} INFO - 24/10/31 21:31:32 INFO DAGScheduler: ShuffleMapStage 0 (reduceByKey at /opt/***/dags/spark_streaming_job.py:9) finished in 24.691 s
[2024-10-31T21:31:32.998+0000] {spark_submit.py:495} INFO - 24/10/31 21:31:32 INFO DAGScheduler: looking for newly runnable stages
[2024-10-31T21:31:33.026+0000] {spark_submit.py:495} INFO - 24/10/31 21:31:33 INFO DAGScheduler: running: Set()
[2024-10-31T21:31:33.041+0000] {spark_submit.py:495} INFO - 24/10/31 21:31:33 INFO DAGScheduler: waiting: Set(ResultStage 1)
[2024-10-31T21:31:33.115+0000] {spark_submit.py:495} INFO - 24/10/31 21:31:33 INFO DAGScheduler: failed: Set()
[2024-10-31T21:31:33.181+0000] {spark_submit.py:495} INFO - 24/10/31 21:31:33 INFO DAGScheduler: Submitting ResultStage 1 (PythonRDD[5] at collect at /opt/***/dags/spark_streaming_job.py:11), which has no missing parents
[2024-10-31T21:31:33.394+0000] {spark_submit.py:495} INFO - 24/10/31 21:31:33 INFO MemoryStore: Block broadcast_1 stored as values in memory (estimated size 10.0 KiB, free 434.4 MiB)
[2024-10-31T21:31:33.410+0000] {spark_submit.py:495} INFO - 24/10/31 21:31:33 INFO MemoryStore: Block broadcast_1_piece0 stored as bytes in memory (estimated size 6.0 KiB, free 434.4 MiB)
[2024-10-31T21:31:33.417+0000] {spark_submit.py:495} INFO - 24/10/31 21:31:33 INFO BlockManagerInfo: Added broadcast_1_piece0 in memory on 0f30954d6a44:42957 (size: 6.0 KiB, free: 434.4 MiB)
[2024-10-31T21:31:33.464+0000] {spark_submit.py:495} INFO - 24/10/31 21:31:33 INFO SparkContext: Created broadcast 1 from broadcast at DAGScheduler.scala:1535
[2024-10-31T21:31:33.478+0000] {spark_submit.py:495} INFO - 24/10/31 21:31:33 INFO DAGScheduler: Submitting 2 missing tasks from ResultStage 1 (PythonRDD[5] at collect at /opt/***/dags/spark_streaming_job.py:11) (first 15 tasks are for partitions Vector(0, 1))
[2024-10-31T21:31:33.495+0000] {spark_submit.py:495} INFO - 24/10/31 21:31:33 INFO TaskSchedulerImpl: Adding task set 1.0 with 2 tasks resource profile 0
[2024-10-31T21:31:33.581+0000] {spark_submit.py:495} INFO - 24/10/31 21:31:33 INFO TaskSetManager: Starting task 0.0 in stage 1.0 (TID 2) (172.22.0.4, executor 0, partition 0, NODE_LOCAL, 7185 bytes)
[2024-10-31T21:31:33.809+0000] {spark_submit.py:495} INFO - 24/10/31 21:31:33 INFO BlockManagerInfo: Added broadcast_1_piece0 in memory on 172.22.0.4:40939 (size: 6.0 KiB, free: 434.4 MiB)
[2024-10-31T21:31:34.549+0000] {spark_submit.py:495} INFO - 24/10/31 21:31:34 INFO MapOutputTrackerMasterEndpoint: Asked to send map output locations for shuffle 0 to 172.22.0.4:41344
[2024-10-31T21:31:36.542+0000] {spark_submit.py:495} INFO - 24/10/31 21:31:36 INFO TaskSetManager: Starting task 1.0 in stage 1.0 (TID 3) (172.22.0.4, executor 0, partition 1, NODE_LOCAL, 7185 bytes)
[2024-10-31T21:31:36.568+0000] {spark_submit.py:495} INFO - 24/10/31 21:31:36 INFO TaskSetManager: Finished task 0.0 in stage 1.0 (TID 2) in 3014 ms on 172.22.0.4 (executor 0) (1/2)
[2024-10-31T21:31:37.141+0000] {spark_submit.py:495} INFO - 24/10/31 21:31:37 INFO TaskSetManager: Finished task 1.0 in stage 1.0 (TID 3) in 652 ms on 172.22.0.4 (executor 0) (2/2)
[2024-10-31T21:31:37.149+0000] {spark_submit.py:495} INFO - 24/10/31 21:31:37 INFO TaskSchedulerImpl: Removed TaskSet 1.0, whose tasks have all completed, from pool
[2024-10-31T21:31:37.150+0000] {spark_submit.py:495} INFO - 24/10/31 21:31:37 INFO DAGScheduler: ResultStage 1 (collect at /opt/***/dags/spark_streaming_job.py:11) finished in 3.779 s
[2024-10-31T21:31:37.167+0000] {spark_submit.py:495} INFO - 24/10/31 21:31:37 INFO DAGScheduler: Job 0 is finished. Cancelling potential speculative or zombie tasks for this job
[2024-10-31T21:31:37.175+0000] {spark_submit.py:495} INFO - 24/10/31 21:31:37 INFO TaskSchedulerImpl: Killing all running tasks in stage 1: Stage finished
[2024-10-31T21:31:37.240+0000] {spark_submit.py:495} INFO - 24/10/31 21:31:37 INFO DAGScheduler: Job 0 finished: collect at /opt/***/dags/spark_streaming_job.py:11, took 29.260614 s
[2024-10-31T21:31:37.355+0000] {spark_submit.py:495} INFO - 24/10/31 21:31:37 INFO SparkContext: SparkContext is stopping with exitCode 0.
[2024-10-31T21:31:37.396+0000] {spark_submit.py:495} INFO - Python 1
[2024-10-31T21:31:37.397+0000] {spark_submit.py:495} INFO - Airflow 1
[2024-10-31T21:31:37.398+0000] {spark_submit.py:495} INFO - Docker 1
[2024-10-31T21:31:37.399+0000] {spark_submit.py:495} INFO - and 1
[2024-10-31T21:31:37.399+0000] {spark_submit.py:495} INFO - Yusuf 1
[2024-10-31T21:31:37.399+0000] {spark_submit.py:495} INFO - Hello 5
[2024-10-31T21:31:37.399+0000] {spark_submit.py:495} INFO - Spark 1
[2024-10-31T21:31:37.439+0000] {spark_submit.py:495} INFO - 24/10/31 21:31:37 INFO SparkUI: Stopped Spark web UI at http://0f30954d6a44:4040
[2024-10-31T21:31:37.467+0000] {spark_submit.py:495} INFO - 24/10/31 21:31:37 INFO StandaloneSchedulerBackend: Shutting down all executors
[2024-10-31T21:31:37.479+0000] {spark_submit.py:495} INFO - 24/10/31 21:31:37 INFO StandaloneSchedulerBackend$StandaloneDriverEndpoint: Asking each executor to shut down
[2024-10-31T21:31:37.780+0000] {spark_submit.py:495} INFO - 24/10/31 21:31:37 INFO MapOutputTrackerMasterEndpoint: MapOutputTrackerMasterEndpoint stopped!
[2024-10-31T21:31:38.079+0000] {spark_submit.py:495} INFO - 24/10/31 21:31:38 INFO MemoryStore: MemoryStore cleared
[2024-10-31T21:31:38.096+0000] {spark_submit.py:495} INFO - 24/10/31 21:31:38 INFO BlockManager: BlockManager stopped
[2024-10-31T21:31:38.166+0000] {spark_submit.py:495} INFO - 24/10/31 21:31:38 INFO BlockManagerMaster: BlockManagerMaster stopped
[2024-10-31T21:31:38.192+0000] {spark_submit.py:495} INFO - 24/10/31 21:31:38 INFO OutputCommitCoordinator$OutputCommitCoordinatorEndpoint: OutputCommitCoordinator stopped!
[2024-10-31T21:31:38.263+0000] {spark_submit.py:495} INFO - 24/10/31 21:31:38 INFO SparkContext: Successfully stopped SparkContext
[2024-10-31T21:31:39.345+0000] {spark_submit.py:495} INFO - 24/10/31 21:31:39 INFO ShutdownHookManager: Shutdown hook called
[2024-10-31T21:31:39.345+0000] {spark_submit.py:495} INFO - 24/10/31 21:31:39 INFO ShutdownHookManager: Deleting directory /tmp/spark-f8f4057b-fd3f-463b-bd00-33a8149cf71c
[2024-10-31T21:31:39.446+0000] {spark_submit.py:495} INFO - 24/10/31 21:31:39 INFO ShutdownHookManager: Deleting directory /tmp/spark-75efb60d-562c-4bc3-8a92-d3711e5407e5
[2024-10-31T21:31:39.480+0000] {spark_submit.py:495} INFO - 24/10/31 21:31:39 INFO ShutdownHookManager: Deleting directory /tmp/spark-75efb60d-562c-4bc3-8a92-d3711e5407e5/pyspark-b3a03135-b7f2-4d12-bfc7-5cfa9f06d94f
[2024-10-31T21:31:39.671+0000] {taskinstance.py:441} INFO - ::group::Post task execution logs
[2024-10-31T21:31:39.709+0000] {taskinstance.py:1206} INFO - Marking task as SUCCESS. dag_id=sensor_data_consumer, task_id=sensor_data_consumer, run_id=manual__2024-10-31T21:30:18.606124+00:00, execution_date=20241031T213018, start_date=20241031T213026, end_date=20241031T213139
[2024-10-31T21:31:39.762+0000] {local_task_job_runner.py:243} INFO - Task exited with return code 0
[2024-10-31T21:31:39.809+0000] {taskinstance.py:3503} INFO - 1 downstream tasks scheduled from follow-on schedule check
[2024-10-31T21:31:39.826+0000] {local_task_job_runner.py:222} INFO - ::endgroup::
