[2024-11-12T08:57:59.809+0000] {local_task_job_runner.py:120} INFO - ::group::Pre task execution logs
[2024-11-12T08:58:00.042+0000] {taskinstance.py:2076} INFO - Dependencies all met for dep_context=non-requeueable deps ti=<TaskInstance: sensor_data_consumer.sensor_data_consumer manual__2024-11-12T08:57:56.493307+00:00 [queued]>
[2024-11-12T08:58:00.054+0000] {taskinstance.py:2076} INFO - Dependencies all met for dep_context=requeueable deps ti=<TaskInstance: sensor_data_consumer.sensor_data_consumer manual__2024-11-12T08:57:56.493307+00:00 [queued]>
[2024-11-12T08:58:00.054+0000] {taskinstance.py:2306} INFO - Starting attempt 1 of 1
[2024-11-12T08:58:00.069+0000] {taskinstance.py:2330} INFO - Executing <Task(SparkSubmitOperator): sensor_data_consumer> on 2024-11-12 08:57:56.493307+00:00
[2024-11-12T08:58:00.078+0000] {standard_task_runner.py:64} INFO - Started process 770 to run task
[2024-11-12T08:58:00.082+0000] {standard_task_runner.py:90} INFO - Running: ['***', 'tasks', 'run', 'sensor_data_consumer', 'sensor_data_consumer', 'manual__2024-11-12T08:57:56.493307+00:00', '--job-id', '542', '--raw', '--subdir', 'DAGS_FOLDER/***_consumer.py', '--cfg-path', '/tmp/tmp1x5b_m8r']
[2024-11-12T08:58:00.086+0000] {standard_task_runner.py:91} INFO - Job 542: Subtask sensor_data_consumer
[2024-11-12T08:58:00.142+0000] {task_command.py:426} INFO - Running <TaskInstance: sensor_data_consumer.sensor_data_consumer manual__2024-11-12T08:57:56.493307+00:00 [running]> on host b51985a4b8f1
[2024-11-12T08:58:00.277+0000] {taskinstance.py:2648} INFO - Exporting env vars: AIRFLOW_CTX_DAG_OWNER='Bich Ly' AIRFLOW_CTX_DAG_ID='sensor_data_consumer' AIRFLOW_CTX_TASK_ID='sensor_data_consumer' AIRFLOW_CTX_EXECUTION_DATE='2024-11-12T08:57:56.493307+00:00' AIRFLOW_CTX_TRY_NUMBER='1' AIRFLOW_CTX_DAG_RUN_ID='manual__2024-11-12T08:57:56.493307+00:00'
[2024-11-12T08:58:00.278+0000] {taskinstance.py:430} INFO - ::endgroup::
[2024-11-12T08:58:00.306+0000] {base.py:84} INFO - Using connection ID 'spark_default' for task execution.
[2024-11-12T08:58:00.309+0000] {spark_submit.py:344} INFO - Spark-Submit cmd: spark-submit --master spark://spark-master:7077 --packages org.apache.spark:spark-streaming-kafka-0-10_2.12:3.4.2,org.apache.spark:spark-sql-kafka-0-10_2.12:3.4.2,org.apache.hadoop:hadoop-client:3.2.1 --name KafkaSparkHDFS /opt/***/dags/spark_streaming_job.py
[2024-11-12T08:58:02.242+0000] {spark_submit.py:495} INFO - :: loading settings :: url = jar:file:/home/***/.local/lib/python3.11/site-packages/pyspark/jars/ivy-2.5.1.jar!/org/apache/ivy/core/settings/ivysettings.xml
[2024-11-12T08:58:02.318+0000] {spark_submit.py:495} INFO - Ivy Default Cache set to: /home/***/.ivy2/cache
[2024-11-12T08:58:02.318+0000] {spark_submit.py:495} INFO - The jars for the packages stored in: /home/***/.ivy2/jars
[2024-11-12T08:58:02.323+0000] {spark_submit.py:495} INFO - org.apache.spark#spark-streaming-kafka-0-10_2.12 added as a dependency
[2024-11-12T08:58:02.324+0000] {spark_submit.py:495} INFO - org.apache.spark#spark-sql-kafka-0-10_2.12 added as a dependency
[2024-11-12T08:58:02.324+0000] {spark_submit.py:495} INFO - org.apache.hadoop#hadoop-client added as a dependency
[2024-11-12T08:58:02.325+0000] {spark_submit.py:495} INFO - :: resolving dependencies :: org.apache.spark#spark-submit-parent-72dbb1c5-dd6a-46fb-87d8-da912e7ba365;1.0
[2024-11-12T08:58:02.325+0000] {spark_submit.py:495} INFO - confs: [default]
[2024-11-12T08:58:02.500+0000] {spark_submit.py:495} INFO - found org.apache.spark#spark-streaming-kafka-0-10_2.12;3.4.2 in central
[2024-11-12T08:58:02.549+0000] {spark_submit.py:495} INFO - found org.apache.spark#spark-token-provider-kafka-0-10_2.12;3.4.2 in central
[2024-11-12T08:58:02.575+0000] {spark_submit.py:495} INFO - found org.apache.kafka#kafka-clients;3.3.2 in central
[2024-11-12T08:58:02.598+0000] {spark_submit.py:495} INFO - found org.lz4#lz4-java;1.8.0 in central
[2024-11-12T08:58:02.618+0000] {spark_submit.py:495} INFO - found org.xerial.snappy#snappy-java;1.1.10.3 in central
[2024-11-12T08:58:02.636+0000] {spark_submit.py:495} INFO - found org.slf4j#slf4j-api;2.0.6 in central
[2024-11-12T08:58:02.656+0000] {spark_submit.py:495} INFO - found org.apache.hadoop#hadoop-client-runtime;3.3.4 in central
[2024-11-12T08:58:02.681+0000] {spark_submit.py:495} INFO - found org.apache.hadoop#hadoop-client-api;3.3.4 in central
[2024-11-12T08:58:02.731+0000] {spark_submit.py:495} INFO - found commons-logging#commons-logging;1.1.3 in central
[2024-11-12T08:58:02.747+0000] {spark_submit.py:495} INFO - found com.google.code.findbugs#jsr305;3.0.0 in central
[2024-11-12T08:58:02.773+0000] {spark_submit.py:495} INFO - found org.apache.spark#spark-sql-kafka-0-10_2.12;3.4.2 in central
[2024-11-12T08:58:02.793+0000] {spark_submit.py:495} INFO - found org.apache.commons#commons-pool2;2.11.1 in central
[2024-11-12T08:58:02.811+0000] {spark_submit.py:495} INFO - found org.apache.hadoop#hadoop-client;3.2.1 in central
[2024-11-12T08:58:02.831+0000] {spark_submit.py:495} INFO - found org.apache.hadoop#hadoop-common;3.2.1 in central
[2024-11-12T08:58:02.856+0000] {spark_submit.py:495} INFO - found org.apache.hadoop#hadoop-annotations;3.2.1 in central
[2024-11-12T08:58:02.887+0000] {spark_submit.py:495} INFO - found com.google.guava#guava;27.0-jre in central
[2024-11-12T08:58:02.902+0000] {spark_submit.py:495} INFO - found com.google.guava#failureaccess;1.0 in central
[2024-11-12T08:58:02.919+0000] {spark_submit.py:495} INFO - found com.google.guava#listenablefuture;9999.0-empty-to-avoid-conflict-with-guava in central
[2024-11-12T08:58:02.935+0000] {spark_submit.py:495} INFO - found org.checkerframework#checker-qual;2.5.2 in central
[2024-11-12T08:58:02.947+0000] {spark_submit.py:495} INFO - found com.google.errorprone#error_prone_annotations;2.2.0 in central
[2024-11-12T08:58:02.958+0000] {spark_submit.py:495} INFO - found com.google.j2objc#j2objc-annotations;1.1 in central
[2024-11-12T08:58:02.970+0000] {spark_submit.py:495} INFO - found org.codehaus.mojo#animal-sniffer-annotations;1.17 in central
[2024-11-12T08:58:02.984+0000] {spark_submit.py:495} INFO - found commons-cli#commons-cli;1.2 in central
[2024-11-12T08:58:03.006+0000] {spark_submit.py:495} INFO - found org.apache.commons#commons-math3;3.1.1 in central
[2024-11-12T08:58:03.024+0000] {spark_submit.py:495} INFO - found org.apache.httpcomponents#httpclient;4.5.6 in central
[2024-11-12T08:58:03.042+0000] {spark_submit.py:495} INFO - found org.apache.httpcomponents#httpcore;4.4.10 in central
[2024-11-12T08:58:03.094+0000] {spark_submit.py:495} INFO - found commons-codec#commons-codec;1.11 in central
[2024-11-12T08:58:03.129+0000] {spark_submit.py:495} INFO - found commons-io#commons-io;2.5 in central
[2024-11-12T08:58:03.160+0000] {spark_submit.py:495} INFO - found commons-net#commons-net;3.6 in central
[2024-11-12T08:58:03.193+0000] {spark_submit.py:495} INFO - found commons-collections#commons-collections;3.2.2 in central
[2024-11-12T08:58:03.228+0000] {spark_submit.py:495} INFO - found org.eclipse.jetty#jetty-servlet;9.3.24.v20180605 in central
[2024-11-12T08:58:03.272+0000] {spark_submit.py:495} INFO - found org.eclipse.jetty#jetty-security;9.3.24.v20180605 in central
[2024-11-12T08:58:03.337+0000] {spark_submit.py:495} INFO - found org.eclipse.jetty#jetty-webapp;9.3.24.v20180605 in central
[2024-11-12T08:58:03.372+0000] {spark_submit.py:495} INFO - found org.eclipse.jetty#jetty-xml;9.3.24.v20180605 in central
[2024-11-12T08:58:03.404+0000] {spark_submit.py:495} INFO - found com.sun.jersey#jersey-servlet;1.19 in central
[2024-11-12T08:58:03.435+0000] {spark_submit.py:495} INFO - found log4j#log4j;1.2.17 in central
[2024-11-12T08:58:03.450+0000] {spark_submit.py:495} INFO - found commons-beanutils#commons-beanutils;1.9.3 in central
[2024-11-12T08:58:03.487+0000] {spark_submit.py:495} INFO - found org.apache.commons#commons-configuration2;2.1.1 in central
[2024-11-12T08:58:03.515+0000] {spark_submit.py:495} INFO - found org.apache.commons#commons-lang3;3.7 in central
[2024-11-12T08:58:03.541+0000] {spark_submit.py:495} INFO - found org.apache.commons#commons-text;1.4 in central
[2024-11-12T08:58:03.588+0000] {spark_submit.py:495} INFO - found org.apache.avro#avro;1.7.7 in central
[2024-11-12T08:58:03.618+0000] {spark_submit.py:495} INFO - found org.codehaus.jackson#jackson-core-asl;1.9.13 in central
[2024-11-12T08:58:03.656+0000] {spark_submit.py:495} INFO - found org.codehaus.jackson#jackson-mapper-asl;1.9.13 in central
[2024-11-12T08:58:03.696+0000] {spark_submit.py:495} INFO - found com.thoughtworks.paranamer#paranamer;2.3 in central
[2024-11-12T08:58:03.745+0000] {spark_submit.py:495} INFO - found org.apache.commons#commons-compress;1.18 in central
[2024-11-12T08:58:03.781+0000] {spark_submit.py:495} INFO - found com.google.re2j#re2j;1.1 in central
[2024-11-12T08:58:03.821+0000] {spark_submit.py:495} INFO - found com.google.protobuf#protobuf-java;2.5.0 in central
[2024-11-12T08:58:03.868+0000] {spark_submit.py:495} INFO - found com.google.code.gson#gson;2.2.4 in central
[2024-11-12T08:58:03.924+0000] {spark_submit.py:495} INFO - found org.apache.hadoop#hadoop-auth;3.2.1 in central
[2024-11-12T08:58:03.964+0000] {spark_submit.py:495} INFO - found com.nimbusds#nimbus-jose-jwt;4.41.1 in central
[2024-11-12T08:58:04.005+0000] {spark_submit.py:495} INFO - found com.github.stephenc.jcip#jcip-annotations;1.0-1 in central
[2024-11-12T08:58:04.032+0000] {spark_submit.py:495} INFO - found net.minidev#json-smart;2.3 in central
[2024-11-12T08:58:04.063+0000] {spark_submit.py:495} INFO - found net.minidev#accessors-smart;1.2 in central
[2024-11-12T08:58:04.099+0000] {spark_submit.py:495} INFO - found org.ow2.asm#asm;5.0.4 in central
[2024-11-12T08:58:04.145+0000] {spark_submit.py:495} INFO - found org.apache.curator#curator-framework;2.13.0 in central
[2024-11-12T08:58:04.185+0000] {spark_submit.py:495} INFO - found org.apache.curator#curator-client;2.13.0 in central
[2024-11-12T08:58:04.219+0000] {spark_submit.py:495} INFO - found org.apache.kerby#kerb-simplekdc;1.0.1 in central
[2024-11-12T08:58:04.240+0000] {spark_submit.py:495} INFO - found org.apache.kerby#kerb-client;1.0.1 in central
[2024-11-12T08:58:04.274+0000] {spark_submit.py:495} INFO - found org.apache.kerby#kerby-config;1.0.1 in central
[2024-11-12T08:58:04.316+0000] {spark_submit.py:495} INFO - found org.apache.kerby#kerb-core;1.0.1 in central
[2024-11-12T08:58:04.346+0000] {spark_submit.py:495} INFO - found org.apache.kerby#kerby-pkix;1.0.1 in central
[2024-11-12T08:58:04.397+0000] {spark_submit.py:495} INFO - found org.apache.kerby#kerby-asn1;1.0.1 in central
[2024-11-12T08:58:04.433+0000] {spark_submit.py:495} INFO - found org.apache.kerby#kerby-util;1.0.1 in central
[2024-11-12T08:58:04.472+0000] {spark_submit.py:495} INFO - found org.apache.kerby#kerb-common;1.0.1 in central
[2024-11-12T08:58:04.514+0000] {spark_submit.py:495} INFO - found org.apache.kerby#kerb-crypto;1.0.1 in central
[2024-11-12T08:58:04.594+0000] {spark_submit.py:495} INFO - found org.apache.kerby#kerb-util;1.0.1 in central
[2024-11-12T08:58:04.661+0000] {spark_submit.py:495} INFO - found org.apache.kerby#token-provider;1.0.1 in central
[2024-11-12T08:58:04.709+0000] {spark_submit.py:495} INFO - found org.apache.kerby#kerb-admin;1.0.1 in central
[2024-11-12T08:58:04.748+0000] {spark_submit.py:495} INFO - found org.apache.kerby#kerb-server;1.0.1 in central
[2024-11-12T08:58:04.796+0000] {spark_submit.py:495} INFO - found org.apache.kerby#kerb-identity;1.0.1 in central
[2024-11-12T08:58:04.885+0000] {spark_submit.py:495} INFO - found org.apache.kerby#kerby-xdr;1.0.1 in central
[2024-11-12T08:58:04.915+0000] {spark_submit.py:495} INFO - found org.apache.curator#curator-recipes;2.13.0 in central
[2024-11-12T08:58:04.948+0000] {spark_submit.py:495} INFO - found org.apache.htrace#htrace-core4;4.1.0-incubating in central
[2024-11-12T08:58:04.981+0000] {spark_submit.py:495} INFO - found com.fasterxml.jackson.core#jackson-databind;2.9.8 in central
[2024-11-12T08:58:05.044+0000] {spark_submit.py:495} INFO - found com.fasterxml.jackson.core#jackson-annotations;2.9.8 in central
[2024-11-12T08:58:05.097+0000] {spark_submit.py:495} INFO - found com.fasterxml.jackson.core#jackson-core;2.9.8 in central
[2024-11-12T08:58:05.124+0000] {spark_submit.py:495} INFO - found org.codehaus.woodstox#stax2-api;3.1.4 in central
[2024-11-12T08:58:05.146+0000] {spark_submit.py:495} INFO - found com.fasterxml.woodstox#woodstox-core;5.0.3 in central
[2024-11-12T08:58:05.163+0000] {spark_submit.py:495} INFO - found dnsjava#dnsjava;2.1.7 in central
[2024-11-12T08:58:05.184+0000] {spark_submit.py:495} INFO - found javax.servlet.jsp#jsp-api;2.1 in central
[2024-11-12T08:58:05.217+0000] {spark_submit.py:495} INFO - found org.apache.hadoop#hadoop-hdfs-client;3.2.1 in central
[2024-11-12T08:58:17.908+0000] {spark_submit.py:495} INFO - found com.squareup.okhttp#okhttp;2.7.5 in central
[2024-11-12T08:58:22.381+0000] {spark_submit.py:495} INFO - found com.squareup.okio#okio;1.6.0 in central
[2024-11-12T08:58:27.848+0000] {spark_submit.py:495} INFO - found org.apache.hadoop#hadoop-yarn-api;3.2.1 in central
[2024-11-12T08:58:29.503+0000] {spark_submit.py:495} INFO - found javax.xml.bind#jaxb-api;2.2.11 in central
[2024-11-12T08:58:31.131+0000] {spark_submit.py:495} INFO - found org.apache.hadoop#hadoop-yarn-client;3.2.1 in central
[2024-11-12T08:58:37.752+0000] {spark_submit.py:495} INFO - found org.apache.hadoop#hadoop-mapreduce-client-core;3.2.1 in central
[2024-11-12T08:58:39.454+0000] {spark_submit.py:495} INFO - found org.apache.hadoop#hadoop-yarn-common;3.2.1 in central
[2024-11-12T08:58:45.477+0000] {spark_submit.py:495} INFO - found javax.servlet#javax.servlet-api;3.1.0 in central
[2024-11-12T08:58:47.059+0000] {spark_submit.py:495} INFO - found org.eclipse.jetty#jetty-util;9.3.24.v20180605 in central
[2024-11-12T08:58:48.695+0000] {spark_submit.py:495} INFO - found com.sun.jersey#jersey-core;1.19 in central
[2024-11-12T08:58:50.333+0000] {spark_submit.py:495} INFO - found javax.ws.rs#jsr311-api;1.1.1 in central
[2024-11-12T08:58:51.986+0000] {spark_submit.py:495} INFO - found com.sun.jersey#jersey-client;1.19 in central
[2024-11-12T08:58:57.595+0000] {spark_submit.py:495} INFO - found com.fasterxml.jackson.module#jackson-module-jaxb-annotations;2.9.8 in central
[2024-11-12T08:59:03.030+0000] {spark_submit.py:495} INFO - found com.fasterxml.jackson.jaxrs#jackson-jaxrs-json-provider;2.9.8 in central
[2024-11-12T08:59:04.699+0000] {spark_submit.py:495} INFO - found com.fasterxml.jackson.jaxrs#jackson-jaxrs-base;2.9.8 in central
[2024-11-12T08:59:06.364+0000] {spark_submit.py:495} INFO - found org.apache.hadoop#hadoop-mapreduce-client-jobclient;3.2.1 in central
[2024-11-12T08:59:07.986+0000] {spark_submit.py:495} INFO - found org.apache.hadoop#hadoop-mapreduce-client-common;3.2.1 in central
[2024-11-12T08:59:08.741+0000] {spark_submit.py:495} INFO - downloading https://repo1.maven.org/maven2/org/apache/spark/spark-streaming-kafka-0-10_2.12/3.4.2/spark-streaming-kafka-0-10_2.12-3.4.2.jar ...
[2024-11-12T08:59:10.451+0000] {spark_submit.py:495} INFO - [SUCCESSFUL ] org.apache.spark#spark-streaming-kafka-0-10_2.12;3.4.2!spark-streaming-kafka-0-10_2.12.jar (2395ms)
[2024-11-12T08:59:10.685+0000] {spark_submit.py:495} INFO - downloading https://repo1.maven.org/maven2/org/apache/spark/spark-sql-kafka-0-10_2.12/3.4.2/spark-sql-kafka-0-10_2.12-3.4.2.jar ...
[2024-11-12T08:59:13.493+0000] {spark_submit.py:495} INFO - [SUCCESSFUL ] org.apache.spark#spark-sql-kafka-0-10_2.12;3.4.2!spark-sql-kafka-0-10_2.12.jar (3039ms)
[2024-11-12T08:59:14.271+0000] {spark_submit.py:495} INFO - downloading https://repo1.maven.org/maven2/org/apache/hadoop/hadoop-client/3.2.1/hadoop-client-3.2.1.jar ...
[2024-11-12T08:59:15.317+0000] {spark_submit.py:495} INFO - [SUCCESSFUL ] org.apache.hadoop#hadoop-client;3.2.1!hadoop-client.jar (1820ms)
[2024-11-12T08:59:16.116+0000] {spark_submit.py:495} INFO - downloading https://repo1.maven.org/maven2/org/apache/spark/spark-token-provider-kafka-0-10_2.12/3.4.2/spark-token-provider-kafka-0-10_2.12-3.4.2.jar ...
[2024-11-12T08:59:17.218+0000] {spark_submit.py:495} INFO - [SUCCESSFUL ] org.apache.spark#spark-token-provider-kafka-0-10_2.12;3.4.2!spark-token-provider-kafka-0-10_2.12.jar (1898ms)
[2024-11-12T08:59:17.956+0000] {spark_submit.py:495} INFO - downloading https://repo1.maven.org/maven2/org/apache/kafka/kafka-clients/3.3.2/kafka-clients-3.3.2.jar ...
[2024-11-12T08:59:26.389+0000] {spark_submit.py:495} INFO - [SUCCESSFUL ] org.apache.kafka#kafka-clients;3.3.2!kafka-clients.jar (9167ms)
[2024-11-12T08:59:27.172+0000] {spark_submit.py:495} INFO - downloading https://repo1.maven.org/maven2/org/apache/hadoop/hadoop-client-runtime/3.3.4/hadoop-client-runtime-3.3.4.jar ...
[2024-11-12T09:02:56.912+0000] {spark_submit.py:495} INFO - [SUCCESSFUL ] org.apache.hadoop#hadoop-client-runtime;3.3.4!hadoop-client-runtime.jar (210523ms)
[2024-11-12T09:02:57.126+0000] {spark_submit.py:495} INFO - downloading https://repo1.maven.org/maven2/org/lz4/lz4-java/1.8.0/lz4-java-1.8.0.jar ...
[2024-11-12T09:02:58.479+0000] {spark_submit.py:495} INFO - [SUCCESSFUL ] org.lz4#lz4-java;1.8.0!lz4-java.jar (1567ms)
[2024-11-12T09:02:59.198+0000] {spark_submit.py:495} INFO - downloading https://repo1.maven.org/maven2/org/xerial/snappy/snappy-java/1.1.10.3/snappy-java-1.1.10.3.jar ...
[2024-11-12T09:03:02.219+0000] {spark_submit.py:495} INFO - [SUCCESSFUL ] org.xerial.snappy#snappy-java;1.1.10.3!snappy-java.jar(bundle) (3739ms)
[2024-11-12T09:03:03.029+0000] {spark_submit.py:495} INFO - downloading https://repo1.maven.org/maven2/org/slf4j/slf4j-api/2.0.6/slf4j-api-2.0.6.jar ...
[2024-11-12T09:03:03.819+0000] {spark_submit.py:495} INFO - [SUCCESSFUL ] org.slf4j#slf4j-api;2.0.6!slf4j-api.jar (1599ms)
[2024-11-12T09:03:04.557+0000] {spark_submit.py:495} INFO - downloading https://repo1.maven.org/maven2/org/apache/hadoop/hadoop-client-api/3.3.4/hadoop-client-api-3.3.4.jar ...
[2024-11-12T09:05:23.635+0000] {spark_submit.py:495} INFO - [SUCCESSFUL ] org.apache.hadoop#hadoop-client-api;3.3.4!hadoop-client-api.jar (139815ms)
[2024-11-12T09:05:24.443+0000] {spark_submit.py:495} INFO - downloading https://repo1.maven.org/maven2/commons-logging/commons-logging/1.1.3/commons-logging-1.1.3.jar ...
[2024-11-12T09:05:25.088+0000] {spark_submit.py:495} INFO - [SUCCESSFUL ] commons-logging#commons-logging;1.1.3!commons-logging.jar (1447ms)
[2024-11-12T09:05:25.874+0000] {spark_submit.py:495} INFO - downloading https://repo1.maven.org/maven2/com/google/code/findbugs/jsr305/3.0.0/jsr305-3.0.0.jar ...
[2024-11-12T09:05:26.649+0000] {spark_submit.py:495} INFO - [SUCCESSFUL ] com.google.code.findbugs#jsr305;3.0.0!jsr305.jar (1562ms)
[2024-11-12T09:05:27.046+0000] {spark_submit.py:495} INFO - downloading https://repo1.maven.org/maven2/org/apache/commons/commons-pool2/2.11.1/commons-pool2-2.11.1.jar ...
[2024-11-12T09:05:27.682+0000] {spark_submit.py:495} INFO - [SUCCESSFUL ] org.apache.commons#commons-pool2;2.11.1!commons-pool2.jar (1028ms)
[2024-11-12T09:05:28.390+0000] {spark_submit.py:495} INFO - downloading https://repo1.maven.org/maven2/org/apache/hadoop/hadoop-common/3.2.1/hadoop-common-3.2.1.jar ...
[2024-11-12T09:05:36.089+0000] {spark_submit.py:495} INFO - [SUCCESSFUL ] org.apache.hadoop#hadoop-common;3.2.1!hadoop-common.jar (8407ms)
[2024-11-12T09:05:36.850+0000] {spark_submit.py:495} INFO - downloading https://repo1.maven.org/maven2/org/apache/hadoop/hadoop-hdfs-client/3.2.1/hadoop-hdfs-client-3.2.1.jar ...
[2024-11-12T09:06:12.201+0000] {spark_submit.py:495} INFO - [SUCCESSFUL ] org.apache.hadoop#hadoop-hdfs-client;3.2.1!hadoop-hdfs-client.jar (36111ms)
[2024-11-12T09:06:13.022+0000] {spark_submit.py:495} INFO - downloading https://repo1.maven.org/maven2/org/apache/hadoop/hadoop-yarn-api/3.2.1/hadoop-yarn-api-3.2.1.jar ...
[2024-11-12T09:06:37.808+0000] {spark_submit.py:495} INFO - [SUCCESSFUL ] org.apache.hadoop#hadoop-yarn-api;3.2.1!hadoop-yarn-api.jar (25603ms)
[2024-11-12T09:06:38.536+0000] {spark_submit.py:495} INFO - downloading https://repo1.maven.org/maven2/org/apache/hadoop/hadoop-yarn-client/3.2.1/hadoop-yarn-client-3.2.1.jar ...
[2024-11-12T09:06:41.291+0000] {spark_submit.py:495} INFO - [SUCCESSFUL ] org.apache.hadoop#hadoop-yarn-client;3.2.1!hadoop-yarn-client.jar (3482ms)
[2024-11-12T09:06:42.121+0000] {spark_submit.py:495} INFO - downloading https://repo1.maven.org/maven2/org/apache/hadoop/hadoop-mapreduce-client-core/3.2.1/hadoop-mapreduce-client-core-3.2.1.jar ...
[2024-11-12T09:06:51.440+0000] {spark_submit.py:495} INFO - [SUCCESSFUL ] org.apache.hadoop#hadoop-mapreduce-client-core;3.2.1!hadoop-mapreduce-client-core.jar (10149ms)
[2024-11-12T09:06:52.162+0000] {spark_submit.py:495} INFO - downloading https://repo1.maven.org/maven2/org/apache/hadoop/hadoop-mapreduce-client-jobclient/3.2.1/hadoop-mapreduce-client-jobclient-3.2.1.jar ...
[2024-11-12T09:06:53.209+0000] {spark_submit.py:495} INFO - [SUCCESSFUL ] org.apache.hadoop#hadoop-mapreduce-client-jobclient;3.2.1!hadoop-mapreduce-client-jobclient.jar (1767ms)
[2024-11-12T09:06:53.943+0000] {spark_submit.py:495} INFO - downloading https://repo1.maven.org/maven2/org/apache/hadoop/hadoop-annotations/3.2.1/hadoop-annotations-3.2.1.jar ...
[2024-11-12T09:06:54.806+0000] {spark_submit.py:495} INFO - [SUCCESSFUL ] org.apache.hadoop#hadoop-annotations;3.2.1!hadoop-annotations.jar (1597ms)
[2024-11-12T09:06:55.542+0000] {spark_submit.py:495} INFO - downloading https://repo1.maven.org/maven2/com/google/guava/guava/27.0-jre/guava-27.0-jre.jar ...
[2024-11-12T09:07:10.878+0000] {spark_submit.py:495} INFO - [SUCCESSFUL ] com.google.guava#guava;27.0-jre!guava.jar(bundle) (16068ms)
[2024-11-12T09:07:11.099+0000] {spark_submit.py:495} INFO - downloading https://repo1.maven.org/maven2/commons-cli/commons-cli/1.2/commons-cli-1.2.jar ...
[2024-11-12T09:07:11.902+0000] {spark_submit.py:495} INFO - [SUCCESSFUL ] commons-cli#commons-cli;1.2!commons-cli.jar (1024ms)
[2024-11-12T09:07:12.652+0000] {spark_submit.py:495} INFO - downloading https://repo1.maven.org/maven2/org/apache/commons/commons-math3/3.1.1/commons-math3-3.1.1.jar ...
[2024-11-12T09:07:16.674+0000] {spark_submit.py:495} INFO - [SUCCESSFUL ] org.apache.commons#commons-math3;3.1.1!commons-math3.jar (4772ms)
[2024-11-12T09:07:17.467+0000] {spark_submit.py:495} INFO - downloading https://repo1.maven.org/maven2/org/apache/httpcomponents/httpclient/4.5.6/httpclient-4.5.6.jar ...
[2024-11-12T09:07:24.171+0000] {spark_submit.py:495} INFO - downloading https://repo1.maven.org/maven2/commons-codec/commons-codec/1.11/commons-codec-1.11.jar ...
[2024-11-12T09:07:25.747+0000] {spark_submit.py:495} INFO - [SUCCESSFUL ] commons-codec#commons-codec;1.11!commons-codec.jar (4498ms)
[2024-11-12T09:07:26.483+0000] {spark_submit.py:495} INFO - downloading https://repo1.maven.org/maven2/commons-io/commons-io/2.5/commons-io-2.5.jar ...
[2024-11-12T09:07:26.768+0000] {spark_submit.py:495} INFO - [SUCCESSFUL ] commons-io#commons-io;2.5!commons-io.jar (1018ms)
[2024-11-12T09:07:27.014+0000] {spark_submit.py:495} INFO - downloading https://repo1.maven.org/maven2/commons-net/commons-net/3.6/commons-net-3.6.jar ...
[2024-11-12T09:07:27.491+0000] {spark_submit.py:495} INFO - [SUCCESSFUL ] commons-net#commons-net;3.6!commons-net.jar (720ms)
[2024-11-12T09:07:27.803+0000] {spark_submit.py:495} INFO - downloading https://repo1.maven.org/maven2/commons-collections/commons-collections/3.2.2/commons-collections-3.2.2.jar ...
[2024-11-12T09:07:29.158+0000] {spark_submit.py:495} INFO - [SUCCESSFUL ] commons-collections#commons-collections;3.2.2!commons-collections.jar (1668ms)
[2024-11-12T09:07:29.882+0000] {spark_submit.py:495} INFO - downloading https://repo1.maven.org/maven2/org/eclipse/jetty/jetty-servlet/9.3.24.v20180605/jetty-servlet-9.3.24.v20180605.jar ...
[2024-11-12T09:07:32.834+0000] {spark_submit.py:495} INFO - [SUCCESSFUL ] org.eclipse.jetty#jetty-servlet;9.3.24.v20180605!jetty-servlet.jar (3674ms)
[2024-11-12T09:07:33.771+0000] {spark_submit.py:495} INFO - downloading https://repo1.maven.org/maven2/org/eclipse/jetty/jetty-webapp/9.3.24.v20180605/jetty-webapp-9.3.24.v20180605.jar ...
[2024-11-12T09:07:38.080+0000] {spark_submit.py:495} INFO - downloading https://repo1.maven.org/maven2/com/sun/jersey/jersey-servlet/1.19/jersey-servlet-1.19.jar ...
[2024-11-12T09:07:38.895+0000] {spark_submit.py:495} INFO - [SUCCESSFUL ] com.sun.jersey#jersey-servlet;1.19!jersey-servlet.jar (2229ms)
[2024-11-12T09:07:39.634+0000] {spark_submit.py:495} INFO - downloading https://repo1.maven.org/maven2/log4j/log4j/1.2.17/log4j-1.2.17.jar ...
[2024-11-12T09:07:41.754+0000] {spark_submit.py:495} INFO - [SUCCESSFUL ] log4j#log4j;1.2.17!log4j.jar(bundle) (2857ms)
[2024-11-12T09:07:42.483+0000] {spark_submit.py:495} INFO - downloading https://repo1.maven.org/maven2/commons-beanutils/commons-beanutils/1.9.3/commons-beanutils-1.9.3.jar ...
[2024-11-12T09:07:42.765+0000] {spark_submit.py:495} INFO - [SUCCESSFUL ] commons-beanutils#commons-beanutils;1.9.3!commons-beanutils.jar (1011ms)
[2024-11-12T09:07:43.151+0000] {spark_submit.py:495} INFO - downloading https://repo1.maven.org/maven2/org/apache/commons/commons-configuration2/2.1.1/commons-configuration2-2.1.1.jar ...
[2024-11-12T09:07:43.622+0000] {spark_submit.py:495} INFO - [SUCCESSFUL ] org.apache.commons#commons-configuration2;2.1.1!commons-configuration2.jar (856ms)
[2024-11-12T09:07:44.410+0000] {spark_submit.py:495} INFO - downloading https://repo1.maven.org/maven2/org/apache/commons/commons-lang3/3.7/commons-lang3-3.7.jar ...
[2024-11-12T09:07:49.951+0000] {spark_submit.py:495} INFO - [SUCCESSFUL ] org.apache.commons#commons-lang3;3.7!commons-lang3.jar (6330ms)
[2024-11-12T09:07:50.763+0000] {spark_submit.py:495} INFO - downloading https://repo1.maven.org/maven2/org/apache/commons/commons-text/1.4/commons-text-1.4.jar ...
[2024-11-12T09:07:55.602+0000] {spark_submit.py:495} INFO - [SUCCESSFUL ] org.apache.commons#commons-text;1.4!commons-text.jar (5651ms)
[2024-11-12T09:07:56.365+0000] {spark_submit.py:495} INFO - downloading https://repo1.maven.org/maven2/org/apache/avro/avro/1.7.7/avro-1.7.7.jar ...
[2024-11-12T09:07:59.844+0000] {spark_submit.py:495} INFO - [SUCCESSFUL ] org.apache.avro#avro;1.7.7!avro.jar(bundle) (4241ms)
[2024-11-12T09:08:00.597+0000] {spark_submit.py:495} INFO - downloading https://repo1.maven.org/maven2/com/google/re2j/re2j/1.1/re2j-1.1.jar ...
[2024-11-12T09:08:01.382+0000] {spark_submit.py:495} INFO - [SUCCESSFUL ] com.google.re2j#re2j;1.1!re2j.jar (1536ms)
[2024-11-12T09:08:02.136+0000] {spark_submit.py:495} INFO - downloading https://repo1.maven.org/maven2/com/google/protobuf/protobuf-java/2.5.0/protobuf-java-2.5.0.jar ...
[2024-11-12T09:08:06.608+0000] {spark_submit.py:495} INFO - [SUCCESSFUL ] com.google.protobuf#protobuf-java;2.5.0!protobuf-java.jar(bundle) (5223ms)
[2024-11-12T09:08:07.363+0000] {spark_submit.py:495} INFO - downloading https://repo1.maven.org/maven2/com/google/code/gson/gson/2.2.4/gson-2.2.4.jar ...
[2024-11-12T09:08:08.955+0000] {spark_submit.py:495} INFO - [SUCCESSFUL ] com.google.code.gson#gson;2.2.4!gson.jar (2345ms)
[2024-11-12T09:08:09.712+0000] {spark_submit.py:495} INFO - downloading https://repo1.maven.org/maven2/org/apache/hadoop/hadoop-auth/3.2.1/hadoop-auth-3.2.1.jar ...
[2024-11-12T09:08:10.644+0000] {spark_submit.py:495} INFO - [SUCCESSFUL ] org.apache.hadoop#hadoop-auth;3.2.1!hadoop-auth.jar (1683ms)
[2024-11-12T09:08:11.459+0000] {spark_submit.py:495} INFO - downloading https://repo1.maven.org/maven2/org/apache/curator/curator-client/2.13.0/curator-client-2.13.0.jar ...
[2024-11-12T09:08:15.356+0000] {spark_submit.py:495} INFO - [SUCCESSFUL ] org.apache.curator#curator-client;2.13.0!curator-client.jar(bundle) (4712ms)
[2024-11-12T09:08:16.166+0000] {spark_submit.py:495} INFO - downloading https://repo1.maven.org/maven2/org/apache/curator/curator-recipes/2.13.0/curator-recipes-2.13.0.jar ...
[2024-11-12T09:08:18.494+0000] {spark_submit.py:495} INFO - [SUCCESSFUL ] org.apache.curator#curator-recipes;2.13.0!curator-recipes.jar(bundle) (3138ms)
[2024-11-12T09:08:19.243+0000] {spark_submit.py:495} INFO - downloading https://repo1.maven.org/maven2/org/apache/htrace/htrace-core4/4.1.0-incubating/htrace-core4-4.1.0-incubating.jar ...
[2024-11-12T09:08:21.902+0000] {spark_submit.py:495} INFO - [SUCCESSFUL ] org.apache.htrace#htrace-core4;4.1.0-incubating!htrace-core4.jar (3404ms)
[2024-11-12T09:08:22.724+0000] {spark_submit.py:495} INFO - downloading https://repo1.maven.org/maven2/org/apache/commons/commons-compress/1.18/commons-compress-1.18.jar ...
[2024-11-12T09:08:27.322+0000] {spark_submit.py:495} INFO - [SUCCESSFUL ] org.apache.commons#commons-compress;1.18!commons-compress.jar (5419ms)
[2024-11-12T09:08:28.047+0000] {spark_submit.py:495} INFO - downloading https://repo1.maven.org/maven2/org/apache/kerby/kerb-simplekdc/1.0.1/kerb-simplekdc-1.0.1.jar ...
[2024-11-12T09:08:28.869+0000] {spark_submit.py:495} INFO - [SUCCESSFUL ] org.apache.kerby#kerb-simplekdc;1.0.1!kerb-simplekdc.jar (1547ms)
[2024-11-12T09:08:29.687+0000] {spark_submit.py:495} INFO - downloading https://repo1.maven.org/maven2/com/fasterxml/jackson/core/jackson-databind/2.9.8/jackson-databind-2.9.8.jar ...
[2024-11-12T09:08:40.031+0000] {spark_submit.py:495} INFO - [SUCCESSFUL ] com.fasterxml.jackson.core#jackson-databind;2.9.8!jackson-databind.jar(bundle) (11158ms)
[2024-11-12T09:08:40.860+0000] {spark_submit.py:495} INFO - downloading https://repo1.maven.org/maven2/org/codehaus/woodstox/stax2-api/3.1.4/stax2-api-3.1.4.jar ...
[2024-11-12T09:08:41.779+0000] {spark_submit.py:495} INFO - [SUCCESSFUL ] org.codehaus.woodstox#stax2-api;3.1.4!stax2-api.jar(bundle) (1745ms)
[2024-11-12T09:08:42.594+0000] {spark_submit.py:495} INFO - downloading https://repo1.maven.org/maven2/com/fasterxml/woodstox/woodstox-core/5.0.3/woodstox-core-5.0.3.jar ...
[2024-11-12T09:08:44.945+0000] {spark_submit.py:495} INFO - [SUCCESSFUL ] com.fasterxml.woodstox#woodstox-core;5.0.3!woodstox-core.jar(bundle) (3165ms)
[2024-11-12T09:08:45.649+0000] {spark_submit.py:495} INFO - downloading https://repo1.maven.org/maven2/dnsjava/dnsjava/2.1.7/dnsjava-2.1.7.jar ...
[2024-11-12T09:08:47.046+0000] {spark_submit.py:495} INFO - [SUCCESSFUL ] dnsjava#dnsjava;2.1.7!dnsjava.jar (2099ms)
[2024-11-12T09:08:47.752+0000] {spark_submit.py:495} INFO - downloading https://repo1.maven.org/maven2/com/google/guava/failureaccess/1.0/failureaccess-1.0.jar ...
[2024-11-12T09:08:48.539+0000] {spark_submit.py:495} INFO - [SUCCESSFUL ] com.google.guava#failureaccess;1.0!failureaccess.jar (1493ms)
[2024-11-12T09:08:49.355+0000] {spark_submit.py:495} INFO - downloading https://repo1.maven.org/maven2/com/google/guava/listenablefuture/9999.0-empty-to-avoid-conflict-with-guava/listenablefuture-9999.0-empty-to-avoid-conflict-with-guava.jar ...
[2024-11-12T09:08:50.175+0000] {spark_submit.py:495} INFO - [SUCCESSFUL ] com.google.guava#listenablefuture;9999.0-empty-to-avoid-conflict-with-guava!listenablefuture.jar (1635ms)
[2024-11-12T09:08:50.894+0000] {spark_submit.py:495} INFO - downloading https://repo1.maven.org/maven2/org/checkerframework/checker-qual/2.5.2/checker-qual-2.5.2.jar ...
[2024-11-12T09:08:52.043+0000] {spark_submit.py:495} INFO - [SUCCESSFUL ] org.checkerframework#checker-qual;2.5.2!checker-qual.jar (1865ms)
[2024-11-12T09:08:52.838+0000] {spark_submit.py:495} INFO - downloading https://repo1.maven.org/maven2/com/google/errorprone/error_prone_annotations/2.2.0/error_prone_annotations-2.2.0.jar ...
[2024-11-12T09:08:53.663+0000] {spark_submit.py:495} INFO - [SUCCESSFUL ] com.google.errorprone#error_prone_annotations;2.2.0!error_prone_annotations.jar (1615ms)
[2024-11-12T09:08:54.476+0000] {spark_submit.py:495} INFO - downloading https://repo1.maven.org/maven2/com/google/j2objc/j2objc-annotations/1.1/j2objc-annotations-1.1.jar ...
[2024-11-12T09:08:55.301+0000] {spark_submit.py:495} INFO - [SUCCESSFUL ] com.google.j2objc#j2objc-annotations;1.1!j2objc-annotations.jar (1637ms)
[2024-11-12T09:08:56.116+0000] {spark_submit.py:495} INFO - downloading https://repo1.maven.org/maven2/org/codehaus/mojo/animal-sniffer-annotations/1.17/animal-sniffer-annotations-1.17.jar ...
[2024-11-12T09:08:56.834+0000] {spark_submit.py:495} INFO - [SUCCESSFUL ] org.codehaus.mojo#animal-sniffer-annotations;1.17!animal-sniffer-annotations.jar (1530ms)
[2024-11-12T09:08:57.652+0000] {spark_submit.py:495} INFO - downloading https://repo1.maven.org/maven2/org/apache/httpcomponents/httpcore/4.4.10/httpcore-4.4.10.jar ...
[2024-11-12T09:09:00.976+0000] {spark_submit.py:495} INFO - [SUCCESSFUL ] org.apache.httpcomponents#httpcore;4.4.10!httpcore.jar (4140ms)
[2024-11-12T09:09:01.693+0000] {spark_submit.py:495} INFO - downloading https://repo1.maven.org/maven2/org/eclipse/jetty/jetty-security/9.3.24.v20180605/jetty-security-9.3.24.v20180605.jar ...
[2024-11-12T09:09:02.502+0000] {spark_submit.py:495} INFO - [SUCCESSFUL ] org.eclipse.jetty#jetty-security;9.3.24.v20180605!jetty-security.jar (1525ms)
[2024-11-12T09:09:03.287+0000] {spark_submit.py:495} INFO - downloading https://repo1.maven.org/maven2/org/eclipse/jetty/jetty-xml/9.3.24.v20180605/jetty-xml-9.3.24.v20180605.jar ...
[2024-11-12T09:09:04.114+0000] {spark_submit.py:495} INFO - [SUCCESSFUL ] org.eclipse.jetty#jetty-xml;9.3.24.v20180605!jetty-xml.jar (1605ms)
[2024-11-12T09:09:04.826+0000] {spark_submit.py:495} INFO - downloading https://repo1.maven.org/maven2/org/codehaus/jackson/jackson-core-asl/1.9.13/jackson-core-asl-1.9.13.jar ...
[2024-11-12T09:09:05.821+0000] {spark_submit.py:495} INFO - [SUCCESSFUL ] org.codehaus.jackson#jackson-core-asl;1.9.13!jackson-core-asl.jar (1705ms)
[2024-11-12T09:09:06.560+0000] {spark_submit.py:495} INFO - downloading https://repo1.maven.org/maven2/org/codehaus/jackson/jackson-mapper-asl/1.9.13/jackson-mapper-asl-1.9.13.jar ...
[2024-11-12T09:09:07.550+0000] {spark_submit.py:495} INFO - [SUCCESSFUL ] org.codehaus.jackson#jackson-mapper-asl;1.9.13!jackson-mapper-asl.jar (1727ms)
[2024-11-12T09:09:08.305+0000] {spark_submit.py:495} INFO - downloading https://repo1.maven.org/maven2/com/thoughtworks/paranamer/paranamer/2.3/paranamer-2.3.jar ...
[2024-11-12T09:09:08.947+0000] {spark_submit.py:495} INFO - [SUCCESSFUL ] com.thoughtworks.paranamer#paranamer;2.3!paranamer.jar (1396ms)
[2024-11-12T09:09:09.739+0000] {spark_submit.py:495} INFO - downloading https://repo1.maven.org/maven2/com/nimbusds/nimbus-jose-jwt/4.41.1/nimbus-jose-jwt-4.41.1.jar ...
[2024-11-12T09:09:11.894+0000] {spark_submit.py:495} INFO - [SUCCESSFUL ] com.nimbusds#nimbus-jose-jwt;4.41.1!nimbus-jose-jwt.jar (2946ms)
[2024-11-12T09:09:12.714+0000] {spark_submit.py:495} INFO - downloading https://repo1.maven.org/maven2/net/minidev/json-smart/2.3/json-smart-2.3.jar ...
[2024-11-12T09:09:13.808+0000] {spark_submit.py:495} INFO - [SUCCESSFUL ] net.minidev#json-smart;2.3!json-smart.jar(bundle) (1910ms)
[2024-11-12T09:09:14.551+0000] {spark_submit.py:495} INFO - downloading https://repo1.maven.org/maven2/org/apache/curator/curator-framework/2.13.0/curator-framework-2.13.0.jar ...
[2024-11-12T09:09:15.239+0000] {spark_submit.py:495} INFO - [SUCCESSFUL ] org.apache.curator#curator-framework;2.13.0!curator-framework.jar(bundle) (1429ms)
[2024-11-12T09:09:15.721+0000] {spark_submit.py:495} INFO - downloading https://repo1.maven.org/maven2/com/github/stephenc/jcip/jcip-annotations/1.0-1/jcip-annotations-1.0-1.jar ...
[2024-11-12T09:09:16.308+0000] {spark_submit.py:495} INFO - [SUCCESSFUL ] com.github.stephenc.jcip#jcip-annotations;1.0-1!jcip-annotations.jar (1067ms)
[2024-11-12T09:09:16.765+0000] {spark_submit.py:495} INFO - downloading https://repo1.maven.org/maven2/net/minidev/accessors-smart/1.2/accessors-smart-1.2.jar ...
[2024-11-12T09:09:17.288+0000] {spark_submit.py:495} INFO - [SUCCESSFUL ] net.minidev#accessors-smart;1.2!accessors-smart.jar(bundle) (979ms)
[2024-11-12T09:09:18.036+0000] {spark_submit.py:495} INFO - downloading https://repo1.maven.org/maven2/org/ow2/asm/asm/5.0.4/asm-5.0.4.jar ...
[2024-11-12T09:09:18.870+0000] {spark_submit.py:495} INFO - [SUCCESSFUL ] org.ow2.asm#asm;5.0.4!asm.jar (1566ms)
[2024-11-12T09:09:19.201+0000] {spark_submit.py:495} INFO - downloading https://repo1.maven.org/maven2/org/apache/kerby/kerb-client/1.0.1/kerb-client-1.0.1.jar ...
[2024-11-12T09:09:20.216+0000] {spark_submit.py:495} INFO - [SUCCESSFUL ] org.apache.kerby#kerb-client;1.0.1!kerb-client.jar (1350ms)
[2024-11-12T09:09:21.009+0000] {spark_submit.py:495} INFO - downloading https://repo1.maven.org/maven2/org/apache/kerby/kerb-admin/1.0.1/kerb-admin-1.0.1.jar ...
[2024-11-12T09:09:21.867+0000] {spark_submit.py:495} INFO - [SUCCESSFUL ] org.apache.kerby#kerb-admin;1.0.1!kerb-admin.jar (1651ms)
[2024-11-12T09:09:22.311+0000] {spark_submit.py:495} INFO - downloading https://repo1.maven.org/maven2/org/apache/kerby/kerby-config/1.0.1/kerby-config-1.0.1.jar ...
[2024-11-12T09:09:23.082+0000] {spark_submit.py:495} INFO - [SUCCESSFUL ] org.apache.kerby#kerby-config;1.0.1!kerby-config.jar (1213ms)
[2024-11-12T09:09:23.873+0000] {spark_submit.py:495} INFO - downloading https://repo1.maven.org/maven2/org/apache/kerby/kerb-core/1.0.1/kerb-core-1.0.1.jar ...
[2024-11-12T09:09:25.141+0000] {spark_submit.py:495} INFO - [SUCCESSFUL ] org.apache.kerby#kerb-core;1.0.1!kerb-core.jar (2050ms)
[2024-11-12T09:09:25.922+0000] {spark_submit.py:495} INFO - downloading https://repo1.maven.org/maven2/org/apache/kerby/kerb-common/1.0.1/kerb-common-1.0.1.jar ...
[2024-11-12T09:09:26.750+0000] {spark_submit.py:495} INFO - [SUCCESSFUL ] org.apache.kerby#kerb-common;1.0.1!kerb-common.jar (1608ms)
[2024-11-12T09:09:27.560+0000] {spark_submit.py:495} INFO - downloading https://repo1.maven.org/maven2/org/apache/kerby/kerb-util/1.0.1/kerb-util-1.0.1.jar ...
[2024-11-12T09:09:28.385+0000] {spark_submit.py:495} INFO - [SUCCESSFUL ] org.apache.kerby#kerb-util;1.0.1!kerb-util.jar (1633ms)
[2024-11-12T09:09:29.201+0000] {spark_submit.py:495} INFO - downloading https://repo1.maven.org/maven2/org/apache/kerby/token-provider/1.0.1/token-provider-1.0.1.jar ...
[2024-11-12T09:09:30.026+0000] {spark_submit.py:495} INFO - [SUCCESSFUL ] org.apache.kerby#token-provider;1.0.1!token-provider.jar (1638ms)
[2024-11-12T09:09:30.781+0000] {spark_submit.py:495} INFO - downloading https://repo1.maven.org/maven2/org/apache/kerby/kerby-pkix/1.0.1/kerby-pkix-1.0.1.jar ...
[2024-11-12T09:09:31.934+0000] {spark_submit.py:495} INFO - [SUCCESSFUL ] org.apache.kerby#kerby-pkix;1.0.1!kerby-pkix.jar (1908ms)
[2024-11-12T09:09:32.683+0000] {spark_submit.py:495} INFO - downloading https://repo1.maven.org/maven2/org/apache/kerby/kerby-asn1/1.0.1/kerby-asn1-1.0.1.jar ...
[2024-11-12T09:09:33.574+0000] {spark_submit.py:495} INFO - [SUCCESSFUL ] org.apache.kerby#kerby-asn1;1.0.1!kerby-asn1.jar (1632ms)
[2024-11-12T09:09:34.328+0000] {spark_submit.py:495} INFO - downloading https://repo1.maven.org/maven2/org/apache/kerby/kerby-util/1.0.1/kerby-util-1.0.1.jar ...
[2024-11-12T09:09:35.142+0000] {spark_submit.py:495} INFO - [SUCCESSFUL ] org.apache.kerby#kerby-util;1.0.1!kerby-util.jar (1567ms)
[2024-11-12T09:09:35.960+0000] {spark_submit.py:495} INFO - downloading https://repo1.maven.org/maven2/org/apache/kerby/kerb-crypto/1.0.1/kerb-crypto-1.0.1.jar ...
[2024-11-12T09:09:37.044+0000] {spark_submit.py:495} INFO - [SUCCESSFUL ] org.apache.kerby#kerb-crypto;1.0.1!kerb-crypto.jar (1902ms)
[2024-11-12T09:09:37.805+0000] {spark_submit.py:495} INFO - downloading https://repo1.maven.org/maven2/org/apache/kerby/kerb-server/1.0.1/kerb-server-1.0.1.jar ...
[2024-11-12T09:09:38.842+0000] {spark_submit.py:495} INFO - [SUCCESSFUL ] org.apache.kerby#kerb-server;1.0.1!kerb-server.jar (1792ms)
[2024-11-12T09:09:39.647+0000] {spark_submit.py:495} INFO - downloading https://repo1.maven.org/maven2/org/apache/kerby/kerby-xdr/1.0.1/kerby-xdr-1.0.1.jar ...
[2024-11-12T09:09:39.945+0000] {spark_submit.py:495} INFO - [SUCCESSFUL ] org.apache.kerby#kerby-xdr;1.0.1!kerby-xdr.jar (1101ms)
[2024-11-12T09:09:40.768+0000] {spark_submit.py:495} INFO - downloading https://repo1.maven.org/maven2/org/apache/kerby/kerb-identity/1.0.1/kerb-identity-1.0.1.jar ...
[2024-11-12T09:09:41.046+0000] {spark_submit.py:495} INFO - [SUCCESSFUL ] org.apache.kerby#kerb-identity;1.0.1!kerb-identity.jar (1100ms)
[2024-11-12T09:09:41.799+0000] {spark_submit.py:495} INFO - downloading https://repo1.maven.org/maven2/com/fasterxml/jackson/core/jackson-annotations/2.9.8/jackson-annotations-2.9.8.jar ...
[2024-11-12T09:09:42.658+0000] {spark_submit.py:495} INFO - [SUCCESSFUL ] com.fasterxml.jackson.core#jackson-annotations;2.9.8!jackson-annotations.jar(bundle) (1611ms)
[2024-11-12T09:09:43.441+0000] {spark_submit.py:495} INFO - downloading https://repo1.maven.org/maven2/com/fasterxml/jackson/core/jackson-core/2.9.8/jackson-core-2.9.8.jar ...
[2024-11-12T09:09:44.965+0000] {spark_submit.py:495} INFO - [SUCCESSFUL ] com.fasterxml.jackson.core#jackson-core;2.9.8!jackson-core.jar(bundle) (2302ms)
[2024-11-12T09:09:45.792+0000] {spark_submit.py:495} INFO - downloading https://repo1.maven.org/maven2/javax/servlet/jsp/jsp-api/2.1/jsp-api-2.1.jar ...
[2024-11-12T09:09:46.695+0000] {spark_submit.py:495} INFO - [SUCCESSFUL ] javax.servlet.jsp#jsp-api;2.1!jsp-api.jar (1725ms)
[2024-11-12T09:09:47.579+0000] {spark_submit.py:495} INFO - downloading https://repo1.maven.org/maven2/com/squareup/okhttp/okhttp/2.7.5/okhttp-2.7.5.jar ...
[2024-11-12T09:09:48.999+0000] {spark_submit.py:495} INFO - [SUCCESSFUL ] com.squareup.okhttp#okhttp;2.7.5!okhttp.jar (2298ms)
[2024-11-12T09:09:49.789+0000] {spark_submit.py:495} INFO - downloading https://repo1.maven.org/maven2/com/squareup/okio/okio/1.6.0/okio-1.6.0.jar ...
[2024-11-12T09:09:50.620+0000] {spark_submit.py:495} INFO - [SUCCESSFUL ] com.squareup.okio#okio;1.6.0!okio.jar (1615ms)
[2024-11-12T09:09:51.430+0000] {spark_submit.py:495} INFO - downloading https://repo1.maven.org/maven2/javax/xml/bind/jaxb-api/2.2.11/jaxb-api-2.2.11.jar ...
[2024-11-12T09:09:52.357+0000] {spark_submit.py:495} INFO - [SUCCESSFUL ] javax.xml.bind#jaxb-api;2.2.11!jaxb-api.jar (1737ms)
[2024-11-12T09:09:53.167+0000] {spark_submit.py:495} INFO - downloading https://repo1.maven.org/maven2/org/apache/hadoop/hadoop-yarn-common/3.2.1/hadoop-yarn-common-3.2.1.jar ...
[2024-11-12T09:10:14.452+0000] {spark_submit.py:495} INFO - [SUCCESSFUL ] org.apache.hadoop#hadoop-yarn-common;3.2.1!hadoop-yarn-common.jar (22081ms)
[2024-11-12T09:10:15.184+0000] {spark_submit.py:495} INFO - downloading https://repo1.maven.org/maven2/javax/servlet/javax.servlet-api/3.1.0/javax.servlet-api-3.1.0.jar ...
[2024-11-12T09:10:16.052+0000] {spark_submit.py:495} INFO - [SUCCESSFUL ] javax.servlet#javax.servlet-api;3.1.0!javax.servlet-api.jar (1597ms)
[2024-11-12T09:10:16.827+0000] {spark_submit.py:495} INFO - downloading https://repo1.maven.org/maven2/org/eclipse/jetty/jetty-util/9.3.24.v20180605/jetty-util-9.3.24.v20180605.jar ...
[2024-11-12T09:10:21.168+0000] {spark_submit.py:495} INFO - [SUCCESSFUL ] org.eclipse.jetty#jetty-util;9.3.24.v20180605!jetty-util.jar (5115ms)
[2024-11-12T09:10:21.949+0000] {spark_submit.py:495} INFO - downloading https://repo1.maven.org/maven2/com/sun/jersey/jersey-core/1.19/jersey-core-1.19.jar ...
[2024-11-12T09:10:23.510+0000] {spark_submit.py:495} INFO - [SUCCESSFUL ] com.sun.jersey#jersey-core;1.19!jersey-core.jar (2339ms)
[2024-11-12T09:10:24.302+0000] {spark_submit.py:495} INFO - downloading https://repo1.maven.org/maven2/com/sun/jersey/jersey-client/1.19/jersey-client-1.19.jar ...
[2024-11-12T09:10:25.347+0000] {spark_submit.py:495} INFO - [SUCCESSFUL ] com.sun.jersey#jersey-client;1.19!jersey-client.jar (1835ms)
[2024-11-12T09:10:25.813+0000] {spark_submit.py:495} INFO - downloading https://repo1.maven.org/maven2/com/fasterxml/jackson/module/jackson-module-jaxb-annotations/2.9.8/jackson-module-jaxb-annotations-2.9.8.jar ...
[2024-11-12T09:10:26.577+0000] {spark_submit.py:495} INFO - [SUCCESSFUL ] com.fasterxml.jackson.module#jackson-module-jaxb-annotations;2.9.8!jackson-module-jaxb-annotations.jar(bundle) (1226ms)
[2024-11-12T09:10:26.979+0000] {spark_submit.py:495} INFO - downloading https://repo1.maven.org/maven2/com/fasterxml/jackson/jaxrs/jackson-jaxrs-json-provider/2.9.8/jackson-jaxrs-json-provider-2.9.8.jar ...
[2024-11-12T09:10:27.254+0000] {spark_submit.py:495} INFO - [SUCCESSFUL ] com.fasterxml.jackson.jaxrs#jackson-jaxrs-json-provider;2.9.8!jackson-jaxrs-json-provider.jar(bundle) (673ms)
[2024-11-12T09:10:27.647+0000] {spark_submit.py:495} INFO - downloading https://repo1.maven.org/maven2/javax/ws/rs/jsr311-api/1.1.1/jsr311-api-1.1.1.jar ...
[2024-11-12T09:10:28.275+0000] {spark_submit.py:495} INFO - [SUCCESSFUL ] javax.ws.rs#jsr311-api;1.1.1!jsr311-api.jar (1019ms)
[2024-11-12T09:10:28.665+0000] {spark_submit.py:495} INFO - downloading https://repo1.maven.org/maven2/com/fasterxml/jackson/jaxrs/jackson-jaxrs-base/2.9.8/jackson-jaxrs-base-2.9.8.jar ...
[2024-11-12T09:10:29.440+0000] {spark_submit.py:495} INFO - [SUCCESSFUL ] com.fasterxml.jackson.jaxrs#jackson-jaxrs-base;2.9.8!jackson-jaxrs-base.jar(bundle) (1162ms)
[2024-11-12T09:10:29.730+0000] {spark_submit.py:495} INFO - downloading https://repo1.maven.org/maven2/org/apache/hadoop/hadoop-mapreduce-client-common/3.2.1/hadoop-mapreduce-client-common-3.2.1.jar ...
[2024-11-12T09:10:31.230+0000] {spark_submit.py:495} INFO - [SUCCESSFUL ] org.apache.hadoop#hadoop-mapreduce-client-common;3.2.1!hadoop-mapreduce-client-common.jar (1788ms)
[2024-11-12T09:10:31.230+0000] {spark_submit.py:495} INFO - :: resolution report :: resolve 65727ms :: artifacts dl 683177ms
[2024-11-12T09:10:31.231+0000] {spark_submit.py:495} INFO - :: modules in use:
[2024-11-12T09:10:31.232+0000] {spark_submit.py:495} INFO - com.fasterxml.jackson.core#jackson-annotations;2.9.8 from central in [default]
[2024-11-12T09:10:31.233+0000] {spark_submit.py:495} INFO - com.fasterxml.jackson.core#jackson-core;2.9.8 from central in [default]
[2024-11-12T09:10:31.233+0000] {spark_submit.py:495} INFO - com.fasterxml.jackson.core#jackson-databind;2.9.8 from central in [default]
[2024-11-12T09:10:31.233+0000] {spark_submit.py:495} INFO - com.fasterxml.jackson.jaxrs#jackson-jaxrs-base;2.9.8 from central in [default]
[2024-11-12T09:10:31.233+0000] {spark_submit.py:495} INFO - com.fasterxml.jackson.jaxrs#jackson-jaxrs-json-provider;2.9.8 from central in [default]
[2024-11-12T09:10:31.233+0000] {spark_submit.py:495} INFO - com.fasterxml.jackson.module#jackson-module-jaxb-annotations;2.9.8 from central in [default]
[2024-11-12T09:10:31.233+0000] {spark_submit.py:495} INFO - com.fasterxml.woodstox#woodstox-core;5.0.3 from central in [default]
[2024-11-12T09:10:31.233+0000] {spark_submit.py:495} INFO - com.github.stephenc.jcip#jcip-annotations;1.0-1 from central in [default]
[2024-11-12T09:10:31.233+0000] {spark_submit.py:495} INFO - com.google.code.findbugs#jsr305;3.0.0 from central in [default]
[2024-11-12T09:10:31.233+0000] {spark_submit.py:495} INFO - com.google.code.gson#gson;2.2.4 from central in [default]
[2024-11-12T09:10:31.233+0000] {spark_submit.py:495} INFO - com.google.errorprone#error_prone_annotations;2.2.0 from central in [default]
[2024-11-12T09:10:31.234+0000] {spark_submit.py:495} INFO - com.google.guava#failureaccess;1.0 from central in [default]
[2024-11-12T09:10:31.234+0000] {spark_submit.py:495} INFO - com.google.guava#guava;27.0-jre from central in [default]
[2024-11-12T09:10:31.234+0000] {spark_submit.py:495} INFO - com.google.guava#listenablefuture;9999.0-empty-to-avoid-conflict-with-guava from central in [default]
[2024-11-12T09:10:31.234+0000] {spark_submit.py:495} INFO - com.google.j2objc#j2objc-annotations;1.1 from central in [default]
[2024-11-12T09:10:31.234+0000] {spark_submit.py:495} INFO - com.google.protobuf#protobuf-java;2.5.0 from central in [default]
[2024-11-12T09:10:31.234+0000] {spark_submit.py:495} INFO - com.google.re2j#re2j;1.1 from central in [default]
[2024-11-12T09:10:31.237+0000] {spark_submit.py:495} INFO - com.nimbusds#nimbus-jose-jwt;4.41.1 from central in [default]
[2024-11-12T09:10:31.238+0000] {spark_submit.py:495} INFO - com.squareup.okhttp#okhttp;2.7.5 from central in [default]
[2024-11-12T09:10:31.238+0000] {spark_submit.py:495} INFO - com.squareup.okio#okio;1.6.0 from central in [default]
[2024-11-12T09:10:31.238+0000] {spark_submit.py:495} INFO - com.sun.jersey#jersey-client;1.19 from central in [default]
[2024-11-12T09:10:31.238+0000] {spark_submit.py:495} INFO - com.sun.jersey#jersey-core;1.19 from central in [default]
[2024-11-12T09:10:31.239+0000] {spark_submit.py:495} INFO - com.sun.jersey#jersey-servlet;1.19 from central in [default]
[2024-11-12T09:10:31.239+0000] {spark_submit.py:495} INFO - com.thoughtworks.paranamer#paranamer;2.3 from central in [default]
[2024-11-12T09:10:31.239+0000] {spark_submit.py:495} INFO - commons-beanutils#commons-beanutils;1.9.3 from central in [default]
[2024-11-12T09:10:31.239+0000] {spark_submit.py:495} INFO - commons-cli#commons-cli;1.2 from central in [default]
[2024-11-12T09:10:31.239+0000] {spark_submit.py:495} INFO - commons-codec#commons-codec;1.11 from central in [default]
[2024-11-12T09:10:31.239+0000] {spark_submit.py:495} INFO - commons-collections#commons-collections;3.2.2 from central in [default]
[2024-11-12T09:10:31.240+0000] {spark_submit.py:495} INFO - commons-io#commons-io;2.5 from central in [default]
[2024-11-12T09:10:31.240+0000] {spark_submit.py:495} INFO - commons-logging#commons-logging;1.1.3 from central in [default]
[2024-11-12T09:10:31.240+0000] {spark_submit.py:495} INFO - commons-net#commons-net;3.6 from central in [default]
[2024-11-12T09:10:31.241+0000] {spark_submit.py:495} INFO - dnsjava#dnsjava;2.1.7 from central in [default]
[2024-11-12T09:10:31.242+0000] {spark_submit.py:495} INFO - javax.servlet#javax.servlet-api;3.1.0 from central in [default]
[2024-11-12T09:10:31.244+0000] {spark_submit.py:495} INFO - javax.servlet.jsp#jsp-api;2.1 from central in [default]
[2024-11-12T09:10:31.244+0000] {spark_submit.py:495} INFO - javax.ws.rs#jsr311-api;1.1.1 from central in [default]
[2024-11-12T09:10:31.244+0000] {spark_submit.py:495} INFO - javax.xml.bind#jaxb-api;2.2.11 from central in [default]
[2024-11-12T09:10:31.244+0000] {spark_submit.py:495} INFO - log4j#log4j;1.2.17 from central in [default]
[2024-11-12T09:10:31.244+0000] {spark_submit.py:495} INFO - net.minidev#accessors-smart;1.2 from central in [default]
[2024-11-12T09:10:31.244+0000] {spark_submit.py:495} INFO - net.minidev#json-smart;2.3 from central in [default]
[2024-11-12T09:10:31.245+0000] {spark_submit.py:495} INFO - org.apache.avro#avro;1.7.7 from central in [default]
[2024-11-12T09:10:31.245+0000] {spark_submit.py:495} INFO - org.apache.commons#commons-compress;1.18 from central in [default]
[2024-11-12T09:10:31.245+0000] {spark_submit.py:495} INFO - org.apache.commons#commons-configuration2;2.1.1 from central in [default]
[2024-11-12T09:10:31.246+0000] {spark_submit.py:495} INFO - org.apache.commons#commons-lang3;3.7 from central in [default]
[2024-11-12T09:10:31.246+0000] {spark_submit.py:495} INFO - org.apache.commons#commons-math3;3.1.1 from central in [default]
[2024-11-12T09:10:31.246+0000] {spark_submit.py:495} INFO - org.apache.commons#commons-pool2;2.11.1 from central in [default]
[2024-11-12T09:10:31.246+0000] {spark_submit.py:495} INFO - org.apache.commons#commons-text;1.4 from central in [default]
[2024-11-12T09:10:31.252+0000] {spark_submit.py:495} INFO - org.apache.curator#curator-client;2.13.0 from central in [default]
[2024-11-12T09:10:31.253+0000] {spark_submit.py:495} INFO - org.apache.curator#curator-framework;2.13.0 from central in [default]
[2024-11-12T09:10:31.253+0000] {spark_submit.py:495} INFO - org.apache.curator#curator-recipes;2.13.0 from central in [default]
[2024-11-12T09:10:31.254+0000] {spark_submit.py:495} INFO - org.apache.hadoop#hadoop-annotations;3.2.1 from central in [default]
[2024-11-12T09:10:31.254+0000] {spark_submit.py:495} INFO - org.apache.hadoop#hadoop-auth;3.2.1 from central in [default]
[2024-11-12T09:10:31.254+0000] {spark_submit.py:495} INFO - org.apache.hadoop#hadoop-client;3.2.1 from central in [default]
[2024-11-12T09:10:31.254+0000] {spark_submit.py:495} INFO - org.apache.hadoop#hadoop-client-api;3.3.4 from central in [default]
[2024-11-12T09:10:31.254+0000] {spark_submit.py:495} INFO - org.apache.hadoop#hadoop-client-runtime;3.3.4 from central in [default]
[2024-11-12T09:10:31.254+0000] {spark_submit.py:495} INFO - org.apache.hadoop#hadoop-common;3.2.1 from central in [default]
[2024-11-12T09:10:31.254+0000] {spark_submit.py:495} INFO - org.apache.hadoop#hadoop-hdfs-client;3.2.1 from central in [default]
[2024-11-12T09:10:31.254+0000] {spark_submit.py:495} INFO - org.apache.hadoop#hadoop-mapreduce-client-common;3.2.1 from central in [default]
[2024-11-12T09:10:31.255+0000] {spark_submit.py:495} INFO - org.apache.hadoop#hadoop-mapreduce-client-core;3.2.1 from central in [default]
[2024-11-12T09:10:31.255+0000] {spark_submit.py:495} INFO - org.apache.hadoop#hadoop-mapreduce-client-jobclient;3.2.1 from central in [default]
[2024-11-12T09:10:31.255+0000] {spark_submit.py:495} INFO - org.apache.hadoop#hadoop-yarn-api;3.2.1 from central in [default]
[2024-11-12T09:10:31.255+0000] {spark_submit.py:495} INFO - org.apache.hadoop#hadoop-yarn-client;3.2.1 from central in [default]
[2024-11-12T09:10:31.255+0000] {spark_submit.py:495} INFO - org.apache.hadoop#hadoop-yarn-common;3.2.1 from central in [default]
[2024-11-12T09:10:31.255+0000] {spark_submit.py:495} INFO - org.apache.htrace#htrace-core4;4.1.0-incubating from central in [default]
[2024-11-12T09:10:31.255+0000] {spark_submit.py:495} INFO - org.apache.httpcomponents#httpclient;4.5.6 from central in [default]
[2024-11-12T09:10:31.255+0000] {spark_submit.py:495} INFO - org.apache.httpcomponents#httpcore;4.4.10 from central in [default]
[2024-11-12T09:10:31.255+0000] {spark_submit.py:495} INFO - org.apache.kafka#kafka-clients;3.3.2 from central in [default]
[2024-11-12T09:10:31.255+0000] {spark_submit.py:495} INFO - org.apache.kerby#kerb-admin;1.0.1 from central in [default]
[2024-11-12T09:10:31.256+0000] {spark_submit.py:495} INFO - org.apache.kerby#kerb-client;1.0.1 from central in [default]
[2024-11-12T09:10:31.256+0000] {spark_submit.py:495} INFO - org.apache.kerby#kerb-common;1.0.1 from central in [default]
[2024-11-12T09:10:31.256+0000] {spark_submit.py:495} INFO - org.apache.kerby#kerb-core;1.0.1 from central in [default]
[2024-11-12T09:10:31.256+0000] {spark_submit.py:495} INFO - org.apache.kerby#kerb-crypto;1.0.1 from central in [default]
[2024-11-12T09:10:31.256+0000] {spark_submit.py:495} INFO - org.apache.kerby#kerb-identity;1.0.1 from central in [default]
[2024-11-12T09:10:31.256+0000] {spark_submit.py:495} INFO - org.apache.kerby#kerb-server;1.0.1 from central in [default]
[2024-11-12T09:10:31.256+0000] {spark_submit.py:495} INFO - org.apache.kerby#kerb-simplekdc;1.0.1 from central in [default]
[2024-11-12T09:10:31.256+0000] {spark_submit.py:495} INFO - org.apache.kerby#kerb-util;1.0.1 from central in [default]
[2024-11-12T09:10:31.256+0000] {spark_submit.py:495} INFO - org.apache.kerby#kerby-asn1;1.0.1 from central in [default]
[2024-11-12T09:10:31.257+0000] {spark_submit.py:495} INFO - org.apache.kerby#kerby-config;1.0.1 from central in [default]
[2024-11-12T09:10:31.257+0000] {spark_submit.py:495} INFO - org.apache.kerby#kerby-pkix;1.0.1 from central in [default]
[2024-11-12T09:10:31.257+0000] {spark_submit.py:495} INFO - org.apache.kerby#kerby-util;1.0.1 from central in [default]
[2024-11-12T09:10:31.257+0000] {spark_submit.py:495} INFO - org.apache.kerby#kerby-xdr;1.0.1 from central in [default]
[2024-11-12T09:10:31.257+0000] {spark_submit.py:495} INFO - org.apache.kerby#token-provider;1.0.1 from central in [default]
[2024-11-12T09:10:31.257+0000] {spark_submit.py:495} INFO - org.apache.spark#spark-sql-kafka-0-10_2.12;3.4.2 from central in [default]
[2024-11-12T09:10:31.257+0000] {spark_submit.py:495} INFO - org.apache.spark#spark-streaming-kafka-0-10_2.12;3.4.2 from central in [default]
[2024-11-12T09:10:31.257+0000] {spark_submit.py:495} INFO - org.apache.spark#spark-token-provider-kafka-0-10_2.12;3.4.2 from central in [default]
[2024-11-12T09:10:31.257+0000] {spark_submit.py:495} INFO - org.checkerframework#checker-qual;2.5.2 from central in [default]
[2024-11-12T09:10:31.259+0000] {spark_submit.py:495} INFO - org.codehaus.jackson#jackson-core-asl;1.9.13 from central in [default]
[2024-11-12T09:10:31.259+0000] {spark_submit.py:495} INFO - org.codehaus.jackson#jackson-mapper-asl;1.9.13 from central in [default]
[2024-11-12T09:10:31.260+0000] {spark_submit.py:495} INFO - org.codehaus.mojo#animal-sniffer-annotations;1.17 from central in [default]
[2024-11-12T09:10:31.261+0000] {spark_submit.py:495} INFO - org.codehaus.woodstox#stax2-api;3.1.4 from central in [default]
[2024-11-12T09:10:31.261+0000] {spark_submit.py:495} INFO - org.eclipse.jetty#jetty-security;9.3.24.v20180605 from central in [default]
[2024-11-12T09:10:31.261+0000] {spark_submit.py:495} INFO - org.eclipse.jetty#jetty-servlet;9.3.24.v20180605 from central in [default]
[2024-11-12T09:10:31.261+0000] {spark_submit.py:495} INFO - org.eclipse.jetty#jetty-util;9.3.24.v20180605 from central in [default]
[2024-11-12T09:10:31.261+0000] {spark_submit.py:495} INFO - org.eclipse.jetty#jetty-webapp;9.3.24.v20180605 from central in [default]
[2024-11-12T09:10:31.261+0000] {spark_submit.py:495} INFO - org.eclipse.jetty#jetty-xml;9.3.24.v20180605 from central in [default]
[2024-11-12T09:10:31.262+0000] {spark_submit.py:495} INFO - org.lz4#lz4-java;1.8.0 from central in [default]
[2024-11-12T09:10:31.262+0000] {spark_submit.py:495} INFO - org.ow2.asm#asm;5.0.4 from central in [default]
[2024-11-12T09:10:31.262+0000] {spark_submit.py:495} INFO - org.slf4j#slf4j-api;2.0.6 from central in [default]
[2024-11-12T09:10:31.262+0000] {spark_submit.py:495} INFO - org.xerial.snappy#snappy-java;1.1.10.3 from central in [default]
[2024-11-12T09:10:31.263+0000] {spark_submit.py:495} INFO - :: evicted modules:
[2024-11-12T09:10:31.264+0000] {spark_submit.py:495} INFO - org.slf4j#slf4j-api;1.7.25 by [org.slf4j#slf4j-api;2.0.6] in [default]
[2024-11-12T09:10:31.265+0000] {spark_submit.py:495} INFO - org.xerial.snappy#snappy-java;1.0.5 by [org.xerial.snappy#snappy-java;1.1.10.3] in [default]
[2024-11-12T09:10:31.265+0000] {spark_submit.py:495} INFO - ---------------------------------------------------------------------
[2024-11-12T09:10:31.266+0000] {spark_submit.py:495} INFO - |                  |            modules            ||   artifacts   |
[2024-11-12T09:10:31.266+0000] {spark_submit.py:495} INFO - |       conf       | number| search|dwnlded|evicted|| number|dwnlded|
[2024-11-12T09:10:31.266+0000] {spark_submit.py:495} INFO - ---------------------------------------------------------------------
[2024-11-12T09:10:31.266+0000] {spark_submit.py:495} INFO - |      default     |  100  |   17  |   17  |   2   ||   98  |   96  |
[2024-11-12T09:10:31.267+0000] {spark_submit.py:495} INFO - ---------------------------------------------------------------------
[2024-11-12T09:10:31.277+0000] {spark_submit.py:495} INFO - 
[2024-11-12T09:10:31.278+0000] {spark_submit.py:495} INFO - :: problems summary ::
[2024-11-12T09:10:31.279+0000] {spark_submit.py:495} INFO - :::: WARNINGS
[2024-11-12T09:10:31.280+0000] {spark_submit.py:495} INFO - [FAILED     ] org.apache.httpcomponents#httpclient;4.5.6!httpclient.jar: Connection reset (4570ms)
[2024-11-12T09:10:31.282+0000] {spark_submit.py:495} INFO - 
[2024-11-12T09:10:31.282+0000] {spark_submit.py:495} INFO - [FAILED     ] org.apache.httpcomponents#httpclient;4.5.6!httpclient.jar: Connection reset (4570ms)
[2024-11-12T09:10:31.282+0000] {spark_submit.py:495} INFO - 
[2024-11-12T09:10:31.283+0000] {spark_submit.py:495} INFO - ==== central: tried
[2024-11-12T09:10:31.283+0000] {spark_submit.py:495} INFO - 
[2024-11-12T09:10:31.283+0000] {spark_submit.py:495} INFO - https://repo1.maven.org/maven2/org/apache/httpcomponents/httpclient/4.5.6/httpclient-4.5.6.jar
[2024-11-12T09:10:31.283+0000] {spark_submit.py:495} INFO - 
[2024-11-12T09:10:31.283+0000] {spark_submit.py:495} INFO - [FAILED     ] org.eclipse.jetty#jetty-webapp;9.3.24.v20180605!jetty-webapp.jar: Connection reset (3827ms)
[2024-11-12T09:10:31.283+0000] {spark_submit.py:495} INFO - 
[2024-11-12T09:10:31.283+0000] {spark_submit.py:495} INFO - [FAILED     ] org.eclipse.jetty#jetty-webapp;9.3.24.v20180605!jetty-webapp.jar: Connection reset (3827ms)
[2024-11-12T09:10:31.284+0000] {spark_submit.py:495} INFO - 
[2024-11-12T09:10:31.285+0000] {spark_submit.py:495} INFO - ==== central: tried
[2024-11-12T09:10:31.285+0000] {spark_submit.py:495} INFO - 
[2024-11-12T09:10:31.285+0000] {spark_submit.py:495} INFO - https://repo1.maven.org/maven2/org/eclipse/jetty/jetty-webapp/9.3.24.v20180605/jetty-webapp-9.3.24.v20180605.jar
[2024-11-12T09:10:31.285+0000] {spark_submit.py:495} INFO - 
[2024-11-12T09:10:31.292+0000] {spark_submit.py:495} INFO - ::::::::::::::::::::::::::::::::::::::::::::::
[2024-11-12T09:10:31.294+0000] {spark_submit.py:495} INFO - 
[2024-11-12T09:10:31.294+0000] {spark_submit.py:495} INFO - ::              FAILED DOWNLOADS            ::
[2024-11-12T09:10:31.294+0000] {spark_submit.py:495} INFO - 
[2024-11-12T09:10:31.294+0000] {spark_submit.py:495} INFO - :: ^ see resolution messages for details  ^ ::
[2024-11-12T09:10:31.294+0000] {spark_submit.py:495} INFO - 
[2024-11-12T09:10:31.294+0000] {spark_submit.py:495} INFO - ::::::::::::::::::::::::::::::::::::::::::::::
[2024-11-12T09:10:31.294+0000] {spark_submit.py:495} INFO - 
[2024-11-12T09:10:31.295+0000] {spark_submit.py:495} INFO - :: org.apache.httpcomponents#httpclient;4.5.6!httpclient.jar
[2024-11-12T09:10:31.295+0000] {spark_submit.py:495} INFO - 
[2024-11-12T09:10:31.295+0000] {spark_submit.py:495} INFO - :: org.eclipse.jetty#jetty-webapp;9.3.24.v20180605!jetty-webapp.jar
[2024-11-12T09:10:31.296+0000] {spark_submit.py:495} INFO - 
[2024-11-12T09:10:31.296+0000] {spark_submit.py:495} INFO - ::::::::::::::::::::::::::::::::::::::::::::::
[2024-11-12T09:10:31.296+0000] {spark_submit.py:495} INFO - 
[2024-11-12T09:10:31.296+0000] {spark_submit.py:495} INFO - 
[2024-11-12T09:10:31.296+0000] {spark_submit.py:495} INFO - 
[2024-11-12T09:10:31.296+0000] {spark_submit.py:495} INFO - :: USE VERBOSE OR DEBUG MESSAGE LEVEL FOR MORE DETAILS
[2024-11-12T09:10:31.296+0000] {spark_submit.py:495} INFO - Exception in thread "main" java.lang.RuntimeException: [download failed: org.apache.httpcomponents#httpclient;4.5.6!httpclient.jar, download failed: org.eclipse.jetty#jetty-webapp;9.3.24.v20180605!jetty-webapp.jar]
[2024-11-12T09:10:31.296+0000] {spark_submit.py:495} INFO - at org.apache.spark.deploy.SparkSubmitUtils$.resolveMavenCoordinates(SparkSubmit.scala:1528)
[2024-11-12T09:10:31.297+0000] {spark_submit.py:495} INFO - at org.apache.spark.util.DependencyUtils$.resolveMavenDependencies(DependencyUtils.scala:185)
[2024-11-12T09:10:31.297+0000] {spark_submit.py:495} INFO - at org.apache.spark.deploy.SparkSubmit.prepareSubmitEnvironment(SparkSubmit.scala:332)
[2024-11-12T09:10:31.297+0000] {spark_submit.py:495} INFO - at org.apache.spark.deploy.SparkSubmit.org$apache$spark$deploy$SparkSubmit$$runMain(SparkSubmit.scala:955)
[2024-11-12T09:10:31.297+0000] {spark_submit.py:495} INFO - at org.apache.spark.deploy.SparkSubmit.doRunMain$1(SparkSubmit.scala:192)
[2024-11-12T09:10:31.297+0000] {spark_submit.py:495} INFO - at org.apache.spark.deploy.SparkSubmit.submit(SparkSubmit.scala:215)
[2024-11-12T09:10:31.297+0000] {spark_submit.py:495} INFO - at org.apache.spark.deploy.SparkSubmit.doSubmit(SparkSubmit.scala:91)
[2024-11-12T09:10:31.297+0000] {spark_submit.py:495} INFO - at org.apache.spark.deploy.SparkSubmit$$anon$2.doSubmit(SparkSubmit.scala:1111)
[2024-11-12T09:10:31.297+0000] {spark_submit.py:495} INFO - at org.apache.spark.deploy.SparkSubmit$.main(SparkSubmit.scala:1120)
[2024-11-12T09:10:31.298+0000] {spark_submit.py:495} INFO - at org.apache.spark.deploy.SparkSubmit.main(SparkSubmit.scala)
[2024-11-12T09:10:31.359+0000] {taskinstance.py:441} INFO - ::group::Post task execution logs
[2024-11-12T09:10:31.394+0000] {taskinstance.py:2905} ERROR - Task failed with exception
Traceback (most recent call last):
  File "/home/airflow/.local/lib/python3.11/site-packages/airflow/models/taskinstance.py", line 465, in _execute_task
    result = _execute_callable(context=context, **execute_callable_kwargs)
             ^^^^^^^^^^^^^^^^^^^^^^^^^^^^^^^^^^^^^^^^^^^^^^^^^^^^^^^^^^^^^
  File "/home/airflow/.local/lib/python3.11/site-packages/airflow/models/taskinstance.py", line 432, in _execute_callable
    return execute_callable(context=context, **execute_callable_kwargs)
           ^^^^^^^^^^^^^^^^^^^^^^^^^^^^^^^^^^^^^^^^^^^^^^^^^^^^^^^^^^^^
  File "/home/airflow/.local/lib/python3.11/site-packages/airflow/models/baseoperator.py", line 401, in wrapper
    return func(self, *args, **kwargs)
           ^^^^^^^^^^^^^^^^^^^^^^^^^^^
  File "/home/airflow/.local/lib/python3.11/site-packages/airflow/providers/apache/spark/operators/spark_submit.py", line 157, in execute
    self._hook.submit(self._application)
  File "/home/airflow/.local/lib/python3.11/site-packages/airflow/providers/apache/spark/hooks/spark_submit.py", line 426, in submit
    raise AirflowException(
airflow.exceptions.AirflowException: Cannot execute: spark-submit --master spark://spark-master:7077 --packages org.apache.spark:spark-streaming-kafka-0-10_2.12:3.4.2,org.apache.spark:spark-sql-kafka-0-10_2.12:3.4.2,org.apache.hadoop:hadoop-client:3.2.1 --name KafkaSparkHDFS /opt/***/dags/spark_streaming_job.py. Error code is: 1.
[2024-11-12T09:10:31.412+0000] {taskinstance.py:1206} INFO - Marking task as FAILED. dag_id=sensor_data_consumer, task_id=sensor_data_consumer, run_id=manual__2024-11-12T08:57:56.493307+00:00, execution_date=20241112T085756, start_date=20241112T085800, end_date=20241112T091031
[2024-11-12T09:10:31.470+0000] {standard_task_runner.py:110} ERROR - Failed to execute job 542 for task sensor_data_consumer (Cannot execute: spark-submit --master spark://spark-master:7077 --packages org.apache.spark:spark-streaming-kafka-0-10_2.12:3.4.2,org.apache.spark:spark-sql-kafka-0-10_2.12:3.4.2,org.apache.hadoop:hadoop-client:3.2.1 --name KafkaSparkHDFS /opt/***/dags/spark_streaming_job.py. Error code is: 1.; 770)
[2024-11-12T09:10:31.524+0000] {local_task_job_runner.py:243} INFO - Task exited with return code 1
[2024-11-12T09:10:31.665+0000] {taskinstance.py:3503} INFO - 0 downstream tasks scheduled from follow-on schedule check
[2024-11-12T09:10:31.688+0000] {local_task_job_runner.py:222} INFO - ::endgroup::
