[2024-11-03T16:43:00.407+0000] {local_task_job_runner.py:120} INFO - ::group::Pre task execution logs
[2024-11-03T16:43:00.615+0000] {taskinstance.py:2076} INFO - Dependencies all met for dep_context=non-requeueable deps ti=<TaskInstance: sensor_data_consumer.sensor_data_consumer manual__2024-11-03T16:42:46.997390+00:00 [queued]>
[2024-11-03T16:43:00.647+0000] {taskinstance.py:2076} INFO - Dependencies all met for dep_context=requeueable deps ti=<TaskInstance: sensor_data_consumer.sensor_data_consumer manual__2024-11-03T16:42:46.997390+00:00 [queued]>
[2024-11-03T16:43:00.648+0000] {taskinstance.py:2306} INFO - Starting attempt 1 of 1
[2024-11-03T16:43:00.679+0000] {taskinstance.py:2330} INFO - Executing <Task(SparkSubmitOperator): sensor_data_consumer> on 2024-11-03 16:42:46.997390+00:00
[2024-11-03T16:43:00.706+0000] {standard_task_runner.py:64} INFO - Started process 800 to run task
[2024-11-03T16:43:00.757+0000] {standard_task_runner.py:90} INFO - Running: ['***', 'tasks', 'run', 'sensor_data_consumer', 'sensor_data_consumer', 'manual__2024-11-03T16:42:46.997390+00:00', '--job-id', '635', '--raw', '--subdir', 'DAGS_FOLDER/***_consumer.py', '--cfg-path', '/tmp/tmpvuyct7h3']
[2024-11-03T16:43:00.782+0000] {standard_task_runner.py:91} INFO - Job 635: Subtask sensor_data_consumer
[2024-11-03T16:43:01.872+0000] {task_command.py:426} INFO - Running <TaskInstance: sensor_data_consumer.sensor_data_consumer manual__2024-11-03T16:42:46.997390+00:00 [running]> on host 103054e6fa6f
[2024-11-03T16:43:02.852+0000] {taskinstance.py:2648} INFO - Exporting env vars: AIRFLOW_CTX_DAG_OWNER='Bich Ly' AIRFLOW_CTX_DAG_ID='sensor_data_consumer' AIRFLOW_CTX_TASK_ID='sensor_data_consumer' AIRFLOW_CTX_EXECUTION_DATE='2024-11-03T16:42:46.997390+00:00' AIRFLOW_CTX_TRY_NUMBER='1' AIRFLOW_CTX_DAG_RUN_ID='manual__2024-11-03T16:42:46.997390+00:00'
[2024-11-03T16:43:02.859+0000] {taskinstance.py:430} INFO - ::endgroup::
[2024-11-03T16:43:02.942+0000] {spark_submit.py:222} INFO - Could not load connection string spark_default, defaulting to yarn
[2024-11-03T16:43:02.944+0000] {spark_submit.py:344} INFO - Spark-Submit cmd: spark-submit --master yarn --conf spark.yarn.appMasterEnv.HADOOP_CONF_DIR=/opt/hadoop-3.2.1/etc/hadoop --packages org.apache.spark:spark-streaming-kafka-0-10_2.12:3.4.2,org.apache.spark:spark-sql-kafka-0-10_2.12:3.4.2 --name KafkaSparkHDFS /opt/***/dags/spark_streaming_job.py
[2024-11-03T16:43:27.900+0000] {spark_submit.py:495} INFO - :: loading settings :: url = jar:file:/home/***/.local/lib/python3.11/site-packages/pyspark/jars/ivy-2.5.1.jar!/org/apache/ivy/core/settings/ivysettings.xml
[2024-11-03T16:43:28.489+0000] {spark_submit.py:495} INFO - Ivy Default Cache set to: /home/***/.ivy2/cache
[2024-11-03T16:43:28.490+0000] {spark_submit.py:495} INFO - The jars for the packages stored in: /home/***/.ivy2/jars
[2024-11-03T16:43:28.506+0000] {spark_submit.py:495} INFO - org.apache.spark#spark-streaming-kafka-0-10_2.12 added as a dependency
[2024-11-03T16:43:28.512+0000] {spark_submit.py:495} INFO - org.apache.spark#spark-sql-kafka-0-10_2.12 added as a dependency
[2024-11-03T16:43:28.515+0000] {spark_submit.py:495} INFO - :: resolving dependencies :: org.apache.spark#spark-submit-parent-4e358e77-d98a-4e18-a3cd-e694398e2a95;1.0
[2024-11-03T16:43:28.516+0000] {spark_submit.py:495} INFO - confs: [default]
[2024-11-03T16:43:30.587+0000] {spark_submit.py:495} INFO - found org.apache.spark#spark-streaming-kafka-0-10_2.12;3.4.2 in central
[2024-11-03T16:43:31.396+0000] {spark_submit.py:495} INFO - found org.apache.spark#spark-token-provider-kafka-0-10_2.12;3.4.2 in central
[2024-11-03T16:43:31.934+0000] {spark_submit.py:495} INFO - found org.apache.kafka#kafka-clients;3.3.2 in central
[2024-11-03T16:43:32.252+0000] {spark_submit.py:495} INFO - found org.lz4#lz4-java;1.8.0 in central
[2024-11-03T16:43:32.704+0000] {spark_submit.py:495} INFO - found org.xerial.snappy#snappy-java;1.1.10.3 in central
[2024-11-03T16:43:32.901+0000] {spark_submit.py:495} INFO - found org.slf4j#slf4j-api;2.0.6 in central
[2024-11-03T16:43:33.728+0000] {spark_submit.py:495} INFO - found org.apache.hadoop#hadoop-client-runtime;3.3.4 in central
[2024-11-03T16:43:34.334+0000] {spark_submit.py:495} INFO - found org.apache.hadoop#hadoop-client-api;3.3.4 in central
[2024-11-03T16:43:35.156+0000] {spark_submit.py:495} INFO - found commons-logging#commons-logging;1.1.3 in central
[2024-11-03T16:43:36.438+0000] {spark_submit.py:495} INFO - found com.google.code.findbugs#jsr305;3.0.0 in central
[2024-11-03T16:43:38.108+0000] {spark_submit.py:495} INFO - found org.apache.spark#spark-sql-kafka-0-10_2.12;3.4.2 in central
[2024-11-03T16:43:38.896+0000] {spark_submit.py:495} INFO - found org.apache.commons#commons-pool2;2.11.1 in central
[2024-11-03T16:43:39.481+0000] {spark_submit.py:495} INFO - :: resolution report :: resolve 10846ms :: artifacts dl 121ms
[2024-11-03T16:43:39.502+0000] {spark_submit.py:495} INFO - :: modules in use:
[2024-11-03T16:43:39.615+0000] {spark_submit.py:495} INFO - com.google.code.findbugs#jsr305;3.0.0 from central in [default]
[2024-11-03T16:43:39.625+0000] {spark_submit.py:495} INFO - commons-logging#commons-logging;1.1.3 from central in [default]
[2024-11-03T16:43:39.628+0000] {spark_submit.py:495} INFO - org.apache.commons#commons-pool2;2.11.1 from central in [default]
[2024-11-03T16:43:39.632+0000] {spark_submit.py:495} INFO - org.apache.hadoop#hadoop-client-api;3.3.4 from central in [default]
[2024-11-03T16:43:39.632+0000] {spark_submit.py:495} INFO - org.apache.hadoop#hadoop-client-runtime;3.3.4 from central in [default]
[2024-11-03T16:43:39.637+0000] {spark_submit.py:495} INFO - org.apache.kafka#kafka-clients;3.3.2 from central in [default]
[2024-11-03T16:43:39.638+0000] {spark_submit.py:495} INFO - org.apache.spark#spark-sql-kafka-0-10_2.12;3.4.2 from central in [default]
[2024-11-03T16:43:39.638+0000] {spark_submit.py:495} INFO - org.apache.spark#spark-streaming-kafka-0-10_2.12;3.4.2 from central in [default]
[2024-11-03T16:43:39.639+0000] {spark_submit.py:495} INFO - org.apache.spark#spark-token-provider-kafka-0-10_2.12;3.4.2 from central in [default]
[2024-11-03T16:43:39.639+0000] {spark_submit.py:495} INFO - org.lz4#lz4-java;1.8.0 from central in [default]
[2024-11-03T16:43:39.639+0000] {spark_submit.py:495} INFO - org.slf4j#slf4j-api;2.0.6 from central in [default]
[2024-11-03T16:43:39.640+0000] {spark_submit.py:495} INFO - org.xerial.snappy#snappy-java;1.1.10.3 from central in [default]
[2024-11-03T16:43:39.640+0000] {spark_submit.py:495} INFO - ---------------------------------------------------------------------
[2024-11-03T16:43:39.640+0000] {spark_submit.py:495} INFO - |                  |            modules            ||   artifacts   |
[2024-11-03T16:43:39.640+0000] {spark_submit.py:495} INFO - |       conf       | number| search|dwnlded|evicted|| number|dwnlded|
[2024-11-03T16:43:39.640+0000] {spark_submit.py:495} INFO - ---------------------------------------------------------------------
[2024-11-03T16:43:39.641+0000] {spark_submit.py:495} INFO - |      default     |   12  |   0   |   0   |   0   ||   12  |   0   |
[2024-11-03T16:43:39.641+0000] {spark_submit.py:495} INFO - ---------------------------------------------------------------------
[2024-11-03T16:43:39.642+0000] {spark_submit.py:495} INFO - :: retrieving :: org.apache.spark#spark-submit-parent-4e358e77-d98a-4e18-a3cd-e694398e2a95
[2024-11-03T16:43:39.642+0000] {spark_submit.py:495} INFO - confs: [default]
[2024-11-03T16:43:39.769+0000] {spark_submit.py:495} INFO - 0 artifacts copied, 12 already retrieved (0kB/119ms)
[2024-11-03T16:43:42.967+0000] {spark_submit.py:495} INFO - 24/11/03 16:43:42 WARN NativeCodeLoader: Unable to load native-hadoop library for your platform... using builtin-java classes where applicable
[2024-11-03T16:44:00.116+0000] {spark_submit.py:495} INFO - 24/11/03 16:43:59 INFO SparkContext: Running Spark version 3.4.2
[2024-11-03T16:44:02.167+0000] {spark_submit.py:495} INFO - 24/11/03 16:44:01 INFO ResourceUtils: ==============================================================
[2024-11-03T16:44:02.168+0000] {spark_submit.py:495} INFO - 24/11/03 16:44:02 INFO ResourceUtils: No custom resources configured for spark.driver.
[2024-11-03T16:44:02.466+0000] {spark_submit.py:495} INFO - 24/11/03 16:44:02 INFO ResourceUtils: ==============================================================
[2024-11-03T16:44:02.573+0000] {spark_submit.py:495} INFO - 24/11/03 16:44:02 INFO SparkContext: Submitted application: KafkaSparkStreaming
[2024-11-03T16:44:03.571+0000] {spark_submit.py:495} INFO - 24/11/03 16:44:03 INFO ResourceProfile: Default ResourceProfile created, executor resources: Map(memory -> name: memory, amount: 1024, script: , vendor: , offHeap -> name: offHeap, amount: 0, script: , vendor: ), task resources: Map(cpus -> name: cpus, amount: 1.0)
[2024-11-03T16:44:03.846+0000] {spark_submit.py:495} INFO - 24/11/03 16:44:03 INFO ResourceProfile: Limiting resource is cpu
[2024-11-03T16:44:03.900+0000] {spark_submit.py:495} INFO - 24/11/03 16:44:03 INFO ResourceProfileManager: Added ResourceProfile id: 0
[2024-11-03T16:44:04.956+0000] {spark_submit.py:495} INFO - 24/11/03 16:44:04 INFO SecurityManager: Changing view acls to: ***
[2024-11-03T16:44:05.054+0000] {spark_submit.py:495} INFO - 24/11/03 16:44:04 INFO SecurityManager: Changing modify acls to: ***
[2024-11-03T16:44:05.081+0000] {spark_submit.py:495} INFO - 24/11/03 16:44:05 INFO SecurityManager: Changing view acls groups to:
[2024-11-03T16:44:05.125+0000] {spark_submit.py:495} INFO - 24/11/03 16:44:05 INFO SecurityManager: Changing modify acls groups to:
[2024-11-03T16:44:05.126+0000] {spark_submit.py:495} INFO - 24/11/03 16:44:05 INFO SecurityManager: SecurityManager: authentication disabled; ui acls disabled; users with view permissions: ***; groups with view permissions: EMPTY; users with modify permissions: ***; groups with modify permissions: EMPTY
[2024-11-03T16:44:08.286+0000] {spark_submit.py:495} INFO - 24/11/03 16:44:08 INFO Utils: Successfully started service 'sparkDriver' on port 38361.
[2024-11-03T16:44:08.741+0000] {spark_submit.py:495} INFO - 24/11/03 16:44:08 INFO SparkEnv: Registering MapOutputTracker
[2024-11-03T16:44:09.526+0000] {spark_submit.py:495} INFO - 24/11/03 16:44:09 INFO SparkEnv: Registering BlockManagerMaster
[2024-11-03T16:44:09.550+0000] {spark_submit.py:495} INFO - 24/11/03 16:44:09 INFO BlockManagerMasterEndpoint: Using org.apache.spark.storage.DefaultTopologyMapper for getting topology information
[2024-11-03T16:44:09.551+0000] {spark_submit.py:495} INFO - 24/11/03 16:44:09 INFO BlockManagerMasterEndpoint: BlockManagerMasterEndpoint up
[2024-11-03T16:44:09.659+0000] {spark_submit.py:495} INFO - 24/11/03 16:44:09 INFO SparkEnv: Registering BlockManagerMasterHeartbeat
[2024-11-03T16:44:09.769+0000] {spark_submit.py:495} INFO - 24/11/03 16:44:09 INFO DiskBlockManager: Created local directory at /tmp/blockmgr-51a86bca-a032-488a-a52d-cb61d19fba4b
[2024-11-03T16:44:09.868+0000] {spark_submit.py:495} INFO - 24/11/03 16:44:09 INFO MemoryStore: MemoryStore started with capacity 434.4 MiB
[2024-11-03T16:44:10.037+0000] {spark_submit.py:495} INFO - 24/11/03 16:44:10 INFO SparkEnv: Registering OutputCommitCoordinator
[2024-11-03T16:44:11.389+0000] {spark_submit.py:495} INFO - 24/11/03 16:44:11 INFO JettyUtils: Start Jetty 0.0.0.0:4040 for SparkUI
[2024-11-03T16:44:12.342+0000] {spark_submit.py:495} INFO - 24/11/03 16:44:12 INFO Utils: Successfully started service 'SparkUI' on port 4040.
[2024-11-03T16:44:13.880+0000] {spark_submit.py:495} INFO - 24/11/03 16:44:13 INFO StandaloneAppClient$ClientEndpoint: Connecting to master spark://spark-master:7077...
[2024-11-03T16:44:14.884+0000] {spark_submit.py:495} INFO - 24/11/03 16:44:14 INFO TransportClientFactory: Successfully created connection to spark-master/172.20.0.2:7077 after 489 ms (0 ms spent in bootstraps)
[2024-11-03T16:44:16.746+0000] {spark_submit.py:495} INFO - 24/11/03 16:44:16 INFO StandaloneSchedulerBackend: Connected to Spark cluster with app ID app-20241103164416-0001
[2024-11-03T16:44:16.870+0000] {spark_submit.py:495} INFO - 24/11/03 16:44:16 INFO StandaloneAppClient$ClientEndpoint: Executor added: app-20241103164416-0001/0 on worker-20241103162801-172.20.0.7-33453 (172.20.0.7:33453) with 1 core(s)
[2024-11-03T16:44:16.979+0000] {spark_submit.py:495} INFO - 24/11/03 16:44:16 INFO Utils: Successfully started service 'org.apache.spark.network.netty.NettyBlockTransferService' on port 40337.
[2024-11-03T16:44:17.031+0000] {spark_submit.py:495} INFO - 24/11/03 16:44:16 INFO NettyBlockTransferService: Server created on 103054e6fa6f:40337
[2024-11-03T16:44:17.040+0000] {spark_submit.py:495} INFO - 24/11/03 16:44:16 INFO BlockManager: Using org.apache.spark.storage.RandomBlockReplicationPolicy for block replication policy
[2024-11-03T16:44:17.040+0000] {spark_submit.py:495} INFO - 24/11/03 16:44:17 INFO StandaloneSchedulerBackend: Granted executor ID app-20241103164416-0001/0 on hostPort 172.20.0.7:33453 with 1 core(s), 1024.0 MiB RAM
[2024-11-03T16:44:17.041+0000] {spark_submit.py:495} INFO - 24/11/03 16:44:17 INFO BlockManagerMaster: Registering BlockManager BlockManagerId(driver, 103054e6fa6f, 40337, None)
[2024-11-03T16:44:17.148+0000] {spark_submit.py:495} INFO - 24/11/03 16:44:17 INFO BlockManagerMasterEndpoint: Registering block manager 103054e6fa6f:40337 with 434.4 MiB RAM, BlockManagerId(driver, 103054e6fa6f, 40337, None)
[2024-11-03T16:44:17.233+0000] {spark_submit.py:495} INFO - 24/11/03 16:44:17 INFO BlockManagerMaster: Registered BlockManager BlockManagerId(driver, 103054e6fa6f, 40337, None)
[2024-11-03T16:44:17.263+0000] {spark_submit.py:495} INFO - 24/11/03 16:44:17 INFO BlockManager: Initialized BlockManager: BlockManagerId(driver, 103054e6fa6f, 40337, None)
[2024-11-03T16:44:18.568+0000] {spark_submit.py:495} INFO - 24/11/03 16:44:18 INFO StandaloneAppClient$ClientEndpoint: Executor updated: app-20241103164416-0001/0 is now RUNNING
[2024-11-03T16:44:20.201+0000] {spark_submit.py:495} INFO - 24/11/03 16:44:20 INFO StandaloneSchedulerBackend: SchedulerBackend is ready for scheduling beginning after reached minRegisteredResourcesRatio: 0.0
[2024-11-03T16:44:27.253+0000] {spark_submit.py:495} INFO - 24/11/03 16:44:27 INFO SharedState: Setting hive.metastore.warehouse.dir ('null') to the value of spark.sql.warehouse.dir.
[2024-11-03T16:44:27.373+0000] {spark_submit.py:495} INFO - 24/11/03 16:44:27 INFO SharedState: Warehouse path is 'file:/opt/***/spark-warehouse'.
[2024-11-03T16:45:08.785+0000] {spark_submit.py:495} INFO - 24/11/03 16:45:08 INFO StandaloneSchedulerBackend$StandaloneDriverEndpoint: Registered executor NettyRpcEndpointRef(spark-client://Executor) (172.20.0.7:53774) with ID 0,  ResourceProfileId 0
[2024-11-03T16:45:09.699+0000] {spark_submit.py:495} INFO - done
[2024-11-03T16:45:11.568+0000] {spark_submit.py:495} INFO - 24/11/03 16:45:11 INFO BlockManagerMasterEndpoint: Registering block manager 172.20.0.7:41959 with 434.4 MiB RAM, BlockManagerId(0, 172.20.0.7, 41959, None)
[2024-11-03T16:45:31.041+0000] {spark_submit.py:495} INFO - root
[2024-11-03T16:45:31.230+0000] {spark_submit.py:495} INFO - |-- sensor_id: integer (nullable = true)
[2024-11-03T16:45:31.230+0000] {spark_submit.py:495} INFO - |-- temperature: float (nullable = true)
[2024-11-03T16:45:31.231+0000] {spark_submit.py:495} INFO - |-- humidity: float (nullable = true)
[2024-11-03T16:45:31.231+0000] {spark_submit.py:495} INFO - |-- timestamp: string (nullable = true)
[2024-11-03T16:45:31.231+0000] {spark_submit.py:495} INFO - 
[2024-11-03T16:45:31.682+0000] {spark_submit.py:495} INFO - 24/11/03 16:45:31 INFO StateStoreCoordinatorRef: Registered StateStoreCoordinator endpoint
[2024-11-03T16:45:31.771+0000] {spark_submit.py:495} INFO - 24/11/03 16:45:31 WARN ResolveWriteToStream: Temporary checkpoint location created which is deleted normally when the query didn't fail: /tmp/temporary-65556ac5-9cb1-41a3-a064-84cad48052a0. If it's required to delete it under any circumstances, please set spark.sql.streaming.forceDeleteTempCheckpointLocation to true. Important to know deleting temp checkpoint folder is best effort.
[2024-11-03T16:45:32.227+0000] {spark_submit.py:495} INFO - 24/11/03 16:45:32 INFO ResolveWriteToStream: Checkpoint root /tmp/temporary-65556ac5-9cb1-41a3-a064-84cad48052a0 resolved to file:/tmp/temporary-65556ac5-9cb1-41a3-a064-84cad48052a0.
[2024-11-03T16:45:32.537+0000] {spark_submit.py:495} INFO - 24/11/03 16:45:32 WARN ResolveWriteToStream: spark.sql.adaptive.enabled is not supported in streaming DataFrames/Datasets and will be disabled.
[2024-11-03T16:45:35.139+0000] {spark_submit.py:495} INFO - 24/11/03 16:45:35 INFO CheckpointFileManager: Writing atomically to file:/tmp/temporary-65556ac5-9cb1-41a3-a064-84cad48052a0/metadata using temp file file:/tmp/temporary-65556ac5-9cb1-41a3-a064-84cad48052a0/.metadata.a33c830b-f619-4154-9ec7-03b07ebfd73c.tmp
[2024-11-03T16:45:38.338+0000] {spark_submit.py:495} INFO - 24/11/03 16:45:38 INFO CheckpointFileManager: Renamed temp file file:/tmp/temporary-65556ac5-9cb1-41a3-a064-84cad48052a0/.metadata.a33c830b-f619-4154-9ec7-03b07ebfd73c.tmp to file:/tmp/temporary-65556ac5-9cb1-41a3-a064-84cad48052a0/metadata
[2024-11-03T16:45:40.633+0000] {spark_submit.py:495} INFO - 24/11/03 16:45:40 INFO MicroBatchExecution: Starting [id = 024d7586-af24-482a-93ab-57a19f8a4f88, runId = 051148a2-93cd-40ac-9490-673ca445ad28]. Use file:/tmp/temporary-65556ac5-9cb1-41a3-a064-84cad48052a0 to store the query checkpoint.
[2024-11-03T16:45:41.245+0000] {spark_submit.py:495} INFO - 24/11/03 16:45:41 INFO MicroBatchExecution: Reading table [org.apache.spark.sql.kafka010.KafkaSourceProvider$KafkaTable@5440807c] from DataSourceV2 named 'kafka' [org.apache.spark.sql.kafka010.KafkaSourceProvider@7a84c17b]
[2024-11-03T16:45:41.493+0000] {spark_submit.py:495} INFO - 24/11/03 16:45:41 INFO OffsetSeqLog: BatchIds found from listing:
[2024-11-03T16:45:41.654+0000] {spark_submit.py:495} INFO - 24/11/03 16:45:41 INFO OffsetSeqLog: BatchIds found from listing:
[2024-11-03T16:45:41.689+0000] {spark_submit.py:495} INFO - 24/11/03 16:45:41 INFO MicroBatchExecution: Starting new streaming query.
[2024-11-03T16:45:41.701+0000] {spark_submit.py:495} INFO - 24/11/03 16:45:41 INFO MicroBatchExecution: Stream started from {}
[2024-11-03T16:45:47.251+0000] {spark_submit.py:495} INFO - 24/11/03 16:45:47 INFO AdminClientConfig: AdminClientConfig values:
[2024-11-03T16:45:47.252+0000] {spark_submit.py:495} INFO - bootstrap.servers = [10.0.2.15:9092]
[2024-11-03T16:45:47.259+0000] {spark_submit.py:495} INFO - client.dns.lookup = use_all_dns_ips
[2024-11-03T16:45:47.265+0000] {spark_submit.py:495} INFO - client.id =
[2024-11-03T16:45:47.266+0000] {spark_submit.py:495} INFO - connections.max.idle.ms = 300000
[2024-11-03T16:45:47.281+0000] {spark_submit.py:495} INFO - default.api.timeout.ms = 60000
[2024-11-03T16:45:47.282+0000] {spark_submit.py:495} INFO - metadata.max.age.ms = 300000
[2024-11-03T16:45:47.283+0000] {spark_submit.py:495} INFO - metric.reporters = []
[2024-11-03T16:45:47.314+0000] {spark_submit.py:495} INFO - metrics.num.samples = 2
[2024-11-03T16:45:47.315+0000] {spark_submit.py:495} INFO - metrics.recording.level = INFO
[2024-11-03T16:45:47.315+0000] {spark_submit.py:495} INFO - metrics.sample.window.ms = 30000
[2024-11-03T16:45:47.315+0000] {spark_submit.py:495} INFO - receive.buffer.bytes = 65536
[2024-11-03T16:45:47.316+0000] {spark_submit.py:495} INFO - reconnect.backoff.max.ms = 1000
[2024-11-03T16:45:47.356+0000] {spark_submit.py:495} INFO - reconnect.backoff.ms = 50
[2024-11-03T16:45:47.356+0000] {spark_submit.py:495} INFO - request.timeout.ms = 30000
[2024-11-03T16:45:47.356+0000] {spark_submit.py:495} INFO - retries = 2147483647
[2024-11-03T16:45:47.357+0000] {spark_submit.py:495} INFO - retry.backoff.ms = 100
[2024-11-03T16:45:47.357+0000] {spark_submit.py:495} INFO - sasl.client.callback.handler.class = null
[2024-11-03T16:45:47.357+0000] {spark_submit.py:495} INFO - sasl.jaas.config = null
[2024-11-03T16:45:47.357+0000] {spark_submit.py:495} INFO - sasl.kerberos.kinit.cmd = /usr/bin/kinit
[2024-11-03T16:45:47.357+0000] {spark_submit.py:495} INFO - sasl.kerberos.min.time.before.relogin = 60000
[2024-11-03T16:45:47.358+0000] {spark_submit.py:495} INFO - sasl.kerberos.service.name = null
[2024-11-03T16:45:47.387+0000] {spark_submit.py:495} INFO - sasl.kerberos.ticket.renew.jitter = 0.05
[2024-11-03T16:45:47.387+0000] {spark_submit.py:495} INFO - sasl.kerberos.ticket.renew.window.factor = 0.8
[2024-11-03T16:45:47.388+0000] {spark_submit.py:495} INFO - sasl.login.callback.handler.class = null
[2024-11-03T16:45:47.388+0000] {spark_submit.py:495} INFO - sasl.login.class = null
[2024-11-03T16:45:47.388+0000] {spark_submit.py:495} INFO - sasl.login.connect.timeout.ms = null
[2024-11-03T16:45:47.420+0000] {spark_submit.py:495} INFO - sasl.login.read.timeout.ms = null
[2024-11-03T16:45:47.421+0000] {spark_submit.py:495} INFO - sasl.login.refresh.buffer.seconds = 300
[2024-11-03T16:45:47.421+0000] {spark_submit.py:495} INFO - sasl.login.refresh.min.period.seconds = 60
[2024-11-03T16:45:47.422+0000] {spark_submit.py:495} INFO - sasl.login.refresh.window.factor = 0.8
[2024-11-03T16:45:47.422+0000] {spark_submit.py:495} INFO - sasl.login.refresh.window.jitter = 0.05
[2024-11-03T16:45:47.422+0000] {spark_submit.py:495} INFO - sasl.login.retry.backoff.max.ms = 10000
[2024-11-03T16:45:47.426+0000] {spark_submit.py:495} INFO - sasl.login.retry.backoff.ms = 100
[2024-11-03T16:45:47.432+0000] {spark_submit.py:495} INFO - sasl.mechanism = GSSAPI
[2024-11-03T16:45:47.446+0000] {spark_submit.py:495} INFO - sasl.oauthbearer.clock.skew.seconds = 30
[2024-11-03T16:45:47.458+0000] {spark_submit.py:495} INFO - sasl.oauthbearer.expected.audience = null
[2024-11-03T16:45:47.458+0000] {spark_submit.py:495} INFO - sasl.oauthbearer.expected.issuer = null
[2024-11-03T16:45:47.459+0000] {spark_submit.py:495} INFO - sasl.oauthbearer.jwks.endpoint.refresh.ms = 3600000
[2024-11-03T16:45:47.459+0000] {spark_submit.py:495} INFO - sasl.oauthbearer.jwks.endpoint.retry.backoff.max.ms = 10000
[2024-11-03T16:45:47.459+0000] {spark_submit.py:495} INFO - sasl.oauthbearer.jwks.endpoint.retry.backoff.ms = 100
[2024-11-03T16:45:47.459+0000] {spark_submit.py:495} INFO - sasl.oauthbearer.jwks.endpoint.url = null
[2024-11-03T16:45:47.459+0000] {spark_submit.py:495} INFO - sasl.oauthbearer.scope.claim.name = scope
[2024-11-03T16:45:47.460+0000] {spark_submit.py:495} INFO - sasl.oauthbearer.sub.claim.name = sub
[2024-11-03T16:45:47.460+0000] {spark_submit.py:495} INFO - sasl.oauthbearer.token.endpoint.url = null
[2024-11-03T16:45:47.460+0000] {spark_submit.py:495} INFO - security.protocol = PLAINTEXT
[2024-11-03T16:45:47.461+0000] {spark_submit.py:495} INFO - security.providers = null
[2024-11-03T16:45:47.461+0000] {spark_submit.py:495} INFO - send.buffer.bytes = 131072
[2024-11-03T16:45:47.461+0000] {spark_submit.py:495} INFO - socket.connection.setup.timeout.max.ms = 30000
[2024-11-03T16:45:47.461+0000] {spark_submit.py:495} INFO - socket.connection.setup.timeout.ms = 10000
[2024-11-03T16:45:47.462+0000] {spark_submit.py:495} INFO - ssl.cipher.suites = null
[2024-11-03T16:45:47.480+0000] {spark_submit.py:495} INFO - ssl.enabled.protocols = [TLSv1.2, TLSv1.3]
[2024-11-03T16:45:47.481+0000] {spark_submit.py:495} INFO - ssl.endpoint.identification.algorithm = https
[2024-11-03T16:45:47.504+0000] {spark_submit.py:495} INFO - ssl.engine.factory.class = null
[2024-11-03T16:45:47.505+0000] {spark_submit.py:495} INFO - ssl.key.password = null
[2024-11-03T16:45:47.518+0000] {spark_submit.py:495} INFO - ssl.keymanager.algorithm = SunX509
[2024-11-03T16:45:47.544+0000] {spark_submit.py:495} INFO - ssl.keystore.certificate.chain = null
[2024-11-03T16:45:47.545+0000] {spark_submit.py:495} INFO - ssl.keystore.key = null
[2024-11-03T16:45:47.545+0000] {spark_submit.py:495} INFO - ssl.keystore.location = null
[2024-11-03T16:45:47.545+0000] {spark_submit.py:495} INFO - ssl.keystore.password = null
[2024-11-03T16:45:47.545+0000] {spark_submit.py:495} INFO - ssl.keystore.type = JKS
[2024-11-03T16:45:47.545+0000] {spark_submit.py:495} INFO - ssl.protocol = TLSv1.3
[2024-11-03T16:45:47.546+0000] {spark_submit.py:495} INFO - ssl.provider = null
[2024-11-03T16:45:47.546+0000] {spark_submit.py:495} INFO - ssl.secure.random.implementation = null
[2024-11-03T16:45:47.546+0000] {spark_submit.py:495} INFO - ssl.trustmanager.algorithm = PKIX
[2024-11-03T16:45:47.546+0000] {spark_submit.py:495} INFO - ssl.truststore.certificates = null
[2024-11-03T16:45:47.546+0000] {spark_submit.py:495} INFO - ssl.truststore.location = null
[2024-11-03T16:45:47.546+0000] {spark_submit.py:495} INFO - ssl.truststore.password = null
[2024-11-03T16:45:47.547+0000] {spark_submit.py:495} INFO - ssl.truststore.type = JKS
[2024-11-03T16:45:47.547+0000] {spark_submit.py:495} INFO - 
[2024-11-03T16:45:48.369+0000] {spark_submit.py:495} INFO - 24/11/03 16:45:48 WARN AdminClientConfig: These configurations '[key.deserializer, value.deserializer, enable.auto.commit, max.poll.records, auto.offset.reset]' were supplied but are not used yet.
[2024-11-03T16:45:48.384+0000] {spark_submit.py:495} INFO - 24/11/03 16:45:48 INFO AppInfoParser: Kafka version: 3.3.2
[2024-11-03T16:45:48.389+0000] {spark_submit.py:495} INFO - 24/11/03 16:45:48 INFO AppInfoParser: Kafka commitId: b66af662e61082cb
[2024-11-03T16:45:48.406+0000] {spark_submit.py:495} INFO - 24/11/03 16:45:48 INFO AppInfoParser: Kafka startTimeMs: 1730652348372
[2024-11-03T16:45:52.854+0000] {spark_submit.py:495} INFO - 24/11/03 16:45:52 INFO CheckpointFileManager: Writing atomically to file:/tmp/temporary-65556ac5-9cb1-41a3-a064-84cad48052a0/sources/0/0 using temp file file:/tmp/temporary-65556ac5-9cb1-41a3-a064-84cad48052a0/sources/0/.0.8e458ae4-b306-4401-b87c-65de1cdbc7b3.tmp
[2024-11-03T16:45:54.622+0000] {spark_submit.py:495} INFO - 24/11/03 16:45:54 INFO CheckpointFileManager: Renamed temp file file:/tmp/temporary-65556ac5-9cb1-41a3-a064-84cad48052a0/sources/0/.0.8e458ae4-b306-4401-b87c-65de1cdbc7b3.tmp to file:/tmp/temporary-65556ac5-9cb1-41a3-a064-84cad48052a0/sources/0/0
[2024-11-03T16:45:54.654+0000] {spark_submit.py:495} INFO - 24/11/03 16:45:54 INFO KafkaMicroBatchStream: Initial offsets: {"raw_data":{"0":3311}}
[2024-11-03T16:45:56.498+0000] {spark_submit.py:495} INFO - 24/11/03 16:45:56 INFO CheckpointFileManager: Writing atomically to file:/tmp/temporary-65556ac5-9cb1-41a3-a064-84cad48052a0/offsets/0 using temp file file:/tmp/temporary-65556ac5-9cb1-41a3-a064-84cad48052a0/offsets/.0.4069e81f-df76-4dbe-81cd-1337eac89141.tmp
[2024-11-03T16:45:58.750+0000] {spark_submit.py:495} INFO - 24/11/03 16:45:58 INFO CheckpointFileManager: Renamed temp file file:/tmp/temporary-65556ac5-9cb1-41a3-a064-84cad48052a0/offsets/.0.4069e81f-df76-4dbe-81cd-1337eac89141.tmp to file:/tmp/temporary-65556ac5-9cb1-41a3-a064-84cad48052a0/offsets/0
[2024-11-03T16:45:58.807+0000] {spark_submit.py:495} INFO - 24/11/03 16:45:58 INFO MicroBatchExecution: Committed offsets for batch 0. Metadata OffsetSeqMetadata(0,1730652355397,Map(spark.sql.streaming.stateStore.providerClass -> org.apache.spark.sql.execution.streaming.state.HDFSBackedStateStoreProvider, spark.sql.streaming.join.stateFormatVersion -> 2, spark.sql.streaming.stateStore.compression.codec -> lz4, spark.sql.streaming.stateStore.rocksdb.formatVersion -> 5, spark.sql.streaming.statefulOperator.useStrictDistribution -> true, spark.sql.streaming.flatMapGroupsWithState.stateFormatVersion -> 2, spark.sql.streaming.multipleWatermarkPolicy -> min, spark.sql.streaming.aggregation.stateFormatVersion -> 2, spark.sql.shuffle.partitions -> 200))
[2024-11-03T16:46:04.744+0000] {spark_submit.py:495} INFO - 24/11/03 16:46:04 INFO KafkaOffsetReaderAdmin: Partitions added: Map()
[2024-11-03T16:46:05.577+0000] {spark_submit.py:495} INFO - 24/11/03 16:46:05 INFO KafkaOffsetReaderAdmin: Partitions added: Map()
[2024-11-03T16:46:05.687+0000] {spark_submit.py:495} INFO - 24/11/03 16:46:05 INFO KafkaOffsetReaderAdmin: Partitions added: Map()
[2024-11-03T16:46:05.693+0000] {spark_submit.py:495} INFO - 24/11/03 16:46:05 INFO KafkaOffsetReaderAdmin: Partitions added: Map()
[2024-11-03T16:46:06.236+0000] {spark_submit.py:495} INFO - 24/11/03 16:46:06 INFO KafkaOffsetReaderAdmin: Partitions added: Map()
[2024-11-03T16:46:06.242+0000] {spark_submit.py:495} INFO - 24/11/03 16:46:06 INFO KafkaOffsetReaderAdmin: Partitions added: Map()
[2024-11-03T16:46:12.371+0000] {spark_submit.py:495} INFO - 24/11/03 16:46:12 INFO CodeGenerator: Code generated in 2559.849357 ms
[2024-11-03T16:46:13.623+0000] {spark_submit.py:495} INFO - 24/11/03 16:46:13 INFO WriteToDataSourceV2Exec: Start processing data source write support: MicroBatchWrite[epoch: 0, writer: ConsoleWriter[numRows=20, truncate=false]]. The input RDD has 1 partitions.
[2024-11-03T16:46:13.634+0000] {spark_submit.py:495} INFO - 24/11/03 16:46:13 INFO SparkContext: Starting job: start at NativeMethodAccessorImpl.java:0
[2024-11-03T16:46:13.862+0000] {spark_submit.py:495} INFO - 24/11/03 16:46:13 INFO DAGScheduler: Got job 0 (start at NativeMethodAccessorImpl.java:0) with 1 output partitions
[2024-11-03T16:46:13.879+0000] {spark_submit.py:495} INFO - 24/11/03 16:46:13 INFO DAGScheduler: Final stage: ResultStage 0 (start at NativeMethodAccessorImpl.java:0)
[2024-11-03T16:46:13.883+0000] {spark_submit.py:495} INFO - 24/11/03 16:46:13 INFO DAGScheduler: Parents of final stage: List()
[2024-11-03T16:46:14.028+0000] {spark_submit.py:495} INFO - 24/11/03 16:46:13 INFO DAGScheduler: Missing parents: List()
[2024-11-03T16:46:14.028+0000] {spark_submit.py:495} INFO - 24/11/03 16:46:14 INFO DAGScheduler: Submitting ResultStage 0 (ParallelCollectionRDD[4] at start at NativeMethodAccessorImpl.java:0), which has no missing parents
[2024-11-03T16:46:14.561+0000] {spark_submit.py:495} INFO - 24/11/03 16:46:14 INFO MemoryStore: Block broadcast_0 stored as values in memory (estimated size 3.4 KiB, free 434.4 MiB)
[2024-11-03T16:46:14.661+0000] {spark_submit.py:495} INFO - 24/11/03 16:46:14 INFO MemoryStore: Block broadcast_0_piece0 stored as bytes in memory (estimated size 2036.0 B, free 434.4 MiB)
[2024-11-03T16:46:14.704+0000] {spark_submit.py:495} INFO - 24/11/03 16:46:14 INFO BlockManagerInfo: Added broadcast_0_piece0 in memory on 103054e6fa6f:40337 (size: 2036.0 B, free: 434.4 MiB)
[2024-11-03T16:46:14.808+0000] {spark_submit.py:495} INFO - 24/11/03 16:46:14 INFO SparkContext: Created broadcast 0 from broadcast at DAGScheduler.scala:1535
[2024-11-03T16:46:15.285+0000] {spark_submit.py:495} INFO - 24/11/03 16:46:15 INFO DAGScheduler: Submitting 1 missing tasks from ResultStage 0 (ParallelCollectionRDD[4] at start at NativeMethodAccessorImpl.java:0) (first 15 tasks are for partitions Vector(0))
[2024-11-03T16:46:15.306+0000] {spark_submit.py:495} INFO - 24/11/03 16:46:15 INFO TaskSchedulerImpl: Adding task set 0.0 with 1 tasks resource profile 0
[2024-11-03T16:46:15.523+0000] {spark_submit.py:495} INFO - 24/11/03 16:46:15 INFO TaskSetManager: Starting task 0.0 in stage 0.0 (TID 0) (172.20.0.7, executor 0, partition 0, PROCESS_LOCAL, 7388 bytes)
[2024-11-03T16:46:19.277+0000] {spark_submit.py:495} INFO - 24/11/03 16:46:19 INFO BlockManagerInfo: Added broadcast_0_piece0 in memory on 172.20.0.7:41959 (size: 2036.0 B, free: 434.4 MiB)
[2024-11-03T16:46:22.518+0000] {spark_submit.py:495} INFO - 24/11/03 16:46:22 INFO TaskSetManager: Finished task 0.0 in stage 0.0 (TID 0) in 7012 ms on 172.20.0.7 (executor 0) (1/1)
[2024-11-03T16:46:22.536+0000] {spark_submit.py:495} INFO - 24/11/03 16:46:22 INFO TaskSchedulerImpl: Removed TaskSet 0.0, whose tasks have all completed, from pool
[2024-11-03T16:46:22.615+0000] {spark_submit.py:495} INFO - 24/11/03 16:46:22 INFO DAGScheduler: ResultStage 0 (start at NativeMethodAccessorImpl.java:0) finished in 8.345 s
[2024-11-03T16:46:22.754+0000] {spark_submit.py:495} INFO - 24/11/03 16:46:22 INFO DAGScheduler: Job 0 is finished. Cancelling potential speculative or zombie tasks for this job
[2024-11-03T16:46:22.792+0000] {spark_submit.py:495} INFO - 24/11/03 16:46:22 INFO TaskSchedulerImpl: Killing all running tasks in stage 0: Stage finished
[2024-11-03T16:46:22.900+0000] {spark_submit.py:495} INFO - 24/11/03 16:46:22 INFO DAGScheduler: Job 0 finished: start at NativeMethodAccessorImpl.java:0, took 9.257699 s
[2024-11-03T16:46:23.024+0000] {spark_submit.py:495} INFO - 24/11/03 16:46:23 INFO WriteToDataSourceV2Exec: Data source write support MicroBatchWrite[epoch: 0, writer: ConsoleWriter[numRows=20, truncate=false]] is committing.
[2024-11-03T16:46:23.083+0000] {spark_submit.py:495} INFO - -------------------------------------------
[2024-11-03T16:46:23.086+0000] {spark_submit.py:495} INFO - Batch: 0
[2024-11-03T16:46:23.095+0000] {spark_submit.py:495} INFO - -------------------------------------------
[2024-11-03T16:46:23.709+0000] {spark_submit.py:495} INFO - +---------+-----------+--------+---------+
[2024-11-03T16:46:23.720+0000] {spark_submit.py:495} INFO - |sensor_id|temperature|humidity|timestamp|
[2024-11-03T16:46:23.722+0000] {spark_submit.py:495} INFO - +---------+-----------+--------+---------+
[2024-11-03T16:46:23.722+0000] {spark_submit.py:495} INFO - +---------+-----------+--------+---------+
[2024-11-03T16:46:23.722+0000] {spark_submit.py:495} INFO - 
[2024-11-03T16:46:23.753+0000] {spark_submit.py:495} INFO - 24/11/03 16:46:23 INFO WriteToDataSourceV2Exec: Data source write support MicroBatchWrite[epoch: 0, writer: ConsoleWriter[numRows=20, truncate=false]] committed.
[2024-11-03T16:46:23.981+0000] {spark_submit.py:495} INFO - 24/11/03 16:46:23 INFO CheckpointFileManager: Writing atomically to file:/tmp/temporary-65556ac5-9cb1-41a3-a064-84cad48052a0/commits/0 using temp file file:/tmp/temporary-65556ac5-9cb1-41a3-a064-84cad48052a0/commits/.0.690e09f5-9ef6-478d-aa6d-96c0d774eb75.tmp
[2024-11-03T16:46:25.240+0000] {spark_submit.py:495} INFO - 24/11/03 16:46:25 INFO CheckpointFileManager: Renamed temp file file:/tmp/temporary-65556ac5-9cb1-41a3-a064-84cad48052a0/commits/.0.690e09f5-9ef6-478d-aa6d-96c0d774eb75.tmp to file:/tmp/temporary-65556ac5-9cb1-41a3-a064-84cad48052a0/commits/0
[2024-11-03T16:46:25.583+0000] {spark_submit.py:495} INFO - 24/11/03 16:46:25 INFO MicroBatchExecution: Streaming query made progress: {
[2024-11-03T16:46:25.584+0000] {spark_submit.py:495} INFO - "id" : "024d7586-af24-482a-93ab-57a19f8a4f88",
[2024-11-03T16:46:25.584+0000] {spark_submit.py:495} INFO - "runId" : "051148a2-93cd-40ac-9490-673ca445ad28",
[2024-11-03T16:46:25.584+0000] {spark_submit.py:495} INFO - "name" : null,
[2024-11-03T16:46:25.585+0000] {spark_submit.py:495} INFO - "timestamp" : "2024-11-03T16:45:41.479Z",
[2024-11-03T16:46:25.585+0000] {spark_submit.py:495} INFO - "batchId" : 0,
[2024-11-03T16:46:25.585+0000] {spark_submit.py:495} INFO - "numInputRows" : 0,
[2024-11-03T16:46:25.585+0000] {spark_submit.py:495} INFO - "inputRowsPerSecond" : 0.0,
[2024-11-03T16:46:25.586+0000] {spark_submit.py:495} INFO - "processedRowsPerSecond" : 0.0,
[2024-11-03T16:46:25.586+0000] {spark_submit.py:495} INFO - "durationMs" : {
[2024-11-03T16:46:25.586+0000] {spark_submit.py:495} INFO - "addBatch" : 18133,
[2024-11-03T16:46:25.586+0000] {spark_submit.py:495} INFO - "commitOffsets" : 1479,
[2024-11-03T16:46:25.586+0000] {spark_submit.py:495} INFO - "getBatch" : 361,
[2024-11-03T16:46:25.587+0000] {spark_submit.py:495} INFO - "latestOffset" : 13758,
[2024-11-03T16:46:25.587+0000] {spark_submit.py:495} INFO - "queryPlanning" : 6339,
[2024-11-03T16:46:25.606+0000] {spark_submit.py:495} INFO - "triggerExecution" : 43770,
[2024-11-03T16:46:25.606+0000] {spark_submit.py:495} INFO - "walCommit" : 3290
[2024-11-03T16:46:25.608+0000] {spark_submit.py:495} INFO - },
[2024-11-03T16:46:25.612+0000] {spark_submit.py:495} INFO - "stateOperators" : [ ],
[2024-11-03T16:46:25.612+0000] {spark_submit.py:495} INFO - "sources" : [ {
[2024-11-03T16:46:25.612+0000] {spark_submit.py:495} INFO - "description" : "KafkaV2[Subscribe[raw_data]]",
[2024-11-03T16:46:25.635+0000] {spark_submit.py:495} INFO - "startOffset" : null,
[2024-11-03T16:46:25.641+0000] {spark_submit.py:495} INFO - "endOffset" : {
[2024-11-03T16:46:25.642+0000] {spark_submit.py:495} INFO - "raw_data" : {
[2024-11-03T16:46:25.644+0000] {spark_submit.py:495} INFO - "0" : 3311
[2024-11-03T16:46:25.654+0000] {spark_submit.py:495} INFO - }
[2024-11-03T16:46:25.654+0000] {spark_submit.py:495} INFO - },
[2024-11-03T16:46:25.655+0000] {spark_submit.py:495} INFO - "latestOffset" : {
[2024-11-03T16:46:25.655+0000] {spark_submit.py:495} INFO - "raw_data" : {
[2024-11-03T16:46:25.655+0000] {spark_submit.py:495} INFO - "0" : 3311
[2024-11-03T16:46:25.655+0000] {spark_submit.py:495} INFO - }
[2024-11-03T16:46:25.676+0000] {spark_submit.py:495} INFO - },
[2024-11-03T16:46:25.677+0000] {spark_submit.py:495} INFO - "numInputRows" : 0,
[2024-11-03T16:46:25.677+0000] {spark_submit.py:495} INFO - "inputRowsPerSecond" : 0.0,
[2024-11-03T16:46:25.677+0000] {spark_submit.py:495} INFO - "processedRowsPerSecond" : 0.0,
[2024-11-03T16:46:25.677+0000] {spark_submit.py:495} INFO - "metrics" : {
[2024-11-03T16:46:25.678+0000] {spark_submit.py:495} INFO - "avgOffsetsBehindLatest" : "0.0",
[2024-11-03T16:46:25.701+0000] {spark_submit.py:495} INFO - "maxOffsetsBehindLatest" : "0",
[2024-11-03T16:46:25.702+0000] {spark_submit.py:495} INFO - "minOffsetsBehindLatest" : "0"
[2024-11-03T16:46:25.702+0000] {spark_submit.py:495} INFO - }
[2024-11-03T16:46:25.702+0000] {spark_submit.py:495} INFO - } ],
[2024-11-03T16:46:25.702+0000] {spark_submit.py:495} INFO - "sink" : {
[2024-11-03T16:46:25.703+0000] {spark_submit.py:495} INFO - "description" : "org.apache.spark.sql.execution.streaming.ConsoleTable$@312b9668",
[2024-11-03T16:46:25.703+0000] {spark_submit.py:495} INFO - "numOutputRows" : 0
[2024-11-03T16:46:25.703+0000] {spark_submit.py:495} INFO - }
[2024-11-03T16:46:25.703+0000] {spark_submit.py:495} INFO - }
[2024-11-03T16:46:26.200+0000] {spark_submit.py:495} INFO - 24/11/03 16:46:26 INFO CheckpointFileManager: Writing atomically to file:/tmp/temporary-65556ac5-9cb1-41a3-a064-84cad48052a0/offsets/1 using temp file file:/tmp/temporary-65556ac5-9cb1-41a3-a064-84cad48052a0/offsets/.1.057b3d2f-7fde-42b0-8d83-743d237f014d.tmp
[2024-11-03T16:46:26.907+0000] {spark_submit.py:495} INFO - 24/11/03 16:46:26 INFO CheckpointFileManager: Renamed temp file file:/tmp/temporary-65556ac5-9cb1-41a3-a064-84cad48052a0/offsets/.1.057b3d2f-7fde-42b0-8d83-743d237f014d.tmp to file:/tmp/temporary-65556ac5-9cb1-41a3-a064-84cad48052a0/offsets/1
[2024-11-03T16:46:26.917+0000] {spark_submit.py:495} INFO - 24/11/03 16:46:26 INFO MicroBatchExecution: Committed offsets for batch 1. Metadata OffsetSeqMetadata(0,1730652385851,Map(spark.sql.streaming.stateStore.providerClass -> org.apache.spark.sql.execution.streaming.state.HDFSBackedStateStoreProvider, spark.sql.streaming.join.stateFormatVersion -> 2, spark.sql.streaming.stateStore.compression.codec -> lz4, spark.sql.streaming.stateStore.rocksdb.formatVersion -> 5, spark.sql.streaming.statefulOperator.useStrictDistribution -> true, spark.sql.streaming.flatMapGroupsWithState.stateFormatVersion -> 2, spark.sql.streaming.multipleWatermarkPolicy -> min, spark.sql.streaming.aggregation.stateFormatVersion -> 2, spark.sql.shuffle.partitions -> 200))
[2024-11-03T16:46:27.214+0000] {spark_submit.py:495} INFO - 24/11/03 16:46:27 INFO KafkaOffsetReaderAdmin: Partitions added: Map()
[2024-11-03T16:46:27.243+0000] {spark_submit.py:495} INFO - 24/11/03 16:46:27 INFO KafkaOffsetReaderAdmin: Partitions added: Map()
[2024-11-03T16:46:27.412+0000] {spark_submit.py:495} INFO - 24/11/03 16:46:27 INFO KafkaOffsetReaderAdmin: Partitions added: Map()
[2024-11-03T16:46:27.434+0000] {spark_submit.py:495} INFO - 24/11/03 16:46:27 INFO KafkaOffsetReaderAdmin: Partitions added: Map()
[2024-11-03T16:46:27.549+0000] {spark_submit.py:495} INFO - 24/11/03 16:46:27 INFO KafkaOffsetReaderAdmin: Partitions added: Map()
[2024-11-03T16:46:27.596+0000] {spark_submit.py:495} INFO - 24/11/03 16:46:27 INFO KafkaOffsetReaderAdmin: Partitions added: Map()
[2024-11-03T16:46:27.673+0000] {spark_submit.py:495} INFO - 24/11/03 16:46:27 INFO WriteToDataSourceV2Exec: Start processing data source write support: MicroBatchWrite[epoch: 1, writer: ConsoleWriter[numRows=20, truncate=false]]. The input RDD has 1 partitions.
[2024-11-03T16:46:27.677+0000] {spark_submit.py:495} INFO - 24/11/03 16:46:27 INFO SparkContext: Starting job: start at NativeMethodAccessorImpl.java:0
[2024-11-03T16:46:27.702+0000] {spark_submit.py:495} INFO - 24/11/03 16:46:27 INFO DAGScheduler: Got job 1 (start at NativeMethodAccessorImpl.java:0) with 1 output partitions
[2024-11-03T16:46:27.752+0000] {spark_submit.py:495} INFO - 24/11/03 16:46:27 INFO DAGScheduler: Final stage: ResultStage 1 (start at NativeMethodAccessorImpl.java:0)
[2024-11-03T16:46:27.754+0000] {spark_submit.py:495} INFO - 24/11/03 16:46:27 INFO DAGScheduler: Parents of final stage: List()
[2024-11-03T16:46:27.769+0000] {spark_submit.py:495} INFO - 24/11/03 16:46:27 INFO DAGScheduler: Missing parents: List()
[2024-11-03T16:46:27.771+0000] {spark_submit.py:495} INFO - 24/11/03 16:46:27 INFO DAGScheduler: Submitting ResultStage 1 (MapPartitionsRDD[8] at start at NativeMethodAccessorImpl.java:0), which has no missing parents
[2024-11-03T16:46:27.903+0000] {spark_submit.py:495} INFO - 24/11/03 16:46:27 INFO MemoryStore: Block broadcast_1 stored as values in memory (estimated size 23.3 KiB, free 434.4 MiB)
[2024-11-03T16:46:27.924+0000] {spark_submit.py:495} INFO - 24/11/03 16:46:27 INFO MemoryStore: Block broadcast_1_piece0 stored as bytes in memory (estimated size 11.0 KiB, free 434.4 MiB)
[2024-11-03T16:46:27.925+0000] {spark_submit.py:495} INFO - 24/11/03 16:46:27 INFO BlockManagerInfo: Added broadcast_1_piece0 in memory on 103054e6fa6f:40337 (size: 11.0 KiB, free: 434.4 MiB)
[2024-11-03T16:46:27.951+0000] {spark_submit.py:495} INFO - 24/11/03 16:46:27 INFO SparkContext: Created broadcast 1 from broadcast at DAGScheduler.scala:1535
[2024-11-03T16:46:27.975+0000] {spark_submit.py:495} INFO - 24/11/03 16:46:27 INFO DAGScheduler: Submitting 1 missing tasks from ResultStage 1 (MapPartitionsRDD[8] at start at NativeMethodAccessorImpl.java:0) (first 15 tasks are for partitions Vector(0))
[2024-11-03T16:46:27.979+0000] {spark_submit.py:495} INFO - 24/11/03 16:46:27 INFO TaskSchedulerImpl: Adding task set 1.0 with 1 tasks resource profile 0
[2024-11-03T16:46:28.030+0000] {spark_submit.py:495} INFO - 24/11/03 16:46:27 INFO TaskSetManager: Starting task 0.0 in stage 1.0 (TID 1) (172.20.0.7, executor 0, partition 0, PROCESS_LOCAL, 8333 bytes)
[2024-11-03T16:46:28.463+0000] {spark_submit.py:495} INFO - 24/11/03 16:46:28 WARN TaskSetManager: Lost task 0.0 in stage 1.0 (TID 1) (172.20.0.7 executor 0): java.lang.ClassCastException: cannot assign instance of scala.collection.immutable.List$SerializationProxy to field org.apache.spark.sql.execution.datasources.v2.DataSourceRDDPartition.inputPartitions of type scala.collection.Seq in instance of org.apache.spark.sql.execution.datasources.v2.DataSourceRDDPartition
[2024-11-03T16:46:28.463+0000] {spark_submit.py:495} INFO - at java.base/java.io.ObjectStreamClass$FieldReflector.setObjFieldValues(ObjectStreamClass.java:2096)
[2024-11-03T16:46:28.464+0000] {spark_submit.py:495} INFO - at java.base/java.io.ObjectStreamClass$FieldReflector.checkObjectFieldValueTypes(ObjectStreamClass.java:2060)
[2024-11-03T16:46:28.464+0000] {spark_submit.py:495} INFO - at java.base/java.io.ObjectStreamClass.checkObjFieldValueTypes(ObjectStreamClass.java:1347)
[2024-11-03T16:46:28.464+0000] {spark_submit.py:495} INFO - at java.base/java.io.ObjectInputStream$FieldValues.defaultCheckFieldValues(ObjectInputStream.java:2679)
[2024-11-03T16:46:28.464+0000] {spark_submit.py:495} INFO - at java.base/java.io.ObjectInputStream.readSerialData(ObjectInputStream.java:2486)
[2024-11-03T16:46:28.465+0000] {spark_submit.py:495} INFO - at java.base/java.io.ObjectInputStream.readOrdinaryObject(ObjectInputStream.java:2257)
[2024-11-03T16:46:28.465+0000] {spark_submit.py:495} INFO - at java.base/java.io.ObjectInputStream.readObject0(ObjectInputStream.java:1733)
[2024-11-03T16:46:28.465+0000] {spark_submit.py:495} INFO - at java.base/java.io.ObjectInputStream$FieldValues.<init>(ObjectInputStream.java:2606)
[2024-11-03T16:46:28.465+0000] {spark_submit.py:495} INFO - at java.base/java.io.ObjectInputStream.readSerialData(ObjectInputStream.java:2457)
[2024-11-03T16:46:28.465+0000] {spark_submit.py:495} INFO - at java.base/java.io.ObjectInputStream.readOrdinaryObject(ObjectInputStream.java:2257)
[2024-11-03T16:46:28.466+0000] {spark_submit.py:495} INFO - at java.base/java.io.ObjectInputStream.readObject0(ObjectInputStream.java:1733)
[2024-11-03T16:46:28.466+0000] {spark_submit.py:495} INFO - at java.base/java.io.ObjectInputStream.readObject(ObjectInputStream.java:509)
[2024-11-03T16:46:28.466+0000] {spark_submit.py:495} INFO - at java.base/java.io.ObjectInputStream.readObject(ObjectInputStream.java:467)
[2024-11-03T16:46:28.467+0000] {spark_submit.py:495} INFO - at org.apache.spark.serializer.JavaDeserializationStream.readObject(JavaSerializer.scala:87)
[2024-11-03T16:46:28.467+0000] {spark_submit.py:495} INFO - at org.apache.spark.serializer.JavaSerializerInstance.deserialize(JavaSerializer.scala:129)
[2024-11-03T16:46:28.467+0000] {spark_submit.py:495} INFO - at org.apache.spark.executor.Executor$TaskRunner.run(Executor.scala:513)
[2024-11-03T16:46:28.467+0000] {spark_submit.py:495} INFO - at java.base/java.util.concurrent.ThreadPoolExecutor.runWorker(ThreadPoolExecutor.java:1136)
[2024-11-03T16:46:28.467+0000] {spark_submit.py:495} INFO - at java.base/java.util.concurrent.ThreadPoolExecutor$Worker.run(ThreadPoolExecutor.java:635)
[2024-11-03T16:46:28.468+0000] {spark_submit.py:495} INFO - at java.base/java.lang.Thread.run(Thread.java:840)
[2024-11-03T16:46:28.468+0000] {spark_submit.py:495} INFO - 
[2024-11-03T16:46:28.501+0000] {spark_submit.py:495} INFO - 24/11/03 16:46:28 INFO TaskSetManager: Starting task 0.1 in stage 1.0 (TID 2) (172.20.0.7, executor 0, partition 0, PROCESS_LOCAL, 8333 bytes)
[2024-11-03T16:46:28.754+0000] {spark_submit.py:495} INFO - 24/11/03 16:46:28 INFO TaskSetManager: Lost task 0.1 in stage 1.0 (TID 2) on 172.20.0.7, executor 0: java.lang.ClassCastException (cannot assign instance of scala.collection.immutable.List$SerializationProxy to field org.apache.spark.sql.execution.datasources.v2.DataSourceRDDPartition.inputPartitions of type scala.collection.Seq in instance of org.apache.spark.sql.execution.datasources.v2.DataSourceRDDPartition) [duplicate 1]
[2024-11-03T16:46:28.861+0000] {spark_submit.py:495} INFO - 24/11/03 16:46:28 INFO TaskSetManager: Starting task 0.2 in stage 1.0 (TID 3) (172.20.0.7, executor 0, partition 0, PROCESS_LOCAL, 8333 bytes)
[2024-11-03T16:46:29.067+0000] {spark_submit.py:495} INFO - 24/11/03 16:46:29 INFO TaskSetManager: Lost task 0.2 in stage 1.0 (TID 3) on 172.20.0.7, executor 0: java.lang.ClassCastException (cannot assign instance of scala.collection.immutable.List$SerializationProxy to field org.apache.spark.sql.execution.datasources.v2.DataSourceRDDPartition.inputPartitions of type scala.collection.Seq in instance of org.apache.spark.sql.execution.datasources.v2.DataSourceRDDPartition) [duplicate 2]
[2024-11-03T16:46:29.103+0000] {spark_submit.py:495} INFO - 24/11/03 16:46:29 INFO TaskSetManager: Starting task 0.3 in stage 1.0 (TID 4) (172.20.0.7, executor 0, partition 0, PROCESS_LOCAL, 8333 bytes)
[2024-11-03T16:46:29.486+0000] {spark_submit.py:495} INFO - 24/11/03 16:46:29 INFO TaskSetManager: Lost task 0.3 in stage 1.0 (TID 4) on 172.20.0.7, executor 0: java.lang.ClassCastException (cannot assign instance of scala.collection.immutable.List$SerializationProxy to field org.apache.spark.sql.execution.datasources.v2.DataSourceRDDPartition.inputPartitions of type scala.collection.Seq in instance of org.apache.spark.sql.execution.datasources.v2.DataSourceRDDPartition) [duplicate 3]
[2024-11-03T16:46:29.539+0000] {spark_submit.py:495} INFO - 24/11/03 16:46:29 ERROR TaskSetManager: Task 0 in stage 1.0 failed 4 times; aborting job
[2024-11-03T16:46:29.540+0000] {spark_submit.py:495} INFO - 24/11/03 16:46:29 INFO TaskSchedulerImpl: Removed TaskSet 1.0, whose tasks have all completed, from pool
[2024-11-03T16:46:29.545+0000] {spark_submit.py:495} INFO - 24/11/03 16:46:29 INFO TaskSchedulerImpl: Cancelling stage 1
[2024-11-03T16:46:29.571+0000] {spark_submit.py:495} INFO - 24/11/03 16:46:29 INFO TaskSchedulerImpl: Killing all running tasks in stage 1: Stage cancelled
[2024-11-03T16:46:29.605+0000] {spark_submit.py:495} INFO - 24/11/03 16:46:29 INFO DAGScheduler: ResultStage 1 (start at NativeMethodAccessorImpl.java:0) failed in 1.803 s due to Job aborted due to stage failure: Task 0 in stage 1.0 failed 4 times, most recent failure: Lost task 0.3 in stage 1.0 (TID 4) (172.20.0.7 executor 0): java.lang.ClassCastException: cannot assign instance of scala.collection.immutable.List$SerializationProxy to field org.apache.spark.sql.execution.datasources.v2.DataSourceRDDPartition.inputPartitions of type scala.collection.Seq in instance of org.apache.spark.sql.execution.datasources.v2.DataSourceRDDPartition
[2024-11-03T16:46:29.635+0000] {spark_submit.py:495} INFO - at java.base/java.io.ObjectStreamClass$FieldReflector.setObjFieldValues(ObjectStreamClass.java:2096)
[2024-11-03T16:46:29.635+0000] {spark_submit.py:495} INFO - at java.base/java.io.ObjectStreamClass$FieldReflector.checkObjectFieldValueTypes(ObjectStreamClass.java:2060)
[2024-11-03T16:46:29.653+0000] {spark_submit.py:495} INFO - at java.base/java.io.ObjectStreamClass.checkObjFieldValueTypes(ObjectStreamClass.java:1347)
[2024-11-03T16:46:29.654+0000] {spark_submit.py:495} INFO - at java.base/java.io.ObjectInputStream$FieldValues.defaultCheckFieldValues(ObjectInputStream.java:2679)
[2024-11-03T16:46:29.654+0000] {spark_submit.py:495} INFO - at java.base/java.io.ObjectInputStream.readSerialData(ObjectInputStream.java:2486)
[2024-11-03T16:46:29.654+0000] {spark_submit.py:495} INFO - at java.base/java.io.ObjectInputStream.readOrdinaryObject(ObjectInputStream.java:2257)
[2024-11-03T16:46:29.654+0000] {spark_submit.py:495} INFO - at java.base/java.io.ObjectInputStream.readObject0(ObjectInputStream.java:1733)
[2024-11-03T16:46:29.655+0000] {spark_submit.py:495} INFO - at java.base/java.io.ObjectInputStream$FieldValues.<init>(ObjectInputStream.java:2606)
[2024-11-03T16:46:29.704+0000] {spark_submit.py:495} INFO - at java.base/java.io.ObjectInputStream.readSerialData(ObjectInputStream.java:2457)
[2024-11-03T16:46:29.705+0000] {spark_submit.py:495} INFO - at java.base/java.io.ObjectInputStream.readOrdinaryObject(ObjectInputStream.java:2257)
[2024-11-03T16:46:29.810+0000] {spark_submit.py:495} INFO - at java.base/java.io.ObjectInputStream.readObject0(ObjectInputStream.java:1733)
[2024-11-03T16:46:29.811+0000] {spark_submit.py:495} INFO - at java.base/java.io.ObjectInputStream.readObject(ObjectInputStream.java:509)
[2024-11-03T16:46:29.863+0000] {spark_submit.py:495} INFO - at java.base/java.io.ObjectInputStream.readObject(ObjectInputStream.java:467)
[2024-11-03T16:46:29.935+0000] {spark_submit.py:495} INFO - at org.apache.spark.serializer.JavaDeserializationStream.readObject(JavaSerializer.scala:87)
[2024-11-03T16:46:29.935+0000] {spark_submit.py:495} INFO - at org.apache.spark.serializer.JavaSerializerInstance.deserialize(JavaSerializer.scala:129)
[2024-11-03T16:46:29.936+0000] {spark_submit.py:495} INFO - at org.apache.spark.executor.Executor$TaskRunner.run(Executor.scala:513)
[2024-11-03T16:46:29.936+0000] {spark_submit.py:495} INFO - at java.base/java.util.concurrent.ThreadPoolExecutor.runWorker(ThreadPoolExecutor.java:1136)
[2024-11-03T16:46:29.936+0000] {spark_submit.py:495} INFO - at java.base/java.util.concurrent.ThreadPoolExecutor$Worker.run(ThreadPoolExecutor.java:635)
[2024-11-03T16:46:29.937+0000] {spark_submit.py:495} INFO - at java.base/java.lang.Thread.run(Thread.java:840)
[2024-11-03T16:46:29.937+0000] {spark_submit.py:495} INFO - 
[2024-11-03T16:46:29.937+0000] {spark_submit.py:495} INFO - Driver stacktrace:
[2024-11-03T16:46:29.938+0000] {spark_submit.py:495} INFO - 24/11/03 16:46:29 INFO DAGScheduler: Job 1 failed: start at NativeMethodAccessorImpl.java:0, took 1.969411 s
[2024-11-03T16:46:29.938+0000] {spark_submit.py:495} INFO - 24/11/03 16:46:29 ERROR WriteToDataSourceV2Exec: Data source write support MicroBatchWrite[epoch: 1, writer: ConsoleWriter[numRows=20, truncate=false]] is aborting.
[2024-11-03T16:46:29.938+0000] {spark_submit.py:495} INFO - 24/11/03 16:46:29 ERROR WriteToDataSourceV2Exec: Data source write support MicroBatchWrite[epoch: 1, writer: ConsoleWriter[numRows=20, truncate=false]] aborted.
[2024-11-03T16:46:29.938+0000] {spark_submit.py:495} INFO - 24/11/03 16:46:29 ERROR MicroBatchExecution: Query [id = 024d7586-af24-482a-93ab-57a19f8a4f88, runId = 051148a2-93cd-40ac-9490-673ca445ad28] terminated with error
[2024-11-03T16:46:29.939+0000] {spark_submit.py:495} INFO - org.apache.spark.SparkException: Job aborted due to stage failure: Task 0 in stage 1.0 failed 4 times, most recent failure: Lost task 0.3 in stage 1.0 (TID 4) (172.20.0.7 executor 0): java.lang.ClassCastException: cannot assign instance of scala.collection.immutable.List$SerializationProxy to field org.apache.spark.sql.execution.datasources.v2.DataSourceRDDPartition.inputPartitions of type scala.collection.Seq in instance of org.apache.spark.sql.execution.datasources.v2.DataSourceRDDPartition
[2024-11-03T16:46:29.939+0000] {spark_submit.py:495} INFO - at java.base/java.io.ObjectStreamClass$FieldReflector.setObjFieldValues(ObjectStreamClass.java:2096)
[2024-11-03T16:46:29.939+0000] {spark_submit.py:495} INFO - at java.base/java.io.ObjectStreamClass$FieldReflector.checkObjectFieldValueTypes(ObjectStreamClass.java:2060)
[2024-11-03T16:46:29.939+0000] {spark_submit.py:495} INFO - at java.base/java.io.ObjectStreamClass.checkObjFieldValueTypes(ObjectStreamClass.java:1347)
[2024-11-03T16:46:29.940+0000] {spark_submit.py:495} INFO - at java.base/java.io.ObjectInputStream$FieldValues.defaultCheckFieldValues(ObjectInputStream.java:2679)
[2024-11-03T16:46:29.940+0000] {spark_submit.py:495} INFO - at java.base/java.io.ObjectInputStream.readSerialData(ObjectInputStream.java:2486)
[2024-11-03T16:46:29.940+0000] {spark_submit.py:495} INFO - at java.base/java.io.ObjectInputStream.readOrdinaryObject(ObjectInputStream.java:2257)
[2024-11-03T16:46:29.941+0000] {spark_submit.py:495} INFO - at java.base/java.io.ObjectInputStream.readObject0(ObjectInputStream.java:1733)
[2024-11-03T16:46:29.941+0000] {spark_submit.py:495} INFO - at java.base/java.io.ObjectInputStream$FieldValues.<init>(ObjectInputStream.java:2606)
[2024-11-03T16:46:29.941+0000] {spark_submit.py:495} INFO - at java.base/java.io.ObjectInputStream.readSerialData(ObjectInputStream.java:2457)
[2024-11-03T16:46:29.941+0000] {spark_submit.py:495} INFO - at java.base/java.io.ObjectInputStream.readOrdinaryObject(ObjectInputStream.java:2257)
[2024-11-03T16:46:29.942+0000] {spark_submit.py:495} INFO - at java.base/java.io.ObjectInputStream.readObject0(ObjectInputStream.java:1733)
[2024-11-03T16:46:29.942+0000] {spark_submit.py:495} INFO - at java.base/java.io.ObjectInputStream.readObject(ObjectInputStream.java:509)
[2024-11-03T16:46:29.942+0000] {spark_submit.py:495} INFO - at java.base/java.io.ObjectInputStream.readObject(ObjectInputStream.java:467)
[2024-11-03T16:46:29.942+0000] {spark_submit.py:495} INFO - at org.apache.spark.serializer.JavaDeserializationStream.readObject(JavaSerializer.scala:87)
[2024-11-03T16:46:29.943+0000] {spark_submit.py:495} INFO - at org.apache.spark.serializer.JavaSerializerInstance.deserialize(JavaSerializer.scala:129)
[2024-11-03T16:46:29.943+0000] {spark_submit.py:495} INFO - at org.apache.spark.executor.Executor$TaskRunner.run(Executor.scala:513)
[2024-11-03T16:46:29.943+0000] {spark_submit.py:495} INFO - at java.base/java.util.concurrent.ThreadPoolExecutor.runWorker(ThreadPoolExecutor.java:1136)
[2024-11-03T16:46:29.943+0000] {spark_submit.py:495} INFO - at java.base/java.util.concurrent.ThreadPoolExecutor$Worker.run(ThreadPoolExecutor.java:635)
[2024-11-03T16:46:29.944+0000] {spark_submit.py:495} INFO - at java.base/java.lang.Thread.run(Thread.java:840)
[2024-11-03T16:46:29.944+0000] {spark_submit.py:495} INFO - 
[2024-11-03T16:46:29.944+0000] {spark_submit.py:495} INFO - Driver stacktrace:
[2024-11-03T16:46:30.030+0000] {spark_submit.py:495} INFO - at org.apache.spark.scheduler.DAGScheduler.failJobAndIndependentStages(DAGScheduler.scala:2785)
[2024-11-03T16:46:30.045+0000] {spark_submit.py:495} INFO - at org.apache.spark.scheduler.DAGScheduler.$anonfun$abortStage$2(DAGScheduler.scala:2721)
[2024-11-03T16:46:30.045+0000] {spark_submit.py:495} INFO - at org.apache.spark.scheduler.DAGScheduler.$anonfun$abortStage$2$adapted(DAGScheduler.scala:2720)
[2024-11-03T16:46:30.045+0000] {spark_submit.py:495} INFO - at scala.collection.mutable.ResizableArray.foreach(ResizableArray.scala:62)
[2024-11-03T16:46:30.046+0000] {spark_submit.py:495} INFO - at scala.collection.mutable.ResizableArray.foreach$(ResizableArray.scala:55)
[2024-11-03T16:46:30.046+0000] {spark_submit.py:495} INFO - at scala.collection.mutable.ArrayBuffer.foreach(ArrayBuffer.scala:49)
[2024-11-03T16:46:30.046+0000] {spark_submit.py:495} INFO - at org.apache.spark.scheduler.DAGScheduler.abortStage(DAGScheduler.scala:2720)
[2024-11-03T16:46:30.074+0000] {spark_submit.py:495} INFO - at org.apache.spark.scheduler.DAGScheduler.$anonfun$handleTaskSetFailed$1(DAGScheduler.scala:1206)
[2024-11-03T16:46:30.075+0000] {spark_submit.py:495} INFO - at org.apache.spark.scheduler.DAGScheduler.$anonfun$handleTaskSetFailed$1$adapted(DAGScheduler.scala:1206)
[2024-11-03T16:46:30.075+0000] {spark_submit.py:495} INFO - at scala.Option.foreach(Option.scala:407)
[2024-11-03T16:46:30.076+0000] {spark_submit.py:495} INFO - at org.apache.spark.scheduler.DAGScheduler.handleTaskSetFailed(DAGScheduler.scala:1206)
[2024-11-03T16:46:30.076+0000] {spark_submit.py:495} INFO - at org.apache.spark.scheduler.DAGSchedulerEventProcessLoop.doOnReceive(DAGScheduler.scala:2984)
[2024-11-03T16:46:30.076+0000] {spark_submit.py:495} INFO - at org.apache.spark.scheduler.DAGSchedulerEventProcessLoop.onReceive(DAGScheduler.scala:2923)
[2024-11-03T16:46:30.083+0000] {spark_submit.py:495} INFO - at org.apache.spark.scheduler.DAGSchedulerEventProcessLoop.onReceive(DAGScheduler.scala:2912)
[2024-11-03T16:46:30.083+0000] {spark_submit.py:495} INFO - at org.apache.spark.util.EventLoop$$anon$1.run(EventLoop.scala:49)
[2024-11-03T16:46:30.084+0000] {spark_submit.py:495} INFO - at org.apache.spark.scheduler.DAGScheduler.runJob(DAGScheduler.scala:971)
[2024-11-03T16:46:30.084+0000] {spark_submit.py:495} INFO - at org.apache.spark.SparkContext.runJob(SparkContext.scala:2263)
[2024-11-03T16:46:30.084+0000] {spark_submit.py:495} INFO - at org.apache.spark.sql.execution.datasources.v2.V2TableWriteExec.writeWithV2(WriteToDataSourceV2Exec.scala:408)
[2024-11-03T16:46:30.084+0000] {spark_submit.py:495} INFO - at org.apache.spark.sql.execution.datasources.v2.V2TableWriteExec.writeWithV2$(WriteToDataSourceV2Exec.scala:382)
[2024-11-03T16:46:30.084+0000] {spark_submit.py:495} INFO - at org.apache.spark.sql.execution.datasources.v2.WriteToDataSourceV2Exec.writeWithV2(WriteToDataSourceV2Exec.scala:330)
[2024-11-03T16:46:30.085+0000] {spark_submit.py:495} INFO - at org.apache.spark.sql.execution.datasources.v2.WriteToDataSourceV2Exec.run(WriteToDataSourceV2Exec.scala:341)
[2024-11-03T16:46:30.085+0000] {spark_submit.py:495} INFO - at org.apache.spark.sql.execution.datasources.v2.V2CommandExec.result$lzycompute(V2CommandExec.scala:43)
[2024-11-03T16:46:30.085+0000] {spark_submit.py:495} INFO - at org.apache.spark.sql.execution.datasources.v2.V2CommandExec.result(V2CommandExec.scala:43)
[2024-11-03T16:46:30.085+0000] {spark_submit.py:495} INFO - at org.apache.spark.sql.execution.datasources.v2.V2CommandExec.executeCollect(V2CommandExec.scala:49)
[2024-11-03T16:46:30.085+0000] {spark_submit.py:495} INFO - at org.apache.spark.sql.Dataset.collectFromPlan(Dataset.scala:4216)
[2024-11-03T16:46:30.086+0000] {spark_submit.py:495} INFO - at org.apache.spark.sql.Dataset.$anonfun$collect$1(Dataset.scala:3457)
[2024-11-03T16:46:30.086+0000] {spark_submit.py:495} INFO - at org.apache.spark.sql.Dataset.$anonfun$withAction$2(Dataset.scala:4206)
[2024-11-03T16:46:30.086+0000] {spark_submit.py:495} INFO - at org.apache.spark.sql.execution.QueryExecution$.withInternalError(QueryExecution.scala:526)
[2024-11-03T16:46:30.086+0000] {spark_submit.py:495} INFO - at org.apache.spark.sql.Dataset.$anonfun$withAction$1(Dataset.scala:4204)
[2024-11-03T16:46:30.086+0000] {spark_submit.py:495} INFO - at org.apache.spark.sql.execution.SQLExecution$.$anonfun$withNewExecutionId$6(SQLExecution.scala:118)
[2024-11-03T16:46:30.086+0000] {spark_submit.py:495} INFO - at org.apache.spark.sql.execution.SQLExecution$.withSQLConfPropagated(SQLExecution.scala:195)
[2024-11-03T16:46:30.087+0000] {spark_submit.py:495} INFO - at org.apache.spark.sql.execution.SQLExecution$.$anonfun$withNewExecutionId$1(SQLExecution.scala:103)
[2024-11-03T16:46:30.087+0000] {spark_submit.py:495} INFO - at org.apache.spark.sql.SparkSession.withActive(SparkSession.scala:827)
[2024-11-03T16:46:30.087+0000] {spark_submit.py:495} INFO - at org.apache.spark.sql.execution.SQLExecution$.withNewExecutionId(SQLExecution.scala:65)
[2024-11-03T16:46:30.087+0000] {spark_submit.py:495} INFO - at org.apache.spark.sql.Dataset.withAction(Dataset.scala:4204)
[2024-11-03T16:46:30.087+0000] {spark_submit.py:495} INFO - at org.apache.spark.sql.Dataset.collect(Dataset.scala:3457)
[2024-11-03T16:46:30.098+0000] {spark_submit.py:495} INFO - at org.apache.spark.sql.execution.streaming.MicroBatchExecution.$anonfun$runBatch$17(MicroBatchExecution.scala:738)
[2024-11-03T16:46:30.099+0000] {spark_submit.py:495} INFO - at org.apache.spark.sql.execution.SQLExecution$.$anonfun$withNewExecutionId$6(SQLExecution.scala:118)
[2024-11-03T16:46:30.099+0000] {spark_submit.py:495} INFO - at org.apache.spark.sql.execution.SQLExecution$.withSQLConfPropagated(SQLExecution.scala:195)
[2024-11-03T16:46:30.099+0000] {spark_submit.py:495} INFO - at org.apache.spark.sql.execution.SQLExecution$.$anonfun$withNewExecutionId$1(SQLExecution.scala:103)
[2024-11-03T16:46:30.099+0000] {spark_submit.py:495} INFO - at org.apache.spark.sql.SparkSession.withActive(SparkSession.scala:827)
[2024-11-03T16:46:30.100+0000] {spark_submit.py:495} INFO - at org.apache.spark.sql.execution.SQLExecution$.withNewExecutionId(SQLExecution.scala:65)
[2024-11-03T16:46:30.100+0000] {spark_submit.py:495} INFO - at org.apache.spark.sql.execution.streaming.MicroBatchExecution.$anonfun$runBatch$16(MicroBatchExecution.scala:726)
[2024-11-03T16:46:30.100+0000] {spark_submit.py:495} INFO - at org.apache.spark.sql.execution.streaming.ProgressReporter.reportTimeTaken(ProgressReporter.scala:411)
[2024-11-03T16:46:30.100+0000] {spark_submit.py:495} INFO - at org.apache.spark.sql.execution.streaming.ProgressReporter.reportTimeTaken$(ProgressReporter.scala:409)
[2024-11-03T16:46:30.101+0000] {spark_submit.py:495} INFO - at org.apache.spark.sql.execution.streaming.StreamExecution.reportTimeTaken(StreamExecution.scala:67)
[2024-11-03T16:46:30.101+0000] {spark_submit.py:495} INFO - at org.apache.spark.sql.execution.streaming.MicroBatchExecution.runBatch(MicroBatchExecution.scala:726)
[2024-11-03T16:46:30.101+0000] {spark_submit.py:495} INFO - at org.apache.spark.sql.execution.streaming.MicroBatchExecution.$anonfun$runActivatedStream$2(MicroBatchExecution.scala:284)
[2024-11-03T16:46:30.101+0000] {spark_submit.py:495} INFO - at scala.runtime.java8.JFunction0$mcV$sp.apply(JFunction0$mcV$sp.java:23)
[2024-11-03T16:46:30.102+0000] {spark_submit.py:495} INFO - at org.apache.spark.sql.execution.streaming.ProgressReporter.reportTimeTaken(ProgressReporter.scala:411)
[2024-11-03T16:46:30.102+0000] {spark_submit.py:495} INFO - at org.apache.spark.sql.execution.streaming.ProgressReporter.reportTimeTaken$(ProgressReporter.scala:409)
[2024-11-03T16:46:30.102+0000] {spark_submit.py:495} INFO - at org.apache.spark.sql.execution.streaming.StreamExecution.reportTimeTaken(StreamExecution.scala:67)
[2024-11-03T16:46:30.102+0000] {spark_submit.py:495} INFO - at org.apache.spark.sql.execution.streaming.MicroBatchExecution.$anonfun$runActivatedStream$1(MicroBatchExecution.scala:247)
[2024-11-03T16:46:30.103+0000] {spark_submit.py:495} INFO - at org.apache.spark.sql.execution.streaming.ProcessingTimeExecutor.execute(TriggerExecutor.scala:67)
[2024-11-03T16:46:30.103+0000] {spark_submit.py:495} INFO - at org.apache.spark.sql.execution.streaming.MicroBatchExecution.runActivatedStream(MicroBatchExecution.scala:237)
[2024-11-03T16:46:30.103+0000] {spark_submit.py:495} INFO - at org.apache.spark.sql.execution.streaming.StreamExecution.$anonfun$runStream$1(StreamExecution.scala:306)
[2024-11-03T16:46:30.103+0000] {spark_submit.py:495} INFO - at scala.runtime.java8.JFunction0$mcV$sp.apply(JFunction0$mcV$sp.java:23)
[2024-11-03T16:46:30.104+0000] {spark_submit.py:495} INFO - at org.apache.spark.sql.SparkSession.withActive(SparkSession.scala:827)
[2024-11-03T16:46:30.104+0000] {spark_submit.py:495} INFO - at org.apache.spark.sql.execution.streaming.StreamExecution.org$apache$spark$sql$execution$streaming$StreamExecution$$runStream(StreamExecution.scala:284)
[2024-11-03T16:46:30.104+0000] {spark_submit.py:495} INFO - at org.apache.spark.sql.execution.streaming.StreamExecution$$anon$1.run(StreamExecution.scala:207)
[2024-11-03T16:46:30.104+0000] {spark_submit.py:495} INFO - Caused by: java.lang.ClassCastException: cannot assign instance of scala.collection.immutable.List$SerializationProxy to field org.apache.spark.sql.execution.datasources.v2.DataSourceRDDPartition.inputPartitions of type scala.collection.Seq in instance of org.apache.spark.sql.execution.datasources.v2.DataSourceRDDPartition
[2024-11-03T16:46:30.105+0000] {spark_submit.py:495} INFO - at java.base/java.io.ObjectStreamClass$FieldReflector.setObjFieldValues(ObjectStreamClass.java:2096)
[2024-11-03T16:46:30.105+0000] {spark_submit.py:495} INFO - at java.base/java.io.ObjectStreamClass$FieldReflector.checkObjectFieldValueTypes(ObjectStreamClass.java:2060)
[2024-11-03T16:46:30.105+0000] {spark_submit.py:495} INFO - at java.base/java.io.ObjectStreamClass.checkObjFieldValueTypes(ObjectStreamClass.java:1347)
[2024-11-03T16:46:30.105+0000] {spark_submit.py:495} INFO - at java.base/java.io.ObjectInputStream$FieldValues.defaultCheckFieldValues(ObjectInputStream.java:2679)
[2024-11-03T16:46:30.105+0000] {spark_submit.py:495} INFO - at java.base/java.io.ObjectInputStream.readSerialData(ObjectInputStream.java:2486)
[2024-11-03T16:46:30.106+0000] {spark_submit.py:495} INFO - at java.base/java.io.ObjectInputStream.readOrdinaryObject(ObjectInputStream.java:2257)
[2024-11-03T16:46:30.106+0000] {spark_submit.py:495} INFO - at java.base/java.io.ObjectInputStream.readObject0(ObjectInputStream.java:1733)
[2024-11-03T16:46:30.106+0000] {spark_submit.py:495} INFO - at java.base/java.io.ObjectInputStream$FieldValues.<init>(ObjectInputStream.java:2606)
[2024-11-03T16:46:30.106+0000] {spark_submit.py:495} INFO - at java.base/java.io.ObjectInputStream.readSerialData(ObjectInputStream.java:2457)
[2024-11-03T16:46:30.107+0000] {spark_submit.py:495} INFO - at java.base/java.io.ObjectInputStream.readOrdinaryObject(ObjectInputStream.java:2257)
[2024-11-03T16:46:30.107+0000] {spark_submit.py:495} INFO - at java.base/java.io.ObjectInputStream.readObject0(ObjectInputStream.java:1733)
[2024-11-03T16:46:30.107+0000] {spark_submit.py:495} INFO - at java.base/java.io.ObjectInputStream.readObject(ObjectInputStream.java:509)
[2024-11-03T16:46:30.107+0000] {spark_submit.py:495} INFO - at java.base/java.io.ObjectInputStream.readObject(ObjectInputStream.java:467)
[2024-11-03T16:46:30.108+0000] {spark_submit.py:495} INFO - at org.apache.spark.serializer.JavaDeserializationStream.readObject(JavaSerializer.scala:87)
[2024-11-03T16:46:30.108+0000] {spark_submit.py:495} INFO - at org.apache.spark.serializer.JavaSerializerInstance.deserialize(JavaSerializer.scala:129)
[2024-11-03T16:46:30.108+0000] {spark_submit.py:495} INFO - at org.apache.spark.executor.Executor$TaskRunner.run(Executor.scala:513)
[2024-11-03T16:46:30.108+0000] {spark_submit.py:495} INFO - at java.base/java.util.concurrent.ThreadPoolExecutor.runWorker(ThreadPoolExecutor.java:1136)
[2024-11-03T16:46:30.109+0000] {spark_submit.py:495} INFO - at java.base/java.util.concurrent.ThreadPoolExecutor$Worker.run(ThreadPoolExecutor.java:635)
[2024-11-03T16:46:30.109+0000] {spark_submit.py:495} INFO - at java.base/java.lang.Thread.run(Thread.java:840)
[2024-11-03T16:46:30.109+0000] {spark_submit.py:495} INFO - 24/11/03 16:46:29 INFO AppInfoParser: App info kafka.admin.client for adminclient-1 unregistered
[2024-11-03T16:46:30.109+0000] {spark_submit.py:495} INFO - 24/11/03 16:46:29 INFO Metrics: Metrics scheduler closed
[2024-11-03T16:46:30.109+0000] {spark_submit.py:495} INFO - 24/11/03 16:46:29 INFO Metrics: Closing reporter org.apache.kafka.common.metrics.JmxReporter
[2024-11-03T16:46:30.110+0000] {spark_submit.py:495} INFO - 24/11/03 16:46:29 INFO Metrics: Metrics reporters closed
[2024-11-03T16:46:30.110+0000] {spark_submit.py:495} INFO - 24/11/03 16:46:29 INFO MicroBatchExecution: Async log purge executor pool for query [id = 024d7586-af24-482a-93ab-57a19f8a4f88, runId = 051148a2-93cd-40ac-9490-673ca445ad28] has been shutdown
[2024-11-03T16:46:31.777+0000] {spark_submit.py:495} INFO - Traceback (most recent call last):
[2024-11-03T16:46:31.790+0000] {spark_submit.py:495} INFO - File "/opt/***/dags/spark_streaming_job.py", line 63, in <module>
[2024-11-03T16:46:31.813+0000] {spark_submit.py:495} INFO - spark_streaming_job()
[2024-11-03T16:46:31.813+0000] {spark_submit.py:495} INFO - File "/opt/***/dags/spark_streaming_job.py", line 59, in spark_streaming_job
[2024-11-03T16:46:31.814+0000] {spark_submit.py:495} INFO - .awaitTermination()
[2024-11-03T16:46:31.814+0000] {spark_submit.py:495} INFO - ^^^^^^^^^^^^^^^^^^
[2024-11-03T16:46:31.814+0000] {spark_submit.py:495} INFO - File "/home/***/.local/lib/python3.11/site-packages/pyspark/python/lib/pyspark.zip/pyspark/sql/streaming/query.py", line 201, in awaitTermination
[2024-11-03T16:46:31.815+0000] {spark_submit.py:495} INFO - File "/home/***/.local/lib/python3.11/site-packages/pyspark/python/lib/py4j-0.10.9.7-src.zip/py4j/java_gateway.py", line 1322, in __call__
[2024-11-03T16:46:31.815+0000] {spark_submit.py:495} INFO - File "/home/***/.local/lib/python3.11/site-packages/pyspark/python/lib/pyspark.zip/pyspark/errors/exceptions/captured.py", line 175, in deco
[2024-11-03T16:46:31.854+0000] {spark_submit.py:495} INFO - pyspark.errors.exceptions.captured.StreamingQueryException: [STREAM_FAILED] Query [id = 024d7586-af24-482a-93ab-57a19f8a4f88, runId = 051148a2-93cd-40ac-9490-673ca445ad28] terminated with exception: Job aborted due to stage failure: Task 0 in stage 1.0 failed 4 times, most recent failure: Lost task 0.3 in stage 1.0 (TID 4) (172.20.0.7 executor 0): java.lang.ClassCastException: cannot assign instance of scala.collection.immutable.List$SerializationProxy to field org.apache.spark.sql.execution.datasources.v2.DataSourceRDDPartition.inputPartitions of type scala.collection.Seq in instance of org.apache.spark.sql.execution.datasources.v2.DataSourceRDDPartition
[2024-11-03T16:46:31.855+0000] {spark_submit.py:495} INFO - at java.base/java.io.ObjectStreamClass$FieldReflector.setObjFieldValues(ObjectStreamClass.java:2096)
[2024-11-03T16:46:31.855+0000] {spark_submit.py:495} INFO - at java.base/java.io.ObjectStreamClass$FieldReflector.checkObjectFieldValueTypes(ObjectStreamClass.java:2060)
[2024-11-03T16:46:31.855+0000] {spark_submit.py:495} INFO - at java.base/java.io.ObjectStreamClass.checkObjFieldValueTypes(ObjectStreamClass.java:1347)
[2024-11-03T16:46:31.855+0000] {spark_submit.py:495} INFO - at java.base/java.io.ObjectInputStream$FieldValues.defaultCheckFieldValues(ObjectInputStream.java:2679)
[2024-11-03T16:46:31.856+0000] {spark_submit.py:495} INFO - at java.base/java.io.ObjectInputStream.readSerialData(ObjectInputStream.java:2486)
[2024-11-03T16:46:31.856+0000] {spark_submit.py:495} INFO - at java.base/java.io.ObjectInputStream.readOrdinaryObject(ObjectInputStream.java:2257)
[2024-11-03T16:46:31.856+0000] {spark_submit.py:495} INFO - at java.base/java.io.ObjectInputStream.readObject0(ObjectInputStream.java:1733)
[2024-11-03T16:46:31.856+0000] {spark_submit.py:495} INFO - at java.base/java.io.ObjectInputStream$FieldValues.<init>(ObjectInputStream.java:2606)
[2024-11-03T16:46:31.857+0000] {spark_submit.py:495} INFO - at java.base/java.io.ObjectInputStream.readSerialData(ObjectInputStream.java:2457)
[2024-11-03T16:46:31.857+0000] {spark_submit.py:495} INFO - at java.base/java.io.ObjectInputStream.readOrdinaryObject(ObjectInputStream.java:2257)
[2024-11-03T16:46:31.857+0000] {spark_submit.py:495} INFO - at java.base/java.io.ObjectInputStream.readObject0(ObjectInputStream.java:1733)
[2024-11-03T16:46:31.857+0000] {spark_submit.py:495} INFO - at java.base/java.io.ObjectInputStream.readObject(ObjectInputStream.java:509)
[2024-11-03T16:46:31.857+0000] {spark_submit.py:495} INFO - at java.base/java.io.ObjectInputStream.readObject(ObjectInputStream.java:467)
[2024-11-03T16:46:31.858+0000] {spark_submit.py:495} INFO - at org.apache.spark.serializer.JavaDeserializationStream.readObject(JavaSerializer.scala:87)
[2024-11-03T16:46:31.858+0000] {spark_submit.py:495} INFO - at org.apache.spark.serializer.JavaSerializerInstance.deserialize(JavaSerializer.scala:129)
[2024-11-03T16:46:31.858+0000] {spark_submit.py:495} INFO - at org.apache.spark.executor.Executor$TaskRunner.run(Executor.scala:513)
[2024-11-03T16:46:31.858+0000] {spark_submit.py:495} INFO - at java.base/java.util.concurrent.ThreadPoolExecutor.runWorker(ThreadPoolExecutor.java:1136)
[2024-11-03T16:46:31.859+0000] {spark_submit.py:495} INFO - at java.base/java.util.concurrent.ThreadPoolExecutor$Worker.run(ThreadPoolExecutor.java:635)
[2024-11-03T16:46:31.859+0000] {spark_submit.py:495} INFO - at java.base/java.lang.Thread.run(Thread.java:840)
[2024-11-03T16:46:31.859+0000] {spark_submit.py:495} INFO - 
[2024-11-03T16:46:31.860+0000] {spark_submit.py:495} INFO - Driver stacktrace:
[2024-11-03T16:46:32.513+0000] {spark_submit.py:495} INFO - 24/11/03 16:46:32 INFO SparkContext: Invoking stop() from shutdown hook
[2024-11-03T16:46:32.548+0000] {spark_submit.py:495} INFO - 24/11/03 16:46:32 INFO SparkContext: SparkContext is stopping with exitCode 0.
[2024-11-03T16:46:32.775+0000] {spark_submit.py:495} INFO - 24/11/03 16:46:32 INFO SparkUI: Stopped Spark web UI at http://103054e6fa6f:4040
[2024-11-03T16:46:32.878+0000] {spark_submit.py:495} INFO - 24/11/03 16:46:32 INFO StandaloneSchedulerBackend: Shutting down all executors
[2024-11-03T16:46:32.881+0000] {spark_submit.py:495} INFO - 24/11/03 16:46:32 INFO StandaloneSchedulerBackend$StandaloneDriverEndpoint: Asking each executor to shut down
[2024-11-03T16:46:33.766+0000] {spark_submit.py:495} INFO - 24/11/03 16:46:33 INFO MapOutputTrackerMasterEndpoint: MapOutputTrackerMasterEndpoint stopped!
[2024-11-03T16:46:34.038+0000] {spark_submit.py:495} INFO - 24/11/03 16:46:34 INFO MemoryStore: MemoryStore cleared
[2024-11-03T16:46:34.043+0000] {spark_submit.py:495} INFO - 24/11/03 16:46:34 INFO BlockManager: BlockManager stopped
[2024-11-03T16:46:34.178+0000] {spark_submit.py:495} INFO - 24/11/03 16:46:34 INFO BlockManagerMaster: BlockManagerMaster stopped
[2024-11-03T16:46:34.203+0000] {spark_submit.py:495} INFO - 24/11/03 16:46:34 INFO OutputCommitCoordinator$OutputCommitCoordinatorEndpoint: OutputCommitCoordinator stopped!
[2024-11-03T16:46:35.031+0000] {spark_submit.py:495} INFO - 24/11/03 16:46:35 INFO SparkContext: Successfully stopped SparkContext
[2024-11-03T16:46:35.034+0000] {spark_submit.py:495} INFO - 24/11/03 16:46:35 INFO ShutdownHookManager: Shutdown hook called
[2024-11-03T16:46:35.034+0000] {spark_submit.py:495} INFO - 24/11/03 16:46:35 INFO ShutdownHookManager: Deleting directory /tmp/spark-4911648b-751c-44f4-a230-5f682242e18d/pyspark-71b60aab-375e-405f-8822-fe8caa5d867c
[2024-11-03T16:46:35.490+0000] {spark_submit.py:495} INFO - 24/11/03 16:46:35 INFO ShutdownHookManager: Deleting directory /tmp/temporary-65556ac5-9cb1-41a3-a064-84cad48052a0
[2024-11-03T16:46:35.877+0000] {spark_submit.py:495} INFO - 24/11/03 16:46:35 INFO ShutdownHookManager: Deleting directory /tmp/spark-c94a06d8-5624-4bcc-a5d5-4a7f28c4ac84
[2024-11-03T16:46:36.244+0000] {spark_submit.py:495} INFO - 24/11/03 16:46:36 INFO ShutdownHookManager: Deleting directory /tmp/spark-4911648b-751c-44f4-a230-5f682242e18d
[2024-11-03T16:46:37.568+0000] {taskinstance.py:441} INFO - ::group::Post task execution logs
[2024-11-03T16:46:37.656+0000] {taskinstance.py:2905} ERROR - Task failed with exception
Traceback (most recent call last):
  File "/home/airflow/.local/lib/python3.11/site-packages/airflow/models/taskinstance.py", line 465, in _execute_task
    result = _execute_callable(context=context, **execute_callable_kwargs)
             ^^^^^^^^^^^^^^^^^^^^^^^^^^^^^^^^^^^^^^^^^^^^^^^^^^^^^^^^^^^^^
  File "/home/airflow/.local/lib/python3.11/site-packages/airflow/models/taskinstance.py", line 432, in _execute_callable
    return execute_callable(context=context, **execute_callable_kwargs)
           ^^^^^^^^^^^^^^^^^^^^^^^^^^^^^^^^^^^^^^^^^^^^^^^^^^^^^^^^^^^^
  File "/home/airflow/.local/lib/python3.11/site-packages/airflow/models/baseoperator.py", line 401, in wrapper
    return func(self, *args, **kwargs)
           ^^^^^^^^^^^^^^^^^^^^^^^^^^^
  File "/home/airflow/.local/lib/python3.11/site-packages/airflow/providers/apache/spark/operators/spark_submit.py", line 157, in execute
    self._hook.submit(self._application)
  File "/home/airflow/.local/lib/python3.11/site-packages/airflow/providers/apache/spark/hooks/spark_submit.py", line 426, in submit
    raise AirflowException(
airflow.exceptions.AirflowException: Cannot execute: spark-submit --master yarn --conf spark.yarn.appMasterEnv.HADOOP_CONF_DIR=/opt/hadoop-3.2.1/etc/hadoop --packages org.apache.spark:spark-streaming-kafka-0-10_2.12:3.4.2,org.apache.spark:spark-sql-kafka-0-10_2.12:3.4.2 --name KafkaSparkHDFS /opt/***/dags/spark_streaming_job.py. Error code is: 1.
[2024-11-03T16:46:37.749+0000] {taskinstance.py:1206} INFO - Marking task as FAILED. dag_id=sensor_data_consumer, task_id=sensor_data_consumer, run_id=manual__2024-11-03T16:42:46.997390+00:00, execution_date=20241103T164246, start_date=20241103T164300, end_date=20241103T164637
[2024-11-03T16:46:38.175+0000] {standard_task_runner.py:110} ERROR - Failed to execute job 635 for task sensor_data_consumer (Cannot execute: spark-submit --master yarn --conf spark.yarn.appMasterEnv.HADOOP_CONF_DIR=/opt/hadoop-3.2.1/etc/hadoop --packages org.apache.spark:spark-streaming-kafka-0-10_2.12:3.4.2,org.apache.spark:spark-sql-kafka-0-10_2.12:3.4.2 --name KafkaSparkHDFS /opt/***/dags/spark_streaming_job.py. Error code is: 1.; 800)
[2024-11-03T16:46:38.361+0000] {local_task_job_runner.py:243} INFO - Task exited with return code 1
[2024-11-03T16:46:38.515+0000] {taskinstance.py:3503} INFO - 0 downstream tasks scheduled from follow-on schedule check
[2024-11-03T16:46:38.545+0000] {local_task_job_runner.py:222} INFO - ::endgroup::
