[2024-11-03T16:36:24.192+0000] {local_task_job_runner.py:120} INFO - ::group::Pre task execution logs
[2024-11-03T16:36:24.844+0000] {taskinstance.py:2076} INFO - Dependencies all met for dep_context=non-requeueable deps ti=<TaskInstance: sensor_data_consumer.sensor_data_consumer manual__2024-11-03T16:36:03.434682+00:00 [queued]>
[2024-11-03T16:36:25.034+0000] {taskinstance.py:2076} INFO - Dependencies all met for dep_context=requeueable deps ti=<TaskInstance: sensor_data_consumer.sensor_data_consumer manual__2024-11-03T16:36:03.434682+00:00 [queued]>
[2024-11-03T16:36:25.038+0000] {taskinstance.py:2306} INFO - Starting attempt 1 of 1
[2024-11-03T16:36:25.303+0000] {taskinstance.py:2330} INFO - Executing <Task(SparkSubmitOperator): sensor_data_consumer> on 2024-11-03 16:36:03.434682+00:00
[2024-11-03T16:36:25.448+0000] {standard_task_runner.py:64} INFO - Started process 380 to run task
[2024-11-03T16:36:25.471+0000] {standard_task_runner.py:90} INFO - Running: ['***', 'tasks', 'run', 'sensor_data_consumer', 'sensor_data_consumer', 'manual__2024-11-03T16:36:03.434682+00:00', '--job-id', '627', '--raw', '--subdir', 'DAGS_FOLDER/***_consumer.py', '--cfg-path', '/tmp/tmp7a9hb5fe']
[2024-11-03T16:36:25.547+0000] {standard_task_runner.py:91} INFO - Job 627: Subtask sensor_data_consumer
[2024-11-03T16:36:27.214+0000] {task_command.py:426} INFO - Running <TaskInstance: sensor_data_consumer.sensor_data_consumer manual__2024-11-03T16:36:03.434682+00:00 [running]> on host 103054e6fa6f
[2024-11-03T16:36:29.372+0000] {taskinstance.py:2648} INFO - Exporting env vars: AIRFLOW_CTX_DAG_OWNER='Bich Ly' AIRFLOW_CTX_DAG_ID='sensor_data_consumer' AIRFLOW_CTX_TASK_ID='sensor_data_consumer' AIRFLOW_CTX_EXECUTION_DATE='2024-11-03T16:36:03.434682+00:00' AIRFLOW_CTX_TRY_NUMBER='1' AIRFLOW_CTX_DAG_RUN_ID='manual__2024-11-03T16:36:03.434682+00:00'
[2024-11-03T16:36:29.390+0000] {taskinstance.py:430} INFO - ::endgroup::
[2024-11-03T16:36:29.511+0000] {spark_submit.py:222} INFO - Could not load connection string spark_default, defaulting to yarn
[2024-11-03T16:36:29.513+0000] {spark_submit.py:344} INFO - Spark-Submit cmd: spark-submit --master yarn --conf spark.yarn.appMasterEnv.HADOOP_CONF_DIR=/opt/hadoop-3.2.1/etc/hadoop --packages org.apache.spark:spark-streaming-kafka-0-10_2.12:3.4.2,org.apache.spark:spark-sql-kafka-0-10_2.12:3.4.2 --name KafkaSparkHDFS /opt/***/dags/spark_streaming_job.py
[2024-11-03T16:37:12.832+0000] {spark_submit.py:495} INFO - :: loading settings :: url = jar:file:/home/***/.local/lib/python3.11/site-packages/pyspark/jars/ivy-2.5.1.jar!/org/apache/ivy/core/settings/ivysettings.xml
[2024-11-03T16:37:14.693+0000] {spark_submit.py:495} INFO - Ivy Default Cache set to: /home/***/.ivy2/cache
[2024-11-03T16:37:14.704+0000] {spark_submit.py:495} INFO - The jars for the packages stored in: /home/***/.ivy2/jars
[2024-11-03T16:37:14.739+0000] {spark_submit.py:495} INFO - org.apache.spark#spark-streaming-kafka-0-10_2.12 added as a dependency
[2024-11-03T16:37:14.743+0000] {spark_submit.py:495} INFO - org.apache.spark#spark-sql-kafka-0-10_2.12 added as a dependency
[2024-11-03T16:37:14.752+0000] {spark_submit.py:495} INFO - :: resolving dependencies :: org.apache.spark#spark-submit-parent-86d5ac6e-21e4-49d6-831b-d9d61d5bc6d2;1.0
[2024-11-03T16:37:14.753+0000] {spark_submit.py:495} INFO - confs: [default]
[2024-11-03T16:37:18.461+0000] {spark_submit.py:495} INFO - found org.apache.spark#spark-streaming-kafka-0-10_2.12;3.4.2 in central
[2024-11-03T16:37:19.262+0000] {spark_submit.py:495} INFO - found org.apache.spark#spark-token-provider-kafka-0-10_2.12;3.4.2 in central
[2024-11-03T16:37:19.796+0000] {spark_submit.py:495} INFO - found org.apache.kafka#kafka-clients;3.3.2 in central
[2024-11-03T16:37:20.425+0000] {spark_submit.py:495} INFO - found org.lz4#lz4-java;1.8.0 in central
[2024-11-03T16:37:21.343+0000] {spark_submit.py:495} INFO - found org.xerial.snappy#snappy-java;1.1.10.3 in central
[2024-11-03T16:37:21.753+0000] {spark_submit.py:495} INFO - found org.slf4j#slf4j-api;2.0.6 in central
[2024-11-03T16:37:22.343+0000] {spark_submit.py:495} INFO - found org.apache.hadoop#hadoop-client-runtime;3.3.4 in central
[2024-11-03T16:37:22.633+0000] {spark_submit.py:495} INFO - found org.apache.hadoop#hadoop-client-api;3.3.4 in central
[2024-11-03T16:37:22.930+0000] {spark_submit.py:495} INFO - found commons-logging#commons-logging;1.1.3 in central
[2024-11-03T16:37:23.258+0000] {spark_submit.py:495} INFO - found com.google.code.findbugs#jsr305;3.0.0 in central
[2024-11-03T16:37:23.449+0000] {spark_submit.py:495} INFO - found org.apache.spark#spark-sql-kafka-0-10_2.12;3.4.2 in central
[2024-11-03T16:37:23.796+0000] {spark_submit.py:495} INFO - found org.apache.commons#commons-pool2;2.11.1 in central
[2024-11-03T16:37:24.215+0000] {spark_submit.py:495} INFO - :: resolution report :: resolve 9309ms :: artifacts dl 150ms
[2024-11-03T16:37:24.232+0000] {spark_submit.py:495} INFO - :: modules in use:
[2024-11-03T16:37:24.249+0000] {spark_submit.py:495} INFO - com.google.code.findbugs#jsr305;3.0.0 from central in [default]
[2024-11-03T16:37:24.249+0000] {spark_submit.py:495} INFO - commons-logging#commons-logging;1.1.3 from central in [default]
[2024-11-03T16:37:24.250+0000] {spark_submit.py:495} INFO - org.apache.commons#commons-pool2;2.11.1 from central in [default]
[2024-11-03T16:37:24.250+0000] {spark_submit.py:495} INFO - org.apache.hadoop#hadoop-client-api;3.3.4 from central in [default]
[2024-11-03T16:37:24.250+0000] {spark_submit.py:495} INFO - org.apache.hadoop#hadoop-client-runtime;3.3.4 from central in [default]
[2024-11-03T16:37:24.250+0000] {spark_submit.py:495} INFO - org.apache.kafka#kafka-clients;3.3.2 from central in [default]
[2024-11-03T16:37:24.250+0000] {spark_submit.py:495} INFO - org.apache.spark#spark-sql-kafka-0-10_2.12;3.4.2 from central in [default]
[2024-11-03T16:37:24.250+0000] {spark_submit.py:495} INFO - org.apache.spark#spark-streaming-kafka-0-10_2.12;3.4.2 from central in [default]
[2024-11-03T16:37:24.251+0000] {spark_submit.py:495} INFO - org.apache.spark#spark-token-provider-kafka-0-10_2.12;3.4.2 from central in [default]
[2024-11-03T16:37:24.251+0000] {spark_submit.py:495} INFO - org.lz4#lz4-java;1.8.0 from central in [default]
[2024-11-03T16:37:24.251+0000] {spark_submit.py:495} INFO - org.slf4j#slf4j-api;2.0.6 from central in [default]
[2024-11-03T16:37:24.251+0000] {spark_submit.py:495} INFO - org.xerial.snappy#snappy-java;1.1.10.3 from central in [default]
[2024-11-03T16:37:24.251+0000] {spark_submit.py:495} INFO - ---------------------------------------------------------------------
[2024-11-03T16:37:24.251+0000] {spark_submit.py:495} INFO - |                  |            modules            ||   artifacts   |
[2024-11-03T16:37:24.252+0000] {spark_submit.py:495} INFO - |       conf       | number| search|dwnlded|evicted|| number|dwnlded|
[2024-11-03T16:37:24.252+0000] {spark_submit.py:495} INFO - ---------------------------------------------------------------------
[2024-11-03T16:37:24.252+0000] {spark_submit.py:495} INFO - |      default     |   12  |   0   |   0   |   0   ||   12  |   0   |
[2024-11-03T16:37:24.252+0000] {spark_submit.py:495} INFO - ---------------------------------------------------------------------
[2024-11-03T16:37:24.293+0000] {spark_submit.py:495} INFO - :: retrieving :: org.apache.spark#spark-submit-parent-86d5ac6e-21e4-49d6-831b-d9d61d5bc6d2
[2024-11-03T16:37:24.294+0000] {spark_submit.py:495} INFO - confs: [default]
[2024-11-03T16:37:24.544+0000] {spark_submit.py:495} INFO - 0 artifacts copied, 12 already retrieved (0kB/216ms)
[2024-11-03T16:37:29.027+0000] {spark_submit.py:495} INFO - 24/11/03 16:37:28 WARN NativeCodeLoader: Unable to load native-hadoop library for your platform... using builtin-java classes where applicable
[2024-11-03T16:37:45.122+0000] {spark_submit.py:495} INFO - 24/11/03 16:37:45 INFO SparkContext: Running Spark version 3.4.2
[2024-11-03T16:37:45.819+0000] {spark_submit.py:495} INFO - 24/11/03 16:37:45 INFO ResourceUtils: ==============================================================
[2024-11-03T16:37:45.892+0000] {spark_submit.py:495} INFO - 24/11/03 16:37:45 INFO ResourceUtils: No custom resources configured for spark.driver.
[2024-11-03T16:37:45.893+0000] {spark_submit.py:495} INFO - 24/11/03 16:37:45 INFO ResourceUtils: ==============================================================
[2024-11-03T16:37:45.893+0000] {spark_submit.py:495} INFO - 24/11/03 16:37:45 INFO SparkContext: Submitted application: KafkaSparkStreaming
[2024-11-03T16:37:46.165+0000] {spark_submit.py:495} INFO - 24/11/03 16:37:46 INFO ResourceProfile: Default ResourceProfile created, executor resources: Map(memory -> name: memory, amount: 1024, script: , vendor: , offHeap -> name: offHeap, amount: 0, script: , vendor: ), task resources: Map(cpus -> name: cpus, amount: 1.0)
[2024-11-03T16:37:46.210+0000] {spark_submit.py:495} INFO - 24/11/03 16:37:46 INFO ResourceProfile: Limiting resource is cpu
[2024-11-03T16:37:46.244+0000] {spark_submit.py:495} INFO - 24/11/03 16:37:46 INFO ResourceProfileManager: Added ResourceProfile id: 0
[2024-11-03T16:37:47.042+0000] {spark_submit.py:495} INFO - 24/11/03 16:37:47 INFO SecurityManager: Changing view acls to: ***
[2024-11-03T16:37:47.070+0000] {spark_submit.py:495} INFO - 24/11/03 16:37:47 INFO SecurityManager: Changing modify acls to: ***
[2024-11-03T16:37:47.078+0000] {spark_submit.py:495} INFO - 24/11/03 16:37:47 INFO SecurityManager: Changing view acls groups to:
[2024-11-03T16:37:47.087+0000] {spark_submit.py:495} INFO - 24/11/03 16:37:47 INFO SecurityManager: Changing modify acls groups to:
[2024-11-03T16:37:47.095+0000] {spark_submit.py:495} INFO - 24/11/03 16:37:47 INFO SecurityManager: SecurityManager: authentication disabled; ui acls disabled; users with view permissions: ***; groups with view permissions: EMPTY; users with modify permissions: ***; groups with modify permissions: EMPTY
[2024-11-03T16:37:51.826+0000] {spark_submit.py:495} INFO - 24/11/03 16:37:51 INFO Utils: Successfully started service 'sparkDriver' on port 32993.
[2024-11-03T16:37:52.580+0000] {spark_submit.py:495} INFO - 24/11/03 16:37:52 INFO SparkEnv: Registering MapOutputTracker
[2024-11-03T16:37:52.888+0000] {spark_submit.py:495} INFO - 24/11/03 16:37:52 INFO SparkEnv: Registering BlockManagerMaster
[2024-11-03T16:37:53.077+0000] {spark_submit.py:495} INFO - 24/11/03 16:37:53 INFO BlockManagerMasterEndpoint: Using org.apache.spark.storage.DefaultTopologyMapper for getting topology information
[2024-11-03T16:37:53.086+0000] {spark_submit.py:495} INFO - 24/11/03 16:37:53 INFO BlockManagerMasterEndpoint: BlockManagerMasterEndpoint up
[2024-11-03T16:37:53.146+0000] {spark_submit.py:495} INFO - 24/11/03 16:37:53 INFO SparkEnv: Registering BlockManagerMasterHeartbeat
[2024-11-03T16:37:53.512+0000] {spark_submit.py:495} INFO - 24/11/03 16:37:53 INFO DiskBlockManager: Created local directory at /tmp/blockmgr-7a1b96a7-4dcd-4c50-a75a-1d3c102eef5a
[2024-11-03T16:37:53.710+0000] {spark_submit.py:495} INFO - 24/11/03 16:37:53 INFO MemoryStore: MemoryStore started with capacity 434.4 MiB
[2024-11-03T16:37:54.043+0000] {spark_submit.py:495} INFO - 24/11/03 16:37:53 INFO SparkEnv: Registering OutputCommitCoordinator
[2024-11-03T16:37:56.721+0000] {spark_submit.py:495} INFO - 24/11/03 16:37:56 INFO JettyUtils: Start Jetty 0.0.0.0:4040 for SparkUI
[2024-11-03T16:37:57.926+0000] {spark_submit.py:495} INFO - 24/11/03 16:37:57 INFO Utils: Successfully started service 'SparkUI' on port 4040.
[2024-11-03T16:38:00.536+0000] {spark_submit.py:495} INFO - 24/11/03 16:38:00 INFO StandaloneAppClient$ClientEndpoint: Connecting to master spark://spark-master:7077...
[2024-11-03T16:38:00.915+0000] {spark_submit.py:495} INFO - 24/11/03 16:38:00 INFO TransportClientFactory: Successfully created connection to spark-master/172.20.0.2:7077 after 211 ms (0 ms spent in bootstraps)
[2024-11-03T16:38:04.166+0000] {spark_submit.py:495} INFO - 24/11/03 16:38:04 INFO StandaloneSchedulerBackend: Connected to Spark cluster with app ID app-20241103163803-0000
[2024-11-03T16:38:04.248+0000] {spark_submit.py:495} INFO - 24/11/03 16:38:04 INFO Utils: Successfully started service 'org.apache.spark.network.netty.NettyBlockTransferService' on port 36889.
[2024-11-03T16:38:04.253+0000] {spark_submit.py:495} INFO - 24/11/03 16:38:04 INFO NettyBlockTransferService: Server created on 103054e6fa6f:36889
[2024-11-03T16:38:04.264+0000] {spark_submit.py:495} INFO - 24/11/03 16:38:04 INFO BlockManager: Using org.apache.spark.storage.RandomBlockReplicationPolicy for block replication policy
[2024-11-03T16:38:04.568+0000] {spark_submit.py:495} INFO - 24/11/03 16:38:04 INFO BlockManagerMaster: Registering BlockManager BlockManagerId(driver, 103054e6fa6f, 36889, None)
[2024-11-03T16:38:04.676+0000] {spark_submit.py:495} INFO - 24/11/03 16:38:04 INFO BlockManagerMasterEndpoint: Registering block manager 103054e6fa6f:36889 with 434.4 MiB RAM, BlockManagerId(driver, 103054e6fa6f, 36889, None)
[2024-11-03T16:38:04.734+0000] {spark_submit.py:495} INFO - 24/11/03 16:38:04 INFO BlockManagerMaster: Registered BlockManager BlockManagerId(driver, 103054e6fa6f, 36889, None)
[2024-11-03T16:38:04.739+0000] {spark_submit.py:495} INFO - 24/11/03 16:38:04 INFO BlockManager: Initialized BlockManager: BlockManagerId(driver, 103054e6fa6f, 36889, None)
[2024-11-03T16:38:04.915+0000] {spark_submit.py:495} INFO - 24/11/03 16:38:04 INFO StandaloneAppClient$ClientEndpoint: Executor added: app-20241103163803-0000/0 on worker-20241103162801-172.20.0.7-33453 (172.20.0.7:33453) with 1 core(s)
[2024-11-03T16:38:05.070+0000] {spark_submit.py:495} INFO - 24/11/03 16:38:05 INFO StandaloneSchedulerBackend: Granted executor ID app-20241103163803-0000/0 on hostPort 172.20.0.7:33453 with 1 core(s), 1024.0 MiB RAM
[2024-11-03T16:38:09.183+0000] {spark_submit.py:495} INFO - 24/11/03 16:38:09 INFO StandaloneSchedulerBackend: SchedulerBackend is ready for scheduling beginning after reached minRegisteredResourcesRatio: 0.0
[2024-11-03T16:38:22.524+0000] {spark_submit.py:495} INFO - 24/11/03 16:38:22 INFO SharedState: Setting hive.metastore.warehouse.dir ('null') to the value of spark.sql.warehouse.dir.
[2024-11-03T16:38:22.645+0000] {spark_submit.py:495} INFO - 24/11/03 16:38:22 INFO SharedState: Warehouse path is 'file:/opt/***/spark-warehouse'.
[2024-11-03T16:38:30.121+0000] {spark_submit.py:495} INFO - 24/11/03 16:38:30 INFO StandaloneAppClient$ClientEndpoint: Executor updated: app-20241103163803-0000/0 is now RUNNING
[2024-11-03T16:39:24.972+0000] {spark_submit.py:495} INFO - done
[2024-11-03T16:39:26.034+0000] {spark_submit.py:495} INFO - root
[2024-11-03T16:39:26.035+0000] {spark_submit.py:495} INFO - |-- sensor_id: integer (nullable = true)
[2024-11-03T16:39:26.036+0000] {spark_submit.py:495} INFO - |-- temperature: float (nullable = true)
[2024-11-03T16:39:26.036+0000] {spark_submit.py:495} INFO - |-- humidity: float (nullable = true)
[2024-11-03T16:39:26.036+0000] {spark_submit.py:495} INFO - |-- timestamp: string (nullable = true)
[2024-11-03T16:39:26.036+0000] {spark_submit.py:495} INFO - 
[2024-11-03T16:39:26.554+0000] {spark_submit.py:495} INFO - 24/11/03 16:39:26 INFO StateStoreCoordinatorRef: Registered StateStoreCoordinator endpoint
[2024-11-03T16:39:26.800+0000] {spark_submit.py:495} INFO - 24/11/03 16:39:26 WARN ResolveWriteToStream: Temporary checkpoint location created which is deleted normally when the query didn't fail: /tmp/temporary-b5c52248-cfd1-462e-8405-b5dd9c680666. If it's required to delete it under any circumstances, please set spark.sql.streaming.forceDeleteTempCheckpointLocation to true. Important to know deleting temp checkpoint folder is best effort.
[2024-11-03T16:39:27.327+0000] {spark_submit.py:495} INFO - 24/11/03 16:39:27 INFO ResolveWriteToStream: Checkpoint root /tmp/temporary-b5c52248-cfd1-462e-8405-b5dd9c680666 resolved to file:/tmp/temporary-b5c52248-cfd1-462e-8405-b5dd9c680666.
[2024-11-03T16:39:27.350+0000] {spark_submit.py:495} INFO - 24/11/03 16:39:27 WARN ResolveWriteToStream: spark.sql.adaptive.enabled is not supported in streaming DataFrames/Datasets and will be disabled.
[2024-11-03T16:39:29.866+0000] {spark_submit.py:495} INFO - 24/11/03 16:39:29 INFO CheckpointFileManager: Writing atomically to file:/tmp/temporary-b5c52248-cfd1-462e-8405-b5dd9c680666/metadata using temp file file:/tmp/temporary-b5c52248-cfd1-462e-8405-b5dd9c680666/.metadata.5eb84ddc-ae82-4752-9202-34e3641f212f.tmp
[2024-11-03T16:39:32.053+0000] {spark_submit.py:495} INFO - 24/11/03 16:39:32 INFO CheckpointFileManager: Renamed temp file file:/tmp/temporary-b5c52248-cfd1-462e-8405-b5dd9c680666/.metadata.5eb84ddc-ae82-4752-9202-34e3641f212f.tmp to file:/tmp/temporary-b5c52248-cfd1-462e-8405-b5dd9c680666/metadata
[2024-11-03T16:39:33.457+0000] {spark_submit.py:495} INFO - 24/11/03 16:39:33 INFO MicroBatchExecution: Starting [id = b8eca831-cfc9-46a8-aa1a-48d311ffc95d, runId = 9e411fe8-6794-485a-b1f1-61bfe7362edc]. Use file:/tmp/temporary-b5c52248-cfd1-462e-8405-b5dd9c680666 to store the query checkpoint.
[2024-11-03T16:39:33.935+0000] {spark_submit.py:495} INFO - 24/11/03 16:39:33 INFO MicroBatchExecution: Reading table [org.apache.spark.sql.kafka010.KafkaSourceProvider$KafkaTable@fac3147] from DataSourceV2 named 'kafka' [org.apache.spark.sql.kafka010.KafkaSourceProvider@ce410ec]
[2024-11-03T16:39:34.328+0000] {spark_submit.py:495} INFO - 24/11/03 16:39:34 INFO OffsetSeqLog: BatchIds found from listing:
[2024-11-03T16:39:34.429+0000] {spark_submit.py:495} INFO - 24/11/03 16:39:34 INFO OffsetSeqLog: BatchIds found from listing:
[2024-11-03T16:39:34.465+0000] {spark_submit.py:495} INFO - 24/11/03 16:39:34 INFO MicroBatchExecution: Starting new streaming query.
[2024-11-03T16:39:34.525+0000] {spark_submit.py:495} INFO - 24/11/03 16:39:34 INFO MicroBatchExecution: Stream started from {}
[2024-11-03T16:39:40.619+0000] {spark_submit.py:495} INFO - 24/11/03 16:39:40 INFO AdminClientConfig: AdminClientConfig values:
[2024-11-03T16:39:40.633+0000] {spark_submit.py:495} INFO - bootstrap.servers = [10.0.2.15:9092]
[2024-11-03T16:39:40.634+0000] {spark_submit.py:495} INFO - client.dns.lookup = use_all_dns_ips
[2024-11-03T16:39:40.634+0000] {spark_submit.py:495} INFO - client.id =
[2024-11-03T16:39:40.745+0000] {spark_submit.py:495} INFO - connections.max.idle.ms = 300000
[2024-11-03T16:39:40.749+0000] {spark_submit.py:495} INFO - default.api.timeout.ms = 60000
[2024-11-03T16:39:40.749+0000] {spark_submit.py:495} INFO - metadata.max.age.ms = 300000
[2024-11-03T16:39:40.750+0000] {spark_submit.py:495} INFO - metric.reporters = []
[2024-11-03T16:39:40.750+0000] {spark_submit.py:495} INFO - metrics.num.samples = 2
[2024-11-03T16:39:40.750+0000] {spark_submit.py:495} INFO - metrics.recording.level = INFO
[2024-11-03T16:39:40.750+0000] {spark_submit.py:495} INFO - metrics.sample.window.ms = 30000
[2024-11-03T16:39:40.750+0000] {spark_submit.py:495} INFO - receive.buffer.bytes = 65536
[2024-11-03T16:39:40.751+0000] {spark_submit.py:495} INFO - reconnect.backoff.max.ms = 1000
[2024-11-03T16:39:40.751+0000] {spark_submit.py:495} INFO - reconnect.backoff.ms = 50
[2024-11-03T16:39:40.751+0000] {spark_submit.py:495} INFO - request.timeout.ms = 30000
[2024-11-03T16:39:40.751+0000] {spark_submit.py:495} INFO - retries = 2147483647
[2024-11-03T16:39:40.751+0000] {spark_submit.py:495} INFO - retry.backoff.ms = 100
[2024-11-03T16:39:40.751+0000] {spark_submit.py:495} INFO - sasl.client.callback.handler.class = null
[2024-11-03T16:39:40.752+0000] {spark_submit.py:495} INFO - sasl.jaas.config = null
[2024-11-03T16:39:40.752+0000] {spark_submit.py:495} INFO - sasl.kerberos.kinit.cmd = /usr/bin/kinit
[2024-11-03T16:39:40.752+0000] {spark_submit.py:495} INFO - sasl.kerberos.min.time.before.relogin = 60000
[2024-11-03T16:39:40.860+0000] {spark_submit.py:495} INFO - sasl.kerberos.service.name = null
[2024-11-03T16:39:40.876+0000] {spark_submit.py:495} INFO - sasl.kerberos.ticket.renew.jitter = 0.05
[2024-11-03T16:39:40.903+0000] {spark_submit.py:495} INFO - sasl.kerberos.ticket.renew.window.factor = 0.8
[2024-11-03T16:39:40.904+0000] {spark_submit.py:495} INFO - sasl.login.callback.handler.class = null
[2024-11-03T16:39:40.904+0000] {spark_submit.py:495} INFO - sasl.login.class = null
[2024-11-03T16:39:40.904+0000] {spark_submit.py:495} INFO - sasl.login.connect.timeout.ms = null
[2024-11-03T16:39:40.904+0000] {spark_submit.py:495} INFO - sasl.login.read.timeout.ms = null
[2024-11-03T16:39:40.905+0000] {spark_submit.py:495} INFO - sasl.login.refresh.buffer.seconds = 300
[2024-11-03T16:39:40.905+0000] {spark_submit.py:495} INFO - sasl.login.refresh.min.period.seconds = 60
[2024-11-03T16:39:40.905+0000] {spark_submit.py:495} INFO - sasl.login.refresh.window.factor = 0.8
[2024-11-03T16:39:40.905+0000] {spark_submit.py:495} INFO - sasl.login.refresh.window.jitter = 0.05
[2024-11-03T16:39:40.906+0000] {spark_submit.py:495} INFO - sasl.login.retry.backoff.max.ms = 10000
[2024-11-03T16:39:40.906+0000] {spark_submit.py:495} INFO - sasl.login.retry.backoff.ms = 100
[2024-11-03T16:39:40.906+0000] {spark_submit.py:495} INFO - sasl.mechanism = GSSAPI
[2024-11-03T16:39:40.906+0000] {spark_submit.py:495} INFO - sasl.oauthbearer.clock.skew.seconds = 30
[2024-11-03T16:39:40.906+0000] {spark_submit.py:495} INFO - sasl.oauthbearer.expected.audience = null
[2024-11-03T16:39:40.907+0000] {spark_submit.py:495} INFO - sasl.oauthbearer.expected.issuer = null
[2024-11-03T16:39:40.907+0000] {spark_submit.py:495} INFO - sasl.oauthbearer.jwks.endpoint.refresh.ms = 3600000
[2024-11-03T16:39:40.907+0000] {spark_submit.py:495} INFO - sasl.oauthbearer.jwks.endpoint.retry.backoff.max.ms = 10000
[2024-11-03T16:39:41.127+0000] {spark_submit.py:495} INFO - sasl.oauthbearer.jwks.endpoint.retry.backoff.ms = 100
[2024-11-03T16:39:41.128+0000] {spark_submit.py:495} INFO - sasl.oauthbearer.jwks.endpoint.url = null
[2024-11-03T16:39:41.128+0000] {spark_submit.py:495} INFO - sasl.oauthbearer.scope.claim.name = scope
[2024-11-03T16:39:41.128+0000] {spark_submit.py:495} INFO - sasl.oauthbearer.sub.claim.name = sub
[2024-11-03T16:39:41.128+0000] {spark_submit.py:495} INFO - sasl.oauthbearer.token.endpoint.url = null
[2024-11-03T16:39:41.128+0000] {spark_submit.py:495} INFO - security.protocol = PLAINTEXT
[2024-11-03T16:39:41.129+0000] {spark_submit.py:495} INFO - security.providers = null
[2024-11-03T16:39:41.129+0000] {spark_submit.py:495} INFO - send.buffer.bytes = 131072
[2024-11-03T16:39:41.129+0000] {spark_submit.py:495} INFO - socket.connection.setup.timeout.max.ms = 30000
[2024-11-03T16:39:41.129+0000] {spark_submit.py:495} INFO - socket.connection.setup.timeout.ms = 10000
[2024-11-03T16:39:41.129+0000] {spark_submit.py:495} INFO - ssl.cipher.suites = null
[2024-11-03T16:39:41.130+0000] {spark_submit.py:495} INFO - ssl.enabled.protocols = [TLSv1.2, TLSv1.3]
[2024-11-03T16:39:41.130+0000] {spark_submit.py:495} INFO - ssl.endpoint.identification.algorithm = https
[2024-11-03T16:39:41.130+0000] {spark_submit.py:495} INFO - ssl.engine.factory.class = null
[2024-11-03T16:39:41.130+0000] {spark_submit.py:495} INFO - ssl.key.password = null
[2024-11-03T16:39:41.130+0000] {spark_submit.py:495} INFO - ssl.keymanager.algorithm = SunX509
[2024-11-03T16:39:41.131+0000] {spark_submit.py:495} INFO - ssl.keystore.certificate.chain = null
[2024-11-03T16:39:41.131+0000] {spark_submit.py:495} INFO - ssl.keystore.key = null
[2024-11-03T16:39:41.131+0000] {spark_submit.py:495} INFO - ssl.keystore.location = null
[2024-11-03T16:39:41.131+0000] {spark_submit.py:495} INFO - ssl.keystore.password = null
[2024-11-03T16:39:41.131+0000] {spark_submit.py:495} INFO - ssl.keystore.type = JKS
[2024-11-03T16:39:41.132+0000] {spark_submit.py:495} INFO - ssl.protocol = TLSv1.3
[2024-11-03T16:39:41.132+0000] {spark_submit.py:495} INFO - ssl.provider = null
[2024-11-03T16:39:41.133+0000] {spark_submit.py:495} INFO - ssl.secure.random.implementation = null
[2024-11-03T16:39:41.133+0000] {spark_submit.py:495} INFO - ssl.trustmanager.algorithm = PKIX
[2024-11-03T16:39:41.133+0000] {spark_submit.py:495} INFO - ssl.truststore.certificates = null
[2024-11-03T16:39:41.133+0000] {spark_submit.py:495} INFO - ssl.truststore.location = null
[2024-11-03T16:39:41.133+0000] {spark_submit.py:495} INFO - ssl.truststore.password = null
[2024-11-03T16:39:41.286+0000] {spark_submit.py:495} INFO - ssl.truststore.type = JKS
[2024-11-03T16:39:41.286+0000] {spark_submit.py:495} INFO - 
[2024-11-03T16:39:42.296+0000] {spark_submit.py:495} INFO - 24/11/03 16:39:42 WARN AdminClientConfig: These configurations '[key.deserializer, value.deserializer, enable.auto.commit, max.poll.records, auto.offset.reset]' were supplied but are not used yet.
[2024-11-03T16:39:42.437+0000] {spark_submit.py:495} INFO - 24/11/03 16:39:42 INFO AppInfoParser: Kafka version: 3.3.2
[2024-11-03T16:39:42.502+0000] {spark_submit.py:495} INFO - 24/11/03 16:39:42 INFO AppInfoParser: Kafka commitId: b66af662e61082cb
[2024-11-03T16:39:42.516+0000] {spark_submit.py:495} INFO - 24/11/03 16:39:42 INFO AppInfoParser: Kafka startTimeMs: 1730651982312
[2024-11-03T16:39:50.156+0000] {spark_submit.py:495} INFO - 24/11/03 16:39:50 INFO StandaloneSchedulerBackend$StandaloneDriverEndpoint: Registered executor NettyRpcEndpointRef(spark-client://Executor) (172.20.0.7:48866) with ID 0,  ResourceProfileId 0
[2024-11-03T16:39:52.959+0000] {spark_submit.py:495} INFO - 24/11/03 16:39:52 INFO BlockManagerMasterEndpoint: Registering block manager 172.20.0.7:41273 with 434.4 MiB RAM, BlockManagerId(0, 172.20.0.7, 41273, None)
[2024-11-03T16:39:53.568+0000] {spark_submit.py:495} INFO - 24/11/03 16:39:53 INFO CheckpointFileManager: Writing atomically to file:/tmp/temporary-b5c52248-cfd1-462e-8405-b5dd9c680666/sources/0/0 using temp file file:/tmp/temporary-b5c52248-cfd1-462e-8405-b5dd9c680666/sources/0/.0.45d30175-e1ae-461d-994e-455b13fe100a.tmp
[2024-11-03T16:39:55.818+0000] {spark_submit.py:495} INFO - 24/11/03 16:39:55 INFO CheckpointFileManager: Renamed temp file file:/tmp/temporary-b5c52248-cfd1-462e-8405-b5dd9c680666/sources/0/.0.45d30175-e1ae-461d-994e-455b13fe100a.tmp to file:/tmp/temporary-b5c52248-cfd1-462e-8405-b5dd9c680666/sources/0/0
[2024-11-03T16:39:55.843+0000] {spark_submit.py:495} INFO - 24/11/03 16:39:55 INFO KafkaMicroBatchStream: Initial offsets: {"raw_data":{"0":3203}}
[2024-11-03T16:39:56.895+0000] {spark_submit.py:495} INFO - 24/11/03 16:39:56 INFO CheckpointFileManager: Writing atomically to file:/tmp/temporary-b5c52248-cfd1-462e-8405-b5dd9c680666/offsets/0 using temp file file:/tmp/temporary-b5c52248-cfd1-462e-8405-b5dd9c680666/offsets/.0.fd2358dc-e10e-4412-8d5c-73b74bd0f033.tmp
[2024-11-03T16:39:58.386+0000] {spark_submit.py:495} INFO - 24/11/03 16:39:58 INFO CheckpointFileManager: Renamed temp file file:/tmp/temporary-b5c52248-cfd1-462e-8405-b5dd9c680666/offsets/.0.fd2358dc-e10e-4412-8d5c-73b74bd0f033.tmp to file:/tmp/temporary-b5c52248-cfd1-462e-8405-b5dd9c680666/offsets/0
[2024-11-03T16:39:58.406+0000] {spark_submit.py:495} INFO - 24/11/03 16:39:58 INFO MicroBatchExecution: Committed offsets for batch 0. Metadata OffsetSeqMetadata(0,1730651996571,Map(spark.sql.streaming.stateStore.providerClass -> org.apache.spark.sql.execution.streaming.state.HDFSBackedStateStoreProvider, spark.sql.streaming.join.stateFormatVersion -> 2, spark.sql.streaming.stateStore.compression.codec -> lz4, spark.sql.streaming.stateStore.rocksdb.formatVersion -> 5, spark.sql.streaming.statefulOperator.useStrictDistribution -> true, spark.sql.streaming.flatMapGroupsWithState.stateFormatVersion -> 2, spark.sql.streaming.multipleWatermarkPolicy -> min, spark.sql.streaming.aggregation.stateFormatVersion -> 2, spark.sql.shuffle.partitions -> 200))
[2024-11-03T16:40:03.226+0000] {spark_submit.py:495} INFO - 24/11/03 16:40:03 INFO KafkaOffsetReaderAdmin: Partitions added: Map()
[2024-11-03T16:40:05.340+0000] {spark_submit.py:495} INFO - 24/11/03 16:40:05 INFO KafkaOffsetReaderAdmin: Partitions added: Map()
[2024-11-03T16:40:05.765+0000] {spark_submit.py:495} INFO - 24/11/03 16:40:05 INFO KafkaOffsetReaderAdmin: Partitions added: Map()
[2024-11-03T16:40:05.960+0000] {spark_submit.py:495} INFO - 24/11/03 16:40:05 INFO KafkaOffsetReaderAdmin: Partitions added: Map()
[2024-11-03T16:40:06.471+0000] {spark_submit.py:495} INFO - 24/11/03 16:40:06 INFO KafkaOffsetReaderAdmin: Partitions added: Map()
[2024-11-03T16:40:06.536+0000] {spark_submit.py:495} INFO - 24/11/03 16:40:06 INFO KafkaOffsetReaderAdmin: Partitions added: Map()
[2024-11-03T16:40:11.715+0000] {spark_submit.py:495} INFO - 24/11/03 16:40:11 INFO CodeGenerator: Code generated in 3284.331044 ms
[2024-11-03T16:40:12.510+0000] {spark_submit.py:495} INFO - 24/11/03 16:40:12 INFO WriteToDataSourceV2Exec: Start processing data source write support: MicroBatchWrite[epoch: 0, writer: ConsoleWriter[numRows=20, truncate=false]]. The input RDD has 1 partitions.
[2024-11-03T16:40:12.706+0000] {spark_submit.py:495} INFO - 24/11/03 16:40:12 INFO SparkContext: Starting job: start at NativeMethodAccessorImpl.java:0
[2024-11-03T16:40:13.134+0000] {spark_submit.py:495} INFO - 24/11/03 16:40:13 INFO DAGScheduler: Got job 0 (start at NativeMethodAccessorImpl.java:0) with 1 output partitions
[2024-11-03T16:40:13.153+0000] {spark_submit.py:495} INFO - 24/11/03 16:40:13 INFO DAGScheduler: Final stage: ResultStage 0 (start at NativeMethodAccessorImpl.java:0)
[2024-11-03T16:40:13.174+0000] {spark_submit.py:495} INFO - 24/11/03 16:40:13 INFO DAGScheduler: Parents of final stage: List()
[2024-11-03T16:40:13.188+0000] {spark_submit.py:495} INFO - 24/11/03 16:40:13 INFO DAGScheduler: Missing parents: List()
[2024-11-03T16:40:13.248+0000] {spark_submit.py:495} INFO - 24/11/03 16:40:13 INFO DAGScheduler: Submitting ResultStage 0 (MapPartitionsRDD[3] at start at NativeMethodAccessorImpl.java:0), which has no missing parents
[2024-11-03T16:40:15.192+0000] {spark_submit.py:495} INFO - 24/11/03 16:40:15 INFO MemoryStore: Block broadcast_0 stored as values in memory (estimated size 23.3 KiB, free 434.4 MiB)
[2024-11-03T16:40:18.157+0000] {spark_submit.py:495} INFO - 24/11/03 16:40:18 INFO MemoryStore: Block broadcast_0_piece0 stored as bytes in memory (estimated size 11.0 KiB, free 434.4 MiB)
[2024-11-03T16:40:18.197+0000] {spark_submit.py:495} INFO - 24/11/03 16:40:18 INFO BlockManagerInfo: Added broadcast_0_piece0 in memory on 103054e6fa6f:36889 (size: 11.0 KiB, free: 434.4 MiB)
[2024-11-03T16:40:18.315+0000] {spark_submit.py:495} INFO - 24/11/03 16:40:18 INFO SparkContext: Created broadcast 0 from broadcast at DAGScheduler.scala:1535
[2024-11-03T16:40:18.695+0000] {spark_submit.py:495} INFO - 24/11/03 16:40:18 INFO DAGScheduler: Submitting 1 missing tasks from ResultStage 0 (MapPartitionsRDD[3] at start at NativeMethodAccessorImpl.java:0) (first 15 tasks are for partitions Vector(0))
[2024-11-03T16:40:18.725+0000] {spark_submit.py:495} INFO - 24/11/03 16:40:18 INFO TaskSchedulerImpl: Adding task set 0.0 with 1 tasks resource profile 0
[2024-11-03T16:40:19.052+0000] {spark_submit.py:495} INFO - 24/11/03 16:40:19 INFO TaskSetManager: Starting task 0.0 in stage 0.0 (TID 0) (172.20.0.7, executor 0, partition 0, PROCESS_LOCAL, 8332 bytes)
[2024-11-03T16:40:21.158+0000] {spark_submit.py:495} INFO - 24/11/03 16:40:21 WARN TaskSetManager: Lost task 0.0 in stage 0.0 (TID 0) (172.20.0.7 executor 0): java.lang.ClassCastException: cannot assign instance of scala.collection.immutable.List$SerializationProxy to field org.apache.spark.sql.execution.datasources.v2.DataSourceRDDPartition.inputPartitions of type scala.collection.Seq in instance of org.apache.spark.sql.execution.datasources.v2.DataSourceRDDPartition
[2024-11-03T16:40:21.158+0000] {spark_submit.py:495} INFO - at java.base/java.io.ObjectStreamClass$FieldReflector.setObjFieldValues(ObjectStreamClass.java:2096)
[2024-11-03T16:40:21.160+0000] {spark_submit.py:495} INFO - at java.base/java.io.ObjectStreamClass$FieldReflector.checkObjectFieldValueTypes(ObjectStreamClass.java:2060)
[2024-11-03T16:40:21.161+0000] {spark_submit.py:495} INFO - at java.base/java.io.ObjectStreamClass.checkObjFieldValueTypes(ObjectStreamClass.java:1347)
[2024-11-03T16:40:21.161+0000] {spark_submit.py:495} INFO - at java.base/java.io.ObjectInputStream$FieldValues.defaultCheckFieldValues(ObjectInputStream.java:2679)
[2024-11-03T16:40:21.177+0000] {spark_submit.py:495} INFO - at java.base/java.io.ObjectInputStream.readSerialData(ObjectInputStream.java:2486)
[2024-11-03T16:40:21.177+0000] {spark_submit.py:495} INFO - at java.base/java.io.ObjectInputStream.readOrdinaryObject(ObjectInputStream.java:2257)
[2024-11-03T16:40:21.177+0000] {spark_submit.py:495} INFO - at java.base/java.io.ObjectInputStream.readObject0(ObjectInputStream.java:1733)
[2024-11-03T16:40:21.178+0000] {spark_submit.py:495} INFO - at java.base/java.io.ObjectInputStream$FieldValues.<init>(ObjectInputStream.java:2606)
[2024-11-03T16:40:21.178+0000] {spark_submit.py:495} INFO - at java.base/java.io.ObjectInputStream.readSerialData(ObjectInputStream.java:2457)
[2024-11-03T16:40:21.178+0000] {spark_submit.py:495} INFO - at java.base/java.io.ObjectInputStream.readOrdinaryObject(ObjectInputStream.java:2257)
[2024-11-03T16:40:21.178+0000] {spark_submit.py:495} INFO - at java.base/java.io.ObjectInputStream.readObject0(ObjectInputStream.java:1733)
[2024-11-03T16:40:21.178+0000] {spark_submit.py:495} INFO - at java.base/java.io.ObjectInputStream.readObject(ObjectInputStream.java:509)
[2024-11-03T16:40:21.179+0000] {spark_submit.py:495} INFO - at java.base/java.io.ObjectInputStream.readObject(ObjectInputStream.java:467)
[2024-11-03T16:40:21.198+0000] {spark_submit.py:495} INFO - at org.apache.spark.serializer.JavaDeserializationStream.readObject(JavaSerializer.scala:87)
[2024-11-03T16:40:21.198+0000] {spark_submit.py:495} INFO - at org.apache.spark.serializer.JavaSerializerInstance.deserialize(JavaSerializer.scala:129)
[2024-11-03T16:40:21.199+0000] {spark_submit.py:495} INFO - at org.apache.spark.executor.Executor$TaskRunner.run(Executor.scala:513)
[2024-11-03T16:40:21.199+0000] {spark_submit.py:495} INFO - at java.base/java.util.concurrent.ThreadPoolExecutor.runWorker(ThreadPoolExecutor.java:1136)
[2024-11-03T16:40:21.199+0000] {spark_submit.py:495} INFO - at java.base/java.util.concurrent.ThreadPoolExecutor$Worker.run(ThreadPoolExecutor.java:635)
[2024-11-03T16:40:21.199+0000] {spark_submit.py:495} INFO - at java.base/java.lang.Thread.run(Thread.java:840)
[2024-11-03T16:40:21.200+0000] {spark_submit.py:495} INFO - 
[2024-11-03T16:40:21.743+0000] {spark_submit.py:495} INFO - 24/11/03 16:40:21 INFO TaskSetManager: Starting task 0.1 in stage 0.0 (TID 1) (172.20.0.7, executor 0, partition 0, PROCESS_LOCAL, 8332 bytes)
[2024-11-03T16:40:22.526+0000] {spark_submit.py:495} INFO - 24/11/03 16:40:22 INFO TaskSetManager: Lost task 0.1 in stage 0.0 (TID 1) on 172.20.0.7, executor 0: java.lang.ClassCastException (cannot assign instance of scala.collection.immutable.List$SerializationProxy to field org.apache.spark.sql.execution.datasources.v2.DataSourceRDDPartition.inputPartitions of type scala.collection.Seq in instance of org.apache.spark.sql.execution.datasources.v2.DataSourceRDDPartition) [duplicate 1]
[2024-11-03T16:40:22.579+0000] {spark_submit.py:495} INFO - 24/11/03 16:40:22 INFO TaskSetManager: Starting task 0.2 in stage 0.0 (TID 2) (172.20.0.7, executor 0, partition 0, PROCESS_LOCAL, 8332 bytes)
[2024-11-03T16:40:23.134+0000] {spark_submit.py:495} INFO - 24/11/03 16:40:23 INFO TaskSetManager: Lost task 0.2 in stage 0.0 (TID 2) on 172.20.0.7, executor 0: java.lang.ClassCastException (cannot assign instance of scala.collection.immutable.List$SerializationProxy to field org.apache.spark.sql.execution.datasources.v2.DataSourceRDDPartition.inputPartitions of type scala.collection.Seq in instance of org.apache.spark.sql.execution.datasources.v2.DataSourceRDDPartition) [duplicate 2]
[2024-11-03T16:40:23.150+0000] {spark_submit.py:495} INFO - 24/11/03 16:40:23 INFO TaskSetManager: Starting task 0.3 in stage 0.0 (TID 3) (172.20.0.7, executor 0, partition 0, PROCESS_LOCAL, 8332 bytes)
[2024-11-03T16:40:23.533+0000] {spark_submit.py:495} INFO - 24/11/03 16:40:23 INFO TaskSetManager: Lost task 0.3 in stage 0.0 (TID 3) on 172.20.0.7, executor 0: java.lang.ClassCastException (cannot assign instance of scala.collection.immutable.List$SerializationProxy to field org.apache.spark.sql.execution.datasources.v2.DataSourceRDDPartition.inputPartitions of type scala.collection.Seq in instance of org.apache.spark.sql.execution.datasources.v2.DataSourceRDDPartition) [duplicate 3]
[2024-11-03T16:40:23.535+0000] {spark_submit.py:495} INFO - 24/11/03 16:40:23 ERROR TaskSetManager: Task 0 in stage 0.0 failed 4 times; aborting job
[2024-11-03T16:40:23.595+0000] {spark_submit.py:495} INFO - 24/11/03 16:40:23 INFO TaskSchedulerImpl: Removed TaskSet 0.0, whose tasks have all completed, from pool
[2024-11-03T16:40:23.725+0000] {spark_submit.py:495} INFO - 24/11/03 16:40:23 INFO TaskSchedulerImpl: Cancelling stage 0
[2024-11-03T16:40:23.770+0000] {spark_submit.py:495} INFO - 24/11/03 16:40:23 INFO TaskSchedulerImpl: Killing all running tasks in stage 0: Stage cancelled
[2024-11-03T16:40:23.810+0000] {spark_submit.py:495} INFO - 24/11/03 16:40:23 INFO DAGScheduler: ResultStage 0 (start at NativeMethodAccessorImpl.java:0) failed in 10.398 s due to Job aborted due to stage failure: Task 0 in stage 0.0 failed 4 times, most recent failure: Lost task 0.3 in stage 0.0 (TID 3) (172.20.0.7 executor 0): java.lang.ClassCastException: cannot assign instance of scala.collection.immutable.List$SerializationProxy to field org.apache.spark.sql.execution.datasources.v2.DataSourceRDDPartition.inputPartitions of type scala.collection.Seq in instance of org.apache.spark.sql.execution.datasources.v2.DataSourceRDDPartition
[2024-11-03T16:40:23.811+0000] {spark_submit.py:495} INFO - at java.base/java.io.ObjectStreamClass$FieldReflector.setObjFieldValues(ObjectStreamClass.java:2096)
[2024-11-03T16:40:23.811+0000] {spark_submit.py:495} INFO - at java.base/java.io.ObjectStreamClass$FieldReflector.checkObjectFieldValueTypes(ObjectStreamClass.java:2060)
[2024-11-03T16:40:23.812+0000] {spark_submit.py:495} INFO - at java.base/java.io.ObjectStreamClass.checkObjFieldValueTypes(ObjectStreamClass.java:1347)
[2024-11-03T16:40:23.812+0000] {spark_submit.py:495} INFO - at java.base/java.io.ObjectInputStream$FieldValues.defaultCheckFieldValues(ObjectInputStream.java:2679)
[2024-11-03T16:40:23.812+0000] {spark_submit.py:495} INFO - at java.base/java.io.ObjectInputStream.readSerialData(ObjectInputStream.java:2486)
[2024-11-03T16:40:23.812+0000] {spark_submit.py:495} INFO - at java.base/java.io.ObjectInputStream.readOrdinaryObject(ObjectInputStream.java:2257)
[2024-11-03T16:40:23.813+0000] {spark_submit.py:495} INFO - at java.base/java.io.ObjectInputStream.readObject0(ObjectInputStream.java:1733)
[2024-11-03T16:40:23.813+0000] {spark_submit.py:495} INFO - at java.base/java.io.ObjectInputStream$FieldValues.<init>(ObjectInputStream.java:2606)
[2024-11-03T16:40:23.813+0000] {spark_submit.py:495} INFO - at java.base/java.io.ObjectInputStream.readSerialData(ObjectInputStream.java:2457)
[2024-11-03T16:40:23.813+0000] {spark_submit.py:495} INFO - at java.base/java.io.ObjectInputStream.readOrdinaryObject(ObjectInputStream.java:2257)
[2024-11-03T16:40:23.813+0000] {spark_submit.py:495} INFO - at java.base/java.io.ObjectInputStream.readObject0(ObjectInputStream.java:1733)
[2024-11-03T16:40:23.814+0000] {spark_submit.py:495} INFO - at java.base/java.io.ObjectInputStream.readObject(ObjectInputStream.java:509)
[2024-11-03T16:40:23.814+0000] {spark_submit.py:495} INFO - at java.base/java.io.ObjectInputStream.readObject(ObjectInputStream.java:467)
[2024-11-03T16:40:23.814+0000] {spark_submit.py:495} INFO - at org.apache.spark.serializer.JavaDeserializationStream.readObject(JavaSerializer.scala:87)
[2024-11-03T16:40:23.814+0000] {spark_submit.py:495} INFO - at org.apache.spark.serializer.JavaSerializerInstance.deserialize(JavaSerializer.scala:129)
[2024-11-03T16:40:23.815+0000] {spark_submit.py:495} INFO - at org.apache.spark.executor.Executor$TaskRunner.run(Executor.scala:513)
[2024-11-03T16:40:23.815+0000] {spark_submit.py:495} INFO - at java.base/java.util.concurrent.ThreadPoolExecutor.runWorker(ThreadPoolExecutor.java:1136)
[2024-11-03T16:40:23.815+0000] {spark_submit.py:495} INFO - at java.base/java.util.concurrent.ThreadPoolExecutor$Worker.run(ThreadPoolExecutor.java:635)
[2024-11-03T16:40:23.815+0000] {spark_submit.py:495} INFO - at java.base/java.lang.Thread.run(Thread.java:840)
[2024-11-03T16:40:23.815+0000] {spark_submit.py:495} INFO - 
[2024-11-03T16:40:23.816+0000] {spark_submit.py:495} INFO - Driver stacktrace:
[2024-11-03T16:40:23.844+0000] {spark_submit.py:495} INFO - 24/11/03 16:40:23 INFO DAGScheduler: Job 0 failed: start at NativeMethodAccessorImpl.java:0, took 10.938793 s
[2024-11-03T16:40:23.846+0000] {spark_submit.py:495} INFO - 24/11/03 16:40:23 ERROR WriteToDataSourceV2Exec: Data source write support MicroBatchWrite[epoch: 0, writer: ConsoleWriter[numRows=20, truncate=false]] is aborting.
[2024-11-03T16:40:23.848+0000] {spark_submit.py:495} INFO - 24/11/03 16:40:23 ERROR WriteToDataSourceV2Exec: Data source write support MicroBatchWrite[epoch: 0, writer: ConsoleWriter[numRows=20, truncate=false]] aborted.
[2024-11-03T16:40:24.021+0000] {spark_submit.py:495} INFO - 24/11/03 16:40:23 ERROR MicroBatchExecution: Query [id = b8eca831-cfc9-46a8-aa1a-48d311ffc95d, runId = 9e411fe8-6794-485a-b1f1-61bfe7362edc] terminated with error
[2024-11-03T16:40:24.022+0000] {spark_submit.py:495} INFO - org.apache.spark.SparkException: Job aborted due to stage failure: Task 0 in stage 0.0 failed 4 times, most recent failure: Lost task 0.3 in stage 0.0 (TID 3) (172.20.0.7 executor 0): java.lang.ClassCastException: cannot assign instance of scala.collection.immutable.List$SerializationProxy to field org.apache.spark.sql.execution.datasources.v2.DataSourceRDDPartition.inputPartitions of type scala.collection.Seq in instance of org.apache.spark.sql.execution.datasources.v2.DataSourceRDDPartition
[2024-11-03T16:40:24.032+0000] {spark_submit.py:495} INFO - at java.base/java.io.ObjectStreamClass$FieldReflector.setObjFieldValues(ObjectStreamClass.java:2096)
[2024-11-03T16:40:24.038+0000] {spark_submit.py:495} INFO - at java.base/java.io.ObjectStreamClass$FieldReflector.checkObjectFieldValueTypes(ObjectStreamClass.java:2060)
[2024-11-03T16:40:24.040+0000] {spark_submit.py:495} INFO - at java.base/java.io.ObjectStreamClass.checkObjFieldValueTypes(ObjectStreamClass.java:1347)
[2024-11-03T16:40:24.040+0000] {spark_submit.py:495} INFO - at java.base/java.io.ObjectInputStream$FieldValues.defaultCheckFieldValues(ObjectInputStream.java:2679)
[2024-11-03T16:40:24.041+0000] {spark_submit.py:495} INFO - at java.base/java.io.ObjectInputStream.readSerialData(ObjectInputStream.java:2486)
[2024-11-03T16:40:24.043+0000] {spark_submit.py:495} INFO - at java.base/java.io.ObjectInputStream.readOrdinaryObject(ObjectInputStream.java:2257)
[2024-11-03T16:40:24.044+0000] {spark_submit.py:495} INFO - at java.base/java.io.ObjectInputStream.readObject0(ObjectInputStream.java:1733)
[2024-11-03T16:40:24.045+0000] {spark_submit.py:495} INFO - at java.base/java.io.ObjectInputStream$FieldValues.<init>(ObjectInputStream.java:2606)
[2024-11-03T16:40:24.047+0000] {spark_submit.py:495} INFO - at java.base/java.io.ObjectInputStream.readSerialData(ObjectInputStream.java:2457)
[2024-11-03T16:40:24.049+0000] {spark_submit.py:495} INFO - at java.base/java.io.ObjectInputStream.readOrdinaryObject(ObjectInputStream.java:2257)
[2024-11-03T16:40:24.050+0000] {spark_submit.py:495} INFO - at java.base/java.io.ObjectInputStream.readObject0(ObjectInputStream.java:1733)
[2024-11-03T16:40:24.051+0000] {spark_submit.py:495} INFO - at java.base/java.io.ObjectInputStream.readObject(ObjectInputStream.java:509)
[2024-11-03T16:40:24.051+0000] {spark_submit.py:495} INFO - at java.base/java.io.ObjectInputStream.readObject(ObjectInputStream.java:467)
[2024-11-03T16:40:24.054+0000] {spark_submit.py:495} INFO - at org.apache.spark.serializer.JavaDeserializationStream.readObject(JavaSerializer.scala:87)
[2024-11-03T16:40:24.056+0000] {spark_submit.py:495} INFO - at org.apache.spark.serializer.JavaSerializerInstance.deserialize(JavaSerializer.scala:129)
[2024-11-03T16:40:24.057+0000] {spark_submit.py:495} INFO - at org.apache.spark.executor.Executor$TaskRunner.run(Executor.scala:513)
[2024-11-03T16:40:24.255+0000] {spark_submit.py:495} INFO - at java.base/java.util.concurrent.ThreadPoolExecutor.runWorker(ThreadPoolExecutor.java:1136)
[2024-11-03T16:40:24.256+0000] {spark_submit.py:495} INFO - at java.base/java.util.concurrent.ThreadPoolExecutor$Worker.run(ThreadPoolExecutor.java:635)
[2024-11-03T16:40:24.256+0000] {spark_submit.py:495} INFO - at java.base/java.lang.Thread.run(Thread.java:840)
[2024-11-03T16:40:24.286+0000] {spark_submit.py:495} INFO - 
[2024-11-03T16:40:24.336+0000] {spark_submit.py:495} INFO - Driver stacktrace:
[2024-11-03T16:40:24.336+0000] {spark_submit.py:495} INFO - at org.apache.spark.scheduler.DAGScheduler.failJobAndIndependentStages(DAGScheduler.scala:2785)
[2024-11-03T16:40:24.337+0000] {spark_submit.py:495} INFO - at org.apache.spark.scheduler.DAGScheduler.$anonfun$abortStage$2(DAGScheduler.scala:2721)
[2024-11-03T16:40:24.337+0000] {spark_submit.py:495} INFO - at org.apache.spark.scheduler.DAGScheduler.$anonfun$abortStage$2$adapted(DAGScheduler.scala:2720)
[2024-11-03T16:40:24.337+0000] {spark_submit.py:495} INFO - at scala.collection.mutable.ResizableArray.foreach(ResizableArray.scala:62)
[2024-11-03T16:40:24.337+0000] {spark_submit.py:495} INFO - at scala.collection.mutable.ResizableArray.foreach$(ResizableArray.scala:55)
[2024-11-03T16:40:24.337+0000] {spark_submit.py:495} INFO - at scala.collection.mutable.ArrayBuffer.foreach(ArrayBuffer.scala:49)
[2024-11-03T16:40:24.338+0000] {spark_submit.py:495} INFO - at org.apache.spark.scheduler.DAGScheduler.abortStage(DAGScheduler.scala:2720)
[2024-11-03T16:40:24.338+0000] {spark_submit.py:495} INFO - at org.apache.spark.scheduler.DAGScheduler.$anonfun$handleTaskSetFailed$1(DAGScheduler.scala:1206)
[2024-11-03T16:40:24.338+0000] {spark_submit.py:495} INFO - at org.apache.spark.scheduler.DAGScheduler.$anonfun$handleTaskSetFailed$1$adapted(DAGScheduler.scala:1206)
[2024-11-03T16:40:24.391+0000] {spark_submit.py:495} INFO - at scala.Option.foreach(Option.scala:407)
[2024-11-03T16:40:24.566+0000] {spark_submit.py:495} INFO - at org.apache.spark.scheduler.DAGScheduler.handleTaskSetFailed(DAGScheduler.scala:1206)
[2024-11-03T16:40:24.567+0000] {spark_submit.py:495} INFO - at org.apache.spark.scheduler.DAGSchedulerEventProcessLoop.doOnReceive(DAGScheduler.scala:2984)
[2024-11-03T16:40:24.567+0000] {spark_submit.py:495} INFO - at org.apache.spark.scheduler.DAGSchedulerEventProcessLoop.onReceive(DAGScheduler.scala:2923)
[2024-11-03T16:40:24.567+0000] {spark_submit.py:495} INFO - at org.apache.spark.scheduler.DAGSchedulerEventProcessLoop.onReceive(DAGScheduler.scala:2912)
[2024-11-03T16:40:24.593+0000] {spark_submit.py:495} INFO - at org.apache.spark.util.EventLoop$$anon$1.run(EventLoop.scala:49)
[2024-11-03T16:40:24.594+0000] {spark_submit.py:495} INFO - at org.apache.spark.scheduler.DAGScheduler.runJob(DAGScheduler.scala:971)
[2024-11-03T16:40:24.594+0000] {spark_submit.py:495} INFO - at org.apache.spark.SparkContext.runJob(SparkContext.scala:2263)
[2024-11-03T16:40:24.595+0000] {spark_submit.py:495} INFO - at org.apache.spark.sql.execution.datasources.v2.V2TableWriteExec.writeWithV2(WriteToDataSourceV2Exec.scala:408)
[2024-11-03T16:40:24.595+0000] {spark_submit.py:495} INFO - at org.apache.spark.sql.execution.datasources.v2.V2TableWriteExec.writeWithV2$(WriteToDataSourceV2Exec.scala:382)
[2024-11-03T16:40:24.596+0000] {spark_submit.py:495} INFO - at org.apache.spark.sql.execution.datasources.v2.WriteToDataSourceV2Exec.writeWithV2(WriteToDataSourceV2Exec.scala:330)
[2024-11-03T16:40:24.596+0000] {spark_submit.py:495} INFO - at org.apache.spark.sql.execution.datasources.v2.WriteToDataSourceV2Exec.run(WriteToDataSourceV2Exec.scala:341)
[2024-11-03T16:40:24.597+0000] {spark_submit.py:495} INFO - at org.apache.spark.sql.execution.datasources.v2.V2CommandExec.result$lzycompute(V2CommandExec.scala:43)
[2024-11-03T16:40:24.597+0000] {spark_submit.py:495} INFO - at org.apache.spark.sql.execution.datasources.v2.V2CommandExec.result(V2CommandExec.scala:43)
[2024-11-03T16:40:24.598+0000] {spark_submit.py:495} INFO - at org.apache.spark.sql.execution.datasources.v2.V2CommandExec.executeCollect(V2CommandExec.scala:49)
[2024-11-03T16:40:24.598+0000] {spark_submit.py:495} INFO - at org.apache.spark.sql.Dataset.collectFromPlan(Dataset.scala:4216)
[2024-11-03T16:40:24.598+0000] {spark_submit.py:495} INFO - at org.apache.spark.sql.Dataset.$anonfun$collect$1(Dataset.scala:3457)
[2024-11-03T16:40:24.599+0000] {spark_submit.py:495} INFO - at org.apache.spark.sql.Dataset.$anonfun$withAction$2(Dataset.scala:4206)
[2024-11-03T16:40:24.599+0000] {spark_submit.py:495} INFO - at org.apache.spark.sql.execution.QueryExecution$.withInternalError(QueryExecution.scala:526)
[2024-11-03T16:40:24.599+0000] {spark_submit.py:495} INFO - at org.apache.spark.sql.Dataset.$anonfun$withAction$1(Dataset.scala:4204)
[2024-11-03T16:40:24.599+0000] {spark_submit.py:495} INFO - at org.apache.spark.sql.execution.SQLExecution$.$anonfun$withNewExecutionId$6(SQLExecution.scala:118)
[2024-11-03T16:40:24.600+0000] {spark_submit.py:495} INFO - at org.apache.spark.sql.execution.SQLExecution$.withSQLConfPropagated(SQLExecution.scala:195)
[2024-11-03T16:40:24.755+0000] {spark_submit.py:495} INFO - at org.apache.spark.sql.execution.SQLExecution$.$anonfun$withNewExecutionId$1(SQLExecution.scala:103)
[2024-11-03T16:40:24.891+0000] {spark_submit.py:495} INFO - at org.apache.spark.sql.SparkSession.withActive(SparkSession.scala:827)
[2024-11-03T16:40:24.976+0000] {spark_submit.py:495} INFO - at org.apache.spark.sql.execution.SQLExecution$.withNewExecutionId(SQLExecution.scala:65)
[2024-11-03T16:40:24.976+0000] {spark_submit.py:495} INFO - at org.apache.spark.sql.Dataset.withAction(Dataset.scala:4204)
[2024-11-03T16:40:24.977+0000] {spark_submit.py:495} INFO - at org.apache.spark.sql.Dataset.collect(Dataset.scala:3457)
[2024-11-03T16:40:24.977+0000] {spark_submit.py:495} INFO - at org.apache.spark.sql.execution.streaming.MicroBatchExecution.$anonfun$runBatch$17(MicroBatchExecution.scala:738)
[2024-11-03T16:40:24.977+0000] {spark_submit.py:495} INFO - at org.apache.spark.sql.execution.SQLExecution$.$anonfun$withNewExecutionId$6(SQLExecution.scala:118)
[2024-11-03T16:40:24.977+0000] {spark_submit.py:495} INFO - at org.apache.spark.sql.execution.SQLExecution$.withSQLConfPropagated(SQLExecution.scala:195)
[2024-11-03T16:40:24.977+0000] {spark_submit.py:495} INFO - at org.apache.spark.sql.execution.SQLExecution$.$anonfun$withNewExecutionId$1(SQLExecution.scala:103)
[2024-11-03T16:40:24.977+0000] {spark_submit.py:495} INFO - at org.apache.spark.sql.SparkSession.withActive(SparkSession.scala:827)
[2024-11-03T16:40:24.978+0000] {spark_submit.py:495} INFO - at org.apache.spark.sql.execution.SQLExecution$.withNewExecutionId(SQLExecution.scala:65)
[2024-11-03T16:40:25.011+0000] {spark_submit.py:495} INFO - at org.apache.spark.sql.execution.streaming.MicroBatchExecution.$anonfun$runBatch$16(MicroBatchExecution.scala:726)
[2024-11-03T16:40:25.012+0000] {spark_submit.py:495} INFO - at org.apache.spark.sql.execution.streaming.ProgressReporter.reportTimeTaken(ProgressReporter.scala:411)
[2024-11-03T16:40:25.013+0000] {spark_submit.py:495} INFO - at org.apache.spark.sql.execution.streaming.ProgressReporter.reportTimeTaken$(ProgressReporter.scala:409)
[2024-11-03T16:40:25.013+0000] {spark_submit.py:495} INFO - at org.apache.spark.sql.execution.streaming.StreamExecution.reportTimeTaken(StreamExecution.scala:67)
[2024-11-03T16:40:25.013+0000] {spark_submit.py:495} INFO - at org.apache.spark.sql.execution.streaming.MicroBatchExecution.runBatch(MicroBatchExecution.scala:726)
[2024-11-03T16:40:25.013+0000] {spark_submit.py:495} INFO - at org.apache.spark.sql.execution.streaming.MicroBatchExecution.$anonfun$runActivatedStream$2(MicroBatchExecution.scala:284)
[2024-11-03T16:40:25.014+0000] {spark_submit.py:495} INFO - at scala.runtime.java8.JFunction0$mcV$sp.apply(JFunction0$mcV$sp.java:23)
[2024-11-03T16:40:25.014+0000] {spark_submit.py:495} INFO - at org.apache.spark.sql.execution.streaming.ProgressReporter.reportTimeTaken(ProgressReporter.scala:411)
[2024-11-03T16:40:25.014+0000] {spark_submit.py:495} INFO - at org.apache.spark.sql.execution.streaming.ProgressReporter.reportTimeTaken$(ProgressReporter.scala:409)
[2024-11-03T16:40:25.014+0000] {spark_submit.py:495} INFO - at org.apache.spark.sql.execution.streaming.StreamExecution.reportTimeTaken(StreamExecution.scala:67)
[2024-11-03T16:40:25.014+0000] {spark_submit.py:495} INFO - at org.apache.spark.sql.execution.streaming.MicroBatchExecution.$anonfun$runActivatedStream$1(MicroBatchExecution.scala:247)
[2024-11-03T16:40:25.015+0000] {spark_submit.py:495} INFO - at org.apache.spark.sql.execution.streaming.ProcessingTimeExecutor.execute(TriggerExecutor.scala:67)
[2024-11-03T16:40:25.015+0000] {spark_submit.py:495} INFO - at org.apache.spark.sql.execution.streaming.MicroBatchExecution.runActivatedStream(MicroBatchExecution.scala:237)
[2024-11-03T16:40:25.015+0000] {spark_submit.py:495} INFO - at org.apache.spark.sql.execution.streaming.StreamExecution.$anonfun$runStream$1(StreamExecution.scala:306)
[2024-11-03T16:40:25.015+0000] {spark_submit.py:495} INFO - at scala.runtime.java8.JFunction0$mcV$sp.apply(JFunction0$mcV$sp.java:23)
[2024-11-03T16:40:25.015+0000] {spark_submit.py:495} INFO - at org.apache.spark.sql.SparkSession.withActive(SparkSession.scala:827)
[2024-11-03T16:40:25.016+0000] {spark_submit.py:495} INFO - at org.apache.spark.sql.execution.streaming.StreamExecution.org$apache$spark$sql$execution$streaming$StreamExecution$$runStream(StreamExecution.scala:284)
[2024-11-03T16:40:25.016+0000] {spark_submit.py:495} INFO - at org.apache.spark.sql.execution.streaming.StreamExecution$$anon$1.run(StreamExecution.scala:207)
[2024-11-03T16:40:25.016+0000] {spark_submit.py:495} INFO - Caused by: java.lang.ClassCastException: cannot assign instance of scala.collection.immutable.List$SerializationProxy to field org.apache.spark.sql.execution.datasources.v2.DataSourceRDDPartition.inputPartitions of type scala.collection.Seq in instance of org.apache.spark.sql.execution.datasources.v2.DataSourceRDDPartition
[2024-11-03T16:40:25.016+0000] {spark_submit.py:495} INFO - at java.base/java.io.ObjectStreamClass$FieldReflector.setObjFieldValues(ObjectStreamClass.java:2096)
[2024-11-03T16:40:25.017+0000] {spark_submit.py:495} INFO - at java.base/java.io.ObjectStreamClass$FieldReflector.checkObjectFieldValueTypes(ObjectStreamClass.java:2060)
[2024-11-03T16:40:25.017+0000] {spark_submit.py:495} INFO - at java.base/java.io.ObjectStreamClass.checkObjFieldValueTypes(ObjectStreamClass.java:1347)
[2024-11-03T16:40:25.017+0000] {spark_submit.py:495} INFO - at java.base/java.io.ObjectInputStream$FieldValues.defaultCheckFieldValues(ObjectInputStream.java:2679)
[2024-11-03T16:40:25.017+0000] {spark_submit.py:495} INFO - at java.base/java.io.ObjectInputStream.readSerialData(ObjectInputStream.java:2486)
[2024-11-03T16:40:25.017+0000] {spark_submit.py:495} INFO - at java.base/java.io.ObjectInputStream.readOrdinaryObject(ObjectInputStream.java:2257)
[2024-11-03T16:40:25.018+0000] {spark_submit.py:495} INFO - at java.base/java.io.ObjectInputStream.readObject0(ObjectInputStream.java:1733)
[2024-11-03T16:40:25.018+0000] {spark_submit.py:495} INFO - at java.base/java.io.ObjectInputStream$FieldValues.<init>(ObjectInputStream.java:2606)
[2024-11-03T16:40:25.018+0000] {spark_submit.py:495} INFO - at java.base/java.io.ObjectInputStream.readSerialData(ObjectInputStream.java:2457)
[2024-11-03T16:40:25.018+0000] {spark_submit.py:495} INFO - at java.base/java.io.ObjectInputStream.readOrdinaryObject(ObjectInputStream.java:2257)
[2024-11-03T16:40:25.019+0000] {spark_submit.py:495} INFO - at java.base/java.io.ObjectInputStream.readObject0(ObjectInputStream.java:1733)
[2024-11-03T16:40:25.019+0000] {spark_submit.py:495} INFO - at java.base/java.io.ObjectInputStream.readObject(ObjectInputStream.java:509)
[2024-11-03T16:40:25.019+0000] {spark_submit.py:495} INFO - at java.base/java.io.ObjectInputStream.readObject(ObjectInputStream.java:467)
[2024-11-03T16:40:25.019+0000] {spark_submit.py:495} INFO - at org.apache.spark.serializer.JavaDeserializationStream.readObject(JavaSerializer.scala:87)
[2024-11-03T16:40:25.019+0000] {spark_submit.py:495} INFO - at org.apache.spark.serializer.JavaSerializerInstance.deserialize(JavaSerializer.scala:129)
[2024-11-03T16:40:25.020+0000] {spark_submit.py:495} INFO - at org.apache.spark.executor.Executor$TaskRunner.run(Executor.scala:513)
[2024-11-03T16:40:25.020+0000] {spark_submit.py:495} INFO - at java.base/java.util.concurrent.ThreadPoolExecutor.runWorker(ThreadPoolExecutor.java:1136)
[2024-11-03T16:40:25.020+0000] {spark_submit.py:495} INFO - at java.base/java.util.concurrent.ThreadPoolExecutor$Worker.run(ThreadPoolExecutor.java:635)
[2024-11-03T16:40:25.020+0000] {spark_submit.py:495} INFO - at java.base/java.lang.Thread.run(Thread.java:840)
[2024-11-03T16:40:25.020+0000] {spark_submit.py:495} INFO - 24/11/03 16:40:24 INFO AppInfoParser: App info kafka.admin.client for adminclient-1 unregistered
[2024-11-03T16:40:25.021+0000] {spark_submit.py:495} INFO - 24/11/03 16:40:24 INFO Metrics: Metrics scheduler closed
[2024-11-03T16:40:25.021+0000] {spark_submit.py:495} INFO - 24/11/03 16:40:24 INFO Metrics: Closing reporter org.apache.kafka.common.metrics.JmxReporter
[2024-11-03T16:40:25.021+0000] {spark_submit.py:495} INFO - 24/11/03 16:40:24 INFO Metrics: Metrics reporters closed
[2024-11-03T16:40:25.021+0000] {spark_submit.py:495} INFO - 24/11/03 16:40:24 INFO MicroBatchExecution: Async log purge executor pool for query [id = b8eca831-cfc9-46a8-aa1a-48d311ffc95d, runId = 9e411fe8-6794-485a-b1f1-61bfe7362edc] has been shutdown
[2024-11-03T16:40:29.686+0000] {spark_submit.py:495} INFO - Traceback (most recent call last):
[2024-11-03T16:40:29.712+0000] {spark_submit.py:495} INFO - File "/opt/***/dags/spark_streaming_job.py", line 64, in <module>
[2024-11-03T16:40:29.712+0000] {spark_submit.py:495} INFO - spark_streaming_job()
[2024-11-03T16:40:29.712+0000] {spark_submit.py:495} INFO - File "/opt/***/dags/spark_streaming_job.py", line 60, in spark_streaming_job
[2024-11-03T16:40:29.713+0000] {spark_submit.py:495} INFO - .awaitTermination()
[2024-11-03T16:40:29.729+0000] {spark_submit.py:495} INFO - ^^^^^^^^^^^^^^^^^^
[2024-11-03T16:40:29.751+0000] {spark_submit.py:495} INFO - File "/home/***/.local/lib/python3.11/site-packages/pyspark/python/lib/pyspark.zip/pyspark/sql/streaming/query.py", line 201, in awaitTermination
[2024-11-03T16:40:29.764+0000] {spark_submit.py:495} INFO - File "/home/***/.local/lib/python3.11/site-packages/pyspark/python/lib/py4j-0.10.9.7-src.zip/py4j/java_gateway.py", line 1322, in __call__
[2024-11-03T16:40:29.809+0000] {spark_submit.py:495} INFO - File "/home/***/.local/lib/python3.11/site-packages/pyspark/python/lib/pyspark.zip/pyspark/errors/exceptions/captured.py", line 175, in deco
[2024-11-03T16:40:30.088+0000] {spark_submit.py:495} INFO - pyspark.errors.exceptions.captured.StreamingQueryException: [STREAM_FAILED] Query [id = b8eca831-cfc9-46a8-aa1a-48d311ffc95d, runId = 9e411fe8-6794-485a-b1f1-61bfe7362edc] terminated with exception: Job aborted due to stage failure: Task 0 in stage 0.0 failed 4 times, most recent failure: Lost task 0.3 in stage 0.0 (TID 3) (172.20.0.7 executor 0): java.lang.ClassCastException: cannot assign instance of scala.collection.immutable.List$SerializationProxy to field org.apache.spark.sql.execution.datasources.v2.DataSourceRDDPartition.inputPartitions of type scala.collection.Seq in instance of org.apache.spark.sql.execution.datasources.v2.DataSourceRDDPartition
[2024-11-03T16:40:30.091+0000] {spark_submit.py:495} INFO - at java.base/java.io.ObjectStreamClass$FieldReflector.setObjFieldValues(ObjectStreamClass.java:2096)
[2024-11-03T16:40:30.091+0000] {spark_submit.py:495} INFO - at java.base/java.io.ObjectStreamClass$FieldReflector.checkObjectFieldValueTypes(ObjectStreamClass.java:2060)
[2024-11-03T16:40:30.092+0000] {spark_submit.py:495} INFO - at java.base/java.io.ObjectStreamClass.checkObjFieldValueTypes(ObjectStreamClass.java:1347)
[2024-11-03T16:40:30.092+0000] {spark_submit.py:495} INFO - at java.base/java.io.ObjectInputStream$FieldValues.defaultCheckFieldValues(ObjectInputStream.java:2679)
[2024-11-03T16:40:30.093+0000] {spark_submit.py:495} INFO - at java.base/java.io.ObjectInputStream.readSerialData(ObjectInputStream.java:2486)
[2024-11-03T16:40:30.093+0000] {spark_submit.py:495} INFO - at java.base/java.io.ObjectInputStream.readOrdinaryObject(ObjectInputStream.java:2257)
[2024-11-03T16:40:30.093+0000] {spark_submit.py:495} INFO - at java.base/java.io.ObjectInputStream.readObject0(ObjectInputStream.java:1733)
[2024-11-03T16:40:30.093+0000] {spark_submit.py:495} INFO - at java.base/java.io.ObjectInputStream$FieldValues.<init>(ObjectInputStream.java:2606)
[2024-11-03T16:40:30.119+0000] {spark_submit.py:495} INFO - at java.base/java.io.ObjectInputStream.readSerialData(ObjectInputStream.java:2457)
[2024-11-03T16:40:30.129+0000] {spark_submit.py:495} INFO - at java.base/java.io.ObjectInputStream.readOrdinaryObject(ObjectInputStream.java:2257)
[2024-11-03T16:40:30.130+0000] {spark_submit.py:495} INFO - at java.base/java.io.ObjectInputStream.readObject0(ObjectInputStream.java:1733)
[2024-11-03T16:40:30.130+0000] {spark_submit.py:495} INFO - at java.base/java.io.ObjectInputStream.readObject(ObjectInputStream.java:509)
[2024-11-03T16:40:30.130+0000] {spark_submit.py:495} INFO - at java.base/java.io.ObjectInputStream.readObject(ObjectInputStream.java:467)
[2024-11-03T16:40:30.130+0000] {spark_submit.py:495} INFO - at org.apache.spark.serializer.JavaDeserializationStream.readObject(JavaSerializer.scala:87)
[2024-11-03T16:40:30.131+0000] {spark_submit.py:495} INFO - at org.apache.spark.serializer.JavaSerializerInstance.deserialize(JavaSerializer.scala:129)
[2024-11-03T16:40:30.131+0000] {spark_submit.py:495} INFO - at org.apache.spark.executor.Executor$TaskRunner.run(Executor.scala:513)
[2024-11-03T16:40:30.131+0000] {spark_submit.py:495} INFO - at java.base/java.util.concurrent.ThreadPoolExecutor.runWorker(ThreadPoolExecutor.java:1136)
[2024-11-03T16:40:30.131+0000] {spark_submit.py:495} INFO - at java.base/java.util.concurrent.ThreadPoolExecutor$Worker.run(ThreadPoolExecutor.java:635)
[2024-11-03T16:40:30.131+0000] {spark_submit.py:495} INFO - at java.base/java.lang.Thread.run(Thread.java:840)
[2024-11-03T16:40:30.132+0000] {spark_submit.py:495} INFO - 
[2024-11-03T16:40:30.132+0000] {spark_submit.py:495} INFO - Driver stacktrace:
[2024-11-03T16:40:30.879+0000] {spark_submit.py:495} INFO - 24/11/03 16:40:30 INFO SparkContext: Invoking stop() from shutdown hook
[2024-11-03T16:40:30.947+0000] {spark_submit.py:495} INFO - 24/11/03 16:40:30 INFO SparkContext: SparkContext is stopping with exitCode 0.
[2024-11-03T16:40:31.055+0000] {spark_submit.py:495} INFO - 24/11/03 16:40:31 INFO SparkUI: Stopped Spark web UI at http://103054e6fa6f:4040
[2024-11-03T16:40:31.222+0000] {spark_submit.py:495} INFO - 24/11/03 16:40:31 INFO StandaloneSchedulerBackend: Shutting down all executors
[2024-11-03T16:40:31.262+0000] {spark_submit.py:495} INFO - 24/11/03 16:40:31 INFO StandaloneSchedulerBackend$StandaloneDriverEndpoint: Asking each executor to shut down
[2024-11-03T16:40:33.489+0000] {spark_submit.py:495} INFO - 24/11/03 16:40:33 INFO MapOutputTrackerMasterEndpoint: MapOutputTrackerMasterEndpoint stopped!
[2024-11-03T16:40:33.875+0000] {spark_submit.py:495} INFO - 24/11/03 16:40:33 INFO MemoryStore: MemoryStore cleared
[2024-11-03T16:40:33.895+0000] {spark_submit.py:495} INFO - 24/11/03 16:40:33 INFO BlockManager: BlockManager stopped
[2024-11-03T16:40:34.579+0000] {spark_submit.py:495} INFO - 24/11/03 16:40:34 INFO BlockManagerMaster: BlockManagerMaster stopped
[2024-11-03T16:40:34.890+0000] {spark_submit.py:495} INFO - 24/11/03 16:40:34 INFO OutputCommitCoordinator$OutputCommitCoordinatorEndpoint: OutputCommitCoordinator stopped!
[2024-11-03T16:40:36.179+0000] {spark_submit.py:495} INFO - 24/11/03 16:40:36 INFO SparkContext: Successfully stopped SparkContext
[2024-11-03T16:40:36.313+0000] {spark_submit.py:495} INFO - 24/11/03 16:40:36 INFO ShutdownHookManager: Shutdown hook called
[2024-11-03T16:40:36.588+0000] {spark_submit.py:495} INFO - 24/11/03 16:40:36 INFO ShutdownHookManager: Deleting directory /tmp/spark-d113b40b-efc5-4f92-aacc-ddbd7ff87e15/pyspark-4f1c1981-1b19-44fc-b811-d1607f4ab275
[2024-11-03T16:40:37.387+0000] {spark_submit.py:495} INFO - 24/11/03 16:40:37 INFO ShutdownHookManager: Deleting directory /tmp/spark-91c6c3fa-62a8-4375-ba24-7fb5b769c536
[2024-11-03T16:40:37.677+0000] {spark_submit.py:495} INFO - 24/11/03 16:40:37 INFO ShutdownHookManager: Deleting directory /tmp/spark-d113b40b-efc5-4f92-aacc-ddbd7ff87e15
[2024-11-03T16:40:37.720+0000] {spark_submit.py:495} INFO - 24/11/03 16:40:37 INFO ShutdownHookManager: Deleting directory /tmp/temporary-b5c52248-cfd1-462e-8405-b5dd9c680666
[2024-11-03T16:40:38.342+0000] {taskinstance.py:441} INFO - ::group::Post task execution logs
[2024-11-03T16:40:38.578+0000] {taskinstance.py:2905} ERROR - Task failed with exception
Traceback (most recent call last):
  File "/home/airflow/.local/lib/python3.11/site-packages/airflow/models/taskinstance.py", line 465, in _execute_task
    result = _execute_callable(context=context, **execute_callable_kwargs)
             ^^^^^^^^^^^^^^^^^^^^^^^^^^^^^^^^^^^^^^^^^^^^^^^^^^^^^^^^^^^^^
  File "/home/airflow/.local/lib/python3.11/site-packages/airflow/models/taskinstance.py", line 432, in _execute_callable
    return execute_callable(context=context, **execute_callable_kwargs)
           ^^^^^^^^^^^^^^^^^^^^^^^^^^^^^^^^^^^^^^^^^^^^^^^^^^^^^^^^^^^^
  File "/home/airflow/.local/lib/python3.11/site-packages/airflow/models/baseoperator.py", line 401, in wrapper
    return func(self, *args, **kwargs)
           ^^^^^^^^^^^^^^^^^^^^^^^^^^^
  File "/home/airflow/.local/lib/python3.11/site-packages/airflow/providers/apache/spark/operators/spark_submit.py", line 157, in execute
    self._hook.submit(self._application)
  File "/home/airflow/.local/lib/python3.11/site-packages/airflow/providers/apache/spark/hooks/spark_submit.py", line 426, in submit
    raise AirflowException(
airflow.exceptions.AirflowException: Cannot execute: spark-submit --master yarn --conf spark.yarn.appMasterEnv.HADOOP_CONF_DIR=/opt/hadoop-3.2.1/etc/hadoop --packages org.apache.spark:spark-streaming-kafka-0-10_2.12:3.4.2,org.apache.spark:spark-sql-kafka-0-10_2.12:3.4.2 --name KafkaSparkHDFS /opt/***/dags/spark_streaming_job.py. Error code is: 1.
[2024-11-03T16:40:38.661+0000] {taskinstance.py:1206} INFO - Marking task as FAILED. dag_id=sensor_data_consumer, task_id=sensor_data_consumer, run_id=manual__2024-11-03T16:36:03.434682+00:00, execution_date=20241103T163603, start_date=20241103T163624, end_date=20241103T164038
[2024-11-03T16:40:38.883+0000] {standard_task_runner.py:110} ERROR - Failed to execute job 627 for task sensor_data_consumer (Cannot execute: spark-submit --master yarn --conf spark.yarn.appMasterEnv.HADOOP_CONF_DIR=/opt/hadoop-3.2.1/etc/hadoop --packages org.apache.spark:spark-streaming-kafka-0-10_2.12:3.4.2,org.apache.spark:spark-sql-kafka-0-10_2.12:3.4.2 --name KafkaSparkHDFS /opt/***/dags/spark_streaming_job.py. Error code is: 1.; 380)
[2024-11-03T16:40:38.995+0000] {local_task_job_runner.py:243} INFO - Task exited with return code 1
[2024-11-03T16:40:39.179+0000] {local_task_job_runner.py:222} INFO - ::endgroup::
