[2024-11-01T15:24:21.676+0000] {local_task_job_runner.py:120} INFO - ::group::Pre task execution logs
[2024-11-01T15:24:22.016+0000] {taskinstance.py:2076} INFO - Dependencies all met for dep_context=non-requeueable deps ti=<TaskInstance: sensor_data_consumer.sensor_data_consumer manual__2024-11-01T15:23:41.150717+00:00 [queued]>
[2024-11-01T15:24:22.071+0000] {taskinstance.py:2076} INFO - Dependencies all met for dep_context=requeueable deps ti=<TaskInstance: sensor_data_consumer.sensor_data_consumer manual__2024-11-01T15:23:41.150717+00:00 [queued]>
[2024-11-01T15:24:22.072+0000] {taskinstance.py:2306} INFO - Starting attempt 1 of 1
[2024-11-01T15:24:22.142+0000] {taskinstance.py:2330} INFO - Executing <Task(SparkSubmitOperator): sensor_data_consumer> on 2024-11-01 15:23:41.150717+00:00
[2024-11-01T15:24:22.192+0000] {standard_task_runner.py:64} INFO - Started process 444 to run task
[2024-11-01T15:24:22.280+0000] {standard_task_runner.py:90} INFO - Running: ['***', 'tasks', 'run', 'sensor_data_consumer', 'sensor_data_consumer', 'manual__2024-11-01T15:23:41.150717+00:00', '--job-id', '385', '--raw', '--subdir', 'DAGS_FOLDER/***_consumer.py', '--cfg-path', '/tmp/tmpskwlhuaj']
[2024-11-01T15:24:22.306+0000] {standard_task_runner.py:91} INFO - Job 385: Subtask sensor_data_consumer
[2024-11-01T15:24:23.338+0000] {task_command.py:426} INFO - Running <TaskInstance: sensor_data_consumer.sensor_data_consumer manual__2024-11-01T15:23:41.150717+00:00 [running]> on host 458d68760919
[2024-11-01T15:24:26.507+0000] {taskinstance.py:2648} INFO - Exporting env vars: AIRFLOW_CTX_DAG_OWNER='Bich Ly' AIRFLOW_CTX_DAG_ID='sensor_data_consumer' AIRFLOW_CTX_TASK_ID='sensor_data_consumer' AIRFLOW_CTX_EXECUTION_DATE='2024-11-01T15:23:41.150717+00:00' AIRFLOW_CTX_TRY_NUMBER='1' AIRFLOW_CTX_DAG_RUN_ID='manual__2024-11-01T15:23:41.150717+00:00'
[2024-11-01T15:24:26.535+0000] {taskinstance.py:430} INFO - ::endgroup::
[2024-11-01T15:24:27.319+0000] {base.py:84} INFO - Using connection ID 'spark_default' for task execution.
[2024-11-01T15:24:27.338+0000] {spark_submit.py:344} INFO - Spark-Submit cmd: spark-submit --master spark://spark-master:7077 --name KafkaSparkHDFS /opt/***/dags/spark_streaming_job.py
[2024-11-01T15:27:20.303+0000] {spark_submit.py:495} INFO - 24/11/01 15:27:20 INFO SparkContext: Running Spark version 3.4.2
[2024-11-01T15:27:28.287+0000] {spark_submit.py:495} INFO - 24/11/01 15:27:28 WARN NativeCodeLoader: Unable to load native-hadoop library for your platform... using builtin-java classes where applicable
[2024-11-01T15:27:40.853+0000] {spark_submit.py:495} INFO - 24/11/01 15:27:40 INFO ResourceUtils: ==============================================================
[2024-11-01T15:27:41.504+0000] {spark_submit.py:495} INFO - 24/11/01 15:27:41 INFO ResourceUtils: No custom resources configured for spark.driver.
[2024-11-01T15:27:41.568+0000] {spark_submit.py:495} INFO - 24/11/01 15:27:41 INFO ResourceUtils: ==============================================================
[2024-11-01T15:27:41.642+0000] {spark_submit.py:495} INFO - 24/11/01 15:27:41 INFO SparkContext: Submitted application: KafkaSparkStreaming
[2024-11-01T15:27:43.860+0000] {spark_submit.py:495} INFO - 24/11/01 15:27:42 INFO ResourceProfile: Default ResourceProfile created, executor resources: Map(memory -> name: memory, amount: 1024, script: , vendor: , offHeap -> name: offHeap, amount: 0, script: , vendor: ), task resources: Map(cpus -> name: cpus, amount: 1.0)
[2024-11-01T15:27:43.949+0000] {spark_submit.py:495} INFO - 24/11/01 15:27:43 INFO ResourceProfile: Limiting resource is cpu
[2024-11-01T15:27:44.189+0000] {spark_submit.py:495} INFO - 24/11/01 15:27:44 INFO ResourceProfileManager: Added ResourceProfile id: 0
[2024-11-01T15:27:49.279+0000] {spark_submit.py:495} INFO - 24/11/01 15:27:49 INFO SecurityManager: Changing view acls to: ***
[2024-11-01T15:27:49.305+0000] {spark_submit.py:495} INFO - 24/11/01 15:27:49 INFO SecurityManager: Changing modify acls to: ***
[2024-11-01T15:27:49.315+0000] {spark_submit.py:495} INFO - 24/11/01 15:27:49 INFO SecurityManager: Changing view acls groups to:
[2024-11-01T15:27:49.320+0000] {spark_submit.py:495} INFO - 24/11/01 15:27:49 INFO SecurityManager: Changing modify acls groups to:
[2024-11-01T15:27:49.327+0000] {spark_submit.py:495} INFO - 24/11/01 15:27:49 INFO SecurityManager: SecurityManager: authentication disabled; ui acls disabled; users with view permissions: ***; groups with view permissions: EMPTY; users with modify permissions: ***; groups with modify permissions: EMPTY
[2024-11-01T15:28:44.341+0000] {spark_submit.py:495} INFO - 24/11/01 15:28:44 INFO Utils: Successfully started service 'sparkDriver' on port 42127.
[2024-11-01T15:28:49.739+0000] {spark_submit.py:495} INFO - 24/11/01 15:28:49 INFO SparkEnv: Registering MapOutputTracker
[2024-11-01T15:28:54.242+0000] {spark_submit.py:495} INFO - 24/11/01 15:28:54 INFO SparkEnv: Registering BlockManagerMaster
[2024-11-01T15:28:56.227+0000] {spark_submit.py:495} INFO - 24/11/01 15:28:56 INFO BlockManagerMasterEndpoint: Using org.apache.spark.storage.DefaultTopologyMapper for getting topology information
[2024-11-01T15:28:56.234+0000] {spark_submit.py:495} INFO - 24/11/01 15:28:56 INFO BlockManagerMasterEndpoint: BlockManagerMasterEndpoint up
[2024-11-01T15:28:56.273+0000] {spark_submit.py:495} INFO - 24/11/01 15:28:56 INFO SparkEnv: Registering BlockManagerMasterHeartbeat
[2024-11-01T15:29:03.210+0000] {spark_submit.py:495} INFO - 24/11/01 15:29:03 INFO DiskBlockManager: Created local directory at /tmp/blockmgr-c0249858-b0a8-4ee7-90cd-fcc09401174a
[2024-11-01T15:29:05.061+0000] {spark_submit.py:495} INFO - 24/11/01 15:29:05 INFO MemoryStore: MemoryStore started with capacity 434.4 MiB
[2024-11-01T15:29:08.028+0000] {spark_submit.py:495} INFO - 24/11/01 15:29:07 INFO SparkEnv: Registering OutputCommitCoordinator
[2024-11-01T15:29:21.972+0000] {spark_submit.py:495} INFO - 24/11/01 15:29:21 INFO JettyUtils: Start Jetty 0.0.0.0:4040 for SparkUI
[2024-11-01T15:29:31.614+0000] {spark_submit.py:495} INFO - 24/11/01 15:29:31 INFO Utils: Successfully started service 'SparkUI' on port 4040.
[2024-11-01T15:29:45.290+0000] {spark_submit.py:495} INFO - 24/11/01 15:29:45 INFO StandaloneAppClient$ClientEndpoint: Connecting to master spark://spark-master:7077...
[2024-11-01T15:29:54.660+0000] {spark_submit.py:495} INFO - 24/11/01 15:29:53 INFO TransportClientFactory: Successfully created connection to spark-master/172.22.0.3:7077 after 5909 ms (0 ms spent in bootstraps)
[2024-11-01T15:30:09.352+0000] {spark_submit.py:495} INFO - 24/11/01 15:30:09 INFO StandaloneAppClient$ClientEndpoint: Connecting to master spark://spark-master:7077...
[2024-11-01T15:30:17.344+0000] {spark_submit.py:495} INFO - 24/11/01 15:30:17 INFO StandaloneSchedulerBackend: Connected to Spark cluster with app ID app-20241101153013-0000
[2024-11-01T15:30:17.578+0000] {spark_submit.py:495} INFO - 24/11/01 15:30:17 INFO Utils: Successfully started service 'org.apache.spark.network.netty.NettyBlockTransferService' on port 33571.
[2024-11-01T15:30:17.580+0000] {spark_submit.py:495} INFO - 24/11/01 15:30:17 INFO NettyBlockTransferService: Server created on 458d68760919:33571
[2024-11-01T15:30:17.651+0000] {spark_submit.py:495} INFO - 24/11/01 15:30:17 INFO BlockManager: Using org.apache.spark.storage.RandomBlockReplicationPolicy for block replication policy
[2024-11-01T15:30:19.026+0000] {spark_submit.py:495} INFO - 24/11/01 15:30:18 INFO BlockManagerMaster: Registering BlockManager BlockManagerId(driver, 458d68760919, 33571, None)
[2024-11-01T15:30:20.054+0000] {spark_submit.py:495} INFO - 24/11/01 15:30:19 INFO BlockManagerMasterEndpoint: Registering block manager 458d68760919:33571 with 434.4 MiB RAM, BlockManagerId(driver, 458d68760919, 33571, None)
[2024-11-01T15:30:20.493+0000] {spark_submit.py:495} INFO - 24/11/01 15:30:20 INFO BlockManagerMaster: Registered BlockManager BlockManagerId(driver, 458d68760919, 33571, None)
[2024-11-01T15:30:20.528+0000] {spark_submit.py:495} INFO - 24/11/01 15:30:20 INFO BlockManager: Initialized BlockManager: BlockManagerId(driver, 458d68760919, 33571, None)
[2024-11-01T15:30:24.447+0000] {spark_submit.py:495} INFO - 24/11/01 15:30:24 INFO StandaloneAppClient$ClientEndpoint: Executor added: app-20241101153013-0000/0 on worker-20241101151448-172.22.0.4-37811 (172.22.0.4:37811) with 1 core(s)
[2024-11-01T15:30:25.326+0000] {spark_submit.py:495} INFO - 24/11/01 15:30:25 INFO StandaloneSchedulerBackend: Granted executor ID app-20241101153013-0000/0 on hostPort 172.22.0.4:37811 with 1 core(s), 1024.0 MiB RAM
[2024-11-01T15:30:25.326+0000] {spark_submit.py:495} INFO - 24/11/01 15:30:25 INFO StandaloneSchedulerBackend: Connected to Spark cluster with app ID app-20241101153020-0001
[2024-11-01T15:30:40.552+0000] {spark_submit.py:495} INFO - 24/11/01 15:30:40 INFO StandaloneAppClient$ClientEndpoint: Executor updated: app-20241101153020-0001/0 is now RUNNING
[2024-11-01T15:30:51.335+0000] {spark_submit.py:495} INFO - 24/11/01 15:30:51 INFO AsyncEventQueue: Process of event SparkListenerResourceProfileAdded(Profile: id = 0, executor resources: memory -> name: memory, amount: 1024, script: , vendor: ,offHeap -> name: offHeap, amount: 0, script: , vendor: , task resources: cpus -> name: cpus, amount: 1.0) by listener HeartbeatReceiver took 1.790684406s.
[2024-11-01T15:30:52.279+0000] {spark_submit.py:495} INFO - 24/11/01 15:30:52 INFO AsyncEventQueue: Process of event SparkListenerResourceProfileAdded(Profile: id = 0, executor resources: memory -> name: memory, amount: 1024, script: , vendor: ,offHeap -> name: offHeap, amount: 0, script: , vendor: , task resources: cpus -> name: cpus, amount: 1.0) by listener AppStatusListener took 3.079352545s.
[2024-11-01T15:30:54.867+0000] {spark_submit.py:495} INFO - 24/11/01 15:30:54 INFO AsyncEventQueue: Process of event SparkListenerBlockManagerAdded(1730475019645,BlockManagerId(driver, 458d68760919, 33571, None),455501414,Some(455501414),Some(0)) by listener AppStatusListener took 1.279181078s.
[2024-11-01T15:30:57.167+0000] {spark_submit.py:495} INFO - 24/11/01 15:30:57 INFO AsyncEventQueue: Process of event SparkListenerApplicationStart(KafkaSparkStreaming,Some(app-20241101153013-0000),1730474836852,***,None,None,None) by listener AppStatusListener took 1.054035606s.
[2024-11-01T15:30:57.624+0000] {spark_submit.py:495} INFO - 24/11/01 15:30:57 INFO StandaloneSchedulerBackend: SchedulerBackend is ready for scheduling beginning after reached minRegisteredResourcesRatio: 0.0
[2024-11-01T15:31:24.736+0000] {spark_submit.py:495} INFO - 24/11/01 15:31:24 INFO SharedState: Setting hive.metastore.warehouse.dir ('null') to the value of spark.sql.warehouse.dir.
[2024-11-01T15:31:26.597+0000] {spark_submit.py:495} INFO - 24/11/01 15:31:26 INFO SharedState: Warehouse path is 'file:/opt/***/spark-warehouse'.
[2024-11-01T15:33:07.466+0000] {spark_submit.py:495} INFO - 24/11/01 15:33:07 INFO AsyncEventQueue: Process of event SparkListenerExecutorMetricsUpdate(driver,WrappedArray(),Map((-1,-1) -> org.apache.spark.executor.ExecutorMetrics@415829c2)) by listener AppStatusListener took 1.315717593s.
[2024-11-01T15:33:28.941+0000] {spark_submit.py:495} INFO - Traceback (most recent call last):
[2024-11-01T15:33:28.946+0000] {spark_submit.py:495} INFO - File "/opt/***/dags/spark_streaming_job.py", line 42, in <module>
[2024-11-01T15:33:28.948+0000] {spark_submit.py:495} INFO - spark_streaming_job()
[2024-11-01T15:33:28.984+0000] {spark_submit.py:495} INFO - File "/opt/***/dags/spark_streaming_job.py", line 25, in spark_streaming_job
[2024-11-01T15:33:29.052+0000] {spark_submit.py:495} INFO - .load()
[2024-11-01T15:33:29.053+0000] {spark_submit.py:495} INFO - ^^^^^^
[2024-11-01T15:33:29.054+0000] {spark_submit.py:495} INFO - File "/home/***/.local/lib/python3.11/site-packages/pyspark/python/lib/pyspark.zip/pyspark/sql/streaming/readwriter.py", line 277, in load
[2024-11-01T15:33:29.055+0000] {spark_submit.py:495} INFO - File "/home/***/.local/lib/python3.11/site-packages/pyspark/python/lib/py4j-0.10.9.7-src.zip/py4j/java_gateway.py", line 1322, in __call__
[2024-11-01T15:33:29.056+0000] {spark_submit.py:495} INFO - File "/home/***/.local/lib/python3.11/site-packages/pyspark/python/lib/pyspark.zip/pyspark/errors/exceptions/captured.py", line 175, in deco
[2024-11-01T15:33:29.618+0000] {spark_submit.py:495} INFO - pyspark.errors.exceptions.captured.AnalysisException: Failed to find data source: kafka. Please deploy the application as per the deployment section of Structured Streaming + Kafka Integration Guide.
[2024-11-01T15:33:31.422+0000] {spark_submit.py:495} INFO - 24/11/01 15:33:31 INFO SparkContext: Invoking stop() from shutdown hook
[2024-11-01T15:33:31.434+0000] {spark_submit.py:495} INFO - 24/11/01 15:33:31 INFO SparkContext: SparkContext is stopping with exitCode 0.
[2024-11-01T15:33:31.838+0000] {spark_submit.py:495} INFO - 24/11/01 15:33:31 INFO SparkUI: Stopped Spark web UI at http://458d68760919:4040
[2024-11-01T15:33:32.231+0000] {spark_submit.py:495} INFO - 24/11/01 15:33:32 INFO StandaloneSchedulerBackend: Shutting down all executors
[2024-11-01T15:33:32.644+0000] {spark_submit.py:495} INFO - 24/11/01 15:33:32 INFO StandaloneSchedulerBackend$StandaloneDriverEndpoint: Asking each executor to shut down
[2024-11-01T15:33:34.605+0000] {spark_submit.py:495} INFO - 24/11/01 15:33:34 INFO MapOutputTrackerMasterEndpoint: MapOutputTrackerMasterEndpoint stopped!
[2024-11-01T15:33:36.639+0000] {spark_submit.py:495} INFO - 24/11/01 15:33:36 INFO MemoryStore: MemoryStore cleared
[2024-11-01T15:33:36.646+0000] {spark_submit.py:495} INFO - 24/11/01 15:33:36 INFO BlockManager: BlockManager stopped
[2024-11-01T15:33:36.812+0000] {spark_submit.py:495} INFO - 24/11/01 15:33:36 INFO BlockManagerMaster: BlockManagerMaster stopped
[2024-11-01T15:33:36.850+0000] {spark_submit.py:495} INFO - 24/11/01 15:33:36 INFO OutputCommitCoordinator$OutputCommitCoordinatorEndpoint: OutputCommitCoordinator stopped!
[2024-11-01T15:33:37.303+0000] {spark_submit.py:495} INFO - 24/11/01 15:33:37 INFO SparkContext: Successfully stopped SparkContext
[2024-11-01T15:33:37.421+0000] {spark_submit.py:495} INFO - 24/11/01 15:33:37 INFO ShutdownHookManager: Shutdown hook called
[2024-11-01T15:33:37.514+0000] {spark_submit.py:495} INFO - 24/11/01 15:33:37 INFO ShutdownHookManager: Deleting directory /tmp/spark-c64f767c-1b72-49fe-a2b4-b0cc390abdea
[2024-11-01T15:33:37.984+0000] {spark_submit.py:495} INFO - 24/11/01 15:33:37 INFO ShutdownHookManager: Deleting directory /tmp/spark-c64f767c-1b72-49fe-a2b4-b0cc390abdea/pyspark-606f32d8-aebb-4576-a530-07c9862c1898
[2024-11-01T15:33:38.313+0000] {spark_submit.py:495} INFO - 24/11/01 15:33:38 INFO ShutdownHookManager: Deleting directory /tmp/spark-928f23fd-3c02-47ad-bf85-bb91afed2f7f
[2024-11-01T15:33:40.124+0000] {taskinstance.py:441} INFO - ::group::Post task execution logs
[2024-11-01T15:33:40.571+0000] {taskinstance.py:2905} ERROR - Task failed with exception
Traceback (most recent call last):
  File "/home/airflow/.local/lib/python3.11/site-packages/airflow/models/taskinstance.py", line 465, in _execute_task
    result = _execute_callable(context=context, **execute_callable_kwargs)
             ^^^^^^^^^^^^^^^^^^^^^^^^^^^^^^^^^^^^^^^^^^^^^^^^^^^^^^^^^^^^^
  File "/home/airflow/.local/lib/python3.11/site-packages/airflow/models/taskinstance.py", line 432, in _execute_callable
    return execute_callable(context=context, **execute_callable_kwargs)
           ^^^^^^^^^^^^^^^^^^^^^^^^^^^^^^^^^^^^^^^^^^^^^^^^^^^^^^^^^^^^
  File "/home/airflow/.local/lib/python3.11/site-packages/airflow/models/baseoperator.py", line 401, in wrapper
    return func(self, *args, **kwargs)
           ^^^^^^^^^^^^^^^^^^^^^^^^^^^
  File "/home/airflow/.local/lib/python3.11/site-packages/airflow/providers/apache/spark/operators/spark_submit.py", line 157, in execute
    self._hook.submit(self._application)
  File "/home/airflow/.local/lib/python3.11/site-packages/airflow/providers/apache/spark/hooks/spark_submit.py", line 426, in submit
    raise AirflowException(
airflow.exceptions.AirflowException: Cannot execute: spark-submit --master spark://spark-master:7077 --name KafkaSparkHDFS /opt/***/dags/spark_streaming_job.py. Error code is: 1.
[2024-11-01T15:33:40.918+0000] {taskinstance.py:1206} INFO - Marking task as FAILED. dag_id=sensor_data_consumer, task_id=sensor_data_consumer, run_id=manual__2024-11-01T15:23:41.150717+00:00, execution_date=20241101T152341, start_date=20241101T152422, end_date=20241101T153340
[2024-11-01T15:33:41.649+0000] {standard_task_runner.py:110} ERROR - Failed to execute job 385 for task sensor_data_consumer (Cannot execute: spark-submit --master spark://spark-master:7077 --name KafkaSparkHDFS /opt/***/dags/spark_streaming_job.py. Error code is: 1.; 444)
[2024-11-01T15:33:42.089+0000] {local_task_job_runner.py:243} INFO - Task exited with return code 1
[2024-11-01T15:33:42.669+0000] {taskinstance.py:3503} INFO - 0 downstream tasks scheduled from follow-on schedule check
[2024-11-01T15:33:42.829+0000] {local_task_job_runner.py:222} INFO - ::endgroup::
