[2024-11-01T06:50:55.109+0000] {local_task_job_runner.py:120} INFO - ::group::Pre task execution logs
[2024-11-01T06:50:55.378+0000] {taskinstance.py:2076} INFO - Dependencies all met for dep_context=non-requeueable deps ti=<TaskInstance: fetch_data.fetch_data_from_api manual__2024-11-01T06:50:48.210167+00:00 [queued]>
[2024-11-01T06:50:55.449+0000] {taskinstance.py:2076} INFO - Dependencies all met for dep_context=requeueable deps ti=<TaskInstance: fetch_data.fetch_data_from_api manual__2024-11-01T06:50:48.210167+00:00 [queued]>
[2024-11-01T06:50:55.454+0000] {taskinstance.py:2306} INFO - Starting attempt 1 of 1
[2024-11-01T06:50:55.922+0000] {taskinstance.py:2330} INFO - Executing <Task(PythonOperator): fetch_data_from_api> on 2024-11-01 06:50:48.210167+00:00
[2024-11-01T06:50:55.970+0000] {standard_task_runner.py:64} INFO - Started process 4918 to run task
[2024-11-01T06:50:55.983+0000] {standard_task_runner.py:90} INFO - Running: ['***', 'tasks', 'run', 'fetch_data', 'fetch_data_from_api', 'manual__2024-11-01T06:50:48.210167+00:00', '--job-id', '195', '--raw', '--subdir', 'DAGS_FOLDER/***_producer.py', '--cfg-path', '/tmp/tmphe6oxsy9']
[2024-11-01T06:50:55.995+0000] {standard_task_runner.py:91} INFO - Job 195: Subtask fetch_data_from_api
[2024-11-01T06:50:56.247+0000] {task_command.py:426} INFO - Running <TaskInstance: fetch_data.fetch_data_from_api manual__2024-11-01T06:50:48.210167+00:00 [running]> on host 0f30954d6a44
[2024-11-01T06:50:56.966+0000] {taskinstance.py:2648} INFO - Exporting env vars: AIRFLOW_CTX_DAG_OWNER='Bich Ly' AIRFLOW_CTX_DAG_ID='fetch_data' AIRFLOW_CTX_TASK_ID='fetch_data_from_api' AIRFLOW_CTX_EXECUTION_DATE='2024-11-01T06:50:48.210167+00:00' AIRFLOW_CTX_TRY_NUMBER='1' AIRFLOW_CTX_DAG_RUN_ID='manual__2024-11-01T06:50:48.210167+00:00'
[2024-11-01T06:50:56.990+0000] {taskinstance.py:430} INFO - ::endgroup::
[2024-11-01T06:50:57.076+0000] {conn.py:380} INFO - <BrokerConnection node_id=bootstrap-0 host=localhost:9092 <connecting> [IPv6 ('::1', 9092, 0, 0)]>: connecting to localhost:9092 [('::1', 9092, 0, 0) IPv6]
[2024-11-01T06:50:57.102+0000] {conn.py:1205} INFO - Probing node bootstrap-0 broker version
[2024-11-01T06:50:57.106+0000] {conn.py:418} ERROR - Connect attempt to <BrokerConnection node_id=bootstrap-0 host=localhost:9092 <connecting> [IPv6 ('::1', 9092, 0, 0)]> returned error 111. Disconnecting.
[2024-11-01T06:50:57.109+0000] {conn.py:919} INFO - <BrokerConnection node_id=bootstrap-0 host=localhost:9092 <connecting> [IPv6 ('::1', 9092, 0, 0)]>: Closing connection. KafkaConnectionError: 111 ECONNREFUSED
[2024-11-01T06:50:57.125+0000] {conn.py:380} INFO - <BrokerConnection node_id=bootstrap-0 host=localhost:9092 <connecting> [IPv6 ('::1', 9092, 0, 0)]>: connecting to localhost:9092 [('::1', 9092, 0, 0) IPv6]
[2024-11-01T06:50:57.133+0000] {conn.py:418} ERROR - Connect attempt to <BrokerConnection node_id=bootstrap-0 host=localhost:9092 <connecting> [IPv6 ('::1', 9092, 0, 0)]> returned error 111. Disconnecting.
[2024-11-01T06:50:57.134+0000] {conn.py:919} INFO - <BrokerConnection node_id=bootstrap-0 host=localhost:9092 <connecting> [IPv6 ('::1', 9092, 0, 0)]>: Closing connection. KafkaConnectionError: 111 ECONNREFUSED
[2024-11-01T06:50:57.175+0000] {conn.py:380} INFO - <BrokerConnection node_id=bootstrap-0 host=localhost:9092 <connecting> [IPv4 ('127.0.0.1', 9092)]>: connecting to localhost:9092 [('127.0.0.1', 9092) IPv4]
[2024-11-01T06:50:57.176+0000] {conn.py:418} ERROR - Connect attempt to <BrokerConnection node_id=bootstrap-0 host=localhost:9092 <connecting> [IPv4 ('127.0.0.1', 9092)]> returned error 111. Disconnecting.
[2024-11-01T06:50:57.176+0000] {conn.py:919} INFO - <BrokerConnection node_id=bootstrap-0 host=localhost:9092 <connecting> [IPv4 ('127.0.0.1', 9092)]>: Closing connection. KafkaConnectionError: 111 ECONNREFUSED
[2024-11-01T06:50:57.177+0000] {taskinstance.py:441} INFO - ::group::Post task execution logs
[2024-11-01T06:50:57.178+0000] {taskinstance.py:2905} ERROR - Task failed with exception
Traceback (most recent call last):
  File "/home/airflow/.local/lib/python3.11/site-packages/airflow/models/taskinstance.py", line 465, in _execute_task
    result = _execute_callable(context=context, **execute_callable_kwargs)
             ^^^^^^^^^^^^^^^^^^^^^^^^^^^^^^^^^^^^^^^^^^^^^^^^^^^^^^^^^^^^^
  File "/home/airflow/.local/lib/python3.11/site-packages/airflow/models/taskinstance.py", line 432, in _execute_callable
    return execute_callable(context=context, **execute_callable_kwargs)
           ^^^^^^^^^^^^^^^^^^^^^^^^^^^^^^^^^^^^^^^^^^^^^^^^^^^^^^^^^^^^
  File "/home/airflow/.local/lib/python3.11/site-packages/airflow/models/baseoperator.py", line 401, in wrapper
    return func(self, *args, **kwargs)
           ^^^^^^^^^^^^^^^^^^^^^^^^^^^
  File "/home/airflow/.local/lib/python3.11/site-packages/airflow/operators/python.py", line 235, in execute
    return_value = self.execute_callable()
                   ^^^^^^^^^^^^^^^^^^^^^^^
  File "/home/airflow/.local/lib/python3.11/site-packages/airflow/operators/python.py", line 252, in execute_callable
    return self.python_callable(*self.op_args, **self.op_kwargs)
           ^^^^^^^^^^^^^^^^^^^^^^^^^^^^^^^^^^^^^^^^^^^^^^^^^^^^^
  File "/opt/airflow/dags/airflow_producer.py", line 27, in stream_data
    producer = KafkaProducer(bootstrap_servers=['localhost:9092'], max_block_ms=10000,
               ^^^^^^^^^^^^^^^^^^^^^^^^^^^^^^^^^^^^^^^^^^^^^^^^^^^^^^^^^^^^^^^^^^^^^^^
  File "/home/airflow/.local/lib/python3.11/site-packages/kafka/producer/kafka.py", line 381, in __init__
    client = KafkaClient(metrics=self._metrics, metric_group_prefix='producer',
             ^^^^^^^^^^^^^^^^^^^^^^^^^^^^^^^^^^^^^^^^^^^^^^^^^^^^^^^^^^^^^^^^^^
  File "/home/airflow/.local/lib/python3.11/site-packages/kafka/client_async.py", line 244, in __init__
    self.config['api_version'] = self.check_version(timeout=check_timeout)
                                 ^^^^^^^^^^^^^^^^^^^^^^^^^^^^^^^^^^^^^^^^^
  File "/home/airflow/.local/lib/python3.11/site-packages/kafka/client_async.py", line 900, in check_version
    raise Errors.NoBrokersAvailable()
kafka.errors.NoBrokersAvailable: NoBrokersAvailable
[2024-11-01T06:50:57.316+0000] {taskinstance.py:1206} INFO - Marking task as FAILED. dag_id=fetch_data, task_id=fetch_data_from_api, run_id=manual__2024-11-01T06:50:48.210167+00:00, execution_date=20241101T065048, start_date=20241101T065055, end_date=20241101T065057
[2024-11-01T06:50:57.433+0000] {standard_task_runner.py:110} ERROR - Failed to execute job 195 for task fetch_data_from_api (NoBrokersAvailable; 4918)
[2024-11-01T06:50:57.473+0000] {local_task_job_runner.py:243} INFO - Task exited with return code 1
[2024-11-01T06:50:57.609+0000] {taskinstance.py:3503} INFO - 0 downstream tasks scheduled from follow-on schedule check
[2024-11-01T06:50:57.624+0000] {local_task_job_runner.py:222} INFO - ::endgroup::
