[2024-11-03T10:42:47.525+0000] {local_task_job_runner.py:120} INFO - ::group::Pre task execution logs
[2024-11-03T10:42:47.636+0000] {taskinstance.py:2076} INFO - Dependencies all met for dep_context=non-requeueable deps ti=<TaskInstance: sensor_data_consumer.sensor_data_consumer manual__2024-11-03T10:42:33.991337+00:00 [queued]>
[2024-11-03T10:42:47.656+0000] {taskinstance.py:2076} INFO - Dependencies all met for dep_context=requeueable deps ti=<TaskInstance: sensor_data_consumer.sensor_data_consumer manual__2024-11-03T10:42:33.991337+00:00 [queued]>
[2024-11-03T10:42:47.657+0000] {taskinstance.py:2306} INFO - Starting attempt 1 of 1
[2024-11-03T10:42:47.696+0000] {taskinstance.py:2330} INFO - Executing <Task(SparkSubmitOperator): sensor_data_consumer> on 2024-11-03 10:42:33.991337+00:00
[2024-11-03T10:42:47.709+0000] {standard_task_runner.py:64} INFO - Started process 6333 to run task
[2024-11-03T10:42:47.720+0000] {standard_task_runner.py:90} INFO - Running: ['***', 'tasks', 'run', 'sensor_data_consumer', 'sensor_data_consumer', 'manual__2024-11-03T10:42:33.991337+00:00', '--job-id', '241', '--raw', '--subdir', 'DAGS_FOLDER/***_consumer.py', '--cfg-path', '/tmp/tmpt2jln3po']
[2024-11-03T10:42:47.727+0000] {standard_task_runner.py:91} INFO - Job 241: Subtask sensor_data_consumer
[2024-11-03T10:42:48.239+0000] {task_command.py:426} INFO - Running <TaskInstance: sensor_data_consumer.sensor_data_consumer manual__2024-11-03T10:42:33.991337+00:00 [running]> on host 7d9160448bdc
[2024-11-03T10:42:48.527+0000] {taskinstance.py:2648} INFO - Exporting env vars: AIRFLOW_CTX_DAG_OWNER='Bich Ly' AIRFLOW_CTX_DAG_ID='sensor_data_consumer' AIRFLOW_CTX_TASK_ID='sensor_data_consumer' AIRFLOW_CTX_EXECUTION_DATE='2024-11-03T10:42:33.991337+00:00' AIRFLOW_CTX_TRY_NUMBER='1' AIRFLOW_CTX_DAG_RUN_ID='manual__2024-11-03T10:42:33.991337+00:00'
[2024-11-03T10:42:48.529+0000] {taskinstance.py:430} INFO - ::endgroup::
[2024-11-03T10:42:48.598+0000] {spark_submit.py:222} INFO - Could not load connection string spark_default, defaulting to yarn
[2024-11-03T10:42:48.611+0000] {spark_submit.py:344} INFO - Spark-Submit cmd: spark-submit --master yarn --conf spark.yarn.appMasterEnv.HADOOP_CONF_DIR=/opt/hadoop-3.2.1/etc/hadoop --packages org.apache.spark:spark-streaming-kafka-0-10_2.12:3.4.2,org.apache.spark:spark-sql-kafka-0-10_2.12:3.4.2,org.apache.hadoop:hadoop-client:3.2.1 --name KafkaSparkHDFS /opt/***/dags/spark_streaming_job.py
[2024-11-03T10:43:16.636+0000] {spark_submit.py:495} INFO - :: loading settings :: url = jar:file:/home/***/.local/lib/python3.11/site-packages/pyspark/jars/ivy-2.5.1.jar!/org/apache/ivy/core/settings/ivysettings.xml
[2024-11-03T10:43:19.344+0000] {spark_submit.py:495} INFO - Ivy Default Cache set to: /home/***/.ivy2/cache
[2024-11-03T10:43:19.345+0000] {spark_submit.py:495} INFO - The jars for the packages stored in: /home/***/.ivy2/jars
[2024-11-03T10:43:19.350+0000] {spark_submit.py:495} INFO - org.apache.spark#spark-streaming-kafka-0-10_2.12 added as a dependency
[2024-11-03T10:43:19.352+0000] {spark_submit.py:495} INFO - org.apache.spark#spark-sql-kafka-0-10_2.12 added as a dependency
[2024-11-03T10:43:19.353+0000] {spark_submit.py:495} INFO - org.apache.hadoop#hadoop-client added as a dependency
[2024-11-03T10:43:19.358+0000] {spark_submit.py:495} INFO - :: resolving dependencies :: org.apache.spark#spark-submit-parent-e59ae296-2409-4089-badf-a25ad224b1e0;1.0
[2024-11-03T10:43:19.359+0000] {spark_submit.py:495} INFO - confs: [default]
[2024-11-03T10:43:23.610+0000] {spark_submit.py:495} INFO - found org.apache.spark#spark-streaming-kafka-0-10_2.12;3.4.2 in central
[2024-11-03T10:43:24.090+0000] {spark_submit.py:495} INFO - found org.apache.spark#spark-token-provider-kafka-0-10_2.12;3.4.2 in central
[2024-11-03T10:43:24.152+0000] {spark_submit.py:495} INFO - found org.apache.kafka#kafka-clients;3.3.2 in central
[2024-11-03T10:43:24.234+0000] {spark_submit.py:495} INFO - found org.lz4#lz4-java;1.8.0 in central
[2024-11-03T10:43:24.848+0000] {spark_submit.py:495} INFO - found org.xerial.snappy#snappy-java;1.1.10.3 in central
[2024-11-03T10:43:25.343+0000] {spark_submit.py:495} INFO - found org.slf4j#slf4j-api;2.0.6 in central
[2024-11-03T10:43:25.521+0000] {spark_submit.py:495} INFO - found org.apache.hadoop#hadoop-client-runtime;3.3.4 in central
[2024-11-03T10:43:26.231+0000] {spark_submit.py:495} INFO - found org.apache.hadoop#hadoop-client-api;3.3.4 in central
[2024-11-03T10:43:26.397+0000] {spark_submit.py:495} INFO - found commons-logging#commons-logging;1.1.3 in central
[2024-11-03T10:43:26.850+0000] {spark_submit.py:495} INFO - found com.google.code.findbugs#jsr305;3.0.0 in central
[2024-11-03T10:43:27.146+0000] {spark_submit.py:495} INFO - found org.apache.spark#spark-sql-kafka-0-10_2.12;3.4.2 in central
[2024-11-03T10:43:27.172+0000] {spark_submit.py:495} INFO - found org.apache.commons#commons-pool2;2.11.1 in central
[2024-11-03T10:43:27.375+0000] {spark_submit.py:495} INFO - found org.apache.hadoop#hadoop-client;3.2.1 in central
[2024-11-03T10:43:27.494+0000] {spark_submit.py:495} INFO - found org.apache.hadoop#hadoop-common;3.2.1 in central
[2024-11-03T10:43:27.681+0000] {spark_submit.py:495} INFO - found org.apache.hadoop#hadoop-annotations;3.2.1 in central
[2024-11-03T10:43:27.916+0000] {spark_submit.py:495} INFO - found com.google.guava#guava;27.0-jre in central
[2024-11-03T10:43:28.615+0000] {spark_submit.py:495} INFO - found com.google.guava#failureaccess;1.0 in central
[2024-11-03T10:43:28.759+0000] {spark_submit.py:495} INFO - found com.google.guava#listenablefuture;9999.0-empty-to-avoid-conflict-with-guava in central
[2024-11-03T10:43:28.897+0000] {spark_submit.py:495} INFO - found org.checkerframework#checker-qual;2.5.2 in central
[2024-11-03T10:43:28.898+0000] {spark_submit.py:495} INFO - found com.google.errorprone#error_prone_annotations;2.2.0 in central
[2024-11-03T10:43:28.923+0000] {spark_submit.py:495} INFO - found com.google.j2objc#j2objc-annotations;1.1 in central
[2024-11-03T10:43:28.947+0000] {spark_submit.py:495} INFO - found org.codehaus.mojo#animal-sniffer-annotations;1.17 in central
[2024-11-03T10:43:28.971+0000] {spark_submit.py:495} INFO - found commons-cli#commons-cli;1.2 in central
[2024-11-03T10:43:28.994+0000] {spark_submit.py:495} INFO - found org.apache.commons#commons-math3;3.1.1 in central
[2024-11-03T10:43:29.018+0000] {spark_submit.py:495} INFO - found org.apache.httpcomponents#httpclient;4.5.6 in central
[2024-11-03T10:43:29.049+0000] {spark_submit.py:495} INFO - found org.apache.httpcomponents#httpcore;4.4.10 in central
[2024-11-03T10:43:29.265+0000] {spark_submit.py:495} INFO - found commons-codec#commons-codec;1.11 in central
[2024-11-03T10:43:29.314+0000] {spark_submit.py:495} INFO - found commons-io#commons-io;2.5 in central
[2024-11-03T10:43:29.347+0000] {spark_submit.py:495} INFO - found commons-net#commons-net;3.6 in central
[2024-11-03T10:43:29.438+0000] {spark_submit.py:495} INFO - found commons-collections#commons-collections;3.2.2 in central
[2024-11-03T10:43:29.461+0000] {spark_submit.py:495} INFO - found org.eclipse.jetty#jetty-servlet;9.3.24.v20180605 in central
[2024-11-03T10:43:29.484+0000] {spark_submit.py:495} INFO - found org.eclipse.jetty#jetty-security;9.3.24.v20180605 in central
[2024-11-03T10:43:29.507+0000] {spark_submit.py:495} INFO - found org.eclipse.jetty#jetty-webapp;9.3.24.v20180605 in central
[2024-11-03T10:43:29.541+0000] {spark_submit.py:495} INFO - found org.eclipse.jetty#jetty-xml;9.3.24.v20180605 in central
[2024-11-03T10:43:29.574+0000] {spark_submit.py:495} INFO - found com.sun.jersey#jersey-servlet;1.19 in central
[2024-11-03T10:43:29.741+0000] {spark_submit.py:495} INFO - found log4j#log4j;1.2.17 in central
[2024-11-03T10:43:29.853+0000] {spark_submit.py:495} INFO - found commons-beanutils#commons-beanutils;1.9.3 in central
[2024-11-03T10:43:30.213+0000] {spark_submit.py:495} INFO - found org.apache.commons#commons-configuration2;2.1.1 in central
[2024-11-03T10:43:30.327+0000] {spark_submit.py:495} INFO - found org.apache.commons#commons-lang3;3.7 in central
[2024-11-03T10:43:30.452+0000] {spark_submit.py:495} INFO - found org.apache.commons#commons-text;1.4 in central
[2024-11-03T10:43:30.511+0000] {spark_submit.py:495} INFO - found org.apache.avro#avro;1.7.7 in central
[2024-11-03T10:43:30.581+0000] {spark_submit.py:495} INFO - found org.codehaus.jackson#jackson-core-asl;1.9.13 in central
[2024-11-03T10:43:30.869+0000] {spark_submit.py:495} INFO - found org.codehaus.jackson#jackson-mapper-asl;1.9.13 in central
[2024-11-03T10:43:30.961+0000] {spark_submit.py:495} INFO - found com.thoughtworks.paranamer#paranamer;2.3 in central
[2024-11-03T10:43:31.170+0000] {spark_submit.py:495} INFO - found org.apache.commons#commons-compress;1.18 in central
[2024-11-03T10:43:31.364+0000] {spark_submit.py:495} INFO - found com.google.re2j#re2j;1.1 in central
[2024-11-03T10:43:31.659+0000] {spark_submit.py:495} INFO - found com.google.protobuf#protobuf-java;2.5.0 in central
[2024-11-03T10:43:31.790+0000] {spark_submit.py:495} INFO - found com.google.code.gson#gson;2.2.4 in central
[2024-11-03T10:43:31.991+0000] {spark_submit.py:495} INFO - found org.apache.hadoop#hadoop-auth;3.2.1 in central
[2024-11-03T10:43:32.309+0000] {spark_submit.py:495} INFO - found com.nimbusds#nimbus-jose-jwt;4.41.1 in central
[2024-11-03T10:43:32.502+0000] {spark_submit.py:495} INFO - found com.github.stephenc.jcip#jcip-annotations;1.0-1 in central
[2024-11-03T10:43:32.697+0000] {spark_submit.py:495} INFO - found net.minidev#json-smart;2.3 in central
[2024-11-03T10:43:32.818+0000] {spark_submit.py:495} INFO - found net.minidev#accessors-smart;1.2 in central
[2024-11-03T10:43:32.981+0000] {spark_submit.py:495} INFO - found org.ow2.asm#asm;5.0.4 in central
[2024-11-03T10:43:33.024+0000] {spark_submit.py:495} INFO - found org.apache.curator#curator-framework;2.13.0 in central
[2024-11-03T10:43:33.129+0000] {spark_submit.py:495} INFO - found org.apache.curator#curator-client;2.13.0 in central
[2024-11-03T10:43:33.231+0000] {spark_submit.py:495} INFO - found org.apache.kerby#kerb-simplekdc;1.0.1 in central
[2024-11-03T10:43:33.304+0000] {spark_submit.py:495} INFO - found org.apache.kerby#kerb-client;1.0.1 in central
[2024-11-03T10:43:33.395+0000] {spark_submit.py:495} INFO - found org.apache.kerby#kerby-config;1.0.1 in central
[2024-11-03T10:43:33.494+0000] {spark_submit.py:495} INFO - found org.apache.kerby#kerb-core;1.0.1 in central
[2024-11-03T10:43:33.583+0000] {spark_submit.py:495} INFO - found org.apache.kerby#kerby-pkix;1.0.1 in central
[2024-11-03T10:43:33.758+0000] {spark_submit.py:495} INFO - found org.apache.kerby#kerby-asn1;1.0.1 in central
[2024-11-03T10:43:33.921+0000] {spark_submit.py:495} INFO - found org.apache.kerby#kerby-util;1.0.1 in central
[2024-11-03T10:43:34.041+0000] {spark_submit.py:495} INFO - found org.apache.kerby#kerb-common;1.0.1 in central
[2024-11-03T10:43:34.125+0000] {spark_submit.py:495} INFO - found org.apache.kerby#kerb-crypto;1.0.1 in central
[2024-11-03T10:43:34.252+0000] {spark_submit.py:495} INFO - found org.apache.kerby#kerb-util;1.0.1 in central
[2024-11-03T10:43:34.355+0000] {spark_submit.py:495} INFO - found org.apache.kerby#token-provider;1.0.1 in central
[2024-11-03T10:43:34.413+0000] {spark_submit.py:495} INFO - found org.apache.kerby#kerb-admin;1.0.1 in central
[2024-11-03T10:43:34.486+0000] {spark_submit.py:495} INFO - found org.apache.kerby#kerb-server;1.0.1 in central
[2024-11-03T10:43:34.578+0000] {spark_submit.py:495} INFO - found org.apache.kerby#kerb-identity;1.0.1 in central
[2024-11-03T10:43:34.693+0000] {spark_submit.py:495} INFO - found org.apache.kerby#kerby-xdr;1.0.1 in central
[2024-11-03T10:43:34.736+0000] {spark_submit.py:495} INFO - found org.apache.curator#curator-recipes;2.13.0 in central
[2024-11-03T10:43:34.765+0000] {spark_submit.py:495} INFO - found org.apache.htrace#htrace-core4;4.1.0-incubating in central
[2024-11-03T10:43:34.823+0000] {spark_submit.py:495} INFO - found com.fasterxml.jackson.core#jackson-databind;2.9.8 in central
[2024-11-03T10:43:34.896+0000] {spark_submit.py:495} INFO - found com.fasterxml.jackson.core#jackson-annotations;2.9.8 in central
[2024-11-03T10:43:34.950+0000] {spark_submit.py:495} INFO - found com.fasterxml.jackson.core#jackson-core;2.9.8 in central
[2024-11-03T10:43:35.053+0000] {spark_submit.py:495} INFO - found org.codehaus.woodstox#stax2-api;3.1.4 in central
[2024-11-03T10:43:35.087+0000] {spark_submit.py:495} INFO - found com.fasterxml.woodstox#woodstox-core;5.0.3 in central
[2024-11-03T10:43:35.169+0000] {spark_submit.py:495} INFO - found dnsjava#dnsjava;2.1.7 in central
[2024-11-03T10:43:35.345+0000] {spark_submit.py:495} INFO - found javax.servlet.jsp#jsp-api;2.1 in central
[2024-11-03T10:43:35.422+0000] {spark_submit.py:495} INFO - found org.apache.hadoop#hadoop-hdfs-client;3.2.1 in central
[2024-11-03T10:43:35.447+0000] {spark_submit.py:495} INFO - found com.squareup.okhttp#okhttp;2.7.5 in central
[2024-11-03T10:43:35.564+0000] {spark_submit.py:495} INFO - found com.squareup.okio#okio;1.6.0 in central
[2024-11-03T10:43:35.749+0000] {spark_submit.py:495} INFO - found org.apache.hadoop#hadoop-yarn-api;3.2.1 in central
[2024-11-03T10:43:35.834+0000] {spark_submit.py:495} INFO - found javax.xml.bind#jaxb-api;2.2.11 in central
[2024-11-03T10:43:35.961+0000] {spark_submit.py:495} INFO - found org.apache.hadoop#hadoop-yarn-client;3.2.1 in central
[2024-11-03T10:43:36.038+0000] {spark_submit.py:495} INFO - found org.apache.hadoop#hadoop-mapreduce-client-core;3.2.1 in central
[2024-11-03T10:43:36.149+0000] {spark_submit.py:495} INFO - found org.apache.hadoop#hadoop-yarn-common;3.2.1 in central
[2024-11-03T10:43:36.209+0000] {spark_submit.py:495} INFO - found javax.servlet#javax.servlet-api;3.1.0 in central
[2024-11-03T10:43:36.250+0000] {spark_submit.py:495} INFO - found org.eclipse.jetty#jetty-util;9.3.24.v20180605 in central
[2024-11-03T10:43:36.318+0000] {spark_submit.py:495} INFO - found com.sun.jersey#jersey-core;1.19 in central
[2024-11-03T10:43:36.372+0000] {spark_submit.py:495} INFO - found javax.ws.rs#jsr311-api;1.1.1 in central
[2024-11-03T10:43:36.490+0000] {spark_submit.py:495} INFO - found com.sun.jersey#jersey-client;1.19 in central
[2024-11-03T10:43:37.345+0000] {spark_submit.py:495} INFO - found com.fasterxml.jackson.module#jackson-module-jaxb-annotations;2.9.8 in central
[2024-11-03T10:43:37.622+0000] {spark_submit.py:495} INFO - found com.fasterxml.jackson.jaxrs#jackson-jaxrs-json-provider;2.9.8 in central
[2024-11-03T10:43:37.730+0000] {spark_submit.py:495} INFO - found com.fasterxml.jackson.jaxrs#jackson-jaxrs-base;2.9.8 in central
[2024-11-03T10:43:37.837+0000] {spark_submit.py:495} INFO - found org.apache.hadoop#hadoop-mapreduce-client-jobclient;3.2.1 in central
[2024-11-03T10:43:37.971+0000] {spark_submit.py:495} INFO - found org.apache.hadoop#hadoop-mapreduce-client-common;3.2.1 in central
[2024-11-03T10:43:38.929+0000] {spark_submit.py:495} INFO - :: resolution report :: resolve 19229ms :: artifacts dl 342ms
[2024-11-03T10:43:38.954+0000] {spark_submit.py:495} INFO - :: modules in use:
[2024-11-03T10:43:39.097+0000] {spark_submit.py:495} INFO - com.fasterxml.jackson.core#jackson-annotations;2.9.8 from central in [default]
[2024-11-03T10:43:39.098+0000] {spark_submit.py:495} INFO - com.fasterxml.jackson.core#jackson-core;2.9.8 from central in [default]
[2024-11-03T10:43:39.098+0000] {spark_submit.py:495} INFO - com.fasterxml.jackson.core#jackson-databind;2.9.8 from central in [default]
[2024-11-03T10:43:39.098+0000] {spark_submit.py:495} INFO - com.fasterxml.jackson.jaxrs#jackson-jaxrs-base;2.9.8 from central in [default]
[2024-11-03T10:43:39.098+0000] {spark_submit.py:495} INFO - com.fasterxml.jackson.jaxrs#jackson-jaxrs-json-provider;2.9.8 from central in [default]
[2024-11-03T10:43:39.099+0000] {spark_submit.py:495} INFO - com.fasterxml.jackson.module#jackson-module-jaxb-annotations;2.9.8 from central in [default]
[2024-11-03T10:43:39.099+0000] {spark_submit.py:495} INFO - com.fasterxml.woodstox#woodstox-core;5.0.3 from central in [default]
[2024-11-03T10:43:39.099+0000] {spark_submit.py:495} INFO - com.github.stephenc.jcip#jcip-annotations;1.0-1 from central in [default]
[2024-11-03T10:43:39.099+0000] {spark_submit.py:495} INFO - com.google.code.findbugs#jsr305;3.0.0 from central in [default]
[2024-11-03T10:43:39.099+0000] {spark_submit.py:495} INFO - com.google.code.gson#gson;2.2.4 from central in [default]
[2024-11-03T10:43:39.100+0000] {spark_submit.py:495} INFO - com.google.errorprone#error_prone_annotations;2.2.0 from central in [default]
[2024-11-03T10:43:39.100+0000] {spark_submit.py:495} INFO - com.google.guava#failureaccess;1.0 from central in [default]
[2024-11-03T10:43:39.100+0000] {spark_submit.py:495} INFO - com.google.guava#guava;27.0-jre from central in [default]
[2024-11-03T10:43:39.100+0000] {spark_submit.py:495} INFO - com.google.guava#listenablefuture;9999.0-empty-to-avoid-conflict-with-guava from central in [default]
[2024-11-03T10:43:39.100+0000] {spark_submit.py:495} INFO - com.google.j2objc#j2objc-annotations;1.1 from central in [default]
[2024-11-03T10:43:39.100+0000] {spark_submit.py:495} INFO - com.google.protobuf#protobuf-java;2.5.0 from central in [default]
[2024-11-03T10:43:39.101+0000] {spark_submit.py:495} INFO - com.google.re2j#re2j;1.1 from central in [default]
[2024-11-03T10:43:39.101+0000] {spark_submit.py:495} INFO - com.nimbusds#nimbus-jose-jwt;4.41.1 from central in [default]
[2024-11-03T10:43:39.101+0000] {spark_submit.py:495} INFO - com.squareup.okhttp#okhttp;2.7.5 from central in [default]
[2024-11-03T10:43:39.101+0000] {spark_submit.py:495} INFO - com.squareup.okio#okio;1.6.0 from central in [default]
[2024-11-03T10:43:39.101+0000] {spark_submit.py:495} INFO - com.sun.jersey#jersey-client;1.19 from central in [default]
[2024-11-03T10:43:39.102+0000] {spark_submit.py:495} INFO - com.sun.jersey#jersey-core;1.19 from central in [default]
[2024-11-03T10:43:39.102+0000] {spark_submit.py:495} INFO - com.sun.jersey#jersey-servlet;1.19 from central in [default]
[2024-11-03T10:43:39.102+0000] {spark_submit.py:495} INFO - com.thoughtworks.paranamer#paranamer;2.3 from central in [default]
[2024-11-03T10:43:39.102+0000] {spark_submit.py:495} INFO - commons-beanutils#commons-beanutils;1.9.3 from central in [default]
[2024-11-03T10:43:39.102+0000] {spark_submit.py:495} INFO - commons-cli#commons-cli;1.2 from central in [default]
[2024-11-03T10:43:39.102+0000] {spark_submit.py:495} INFO - commons-codec#commons-codec;1.11 from central in [default]
[2024-11-03T10:43:39.103+0000] {spark_submit.py:495} INFO - commons-collections#commons-collections;3.2.2 from central in [default]
[2024-11-03T10:43:39.103+0000] {spark_submit.py:495} INFO - commons-io#commons-io;2.5 from central in [default]
[2024-11-03T10:43:39.103+0000] {spark_submit.py:495} INFO - commons-logging#commons-logging;1.1.3 from central in [default]
[2024-11-03T10:43:39.103+0000] {spark_submit.py:495} INFO - commons-net#commons-net;3.6 from central in [default]
[2024-11-03T10:43:39.103+0000] {spark_submit.py:495} INFO - dnsjava#dnsjava;2.1.7 from central in [default]
[2024-11-03T10:43:39.103+0000] {spark_submit.py:495} INFO - javax.servlet#javax.servlet-api;3.1.0 from central in [default]
[2024-11-03T10:43:39.104+0000] {spark_submit.py:495} INFO - javax.servlet.jsp#jsp-api;2.1 from central in [default]
[2024-11-03T10:43:39.104+0000] {spark_submit.py:495} INFO - javax.ws.rs#jsr311-api;1.1.1 from central in [default]
[2024-11-03T10:43:39.104+0000] {spark_submit.py:495} INFO - javax.xml.bind#jaxb-api;2.2.11 from central in [default]
[2024-11-03T10:43:39.104+0000] {spark_submit.py:495} INFO - log4j#log4j;1.2.17 from central in [default]
[2024-11-03T10:43:39.104+0000] {spark_submit.py:495} INFO - net.minidev#accessors-smart;1.2 from central in [default]
[2024-11-03T10:43:39.104+0000] {spark_submit.py:495} INFO - net.minidev#json-smart;2.3 from central in [default]
[2024-11-03T10:43:39.105+0000] {spark_submit.py:495} INFO - org.apache.avro#avro;1.7.7 from central in [default]
[2024-11-03T10:43:39.105+0000] {spark_submit.py:495} INFO - org.apache.commons#commons-compress;1.18 from central in [default]
[2024-11-03T10:43:39.105+0000] {spark_submit.py:495} INFO - org.apache.commons#commons-configuration2;2.1.1 from central in [default]
[2024-11-03T10:43:39.105+0000] {spark_submit.py:495} INFO - org.apache.commons#commons-lang3;3.7 from central in [default]
[2024-11-03T10:43:39.105+0000] {spark_submit.py:495} INFO - org.apache.commons#commons-math3;3.1.1 from central in [default]
[2024-11-03T10:43:39.106+0000] {spark_submit.py:495} INFO - org.apache.commons#commons-pool2;2.11.1 from central in [default]
[2024-11-03T10:43:39.106+0000] {spark_submit.py:495} INFO - org.apache.commons#commons-text;1.4 from central in [default]
[2024-11-03T10:43:39.106+0000] {spark_submit.py:495} INFO - org.apache.curator#curator-client;2.13.0 from central in [default]
[2024-11-03T10:43:39.106+0000] {spark_submit.py:495} INFO - org.apache.curator#curator-framework;2.13.0 from central in [default]
[2024-11-03T10:43:39.106+0000] {spark_submit.py:495} INFO - org.apache.curator#curator-recipes;2.13.0 from central in [default]
[2024-11-03T10:43:39.107+0000] {spark_submit.py:495} INFO - org.apache.hadoop#hadoop-annotations;3.2.1 from central in [default]
[2024-11-03T10:43:39.107+0000] {spark_submit.py:495} INFO - org.apache.hadoop#hadoop-auth;3.2.1 from central in [default]
[2024-11-03T10:43:39.107+0000] {spark_submit.py:495} INFO - org.apache.hadoop#hadoop-client;3.2.1 from central in [default]
[2024-11-03T10:43:39.107+0000] {spark_submit.py:495} INFO - org.apache.hadoop#hadoop-client-api;3.3.4 from central in [default]
[2024-11-03T10:43:39.107+0000] {spark_submit.py:495} INFO - org.apache.hadoop#hadoop-client-runtime;3.3.4 from central in [default]
[2024-11-03T10:43:39.107+0000] {spark_submit.py:495} INFO - org.apache.hadoop#hadoop-common;3.2.1 from central in [default]
[2024-11-03T10:43:39.108+0000] {spark_submit.py:495} INFO - org.apache.hadoop#hadoop-hdfs-client;3.2.1 from central in [default]
[2024-11-03T10:43:39.108+0000] {spark_submit.py:495} INFO - org.apache.hadoop#hadoop-mapreduce-client-common;3.2.1 from central in [default]
[2024-11-03T10:43:39.108+0000] {spark_submit.py:495} INFO - org.apache.hadoop#hadoop-mapreduce-client-core;3.2.1 from central in [default]
[2024-11-03T10:43:39.109+0000] {spark_submit.py:495} INFO - org.apache.hadoop#hadoop-mapreduce-client-jobclient;3.2.1 from central in [default]
[2024-11-03T10:43:39.109+0000] {spark_submit.py:495} INFO - org.apache.hadoop#hadoop-yarn-api;3.2.1 from central in [default]
[2024-11-03T10:43:39.109+0000] {spark_submit.py:495} INFO - org.apache.hadoop#hadoop-yarn-client;3.2.1 from central in [default]
[2024-11-03T10:43:39.109+0000] {spark_submit.py:495} INFO - org.apache.hadoop#hadoop-yarn-common;3.2.1 from central in [default]
[2024-11-03T10:43:39.109+0000] {spark_submit.py:495} INFO - org.apache.htrace#htrace-core4;4.1.0-incubating from central in [default]
[2024-11-03T10:43:39.110+0000] {spark_submit.py:495} INFO - org.apache.httpcomponents#httpclient;4.5.6 from central in [default]
[2024-11-03T10:43:39.110+0000] {spark_submit.py:495} INFO - org.apache.httpcomponents#httpcore;4.4.10 from central in [default]
[2024-11-03T10:43:39.110+0000] {spark_submit.py:495} INFO - org.apache.kafka#kafka-clients;3.3.2 from central in [default]
[2024-11-03T10:43:39.110+0000] {spark_submit.py:495} INFO - org.apache.kerby#kerb-admin;1.0.1 from central in [default]
[2024-11-03T10:43:39.110+0000] {spark_submit.py:495} INFO - org.apache.kerby#kerb-client;1.0.1 from central in [default]
[2024-11-03T10:43:39.111+0000] {spark_submit.py:495} INFO - org.apache.kerby#kerb-common;1.0.1 from central in [default]
[2024-11-03T10:43:39.111+0000] {spark_submit.py:495} INFO - org.apache.kerby#kerb-core;1.0.1 from central in [default]
[2024-11-03T10:43:39.111+0000] {spark_submit.py:495} INFO - org.apache.kerby#kerb-crypto;1.0.1 from central in [default]
[2024-11-03T10:43:39.111+0000] {spark_submit.py:495} INFO - org.apache.kerby#kerb-identity;1.0.1 from central in [default]
[2024-11-03T10:43:39.112+0000] {spark_submit.py:495} INFO - org.apache.kerby#kerb-server;1.0.1 from central in [default]
[2024-11-03T10:43:39.112+0000] {spark_submit.py:495} INFO - org.apache.kerby#kerb-simplekdc;1.0.1 from central in [default]
[2024-11-03T10:43:39.112+0000] {spark_submit.py:495} INFO - org.apache.kerby#kerb-util;1.0.1 from central in [default]
[2024-11-03T10:43:39.112+0000] {spark_submit.py:495} INFO - org.apache.kerby#kerby-asn1;1.0.1 from central in [default]
[2024-11-03T10:43:39.112+0000] {spark_submit.py:495} INFO - org.apache.kerby#kerby-config;1.0.1 from central in [default]
[2024-11-03T10:43:39.112+0000] {spark_submit.py:495} INFO - org.apache.kerby#kerby-pkix;1.0.1 from central in [default]
[2024-11-03T10:43:39.113+0000] {spark_submit.py:495} INFO - org.apache.kerby#kerby-util;1.0.1 from central in [default]
[2024-11-03T10:43:39.113+0000] {spark_submit.py:495} INFO - org.apache.kerby#kerby-xdr;1.0.1 from central in [default]
[2024-11-03T10:43:39.113+0000] {spark_submit.py:495} INFO - org.apache.kerby#token-provider;1.0.1 from central in [default]
[2024-11-03T10:43:39.113+0000] {spark_submit.py:495} INFO - org.apache.spark#spark-sql-kafka-0-10_2.12;3.4.2 from central in [default]
[2024-11-03T10:43:39.114+0000] {spark_submit.py:495} INFO - org.apache.spark#spark-streaming-kafka-0-10_2.12;3.4.2 from central in [default]
[2024-11-03T10:43:39.114+0000] {spark_submit.py:495} INFO - org.apache.spark#spark-token-provider-kafka-0-10_2.12;3.4.2 from central in [default]
[2024-11-03T10:43:39.114+0000] {spark_submit.py:495} INFO - org.checkerframework#checker-qual;2.5.2 from central in [default]
[2024-11-03T10:43:39.114+0000] {spark_submit.py:495} INFO - org.codehaus.jackson#jackson-core-asl;1.9.13 from central in [default]
[2024-11-03T10:43:39.114+0000] {spark_submit.py:495} INFO - org.codehaus.jackson#jackson-mapper-asl;1.9.13 from central in [default]
[2024-11-03T10:43:39.115+0000] {spark_submit.py:495} INFO - org.codehaus.mojo#animal-sniffer-annotations;1.17 from central in [default]
[2024-11-03T10:43:39.115+0000] {spark_submit.py:495} INFO - org.codehaus.woodstox#stax2-api;3.1.4 from central in [default]
[2024-11-03T10:43:39.115+0000] {spark_submit.py:495} INFO - org.eclipse.jetty#jetty-security;9.3.24.v20180605 from central in [default]
[2024-11-03T10:43:39.115+0000] {spark_submit.py:495} INFO - org.eclipse.jetty#jetty-servlet;9.3.24.v20180605 from central in [default]
[2024-11-03T10:43:39.115+0000] {spark_submit.py:495} INFO - org.eclipse.jetty#jetty-util;9.3.24.v20180605 from central in [default]
[2024-11-03T10:43:39.116+0000] {spark_submit.py:495} INFO - org.eclipse.jetty#jetty-webapp;9.3.24.v20180605 from central in [default]
[2024-11-03T10:43:39.116+0000] {spark_submit.py:495} INFO - org.eclipse.jetty#jetty-xml;9.3.24.v20180605 from central in [default]
[2024-11-03T10:43:39.116+0000] {spark_submit.py:495} INFO - org.lz4#lz4-java;1.8.0 from central in [default]
[2024-11-03T10:43:39.116+0000] {spark_submit.py:495} INFO - org.ow2.asm#asm;5.0.4 from central in [default]
[2024-11-03T10:43:39.116+0000] {spark_submit.py:495} INFO - org.slf4j#slf4j-api;2.0.6 from central in [default]
[2024-11-03T10:43:39.116+0000] {spark_submit.py:495} INFO - org.xerial.snappy#snappy-java;1.1.10.3 from central in [default]
[2024-11-03T10:43:39.117+0000] {spark_submit.py:495} INFO - :: evicted modules:
[2024-11-03T10:43:39.117+0000] {spark_submit.py:495} INFO - org.slf4j#slf4j-api;1.7.25 by [org.slf4j#slf4j-api;2.0.6] in [default]
[2024-11-03T10:43:39.117+0000] {spark_submit.py:495} INFO - org.xerial.snappy#snappy-java;1.0.5 by [org.xerial.snappy#snappy-java;1.1.10.3] in [default]
[2024-11-03T10:43:39.117+0000] {spark_submit.py:495} INFO - ---------------------------------------------------------------------
[2024-11-03T10:43:39.117+0000] {spark_submit.py:495} INFO - |                  |            modules            ||   artifacts   |
[2024-11-03T10:43:39.118+0000] {spark_submit.py:495} INFO - |       conf       | number| search|dwnlded|evicted|| number|dwnlded|
[2024-11-03T10:43:39.118+0000] {spark_submit.py:495} INFO - ---------------------------------------------------------------------
[2024-11-03T10:43:39.118+0000] {spark_submit.py:495} INFO - |      default     |  100  |   0   |   0   |   2   ||   98  |   0   |
[2024-11-03T10:43:39.118+0000] {spark_submit.py:495} INFO - ---------------------------------------------------------------------
[2024-11-03T10:43:39.118+0000] {spark_submit.py:495} INFO - :: retrieving :: org.apache.spark#spark-submit-parent-e59ae296-2409-4089-badf-a25ad224b1e0
[2024-11-03T10:43:39.119+0000] {spark_submit.py:495} INFO - confs: [default]
[2024-11-03T10:43:39.205+0000] {spark_submit.py:495} INFO - 0 artifacts copied, 98 already retrieved (0kB/148ms)
[2024-11-03T10:43:41.718+0000] {spark_submit.py:495} INFO - 24/11/03 10:43:41 WARN NativeCodeLoader: Unable to load native-hadoop library for your platform... using builtin-java classes where applicable
[2024-11-03T10:43:51.448+0000] {spark_submit.py:495} INFO - 24/11/03 10:43:51 INFO SparkContext: Running Spark version 3.4.2
[2024-11-03T10:43:51.944+0000] {spark_submit.py:495} INFO - 24/11/03 10:43:51 INFO ResourceUtils: ==============================================================
[2024-11-03T10:43:52.095+0000] {spark_submit.py:495} INFO - 24/11/03 10:43:52 INFO ResourceUtils: No custom resources configured for spark.driver.
[2024-11-03T10:43:52.113+0000] {spark_submit.py:495} INFO - 24/11/03 10:43:52 INFO ResourceUtils: ==============================================================
[2024-11-03T10:43:52.114+0000] {spark_submit.py:495} INFO - 24/11/03 10:43:52 INFO SparkContext: Submitted application: KafkaSparkStreaming
[2024-11-03T10:43:52.520+0000] {spark_submit.py:495} INFO - 24/11/03 10:43:52 INFO ResourceProfile: Default ResourceProfile created, executor resources: Map(memory -> name: memory, amount: 1024, script: , vendor: , offHeap -> name: offHeap, amount: 0, script: , vendor: ), task resources: Map(cpus -> name: cpus, amount: 1.0)
[2024-11-03T10:43:52.613+0000] {spark_submit.py:495} INFO - 24/11/03 10:43:52 INFO ResourceProfile: Limiting resource is cpu
[2024-11-03T10:43:52.620+0000] {spark_submit.py:495} INFO - 24/11/03 10:43:52 INFO ResourceProfileManager: Added ResourceProfile id: 0
[2024-11-03T10:43:53.227+0000] {spark_submit.py:495} INFO - 24/11/03 10:43:53 INFO SecurityManager: Changing view acls to: ***
[2024-11-03T10:43:53.228+0000] {spark_submit.py:495} INFO - 24/11/03 10:43:53 INFO SecurityManager: Changing modify acls to: ***
[2024-11-03T10:43:53.228+0000] {spark_submit.py:495} INFO - 24/11/03 10:43:53 INFO SecurityManager: Changing view acls groups to:
[2024-11-03T10:43:53.228+0000] {spark_submit.py:495} INFO - 24/11/03 10:43:53 INFO SecurityManager: Changing modify acls groups to:
[2024-11-03T10:43:53.229+0000] {spark_submit.py:495} INFO - 24/11/03 10:43:53 INFO SecurityManager: SecurityManager: authentication disabled; ui acls disabled; users with view permissions: ***; groups with view permissions: EMPTY; users with modify permissions: ***; groups with modify permissions: EMPTY
[2024-11-03T10:43:55.490+0000] {spark_submit.py:495} INFO - 24/11/03 10:43:55 INFO Utils: Successfully started service 'sparkDriver' on port 33947.
[2024-11-03T10:43:55.579+0000] {spark_submit.py:495} INFO - 24/11/03 10:43:55 INFO SparkEnv: Registering MapOutputTracker
[2024-11-03T10:43:55.688+0000] {spark_submit.py:495} INFO - 24/11/03 10:43:55 INFO SparkEnv: Registering BlockManagerMaster
[2024-11-03T10:43:55.751+0000] {spark_submit.py:495} INFO - 24/11/03 10:43:55 INFO BlockManagerMasterEndpoint: Using org.apache.spark.storage.DefaultTopologyMapper for getting topology information
[2024-11-03T10:43:55.787+0000] {spark_submit.py:495} INFO - 24/11/03 10:43:55 INFO BlockManagerMasterEndpoint: BlockManagerMasterEndpoint up
[2024-11-03T10:43:55.799+0000] {spark_submit.py:495} INFO - 24/11/03 10:43:55 INFO SparkEnv: Registering BlockManagerMasterHeartbeat
[2024-11-03T10:43:55.886+0000] {spark_submit.py:495} INFO - 24/11/03 10:43:55 INFO DiskBlockManager: Created local directory at /tmp/blockmgr-bae23beb-fe32-43d1-bcfc-caa234e0a294
[2024-11-03T10:43:55.975+0000] {spark_submit.py:495} INFO - 24/11/03 10:43:55 INFO MemoryStore: MemoryStore started with capacity 434.4 MiB
[2024-11-03T10:43:56.465+0000] {spark_submit.py:495} INFO - 24/11/03 10:43:56 INFO SparkEnv: Registering OutputCommitCoordinator
[2024-11-03T10:43:57.420+0000] {spark_submit.py:495} INFO - 24/11/03 10:43:57 INFO JettyUtils: Start Jetty 0.0.0.0:4040 for SparkUI
[2024-11-03T10:43:58.337+0000] {spark_submit.py:495} INFO - 24/11/03 10:43:58 INFO Utils: Successfully started service 'SparkUI' on port 4040.
[2024-11-03T10:44:01.546+0000] {spark_submit.py:495} INFO - 24/11/03 10:44:01 INFO StandaloneAppClient$ClientEndpoint: Connecting to master spark://spark-master:7077...
[2024-11-03T10:44:03.018+0000] {spark_submit.py:495} INFO - 24/11/03 10:44:03 INFO TransportClientFactory: Successfully created connection to spark-master/172.20.0.5:7077 after 865 ms (0 ms spent in bootstraps)
[2024-11-03T10:44:04.277+0000] {spark_submit.py:495} INFO - 24/11/03 10:44:04 INFO StandaloneSchedulerBackend: Connected to Spark cluster with app ID app-20241103104403-0012
[2024-11-03T10:44:04.451+0000] {spark_submit.py:495} INFO - 24/11/03 10:44:04 INFO StandaloneAppClient$ClientEndpoint: Executor added: app-20241103104403-0012/0 on worker-20241103082644-172.20.0.6-37323 (172.20.0.6:37323) with 1 core(s)
[2024-11-03T10:44:04.539+0000] {spark_submit.py:495} INFO - 24/11/03 10:44:04 INFO StandaloneSchedulerBackend: Granted executor ID app-20241103104403-0012/0 on hostPort 172.20.0.6:37323 with 1 core(s), 1024.0 MiB RAM
[2024-11-03T10:44:04.570+0000] {spark_submit.py:495} INFO - 24/11/03 10:44:04 INFO Utils: Successfully started service 'org.apache.spark.network.netty.NettyBlockTransferService' on port 43913.
[2024-11-03T10:44:04.757+0000] {spark_submit.py:495} INFO - 24/11/03 10:44:04 INFO NettyBlockTransferService: Server created on 7d9160448bdc:43913
[2024-11-03T10:44:04.894+0000] {spark_submit.py:495} INFO - 24/11/03 10:44:04 INFO BlockManager: Using org.apache.spark.storage.RandomBlockReplicationPolicy for block replication policy
[2024-11-03T10:44:04.894+0000] {spark_submit.py:495} INFO - 24/11/03 10:44:04 INFO BlockManagerMaster: Registering BlockManager BlockManagerId(driver, 7d9160448bdc, 43913, None)
[2024-11-03T10:44:05.398+0000] {spark_submit.py:495} INFO - 24/11/03 10:44:05 INFO BlockManagerMasterEndpoint: Registering block manager 7d9160448bdc:43913 with 434.4 MiB RAM, BlockManagerId(driver, 7d9160448bdc, 43913, None)
[2024-11-03T10:44:05.792+0000] {spark_submit.py:495} INFO - 24/11/03 10:44:05 INFO BlockManagerMaster: Registered BlockManager BlockManagerId(driver, 7d9160448bdc, 43913, None)
[2024-11-03T10:44:05.792+0000] {spark_submit.py:495} INFO - 24/11/03 10:44:05 INFO BlockManager: Initialized BlockManager: BlockManagerId(driver, 7d9160448bdc, 43913, None)
[2024-11-03T10:44:06.035+0000] {spark_submit.py:495} INFO - 24/11/03 10:44:06 INFO StandaloneAppClient$ClientEndpoint: Executor updated: app-20241103104403-0012/0 is now RUNNING
[2024-11-03T10:44:09.816+0000] {spark_submit.py:495} INFO - 24/11/03 10:44:09 INFO StandaloneSchedulerBackend: SchedulerBackend is ready for scheduling beginning after reached minRegisteredResourcesRatio: 0.0
[2024-11-03T10:44:27.144+0000] {spark_submit.py:495} INFO - 24/11/03 10:44:27 INFO SharedState: Setting hive.metastore.warehouse.dir ('null') to the value of spark.sql.warehouse.dir.
[2024-11-03T10:44:27.152+0000] {spark_submit.py:495} INFO - 24/11/03 10:44:27 INFO SharedState: Warehouse path is 'file:/opt/***/spark-warehouse'.
[2024-11-03T10:45:05.524+0000] {spark_submit.py:495} INFO - 24/11/03 10:45:05 INFO StandaloneSchedulerBackend$StandaloneDriverEndpoint: Registered executor NettyRpcEndpointRef(spark-client://Executor) (172.20.0.6:39894) with ID 0,  ResourceProfileId 0
[2024-11-03T10:45:08.850+0000] {spark_submit.py:495} INFO - 24/11/03 10:45:08 INFO BlockManagerMasterEndpoint: Registering block manager 172.20.0.6:37083 with 434.4 MiB RAM, BlockManagerId(0, 172.20.0.6, 37083, None)
[2024-11-03T10:45:25.422+0000] {spark_submit.py:495} INFO - done
[2024-11-03T10:45:27.208+0000] {spark_submit.py:495} INFO - root
[2024-11-03T10:45:27.237+0000] {spark_submit.py:495} INFO - |-- sensor_id: integer (nullable = true)
[2024-11-03T10:45:27.237+0000] {spark_submit.py:495} INFO - |-- temperature: float (nullable = true)
[2024-11-03T10:45:27.238+0000] {spark_submit.py:495} INFO - |-- humidity: float (nullable = true)
[2024-11-03T10:45:27.238+0000] {spark_submit.py:495} INFO - |-- timestamp: string (nullable = true)
[2024-11-03T10:45:27.281+0000] {spark_submit.py:495} INFO - 
[2024-11-03T10:45:28.045+0000] {spark_submit.py:495} INFO - 24/11/03 10:45:28 INFO StateStoreCoordinatorRef: Registered StateStoreCoordinator endpoint
[2024-11-03T10:45:28.396+0000] {spark_submit.py:495} INFO - 24/11/03 10:45:28 WARN ResolveWriteToStream: Temporary checkpoint location created which is deleted normally when the query didn't fail: /tmp/temporary-791eafef-6ca6-4635-87c9-46fd9f52d7df. If it's required to delete it under any circumstances, please set spark.sql.streaming.forceDeleteTempCheckpointLocation to true. Important to know deleting temp checkpoint folder is best effort.
[2024-11-03T10:45:29.140+0000] {spark_submit.py:495} INFO - 24/11/03 10:45:29 INFO ResolveWriteToStream: Checkpoint root /tmp/temporary-791eafef-6ca6-4635-87c9-46fd9f52d7df resolved to file:/tmp/temporary-791eafef-6ca6-4635-87c9-46fd9f52d7df.
[2024-11-03T10:45:29.202+0000] {spark_submit.py:495} INFO - 24/11/03 10:45:29 WARN ResolveWriteToStream: spark.sql.adaptive.enabled is not supported in streaming DataFrames/Datasets and will be disabled.
[2024-11-03T10:45:31.449+0000] {spark_submit.py:495} INFO - 24/11/03 10:45:31 INFO CheckpointFileManager: Writing atomically to file:/tmp/temporary-791eafef-6ca6-4635-87c9-46fd9f52d7df/metadata using temp file file:/tmp/temporary-791eafef-6ca6-4635-87c9-46fd9f52d7df/.metadata.df40ed8c-1efb-46a2-9b57-a050e1946639.tmp
[2024-11-03T10:45:34.454+0000] {spark_submit.py:495} INFO - 24/11/03 10:45:34 INFO CheckpointFileManager: Renamed temp file file:/tmp/temporary-791eafef-6ca6-4635-87c9-46fd9f52d7df/.metadata.df40ed8c-1efb-46a2-9b57-a050e1946639.tmp to file:/tmp/temporary-791eafef-6ca6-4635-87c9-46fd9f52d7df/metadata
[2024-11-03T10:45:35.266+0000] {spark_submit.py:495} INFO - 24/11/03 10:45:35 INFO MicroBatchExecution: Starting [id = 2daa3a3d-6521-4e32-8e12-d0877e529333, runId = 4482b68c-b7f2-434b-a8bd-8e1b69a42d9d]. Use file:/tmp/temporary-791eafef-6ca6-4635-87c9-46fd9f52d7df to store the query checkpoint.
[2024-11-03T10:45:35.719+0000] {spark_submit.py:495} INFO - 24/11/03 10:45:35 INFO MicroBatchExecution: Reading table [org.apache.spark.sql.kafka010.KafkaSourceProvider$KafkaTable@7990b4ca] from DataSourceV2 named 'kafka' [org.apache.spark.sql.kafka010.KafkaSourceProvider@61cfd726]
[2024-11-03T10:45:36.881+0000] {spark_submit.py:495} INFO - 24/11/03 10:45:36 INFO OffsetSeqLog: BatchIds found from listing:
[2024-11-03T10:45:36.888+0000] {spark_submit.py:495} INFO - 24/11/03 10:45:36 INFO OffsetSeqLog: BatchIds found from listing:
[2024-11-03T10:45:36.895+0000] {spark_submit.py:495} INFO - 24/11/03 10:45:36 INFO MicroBatchExecution: Starting new streaming query.
[2024-11-03T10:45:36.911+0000] {spark_submit.py:495} INFO - 24/11/03 10:45:36 INFO MicroBatchExecution: Stream started from {}
[2024-11-03T10:45:42.848+0000] {spark_submit.py:495} INFO - 24/11/03 10:45:42 INFO AdminClientConfig: AdminClientConfig values:
[2024-11-03T10:45:42.849+0000] {spark_submit.py:495} INFO - bootstrap.servers = [10.0.2.15:9092]
[2024-11-03T10:45:42.849+0000] {spark_submit.py:495} INFO - client.dns.lookup = use_all_dns_ips
[2024-11-03T10:45:42.849+0000] {spark_submit.py:495} INFO - client.id =
[2024-11-03T10:45:42.849+0000] {spark_submit.py:495} INFO - connections.max.idle.ms = 300000
[2024-11-03T10:45:42.850+0000] {spark_submit.py:495} INFO - default.api.timeout.ms = 60000
[2024-11-03T10:45:42.850+0000] {spark_submit.py:495} INFO - metadata.max.age.ms = 300000
[2024-11-03T10:45:42.850+0000] {spark_submit.py:495} INFO - metric.reporters = []
[2024-11-03T10:45:42.850+0000] {spark_submit.py:495} INFO - metrics.num.samples = 2
[2024-11-03T10:45:42.850+0000] {spark_submit.py:495} INFO - metrics.recording.level = INFO
[2024-11-03T10:45:42.851+0000] {spark_submit.py:495} INFO - metrics.sample.window.ms = 30000
[2024-11-03T10:45:42.851+0000] {spark_submit.py:495} INFO - receive.buffer.bytes = 65536
[2024-11-03T10:45:42.851+0000] {spark_submit.py:495} INFO - reconnect.backoff.max.ms = 1000
[2024-11-03T10:45:42.851+0000] {spark_submit.py:495} INFO - reconnect.backoff.ms = 50
[2024-11-03T10:45:42.851+0000] {spark_submit.py:495} INFO - request.timeout.ms = 30000
[2024-11-03T10:45:42.852+0000] {spark_submit.py:495} INFO - retries = 2147483647
[2024-11-03T10:45:42.852+0000] {spark_submit.py:495} INFO - retry.backoff.ms = 100
[2024-11-03T10:45:42.852+0000] {spark_submit.py:495} INFO - sasl.client.callback.handler.class = null
[2024-11-03T10:45:42.852+0000] {spark_submit.py:495} INFO - sasl.jaas.config = null
[2024-11-03T10:45:42.852+0000] {spark_submit.py:495} INFO - sasl.kerberos.kinit.cmd = /usr/bin/kinit
[2024-11-03T10:45:42.853+0000] {spark_submit.py:495} INFO - sasl.kerberos.min.time.before.relogin = 60000
[2024-11-03T10:45:42.853+0000] {spark_submit.py:495} INFO - sasl.kerberos.service.name = null
[2024-11-03T10:45:42.853+0000] {spark_submit.py:495} INFO - sasl.kerberos.ticket.renew.jitter = 0.05
[2024-11-03T10:45:42.853+0000] {spark_submit.py:495} INFO - sasl.kerberos.ticket.renew.window.factor = 0.8
[2024-11-03T10:45:42.853+0000] {spark_submit.py:495} INFO - sasl.login.callback.handler.class = null
[2024-11-03T10:45:42.853+0000] {spark_submit.py:495} INFO - sasl.login.class = null
[2024-11-03T10:45:42.854+0000] {spark_submit.py:495} INFO - sasl.login.connect.timeout.ms = null
[2024-11-03T10:45:42.854+0000] {spark_submit.py:495} INFO - sasl.login.read.timeout.ms = null
[2024-11-03T10:45:42.854+0000] {spark_submit.py:495} INFO - sasl.login.refresh.buffer.seconds = 300
[2024-11-03T10:45:42.854+0000] {spark_submit.py:495} INFO - sasl.login.refresh.min.period.seconds = 60
[2024-11-03T10:45:42.854+0000] {spark_submit.py:495} INFO - sasl.login.refresh.window.factor = 0.8
[2024-11-03T10:45:42.854+0000] {spark_submit.py:495} INFO - sasl.login.refresh.window.jitter = 0.05
[2024-11-03T10:45:42.855+0000] {spark_submit.py:495} INFO - sasl.login.retry.backoff.max.ms = 10000
[2024-11-03T10:45:42.855+0000] {spark_submit.py:495} INFO - sasl.login.retry.backoff.ms = 100
[2024-11-03T10:45:42.855+0000] {spark_submit.py:495} INFO - sasl.mechanism = GSSAPI
[2024-11-03T10:45:42.855+0000] {spark_submit.py:495} INFO - sasl.oauthbearer.clock.skew.seconds = 30
[2024-11-03T10:45:42.855+0000] {spark_submit.py:495} INFO - sasl.oauthbearer.expected.audience = null
[2024-11-03T10:45:42.856+0000] {spark_submit.py:495} INFO - sasl.oauthbearer.expected.issuer = null
[2024-11-03T10:45:42.856+0000] {spark_submit.py:495} INFO - sasl.oauthbearer.jwks.endpoint.refresh.ms = 3600000
[2024-11-03T10:45:42.856+0000] {spark_submit.py:495} INFO - sasl.oauthbearer.jwks.endpoint.retry.backoff.max.ms = 10000
[2024-11-03T10:45:42.856+0000] {spark_submit.py:495} INFO - sasl.oauthbearer.jwks.endpoint.retry.backoff.ms = 100
[2024-11-03T10:45:42.856+0000] {spark_submit.py:495} INFO - sasl.oauthbearer.jwks.endpoint.url = null
[2024-11-03T10:45:42.856+0000] {spark_submit.py:495} INFO - sasl.oauthbearer.scope.claim.name = scope
[2024-11-03T10:45:42.857+0000] {spark_submit.py:495} INFO - sasl.oauthbearer.sub.claim.name = sub
[2024-11-03T10:45:42.857+0000] {spark_submit.py:495} INFO - sasl.oauthbearer.token.endpoint.url = null
[2024-11-03T10:45:42.857+0000] {spark_submit.py:495} INFO - security.protocol = PLAINTEXT
[2024-11-03T10:45:42.857+0000] {spark_submit.py:495} INFO - security.providers = null
[2024-11-03T10:45:42.857+0000] {spark_submit.py:495} INFO - send.buffer.bytes = 131072
[2024-11-03T10:45:42.858+0000] {spark_submit.py:495} INFO - socket.connection.setup.timeout.max.ms = 30000
[2024-11-03T10:45:42.858+0000] {spark_submit.py:495} INFO - socket.connection.setup.timeout.ms = 10000
[2024-11-03T10:45:42.858+0000] {spark_submit.py:495} INFO - ssl.cipher.suites = null
[2024-11-03T10:45:42.858+0000] {spark_submit.py:495} INFO - ssl.enabled.protocols = [TLSv1.2, TLSv1.3]
[2024-11-03T10:45:42.858+0000] {spark_submit.py:495} INFO - ssl.endpoint.identification.algorithm = https
[2024-11-03T10:45:42.858+0000] {spark_submit.py:495} INFO - ssl.engine.factory.class = null
[2024-11-03T10:45:42.859+0000] {spark_submit.py:495} INFO - ssl.key.password = null
[2024-11-03T10:45:42.859+0000] {spark_submit.py:495} INFO - ssl.keymanager.algorithm = SunX509
[2024-11-03T10:45:42.859+0000] {spark_submit.py:495} INFO - ssl.keystore.certificate.chain = null
[2024-11-03T10:45:42.859+0000] {spark_submit.py:495} INFO - ssl.keystore.key = null
[2024-11-03T10:45:42.859+0000] {spark_submit.py:495} INFO - ssl.keystore.location = null
[2024-11-03T10:45:42.860+0000] {spark_submit.py:495} INFO - ssl.keystore.password = null
[2024-11-03T10:45:42.860+0000] {spark_submit.py:495} INFO - ssl.keystore.type = JKS
[2024-11-03T10:45:42.860+0000] {spark_submit.py:495} INFO - ssl.protocol = TLSv1.3
[2024-11-03T10:45:42.860+0000] {spark_submit.py:495} INFO - ssl.provider = null
[2024-11-03T10:45:42.861+0000] {spark_submit.py:495} INFO - ssl.secure.random.implementation = null
[2024-11-03T10:45:42.861+0000] {spark_submit.py:495} INFO - ssl.trustmanager.algorithm = PKIX
[2024-11-03T10:45:42.861+0000] {spark_submit.py:495} INFO - ssl.truststore.certificates = null
[2024-11-03T10:45:42.861+0000] {spark_submit.py:495} INFO - ssl.truststore.location = null
[2024-11-03T10:45:42.861+0000] {spark_submit.py:495} INFO - ssl.truststore.password = null
[2024-11-03T10:45:42.861+0000] {spark_submit.py:495} INFO - ssl.truststore.type = JKS
[2024-11-03T10:45:42.862+0000] {spark_submit.py:495} INFO - 
[2024-11-03T10:45:44.336+0000] {spark_submit.py:495} INFO - 24/11/03 10:45:44 WARN AdminClientConfig: These configurations '[key.deserializer, value.deserializer, enable.auto.commit, max.poll.records, auto.offset.reset]' were supplied but are not used yet.
[2024-11-03T10:45:44.395+0000] {spark_submit.py:495} INFO - 24/11/03 10:45:44 INFO AppInfoParser: Kafka version: 3.3.2
[2024-11-03T10:45:44.589+0000] {spark_submit.py:495} INFO - 24/11/03 10:45:44 INFO AppInfoParser: Kafka commitId: b66af662e61082cb
[2024-11-03T10:45:44.601+0000] {spark_submit.py:495} INFO - 24/11/03 10:45:44 INFO AppInfoParser: Kafka startTimeMs: 1730630744336
[2024-11-03T10:45:48.457+0000] {spark_submit.py:495} INFO - 24/11/03 10:45:48 INFO CheckpointFileManager: Writing atomically to file:/tmp/temporary-791eafef-6ca6-4635-87c9-46fd9f52d7df/sources/0/0 using temp file file:/tmp/temporary-791eafef-6ca6-4635-87c9-46fd9f52d7df/sources/0/.0.8ac89dc7-8999-45c5-b02b-c57b90508f83.tmp
[2024-11-03T10:45:49.295+0000] {spark_submit.py:495} INFO - 24/11/03 10:45:49 INFO CheckpointFileManager: Renamed temp file file:/tmp/temporary-791eafef-6ca6-4635-87c9-46fd9f52d7df/sources/0/.0.8ac89dc7-8999-45c5-b02b-c57b90508f83.tmp to file:/tmp/temporary-791eafef-6ca6-4635-87c9-46fd9f52d7df/sources/0/0
[2024-11-03T10:45:49.296+0000] {spark_submit.py:495} INFO - 24/11/03 10:45:49 INFO KafkaMicroBatchStream: Initial offsets: {"raw_data":{"0":2314}}
[2024-11-03T10:45:49.969+0000] {spark_submit.py:495} INFO - 24/11/03 10:45:49 INFO CheckpointFileManager: Writing atomically to file:/tmp/temporary-791eafef-6ca6-4635-87c9-46fd9f52d7df/offsets/0 using temp file file:/tmp/temporary-791eafef-6ca6-4635-87c9-46fd9f52d7df/offsets/.0.1030c7b4-e0b8-428e-8bcd-820ccb83c7b5.tmp
[2024-11-03T10:45:51.001+0000] {spark_submit.py:495} INFO - 24/11/03 10:45:50 INFO CheckpointFileManager: Renamed temp file file:/tmp/temporary-791eafef-6ca6-4635-87c9-46fd9f52d7df/offsets/.0.1030c7b4-e0b8-428e-8bcd-820ccb83c7b5.tmp to file:/tmp/temporary-791eafef-6ca6-4635-87c9-46fd9f52d7df/offsets/0
[2024-11-03T10:45:51.002+0000] {spark_submit.py:495} INFO - 24/11/03 10:45:50 INFO MicroBatchExecution: Committed offsets for batch 0. Metadata OffsetSeqMetadata(0,1730630749658,Map(spark.sql.streaming.stateStore.providerClass -> org.apache.spark.sql.execution.streaming.state.HDFSBackedStateStoreProvider, spark.sql.streaming.join.stateFormatVersion -> 2, spark.sql.streaming.stateStore.compression.codec -> lz4, spark.sql.streaming.stateStore.rocksdb.formatVersion -> 5, spark.sql.streaming.statefulOperator.useStrictDistribution -> true, spark.sql.streaming.flatMapGroupsWithState.stateFormatVersion -> 2, spark.sql.streaming.multipleWatermarkPolicy -> min, spark.sql.streaming.aggregation.stateFormatVersion -> 2, spark.sql.shuffle.partitions -> 200))
[2024-11-03T10:45:53.707+0000] {spark_submit.py:495} INFO - 24/11/03 10:45:53 INFO KafkaOffsetReaderAdmin: Partitions added: Map()
[2024-11-03T10:45:54.459+0000] {spark_submit.py:495} INFO - 24/11/03 10:45:54 INFO KafkaOffsetReaderAdmin: Partitions added: Map()
[2024-11-03T10:45:54.905+0000] {spark_submit.py:495} INFO - 24/11/03 10:45:54 INFO KafkaOffsetReaderAdmin: Partitions added: Map()
[2024-11-03T10:45:54.983+0000] {spark_submit.py:495} INFO - 24/11/03 10:45:54 INFO KafkaOffsetReaderAdmin: Partitions added: Map()
[2024-11-03T10:45:55.504+0000] {spark_submit.py:495} INFO - 24/11/03 10:45:55 INFO KafkaOffsetReaderAdmin: Partitions added: Map()
[2024-11-03T10:45:55.543+0000] {spark_submit.py:495} INFO - 24/11/03 10:45:55 INFO KafkaOffsetReaderAdmin: Partitions added: Map()
[2024-11-03T10:45:58.885+0000] {spark_submit.py:495} INFO - 24/11/03 10:45:58 INFO CodeGenerator: Code generated in 1545.840806 ms
[2024-11-03T10:45:59.251+0000] {spark_submit.py:495} INFO - 24/11/03 10:45:59 INFO WriteToDataSourceV2Exec: Start processing data source write support: MicroBatchWrite[epoch: 0, writer: ConsoleWriter[numRows=20, truncate=false]]. The input RDD has 1 partitions.
[2024-11-03T10:45:59.279+0000] {spark_submit.py:495} INFO - 24/11/03 10:45:59 INFO SparkContext: Starting job: start at NativeMethodAccessorImpl.java:0
[2024-11-03T10:45:59.426+0000] {spark_submit.py:495} INFO - 24/11/03 10:45:59 INFO DAGScheduler: Got job 0 (start at NativeMethodAccessorImpl.java:0) with 1 output partitions
[2024-11-03T10:45:59.431+0000] {spark_submit.py:495} INFO - 24/11/03 10:45:59 INFO DAGScheduler: Final stage: ResultStage 0 (start at NativeMethodAccessorImpl.java:0)
[2024-11-03T10:45:59.431+0000] {spark_submit.py:495} INFO - 24/11/03 10:45:59 INFO DAGScheduler: Parents of final stage: List()
[2024-11-03T10:45:59.482+0000] {spark_submit.py:495} INFO - 24/11/03 10:45:59 INFO DAGScheduler: Missing parents: List()
[2024-11-03T10:45:59.556+0000] {spark_submit.py:495} INFO - 24/11/03 10:45:59 INFO DAGScheduler: Submitting ResultStage 0 (MapPartitionsRDD[3] at start at NativeMethodAccessorImpl.java:0), which has no missing parents
[2024-11-03T10:46:00.287+0000] {spark_submit.py:495} INFO - 24/11/03 10:46:00 INFO MemoryStore: Block broadcast_0 stored as values in memory (estimated size 23.3 KiB, free 434.4 MiB)
[2024-11-03T10:46:00.401+0000] {spark_submit.py:495} INFO - 24/11/03 10:46:00 INFO MemoryStore: Block broadcast_0_piece0 stored as bytes in memory (estimated size 11.0 KiB, free 434.4 MiB)
[2024-11-03T10:46:00.438+0000] {spark_submit.py:495} INFO - 24/11/03 10:46:00 INFO BlockManagerInfo: Added broadcast_0_piece0 in memory on 7d9160448bdc:43913 (size: 11.0 KiB, free: 434.4 MiB)
[2024-11-03T10:46:00.468+0000] {spark_submit.py:495} INFO - 24/11/03 10:46:00 INFO SparkContext: Created broadcast 0 from broadcast at DAGScheduler.scala:1535
[2024-11-03T10:46:00.594+0000] {spark_submit.py:495} INFO - 24/11/03 10:46:00 INFO DAGScheduler: Submitting 1 missing tasks from ResultStage 0 (MapPartitionsRDD[3] at start at NativeMethodAccessorImpl.java:0) (first 15 tasks are for partitions Vector(0))
[2024-11-03T10:46:00.598+0000] {spark_submit.py:495} INFO - 24/11/03 10:46:00 INFO TaskSchedulerImpl: Adding task set 0.0 with 1 tasks resource profile 0
[2024-11-03T10:46:01.022+0000] {spark_submit.py:495} INFO - 24/11/03 10:46:01 INFO TaskSetManager: Starting task 0.0 in stage 0.0 (TID 0) (172.20.0.6, executor 0, partition 0, PROCESS_LOCAL, 8333 bytes)
[2024-11-03T10:46:02.219+0000] {spark_submit.py:495} INFO - 24/11/03 10:46:02 WARN TaskSetManager: Lost task 0.0 in stage 0.0 (TID 0) (172.20.0.6 executor 0): java.lang.ClassCastException: cannot assign instance of scala.collection.immutable.List$SerializationProxy to field org.apache.spark.sql.execution.datasources.v2.DataSourceRDDPartition.inputPartitions of type scala.collection.Seq in instance of org.apache.spark.sql.execution.datasources.v2.DataSourceRDDPartition
[2024-11-03T10:46:02.221+0000] {spark_submit.py:495} INFO - at java.base/java.io.ObjectStreamClass$FieldReflector.setObjFieldValues(ObjectStreamClass.java:2096)
[2024-11-03T10:46:02.221+0000] {spark_submit.py:495} INFO - at java.base/java.io.ObjectStreamClass$FieldReflector.checkObjectFieldValueTypes(ObjectStreamClass.java:2060)
[2024-11-03T10:46:02.221+0000] {spark_submit.py:495} INFO - at java.base/java.io.ObjectStreamClass.checkObjFieldValueTypes(ObjectStreamClass.java:1347)
[2024-11-03T10:46:02.221+0000] {spark_submit.py:495} INFO - at java.base/java.io.ObjectInputStream$FieldValues.defaultCheckFieldValues(ObjectInputStream.java:2679)
[2024-11-03T10:46:02.221+0000] {spark_submit.py:495} INFO - at java.base/java.io.ObjectInputStream.readSerialData(ObjectInputStream.java:2486)
[2024-11-03T10:46:02.223+0000] {spark_submit.py:495} INFO - at java.base/java.io.ObjectInputStream.readOrdinaryObject(ObjectInputStream.java:2257)
[2024-11-03T10:46:02.223+0000] {spark_submit.py:495} INFO - at java.base/java.io.ObjectInputStream.readObject0(ObjectInputStream.java:1733)
[2024-11-03T10:46:02.223+0000] {spark_submit.py:495} INFO - at java.base/java.io.ObjectInputStream$FieldValues.<init>(ObjectInputStream.java:2606)
[2024-11-03T10:46:02.223+0000] {spark_submit.py:495} INFO - at java.base/java.io.ObjectInputStream.readSerialData(ObjectInputStream.java:2457)
[2024-11-03T10:46:02.224+0000] {spark_submit.py:495} INFO - at java.base/java.io.ObjectInputStream.readOrdinaryObject(ObjectInputStream.java:2257)
[2024-11-03T10:46:02.224+0000] {spark_submit.py:495} INFO - at java.base/java.io.ObjectInputStream.readObject0(ObjectInputStream.java:1733)
[2024-11-03T10:46:02.224+0000] {spark_submit.py:495} INFO - at java.base/java.io.ObjectInputStream.readObject(ObjectInputStream.java:509)
[2024-11-03T10:46:02.224+0000] {spark_submit.py:495} INFO - at java.base/java.io.ObjectInputStream.readObject(ObjectInputStream.java:467)
[2024-11-03T10:46:02.224+0000] {spark_submit.py:495} INFO - at org.apache.spark.serializer.JavaDeserializationStream.readObject(JavaSerializer.scala:87)
[2024-11-03T10:46:02.293+0000] {spark_submit.py:495} INFO - at org.apache.spark.serializer.JavaSerializerInstance.deserialize(JavaSerializer.scala:129)
[2024-11-03T10:46:02.293+0000] {spark_submit.py:495} INFO - at org.apache.spark.executor.Executor$TaskRunner.run(Executor.scala:513)
[2024-11-03T10:46:02.293+0000] {spark_submit.py:495} INFO - at java.base/java.util.concurrent.ThreadPoolExecutor.runWorker(ThreadPoolExecutor.java:1136)
[2024-11-03T10:46:02.293+0000] {spark_submit.py:495} INFO - at java.base/java.util.concurrent.ThreadPoolExecutor$Worker.run(ThreadPoolExecutor.java:635)
[2024-11-03T10:46:02.293+0000] {spark_submit.py:495} INFO - at java.base/java.lang.Thread.run(Thread.java:840)
[2024-11-03T10:46:02.294+0000] {spark_submit.py:495} INFO - 
[2024-11-03T10:46:02.357+0000] {spark_submit.py:495} INFO - 24/11/03 10:46:02 INFO TaskSetManager: Starting task 0.1 in stage 0.0 (TID 1) (172.20.0.6, executor 0, partition 0, PROCESS_LOCAL, 8333 bytes)
[2024-11-03T10:46:02.761+0000] {spark_submit.py:495} INFO - 24/11/03 10:46:02 INFO TaskSetManager: Lost task 0.1 in stage 0.0 (TID 1) on 172.20.0.6, executor 0: java.lang.ClassCastException (cannot assign instance of scala.collection.immutable.List$SerializationProxy to field org.apache.spark.sql.execution.datasources.v2.DataSourceRDDPartition.inputPartitions of type scala.collection.Seq in instance of org.apache.spark.sql.execution.datasources.v2.DataSourceRDDPartition) [duplicate 1]
[2024-11-03T10:46:02.820+0000] {spark_submit.py:495} INFO - 24/11/03 10:46:02 INFO TaskSetManager: Starting task 0.2 in stage 0.0 (TID 2) (172.20.0.6, executor 0, partition 0, PROCESS_LOCAL, 8333 bytes)
[2024-11-03T10:46:03.106+0000] {spark_submit.py:495} INFO - 24/11/03 10:46:03 INFO TaskSetManager: Lost task 0.2 in stage 0.0 (TID 2) on 172.20.0.6, executor 0: java.lang.ClassCastException (cannot assign instance of scala.collection.immutable.List$SerializationProxy to field org.apache.spark.sql.execution.datasources.v2.DataSourceRDDPartition.inputPartitions of type scala.collection.Seq in instance of org.apache.spark.sql.execution.datasources.v2.DataSourceRDDPartition) [duplicate 2]
[2024-11-03T10:46:03.137+0000] {spark_submit.py:495} INFO - 24/11/03 10:46:03 INFO TaskSetManager: Starting task 0.3 in stage 0.0 (TID 3) (172.20.0.6, executor 0, partition 0, PROCESS_LOCAL, 8333 bytes)
[2024-11-03T10:46:03.382+0000] {spark_submit.py:495} INFO - 24/11/03 10:46:03 INFO TaskSetManager: Lost task 0.3 in stage 0.0 (TID 3) on 172.20.0.6, executor 0: java.lang.ClassCastException (cannot assign instance of scala.collection.immutable.List$SerializationProxy to field org.apache.spark.sql.execution.datasources.v2.DataSourceRDDPartition.inputPartitions of type scala.collection.Seq in instance of org.apache.spark.sql.execution.datasources.v2.DataSourceRDDPartition) [duplicate 3]
[2024-11-03T10:46:03.397+0000] {spark_submit.py:495} INFO - 24/11/03 10:46:03 ERROR TaskSetManager: Task 0 in stage 0.0 failed 4 times; aborting job
[2024-11-03T10:46:03.413+0000] {spark_submit.py:495} INFO - 24/11/03 10:46:03 INFO TaskSchedulerImpl: Removed TaskSet 0.0, whose tasks have all completed, from pool
[2024-11-03T10:46:03.421+0000] {spark_submit.py:495} INFO - 24/11/03 10:46:03 INFO TaskSchedulerImpl: Cancelling stage 0
[2024-11-03T10:46:03.423+0000] {spark_submit.py:495} INFO - 24/11/03 10:46:03 INFO TaskSchedulerImpl: Killing all running tasks in stage 0: Stage cancelled
[2024-11-03T10:46:03.464+0000] {spark_submit.py:495} INFO - 24/11/03 10:46:03 INFO DAGScheduler: ResultStage 0 (start at NativeMethodAccessorImpl.java:0) failed in 3.608 s due to Job aborted due to stage failure: Task 0 in stage 0.0 failed 4 times, most recent failure: Lost task 0.3 in stage 0.0 (TID 3) (172.20.0.6 executor 0): java.lang.ClassCastException: cannot assign instance of scala.collection.immutable.List$SerializationProxy to field org.apache.spark.sql.execution.datasources.v2.DataSourceRDDPartition.inputPartitions of type scala.collection.Seq in instance of org.apache.spark.sql.execution.datasources.v2.DataSourceRDDPartition
[2024-11-03T10:46:03.472+0000] {spark_submit.py:495} INFO - at java.base/java.io.ObjectStreamClass$FieldReflector.setObjFieldValues(ObjectStreamClass.java:2096)
[2024-11-03T10:46:03.485+0000] {spark_submit.py:495} INFO - at java.base/java.io.ObjectStreamClass$FieldReflector.checkObjectFieldValueTypes(ObjectStreamClass.java:2060)
[2024-11-03T10:46:03.503+0000] {spark_submit.py:495} INFO - at java.base/java.io.ObjectStreamClass.checkObjFieldValueTypes(ObjectStreamClass.java:1347)
[2024-11-03T10:46:03.504+0000] {spark_submit.py:495} INFO - at java.base/java.io.ObjectInputStream$FieldValues.defaultCheckFieldValues(ObjectInputStream.java:2679)
[2024-11-03T10:46:03.504+0000] {spark_submit.py:495} INFO - at java.base/java.io.ObjectInputStream.readSerialData(ObjectInputStream.java:2486)
[2024-11-03T10:46:03.504+0000] {spark_submit.py:495} INFO - at java.base/java.io.ObjectInputStream.readOrdinaryObject(ObjectInputStream.java:2257)
[2024-11-03T10:46:03.505+0000] {spark_submit.py:495} INFO - at java.base/java.io.ObjectInputStream.readObject0(ObjectInputStream.java:1733)
[2024-11-03T10:46:03.505+0000] {spark_submit.py:495} INFO - at java.base/java.io.ObjectInputStream$FieldValues.<init>(ObjectInputStream.java:2606)
[2024-11-03T10:46:03.505+0000] {spark_submit.py:495} INFO - at java.base/java.io.ObjectInputStream.readSerialData(ObjectInputStream.java:2457)
[2024-11-03T10:46:03.505+0000] {spark_submit.py:495} INFO - at java.base/java.io.ObjectInputStream.readOrdinaryObject(ObjectInputStream.java:2257)
[2024-11-03T10:46:03.505+0000] {spark_submit.py:495} INFO - at java.base/java.io.ObjectInputStream.readObject0(ObjectInputStream.java:1733)
[2024-11-03T10:46:03.506+0000] {spark_submit.py:495} INFO - at java.base/java.io.ObjectInputStream.readObject(ObjectInputStream.java:509)
[2024-11-03T10:46:03.506+0000] {spark_submit.py:495} INFO - at java.base/java.io.ObjectInputStream.readObject(ObjectInputStream.java:467)
[2024-11-03T10:46:03.506+0000] {spark_submit.py:495} INFO - at org.apache.spark.serializer.JavaDeserializationStream.readObject(JavaSerializer.scala:87)
[2024-11-03T10:46:03.506+0000] {spark_submit.py:495} INFO - at org.apache.spark.serializer.JavaSerializerInstance.deserialize(JavaSerializer.scala:129)
[2024-11-03T10:46:03.506+0000] {spark_submit.py:495} INFO - at org.apache.spark.executor.Executor$TaskRunner.run(Executor.scala:513)
[2024-11-03T10:46:03.507+0000] {spark_submit.py:495} INFO - at java.base/java.util.concurrent.ThreadPoolExecutor.runWorker(ThreadPoolExecutor.java:1136)
[2024-11-03T10:46:03.507+0000] {spark_submit.py:495} INFO - at java.base/java.util.concurrent.ThreadPoolExecutor$Worker.run(ThreadPoolExecutor.java:635)
[2024-11-03T10:46:03.507+0000] {spark_submit.py:495} INFO - at java.base/java.lang.Thread.run(Thread.java:840)
[2024-11-03T10:46:03.507+0000] {spark_submit.py:495} INFO - 
[2024-11-03T10:46:03.508+0000] {spark_submit.py:495} INFO - Driver stacktrace:
[2024-11-03T10:46:03.559+0000] {spark_submit.py:495} INFO - 24/11/03 10:46:03 INFO DAGScheduler: Job 0 failed: start at NativeMethodAccessorImpl.java:0, took 4.220127 s
[2024-11-03T10:46:03.560+0000] {spark_submit.py:495} INFO - 24/11/03 10:46:03 ERROR WriteToDataSourceV2Exec: Data source write support MicroBatchWrite[epoch: 0, writer: ConsoleWriter[numRows=20, truncate=false]] is aborting.
[2024-11-03T10:46:03.560+0000] {spark_submit.py:495} INFO - 24/11/03 10:46:03 ERROR WriteToDataSourceV2Exec: Data source write support MicroBatchWrite[epoch: 0, writer: ConsoleWriter[numRows=20, truncate=false]] aborted.
[2024-11-03T10:46:03.729+0000] {spark_submit.py:495} INFO - 24/11/03 10:46:03 ERROR MicroBatchExecution: Query [id = 2daa3a3d-6521-4e32-8e12-d0877e529333, runId = 4482b68c-b7f2-434b-a8bd-8e1b69a42d9d] terminated with error
[2024-11-03T10:46:03.732+0000] {spark_submit.py:495} INFO - org.apache.spark.SparkException: Job aborted due to stage failure: Task 0 in stage 0.0 failed 4 times, most recent failure: Lost task 0.3 in stage 0.0 (TID 3) (172.20.0.6 executor 0): java.lang.ClassCastException: cannot assign instance of scala.collection.immutable.List$SerializationProxy to field org.apache.spark.sql.execution.datasources.v2.DataSourceRDDPartition.inputPartitions of type scala.collection.Seq in instance of org.apache.spark.sql.execution.datasources.v2.DataSourceRDDPartition
[2024-11-03T10:46:03.735+0000] {spark_submit.py:495} INFO - at java.base/java.io.ObjectStreamClass$FieldReflector.setObjFieldValues(ObjectStreamClass.java:2096)
[2024-11-03T10:46:03.759+0000] {spark_submit.py:495} INFO - at java.base/java.io.ObjectStreamClass$FieldReflector.checkObjectFieldValueTypes(ObjectStreamClass.java:2060)
[2024-11-03T10:46:03.759+0000] {spark_submit.py:495} INFO - at java.base/java.io.ObjectStreamClass.checkObjFieldValueTypes(ObjectStreamClass.java:1347)
[2024-11-03T10:46:03.760+0000] {spark_submit.py:495} INFO - at java.base/java.io.ObjectInputStream$FieldValues.defaultCheckFieldValues(ObjectInputStream.java:2679)
[2024-11-03T10:46:03.760+0000] {spark_submit.py:495} INFO - at java.base/java.io.ObjectInputStream.readSerialData(ObjectInputStream.java:2486)
[2024-11-03T10:46:03.760+0000] {spark_submit.py:495} INFO - at java.base/java.io.ObjectInputStream.readOrdinaryObject(ObjectInputStream.java:2257)
[2024-11-03T10:46:03.760+0000] {spark_submit.py:495} INFO - at java.base/java.io.ObjectInputStream.readObject0(ObjectInputStream.java:1733)
[2024-11-03T10:46:03.761+0000] {spark_submit.py:495} INFO - at java.base/java.io.ObjectInputStream$FieldValues.<init>(ObjectInputStream.java:2606)
[2024-11-03T10:46:03.761+0000] {spark_submit.py:495} INFO - at java.base/java.io.ObjectInputStream.readSerialData(ObjectInputStream.java:2457)
[2024-11-03T10:46:03.761+0000] {spark_submit.py:495} INFO - at java.base/java.io.ObjectInputStream.readOrdinaryObject(ObjectInputStream.java:2257)
[2024-11-03T10:46:03.761+0000] {spark_submit.py:495} INFO - at java.base/java.io.ObjectInputStream.readObject0(ObjectInputStream.java:1733)
[2024-11-03T10:46:03.761+0000] {spark_submit.py:495} INFO - at java.base/java.io.ObjectInputStream.readObject(ObjectInputStream.java:509)
[2024-11-03T10:46:03.761+0000] {spark_submit.py:495} INFO - at java.base/java.io.ObjectInputStream.readObject(ObjectInputStream.java:467)
[2024-11-03T10:46:03.762+0000] {spark_submit.py:495} INFO - at org.apache.spark.serializer.JavaDeserializationStream.readObject(JavaSerializer.scala:87)
[2024-11-03T10:46:03.762+0000] {spark_submit.py:495} INFO - at org.apache.spark.serializer.JavaSerializerInstance.deserialize(JavaSerializer.scala:129)
[2024-11-03T10:46:03.762+0000] {spark_submit.py:495} INFO - at org.apache.spark.executor.Executor$TaskRunner.run(Executor.scala:513)
[2024-11-03T10:46:03.762+0000] {spark_submit.py:495} INFO - at java.base/java.util.concurrent.ThreadPoolExecutor.runWorker(ThreadPoolExecutor.java:1136)
[2024-11-03T10:46:03.762+0000] {spark_submit.py:495} INFO - at java.base/java.util.concurrent.ThreadPoolExecutor$Worker.run(ThreadPoolExecutor.java:635)
[2024-11-03T10:46:03.763+0000] {spark_submit.py:495} INFO - at java.base/java.lang.Thread.run(Thread.java:840)
[2024-11-03T10:46:03.763+0000] {spark_submit.py:495} INFO - 
[2024-11-03T10:46:03.763+0000] {spark_submit.py:495} INFO - Driver stacktrace:
[2024-11-03T10:46:03.763+0000] {spark_submit.py:495} INFO - at org.apache.spark.scheduler.DAGScheduler.failJobAndIndependentStages(DAGScheduler.scala:2785)
[2024-11-03T10:46:03.763+0000] {spark_submit.py:495} INFO - at org.apache.spark.scheduler.DAGScheduler.$anonfun$abortStage$2(DAGScheduler.scala:2721)
[2024-11-03T10:46:03.764+0000] {spark_submit.py:495} INFO - at org.apache.spark.scheduler.DAGScheduler.$anonfun$abortStage$2$adapted(DAGScheduler.scala:2720)
[2024-11-03T10:46:03.764+0000] {spark_submit.py:495} INFO - at scala.collection.mutable.ResizableArray.foreach(ResizableArray.scala:62)
[2024-11-03T10:46:03.764+0000] {spark_submit.py:495} INFO - at scala.collection.mutable.ResizableArray.foreach$(ResizableArray.scala:55)
[2024-11-03T10:46:03.764+0000] {spark_submit.py:495} INFO - at scala.collection.mutable.ArrayBuffer.foreach(ArrayBuffer.scala:49)
[2024-11-03T10:46:03.764+0000] {spark_submit.py:495} INFO - at org.apache.spark.scheduler.DAGScheduler.abortStage(DAGScheduler.scala:2720)
[2024-11-03T10:46:03.765+0000] {spark_submit.py:495} INFO - at org.apache.spark.scheduler.DAGScheduler.$anonfun$handleTaskSetFailed$1(DAGScheduler.scala:1206)
[2024-11-03T10:46:03.765+0000] {spark_submit.py:495} INFO - at org.apache.spark.scheduler.DAGScheduler.$anonfun$handleTaskSetFailed$1$adapted(DAGScheduler.scala:1206)
[2024-11-03T10:46:03.765+0000] {spark_submit.py:495} INFO - at scala.Option.foreach(Option.scala:407)
[2024-11-03T10:46:03.765+0000] {spark_submit.py:495} INFO - at org.apache.spark.scheduler.DAGScheduler.handleTaskSetFailed(DAGScheduler.scala:1206)
[2024-11-03T10:46:03.765+0000] {spark_submit.py:495} INFO - at org.apache.spark.scheduler.DAGSchedulerEventProcessLoop.doOnReceive(DAGScheduler.scala:2984)
[2024-11-03T10:46:03.765+0000] {spark_submit.py:495} INFO - at org.apache.spark.scheduler.DAGSchedulerEventProcessLoop.onReceive(DAGScheduler.scala:2923)
[2024-11-03T10:46:03.766+0000] {spark_submit.py:495} INFO - at org.apache.spark.scheduler.DAGSchedulerEventProcessLoop.onReceive(DAGScheduler.scala:2912)
[2024-11-03T10:46:03.766+0000] {spark_submit.py:495} INFO - at org.apache.spark.util.EventLoop$$anon$1.run(EventLoop.scala:49)
[2024-11-03T10:46:03.766+0000] {spark_submit.py:495} INFO - at org.apache.spark.scheduler.DAGScheduler.runJob(DAGScheduler.scala:971)
[2024-11-03T10:46:03.766+0000] {spark_submit.py:495} INFO - at org.apache.spark.SparkContext.runJob(SparkContext.scala:2263)
[2024-11-03T10:46:03.766+0000] {spark_submit.py:495} INFO - at org.apache.spark.sql.execution.datasources.v2.V2TableWriteExec.writeWithV2(WriteToDataSourceV2Exec.scala:408)
[2024-11-03T10:46:03.767+0000] {spark_submit.py:495} INFO - at org.apache.spark.sql.execution.datasources.v2.V2TableWriteExec.writeWithV2$(WriteToDataSourceV2Exec.scala:382)
[2024-11-03T10:46:03.767+0000] {spark_submit.py:495} INFO - at org.apache.spark.sql.execution.datasources.v2.WriteToDataSourceV2Exec.writeWithV2(WriteToDataSourceV2Exec.scala:330)
[2024-11-03T10:46:03.767+0000] {spark_submit.py:495} INFO - at org.apache.spark.sql.execution.datasources.v2.WriteToDataSourceV2Exec.run(WriteToDataSourceV2Exec.scala:341)
[2024-11-03T10:46:03.767+0000] {spark_submit.py:495} INFO - at org.apache.spark.sql.execution.datasources.v2.V2CommandExec.result$lzycompute(V2CommandExec.scala:43)
[2024-11-03T10:46:03.767+0000] {spark_submit.py:495} INFO - at org.apache.spark.sql.execution.datasources.v2.V2CommandExec.result(V2CommandExec.scala:43)
[2024-11-03T10:46:03.768+0000] {spark_submit.py:495} INFO - at org.apache.spark.sql.execution.datasources.v2.V2CommandExec.executeCollect(V2CommandExec.scala:49)
[2024-11-03T10:46:03.768+0000] {spark_submit.py:495} INFO - at org.apache.spark.sql.Dataset.collectFromPlan(Dataset.scala:4216)
[2024-11-03T10:46:03.795+0000] {spark_submit.py:495} INFO - at org.apache.spark.sql.Dataset.$anonfun$collect$1(Dataset.scala:3457)
[2024-11-03T10:46:03.795+0000] {spark_submit.py:495} INFO - at org.apache.spark.sql.Dataset.$anonfun$withAction$2(Dataset.scala:4206)
[2024-11-03T10:46:03.795+0000] {spark_submit.py:495} INFO - at org.apache.spark.sql.execution.QueryExecution$.withInternalError(QueryExecution.scala:526)
[2024-11-03T10:46:03.796+0000] {spark_submit.py:495} INFO - at org.apache.spark.sql.Dataset.$anonfun$withAction$1(Dataset.scala:4204)
[2024-11-03T10:46:03.796+0000] {spark_submit.py:495} INFO - at org.apache.spark.sql.execution.SQLExecution$.$anonfun$withNewExecutionId$6(SQLExecution.scala:118)
[2024-11-03T10:46:03.796+0000] {spark_submit.py:495} INFO - at org.apache.spark.sql.execution.SQLExecution$.withSQLConfPropagated(SQLExecution.scala:195)
[2024-11-03T10:46:03.796+0000] {spark_submit.py:495} INFO - at org.apache.spark.sql.execution.SQLExecution$.$anonfun$withNewExecutionId$1(SQLExecution.scala:103)
[2024-11-03T10:46:03.797+0000] {spark_submit.py:495} INFO - at org.apache.spark.sql.SparkSession.withActive(SparkSession.scala:827)
[2024-11-03T10:46:03.797+0000] {spark_submit.py:495} INFO - at org.apache.spark.sql.execution.SQLExecution$.withNewExecutionId(SQLExecution.scala:65)
[2024-11-03T10:46:03.798+0000] {spark_submit.py:495} INFO - at org.apache.spark.sql.Dataset.withAction(Dataset.scala:4204)
[2024-11-03T10:46:03.798+0000] {spark_submit.py:495} INFO - at org.apache.spark.sql.Dataset.collect(Dataset.scala:3457)
[2024-11-03T10:46:03.798+0000] {spark_submit.py:495} INFO - at org.apache.spark.sql.execution.streaming.MicroBatchExecution.$anonfun$runBatch$17(MicroBatchExecution.scala:738)
[2024-11-03T10:46:03.799+0000] {spark_submit.py:495} INFO - at org.apache.spark.sql.execution.SQLExecution$.$anonfun$withNewExecutionId$6(SQLExecution.scala:118)
[2024-11-03T10:46:03.799+0000] {spark_submit.py:495} INFO - at org.apache.spark.sql.execution.SQLExecution$.withSQLConfPropagated(SQLExecution.scala:195)
[2024-11-03T10:46:03.800+0000] {spark_submit.py:495} INFO - at org.apache.spark.sql.execution.SQLExecution$.$anonfun$withNewExecutionId$1(SQLExecution.scala:103)
[2024-11-03T10:46:03.884+0000] {spark_submit.py:495} INFO - at org.apache.spark.sql.SparkSession.withActive(SparkSession.scala:827)
[2024-11-03T10:46:03.885+0000] {spark_submit.py:495} INFO - at org.apache.spark.sql.execution.SQLExecution$.withNewExecutionId(SQLExecution.scala:65)
[2024-11-03T10:46:03.885+0000] {spark_submit.py:495} INFO - at org.apache.spark.sql.execution.streaming.MicroBatchExecution.$anonfun$runBatch$16(MicroBatchExecution.scala:726)
[2024-11-03T10:46:03.885+0000] {spark_submit.py:495} INFO - at org.apache.spark.sql.execution.streaming.ProgressReporter.reportTimeTaken(ProgressReporter.scala:411)
[2024-11-03T10:46:03.885+0000] {spark_submit.py:495} INFO - at org.apache.spark.sql.execution.streaming.ProgressReporter.reportTimeTaken$(ProgressReporter.scala:409)
[2024-11-03T10:46:03.886+0000] {spark_submit.py:495} INFO - at org.apache.spark.sql.execution.streaming.StreamExecution.reportTimeTaken(StreamExecution.scala:67)
[2024-11-03T10:46:03.886+0000] {spark_submit.py:495} INFO - at org.apache.spark.sql.execution.streaming.MicroBatchExecution.runBatch(MicroBatchExecution.scala:726)
[2024-11-03T10:46:03.886+0000] {spark_submit.py:495} INFO - at org.apache.spark.sql.execution.streaming.MicroBatchExecution.$anonfun$runActivatedStream$2(MicroBatchExecution.scala:284)
[2024-11-03T10:46:03.886+0000] {spark_submit.py:495} INFO - at scala.runtime.java8.JFunction0$mcV$sp.apply(JFunction0$mcV$sp.java:23)
[2024-11-03T10:46:03.887+0000] {spark_submit.py:495} INFO - at org.apache.spark.sql.execution.streaming.ProgressReporter.reportTimeTaken(ProgressReporter.scala:411)
[2024-11-03T10:46:03.887+0000] {spark_submit.py:495} INFO - at org.apache.spark.sql.execution.streaming.ProgressReporter.reportTimeTaken$(ProgressReporter.scala:409)
[2024-11-03T10:46:03.887+0000] {spark_submit.py:495} INFO - at org.apache.spark.sql.execution.streaming.StreamExecution.reportTimeTaken(StreamExecution.scala:67)
[2024-11-03T10:46:03.887+0000] {spark_submit.py:495} INFO - at org.apache.spark.sql.execution.streaming.MicroBatchExecution.$anonfun$runActivatedStream$1(MicroBatchExecution.scala:247)
[2024-11-03T10:46:03.888+0000] {spark_submit.py:495} INFO - at org.apache.spark.sql.execution.streaming.ProcessingTimeExecutor.execute(TriggerExecutor.scala:67)
[2024-11-03T10:46:03.888+0000] {spark_submit.py:495} INFO - at org.apache.spark.sql.execution.streaming.MicroBatchExecution.runActivatedStream(MicroBatchExecution.scala:237)
[2024-11-03T10:46:03.888+0000] {spark_submit.py:495} INFO - at org.apache.spark.sql.execution.streaming.StreamExecution.$anonfun$runStream$1(StreamExecution.scala:306)
[2024-11-03T10:46:03.888+0000] {spark_submit.py:495} INFO - at scala.runtime.java8.JFunction0$mcV$sp.apply(JFunction0$mcV$sp.java:23)
[2024-11-03T10:46:03.889+0000] {spark_submit.py:495} INFO - at org.apache.spark.sql.SparkSession.withActive(SparkSession.scala:827)
[2024-11-03T10:46:03.889+0000] {spark_submit.py:495} INFO - at org.apache.spark.sql.execution.streaming.StreamExecution.org$apache$spark$sql$execution$streaming$StreamExecution$$runStream(StreamExecution.scala:284)
[2024-11-03T10:46:03.889+0000] {spark_submit.py:495} INFO - at org.apache.spark.sql.execution.streaming.StreamExecution$$anon$1.run(StreamExecution.scala:207)
[2024-11-03T10:46:03.889+0000] {spark_submit.py:495} INFO - Caused by: java.lang.ClassCastException: cannot assign instance of scala.collection.immutable.List$SerializationProxy to field org.apache.spark.sql.execution.datasources.v2.DataSourceRDDPartition.inputPartitions of type scala.collection.Seq in instance of org.apache.spark.sql.execution.datasources.v2.DataSourceRDDPartition
[2024-11-03T10:46:03.889+0000] {spark_submit.py:495} INFO - at java.base/java.io.ObjectStreamClass$FieldReflector.setObjFieldValues(ObjectStreamClass.java:2096)
[2024-11-03T10:46:03.890+0000] {spark_submit.py:495} INFO - at java.base/java.io.ObjectStreamClass$FieldReflector.checkObjectFieldValueTypes(ObjectStreamClass.java:2060)
[2024-11-03T10:46:03.890+0000] {spark_submit.py:495} INFO - at java.base/java.io.ObjectStreamClass.checkObjFieldValueTypes(ObjectStreamClass.java:1347)
[2024-11-03T10:46:03.890+0000] {spark_submit.py:495} INFO - at java.base/java.io.ObjectInputStream$FieldValues.defaultCheckFieldValues(ObjectInputStream.java:2679)
[2024-11-03T10:46:03.890+0000] {spark_submit.py:495} INFO - at java.base/java.io.ObjectInputStream.readSerialData(ObjectInputStream.java:2486)
[2024-11-03T10:46:03.891+0000] {spark_submit.py:495} INFO - at java.base/java.io.ObjectInputStream.readOrdinaryObject(ObjectInputStream.java:2257)
[2024-11-03T10:46:03.891+0000] {spark_submit.py:495} INFO - at java.base/java.io.ObjectInputStream.readObject0(ObjectInputStream.java:1733)
[2024-11-03T10:46:03.891+0000] {spark_submit.py:495} INFO - at java.base/java.io.ObjectInputStream$FieldValues.<init>(ObjectInputStream.java:2606)
[2024-11-03T10:46:03.891+0000] {spark_submit.py:495} INFO - at java.base/java.io.ObjectInputStream.readSerialData(ObjectInputStream.java:2457)
[2024-11-03T10:46:03.892+0000] {spark_submit.py:495} INFO - at java.base/java.io.ObjectInputStream.readOrdinaryObject(ObjectInputStream.java:2257)
[2024-11-03T10:46:03.892+0000] {spark_submit.py:495} INFO - at java.base/java.io.ObjectInputStream.readObject0(ObjectInputStream.java:1733)
[2024-11-03T10:46:03.892+0000] {spark_submit.py:495} INFO - at java.base/java.io.ObjectInputStream.readObject(ObjectInputStream.java:509)
[2024-11-03T10:46:03.919+0000] {spark_submit.py:495} INFO - at java.base/java.io.ObjectInputStream.readObject(ObjectInputStream.java:467)
[2024-11-03T10:46:03.919+0000] {spark_submit.py:495} INFO - at org.apache.spark.serializer.JavaDeserializationStream.readObject(JavaSerializer.scala:87)
[2024-11-03T10:46:03.919+0000] {spark_submit.py:495} INFO - at org.apache.spark.serializer.JavaSerializerInstance.deserialize(JavaSerializer.scala:129)
[2024-11-03T10:46:03.920+0000] {spark_submit.py:495} INFO - at org.apache.spark.executor.Executor$TaskRunner.run(Executor.scala:513)
[2024-11-03T10:46:03.920+0000] {spark_submit.py:495} INFO - at java.base/java.util.concurrent.ThreadPoolExecutor.runWorker(ThreadPoolExecutor.java:1136)
[2024-11-03T10:46:03.920+0000] {spark_submit.py:495} INFO - at java.base/java.util.concurrent.ThreadPoolExecutor$Worker.run(ThreadPoolExecutor.java:635)
[2024-11-03T10:46:03.920+0000] {spark_submit.py:495} INFO - at java.base/java.lang.Thread.run(Thread.java:840)
[2024-11-03T10:46:03.920+0000] {spark_submit.py:495} INFO - 24/11/03 10:46:03 INFO AppInfoParser: App info kafka.admin.client for adminclient-1 unregistered
[2024-11-03T10:46:03.921+0000] {spark_submit.py:495} INFO - 24/11/03 10:46:03 INFO Metrics: Metrics scheduler closed
[2024-11-03T10:46:03.921+0000] {spark_submit.py:495} INFO - 24/11/03 10:46:03 INFO Metrics: Closing reporter org.apache.kafka.common.metrics.JmxReporter
[2024-11-03T10:46:03.921+0000] {spark_submit.py:495} INFO - 24/11/03 10:46:03 INFO Metrics: Metrics reporters closed
[2024-11-03T10:46:03.921+0000] {spark_submit.py:495} INFO - 24/11/03 10:46:03 INFO MicroBatchExecution: Async log purge executor pool for query [id = 2daa3a3d-6521-4e32-8e12-d0877e529333, runId = 4482b68c-b7f2-434b-a8bd-8e1b69a42d9d] has been shutdown
[2024-11-03T10:46:06.100+0000] {spark_submit.py:495} INFO - Traceback (most recent call last):
[2024-11-03T10:46:06.102+0000] {spark_submit.py:495} INFO - File "/opt/***/dags/spark_streaming_job.py", line 63, in <module>
[2024-11-03T10:46:06.103+0000] {spark_submit.py:495} INFO - spark_streaming_job()
[2024-11-03T10:46:06.103+0000] {spark_submit.py:495} INFO - File "/opt/***/dags/spark_streaming_job.py", line 59, in spark_streaming_job
[2024-11-03T10:46:06.104+0000] {spark_submit.py:495} INFO - .awaitTermination()
[2024-11-03T10:46:06.104+0000] {spark_submit.py:495} INFO - ^^^^^^^^^^^^^^^^^^
[2024-11-03T10:46:06.105+0000] {spark_submit.py:495} INFO - File "/home/***/.local/lib/python3.11/site-packages/pyspark/python/lib/pyspark.zip/pyspark/sql/streaming/query.py", line 201, in awaitTermination
[2024-11-03T10:46:06.105+0000] {spark_submit.py:495} INFO - File "/home/***/.local/lib/python3.11/site-packages/pyspark/python/lib/py4j-0.10.9.7-src.zip/py4j/java_gateway.py", line 1322, in __call__
[2024-11-03T10:46:06.106+0000] {spark_submit.py:495} INFO - File "/home/***/.local/lib/python3.11/site-packages/pyspark/python/lib/pyspark.zip/pyspark/errors/exceptions/captured.py", line 175, in deco
[2024-11-03T10:46:06.402+0000] {spark_submit.py:495} INFO - pyspark.errors.exceptions.captured.StreamingQueryException: [STREAM_FAILED] Query [id = 2daa3a3d-6521-4e32-8e12-d0877e529333, runId = 4482b68c-b7f2-434b-a8bd-8e1b69a42d9d] terminated with exception: Job aborted due to stage failure: Task 0 in stage 0.0 failed 4 times, most recent failure: Lost task 0.3 in stage 0.0 (TID 3) (172.20.0.6 executor 0): java.lang.ClassCastException: cannot assign instance of scala.collection.immutable.List$SerializationProxy to field org.apache.spark.sql.execution.datasources.v2.DataSourceRDDPartition.inputPartitions of type scala.collection.Seq in instance of org.apache.spark.sql.execution.datasources.v2.DataSourceRDDPartition
[2024-11-03T10:46:06.403+0000] {spark_submit.py:495} INFO - at java.base/java.io.ObjectStreamClass$FieldReflector.setObjFieldValues(ObjectStreamClass.java:2096)
[2024-11-03T10:46:06.405+0000] {spark_submit.py:495} INFO - at java.base/java.io.ObjectStreamClass$FieldReflector.checkObjectFieldValueTypes(ObjectStreamClass.java:2060)
[2024-11-03T10:46:06.405+0000] {spark_submit.py:495} INFO - at java.base/java.io.ObjectStreamClass.checkObjFieldValueTypes(ObjectStreamClass.java:1347)
[2024-11-03T10:46:06.406+0000] {spark_submit.py:495} INFO - at java.base/java.io.ObjectInputStream$FieldValues.defaultCheckFieldValues(ObjectInputStream.java:2679)
[2024-11-03T10:46:06.408+0000] {spark_submit.py:495} INFO - at java.base/java.io.ObjectInputStream.readSerialData(ObjectInputStream.java:2486)
[2024-11-03T10:46:06.409+0000] {spark_submit.py:495} INFO - at java.base/java.io.ObjectInputStream.readOrdinaryObject(ObjectInputStream.java:2257)
[2024-11-03T10:46:06.410+0000] {spark_submit.py:495} INFO - at java.base/java.io.ObjectInputStream.readObject0(ObjectInputStream.java:1733)
[2024-11-03T10:46:06.410+0000] {spark_submit.py:495} INFO - at java.base/java.io.ObjectInputStream$FieldValues.<init>(ObjectInputStream.java:2606)
[2024-11-03T10:46:06.411+0000] {spark_submit.py:495} INFO - at java.base/java.io.ObjectInputStream.readSerialData(ObjectInputStream.java:2457)
[2024-11-03T10:46:06.411+0000] {spark_submit.py:495} INFO - at java.base/java.io.ObjectInputStream.readOrdinaryObject(ObjectInputStream.java:2257)
[2024-11-03T10:46:06.412+0000] {spark_submit.py:495} INFO - at java.base/java.io.ObjectInputStream.readObject0(ObjectInputStream.java:1733)
[2024-11-03T10:46:06.412+0000] {spark_submit.py:495} INFO - at java.base/java.io.ObjectInputStream.readObject(ObjectInputStream.java:509)
[2024-11-03T10:46:06.412+0000] {spark_submit.py:495} INFO - at java.base/java.io.ObjectInputStream.readObject(ObjectInputStream.java:467)
[2024-11-03T10:46:06.412+0000] {spark_submit.py:495} INFO - at org.apache.spark.serializer.JavaDeserializationStream.readObject(JavaSerializer.scala:87)
[2024-11-03T10:46:06.412+0000] {spark_submit.py:495} INFO - at org.apache.spark.serializer.JavaSerializerInstance.deserialize(JavaSerializer.scala:129)
[2024-11-03T10:46:06.413+0000] {spark_submit.py:495} INFO - at org.apache.spark.executor.Executor$TaskRunner.run(Executor.scala:513)
[2024-11-03T10:46:06.413+0000] {spark_submit.py:495} INFO - at java.base/java.util.concurrent.ThreadPoolExecutor.runWorker(ThreadPoolExecutor.java:1136)
[2024-11-03T10:46:06.413+0000] {spark_submit.py:495} INFO - at java.base/java.util.concurrent.ThreadPoolExecutor$Worker.run(ThreadPoolExecutor.java:635)
[2024-11-03T10:46:06.413+0000] {spark_submit.py:495} INFO - at java.base/java.lang.Thread.run(Thread.java:840)
[2024-11-03T10:46:06.413+0000] {spark_submit.py:495} INFO - 
[2024-11-03T10:46:06.430+0000] {spark_submit.py:495} INFO - Driver stacktrace:
[2024-11-03T10:46:07.353+0000] {spark_submit.py:495} INFO - 24/11/03 10:46:07 INFO SparkContext: Invoking stop() from shutdown hook
[2024-11-03T10:46:07.503+0000] {spark_submit.py:495} INFO - 24/11/03 10:46:07 INFO SparkContext: SparkContext is stopping with exitCode 0.
[2024-11-03T10:46:07.857+0000] {spark_submit.py:495} INFO - 24/11/03 10:46:07 INFO SparkUI: Stopped Spark web UI at http://7d9160448bdc:4040
[2024-11-03T10:46:08.003+0000] {spark_submit.py:495} INFO - 24/11/03 10:46:07 INFO StandaloneSchedulerBackend: Shutting down all executors
[2024-11-03T10:46:08.021+0000] {spark_submit.py:495} INFO - 24/11/03 10:46:08 INFO StandaloneSchedulerBackend$StandaloneDriverEndpoint: Asking each executor to shut down
[2024-11-03T10:46:09.055+0000] {spark_submit.py:495} INFO - 24/11/03 10:46:09 INFO MapOutputTrackerMasterEndpoint: MapOutputTrackerMasterEndpoint stopped!
[2024-11-03T10:46:09.191+0000] {spark_submit.py:495} INFO - 24/11/03 10:46:09 INFO MemoryStore: MemoryStore cleared
[2024-11-03T10:46:09.238+0000] {spark_submit.py:495} INFO - 24/11/03 10:46:09 INFO BlockManager: BlockManager stopped
[2024-11-03T10:46:09.272+0000] {spark_submit.py:495} INFO - 24/11/03 10:46:09 INFO BlockManagerMaster: BlockManagerMaster stopped
[2024-11-03T10:46:09.321+0000] {spark_submit.py:495} INFO - 24/11/03 10:46:09 INFO OutputCommitCoordinator$OutputCommitCoordinatorEndpoint: OutputCommitCoordinator stopped!
[2024-11-03T10:46:10.044+0000] {spark_submit.py:495} INFO - 24/11/03 10:46:10 INFO SparkContext: Successfully stopped SparkContext
[2024-11-03T10:46:10.158+0000] {spark_submit.py:495} INFO - 24/11/03 10:46:10 INFO ShutdownHookManager: Shutdown hook called
[2024-11-03T10:46:10.158+0000] {spark_submit.py:495} INFO - 24/11/03 10:46:10 INFO ShutdownHookManager: Deleting directory /tmp/spark-b47cbbc7-61b8-463b-920f-1b7530d73c1c
[2024-11-03T10:46:10.321+0000] {spark_submit.py:495} INFO - 24/11/03 10:46:10 INFO ShutdownHookManager: Deleting directory /tmp/spark-1e4a4c14-cfbc-4f9b-a02f-9114f0a06663
[2024-11-03T10:46:10.781+0000] {spark_submit.py:495} INFO - 24/11/03 10:46:10 INFO ShutdownHookManager: Deleting directory /tmp/temporary-791eafef-6ca6-4635-87c9-46fd9f52d7df
[2024-11-03T10:46:10.908+0000] {spark_submit.py:495} INFO - 24/11/03 10:46:10 INFO ShutdownHookManager: Deleting directory /tmp/spark-1e4a4c14-cfbc-4f9b-a02f-9114f0a06663/pyspark-5c056112-f432-4bbd-aca4-20a3c0fdc99c
[2024-11-03T10:46:11.258+0000] {taskinstance.py:441} INFO - ::group::Post task execution logs
[2024-11-03T10:46:11.328+0000] {taskinstance.py:2905} ERROR - Task failed with exception
Traceback (most recent call last):
  File "/home/airflow/.local/lib/python3.11/site-packages/airflow/models/taskinstance.py", line 465, in _execute_task
    result = _execute_callable(context=context, **execute_callable_kwargs)
             ^^^^^^^^^^^^^^^^^^^^^^^^^^^^^^^^^^^^^^^^^^^^^^^^^^^^^^^^^^^^^
  File "/home/airflow/.local/lib/python3.11/site-packages/airflow/models/taskinstance.py", line 432, in _execute_callable
    return execute_callable(context=context, **execute_callable_kwargs)
           ^^^^^^^^^^^^^^^^^^^^^^^^^^^^^^^^^^^^^^^^^^^^^^^^^^^^^^^^^^^^
  File "/home/airflow/.local/lib/python3.11/site-packages/airflow/models/baseoperator.py", line 401, in wrapper
    return func(self, *args, **kwargs)
           ^^^^^^^^^^^^^^^^^^^^^^^^^^^
  File "/home/airflow/.local/lib/python3.11/site-packages/airflow/providers/apache/spark/operators/spark_submit.py", line 157, in execute
    self._hook.submit(self._application)
  File "/home/airflow/.local/lib/python3.11/site-packages/airflow/providers/apache/spark/hooks/spark_submit.py", line 426, in submit
    raise AirflowException(
airflow.exceptions.AirflowException: Cannot execute: spark-submit --master yarn --conf spark.yarn.appMasterEnv.HADOOP_CONF_DIR=/opt/hadoop-3.2.1/etc/hadoop --packages org.apache.spark:spark-streaming-kafka-0-10_2.12:3.4.2,org.apache.spark:spark-sql-kafka-0-10_2.12:3.4.2,org.apache.hadoop:hadoop-client:3.2.1 --name KafkaSparkHDFS /opt/***/dags/spark_streaming_job.py. Error code is: 1.
[2024-11-03T10:46:11.413+0000] {taskinstance.py:1206} INFO - Marking task as FAILED. dag_id=sensor_data_consumer, task_id=sensor_data_consumer, run_id=manual__2024-11-03T10:42:33.991337+00:00, execution_date=20241103T104233, start_date=20241103T104247, end_date=20241103T104611
[2024-11-03T10:46:11.492+0000] {standard_task_runner.py:110} ERROR - Failed to execute job 241 for task sensor_data_consumer (Cannot execute: spark-submit --master yarn --conf spark.yarn.appMasterEnv.HADOOP_CONF_DIR=/opt/hadoop-3.2.1/etc/hadoop --packages org.apache.spark:spark-streaming-kafka-0-10_2.12:3.4.2,org.apache.spark:spark-sql-kafka-0-10_2.12:3.4.2,org.apache.hadoop:hadoop-client:3.2.1 --name KafkaSparkHDFS /opt/***/dags/spark_streaming_job.py. Error code is: 1.; 6333)
[2024-11-03T10:46:11.550+0000] {local_task_job_runner.py:243} INFO - Task exited with return code 1
[2024-11-03T10:46:11.713+0000] {taskinstance.py:3503} INFO - 0 downstream tasks scheduled from follow-on schedule check
[2024-11-03T10:46:11.780+0000] {local_task_job_runner.py:222} INFO - ::endgroup::
