[2024-11-24T04:34:54.783+0000] {local_task_job_runner.py:120} INFO - ::group::Pre task execution logs
[2024-11-24T04:34:55.149+0000] {taskinstance.py:2076} INFO - Dependencies all met for dep_context=non-requeueable deps ti=<TaskInstance: sensor_data_consumer.sensor_data_consumer manual__2024-11-24T03:57:41.375771+00:00 [queued]>
[2024-11-24T04:34:55.260+0000] {taskinstance.py:2076} INFO - Dependencies all met for dep_context=requeueable deps ti=<TaskInstance: sensor_data_consumer.sensor_data_consumer manual__2024-11-24T03:57:41.375771+00:00 [queued]>
[2024-11-24T04:34:55.260+0000] {taskinstance.py:2306} INFO - Starting attempt 5 of 1
[2024-11-24T04:34:55.931+0000] {taskinstance.py:2330} INFO - Executing <Task(SparkSubmitOperator): sensor_data_consumer> on 2024-11-24 03:57:41.375771+00:00
[2024-11-24T04:34:55.961+0000] {standard_task_runner.py:90} INFO - Running: ['***', 'tasks', 'run', 'sensor_data_consumer', 'sensor_data_consumer', 'manual__2024-11-24T03:57:41.375771+00:00', '--job-id', '192', '--raw', '--subdir', 'DAGS_FOLDER/***_consumer.py', '--cfg-path', '/tmp/tmper8u98oh']
[2024-11-24T04:34:55.964+0000] {standard_task_runner.py:91} INFO - Job 192: Subtask sensor_data_consumer
[2024-11-24T04:34:55.952+0000] {standard_task_runner.py:64} INFO - Started process 231 to run task
[2024-11-24T04:34:56.108+0000] {task_command.py:426} INFO - Running <TaskInstance: sensor_data_consumer.sensor_data_consumer manual__2024-11-24T03:57:41.375771+00:00 [running]> on host 355cdd50bbb7
[2024-11-24T04:34:57.174+0000] {taskinstance.py:2648} INFO - Exporting env vars: AIRFLOW_CTX_DAG_OWNER='Bich Ly' AIRFLOW_CTX_DAG_ID='sensor_data_consumer' AIRFLOW_CTX_TASK_ID='sensor_data_consumer' AIRFLOW_CTX_EXECUTION_DATE='2024-11-24T03:57:41.375771+00:00' AIRFLOW_CTX_TRY_NUMBER='5' AIRFLOW_CTX_DAG_RUN_ID='manual__2024-11-24T03:57:41.375771+00:00'
[2024-11-24T04:34:57.179+0000] {taskinstance.py:430} INFO - ::endgroup::
[2024-11-24T04:34:57.296+0000] {base.py:84} INFO - Using connection ID 'spark_default' for task execution.
[2024-11-24T04:34:57.297+0000] {spark_submit.py:344} INFO - Spark-Submit cmd: spark-submit --master spark://spark-master:7077 --packages org.apache.spark:spark-streaming-kafka-0-10_2.12:3.4.2,org.apache.spark:spark-sql-kafka-0-10_2.12:3.4.2,org.apache.hadoop:hadoop-client:3.2.1 --name KafkaSparkHDFS /opt/***/dags/spark_streaming_job.py
[2024-11-24T04:35:12.465+0000] {spark_submit.py:495} INFO - :: loading settings :: url = jar:file:/home/***/.local/lib/python3.11/site-packages/pyspark/jars/ivy-2.5.1.jar!/org/apache/ivy/core/settings/ivysettings.xml
[2024-11-24T04:35:12.720+0000] {spark_submit.py:495} INFO - Ivy Default Cache set to: /home/***/.ivy2/cache
[2024-11-24T04:35:12.722+0000] {spark_submit.py:495} INFO - The jars for the packages stored in: /home/***/.ivy2/jars
[2024-11-24T04:35:12.744+0000] {spark_submit.py:495} INFO - org.apache.spark#spark-streaming-kafka-0-10_2.12 added as a dependency
[2024-11-24T04:35:12.744+0000] {spark_submit.py:495} INFO - org.apache.spark#spark-sql-kafka-0-10_2.12 added as a dependency
[2024-11-24T04:35:12.745+0000] {spark_submit.py:495} INFO - org.apache.hadoop#hadoop-client added as a dependency
[2024-11-24T04:35:12.745+0000] {spark_submit.py:495} INFO - :: resolving dependencies :: org.apache.spark#spark-submit-parent-4e10e88f-af79-4d79-ab48-5e1b78a3cb0e;1.0
[2024-11-24T04:35:12.745+0000] {spark_submit.py:495} INFO - confs: [default]
[2024-11-24T04:35:13.271+0000] {spark_submit.py:495} INFO - found org.apache.spark#spark-streaming-kafka-0-10_2.12;3.4.2 in central
[2024-11-24T04:35:13.412+0000] {spark_submit.py:495} INFO - found org.apache.spark#spark-token-provider-kafka-0-10_2.12;3.4.2 in central
[2024-11-24T04:35:13.488+0000] {spark_submit.py:495} INFO - found org.apache.kafka#kafka-clients;3.3.2 in central
[2024-11-24T04:35:13.554+0000] {spark_submit.py:495} INFO - found org.lz4#lz4-java;1.8.0 in central
[2024-11-24T04:35:13.595+0000] {spark_submit.py:495} INFO - found org.xerial.snappy#snappy-java;1.1.10.3 in central
[2024-11-24T04:35:13.640+0000] {spark_submit.py:495} INFO - found org.slf4j#slf4j-api;2.0.6 in central
[2024-11-24T04:35:13.718+0000] {spark_submit.py:495} INFO - found org.apache.hadoop#hadoop-client-runtime;3.3.4 in central
[2024-11-24T04:35:13.800+0000] {spark_submit.py:495} INFO - found org.apache.hadoop#hadoop-client-api;3.3.4 in central
[2024-11-24T04:35:13.885+0000] {spark_submit.py:495} INFO - found commons-logging#commons-logging;1.1.3 in central
[2024-11-24T04:35:13.929+0000] {spark_submit.py:495} INFO - found com.google.code.findbugs#jsr305;3.0.0 in central
[2024-11-24T04:35:14.081+0000] {spark_submit.py:495} INFO - found org.apache.spark#spark-sql-kafka-0-10_2.12;3.4.2 in spark-list
[2024-11-24T04:35:14.211+0000] {spark_submit.py:495} INFO - found org.apache.commons#commons-pool2;2.11.1 in central
[2024-11-24T04:35:14.300+0000] {spark_submit.py:495} INFO - found org.apache.hadoop#hadoop-client;3.2.1 in central
[2024-11-24T04:35:14.391+0000] {spark_submit.py:495} INFO - found org.apache.hadoop#hadoop-common;3.2.1 in central
[2024-11-24T04:35:14.551+0000] {spark_submit.py:495} INFO - found org.apache.hadoop#hadoop-annotations;3.2.1 in central
[2024-11-24T04:35:14.705+0000] {spark_submit.py:495} INFO - found com.google.guava#guava;27.0-jre in central
[2024-11-24T04:35:14.719+0000] {spark_submit.py:495} INFO - found com.google.guava#failureaccess;1.0 in central
[2024-11-24T04:35:14.779+0000] {spark_submit.py:495} INFO - found com.google.guava#listenablefuture;9999.0-empty-to-avoid-conflict-with-guava in central
[2024-11-24T04:35:14.899+0000] {spark_submit.py:495} INFO - found org.checkerframework#checker-qual;2.5.2 in central
[2024-11-24T04:35:14.992+0000] {spark_submit.py:495} INFO - found com.google.errorprone#error_prone_annotations;2.2.0 in central
[2024-11-24T04:35:15.072+0000] {spark_submit.py:495} INFO - found com.google.j2objc#j2objc-annotations;1.1 in central
[2024-11-24T04:35:15.145+0000] {spark_submit.py:495} INFO - found org.codehaus.mojo#animal-sniffer-annotations;1.17 in central
[2024-11-24T04:35:15.223+0000] {spark_submit.py:495} INFO - found commons-cli#commons-cli;1.2 in central
[2024-11-24T04:35:15.579+0000] {spark_submit.py:495} INFO - found org.apache.commons#commons-math3;3.1.1 in central
[2024-11-24T04:35:15.790+0000] {spark_submit.py:495} INFO - found org.apache.httpcomponents#httpclient;4.5.6 in central
[2024-11-24T04:35:15.902+0000] {spark_submit.py:495} INFO - found org.apache.httpcomponents#httpcore;4.4.10 in central
[2024-11-24T04:35:15.929+0000] {spark_submit.py:495} INFO - found commons-codec#commons-codec;1.11 in central
[2024-11-24T04:35:16.107+0000] {spark_submit.py:495} INFO - found commons-io#commons-io;2.5 in central
[2024-11-24T04:35:16.218+0000] {spark_submit.py:495} INFO - found commons-net#commons-net;3.6 in central
[2024-11-24T04:35:16.329+0000] {spark_submit.py:495} INFO - found commons-collections#commons-collections;3.2.2 in central
[2024-11-24T04:35:16.492+0000] {spark_submit.py:495} INFO - found org.eclipse.jetty#jetty-servlet;9.3.24.v20180605 in central
[2024-11-24T04:35:16.557+0000] {spark_submit.py:495} INFO - found org.eclipse.jetty#jetty-security;9.3.24.v20180605 in central
[2024-11-24T04:35:16.625+0000] {spark_submit.py:495} INFO - found org.eclipse.jetty#jetty-webapp;9.3.24.v20180605 in central
[2024-11-24T04:35:16.737+0000] {spark_submit.py:495} INFO - found org.eclipse.jetty#jetty-xml;9.3.24.v20180605 in central
[2024-11-24T04:35:16.845+0000] {spark_submit.py:495} INFO - found com.sun.jersey#jersey-servlet;1.19 in central
[2024-11-24T04:35:16.954+0000] {spark_submit.py:495} INFO - found log4j#log4j;1.2.17 in central
[2024-11-24T04:35:17.120+0000] {spark_submit.py:495} INFO - found commons-beanutils#commons-beanutils;1.9.3 in central
[2024-11-24T04:35:17.167+0000] {spark_submit.py:495} INFO - found org.apache.commons#commons-configuration2;2.1.1 in spark-list
[2024-11-24T04:35:17.225+0000] {spark_submit.py:495} INFO - found org.apache.commons#commons-lang3;3.7 in central
[2024-11-24T04:35:17.361+0000] {spark_submit.py:495} INFO - found org.apache.commons#commons-text;1.4 in central
[2024-11-24T04:35:17.643+0000] {spark_submit.py:495} INFO - found org.apache.avro#avro;1.7.7 in central
[2024-11-24T04:35:17.761+0000] {spark_submit.py:495} INFO - found org.codehaus.jackson#jackson-core-asl;1.9.13 in central
[2024-11-24T04:35:17.780+0000] {spark_submit.py:495} INFO - found org.codehaus.jackson#jackson-mapper-asl;1.9.13 in central
[2024-11-24T04:35:17.819+0000] {spark_submit.py:495} INFO - found com.thoughtworks.paranamer#paranamer;2.3 in central
[2024-11-24T04:35:17.864+0000] {spark_submit.py:495} INFO - found org.apache.commons#commons-compress;1.18 in central
[2024-11-24T04:35:17.888+0000] {spark_submit.py:495} INFO - found com.google.re2j#re2j;1.1 in central
[2024-11-24T04:35:17.918+0000] {spark_submit.py:495} INFO - found com.google.protobuf#protobuf-java;2.5.0 in central
[2024-11-24T04:35:17.986+0000] {spark_submit.py:495} INFO - found com.google.code.gson#gson;2.2.4 in central
[2024-11-24T04:35:18.023+0000] {spark_submit.py:495} INFO - found org.apache.hadoop#hadoop-auth;3.2.1 in central
[2024-11-24T04:35:18.061+0000] {spark_submit.py:495} INFO - found com.nimbusds#nimbus-jose-jwt;4.41.1 in central
[2024-11-24T04:35:18.092+0000] {spark_submit.py:495} INFO - found com.github.stephenc.jcip#jcip-annotations;1.0-1 in central
[2024-11-24T04:35:18.156+0000] {spark_submit.py:495} INFO - found net.minidev#json-smart;2.3 in central
[2024-11-24T04:35:18.287+0000] {spark_submit.py:495} INFO - found net.minidev#accessors-smart;1.2 in central
[2024-11-24T04:35:18.552+0000] {spark_submit.py:495} INFO - found org.ow2.asm#asm;5.0.4 in central
[2024-11-24T04:35:18.554+0000] {spark_submit.py:495} INFO - found org.apache.curator#curator-framework;2.13.0 in central
[2024-11-24T04:35:18.628+0000] {spark_submit.py:495} INFO - found org.apache.curator#curator-client;2.13.0 in central
[2024-11-24T04:35:18.776+0000] {spark_submit.py:495} INFO - found org.apache.kerby#kerb-simplekdc;1.0.1 in central
[2024-11-24T04:35:18.942+0000] {spark_submit.py:495} INFO - found org.apache.kerby#kerb-client;1.0.1 in central
[2024-11-24T04:35:18.991+0000] {spark_submit.py:495} INFO - found org.apache.kerby#kerby-config;1.0.1 in central
[2024-11-24T04:35:19.305+0000] {spark_submit.py:495} INFO - found org.apache.kerby#kerb-core;1.0.1 in central
[2024-11-24T04:35:19.392+0000] {spark_submit.py:495} INFO - found org.apache.kerby#kerby-pkix;1.0.1 in central
[2024-11-24T04:35:19.479+0000] {spark_submit.py:495} INFO - found org.apache.kerby#kerby-asn1;1.0.1 in central
[2024-11-24T04:35:19.565+0000] {spark_submit.py:495} INFO - found org.apache.kerby#kerby-util;1.0.1 in central
[2024-11-24T04:35:19.587+0000] {spark_submit.py:495} INFO - found org.apache.kerby#kerb-common;1.0.1 in central
[2024-11-24T04:35:19.621+0000] {spark_submit.py:495} INFO - found org.apache.kerby#kerb-crypto;1.0.1 in central
[2024-11-24T04:35:19.696+0000] {spark_submit.py:495} INFO - found org.apache.kerby#kerb-util;1.0.1 in central
[2024-11-24T04:35:19.711+0000] {spark_submit.py:495} INFO - found org.apache.kerby#token-provider;1.0.1 in central
[2024-11-24T04:35:19.755+0000] {spark_submit.py:495} INFO - found org.apache.kerby#kerb-admin;1.0.1 in central
[2024-11-24T04:35:19.769+0000] {spark_submit.py:495} INFO - found org.apache.kerby#kerb-server;1.0.1 in central
[2024-11-24T04:35:19.813+0000] {spark_submit.py:495} INFO - found org.apache.kerby#kerb-identity;1.0.1 in central
[2024-11-24T04:35:19.882+0000] {spark_submit.py:495} INFO - found org.apache.kerby#kerby-xdr;1.0.1 in central
[2024-11-24T04:35:19.924+0000] {spark_submit.py:495} INFO - found org.apache.curator#curator-recipes;2.13.0 in central
[2024-11-24T04:35:19.995+0000] {spark_submit.py:495} INFO - found org.apache.htrace#htrace-core4;4.1.0-incubating in central
[2024-11-24T04:35:20.158+0000] {spark_submit.py:495} INFO - found com.fasterxml.jackson.core#jackson-databind;2.9.8 in central
[2024-11-24T04:35:20.175+0000] {spark_submit.py:495} INFO - found com.fasterxml.jackson.core#jackson-annotations;2.9.8 in central
[2024-11-24T04:35:20.260+0000] {spark_submit.py:495} INFO - found com.fasterxml.jackson.core#jackson-core;2.9.8 in central
[2024-11-24T04:35:20.434+0000] {spark_submit.py:495} INFO - found org.codehaus.woodstox#stax2-api;3.1.4 in central
[2024-11-24T04:35:20.657+0000] {spark_submit.py:495} INFO - found com.fasterxml.woodstox#woodstox-core;5.0.3 in central
[2024-11-24T04:35:21.111+0000] {spark_submit.py:495} INFO - found dnsjava#dnsjava;2.1.7 in central
[2024-11-24T04:35:21.250+0000] {spark_submit.py:495} INFO - found javax.servlet.jsp#jsp-api;2.1 in central
[2024-11-24T04:35:21.494+0000] {spark_submit.py:495} INFO - found org.apache.hadoop#hadoop-hdfs-client;3.2.1 in central
[2024-11-24T04:35:21.571+0000] {spark_submit.py:495} INFO - found com.squareup.okhttp#okhttp;2.7.5 in central
[2024-11-24T04:35:21.588+0000] {spark_submit.py:495} INFO - found com.squareup.okio#okio;1.6.0 in central
[2024-11-24T04:35:21.687+0000] {spark_submit.py:495} INFO - found org.apache.hadoop#hadoop-yarn-api;3.2.1 in central
[2024-11-24T04:35:21.730+0000] {spark_submit.py:495} INFO - found javax.xml.bind#jaxb-api;2.2.11 in central
[2024-11-24T04:35:21.922+0000] {spark_submit.py:495} INFO - found org.apache.hadoop#hadoop-yarn-client;3.2.1 in central
[2024-11-24T04:35:21.957+0000] {spark_submit.py:495} INFO - found org.apache.hadoop#hadoop-mapreduce-client-core;3.2.1 in central
[2024-11-24T04:35:21.976+0000] {spark_submit.py:495} INFO - found org.apache.hadoop#hadoop-yarn-common;3.2.1 in central
[2024-11-24T04:35:22.071+0000] {spark_submit.py:495} INFO - found javax.servlet#javax.servlet-api;3.1.0 in central
[2024-11-24T04:35:22.112+0000] {spark_submit.py:495} INFO - found org.eclipse.jetty#jetty-util;9.3.24.v20180605 in central
[2024-11-24T04:35:22.136+0000] {spark_submit.py:495} INFO - found com.sun.jersey#jersey-core;1.19 in central
[2024-11-24T04:35:22.167+0000] {spark_submit.py:495} INFO - found javax.ws.rs#jsr311-api;1.1.1 in central
[2024-11-24T04:35:22.233+0000] {spark_submit.py:495} INFO - found com.sun.jersey#jersey-client;1.19 in central
[2024-11-24T04:35:22.798+0000] {spark_submit.py:495} INFO - found com.fasterxml.jackson.module#jackson-module-jaxb-annotations;2.9.8 in central
[2024-11-24T04:35:22.863+0000] {spark_submit.py:495} INFO - found com.fasterxml.jackson.jaxrs#jackson-jaxrs-json-provider;2.9.8 in central
[2024-11-24T04:35:22.902+0000] {spark_submit.py:495} INFO - found com.fasterxml.jackson.jaxrs#jackson-jaxrs-base;2.9.8 in central
[2024-11-24T04:35:22.958+0000] {spark_submit.py:495} INFO - found org.apache.hadoop#hadoop-mapreduce-client-jobclient;3.2.1 in central
[2024-11-24T04:35:22.997+0000] {spark_submit.py:495} INFO - found org.apache.hadoop#hadoop-mapreduce-client-common;3.2.1 in central
[2024-11-24T04:35:23.359+0000] {spark_submit.py:495} INFO - :: resolution report :: resolve 10423ms :: artifacts dl 193ms
[2024-11-24T04:35:23.359+0000] {spark_submit.py:495} INFO - :: modules in use:
[2024-11-24T04:35:23.360+0000] {spark_submit.py:495} INFO - com.fasterxml.jackson.core#jackson-annotations;2.9.8 from central in [default]
[2024-11-24T04:35:23.361+0000] {spark_submit.py:495} INFO - com.fasterxml.jackson.core#jackson-core;2.9.8 from central in [default]
[2024-11-24T04:35:23.361+0000] {spark_submit.py:495} INFO - com.fasterxml.jackson.core#jackson-databind;2.9.8 from central in [default]
[2024-11-24T04:35:23.361+0000] {spark_submit.py:495} INFO - com.fasterxml.jackson.jaxrs#jackson-jaxrs-base;2.9.8 from central in [default]
[2024-11-24T04:35:23.361+0000] {spark_submit.py:495} INFO - com.fasterxml.jackson.jaxrs#jackson-jaxrs-json-provider;2.9.8 from central in [default]
[2024-11-24T04:35:23.362+0000] {spark_submit.py:495} INFO - com.fasterxml.jackson.module#jackson-module-jaxb-annotations;2.9.8 from central in [default]
[2024-11-24T04:35:23.362+0000] {spark_submit.py:495} INFO - com.fasterxml.woodstox#woodstox-core;5.0.3 from central in [default]
[2024-11-24T04:35:23.363+0000] {spark_submit.py:495} INFO - com.github.stephenc.jcip#jcip-annotations;1.0-1 from central in [default]
[2024-11-24T04:35:23.363+0000] {spark_submit.py:495} INFO - com.google.code.findbugs#jsr305;3.0.0 from central in [default]
[2024-11-24T04:35:23.364+0000] {spark_submit.py:495} INFO - com.google.code.gson#gson;2.2.4 from central in [default]
[2024-11-24T04:35:23.364+0000] {spark_submit.py:495} INFO - com.google.errorprone#error_prone_annotations;2.2.0 from central in [default]
[2024-11-24T04:35:23.364+0000] {spark_submit.py:495} INFO - com.google.guava#failureaccess;1.0 from central in [default]
[2024-11-24T04:35:23.365+0000] {spark_submit.py:495} INFO - com.google.guava#guava;27.0-jre from central in [default]
[2024-11-24T04:35:23.365+0000] {spark_submit.py:495} INFO - com.google.guava#listenablefuture;9999.0-empty-to-avoid-conflict-with-guava from central in [default]
[2024-11-24T04:35:23.365+0000] {spark_submit.py:495} INFO - com.google.j2objc#j2objc-annotations;1.1 from central in [default]
[2024-11-24T04:35:23.365+0000] {spark_submit.py:495} INFO - com.google.protobuf#protobuf-java;2.5.0 from central in [default]
[2024-11-24T04:35:23.365+0000] {spark_submit.py:495} INFO - com.google.re2j#re2j;1.1 from central in [default]
[2024-11-24T04:35:23.366+0000] {spark_submit.py:495} INFO - com.nimbusds#nimbus-jose-jwt;4.41.1 from central in [default]
[2024-11-24T04:35:23.366+0000] {spark_submit.py:495} INFO - com.squareup.okhttp#okhttp;2.7.5 from central in [default]
[2024-11-24T04:35:23.367+0000] {spark_submit.py:495} INFO - com.squareup.okio#okio;1.6.0 from central in [default]
[2024-11-24T04:35:23.367+0000] {spark_submit.py:495} INFO - com.sun.jersey#jersey-client;1.19 from central in [default]
[2024-11-24T04:35:23.368+0000] {spark_submit.py:495} INFO - com.sun.jersey#jersey-core;1.19 from central in [default]
[2024-11-24T04:35:23.368+0000] {spark_submit.py:495} INFO - com.sun.jersey#jersey-servlet;1.19 from central in [default]
[2024-11-24T04:35:23.369+0000] {spark_submit.py:495} INFO - com.thoughtworks.paranamer#paranamer;2.3 from central in [default]
[2024-11-24T04:35:23.369+0000] {spark_submit.py:495} INFO - commons-beanutils#commons-beanutils;1.9.3 from central in [default]
[2024-11-24T04:35:23.370+0000] {spark_submit.py:495} INFO - commons-cli#commons-cli;1.2 from central in [default]
[2024-11-24T04:35:23.370+0000] {spark_submit.py:495} INFO - commons-codec#commons-codec;1.11 from central in [default]
[2024-11-24T04:35:23.370+0000] {spark_submit.py:495} INFO - commons-collections#commons-collections;3.2.2 from central in [default]
[2024-11-24T04:35:23.371+0000] {spark_submit.py:495} INFO - commons-io#commons-io;2.5 from central in [default]
[2024-11-24T04:35:23.371+0000] {spark_submit.py:495} INFO - commons-logging#commons-logging;1.1.3 from central in [default]
[2024-11-24T04:35:23.372+0000] {spark_submit.py:495} INFO - commons-net#commons-net;3.6 from central in [default]
[2024-11-24T04:35:23.372+0000] {spark_submit.py:495} INFO - dnsjava#dnsjava;2.1.7 from central in [default]
[2024-11-24T04:35:23.372+0000] {spark_submit.py:495} INFO - javax.servlet#javax.servlet-api;3.1.0 from central in [default]
[2024-11-24T04:35:23.399+0000] {spark_submit.py:495} INFO - javax.servlet.jsp#jsp-api;2.1 from central in [default]
[2024-11-24T04:35:23.400+0000] {spark_submit.py:495} INFO - javax.ws.rs#jsr311-api;1.1.1 from central in [default]
[2024-11-24T04:35:23.400+0000] {spark_submit.py:495} INFO - javax.xml.bind#jaxb-api;2.2.11 from central in [default]
[2024-11-24T04:35:23.400+0000] {spark_submit.py:495} INFO - log4j#log4j;1.2.17 from central in [default]
[2024-11-24T04:35:23.400+0000] {spark_submit.py:495} INFO - net.minidev#accessors-smart;1.2 from central in [default]
[2024-11-24T04:35:23.400+0000] {spark_submit.py:495} INFO - net.minidev#json-smart;2.3 from central in [default]
[2024-11-24T04:35:23.400+0000] {spark_submit.py:495} INFO - org.apache.avro#avro;1.7.7 from central in [default]
[2024-11-24T04:35:23.400+0000] {spark_submit.py:495} INFO - org.apache.commons#commons-compress;1.18 from central in [default]
[2024-11-24T04:35:23.401+0000] {spark_submit.py:495} INFO - org.apache.commons#commons-configuration2;2.1.1 from spark-list in [default]
[2024-11-24T04:35:23.401+0000] {spark_submit.py:495} INFO - org.apache.commons#commons-lang3;3.7 from central in [default]
[2024-11-24T04:35:23.402+0000] {spark_submit.py:495} INFO - org.apache.commons#commons-math3;3.1.1 from central in [default]
[2024-11-24T04:35:23.402+0000] {spark_submit.py:495} INFO - org.apache.commons#commons-pool2;2.11.1 from central in [default]
[2024-11-24T04:35:23.402+0000] {spark_submit.py:495} INFO - org.apache.commons#commons-text;1.4 from central in [default]
[2024-11-24T04:35:23.402+0000] {spark_submit.py:495} INFO - org.apache.curator#curator-client;2.13.0 from central in [default]
[2024-11-24T04:35:23.402+0000] {spark_submit.py:495} INFO - org.apache.curator#curator-framework;2.13.0 from central in [default]
[2024-11-24T04:35:23.402+0000] {spark_submit.py:495} INFO - org.apache.curator#curator-recipes;2.13.0 from central in [default]
[2024-11-24T04:35:23.402+0000] {spark_submit.py:495} INFO - org.apache.hadoop#hadoop-annotations;3.2.1 from central in [default]
[2024-11-24T04:35:23.403+0000] {spark_submit.py:495} INFO - org.apache.hadoop#hadoop-auth;3.2.1 from central in [default]
[2024-11-24T04:35:23.403+0000] {spark_submit.py:495} INFO - org.apache.hadoop#hadoop-client;3.2.1 from central in [default]
[2024-11-24T04:35:23.403+0000] {spark_submit.py:495} INFO - org.apache.hadoop#hadoop-client-api;3.3.4 from central in [default]
[2024-11-24T04:35:23.403+0000] {spark_submit.py:495} INFO - org.apache.hadoop#hadoop-client-runtime;3.3.4 from central in [default]
[2024-11-24T04:35:23.403+0000] {spark_submit.py:495} INFO - org.apache.hadoop#hadoop-common;3.2.1 from central in [default]
[2024-11-24T04:35:23.404+0000] {spark_submit.py:495} INFO - org.apache.hadoop#hadoop-hdfs-client;3.2.1 from central in [default]
[2024-11-24T04:35:23.404+0000] {spark_submit.py:495} INFO - org.apache.hadoop#hadoop-mapreduce-client-common;3.2.1 from central in [default]
[2024-11-24T04:35:23.404+0000] {spark_submit.py:495} INFO - org.apache.hadoop#hadoop-mapreduce-client-core;3.2.1 from central in [default]
[2024-11-24T04:35:23.404+0000] {spark_submit.py:495} INFO - org.apache.hadoop#hadoop-mapreduce-client-jobclient;3.2.1 from central in [default]
[2024-11-24T04:35:23.404+0000] {spark_submit.py:495} INFO - org.apache.hadoop#hadoop-yarn-api;3.2.1 from central in [default]
[2024-11-24T04:35:23.404+0000] {spark_submit.py:495} INFO - org.apache.hadoop#hadoop-yarn-client;3.2.1 from central in [default]
[2024-11-24T04:35:23.404+0000] {spark_submit.py:495} INFO - org.apache.hadoop#hadoop-yarn-common;3.2.1 from central in [default]
[2024-11-24T04:35:23.404+0000] {spark_submit.py:495} INFO - org.apache.htrace#htrace-core4;4.1.0-incubating from central in [default]
[2024-11-24T04:35:23.405+0000] {spark_submit.py:495} INFO - org.apache.httpcomponents#httpclient;4.5.6 from central in [default]
[2024-11-24T04:35:23.405+0000] {spark_submit.py:495} INFO - org.apache.httpcomponents#httpcore;4.4.10 from central in [default]
[2024-11-24T04:35:23.405+0000] {spark_submit.py:495} INFO - org.apache.kafka#kafka-clients;3.3.2 from central in [default]
[2024-11-24T04:35:23.405+0000] {spark_submit.py:495} INFO - org.apache.kerby#kerb-admin;1.0.1 from central in [default]
[2024-11-24T04:35:23.405+0000] {spark_submit.py:495} INFO - org.apache.kerby#kerb-client;1.0.1 from central in [default]
[2024-11-24T04:35:23.405+0000] {spark_submit.py:495} INFO - org.apache.kerby#kerb-common;1.0.1 from central in [default]
[2024-11-24T04:35:23.405+0000] {spark_submit.py:495} INFO - org.apache.kerby#kerb-core;1.0.1 from central in [default]
[2024-11-24T04:35:23.405+0000] {spark_submit.py:495} INFO - org.apache.kerby#kerb-crypto;1.0.1 from central in [default]
[2024-11-24T04:35:23.405+0000] {spark_submit.py:495} INFO - org.apache.kerby#kerb-identity;1.0.1 from central in [default]
[2024-11-24T04:35:23.405+0000] {spark_submit.py:495} INFO - org.apache.kerby#kerb-server;1.0.1 from central in [default]
[2024-11-24T04:35:23.405+0000] {spark_submit.py:495} INFO - org.apache.kerby#kerb-simplekdc;1.0.1 from central in [default]
[2024-11-24T04:35:23.405+0000] {spark_submit.py:495} INFO - org.apache.kerby#kerb-util;1.0.1 from central in [default]
[2024-11-24T04:35:23.405+0000] {spark_submit.py:495} INFO - org.apache.kerby#kerby-asn1;1.0.1 from central in [default]
[2024-11-24T04:35:23.405+0000] {spark_submit.py:495} INFO - org.apache.kerby#kerby-config;1.0.1 from central in [default]
[2024-11-24T04:35:23.406+0000] {spark_submit.py:495} INFO - org.apache.kerby#kerby-pkix;1.0.1 from central in [default]
[2024-11-24T04:35:23.406+0000] {spark_submit.py:495} INFO - org.apache.kerby#kerby-util;1.0.1 from central in [default]
[2024-11-24T04:35:23.406+0000] {spark_submit.py:495} INFO - org.apache.kerby#kerby-xdr;1.0.1 from central in [default]
[2024-11-24T04:35:23.406+0000] {spark_submit.py:495} INFO - org.apache.kerby#token-provider;1.0.1 from central in [default]
[2024-11-24T04:35:23.406+0000] {spark_submit.py:495} INFO - org.apache.spark#spark-sql-kafka-0-10_2.12;3.4.2 from spark-list in [default]
[2024-11-24T04:35:23.406+0000] {spark_submit.py:495} INFO - org.apache.spark#spark-streaming-kafka-0-10_2.12;3.4.2 from central in [default]
[2024-11-24T04:35:23.406+0000] {spark_submit.py:495} INFO - org.apache.spark#spark-token-provider-kafka-0-10_2.12;3.4.2 from central in [default]
[2024-11-24T04:35:23.406+0000] {spark_submit.py:495} INFO - org.checkerframework#checker-qual;2.5.2 from central in [default]
[2024-11-24T04:35:23.406+0000] {spark_submit.py:495} INFO - org.codehaus.jackson#jackson-core-asl;1.9.13 from central in [default]
[2024-11-24T04:35:23.406+0000] {spark_submit.py:495} INFO - org.codehaus.jackson#jackson-mapper-asl;1.9.13 from central in [default]
[2024-11-24T04:35:23.406+0000] {spark_submit.py:495} INFO - org.codehaus.mojo#animal-sniffer-annotations;1.17 from central in [default]
[2024-11-24T04:35:23.406+0000] {spark_submit.py:495} INFO - org.codehaus.woodstox#stax2-api;3.1.4 from central in [default]
[2024-11-24T04:35:23.406+0000] {spark_submit.py:495} INFO - org.eclipse.jetty#jetty-security;9.3.24.v20180605 from central in [default]
[2024-11-24T04:35:23.406+0000] {spark_submit.py:495} INFO - org.eclipse.jetty#jetty-servlet;9.3.24.v20180605 from central in [default]
[2024-11-24T04:35:23.407+0000] {spark_submit.py:495} INFO - org.eclipse.jetty#jetty-util;9.3.24.v20180605 from central in [default]
[2024-11-24T04:35:23.407+0000] {spark_submit.py:495} INFO - org.eclipse.jetty#jetty-webapp;9.3.24.v20180605 from central in [default]
[2024-11-24T04:35:23.407+0000] {spark_submit.py:495} INFO - org.eclipse.jetty#jetty-xml;9.3.24.v20180605 from central in [default]
[2024-11-24T04:35:23.407+0000] {spark_submit.py:495} INFO - org.lz4#lz4-java;1.8.0 from central in [default]
[2024-11-24T04:35:23.407+0000] {spark_submit.py:495} INFO - org.ow2.asm#asm;5.0.4 from central in [default]
[2024-11-24T04:35:23.407+0000] {spark_submit.py:495} INFO - org.slf4j#slf4j-api;2.0.6 from central in [default]
[2024-11-24T04:35:23.407+0000] {spark_submit.py:495} INFO - org.xerial.snappy#snappy-java;1.1.10.3 from central in [default]
[2024-11-24T04:35:23.407+0000] {spark_submit.py:495} INFO - :: evicted modules:
[2024-11-24T04:35:23.407+0000] {spark_submit.py:495} INFO - org.slf4j#slf4j-api;1.7.25 by [org.slf4j#slf4j-api;2.0.6] in [default]
[2024-11-24T04:35:23.407+0000] {spark_submit.py:495} INFO - org.xerial.snappy#snappy-java;1.0.5 by [org.xerial.snappy#snappy-java;1.1.10.3] in [default]
[2024-11-24T04:35:23.407+0000] {spark_submit.py:495} INFO - ---------------------------------------------------------------------
[2024-11-24T04:35:23.407+0000] {spark_submit.py:495} INFO - |                  |            modules            ||   artifacts   |
[2024-11-24T04:35:23.407+0000] {spark_submit.py:495} INFO - |       conf       | number| search|dwnlded|evicted|| number|dwnlded|
[2024-11-24T04:35:23.408+0000] {spark_submit.py:495} INFO - ---------------------------------------------------------------------
[2024-11-24T04:35:23.408+0000] {spark_submit.py:495} INFO - |      default     |  100  |   0   |   0   |   2   ||   98  |   0   |
[2024-11-24T04:35:23.408+0000] {spark_submit.py:495} INFO - ---------------------------------------------------------------------
[2024-11-24T04:35:23.411+0000] {spark_submit.py:495} INFO - :: retrieving :: org.apache.spark#spark-submit-parent-4e10e88f-af79-4d79-ab48-5e1b78a3cb0e
[2024-11-24T04:35:23.412+0000] {spark_submit.py:495} INFO - confs: [default]
[2024-11-24T04:35:23.459+0000] {spark_submit.py:495} INFO - 0 artifacts copied, 98 already retrieved (0kB/38ms)
[2024-11-24T04:35:25.369+0000] {spark_submit.py:495} INFO - 24/11/24 04:35:25 WARN NativeCodeLoader: Unable to load native-hadoop library for your platform... using builtin-java classes where applicable
[2024-11-24T04:35:29.459+0000] {spark_submit.py:495} INFO - 24/11/24 04:35:29 INFO SparkContext: Running Spark version 3.4.1
[2024-11-24T04:35:29.569+0000] {spark_submit.py:495} INFO - 24/11/24 04:35:29 INFO ResourceUtils: ==============================================================
[2024-11-24T04:35:29.570+0000] {spark_submit.py:495} INFO - 24/11/24 04:35:29 INFO ResourceUtils: No custom resources configured for spark.driver.
[2024-11-24T04:35:29.572+0000] {spark_submit.py:495} INFO - 24/11/24 04:35:29 INFO ResourceUtils: ==============================================================
[2024-11-24T04:35:29.579+0000] {spark_submit.py:495} INFO - 24/11/24 04:35:29 INFO SparkContext: Submitted application: KafkaSparkStreaming
[2024-11-24T04:35:29.695+0000] {spark_submit.py:495} INFO - 24/11/24 04:35:29 INFO ResourceProfile: Default ResourceProfile created, executor resources: Map(memory -> name: memory, amount: 1024, script: , vendor: , offHeap -> name: offHeap, amount: 0, script: , vendor: ), task resources: Map(cpus -> name: cpus, amount: 1.0)
[2024-11-24T04:35:29.741+0000] {spark_submit.py:495} INFO - 24/11/24 04:35:29 INFO ResourceProfile: Limiting resource is cpu
[2024-11-24T04:35:29.756+0000] {spark_submit.py:495} INFO - 24/11/24 04:35:29 INFO ResourceProfileManager: Added ResourceProfile id: 0
[2024-11-24T04:35:30.189+0000] {spark_submit.py:495} INFO - 24/11/24 04:35:30 INFO SecurityManager: Changing view acls to: ***
[2024-11-24T04:35:30.198+0000] {spark_submit.py:495} INFO - 24/11/24 04:35:30 INFO SecurityManager: Changing modify acls to: ***
[2024-11-24T04:35:30.204+0000] {spark_submit.py:495} INFO - 24/11/24 04:35:30 INFO SecurityManager: Changing view acls groups to:
[2024-11-24T04:35:30.204+0000] {spark_submit.py:495} INFO - 24/11/24 04:35:30 INFO SecurityManager: Changing modify acls groups to:
[2024-11-24T04:35:30.207+0000] {spark_submit.py:495} INFO - 24/11/24 04:35:30 INFO SecurityManager: SecurityManager: authentication disabled; ui acls disabled; users with view permissions: ***; groups with view permissions: EMPTY; users with modify permissions: ***; groups with modify permissions: EMPTY
[2024-11-24T04:35:32.272+0000] {spark_submit.py:495} INFO - 24/11/24 04:35:32 INFO Utils: Successfully started service 'sparkDriver' on port 34449.
[2024-11-24T04:35:32.604+0000] {spark_submit.py:495} INFO - 24/11/24 04:35:32 INFO SparkEnv: Registering MapOutputTracker
[2024-11-24T04:35:33.027+0000] {spark_submit.py:495} INFO - 24/11/24 04:35:33 INFO SparkEnv: Registering BlockManagerMaster
[2024-11-24T04:35:33.126+0000] {spark_submit.py:495} INFO - 24/11/24 04:35:33 INFO BlockManagerMasterEndpoint: Using org.apache.spark.storage.DefaultTopologyMapper for getting topology information
[2024-11-24T04:35:33.143+0000] {spark_submit.py:495} INFO - 24/11/24 04:35:33 INFO BlockManagerMasterEndpoint: BlockManagerMasterEndpoint up
[2024-11-24T04:35:33.303+0000] {spark_submit.py:495} INFO - 24/11/24 04:35:33 INFO SparkEnv: Registering BlockManagerMasterHeartbeat
[2024-11-24T04:35:33.672+0000] {spark_submit.py:495} INFO - 24/11/24 04:35:33 INFO DiskBlockManager: Created local directory at /tmp/blockmgr-0995e244-d85e-4a31-8f36-dea8fd7b18db
[2024-11-24T04:35:33.913+0000] {spark_submit.py:495} INFO - 24/11/24 04:35:33 INFO MemoryStore: MemoryStore started with capacity 434.4 MiB
[2024-11-24T04:35:34.305+0000] {spark_submit.py:495} INFO - 24/11/24 04:35:34 INFO SparkEnv: Registering OutputCommitCoordinator
[2024-11-24T04:35:36.727+0000] {spark_submit.py:495} INFO - 24/11/24 04:35:36 INFO JettyUtils: Start Jetty 0.0.0.0:4040 for SparkUI
[2024-11-24T04:35:38.209+0000] {spark_submit.py:495} INFO - 24/11/24 04:35:38 WARN Utils: Service 'SparkUI' could not bind on port 4040. Attempting port 4041.
[2024-11-24T04:35:38.221+0000] {spark_submit.py:495} INFO - 24/11/24 04:35:38 WARN Utils: Service 'SparkUI' could not bind on port 4041. Attempting port 4042.
[2024-11-24T04:35:38.414+0000] {spark_submit.py:495} INFO - 24/11/24 04:35:38 INFO Utils: Successfully started service 'SparkUI' on port 4042.
[2024-11-24T04:35:39.124+0000] {spark_submit.py:495} INFO - 24/11/24 04:35:39 INFO SparkContext: Added JAR file:///home/***/.ivy2/jars/org.apache.spark_spark-streaming-kafka-0-10_2.12-3.4.2.jar at spark://355cdd50bbb7:34449/jars/org.apache.spark_spark-streaming-kafka-0-10_2.12-3.4.2.jar with timestamp 1732422929435
[2024-11-24T04:35:39.152+0000] {spark_submit.py:495} INFO - 24/11/24 04:35:39 INFO SparkContext: Added JAR file:///home/***/.ivy2/jars/org.apache.spark_spark-sql-kafka-0-10_2.12-3.4.2.jar at spark://355cdd50bbb7:34449/jars/org.apache.spark_spark-sql-kafka-0-10_2.12-3.4.2.jar with timestamp 1732422929435
[2024-11-24T04:35:39.153+0000] {spark_submit.py:495} INFO - 24/11/24 04:35:39 INFO SparkContext: Added JAR file:///home/***/.ivy2/jars/org.apache.hadoop_hadoop-client-3.2.1.jar at spark://355cdd50bbb7:34449/jars/org.apache.hadoop_hadoop-client-3.2.1.jar with timestamp 1732422929435
[2024-11-24T04:35:39.169+0000] {spark_submit.py:495} INFO - 24/11/24 04:35:39 INFO SparkContext: Added JAR file:///home/***/.ivy2/jars/org.apache.spark_spark-token-provider-kafka-0-10_2.12-3.4.2.jar at spark://355cdd50bbb7:34449/jars/org.apache.spark_spark-token-provider-kafka-0-10_2.12-3.4.2.jar with timestamp 1732422929435
[2024-11-24T04:35:39.169+0000] {spark_submit.py:495} INFO - 24/11/24 04:35:39 INFO SparkContext: Added JAR file:///home/***/.ivy2/jars/org.apache.kafka_kafka-clients-3.3.2.jar at spark://355cdd50bbb7:34449/jars/org.apache.kafka_kafka-clients-3.3.2.jar with timestamp 1732422929435
[2024-11-24T04:35:39.169+0000] {spark_submit.py:495} INFO - 24/11/24 04:35:39 INFO SparkContext: Added JAR file:///home/***/.ivy2/jars/org.apache.hadoop_hadoop-client-runtime-3.3.4.jar at spark://355cdd50bbb7:34449/jars/org.apache.hadoop_hadoop-client-runtime-3.3.4.jar with timestamp 1732422929435
[2024-11-24T04:35:39.169+0000] {spark_submit.py:495} INFO - 24/11/24 04:35:39 INFO SparkContext: Added JAR file:///home/***/.ivy2/jars/org.lz4_lz4-java-1.8.0.jar at spark://355cdd50bbb7:34449/jars/org.lz4_lz4-java-1.8.0.jar with timestamp 1732422929435
[2024-11-24T04:35:39.169+0000] {spark_submit.py:495} INFO - 24/11/24 04:35:39 INFO SparkContext: Added JAR file:///home/***/.ivy2/jars/org.xerial.snappy_snappy-java-1.1.10.3.jar at spark://355cdd50bbb7:34449/jars/org.xerial.snappy_snappy-java-1.1.10.3.jar with timestamp 1732422929435
[2024-11-24T04:35:39.169+0000] {spark_submit.py:495} INFO - 24/11/24 04:35:39 INFO SparkContext: Added JAR file:///home/***/.ivy2/jars/org.slf4j_slf4j-api-2.0.6.jar at spark://355cdd50bbb7:34449/jars/org.slf4j_slf4j-api-2.0.6.jar with timestamp 1732422929435
[2024-11-24T04:35:39.170+0000] {spark_submit.py:495} INFO - 24/11/24 04:35:39 INFO SparkContext: Added JAR file:///home/***/.ivy2/jars/org.apache.hadoop_hadoop-client-api-3.3.4.jar at spark://355cdd50bbb7:34449/jars/org.apache.hadoop_hadoop-client-api-3.3.4.jar with timestamp 1732422929435
[2024-11-24T04:35:39.170+0000] {spark_submit.py:495} INFO - 24/11/24 04:35:39 INFO SparkContext: Added JAR file:///home/***/.ivy2/jars/commons-logging_commons-logging-1.1.3.jar at spark://355cdd50bbb7:34449/jars/commons-logging_commons-logging-1.1.3.jar with timestamp 1732422929435
[2024-11-24T04:35:39.170+0000] {spark_submit.py:495} INFO - 24/11/24 04:35:39 INFO SparkContext: Added JAR file:///home/***/.ivy2/jars/com.google.code.findbugs_jsr305-3.0.0.jar at spark://355cdd50bbb7:34449/jars/com.google.code.findbugs_jsr305-3.0.0.jar with timestamp 1732422929435
[2024-11-24T04:35:39.170+0000] {spark_submit.py:495} INFO - 24/11/24 04:35:39 INFO SparkContext: Added JAR file:///home/***/.ivy2/jars/org.apache.commons_commons-pool2-2.11.1.jar at spark://355cdd50bbb7:34449/jars/org.apache.commons_commons-pool2-2.11.1.jar with timestamp 1732422929435
[2024-11-24T04:35:39.170+0000] {spark_submit.py:495} INFO - 24/11/24 04:35:39 INFO SparkContext: Added JAR file:///home/***/.ivy2/jars/org.apache.hadoop_hadoop-common-3.2.1.jar at spark://355cdd50bbb7:34449/jars/org.apache.hadoop_hadoop-common-3.2.1.jar with timestamp 1732422929435
[2024-11-24T04:35:39.170+0000] {spark_submit.py:495} INFO - 24/11/24 04:35:39 INFO SparkContext: Added JAR file:///home/***/.ivy2/jars/org.apache.hadoop_hadoop-hdfs-client-3.2.1.jar at spark://355cdd50bbb7:34449/jars/org.apache.hadoop_hadoop-hdfs-client-3.2.1.jar with timestamp 1732422929435
[2024-11-24T04:35:39.170+0000] {spark_submit.py:495} INFO - 24/11/24 04:35:39 INFO SparkContext: Added JAR file:///home/***/.ivy2/jars/org.apache.hadoop_hadoop-yarn-api-3.2.1.jar at spark://355cdd50bbb7:34449/jars/org.apache.hadoop_hadoop-yarn-api-3.2.1.jar with timestamp 1732422929435
[2024-11-24T04:35:39.171+0000] {spark_submit.py:495} INFO - 24/11/24 04:35:39 INFO SparkContext: Added JAR file:///home/***/.ivy2/jars/org.apache.hadoop_hadoop-yarn-client-3.2.1.jar at spark://355cdd50bbb7:34449/jars/org.apache.hadoop_hadoop-yarn-client-3.2.1.jar with timestamp 1732422929435
[2024-11-24T04:35:39.171+0000] {spark_submit.py:495} INFO - 24/11/24 04:35:39 INFO SparkContext: Added JAR file:///home/***/.ivy2/jars/org.apache.hadoop_hadoop-mapreduce-client-core-3.2.1.jar at spark://355cdd50bbb7:34449/jars/org.apache.hadoop_hadoop-mapreduce-client-core-3.2.1.jar with timestamp 1732422929435
[2024-11-24T04:35:39.185+0000] {spark_submit.py:495} INFO - 24/11/24 04:35:39 INFO SparkContext: Added JAR file:///home/***/.ivy2/jars/org.apache.hadoop_hadoop-mapreduce-client-jobclient-3.2.1.jar at spark://355cdd50bbb7:34449/jars/org.apache.hadoop_hadoop-mapreduce-client-jobclient-3.2.1.jar with timestamp 1732422929435
[2024-11-24T04:35:39.195+0000] {spark_submit.py:495} INFO - 24/11/24 04:35:39 INFO SparkContext: Added JAR file:///home/***/.ivy2/jars/org.apache.hadoop_hadoop-annotations-3.2.1.jar at spark://355cdd50bbb7:34449/jars/org.apache.hadoop_hadoop-annotations-3.2.1.jar with timestamp 1732422929435
[2024-11-24T04:35:39.207+0000] {spark_submit.py:495} INFO - 24/11/24 04:35:39 INFO SparkContext: Added JAR file:///home/***/.ivy2/jars/com.google.guava_guava-27.0-jre.jar at spark://355cdd50bbb7:34449/jars/com.google.guava_guava-27.0-jre.jar with timestamp 1732422929435
[2024-11-24T04:35:39.219+0000] {spark_submit.py:495} INFO - 24/11/24 04:35:39 INFO SparkContext: Added JAR file:///home/***/.ivy2/jars/commons-cli_commons-cli-1.2.jar at spark://355cdd50bbb7:34449/jars/commons-cli_commons-cli-1.2.jar with timestamp 1732422929435
[2024-11-24T04:35:39.219+0000] {spark_submit.py:495} INFO - 24/11/24 04:35:39 INFO SparkContext: Added JAR file:///home/***/.ivy2/jars/org.apache.commons_commons-math3-3.1.1.jar at spark://355cdd50bbb7:34449/jars/org.apache.commons_commons-math3-3.1.1.jar with timestamp 1732422929435
[2024-11-24T04:35:39.219+0000] {spark_submit.py:495} INFO - 24/11/24 04:35:39 INFO SparkContext: Added JAR file:///home/***/.ivy2/jars/org.apache.httpcomponents_httpclient-4.5.6.jar at spark://355cdd50bbb7:34449/jars/org.apache.httpcomponents_httpclient-4.5.6.jar with timestamp 1732422929435
[2024-11-24T04:35:39.220+0000] {spark_submit.py:495} INFO - 24/11/24 04:35:39 INFO SparkContext: Added JAR file:///home/***/.ivy2/jars/commons-codec_commons-codec-1.11.jar at spark://355cdd50bbb7:34449/jars/commons-codec_commons-codec-1.11.jar with timestamp 1732422929435
[2024-11-24T04:35:39.224+0000] {spark_submit.py:495} INFO - 24/11/24 04:35:39 INFO SparkContext: Added JAR file:///home/***/.ivy2/jars/commons-io_commons-io-2.5.jar at spark://355cdd50bbb7:34449/jars/commons-io_commons-io-2.5.jar with timestamp 1732422929435
[2024-11-24T04:35:39.224+0000] {spark_submit.py:495} INFO - 24/11/24 04:35:39 INFO SparkContext: Added JAR file:///home/***/.ivy2/jars/commons-net_commons-net-3.6.jar at spark://355cdd50bbb7:34449/jars/commons-net_commons-net-3.6.jar with timestamp 1732422929435
[2024-11-24T04:35:39.225+0000] {spark_submit.py:495} INFO - 24/11/24 04:35:39 INFO SparkContext: Added JAR file:///home/***/.ivy2/jars/commons-collections_commons-collections-3.2.2.jar at spark://355cdd50bbb7:34449/jars/commons-collections_commons-collections-3.2.2.jar with timestamp 1732422929435
[2024-11-24T04:35:39.225+0000] {spark_submit.py:495} INFO - 24/11/24 04:35:39 INFO SparkContext: Added JAR file:///home/***/.ivy2/jars/org.eclipse.jetty_jetty-servlet-9.3.24.v20180605.jar at spark://355cdd50bbb7:34449/jars/org.eclipse.jetty_jetty-servlet-9.3.24.v20180605.jar with timestamp 1732422929435
[2024-11-24T04:35:39.226+0000] {spark_submit.py:495} INFO - 24/11/24 04:35:39 INFO SparkContext: Added JAR file:///home/***/.ivy2/jars/org.eclipse.jetty_jetty-webapp-9.3.24.v20180605.jar at spark://355cdd50bbb7:34449/jars/org.eclipse.jetty_jetty-webapp-9.3.24.v20180605.jar with timestamp 1732422929435
[2024-11-24T04:35:39.226+0000] {spark_submit.py:495} INFO - 24/11/24 04:35:39 INFO SparkContext: Added JAR file:///home/***/.ivy2/jars/com.sun.jersey_jersey-servlet-1.19.jar at spark://355cdd50bbb7:34449/jars/com.sun.jersey_jersey-servlet-1.19.jar with timestamp 1732422929435
[2024-11-24T04:35:39.226+0000] {spark_submit.py:495} INFO - 24/11/24 04:35:39 INFO SparkContext: Added JAR file:///home/***/.ivy2/jars/log4j_log4j-1.2.17.jar at spark://355cdd50bbb7:34449/jars/log4j_log4j-1.2.17.jar with timestamp 1732422929435
[2024-11-24T04:35:39.229+0000] {spark_submit.py:495} INFO - 24/11/24 04:35:39 INFO SparkContext: Added JAR file:///home/***/.ivy2/jars/commons-beanutils_commons-beanutils-1.9.3.jar at spark://355cdd50bbb7:34449/jars/commons-beanutils_commons-beanutils-1.9.3.jar with timestamp 1732422929435
[2024-11-24T04:35:39.229+0000] {spark_submit.py:495} INFO - 24/11/24 04:35:39 INFO SparkContext: Added JAR file:///home/***/.ivy2/jars/org.apache.commons_commons-configuration2-2.1.1.jar at spark://355cdd50bbb7:34449/jars/org.apache.commons_commons-configuration2-2.1.1.jar with timestamp 1732422929435
[2024-11-24T04:35:39.229+0000] {spark_submit.py:495} INFO - 24/11/24 04:35:39 INFO SparkContext: Added JAR file:///home/***/.ivy2/jars/org.apache.commons_commons-lang3-3.7.jar at spark://355cdd50bbb7:34449/jars/org.apache.commons_commons-lang3-3.7.jar with timestamp 1732422929435
[2024-11-24T04:35:39.229+0000] {spark_submit.py:495} INFO - 24/11/24 04:35:39 INFO SparkContext: Added JAR file:///home/***/.ivy2/jars/org.apache.commons_commons-text-1.4.jar at spark://355cdd50bbb7:34449/jars/org.apache.commons_commons-text-1.4.jar with timestamp 1732422929435
[2024-11-24T04:35:39.231+0000] {spark_submit.py:495} INFO - 24/11/24 04:35:39 INFO SparkContext: Added JAR file:///home/***/.ivy2/jars/org.apache.avro_avro-1.7.7.jar at spark://355cdd50bbb7:34449/jars/org.apache.avro_avro-1.7.7.jar with timestamp 1732422929435
[2024-11-24T04:35:39.235+0000] {spark_submit.py:495} INFO - 24/11/24 04:35:39 INFO SparkContext: Added JAR file:///home/***/.ivy2/jars/com.google.re2j_re2j-1.1.jar at spark://355cdd50bbb7:34449/jars/com.google.re2j_re2j-1.1.jar with timestamp 1732422929435
[2024-11-24T04:35:39.237+0000] {spark_submit.py:495} INFO - 24/11/24 04:35:39 INFO SparkContext: Added JAR file:///home/***/.ivy2/jars/com.google.protobuf_protobuf-java-2.5.0.jar at spark://355cdd50bbb7:34449/jars/com.google.protobuf_protobuf-java-2.5.0.jar with timestamp 1732422929435
[2024-11-24T04:35:39.237+0000] {spark_submit.py:495} INFO - 24/11/24 04:35:39 INFO SparkContext: Added JAR file:///home/***/.ivy2/jars/com.google.code.gson_gson-2.2.4.jar at spark://355cdd50bbb7:34449/jars/com.google.code.gson_gson-2.2.4.jar with timestamp 1732422929435
[2024-11-24T04:35:39.244+0000] {spark_submit.py:495} INFO - 24/11/24 04:35:39 INFO SparkContext: Added JAR file:///home/***/.ivy2/jars/org.apache.hadoop_hadoop-auth-3.2.1.jar at spark://355cdd50bbb7:34449/jars/org.apache.hadoop_hadoop-auth-3.2.1.jar with timestamp 1732422929435
[2024-11-24T04:35:39.251+0000] {spark_submit.py:495} INFO - 24/11/24 04:35:39 INFO SparkContext: Added JAR file:///home/***/.ivy2/jars/org.apache.curator_curator-client-2.13.0.jar at spark://355cdd50bbb7:34449/jars/org.apache.curator_curator-client-2.13.0.jar with timestamp 1732422929435
[2024-11-24T04:35:39.251+0000] {spark_submit.py:495} INFO - 24/11/24 04:35:39 INFO SparkContext: Added JAR file:///home/***/.ivy2/jars/org.apache.curator_curator-recipes-2.13.0.jar at spark://355cdd50bbb7:34449/jars/org.apache.curator_curator-recipes-2.13.0.jar with timestamp 1732422929435
[2024-11-24T04:35:39.251+0000] {spark_submit.py:495} INFO - 24/11/24 04:35:39 INFO SparkContext: Added JAR file:///home/***/.ivy2/jars/org.apache.htrace_htrace-core4-4.1.0-incubating.jar at spark://355cdd50bbb7:34449/jars/org.apache.htrace_htrace-core4-4.1.0-incubating.jar with timestamp 1732422929435
[2024-11-24T04:35:39.252+0000] {spark_submit.py:495} INFO - 24/11/24 04:35:39 INFO SparkContext: Added JAR file:///home/***/.ivy2/jars/org.apache.commons_commons-compress-1.18.jar at spark://355cdd50bbb7:34449/jars/org.apache.commons_commons-compress-1.18.jar with timestamp 1732422929435
[2024-11-24T04:35:39.252+0000] {spark_submit.py:495} INFO - 24/11/24 04:35:39 INFO SparkContext: Added JAR file:///home/***/.ivy2/jars/org.apache.kerby_kerb-simplekdc-1.0.1.jar at spark://355cdd50bbb7:34449/jars/org.apache.kerby_kerb-simplekdc-1.0.1.jar with timestamp 1732422929435
[2024-11-24T04:35:39.252+0000] {spark_submit.py:495} INFO - 24/11/24 04:35:39 INFO SparkContext: Added JAR file:///home/***/.ivy2/jars/com.fasterxml.jackson.core_jackson-databind-2.9.8.jar at spark://355cdd50bbb7:34449/jars/com.fasterxml.jackson.core_jackson-databind-2.9.8.jar with timestamp 1732422929435
[2024-11-24T04:35:39.260+0000] {spark_submit.py:495} INFO - 24/11/24 04:35:39 INFO SparkContext: Added JAR file:///home/***/.ivy2/jars/org.codehaus.woodstox_stax2-api-3.1.4.jar at spark://355cdd50bbb7:34449/jars/org.codehaus.woodstox_stax2-api-3.1.4.jar with timestamp 1732422929435
[2024-11-24T04:35:39.261+0000] {spark_submit.py:495} INFO - 24/11/24 04:35:39 INFO SparkContext: Added JAR file:///home/***/.ivy2/jars/com.fasterxml.woodstox_woodstox-core-5.0.3.jar at spark://355cdd50bbb7:34449/jars/com.fasterxml.woodstox_woodstox-core-5.0.3.jar with timestamp 1732422929435
[2024-11-24T04:35:39.338+0000] {spark_submit.py:495} INFO - 24/11/24 04:35:39 INFO SparkContext: Added JAR file:///home/***/.ivy2/jars/dnsjava_dnsjava-2.1.7.jar at spark://355cdd50bbb7:34449/jars/dnsjava_dnsjava-2.1.7.jar with timestamp 1732422929435
[2024-11-24T04:35:39.338+0000] {spark_submit.py:495} INFO - 24/11/24 04:35:39 INFO SparkContext: Added JAR file:///home/***/.ivy2/jars/com.google.guava_failureaccess-1.0.jar at spark://355cdd50bbb7:34449/jars/com.google.guava_failureaccess-1.0.jar with timestamp 1732422929435
[2024-11-24T04:35:39.338+0000] {spark_submit.py:495} INFO - 24/11/24 04:35:39 INFO SparkContext: Added JAR file:///home/***/.ivy2/jars/com.google.guava_listenablefuture-9999.0-empty-to-avoid-conflict-with-guava.jar at spark://355cdd50bbb7:34449/jars/com.google.guava_listenablefuture-9999.0-empty-to-avoid-conflict-with-guava.jar with timestamp 1732422929435
[2024-11-24T04:35:39.339+0000] {spark_submit.py:495} INFO - 24/11/24 04:35:39 INFO SparkContext: Added JAR file:///home/***/.ivy2/jars/org.checkerframework_checker-qual-2.5.2.jar at spark://355cdd50bbb7:34449/jars/org.checkerframework_checker-qual-2.5.2.jar with timestamp 1732422929435
[2024-11-24T04:35:39.373+0000] {spark_submit.py:495} INFO - 24/11/24 04:35:39 INFO SparkContext: Added JAR file:///home/***/.ivy2/jars/com.google.errorprone_error_prone_annotations-2.2.0.jar at spark://355cdd50bbb7:34449/jars/com.google.errorprone_error_prone_annotations-2.2.0.jar with timestamp 1732422929435
[2024-11-24T04:35:39.374+0000] {spark_submit.py:495} INFO - 24/11/24 04:35:39 INFO SparkContext: Added JAR file:///home/***/.ivy2/jars/com.google.j2objc_j2objc-annotations-1.1.jar at spark://355cdd50bbb7:34449/jars/com.google.j2objc_j2objc-annotations-1.1.jar with timestamp 1732422929435
[2024-11-24T04:35:39.374+0000] {spark_submit.py:495} INFO - 24/11/24 04:35:39 INFO SparkContext: Added JAR file:///home/***/.ivy2/jars/org.codehaus.mojo_animal-sniffer-annotations-1.17.jar at spark://355cdd50bbb7:34449/jars/org.codehaus.mojo_animal-sniffer-annotations-1.17.jar with timestamp 1732422929435
[2024-11-24T04:35:39.374+0000] {spark_submit.py:495} INFO - 24/11/24 04:35:39 INFO SparkContext: Added JAR file:///home/***/.ivy2/jars/org.apache.httpcomponents_httpcore-4.4.10.jar at spark://355cdd50bbb7:34449/jars/org.apache.httpcomponents_httpcore-4.4.10.jar with timestamp 1732422929435
[2024-11-24T04:35:39.374+0000] {spark_submit.py:495} INFO - 24/11/24 04:35:39 INFO SparkContext: Added JAR file:///home/***/.ivy2/jars/org.eclipse.jetty_jetty-security-9.3.24.v20180605.jar at spark://355cdd50bbb7:34449/jars/org.eclipse.jetty_jetty-security-9.3.24.v20180605.jar with timestamp 1732422929435
[2024-11-24T04:35:39.374+0000] {spark_submit.py:495} INFO - 24/11/24 04:35:39 INFO SparkContext: Added JAR file:///home/***/.ivy2/jars/org.eclipse.jetty_jetty-xml-9.3.24.v20180605.jar at spark://355cdd50bbb7:34449/jars/org.eclipse.jetty_jetty-xml-9.3.24.v20180605.jar with timestamp 1732422929435
[2024-11-24T04:35:39.375+0000] {spark_submit.py:495} INFO - 24/11/24 04:35:39 INFO SparkContext: Added JAR file:///home/***/.ivy2/jars/org.codehaus.jackson_jackson-core-asl-1.9.13.jar at spark://355cdd50bbb7:34449/jars/org.codehaus.jackson_jackson-core-asl-1.9.13.jar with timestamp 1732422929435
[2024-11-24T04:35:39.375+0000] {spark_submit.py:495} INFO - 24/11/24 04:35:39 INFO SparkContext: Added JAR file:///home/***/.ivy2/jars/org.codehaus.jackson_jackson-mapper-asl-1.9.13.jar at spark://355cdd50bbb7:34449/jars/org.codehaus.jackson_jackson-mapper-asl-1.9.13.jar with timestamp 1732422929435
[2024-11-24T04:35:39.375+0000] {spark_submit.py:495} INFO - 24/11/24 04:35:39 INFO SparkContext: Added JAR file:///home/***/.ivy2/jars/com.thoughtworks.paranamer_paranamer-2.3.jar at spark://355cdd50bbb7:34449/jars/com.thoughtworks.paranamer_paranamer-2.3.jar with timestamp 1732422929435
[2024-11-24T04:35:39.375+0000] {spark_submit.py:495} INFO - 24/11/24 04:35:39 INFO SparkContext: Added JAR file:///home/***/.ivy2/jars/com.nimbusds_nimbus-jose-jwt-4.41.1.jar at spark://355cdd50bbb7:34449/jars/com.nimbusds_nimbus-jose-jwt-4.41.1.jar with timestamp 1732422929435
[2024-11-24T04:35:39.375+0000] {spark_submit.py:495} INFO - 24/11/24 04:35:39 INFO SparkContext: Added JAR file:///home/***/.ivy2/jars/net.minidev_json-smart-2.3.jar at spark://355cdd50bbb7:34449/jars/net.minidev_json-smart-2.3.jar with timestamp 1732422929435
[2024-11-24T04:35:39.375+0000] {spark_submit.py:495} INFO - 24/11/24 04:35:39 INFO SparkContext: Added JAR file:///home/***/.ivy2/jars/org.apache.curator_curator-framework-2.13.0.jar at spark://355cdd50bbb7:34449/jars/org.apache.curator_curator-framework-2.13.0.jar with timestamp 1732422929435
[2024-11-24T04:35:39.375+0000] {spark_submit.py:495} INFO - 24/11/24 04:35:39 INFO SparkContext: Added JAR file:///home/***/.ivy2/jars/com.github.stephenc.jcip_jcip-annotations-1.0-1.jar at spark://355cdd50bbb7:34449/jars/com.github.stephenc.jcip_jcip-annotations-1.0-1.jar with timestamp 1732422929435
[2024-11-24T04:35:39.421+0000] {spark_submit.py:495} INFO - 24/11/24 04:35:39 INFO SparkContext: Added JAR file:///home/***/.ivy2/jars/net.minidev_accessors-smart-1.2.jar at spark://355cdd50bbb7:34449/jars/net.minidev_accessors-smart-1.2.jar with timestamp 1732422929435
[2024-11-24T04:35:39.423+0000] {spark_submit.py:495} INFO - 24/11/24 04:35:39 INFO SparkContext: Added JAR file:///home/***/.ivy2/jars/org.ow2.asm_asm-5.0.4.jar at spark://355cdd50bbb7:34449/jars/org.ow2.asm_asm-5.0.4.jar with timestamp 1732422929435
[2024-11-24T04:35:39.582+0000] {spark_submit.py:495} INFO - 24/11/24 04:35:39 INFO SparkContext: Added JAR file:///home/***/.ivy2/jars/org.apache.kerby_kerb-client-1.0.1.jar at spark://355cdd50bbb7:34449/jars/org.apache.kerby_kerb-client-1.0.1.jar with timestamp 1732422929435
[2024-11-24T04:35:39.582+0000] {spark_submit.py:495} INFO - 24/11/24 04:35:39 INFO SparkContext: Added JAR file:///home/***/.ivy2/jars/org.apache.kerby_kerb-admin-1.0.1.jar at spark://355cdd50bbb7:34449/jars/org.apache.kerby_kerb-admin-1.0.1.jar with timestamp 1732422929435
[2024-11-24T04:35:39.582+0000] {spark_submit.py:495} INFO - 24/11/24 04:35:39 INFO SparkContext: Added JAR file:///home/***/.ivy2/jars/org.apache.kerby_kerby-config-1.0.1.jar at spark://355cdd50bbb7:34449/jars/org.apache.kerby_kerby-config-1.0.1.jar with timestamp 1732422929435
[2024-11-24T04:35:39.583+0000] {spark_submit.py:495} INFO - 24/11/24 04:35:39 INFO SparkContext: Added JAR file:///home/***/.ivy2/jars/org.apache.kerby_kerb-core-1.0.1.jar at spark://355cdd50bbb7:34449/jars/org.apache.kerby_kerb-core-1.0.1.jar with timestamp 1732422929435
[2024-11-24T04:35:39.583+0000] {spark_submit.py:495} INFO - 24/11/24 04:35:39 INFO SparkContext: Added JAR file:///home/***/.ivy2/jars/org.apache.kerby_kerb-common-1.0.1.jar at spark://355cdd50bbb7:34449/jars/org.apache.kerby_kerb-common-1.0.1.jar with timestamp 1732422929435
[2024-11-24T04:35:39.583+0000] {spark_submit.py:495} INFO - 24/11/24 04:35:39 INFO SparkContext: Added JAR file:///home/***/.ivy2/jars/org.apache.kerby_kerb-util-1.0.1.jar at spark://355cdd50bbb7:34449/jars/org.apache.kerby_kerb-util-1.0.1.jar with timestamp 1732422929435
[2024-11-24T04:35:39.584+0000] {spark_submit.py:495} INFO - 24/11/24 04:35:39 INFO SparkContext: Added JAR file:///home/***/.ivy2/jars/org.apache.kerby_token-provider-1.0.1.jar at spark://355cdd50bbb7:34449/jars/org.apache.kerby_token-provider-1.0.1.jar with timestamp 1732422929435
[2024-11-24T04:35:39.585+0000] {spark_submit.py:495} INFO - 24/11/24 04:35:39 INFO SparkContext: Added JAR file:///home/***/.ivy2/jars/org.apache.kerby_kerby-pkix-1.0.1.jar at spark://355cdd50bbb7:34449/jars/org.apache.kerby_kerby-pkix-1.0.1.jar with timestamp 1732422929435
[2024-11-24T04:35:39.585+0000] {spark_submit.py:495} INFO - 24/11/24 04:35:39 INFO SparkContext: Added JAR file:///home/***/.ivy2/jars/org.apache.kerby_kerby-asn1-1.0.1.jar at spark://355cdd50bbb7:34449/jars/org.apache.kerby_kerby-asn1-1.0.1.jar with timestamp 1732422929435
[2024-11-24T04:35:39.585+0000] {spark_submit.py:495} INFO - 24/11/24 04:35:39 INFO SparkContext: Added JAR file:///home/***/.ivy2/jars/org.apache.kerby_kerby-util-1.0.1.jar at spark://355cdd50bbb7:34449/jars/org.apache.kerby_kerby-util-1.0.1.jar with timestamp 1732422929435
[2024-11-24T04:35:39.586+0000] {spark_submit.py:495} INFO - 24/11/24 04:35:39 INFO SparkContext: Added JAR file:///home/***/.ivy2/jars/org.apache.kerby_kerb-crypto-1.0.1.jar at spark://355cdd50bbb7:34449/jars/org.apache.kerby_kerb-crypto-1.0.1.jar with timestamp 1732422929435
[2024-11-24T04:35:39.586+0000] {spark_submit.py:495} INFO - 24/11/24 04:35:39 INFO SparkContext: Added JAR file:///home/***/.ivy2/jars/org.apache.kerby_kerb-server-1.0.1.jar at spark://355cdd50bbb7:34449/jars/org.apache.kerby_kerb-server-1.0.1.jar with timestamp 1732422929435
[2024-11-24T04:35:39.586+0000] {spark_submit.py:495} INFO - 24/11/24 04:35:39 INFO SparkContext: Added JAR file:///home/***/.ivy2/jars/org.apache.kerby_kerby-xdr-1.0.1.jar at spark://355cdd50bbb7:34449/jars/org.apache.kerby_kerby-xdr-1.0.1.jar with timestamp 1732422929435
[2024-11-24T04:35:39.586+0000] {spark_submit.py:495} INFO - 24/11/24 04:35:39 INFO SparkContext: Added JAR file:///home/***/.ivy2/jars/org.apache.kerby_kerb-identity-1.0.1.jar at spark://355cdd50bbb7:34449/jars/org.apache.kerby_kerb-identity-1.0.1.jar with timestamp 1732422929435
[2024-11-24T04:35:39.587+0000] {spark_submit.py:495} INFO - 24/11/24 04:35:39 INFO SparkContext: Added JAR file:///home/***/.ivy2/jars/com.fasterxml.jackson.core_jackson-annotations-2.9.8.jar at spark://355cdd50bbb7:34449/jars/com.fasterxml.jackson.core_jackson-annotations-2.9.8.jar with timestamp 1732422929435
[2024-11-24T04:35:39.587+0000] {spark_submit.py:495} INFO - 24/11/24 04:35:39 INFO SparkContext: Added JAR file:///home/***/.ivy2/jars/com.fasterxml.jackson.core_jackson-core-2.9.8.jar at spark://355cdd50bbb7:34449/jars/com.fasterxml.jackson.core_jackson-core-2.9.8.jar with timestamp 1732422929435
[2024-11-24T04:35:39.588+0000] {spark_submit.py:495} INFO - 24/11/24 04:35:39 INFO SparkContext: Added JAR file:///home/***/.ivy2/jars/javax.servlet.jsp_jsp-api-2.1.jar at spark://355cdd50bbb7:34449/jars/javax.servlet.jsp_jsp-api-2.1.jar with timestamp 1732422929435
[2024-11-24T04:35:39.589+0000] {spark_submit.py:495} INFO - 24/11/24 04:35:39 INFO SparkContext: Added JAR file:///home/***/.ivy2/jars/com.squareup.okhttp_okhttp-2.7.5.jar at spark://355cdd50bbb7:34449/jars/com.squareup.okhttp_okhttp-2.7.5.jar with timestamp 1732422929435
[2024-11-24T04:35:39.589+0000] {spark_submit.py:495} INFO - 24/11/24 04:35:39 INFO SparkContext: Added JAR file:///home/***/.ivy2/jars/com.squareup.okio_okio-1.6.0.jar at spark://355cdd50bbb7:34449/jars/com.squareup.okio_okio-1.6.0.jar with timestamp 1732422929435
[2024-11-24T04:35:39.589+0000] {spark_submit.py:495} INFO - 24/11/24 04:35:39 INFO SparkContext: Added JAR file:///home/***/.ivy2/jars/javax.xml.bind_jaxb-api-2.2.11.jar at spark://355cdd50bbb7:34449/jars/javax.xml.bind_jaxb-api-2.2.11.jar with timestamp 1732422929435
[2024-11-24T04:35:39.589+0000] {spark_submit.py:495} INFO - 24/11/24 04:35:39 INFO SparkContext: Added JAR file:///home/***/.ivy2/jars/org.apache.hadoop_hadoop-yarn-common-3.2.1.jar at spark://355cdd50bbb7:34449/jars/org.apache.hadoop_hadoop-yarn-common-3.2.1.jar with timestamp 1732422929435
[2024-11-24T04:35:39.590+0000] {spark_submit.py:495} INFO - 24/11/24 04:35:39 INFO SparkContext: Added JAR file:///home/***/.ivy2/jars/javax.servlet_javax.servlet-api-3.1.0.jar at spark://355cdd50bbb7:34449/jars/javax.servlet_javax.servlet-api-3.1.0.jar with timestamp 1732422929435
[2024-11-24T04:35:39.590+0000] {spark_submit.py:495} INFO - 24/11/24 04:35:39 INFO SparkContext: Added JAR file:///home/***/.ivy2/jars/org.eclipse.jetty_jetty-util-9.3.24.v20180605.jar at spark://355cdd50bbb7:34449/jars/org.eclipse.jetty_jetty-util-9.3.24.v20180605.jar with timestamp 1732422929435
[2024-11-24T04:35:39.590+0000] {spark_submit.py:495} INFO - 24/11/24 04:35:39 INFO SparkContext: Added JAR file:///home/***/.ivy2/jars/com.sun.jersey_jersey-core-1.19.jar at spark://355cdd50bbb7:34449/jars/com.sun.jersey_jersey-core-1.19.jar with timestamp 1732422929435
[2024-11-24T04:35:39.590+0000] {spark_submit.py:495} INFO - 24/11/24 04:35:39 INFO SparkContext: Added JAR file:///home/***/.ivy2/jars/com.sun.jersey_jersey-client-1.19.jar at spark://355cdd50bbb7:34449/jars/com.sun.jersey_jersey-client-1.19.jar with timestamp 1732422929435
[2024-11-24T04:35:39.590+0000] {spark_submit.py:495} INFO - 24/11/24 04:35:39 INFO SparkContext: Added JAR file:///home/***/.ivy2/jars/com.fasterxml.jackson.module_jackson-module-jaxb-annotations-2.9.8.jar at spark://355cdd50bbb7:34449/jars/com.fasterxml.jackson.module_jackson-module-jaxb-annotations-2.9.8.jar with timestamp 1732422929435
[2024-11-24T04:35:39.590+0000] {spark_submit.py:495} INFO - 24/11/24 04:35:39 INFO SparkContext: Added JAR file:///home/***/.ivy2/jars/com.fasterxml.jackson.jaxrs_jackson-jaxrs-json-provider-2.9.8.jar at spark://355cdd50bbb7:34449/jars/com.fasterxml.jackson.jaxrs_jackson-jaxrs-json-provider-2.9.8.jar with timestamp 1732422929435
[2024-11-24T04:35:39.590+0000] {spark_submit.py:495} INFO - 24/11/24 04:35:39 INFO SparkContext: Added JAR file:///home/***/.ivy2/jars/javax.ws.rs_jsr311-api-1.1.1.jar at spark://355cdd50bbb7:34449/jars/javax.ws.rs_jsr311-api-1.1.1.jar with timestamp 1732422929435
[2024-11-24T04:35:39.590+0000] {spark_submit.py:495} INFO - 24/11/24 04:35:39 INFO SparkContext: Added JAR file:///home/***/.ivy2/jars/com.fasterxml.jackson.jaxrs_jackson-jaxrs-base-2.9.8.jar at spark://355cdd50bbb7:34449/jars/com.fasterxml.jackson.jaxrs_jackson-jaxrs-base-2.9.8.jar with timestamp 1732422929435
[2024-11-24T04:35:39.590+0000] {spark_submit.py:495} INFO - 24/11/24 04:35:39 INFO SparkContext: Added JAR file:///home/***/.ivy2/jars/org.apache.hadoop_hadoop-mapreduce-client-common-3.2.1.jar at spark://355cdd50bbb7:34449/jars/org.apache.hadoop_hadoop-mapreduce-client-common-3.2.1.jar with timestamp 1732422929435
[2024-11-24T04:35:39.590+0000] {spark_submit.py:495} INFO - 24/11/24 04:35:39 INFO SparkContext: Added file file:///home/***/.ivy2/jars/org.apache.spark_spark-streaming-kafka-0-10_2.12-3.4.2.jar at spark://355cdd50bbb7:34449/files/org.apache.spark_spark-streaming-kafka-0-10_2.12-3.4.2.jar with timestamp 1732422929435
[2024-11-24T04:35:39.666+0000] {spark_submit.py:495} INFO - 24/11/24 04:35:39 INFO Utils: Copying /home/***/.ivy2/jars/org.apache.spark_spark-streaming-kafka-0-10_2.12-3.4.2.jar to /tmp/spark-482ebcba-399b-44d3-9e48-e1f8f8e9c10a/userFiles-32b27df9-d6b3-4727-b251-8942f347bf35/org.apache.spark_spark-streaming-kafka-0-10_2.12-3.4.2.jar
[2024-11-24T04:35:40.110+0000] {spark_submit.py:495} INFO - 24/11/24 04:35:40 INFO SparkContext: Added file file:///home/***/.ivy2/jars/org.apache.spark_spark-sql-kafka-0-10_2.12-3.4.2.jar at spark://355cdd50bbb7:34449/files/org.apache.spark_spark-sql-kafka-0-10_2.12-3.4.2.jar with timestamp 1732422929435
[2024-11-24T04:35:40.133+0000] {spark_submit.py:495} INFO - 24/11/24 04:35:40 INFO Utils: Copying /home/***/.ivy2/jars/org.apache.spark_spark-sql-kafka-0-10_2.12-3.4.2.jar to /tmp/spark-482ebcba-399b-44d3-9e48-e1f8f8e9c10a/userFiles-32b27df9-d6b3-4727-b251-8942f347bf35/org.apache.spark_spark-sql-kafka-0-10_2.12-3.4.2.jar
[2024-11-24T04:35:40.856+0000] {spark_submit.py:495} INFO - 24/11/24 04:35:40 INFO SparkContext: Added file file:///home/***/.ivy2/jars/org.apache.hadoop_hadoop-client-3.2.1.jar at spark://355cdd50bbb7:34449/files/org.apache.hadoop_hadoop-client-3.2.1.jar with timestamp 1732422929435
[2024-11-24T04:35:40.856+0000] {spark_submit.py:495} INFO - 24/11/24 04:35:40 INFO Utils: Copying /home/***/.ivy2/jars/org.apache.hadoop_hadoop-client-3.2.1.jar to /tmp/spark-482ebcba-399b-44d3-9e48-e1f8f8e9c10a/userFiles-32b27df9-d6b3-4727-b251-8942f347bf35/org.apache.hadoop_hadoop-client-3.2.1.jar
[2024-11-24T04:35:41.168+0000] {spark_submit.py:495} INFO - 24/11/24 04:35:41 INFO SparkContext: Added file file:///home/***/.ivy2/jars/org.apache.spark_spark-token-provider-kafka-0-10_2.12-3.4.2.jar at spark://355cdd50bbb7:34449/files/org.apache.spark_spark-token-provider-kafka-0-10_2.12-3.4.2.jar with timestamp 1732422929435
[2024-11-24T04:35:41.169+0000] {spark_submit.py:495} INFO - 24/11/24 04:35:41 INFO Utils: Copying /home/***/.ivy2/jars/org.apache.spark_spark-token-provider-kafka-0-10_2.12-3.4.2.jar to /tmp/spark-482ebcba-399b-44d3-9e48-e1f8f8e9c10a/userFiles-32b27df9-d6b3-4727-b251-8942f347bf35/org.apache.spark_spark-token-provider-kafka-0-10_2.12-3.4.2.jar
[2024-11-24T04:35:41.377+0000] {spark_submit.py:495} INFO - 24/11/24 04:35:41 INFO SparkContext: Added file file:///home/***/.ivy2/jars/org.apache.kafka_kafka-clients-3.3.2.jar at spark://355cdd50bbb7:34449/files/org.apache.kafka_kafka-clients-3.3.2.jar with timestamp 1732422929435
[2024-11-24T04:35:41.378+0000] {spark_submit.py:495} INFO - 24/11/24 04:35:41 INFO Utils: Copying /home/***/.ivy2/jars/org.apache.kafka_kafka-clients-3.3.2.jar to /tmp/spark-482ebcba-399b-44d3-9e48-e1f8f8e9c10a/userFiles-32b27df9-d6b3-4727-b251-8942f347bf35/org.apache.kafka_kafka-clients-3.3.2.jar
[2024-11-24T04:35:41.741+0000] {spark_submit.py:495} INFO - 24/11/24 04:35:41 INFO SparkContext: Added file file:///home/***/.ivy2/jars/org.apache.hadoop_hadoop-client-runtime-3.3.4.jar at spark://355cdd50bbb7:34449/files/org.apache.hadoop_hadoop-client-runtime-3.3.4.jar with timestamp 1732422929435
[2024-11-24T04:35:41.756+0000] {spark_submit.py:495} INFO - 24/11/24 04:35:41 INFO Utils: Copying /home/***/.ivy2/jars/org.apache.hadoop_hadoop-client-runtime-3.3.4.jar to /tmp/spark-482ebcba-399b-44d3-9e48-e1f8f8e9c10a/userFiles-32b27df9-d6b3-4727-b251-8942f347bf35/org.apache.hadoop_hadoop-client-runtime-3.3.4.jar
[2024-11-24T04:35:43.499+0000] {spark_submit.py:495} INFO - 24/11/24 04:35:43 INFO SparkContext: Added file file:///home/***/.ivy2/jars/org.lz4_lz4-java-1.8.0.jar at spark://355cdd50bbb7:34449/files/org.lz4_lz4-java-1.8.0.jar with timestamp 1732422929435
[2024-11-24T04:35:43.620+0000] {spark_submit.py:495} INFO - 24/11/24 04:35:43 INFO Utils: Copying /home/***/.ivy2/jars/org.lz4_lz4-java-1.8.0.jar to /tmp/spark-482ebcba-399b-44d3-9e48-e1f8f8e9c10a/userFiles-32b27df9-d6b3-4727-b251-8942f347bf35/org.lz4_lz4-java-1.8.0.jar
[2024-11-24T04:35:43.644+0000] {spark_submit.py:495} INFO - 24/11/24 04:35:43 INFO SparkContext: Added file file:///home/***/.ivy2/jars/org.xerial.snappy_snappy-java-1.1.10.3.jar at spark://355cdd50bbb7:34449/files/org.xerial.snappy_snappy-java-1.1.10.3.jar with timestamp 1732422929435
[2024-11-24T04:35:43.651+0000] {spark_submit.py:495} INFO - 24/11/24 04:35:43 INFO Utils: Copying /home/***/.ivy2/jars/org.xerial.snappy_snappy-java-1.1.10.3.jar to /tmp/spark-482ebcba-399b-44d3-9e48-e1f8f8e9c10a/userFiles-32b27df9-d6b3-4727-b251-8942f347bf35/org.xerial.snappy_snappy-java-1.1.10.3.jar
[2024-11-24T04:35:43.670+0000] {spark_submit.py:495} INFO - 24/11/24 04:35:43 INFO SparkContext: Added file file:///home/***/.ivy2/jars/org.slf4j_slf4j-api-2.0.6.jar at spark://355cdd50bbb7:34449/files/org.slf4j_slf4j-api-2.0.6.jar with timestamp 1732422929435
[2024-11-24T04:35:43.671+0000] {spark_submit.py:495} INFO - 24/11/24 04:35:43 INFO Utils: Copying /home/***/.ivy2/jars/org.slf4j_slf4j-api-2.0.6.jar to /tmp/spark-482ebcba-399b-44d3-9e48-e1f8f8e9c10a/userFiles-32b27df9-d6b3-4727-b251-8942f347bf35/org.slf4j_slf4j-api-2.0.6.jar
[2024-11-24T04:35:43.735+0000] {spark_submit.py:495} INFO - 24/11/24 04:35:43 INFO SparkContext: Added file file:///home/***/.ivy2/jars/org.apache.hadoop_hadoop-client-api-3.3.4.jar at spark://355cdd50bbb7:34449/files/org.apache.hadoop_hadoop-client-api-3.3.4.jar with timestamp 1732422929435
[2024-11-24T04:35:43.758+0000] {spark_submit.py:495} INFO - 24/11/24 04:35:43 INFO Utils: Copying /home/***/.ivy2/jars/org.apache.hadoop_hadoop-client-api-3.3.4.jar to /tmp/spark-482ebcba-399b-44d3-9e48-e1f8f8e9c10a/userFiles-32b27df9-d6b3-4727-b251-8942f347bf35/org.apache.hadoop_hadoop-client-api-3.3.4.jar
[2024-11-24T04:35:44.804+0000] {spark_submit.py:495} INFO - 24/11/24 04:35:44 INFO SparkContext: Added file file:///home/***/.ivy2/jars/commons-logging_commons-logging-1.1.3.jar at spark://355cdd50bbb7:34449/files/commons-logging_commons-logging-1.1.3.jar with timestamp 1732422929435
[2024-11-24T04:35:44.806+0000] {spark_submit.py:495} INFO - 24/11/24 04:35:44 INFO Utils: Copying /home/***/.ivy2/jars/commons-logging_commons-logging-1.1.3.jar to /tmp/spark-482ebcba-399b-44d3-9e48-e1f8f8e9c10a/userFiles-32b27df9-d6b3-4727-b251-8942f347bf35/commons-logging_commons-logging-1.1.3.jar
[2024-11-24T04:35:44.841+0000] {spark_submit.py:495} INFO - 24/11/24 04:35:44 INFO SparkContext: Added file file:///home/***/.ivy2/jars/com.google.code.findbugs_jsr305-3.0.0.jar at spark://355cdd50bbb7:34449/files/com.google.code.findbugs_jsr305-3.0.0.jar with timestamp 1732422929435
[2024-11-24T04:35:44.887+0000] {spark_submit.py:495} INFO - 24/11/24 04:35:44 INFO Utils: Copying /home/***/.ivy2/jars/com.google.code.findbugs_jsr305-3.0.0.jar to /tmp/spark-482ebcba-399b-44d3-9e48-e1f8f8e9c10a/userFiles-32b27df9-d6b3-4727-b251-8942f347bf35/com.google.code.findbugs_jsr305-3.0.0.jar
[2024-11-24T04:35:45.275+0000] {spark_submit.py:495} INFO - 24/11/24 04:35:45 INFO SparkContext: Added file file:///home/***/.ivy2/jars/org.apache.commons_commons-pool2-2.11.1.jar at spark://355cdd50bbb7:34449/files/org.apache.commons_commons-pool2-2.11.1.jar with timestamp 1732422929435
[2024-11-24T04:35:45.305+0000] {spark_submit.py:495} INFO - 24/11/24 04:35:45 INFO Utils: Copying /home/***/.ivy2/jars/org.apache.commons_commons-pool2-2.11.1.jar to /tmp/spark-482ebcba-399b-44d3-9e48-e1f8f8e9c10a/userFiles-32b27df9-d6b3-4727-b251-8942f347bf35/org.apache.commons_commons-pool2-2.11.1.jar
[2024-11-24T04:35:45.446+0000] {spark_submit.py:495} INFO - 24/11/24 04:35:45 INFO SparkContext: Added file file:///home/***/.ivy2/jars/org.apache.hadoop_hadoop-common-3.2.1.jar at spark://355cdd50bbb7:34449/files/org.apache.hadoop_hadoop-common-3.2.1.jar with timestamp 1732422929435
[2024-11-24T04:35:45.446+0000] {spark_submit.py:495} INFO - 24/11/24 04:35:45 INFO Utils: Copying /home/***/.ivy2/jars/org.apache.hadoop_hadoop-common-3.2.1.jar to /tmp/spark-482ebcba-399b-44d3-9e48-e1f8f8e9c10a/userFiles-32b27df9-d6b3-4727-b251-8942f347bf35/org.apache.hadoop_hadoop-common-3.2.1.jar
[2024-11-24T04:35:45.662+0000] {spark_submit.py:495} INFO - 24/11/24 04:35:45 INFO SparkContext: Added file file:///home/***/.ivy2/jars/org.apache.hadoop_hadoop-hdfs-client-3.2.1.jar at spark://355cdd50bbb7:34449/files/org.apache.hadoop_hadoop-hdfs-client-3.2.1.jar with timestamp 1732422929435
[2024-11-24T04:35:45.662+0000] {spark_submit.py:495} INFO - 24/11/24 04:35:45 INFO Utils: Copying /home/***/.ivy2/jars/org.apache.hadoop_hadoop-hdfs-client-3.2.1.jar to /tmp/spark-482ebcba-399b-44d3-9e48-e1f8f8e9c10a/userFiles-32b27df9-d6b3-4727-b251-8942f347bf35/org.apache.hadoop_hadoop-hdfs-client-3.2.1.jar
[2024-11-24T04:35:45.881+0000] {spark_submit.py:495} INFO - 24/11/24 04:35:45 INFO SparkContext: Added file file:///home/***/.ivy2/jars/org.apache.hadoop_hadoop-yarn-api-3.2.1.jar at spark://355cdd50bbb7:34449/files/org.apache.hadoop_hadoop-yarn-api-3.2.1.jar with timestamp 1732422929435
[2024-11-24T04:35:45.883+0000] {spark_submit.py:495} INFO - 24/11/24 04:35:45 INFO Utils: Copying /home/***/.ivy2/jars/org.apache.hadoop_hadoop-yarn-api-3.2.1.jar to /tmp/spark-482ebcba-399b-44d3-9e48-e1f8f8e9c10a/userFiles-32b27df9-d6b3-4727-b251-8942f347bf35/org.apache.hadoop_hadoop-yarn-api-3.2.1.jar
[2024-11-24T04:35:45.913+0000] {spark_submit.py:495} INFO - 24/11/24 04:35:45 INFO SparkContext: Added file file:///home/***/.ivy2/jars/org.apache.hadoop_hadoop-yarn-client-3.2.1.jar at spark://355cdd50bbb7:34449/files/org.apache.hadoop_hadoop-yarn-client-3.2.1.jar with timestamp 1732422929435
[2024-11-24T04:35:45.924+0000] {spark_submit.py:495} INFO - 24/11/24 04:35:45 INFO Utils: Copying /home/***/.ivy2/jars/org.apache.hadoop_hadoop-yarn-client-3.2.1.jar to /tmp/spark-482ebcba-399b-44d3-9e48-e1f8f8e9c10a/userFiles-32b27df9-d6b3-4727-b251-8942f347bf35/org.apache.hadoop_hadoop-yarn-client-3.2.1.jar
[2024-11-24T04:35:46.066+0000] {spark_submit.py:495} INFO - 24/11/24 04:35:46 INFO SparkContext: Added file file:///home/***/.ivy2/jars/org.apache.hadoop_hadoop-mapreduce-client-core-3.2.1.jar at spark://355cdd50bbb7:34449/files/org.apache.hadoop_hadoop-mapreduce-client-core-3.2.1.jar with timestamp 1732422929435
[2024-11-24T04:35:46.067+0000] {spark_submit.py:495} INFO - 24/11/24 04:35:46 INFO Utils: Copying /home/***/.ivy2/jars/org.apache.hadoop_hadoop-mapreduce-client-core-3.2.1.jar to /tmp/spark-482ebcba-399b-44d3-9e48-e1f8f8e9c10a/userFiles-32b27df9-d6b3-4727-b251-8942f347bf35/org.apache.hadoop_hadoop-mapreduce-client-core-3.2.1.jar
[2024-11-24T04:35:46.155+0000] {spark_submit.py:495} INFO - 24/11/24 04:35:46 INFO SparkContext: Added file file:///home/***/.ivy2/jars/org.apache.hadoop_hadoop-mapreduce-client-jobclient-3.2.1.jar at spark://355cdd50bbb7:34449/files/org.apache.hadoop_hadoop-mapreduce-client-jobclient-3.2.1.jar with timestamp 1732422929435
[2024-11-24T04:35:46.172+0000] {spark_submit.py:495} INFO - 24/11/24 04:35:46 INFO Utils: Copying /home/***/.ivy2/jars/org.apache.hadoop_hadoop-mapreduce-client-jobclient-3.2.1.jar to /tmp/spark-482ebcba-399b-44d3-9e48-e1f8f8e9c10a/userFiles-32b27df9-d6b3-4727-b251-8942f347bf35/org.apache.hadoop_hadoop-mapreduce-client-jobclient-3.2.1.jar
[2024-11-24T04:35:46.234+0000] {spark_submit.py:495} INFO - 24/11/24 04:35:46 INFO SparkContext: Added file file:///home/***/.ivy2/jars/org.apache.hadoop_hadoop-annotations-3.2.1.jar at spark://355cdd50bbb7:34449/files/org.apache.hadoop_hadoop-annotations-3.2.1.jar with timestamp 1732422929435
[2024-11-24T04:35:46.241+0000] {spark_submit.py:495} INFO - 24/11/24 04:35:46 INFO Utils: Copying /home/***/.ivy2/jars/org.apache.hadoop_hadoop-annotations-3.2.1.jar to /tmp/spark-482ebcba-399b-44d3-9e48-e1f8f8e9c10a/userFiles-32b27df9-d6b3-4727-b251-8942f347bf35/org.apache.hadoop_hadoop-annotations-3.2.1.jar
[2024-11-24T04:35:46.293+0000] {spark_submit.py:495} INFO - 24/11/24 04:35:46 INFO SparkContext: Added file file:///home/***/.ivy2/jars/com.google.guava_guava-27.0-jre.jar at spark://355cdd50bbb7:34449/files/com.google.guava_guava-27.0-jre.jar with timestamp 1732422929435
[2024-11-24T04:35:46.294+0000] {spark_submit.py:495} INFO - 24/11/24 04:35:46 INFO Utils: Copying /home/***/.ivy2/jars/com.google.guava_guava-27.0-jre.jar to /tmp/spark-482ebcba-399b-44d3-9e48-e1f8f8e9c10a/userFiles-32b27df9-d6b3-4727-b251-8942f347bf35/com.google.guava_guava-27.0-jre.jar
[2024-11-24T04:35:46.518+0000] {spark_submit.py:495} INFO - 24/11/24 04:35:46 INFO SparkContext: Added file file:///home/***/.ivy2/jars/commons-cli_commons-cli-1.2.jar at spark://355cdd50bbb7:34449/files/commons-cli_commons-cli-1.2.jar with timestamp 1732422929435
[2024-11-24T04:35:46.550+0000] {spark_submit.py:495} INFO - 24/11/24 04:35:46 INFO Utils: Copying /home/***/.ivy2/jars/commons-cli_commons-cli-1.2.jar to /tmp/spark-482ebcba-399b-44d3-9e48-e1f8f8e9c10a/userFiles-32b27df9-d6b3-4727-b251-8942f347bf35/commons-cli_commons-cli-1.2.jar
[2024-11-24T04:35:46.632+0000] {spark_submit.py:495} INFO - 24/11/24 04:35:46 INFO SparkContext: Added file file:///home/***/.ivy2/jars/org.apache.commons_commons-math3-3.1.1.jar at spark://355cdd50bbb7:34449/files/org.apache.commons_commons-math3-3.1.1.jar with timestamp 1732422929435
[2024-11-24T04:35:46.662+0000] {spark_submit.py:495} INFO - 24/11/24 04:35:46 INFO Utils: Copying /home/***/.ivy2/jars/org.apache.commons_commons-math3-3.1.1.jar to /tmp/spark-482ebcba-399b-44d3-9e48-e1f8f8e9c10a/userFiles-32b27df9-d6b3-4727-b251-8942f347bf35/org.apache.commons_commons-math3-3.1.1.jar
[2024-11-24T04:35:46.749+0000] {spark_submit.py:495} INFO - 24/11/24 04:35:46 INFO SparkContext: Added file file:///home/***/.ivy2/jars/org.apache.httpcomponents_httpclient-4.5.6.jar at spark://355cdd50bbb7:34449/files/org.apache.httpcomponents_httpclient-4.5.6.jar with timestamp 1732422929435
[2024-11-24T04:35:46.764+0000] {spark_submit.py:495} INFO - 24/11/24 04:35:46 INFO Utils: Copying /home/***/.ivy2/jars/org.apache.httpcomponents_httpclient-4.5.6.jar to /tmp/spark-482ebcba-399b-44d3-9e48-e1f8f8e9c10a/userFiles-32b27df9-d6b3-4727-b251-8942f347bf35/org.apache.httpcomponents_httpclient-4.5.6.jar
[2024-11-24T04:35:46.843+0000] {spark_submit.py:495} INFO - 24/11/24 04:35:46 INFO SparkContext: Added file file:///home/***/.ivy2/jars/commons-codec_commons-codec-1.11.jar at spark://355cdd50bbb7:34449/files/commons-codec_commons-codec-1.11.jar with timestamp 1732422929435
[2024-11-24T04:35:46.843+0000] {spark_submit.py:495} INFO - 24/11/24 04:35:46 INFO Utils: Copying /home/***/.ivy2/jars/commons-codec_commons-codec-1.11.jar to /tmp/spark-482ebcba-399b-44d3-9e48-e1f8f8e9c10a/userFiles-32b27df9-d6b3-4727-b251-8942f347bf35/commons-codec_commons-codec-1.11.jar
[2024-11-24T04:35:46.909+0000] {spark_submit.py:495} INFO - 24/11/24 04:35:46 INFO SparkContext: Added file file:///home/***/.ivy2/jars/commons-io_commons-io-2.5.jar at spark://355cdd50bbb7:34449/files/commons-io_commons-io-2.5.jar with timestamp 1732422929435
[2024-11-24T04:35:46.916+0000] {spark_submit.py:495} INFO - 24/11/24 04:35:46 INFO Utils: Copying /home/***/.ivy2/jars/commons-io_commons-io-2.5.jar to /tmp/spark-482ebcba-399b-44d3-9e48-e1f8f8e9c10a/userFiles-32b27df9-d6b3-4727-b251-8942f347bf35/commons-io_commons-io-2.5.jar
[2024-11-24T04:35:47.061+0000] {spark_submit.py:495} INFO - 24/11/24 04:35:47 INFO SparkContext: Added file file:///home/***/.ivy2/jars/commons-net_commons-net-3.6.jar at spark://355cdd50bbb7:34449/files/commons-net_commons-net-3.6.jar with timestamp 1732422929435
[2024-11-24T04:35:47.063+0000] {spark_submit.py:495} INFO - 24/11/24 04:35:47 INFO Utils: Copying /home/***/.ivy2/jars/commons-net_commons-net-3.6.jar to /tmp/spark-482ebcba-399b-44d3-9e48-e1f8f8e9c10a/userFiles-32b27df9-d6b3-4727-b251-8942f347bf35/commons-net_commons-net-3.6.jar
[2024-11-24T04:35:47.129+0000] {spark_submit.py:495} INFO - 24/11/24 04:35:47 INFO SparkContext: Added file file:///home/***/.ivy2/jars/commons-collections_commons-collections-3.2.2.jar at spark://355cdd50bbb7:34449/files/commons-collections_commons-collections-3.2.2.jar with timestamp 1732422929435
[2024-11-24T04:35:47.129+0000] {spark_submit.py:495} INFO - 24/11/24 04:35:47 INFO Utils: Copying /home/***/.ivy2/jars/commons-collections_commons-collections-3.2.2.jar to /tmp/spark-482ebcba-399b-44d3-9e48-e1f8f8e9c10a/userFiles-32b27df9-d6b3-4727-b251-8942f347bf35/commons-collections_commons-collections-3.2.2.jar
[2024-11-24T04:35:47.226+0000] {spark_submit.py:495} INFO - 24/11/24 04:35:47 INFO SparkContext: Added file file:///home/***/.ivy2/jars/org.eclipse.jetty_jetty-servlet-9.3.24.v20180605.jar at spark://355cdd50bbb7:34449/files/org.eclipse.jetty_jetty-servlet-9.3.24.v20180605.jar with timestamp 1732422929435
[2024-11-24T04:35:47.229+0000] {spark_submit.py:495} INFO - 24/11/24 04:35:47 INFO Utils: Copying /home/***/.ivy2/jars/org.eclipse.jetty_jetty-servlet-9.3.24.v20180605.jar to /tmp/spark-482ebcba-399b-44d3-9e48-e1f8f8e9c10a/userFiles-32b27df9-d6b3-4727-b251-8942f347bf35/org.eclipse.jetty_jetty-servlet-9.3.24.v20180605.jar
[2024-11-24T04:35:47.326+0000] {spark_submit.py:495} INFO - 24/11/24 04:35:47 INFO SparkContext: Added file file:///home/***/.ivy2/jars/org.eclipse.jetty_jetty-webapp-9.3.24.v20180605.jar at spark://355cdd50bbb7:34449/files/org.eclipse.jetty_jetty-webapp-9.3.24.v20180605.jar with timestamp 1732422929435
[2024-11-24T04:35:47.342+0000] {spark_submit.py:495} INFO - 24/11/24 04:35:47 INFO Utils: Copying /home/***/.ivy2/jars/org.eclipse.jetty_jetty-webapp-9.3.24.v20180605.jar to /tmp/spark-482ebcba-399b-44d3-9e48-e1f8f8e9c10a/userFiles-32b27df9-d6b3-4727-b251-8942f347bf35/org.eclipse.jetty_jetty-webapp-9.3.24.v20180605.jar
[2024-11-24T04:35:47.422+0000] {spark_submit.py:495} INFO - 24/11/24 04:35:47 INFO SparkContext: Added file file:///home/***/.ivy2/jars/com.sun.jersey_jersey-servlet-1.19.jar at spark://355cdd50bbb7:34449/files/com.sun.jersey_jersey-servlet-1.19.jar with timestamp 1732422929435
[2024-11-24T04:35:47.422+0000] {spark_submit.py:495} INFO - 24/11/24 04:35:47 INFO Utils: Copying /home/***/.ivy2/jars/com.sun.jersey_jersey-servlet-1.19.jar to /tmp/spark-482ebcba-399b-44d3-9e48-e1f8f8e9c10a/userFiles-32b27df9-d6b3-4727-b251-8942f347bf35/com.sun.jersey_jersey-servlet-1.19.jar
[2024-11-24T04:35:47.701+0000] {spark_submit.py:495} INFO - 24/11/24 04:35:47 INFO SparkContext: Added file file:///home/***/.ivy2/jars/log4j_log4j-1.2.17.jar at spark://355cdd50bbb7:34449/files/log4j_log4j-1.2.17.jar with timestamp 1732422929435
[2024-11-24T04:35:47.712+0000] {spark_submit.py:495} INFO - 24/11/24 04:35:47 INFO Utils: Copying /home/***/.ivy2/jars/log4j_log4j-1.2.17.jar to /tmp/spark-482ebcba-399b-44d3-9e48-e1f8f8e9c10a/userFiles-32b27df9-d6b3-4727-b251-8942f347bf35/log4j_log4j-1.2.17.jar
[2024-11-24T04:35:47.831+0000] {spark_submit.py:495} INFO - 24/11/24 04:35:47 INFO SparkContext: Added file file:///home/***/.ivy2/jars/commons-beanutils_commons-beanutils-1.9.3.jar at spark://355cdd50bbb7:34449/files/commons-beanutils_commons-beanutils-1.9.3.jar with timestamp 1732422929435
[2024-11-24T04:35:47.834+0000] {spark_submit.py:495} INFO - 24/11/24 04:35:47 INFO Utils: Copying /home/***/.ivy2/jars/commons-beanutils_commons-beanutils-1.9.3.jar to /tmp/spark-482ebcba-399b-44d3-9e48-e1f8f8e9c10a/userFiles-32b27df9-d6b3-4727-b251-8942f347bf35/commons-beanutils_commons-beanutils-1.9.3.jar
[2024-11-24T04:35:47.931+0000] {spark_submit.py:495} INFO - 24/11/24 04:35:47 INFO SparkContext: Added file file:///home/***/.ivy2/jars/org.apache.commons_commons-configuration2-2.1.1.jar at spark://355cdd50bbb7:34449/files/org.apache.commons_commons-configuration2-2.1.1.jar with timestamp 1732422929435
[2024-11-24T04:35:47.942+0000] {spark_submit.py:495} INFO - 24/11/24 04:35:47 INFO Utils: Copying /home/***/.ivy2/jars/org.apache.commons_commons-configuration2-2.1.1.jar to /tmp/spark-482ebcba-399b-44d3-9e48-e1f8f8e9c10a/userFiles-32b27df9-d6b3-4727-b251-8942f347bf35/org.apache.commons_commons-configuration2-2.1.1.jar
[2024-11-24T04:35:48.209+0000] {spark_submit.py:495} INFO - 24/11/24 04:35:48 INFO SparkContext: Added file file:///home/***/.ivy2/jars/org.apache.commons_commons-lang3-3.7.jar at spark://355cdd50bbb7:34449/files/org.apache.commons_commons-lang3-3.7.jar with timestamp 1732422929435
[2024-11-24T04:35:48.257+0000] {spark_submit.py:495} INFO - 24/11/24 04:35:48 INFO Utils: Copying /home/***/.ivy2/jars/org.apache.commons_commons-lang3-3.7.jar to /tmp/spark-482ebcba-399b-44d3-9e48-e1f8f8e9c10a/userFiles-32b27df9-d6b3-4727-b251-8942f347bf35/org.apache.commons_commons-lang3-3.7.jar
[2024-11-24T04:35:48.323+0000] {spark_submit.py:495} INFO - 24/11/24 04:35:48 INFO SparkContext: Added file file:///home/***/.ivy2/jars/org.apache.commons_commons-text-1.4.jar at spark://355cdd50bbb7:34449/files/org.apache.commons_commons-text-1.4.jar with timestamp 1732422929435
[2024-11-24T04:35:48.324+0000] {spark_submit.py:495} INFO - 24/11/24 04:35:48 INFO Utils: Copying /home/***/.ivy2/jars/org.apache.commons_commons-text-1.4.jar to /tmp/spark-482ebcba-399b-44d3-9e48-e1f8f8e9c10a/userFiles-32b27df9-d6b3-4727-b251-8942f347bf35/org.apache.commons_commons-text-1.4.jar
[2024-11-24T04:35:48.398+0000] {spark_submit.py:495} INFO - 24/11/24 04:35:48 INFO SparkContext: Added file file:///home/***/.ivy2/jars/org.apache.avro_avro-1.7.7.jar at spark://355cdd50bbb7:34449/files/org.apache.avro_avro-1.7.7.jar with timestamp 1732422929435
[2024-11-24T04:35:48.414+0000] {spark_submit.py:495} INFO - 24/11/24 04:35:48 INFO Utils: Copying /home/***/.ivy2/jars/org.apache.avro_avro-1.7.7.jar to /tmp/spark-482ebcba-399b-44d3-9e48-e1f8f8e9c10a/userFiles-32b27df9-d6b3-4727-b251-8942f347bf35/org.apache.avro_avro-1.7.7.jar
[2024-11-24T04:35:48.557+0000] {spark_submit.py:495} INFO - 24/11/24 04:35:48 INFO SparkContext: Added file file:///home/***/.ivy2/jars/com.google.re2j_re2j-1.1.jar at spark://355cdd50bbb7:34449/files/com.google.re2j_re2j-1.1.jar with timestamp 1732422929435
[2024-11-24T04:35:48.573+0000] {spark_submit.py:495} INFO - 24/11/24 04:35:48 INFO Utils: Copying /home/***/.ivy2/jars/com.google.re2j_re2j-1.1.jar to /tmp/spark-482ebcba-399b-44d3-9e48-e1f8f8e9c10a/userFiles-32b27df9-d6b3-4727-b251-8942f347bf35/com.google.re2j_re2j-1.1.jar
[2024-11-24T04:35:48.932+0000] {spark_submit.py:495} INFO - 24/11/24 04:35:48 INFO SparkContext: Added file file:///home/***/.ivy2/jars/com.google.protobuf_protobuf-java-2.5.0.jar at spark://355cdd50bbb7:34449/files/com.google.protobuf_protobuf-java-2.5.0.jar with timestamp 1732422929435
[2024-11-24T04:35:48.934+0000] {spark_submit.py:495} INFO - 24/11/24 04:35:48 INFO Utils: Copying /home/***/.ivy2/jars/com.google.protobuf_protobuf-java-2.5.0.jar to /tmp/spark-482ebcba-399b-44d3-9e48-e1f8f8e9c10a/userFiles-32b27df9-d6b3-4727-b251-8942f347bf35/com.google.protobuf_protobuf-java-2.5.0.jar
[2024-11-24T04:35:49.034+0000] {spark_submit.py:495} INFO - 24/11/24 04:35:49 INFO SparkContext: Added file file:///home/***/.ivy2/jars/com.google.code.gson_gson-2.2.4.jar at spark://355cdd50bbb7:34449/files/com.google.code.gson_gson-2.2.4.jar with timestamp 1732422929435
[2024-11-24T04:35:49.035+0000] {spark_submit.py:495} INFO - 24/11/24 04:35:49 INFO Utils: Copying /home/***/.ivy2/jars/com.google.code.gson_gson-2.2.4.jar to /tmp/spark-482ebcba-399b-44d3-9e48-e1f8f8e9c10a/userFiles-32b27df9-d6b3-4727-b251-8942f347bf35/com.google.code.gson_gson-2.2.4.jar
[2024-11-24T04:35:49.154+0000] {spark_submit.py:495} INFO - 24/11/24 04:35:49 INFO SparkContext: Added file file:///home/***/.ivy2/jars/org.apache.hadoop_hadoop-auth-3.2.1.jar at spark://355cdd50bbb7:34449/files/org.apache.hadoop_hadoop-auth-3.2.1.jar with timestamp 1732422929435
[2024-11-24T04:35:49.155+0000] {spark_submit.py:495} INFO - 24/11/24 04:35:49 INFO Utils: Copying /home/***/.ivy2/jars/org.apache.hadoop_hadoop-auth-3.2.1.jar to /tmp/spark-482ebcba-399b-44d3-9e48-e1f8f8e9c10a/userFiles-32b27df9-d6b3-4727-b251-8942f347bf35/org.apache.hadoop_hadoop-auth-3.2.1.jar
[2024-11-24T04:35:49.459+0000] {spark_submit.py:495} INFO - 24/11/24 04:35:49 INFO SparkContext: Added file file:///home/***/.ivy2/jars/org.apache.curator_curator-client-2.13.0.jar at spark://355cdd50bbb7:34449/files/org.apache.curator_curator-client-2.13.0.jar with timestamp 1732422929435
[2024-11-24T04:35:49.460+0000] {spark_submit.py:495} INFO - 24/11/24 04:35:49 INFO Utils: Copying /home/***/.ivy2/jars/org.apache.curator_curator-client-2.13.0.jar to /tmp/spark-482ebcba-399b-44d3-9e48-e1f8f8e9c10a/userFiles-32b27df9-d6b3-4727-b251-8942f347bf35/org.apache.curator_curator-client-2.13.0.jar
[2024-11-24T04:35:49.746+0000] {spark_submit.py:495} INFO - 24/11/24 04:35:49 INFO SparkContext: Added file file:///home/***/.ivy2/jars/org.apache.curator_curator-recipes-2.13.0.jar at spark://355cdd50bbb7:34449/files/org.apache.curator_curator-recipes-2.13.0.jar with timestamp 1732422929435
[2024-11-24T04:35:49.807+0000] {spark_submit.py:495} INFO - 24/11/24 04:35:49 INFO Utils: Copying /home/***/.ivy2/jars/org.apache.curator_curator-recipes-2.13.0.jar to /tmp/spark-482ebcba-399b-44d3-9e48-e1f8f8e9c10a/userFiles-32b27df9-d6b3-4727-b251-8942f347bf35/org.apache.curator_curator-recipes-2.13.0.jar
[2024-11-24T04:35:49.935+0000] {spark_submit.py:495} INFO - 24/11/24 04:35:49 INFO SparkContext: Added file file:///home/***/.ivy2/jars/org.apache.htrace_htrace-core4-4.1.0-incubating.jar at spark://355cdd50bbb7:34449/files/org.apache.htrace_htrace-core4-4.1.0-incubating.jar with timestamp 1732422929435
[2024-11-24T04:35:49.958+0000] {spark_submit.py:495} INFO - 24/11/24 04:35:49 INFO Utils: Copying /home/***/.ivy2/jars/org.apache.htrace_htrace-core4-4.1.0-incubating.jar to /tmp/spark-482ebcba-399b-44d3-9e48-e1f8f8e9c10a/userFiles-32b27df9-d6b3-4727-b251-8942f347bf35/org.apache.htrace_htrace-core4-4.1.0-incubating.jar
[2024-11-24T04:35:50.238+0000] {spark_submit.py:495} INFO - 24/11/24 04:35:50 INFO SparkContext: Added file file:///home/***/.ivy2/jars/org.apache.commons_commons-compress-1.18.jar at spark://355cdd50bbb7:34449/files/org.apache.commons_commons-compress-1.18.jar with timestamp 1732422929435
[2024-11-24T04:35:50.262+0000] {spark_submit.py:495} INFO - 24/11/24 04:35:50 INFO Utils: Copying /home/***/.ivy2/jars/org.apache.commons_commons-compress-1.18.jar to /tmp/spark-482ebcba-399b-44d3-9e48-e1f8f8e9c10a/userFiles-32b27df9-d6b3-4727-b251-8942f347bf35/org.apache.commons_commons-compress-1.18.jar
[2024-11-24T04:35:50.263+0000] {spark_submit.py:495} INFO - 24/11/24 04:35:50 INFO SparkContext: Added file file:///home/***/.ivy2/jars/org.apache.kerby_kerb-simplekdc-1.0.1.jar at spark://355cdd50bbb7:34449/files/org.apache.kerby_kerb-simplekdc-1.0.1.jar with timestamp 1732422929435
[2024-11-24T04:35:50.263+0000] {spark_submit.py:495} INFO - 24/11/24 04:35:50 INFO Utils: Copying /home/***/.ivy2/jars/org.apache.kerby_kerb-simplekdc-1.0.1.jar to /tmp/spark-482ebcba-399b-44d3-9e48-e1f8f8e9c10a/userFiles-32b27df9-d6b3-4727-b251-8942f347bf35/org.apache.kerby_kerb-simplekdc-1.0.1.jar
[2024-11-24T04:35:50.433+0000] {spark_submit.py:495} INFO - 24/11/24 04:35:50 INFO SparkContext: Added file file:///home/***/.ivy2/jars/com.fasterxml.jackson.core_jackson-databind-2.9.8.jar at spark://355cdd50bbb7:34449/files/com.fasterxml.jackson.core_jackson-databind-2.9.8.jar with timestamp 1732422929435
[2024-11-24T04:35:50.435+0000] {spark_submit.py:495} INFO - 24/11/24 04:35:50 INFO Utils: Copying /home/***/.ivy2/jars/com.fasterxml.jackson.core_jackson-databind-2.9.8.jar to /tmp/spark-482ebcba-399b-44d3-9e48-e1f8f8e9c10a/userFiles-32b27df9-d6b3-4727-b251-8942f347bf35/com.fasterxml.jackson.core_jackson-databind-2.9.8.jar
[2024-11-24T04:35:50.579+0000] {spark_submit.py:495} INFO - 24/11/24 04:35:50 INFO SparkContext: Added file file:///home/***/.ivy2/jars/org.codehaus.woodstox_stax2-api-3.1.4.jar at spark://355cdd50bbb7:34449/files/org.codehaus.woodstox_stax2-api-3.1.4.jar with timestamp 1732422929435
[2024-11-24T04:35:50.580+0000] {spark_submit.py:495} INFO - 24/11/24 04:35:50 INFO Utils: Copying /home/***/.ivy2/jars/org.codehaus.woodstox_stax2-api-3.1.4.jar to /tmp/spark-482ebcba-399b-44d3-9e48-e1f8f8e9c10a/userFiles-32b27df9-d6b3-4727-b251-8942f347bf35/org.codehaus.woodstox_stax2-api-3.1.4.jar
[2024-11-24T04:35:50.723+0000] {spark_submit.py:495} INFO - 24/11/24 04:35:50 INFO SparkContext: Added file file:///home/***/.ivy2/jars/com.fasterxml.woodstox_woodstox-core-5.0.3.jar at spark://355cdd50bbb7:34449/files/com.fasterxml.woodstox_woodstox-core-5.0.3.jar with timestamp 1732422929435
[2024-11-24T04:35:50.730+0000] {spark_submit.py:495} INFO - 24/11/24 04:35:50 INFO Utils: Copying /home/***/.ivy2/jars/com.fasterxml.woodstox_woodstox-core-5.0.3.jar to /tmp/spark-482ebcba-399b-44d3-9e48-e1f8f8e9c10a/userFiles-32b27df9-d6b3-4727-b251-8942f347bf35/com.fasterxml.woodstox_woodstox-core-5.0.3.jar
[2024-11-24T04:35:51.042+0000] {spark_submit.py:495} INFO - 24/11/24 04:35:51 INFO SparkContext: Added file file:///home/***/.ivy2/jars/dnsjava_dnsjava-2.1.7.jar at spark://355cdd50bbb7:34449/files/dnsjava_dnsjava-2.1.7.jar with timestamp 1732422929435
[2024-11-24T04:35:51.045+0000] {spark_submit.py:495} INFO - 24/11/24 04:35:51 INFO Utils: Copying /home/***/.ivy2/jars/dnsjava_dnsjava-2.1.7.jar to /tmp/spark-482ebcba-399b-44d3-9e48-e1f8f8e9c10a/userFiles-32b27df9-d6b3-4727-b251-8942f347bf35/dnsjava_dnsjava-2.1.7.jar
[2024-11-24T04:35:51.252+0000] {spark_submit.py:495} INFO - 24/11/24 04:35:51 INFO SparkContext: Added file file:///home/***/.ivy2/jars/com.google.guava_failureaccess-1.0.jar at spark://355cdd50bbb7:34449/files/com.google.guava_failureaccess-1.0.jar with timestamp 1732422929435
[2024-11-24T04:35:51.252+0000] {spark_submit.py:495} INFO - 24/11/24 04:35:51 INFO Utils: Copying /home/***/.ivy2/jars/com.google.guava_failureaccess-1.0.jar to /tmp/spark-482ebcba-399b-44d3-9e48-e1f8f8e9c10a/userFiles-32b27df9-d6b3-4727-b251-8942f347bf35/com.google.guava_failureaccess-1.0.jar
[2024-11-24T04:35:51.711+0000] {spark_submit.py:495} INFO - 24/11/24 04:35:51 INFO SparkContext: Added file file:///home/***/.ivy2/jars/com.google.guava_listenablefuture-9999.0-empty-to-avoid-conflict-with-guava.jar at spark://355cdd50bbb7:34449/files/com.google.guava_listenablefuture-9999.0-empty-to-avoid-conflict-with-guava.jar with timestamp 1732422929435
[2024-11-24T04:35:51.718+0000] {spark_submit.py:495} INFO - 24/11/24 04:35:51 INFO Utils: Copying /home/***/.ivy2/jars/com.google.guava_listenablefuture-9999.0-empty-to-avoid-conflict-with-guava.jar to /tmp/spark-482ebcba-399b-44d3-9e48-e1f8f8e9c10a/userFiles-32b27df9-d6b3-4727-b251-8942f347bf35/com.google.guava_listenablefuture-9999.0-empty-to-avoid-conflict-with-guava.jar
[2024-11-24T04:35:51.806+0000] {spark_submit.py:495} INFO - 24/11/24 04:35:51 INFO SparkContext: Added file file:///home/***/.ivy2/jars/org.checkerframework_checker-qual-2.5.2.jar at spark://355cdd50bbb7:34449/files/org.checkerframework_checker-qual-2.5.2.jar with timestamp 1732422929435
[2024-11-24T04:35:51.808+0000] {spark_submit.py:495} INFO - 24/11/24 04:35:51 INFO Utils: Copying /home/***/.ivy2/jars/org.checkerframework_checker-qual-2.5.2.jar to /tmp/spark-482ebcba-399b-44d3-9e48-e1f8f8e9c10a/userFiles-32b27df9-d6b3-4727-b251-8942f347bf35/org.checkerframework_checker-qual-2.5.2.jar
[2024-11-24T04:35:52.069+0000] {spark_submit.py:495} INFO - 24/11/24 04:35:52 INFO SparkContext: Added file file:///home/***/.ivy2/jars/com.google.errorprone_error_prone_annotations-2.2.0.jar at spark://355cdd50bbb7:34449/files/com.google.errorprone_error_prone_annotations-2.2.0.jar with timestamp 1732422929435
[2024-11-24T04:35:52.073+0000] {spark_submit.py:495} INFO - 24/11/24 04:35:52 INFO Utils: Copying /home/***/.ivy2/jars/com.google.errorprone_error_prone_annotations-2.2.0.jar to /tmp/spark-482ebcba-399b-44d3-9e48-e1f8f8e9c10a/userFiles-32b27df9-d6b3-4727-b251-8942f347bf35/com.google.errorprone_error_prone_annotations-2.2.0.jar
[2024-11-24T04:35:52.544+0000] {spark_submit.py:495} INFO - 24/11/24 04:35:52 INFO SparkContext: Added file file:///home/***/.ivy2/jars/com.google.j2objc_j2objc-annotations-1.1.jar at spark://355cdd50bbb7:34449/files/com.google.j2objc_j2objc-annotations-1.1.jar with timestamp 1732422929435
[2024-11-24T04:35:52.545+0000] {spark_submit.py:495} INFO - 24/11/24 04:35:52 INFO Utils: Copying /home/***/.ivy2/jars/com.google.j2objc_j2objc-annotations-1.1.jar to /tmp/spark-482ebcba-399b-44d3-9e48-e1f8f8e9c10a/userFiles-32b27df9-d6b3-4727-b251-8942f347bf35/com.google.j2objc_j2objc-annotations-1.1.jar
[2024-11-24T04:35:52.853+0000] {spark_submit.py:495} INFO - 24/11/24 04:35:52 INFO SparkContext: Added file file:///home/***/.ivy2/jars/org.codehaus.mojo_animal-sniffer-annotations-1.17.jar at spark://355cdd50bbb7:34449/files/org.codehaus.mojo_animal-sniffer-annotations-1.17.jar with timestamp 1732422929435
[2024-11-24T04:35:52.854+0000] {spark_submit.py:495} INFO - 24/11/24 04:35:52 INFO Utils: Copying /home/***/.ivy2/jars/org.codehaus.mojo_animal-sniffer-annotations-1.17.jar to /tmp/spark-482ebcba-399b-44d3-9e48-e1f8f8e9c10a/userFiles-32b27df9-d6b3-4727-b251-8942f347bf35/org.codehaus.mojo_animal-sniffer-annotations-1.17.jar
[2024-11-24T04:35:53.633+0000] {spark_submit.py:495} INFO - 24/11/24 04:35:53 INFO SparkContext: Added file file:///home/***/.ivy2/jars/org.apache.httpcomponents_httpcore-4.4.10.jar at spark://355cdd50bbb7:34449/files/org.apache.httpcomponents_httpcore-4.4.10.jar with timestamp 1732422929435
[2024-11-24T04:35:53.651+0000] {spark_submit.py:495} INFO - 24/11/24 04:35:53 INFO Utils: Copying /home/***/.ivy2/jars/org.apache.httpcomponents_httpcore-4.4.10.jar to /tmp/spark-482ebcba-399b-44d3-9e48-e1f8f8e9c10a/userFiles-32b27df9-d6b3-4727-b251-8942f347bf35/org.apache.httpcomponents_httpcore-4.4.10.jar
[2024-11-24T04:35:54.260+0000] {spark_submit.py:495} INFO - 24/11/24 04:35:54 INFO SparkContext: Added file file:///home/***/.ivy2/jars/org.eclipse.jetty_jetty-security-9.3.24.v20180605.jar at spark://355cdd50bbb7:34449/files/org.eclipse.jetty_jetty-security-9.3.24.v20180605.jar with timestamp 1732422929435
[2024-11-24T04:35:54.286+0000] {spark_submit.py:495} INFO - 24/11/24 04:35:54 INFO Utils: Copying /home/***/.ivy2/jars/org.eclipse.jetty_jetty-security-9.3.24.v20180605.jar to /tmp/spark-482ebcba-399b-44d3-9e48-e1f8f8e9c10a/userFiles-32b27df9-d6b3-4727-b251-8942f347bf35/org.eclipse.jetty_jetty-security-9.3.24.v20180605.jar
[2024-11-24T04:35:55.117+0000] {spark_submit.py:495} INFO - 24/11/24 04:35:55 INFO SparkContext: Added file file:///home/***/.ivy2/jars/org.eclipse.jetty_jetty-xml-9.3.24.v20180605.jar at spark://355cdd50bbb7:34449/files/org.eclipse.jetty_jetty-xml-9.3.24.v20180605.jar with timestamp 1732422929435
[2024-11-24T04:35:55.162+0000] {spark_submit.py:495} INFO - 24/11/24 04:35:55 INFO Utils: Copying /home/***/.ivy2/jars/org.eclipse.jetty_jetty-xml-9.3.24.v20180605.jar to /tmp/spark-482ebcba-399b-44d3-9e48-e1f8f8e9c10a/userFiles-32b27df9-d6b3-4727-b251-8942f347bf35/org.eclipse.jetty_jetty-xml-9.3.24.v20180605.jar
[2024-11-24T04:35:57.068+0000] {spark_submit.py:495} INFO - 24/11/24 04:35:56 INFO SparkContext: Added file file:///home/***/.ivy2/jars/org.codehaus.jackson_jackson-core-asl-1.9.13.jar at spark://355cdd50bbb7:34449/files/org.codehaus.jackson_jackson-core-asl-1.9.13.jar with timestamp 1732422929435
[2024-11-24T04:35:57.589+0000] {spark_submit.py:495} INFO - 24/11/24 04:35:56 INFO Utils: Copying /home/***/.ivy2/jars/org.codehaus.jackson_jackson-core-asl-1.9.13.jar to /tmp/spark-482ebcba-399b-44d3-9e48-e1f8f8e9c10a/userFiles-32b27df9-d6b3-4727-b251-8942f347bf35/org.codehaus.jackson_jackson-core-asl-1.9.13.jar
[2024-11-24T04:35:58.435+0000] {spark_submit.py:495} INFO - 24/11/24 04:35:58 INFO SparkContext: Added file file:///home/***/.ivy2/jars/org.codehaus.jackson_jackson-mapper-asl-1.9.13.jar at spark://355cdd50bbb7:34449/files/org.codehaus.jackson_jackson-mapper-asl-1.9.13.jar with timestamp 1732422929435
[2024-11-24T04:35:58.438+0000] {spark_submit.py:495} INFO - 24/11/24 04:35:58 INFO Utils: Copying /home/***/.ivy2/jars/org.codehaus.jackson_jackson-mapper-asl-1.9.13.jar to /tmp/spark-482ebcba-399b-44d3-9e48-e1f8f8e9c10a/userFiles-32b27df9-d6b3-4727-b251-8942f347bf35/org.codehaus.jackson_jackson-mapper-asl-1.9.13.jar
[2024-11-24T04:35:58.771+0000] {spark_submit.py:495} INFO - 24/11/24 04:35:58 INFO SparkContext: Added file file:///home/***/.ivy2/jars/com.thoughtworks.paranamer_paranamer-2.3.jar at spark://355cdd50bbb7:34449/files/com.thoughtworks.paranamer_paranamer-2.3.jar with timestamp 1732422929435
[2024-11-24T04:35:58.778+0000] {spark_submit.py:495} INFO - 24/11/24 04:35:58 INFO Utils: Copying /home/***/.ivy2/jars/com.thoughtworks.paranamer_paranamer-2.3.jar to /tmp/spark-482ebcba-399b-44d3-9e48-e1f8f8e9c10a/userFiles-32b27df9-d6b3-4727-b251-8942f347bf35/com.thoughtworks.paranamer_paranamer-2.3.jar
[2024-11-24T04:36:00.067+0000] {spark_submit.py:495} INFO - 24/11/24 04:36:00 INFO SparkContext: Added file file:///home/***/.ivy2/jars/com.nimbusds_nimbus-jose-jwt-4.41.1.jar at spark://355cdd50bbb7:34449/files/com.nimbusds_nimbus-jose-jwt-4.41.1.jar with timestamp 1732422929435
[2024-11-24T04:36:00.079+0000] {spark_submit.py:495} INFO - 24/11/24 04:36:00 INFO Utils: Copying /home/***/.ivy2/jars/com.nimbusds_nimbus-jose-jwt-4.41.1.jar to /tmp/spark-482ebcba-399b-44d3-9e48-e1f8f8e9c10a/userFiles-32b27df9-d6b3-4727-b251-8942f347bf35/com.nimbusds_nimbus-jose-jwt-4.41.1.jar
[2024-11-24T04:36:02.234+0000] {spark_submit.py:495} INFO - 24/11/24 04:36:02 INFO SparkContext: Added file file:///home/***/.ivy2/jars/net.minidev_json-smart-2.3.jar at spark://355cdd50bbb7:34449/files/net.minidev_json-smart-2.3.jar with timestamp 1732422929435
[2024-11-24T04:36:02.294+0000] {spark_submit.py:495} INFO - 24/11/24 04:36:02 INFO Utils: Copying /home/***/.ivy2/jars/net.minidev_json-smart-2.3.jar to /tmp/spark-482ebcba-399b-44d3-9e48-e1f8f8e9c10a/userFiles-32b27df9-d6b3-4727-b251-8942f347bf35/net.minidev_json-smart-2.3.jar
[2024-11-24T04:36:03.984+0000] {spark_submit.py:495} INFO - 24/11/24 04:36:03 INFO SparkContext: Added file file:///home/***/.ivy2/jars/org.apache.curator_curator-framework-2.13.0.jar at spark://355cdd50bbb7:34449/files/org.apache.curator_curator-framework-2.13.0.jar with timestamp 1732422929435
[2024-11-24T04:36:04.066+0000] {spark_submit.py:495} INFO - 24/11/24 04:36:03 INFO Utils: Copying /home/***/.ivy2/jars/org.apache.curator_curator-framework-2.13.0.jar to /tmp/spark-482ebcba-399b-44d3-9e48-e1f8f8e9c10a/userFiles-32b27df9-d6b3-4727-b251-8942f347bf35/org.apache.curator_curator-framework-2.13.0.jar
