[2024-11-24T02:44:43.049+0000] {local_task_job_runner.py:120} INFO - ::group::Pre task execution logs
[2024-11-24T02:44:43.212+0000] {taskinstance.py:2076} INFO - Dependencies all met for dep_context=non-requeueable deps ti=<TaskInstance: sensor_data_consumer.sensor_data_consumer manual__2024-11-23T16:59:34.757530+00:00 [queued]>
[2024-11-24T02:44:43.223+0000] {taskinstance.py:2076} INFO - Dependencies all met for dep_context=requeueable deps ti=<TaskInstance: sensor_data_consumer.sensor_data_consumer manual__2024-11-23T16:59:34.757530+00:00 [queued]>
[2024-11-24T02:44:43.223+0000] {taskinstance.py:2306} INFO - Starting attempt 4 of 1
[2024-11-24T02:44:43.591+0000] {taskinstance.py:2330} INFO - Executing <Task(SparkSubmitOperator): sensor_data_consumer> on 2024-11-23 16:59:34.757530+00:00
[2024-11-24T02:44:43.603+0000] {standard_task_runner.py:64} INFO - Started process 219 to run task
[2024-11-24T02:44:43.610+0000] {standard_task_runner.py:90} INFO - Running: ['***', 'tasks', 'run', 'sensor_data_consumer', 'sensor_data_consumer', 'manual__2024-11-23T16:59:34.757530+00:00', '--job-id', '35', '--raw', '--subdir', 'DAGS_FOLDER/***_consumer.py', '--cfg-path', '/tmp/tmp3h2g1q99']
[2024-11-24T02:44:43.626+0000] {standard_task_runner.py:91} INFO - Job 35: Subtask sensor_data_consumer
[2024-11-24T02:44:44.030+0000] {task_command.py:426} INFO - Running <TaskInstance: sensor_data_consumer.sensor_data_consumer manual__2024-11-23T16:59:34.757530+00:00 [running]> on host 3e147e79ce3d
[2024-11-24T02:44:44.664+0000] {taskinstance.py:2648} INFO - Exporting env vars: AIRFLOW_CTX_DAG_OWNER='Bich Ly' AIRFLOW_CTX_DAG_ID='sensor_data_consumer' AIRFLOW_CTX_TASK_ID='sensor_data_consumer' AIRFLOW_CTX_EXECUTION_DATE='2024-11-23T16:59:34.757530+00:00' AIRFLOW_CTX_TRY_NUMBER='4' AIRFLOW_CTX_DAG_RUN_ID='manual__2024-11-23T16:59:34.757530+00:00'
[2024-11-24T02:44:44.667+0000] {taskinstance.py:430} INFO - ::endgroup::
[2024-11-24T02:44:44.988+0000] {base.py:84} INFO - Using connection ID 'spark_default' for task execution.
[2024-11-24T02:44:44.994+0000] {spark_submit.py:344} INFO - Spark-Submit cmd: spark-submit --master spark://spark-master:7077 --packages org.apache.spark:spark-streaming-kafka-0-10_2.12:3.4.2,org.apache.spark:spark-sql-kafka-0-10_2.12:3.4.2,org.apache.hadoop:hadoop-client:3.2.1 --name KafkaSparkHDFS /opt/***/dags/spark_streaming_job.py
[2024-11-24T02:45:01.584+0000] {spark_submit.py:495} INFO - :: loading settings :: url = jar:file:/home/***/.local/lib/python3.11/site-packages/pyspark/jars/ivy-2.5.1.jar!/org/apache/ivy/core/settings/ivysettings.xml
[2024-11-24T02:45:02.391+0000] {spark_submit.py:495} INFO - Ivy Default Cache set to: /home/***/.ivy2/cache
[2024-11-24T02:45:02.395+0000] {spark_submit.py:495} INFO - The jars for the packages stored in: /home/***/.ivy2/jars
[2024-11-24T02:45:02.398+0000] {spark_submit.py:495} INFO - org.apache.spark#spark-streaming-kafka-0-10_2.12 added as a dependency
[2024-11-24T02:45:02.398+0000] {spark_submit.py:495} INFO - org.apache.spark#spark-sql-kafka-0-10_2.12 added as a dependency
[2024-11-24T02:45:02.398+0000] {spark_submit.py:495} INFO - org.apache.hadoop#hadoop-client added as a dependency
[2024-11-24T02:45:02.400+0000] {spark_submit.py:495} INFO - :: resolving dependencies :: org.apache.spark#spark-submit-parent-379e2b36-1360-43f8-b533-f7151f1019e4;1.0
[2024-11-24T02:45:02.401+0000] {spark_submit.py:495} INFO - confs: [default]
[2024-11-24T02:45:04.163+0000] {spark_submit.py:495} INFO - found org.apache.spark#spark-streaming-kafka-0-10_2.12;3.4.2 in spark-list
[2024-11-24T02:45:04.562+0000] {spark_submit.py:495} INFO - found org.apache.spark#spark-token-provider-kafka-0-10_2.12;3.4.2 in central
[2024-11-24T02:45:04.765+0000] {spark_submit.py:495} INFO - found org.apache.kafka#kafka-clients;3.3.2 in central
[2024-11-24T02:45:04.978+0000] {spark_submit.py:495} INFO - found org.lz4#lz4-java;1.8.0 in central
[2024-11-24T02:45:05.142+0000] {spark_submit.py:495} INFO - found org.xerial.snappy#snappy-java;1.1.10.3 in central
[2024-11-24T02:45:05.225+0000] {spark_submit.py:495} INFO - found org.slf4j#slf4j-api;2.0.6 in central
[2024-11-24T02:45:05.360+0000] {spark_submit.py:495} INFO - found org.apache.hadoop#hadoop-client-runtime;3.3.4 in central
[2024-11-24T02:45:05.628+0000] {spark_submit.py:495} INFO - found org.apache.hadoop#hadoop-client-api;3.3.4 in central
[2024-11-24T02:45:05.703+0000] {spark_submit.py:495} INFO - found commons-logging#commons-logging;1.1.3 in central
[2024-11-24T02:45:05.831+0000] {spark_submit.py:495} INFO - found com.google.code.findbugs#jsr305;3.0.0 in central
[2024-11-24T02:45:05.954+0000] {spark_submit.py:495} INFO - found org.apache.spark#spark-sql-kafka-0-10_2.12;3.4.2 in central
[2024-11-24T02:45:06.028+0000] {spark_submit.py:495} INFO - found org.apache.commons#commons-pool2;2.11.1 in central
[2024-11-24T02:45:06.050+0000] {spark_submit.py:495} INFO - found org.apache.hadoop#hadoop-client;3.2.1 in central
[2024-11-24T02:45:06.128+0000] {spark_submit.py:495} INFO - found org.apache.hadoop#hadoop-common;3.2.1 in central
[2024-11-24T02:45:06.291+0000] {spark_submit.py:495} INFO - found org.apache.hadoop#hadoop-annotations;3.2.1 in central
[2024-11-24T02:45:06.560+0000] {spark_submit.py:495} INFO - found com.google.guava#guava;27.0-jre in central
[2024-11-24T02:45:06.681+0000] {spark_submit.py:495} INFO - found com.google.guava#failureaccess;1.0 in central
[2024-11-24T02:45:06.737+0000] {spark_submit.py:495} INFO - found com.google.guava#listenablefuture;9999.0-empty-to-avoid-conflict-with-guava in central
[2024-11-24T02:45:06.930+0000] {spark_submit.py:495} INFO - found org.checkerframework#checker-qual;2.5.2 in central
[2024-11-24T02:45:07.205+0000] {spark_submit.py:495} INFO - found com.google.errorprone#error_prone_annotations;2.2.0 in central
[2024-11-24T02:45:07.250+0000] {spark_submit.py:495} INFO - found com.google.j2objc#j2objc-annotations;1.1 in central
[2024-11-24T02:45:07.296+0000] {spark_submit.py:495} INFO - found org.codehaus.mojo#animal-sniffer-annotations;1.17 in central
[2024-11-24T02:45:07.384+0000] {spark_submit.py:495} INFO - found commons-cli#commons-cli;1.2 in central
[2024-11-24T02:45:07.604+0000] {spark_submit.py:495} INFO - found org.apache.commons#commons-math3;3.1.1 in central
[2024-11-24T02:45:07.789+0000] {spark_submit.py:495} INFO - found org.apache.httpcomponents#httpclient;4.5.6 in central
[2024-11-24T02:45:07.875+0000] {spark_submit.py:495} INFO - found org.apache.httpcomponents#httpcore;4.4.10 in central
[2024-11-24T02:45:08.037+0000] {spark_submit.py:495} INFO - found commons-codec#commons-codec;1.11 in central
[2024-11-24T02:45:08.085+0000] {spark_submit.py:495} INFO - found commons-io#commons-io;2.5 in central
[2024-11-24T02:45:08.114+0000] {spark_submit.py:495} INFO - found commons-net#commons-net;3.6 in central
[2024-11-24T02:45:08.167+0000] {spark_submit.py:495} INFO - found commons-collections#commons-collections;3.2.2 in central
[2024-11-24T02:45:08.201+0000] {spark_submit.py:495} INFO - found org.eclipse.jetty#jetty-servlet;9.3.24.v20180605 in central
[2024-11-24T02:45:08.227+0000] {spark_submit.py:495} INFO - found org.eclipse.jetty#jetty-security;9.3.24.v20180605 in central
[2024-11-24T02:45:08.270+0000] {spark_submit.py:495} INFO - found org.eclipse.jetty#jetty-webapp;9.3.24.v20180605 in central
[2024-11-24T02:45:08.291+0000] {spark_submit.py:495} INFO - found org.eclipse.jetty#jetty-xml;9.3.24.v20180605 in central
[2024-11-24T02:45:08.398+0000] {spark_submit.py:495} INFO - found com.sun.jersey#jersey-servlet;1.19 in central
[2024-11-24T02:45:08.449+0000] {spark_submit.py:495} INFO - found log4j#log4j;1.2.17 in central
[2024-11-24T02:45:08.467+0000] {spark_submit.py:495} INFO - found commons-beanutils#commons-beanutils;1.9.3 in central
[2024-11-24T02:45:08.490+0000] {spark_submit.py:495} INFO - found org.apache.commons#commons-configuration2;2.1.1 in central
[2024-11-24T02:45:08.535+0000] {spark_submit.py:495} INFO - found org.apache.commons#commons-lang3;3.7 in central
[2024-11-24T02:45:08.547+0000] {spark_submit.py:495} INFO - found org.apache.commons#commons-text;1.4 in central
[2024-11-24T02:45:08.633+0000] {spark_submit.py:495} INFO - found org.apache.avro#avro;1.7.7 in central
[2024-11-24T02:45:08.655+0000] {spark_submit.py:495} INFO - found org.codehaus.jackson#jackson-core-asl;1.9.13 in central
[2024-11-24T02:45:08.668+0000] {spark_submit.py:495} INFO - found org.codehaus.jackson#jackson-mapper-asl;1.9.13 in central
[2024-11-24T02:45:08.684+0000] {spark_submit.py:495} INFO - found com.thoughtworks.paranamer#paranamer;2.3 in central
[2024-11-24T02:45:08.711+0000] {spark_submit.py:495} INFO - found org.apache.commons#commons-compress;1.18 in central
[2024-11-24T02:45:08.730+0000] {spark_submit.py:495} INFO - found com.google.re2j#re2j;1.1 in central
[2024-11-24T02:45:08.743+0000] {spark_submit.py:495} INFO - found com.google.protobuf#protobuf-java;2.5.0 in central
[2024-11-24T02:45:08.803+0000] {spark_submit.py:495} INFO - found com.google.code.gson#gson;2.2.4 in central
[2024-11-24T02:45:08.853+0000] {spark_submit.py:495} INFO - found org.apache.hadoop#hadoop-auth;3.2.1 in central
[2024-11-24T02:45:08.946+0000] {spark_submit.py:495} INFO - found com.nimbusds#nimbus-jose-jwt;4.41.1 in central
[2024-11-24T02:45:08.994+0000] {spark_submit.py:495} INFO - found com.github.stephenc.jcip#jcip-annotations;1.0-1 in spark-list
[2024-11-24T02:45:09.026+0000] {spark_submit.py:495} INFO - found net.minidev#json-smart;2.3 in central
[2024-11-24T02:45:09.054+0000] {spark_submit.py:495} INFO - found net.minidev#accessors-smart;1.2 in central
[2024-11-24T02:45:09.091+0000] {spark_submit.py:495} INFO - found org.ow2.asm#asm;5.0.4 in central
[2024-11-24T02:45:09.134+0000] {spark_submit.py:495} INFO - found org.apache.curator#curator-framework;2.13.0 in central
[2024-11-24T02:45:09.141+0000] {spark_submit.py:495} INFO - found org.apache.curator#curator-client;2.13.0 in central
[2024-11-24T02:45:09.180+0000] {spark_submit.py:495} INFO - found org.apache.kerby#kerb-simplekdc;1.0.1 in central
[2024-11-24T02:45:09.200+0000] {spark_submit.py:495} INFO - found org.apache.kerby#kerb-client;1.0.1 in central
[2024-11-24T02:45:09.212+0000] {spark_submit.py:495} INFO - found org.apache.kerby#kerby-config;1.0.1 in central
[2024-11-24T02:45:09.228+0000] {spark_submit.py:495} INFO - found org.apache.kerby#kerb-core;1.0.1 in central
[2024-11-24T02:45:09.239+0000] {spark_submit.py:495} INFO - found org.apache.kerby#kerby-pkix;1.0.1 in central
[2024-11-24T02:45:09.261+0000] {spark_submit.py:495} INFO - found org.apache.kerby#kerby-asn1;1.0.1 in central
[2024-11-24T02:45:09.280+0000] {spark_submit.py:495} INFO - found org.apache.kerby#kerby-util;1.0.1 in central
[2024-11-24T02:45:09.298+0000] {spark_submit.py:495} INFO - found org.apache.kerby#kerb-common;1.0.1 in central
[2024-11-24T02:45:09.332+0000] {spark_submit.py:495} INFO - found org.apache.kerby#kerb-crypto;1.0.1 in central
[2024-11-24T02:45:09.356+0000] {spark_submit.py:495} INFO - found org.apache.kerby#kerb-util;1.0.1 in central
[2024-11-24T02:45:09.374+0000] {spark_submit.py:495} INFO - found org.apache.kerby#token-provider;1.0.1 in central
[2024-11-24T02:45:09.405+0000] {spark_submit.py:495} INFO - found org.apache.kerby#kerb-admin;1.0.1 in central
[2024-11-24T02:45:09.427+0000] {spark_submit.py:495} INFO - found org.apache.kerby#kerb-server;1.0.1 in central
[2024-11-24T02:45:09.444+0000] {spark_submit.py:495} INFO - found org.apache.kerby#kerb-identity;1.0.1 in central
[2024-11-24T02:45:09.862+0000] {spark_submit.py:495} INFO - found org.apache.kerby#kerby-xdr;1.0.1 in central
[2024-11-24T02:45:09.957+0000] {spark_submit.py:495} INFO - found org.apache.curator#curator-recipes;2.13.0 in central
[2024-11-24T02:45:09.983+0000] {spark_submit.py:495} INFO - found org.apache.htrace#htrace-core4;4.1.0-incubating in central
[2024-11-24T02:45:10.036+0000] {spark_submit.py:495} INFO - found com.fasterxml.jackson.core#jackson-databind;2.9.8 in central
[2024-11-24T02:45:10.066+0000] {spark_submit.py:495} INFO - found com.fasterxml.jackson.core#jackson-annotations;2.9.8 in central
[2024-11-24T02:45:10.133+0000] {spark_submit.py:495} INFO - found com.fasterxml.jackson.core#jackson-core;2.9.8 in central
[2024-11-24T02:45:10.207+0000] {spark_submit.py:495} INFO - found org.codehaus.woodstox#stax2-api;3.1.4 in central
[2024-11-24T02:45:10.233+0000] {spark_submit.py:495} INFO - found com.fasterxml.woodstox#woodstox-core;5.0.3 in central
[2024-11-24T02:45:10.290+0000] {spark_submit.py:495} INFO - found dnsjava#dnsjava;2.1.7 in central
[2024-11-24T02:45:10.410+0000] {spark_submit.py:495} INFO - found javax.servlet.jsp#jsp-api;2.1 in central
[2024-11-24T02:45:10.483+0000] {spark_submit.py:495} INFO - found org.apache.hadoop#hadoop-hdfs-client;3.2.1 in central
[2024-11-24T02:45:10.517+0000] {spark_submit.py:495} INFO - found com.squareup.okhttp#okhttp;2.7.5 in central
[2024-11-24T02:45:10.538+0000] {spark_submit.py:495} INFO - found com.squareup.okio#okio;1.6.0 in central
[2024-11-24T02:45:10.583+0000] {spark_submit.py:495} INFO - found org.apache.hadoop#hadoop-yarn-api;3.2.1 in central
[2024-11-24T02:45:10.641+0000] {spark_submit.py:495} INFO - found javax.xml.bind#jaxb-api;2.2.11 in central
[2024-11-24T02:45:10.664+0000] {spark_submit.py:495} INFO - found org.apache.hadoop#hadoop-yarn-client;3.2.1 in central
[2024-11-24T02:45:10.702+0000] {spark_submit.py:495} INFO - found org.apache.hadoop#hadoop-mapreduce-client-core;3.2.1 in central
[2024-11-24T02:45:10.724+0000] {spark_submit.py:495} INFO - found org.apache.hadoop#hadoop-yarn-common;3.2.1 in central
[2024-11-24T02:45:10.864+0000] {spark_submit.py:495} INFO - found javax.servlet#javax.servlet-api;3.1.0 in central
[2024-11-24T02:45:10.884+0000] {spark_submit.py:495} INFO - found org.eclipse.jetty#jetty-util;9.3.24.v20180605 in central
[2024-11-24T02:45:10.897+0000] {spark_submit.py:495} INFO - found com.sun.jersey#jersey-core;1.19 in central
[2024-11-24T02:45:10.928+0000] {spark_submit.py:495} INFO - found javax.ws.rs#jsr311-api;1.1.1 in central
[2024-11-24T02:45:10.947+0000] {spark_submit.py:495} INFO - found com.sun.jersey#jersey-client;1.19 in central
[2024-11-24T02:45:11.124+0000] {spark_submit.py:495} INFO - found com.fasterxml.jackson.module#jackson-module-jaxb-annotations;2.9.8 in central
[2024-11-24T02:45:11.151+0000] {spark_submit.py:495} INFO - found com.fasterxml.jackson.jaxrs#jackson-jaxrs-json-provider;2.9.8 in central
[2024-11-24T02:45:11.198+0000] {spark_submit.py:495} INFO - found com.fasterxml.jackson.jaxrs#jackson-jaxrs-base;2.9.8 in central
[2024-11-24T02:45:11.279+0000] {spark_submit.py:495} INFO - found org.apache.hadoop#hadoop-mapreduce-client-jobclient;3.2.1 in central
[2024-11-24T02:45:11.371+0000] {spark_submit.py:495} INFO - found org.apache.hadoop#hadoop-mapreduce-client-common;3.2.1 in central
[2024-11-24T02:45:16.308+0000] {spark_submit.py:495} INFO - downloading https://repo1.maven.org/maven2/org/apache/hadoop/hadoop-client-runtime/3.3.4/hadoop-client-runtime-3.3.4.jar ...
