[2024-11-23T16:59:40.820+0000] {local_task_job_runner.py:120} INFO - ::group::Pre task execution logs
[2024-11-23T16:59:40.943+0000] {taskinstance.py:2076} INFO - Dependencies all met for dep_context=non-requeueable deps ti=<TaskInstance: sensor_data_consumer.sensor_data_consumer manual__2024-11-23T16:59:34.757530+00:00 [queued]>
[2024-11-23T16:59:40.987+0000] {taskinstance.py:2076} INFO - Dependencies all met for dep_context=requeueable deps ti=<TaskInstance: sensor_data_consumer.sensor_data_consumer manual__2024-11-23T16:59:34.757530+00:00 [queued]>
[2024-11-23T16:59:40.988+0000] {taskinstance.py:2306} INFO - Starting attempt 1 of 1
[2024-11-23T16:59:41.535+0000] {taskinstance.py:2330} INFO - Executing <Task(SparkSubmitOperator): sensor_data_consumer> on 2024-11-23 16:59:34.757530+00:00
[2024-11-23T16:59:41.571+0000] {standard_task_runner.py:64} INFO - Started process 325 to run task
[2024-11-23T16:59:41.613+0000] {standard_task_runner.py:90} INFO - Running: ['***', 'tasks', 'run', 'sensor_data_consumer', 'sensor_data_consumer', 'manual__2024-11-23T16:59:34.757530+00:00', '--job-id', '17', '--raw', '--subdir', 'DAGS_FOLDER/***_consumer.py', '--cfg-path', '/tmp/tmpzfjjy4h7']
[2024-11-23T16:59:41.619+0000] {standard_task_runner.py:91} INFO - Job 17: Subtask sensor_data_consumer
[2024-11-23T16:59:41.953+0000] {task_command.py:426} INFO - Running <TaskInstance: sensor_data_consumer.sensor_data_consumer manual__2024-11-23T16:59:34.757530+00:00 [running]> on host 3e147e79ce3d
[2024-11-23T16:59:42.481+0000] {taskinstance.py:2648} INFO - Exporting env vars: AIRFLOW_CTX_DAG_OWNER='Bich Ly' AIRFLOW_CTX_DAG_ID='sensor_data_consumer' AIRFLOW_CTX_TASK_ID='sensor_data_consumer' AIRFLOW_CTX_EXECUTION_DATE='2024-11-23T16:59:34.757530+00:00' AIRFLOW_CTX_TRY_NUMBER='1' AIRFLOW_CTX_DAG_RUN_ID='manual__2024-11-23T16:59:34.757530+00:00'
[2024-11-23T16:59:42.482+0000] {taskinstance.py:430} INFO - ::endgroup::
[2024-11-23T16:59:42.576+0000] {base.py:84} INFO - Using connection ID 'spark_default' for task execution.
[2024-11-23T16:59:42.578+0000] {spark_submit.py:344} INFO - Spark-Submit cmd: spark-submit --master spark://spark-master:7077 --packages org.apache.spark:spark-streaming-kafka-0-10_2.12:3.4.2,org.apache.spark:spark-sql-kafka-0-10_2.12:3.4.2,org.apache.hadoop:hadoop-client:3.2.1 --name KafkaSparkHDFS /opt/***/dags/spark_streaming_job.py
[2024-11-23T16:59:52.537+0000] {spark_submit.py:495} INFO - :: loading settings :: url = jar:file:/home/***/.local/lib/python3.11/site-packages/pyspark/jars/ivy-2.5.1.jar!/org/apache/ivy/core/settings/ivysettings.xml
[2024-11-23T16:59:54.661+0000] {spark_submit.py:495} INFO - Ivy Default Cache set to: /home/***/.ivy2/cache
[2024-11-23T16:59:54.661+0000] {spark_submit.py:495} INFO - The jars for the packages stored in: /home/***/.ivy2/jars
[2024-11-23T16:59:54.814+0000] {spark_submit.py:495} INFO - org.apache.spark#spark-streaming-kafka-0-10_2.12 added as a dependency
[2024-11-23T16:59:54.857+0000] {spark_submit.py:495} INFO - org.apache.spark#spark-sql-kafka-0-10_2.12 added as a dependency
[2024-11-23T16:59:54.858+0000] {spark_submit.py:495} INFO - org.apache.hadoop#hadoop-client added as a dependency
[2024-11-23T16:59:54.858+0000] {spark_submit.py:495} INFO - :: resolving dependencies :: org.apache.spark#spark-submit-parent-893e9ed1-92e9-4803-a571-24543e4f9469;1.0
[2024-11-23T16:59:54.859+0000] {spark_submit.py:495} INFO - confs: [default]
[2024-11-23T16:59:57.590+0000] {spark_submit.py:495} INFO - found org.apache.spark#spark-streaming-kafka-0-10_2.12;3.4.2 in central
[2024-11-23T16:59:57.812+0000] {spark_submit.py:495} INFO - found org.apache.spark#spark-token-provider-kafka-0-10_2.12;3.4.2 in central
[2024-11-23T16:59:57.917+0000] {spark_submit.py:495} INFO - found org.apache.kafka#kafka-clients;3.3.2 in central
[2024-11-23T16:59:57.961+0000] {spark_submit.py:495} INFO - found org.lz4#lz4-java;1.8.0 in central
[2024-11-23T16:59:58.011+0000] {spark_submit.py:495} INFO - found org.xerial.snappy#snappy-java;1.1.10.3 in central
[2024-11-23T16:59:58.051+0000] {spark_submit.py:495} INFO - found org.slf4j#slf4j-api;2.0.6 in central
[2024-11-23T16:59:58.129+0000] {spark_submit.py:495} INFO - found org.apache.hadoop#hadoop-client-runtime;3.3.4 in central
[2024-11-23T16:59:58.191+0000] {spark_submit.py:495} INFO - found org.apache.hadoop#hadoop-client-api;3.3.4 in central
[2024-11-23T16:59:58.257+0000] {spark_submit.py:495} INFO - found commons-logging#commons-logging;1.1.3 in central
[2024-11-23T16:59:58.289+0000] {spark_submit.py:495} INFO - found com.google.code.findbugs#jsr305;3.0.0 in central
[2024-11-23T16:59:58.395+0000] {spark_submit.py:495} INFO - found org.apache.spark#spark-sql-kafka-0-10_2.12;3.4.2 in central
[2024-11-23T16:59:58.453+0000] {spark_submit.py:495} INFO - found org.apache.commons#commons-pool2;2.11.1 in central
[2024-11-23T16:59:58.520+0000] {spark_submit.py:495} INFO - found org.apache.hadoop#hadoop-client;3.2.1 in central
[2024-11-23T16:59:58.681+0000] {spark_submit.py:495} INFO - found org.apache.hadoop#hadoop-common;3.2.1 in central
[2024-11-23T16:59:58.751+0000] {spark_submit.py:495} INFO - found org.apache.hadoop#hadoop-annotations;3.2.1 in central
[2024-11-23T16:59:58.824+0000] {spark_submit.py:495} INFO - found com.google.guava#guava;27.0-jre in central
[2024-11-23T16:59:59.000+0000] {spark_submit.py:495} INFO - found com.google.guava#failureaccess;1.0 in central
[2024-11-23T16:59:59.067+0000] {spark_submit.py:495} INFO - found com.google.guava#listenablefuture;9999.0-empty-to-avoid-conflict-with-guava in central
[2024-11-23T16:59:59.224+0000] {spark_submit.py:495} INFO - found org.checkerframework#checker-qual;2.5.2 in central
[2024-11-23T16:59:59.955+0000] {spark_submit.py:495} INFO - found com.google.errorprone#error_prone_annotations;2.2.0 in central
[2024-11-23T17:00:01.101+0000] {spark_submit.py:495} INFO - found com.google.j2objc#j2objc-annotations;1.1 in central
[2024-11-23T17:00:02.002+0000] {spark_submit.py:495} INFO - found org.codehaus.mojo#animal-sniffer-annotations;1.17 in central
[2024-11-23T17:00:02.352+0000] {spark_submit.py:495} INFO - found commons-cli#commons-cli;1.2 in central
[2024-11-23T17:00:02.808+0000] {spark_submit.py:495} INFO - found org.apache.commons#commons-math3;3.1.1 in central
[2024-11-23T17:00:03.034+0000] {spark_submit.py:495} INFO - found org.apache.httpcomponents#httpclient;4.5.6 in central
[2024-11-23T17:00:03.413+0000] {spark_submit.py:495} INFO - found org.apache.httpcomponents#httpcore;4.4.10 in central
[2024-11-23T17:00:03.620+0000] {spark_submit.py:495} INFO - found commons-codec#commons-codec;1.11 in central
[2024-11-23T17:00:03.938+0000] {spark_submit.py:495} INFO - found commons-io#commons-io;2.5 in central
[2024-11-23T17:00:04.099+0000] {spark_submit.py:495} INFO - found commons-net#commons-net;3.6 in central
[2024-11-23T17:00:04.202+0000] {spark_submit.py:495} INFO - found commons-collections#commons-collections;3.2.2 in central
[2024-11-23T17:00:04.247+0000] {spark_submit.py:495} INFO - found org.eclipse.jetty#jetty-servlet;9.3.24.v20180605 in central
[2024-11-23T17:00:04.308+0000] {spark_submit.py:495} INFO - found org.eclipse.jetty#jetty-security;9.3.24.v20180605 in central
[2024-11-23T17:00:04.340+0000] {spark_submit.py:495} INFO - found org.eclipse.jetty#jetty-webapp;9.3.24.v20180605 in central
[2024-11-23T17:00:04.397+0000] {spark_submit.py:495} INFO - found org.eclipse.jetty#jetty-xml;9.3.24.v20180605 in central
[2024-11-23T17:00:04.494+0000] {spark_submit.py:495} INFO - found com.sun.jersey#jersey-servlet;1.19 in central
[2024-11-23T17:00:04.532+0000] {spark_submit.py:495} INFO - found log4j#log4j;1.2.17 in central
[2024-11-23T17:00:04.649+0000] {spark_submit.py:495} INFO - found commons-beanutils#commons-beanutils;1.9.3 in central
[2024-11-23T17:00:04.783+0000] {spark_submit.py:495} INFO - found org.apache.commons#commons-configuration2;2.1.1 in central
[2024-11-23T17:00:04.887+0000] {spark_submit.py:495} INFO - found org.apache.commons#commons-lang3;3.7 in central
[2024-11-23T17:00:05.153+0000] {spark_submit.py:495} INFO - found org.apache.commons#commons-text;1.4 in central
[2024-11-23T17:00:05.437+0000] {spark_submit.py:495} INFO - found org.apache.avro#avro;1.7.7 in central
[2024-11-23T17:00:05.569+0000] {spark_submit.py:495} INFO - found org.codehaus.jackson#jackson-core-asl;1.9.13 in central
[2024-11-23T17:00:05.678+0000] {spark_submit.py:495} INFO - found org.codehaus.jackson#jackson-mapper-asl;1.9.13 in central
[2024-11-23T17:00:05.885+0000] {spark_submit.py:495} INFO - found com.thoughtworks.paranamer#paranamer;2.3 in central
[2024-11-23T17:00:06.013+0000] {spark_submit.py:495} INFO - found org.apache.commons#commons-compress;1.18 in central
[2024-11-23T17:00:06.112+0000] {spark_submit.py:495} INFO - found com.google.re2j#re2j;1.1 in central
[2024-11-23T17:00:06.207+0000] {spark_submit.py:495} INFO - found com.google.protobuf#protobuf-java;2.5.0 in central
[2024-11-23T17:00:06.320+0000] {spark_submit.py:495} INFO - found com.google.code.gson#gson;2.2.4 in central
[2024-11-23T17:00:06.431+0000] {spark_submit.py:495} INFO - found org.apache.hadoop#hadoop-auth;3.2.1 in central
[2024-11-23T17:00:06.581+0000] {spark_submit.py:495} INFO - found com.nimbusds#nimbus-jose-jwt;4.41.1 in central
[2024-11-23T17:00:06.704+0000] {spark_submit.py:495} INFO - found com.github.stephenc.jcip#jcip-annotations;1.0-1 in central
[2024-11-23T17:00:06.868+0000] {spark_submit.py:495} INFO - found net.minidev#json-smart;2.3 in central
[2024-11-23T17:00:06.897+0000] {spark_submit.py:495} INFO - found net.minidev#accessors-smart;1.2 in central
[2024-11-23T17:00:06.945+0000] {spark_submit.py:495} INFO - found org.ow2.asm#asm;5.0.4 in central
[2024-11-23T17:00:07.203+0000] {spark_submit.py:495} INFO - found org.apache.curator#curator-framework;2.13.0 in central
[2024-11-23T17:00:08.113+0000] {spark_submit.py:495} INFO - found org.apache.curator#curator-client;2.13.0 in central
[2024-11-23T17:00:08.404+0000] {spark_submit.py:495} INFO - found org.apache.kerby#kerb-simplekdc;1.0.1 in central
[2024-11-23T17:00:08.795+0000] {spark_submit.py:495} INFO - found org.apache.kerby#kerb-client;1.0.1 in central
[2024-11-23T17:00:08.851+0000] {spark_submit.py:495} INFO - found org.apache.kerby#kerby-config;1.0.1 in central
[2024-11-23T17:00:08.925+0000] {spark_submit.py:495} INFO - found org.apache.kerby#kerb-core;1.0.1 in central
[2024-11-23T17:00:09.189+0000] {spark_submit.py:495} INFO - found org.apache.kerby#kerby-pkix;1.0.1 in central
[2024-11-23T17:00:09.360+0000] {spark_submit.py:495} INFO - found org.apache.kerby#kerby-asn1;1.0.1 in central
[2024-11-23T17:00:09.458+0000] {spark_submit.py:495} INFO - found org.apache.kerby#kerby-util;1.0.1 in central
[2024-11-23T17:00:09.499+0000] {spark_submit.py:495} INFO - found org.apache.kerby#kerb-common;1.0.1 in central
[2024-11-23T17:00:09.522+0000] {spark_submit.py:495} INFO - found org.apache.kerby#kerb-crypto;1.0.1 in central
[2024-11-23T17:00:09.554+0000] {spark_submit.py:495} INFO - found org.apache.kerby#kerb-util;1.0.1 in central
[2024-11-23T17:00:09.613+0000] {spark_submit.py:495} INFO - found org.apache.kerby#token-provider;1.0.1 in central
[2024-11-23T17:00:09.683+0000] {spark_submit.py:495} INFO - found org.apache.kerby#kerb-admin;1.0.1 in central
[2024-11-23T17:00:09.710+0000] {spark_submit.py:495} INFO - found org.apache.kerby#kerb-server;1.0.1 in central
[2024-11-23T17:00:09.780+0000] {spark_submit.py:495} INFO - found org.apache.kerby#kerb-identity;1.0.1 in central
[2024-11-23T17:00:09.875+0000] {spark_submit.py:495} INFO - found org.apache.kerby#kerby-xdr;1.0.1 in central
[2024-11-23T17:00:09.938+0000] {spark_submit.py:495} INFO - found org.apache.curator#curator-recipes;2.13.0 in central
[2024-11-23T17:00:10.016+0000] {spark_submit.py:495} INFO - found org.apache.htrace#htrace-core4;4.1.0-incubating in central
[2024-11-23T17:00:10.068+0000] {spark_submit.py:495} INFO - found com.fasterxml.jackson.core#jackson-databind;2.9.8 in central
[2024-11-23T17:00:10.084+0000] {spark_submit.py:495} INFO - found com.fasterxml.jackson.core#jackson-annotations;2.9.8 in central
[2024-11-23T17:00:10.105+0000] {spark_submit.py:495} INFO - found com.fasterxml.jackson.core#jackson-core;2.9.8 in central
[2024-11-23T17:00:10.122+0000] {spark_submit.py:495} INFO - found org.codehaus.woodstox#stax2-api;3.1.4 in central
[2024-11-23T17:00:10.136+0000] {spark_submit.py:495} INFO - found com.fasterxml.woodstox#woodstox-core;5.0.3 in central
[2024-11-23T17:00:10.301+0000] {spark_submit.py:495} INFO - found dnsjava#dnsjava;2.1.7 in central
[2024-11-23T17:00:10.301+0000] {spark_submit.py:495} INFO - found javax.servlet.jsp#jsp-api;2.1 in central
[2024-11-23T17:00:10.302+0000] {spark_submit.py:495} INFO - found org.apache.hadoop#hadoop-hdfs-client;3.2.1 in central
[2024-11-23T17:00:10.302+0000] {spark_submit.py:495} INFO - found com.squareup.okhttp#okhttp;2.7.5 in central
[2024-11-23T17:00:10.302+0000] {spark_submit.py:495} INFO - found com.squareup.okio#okio;1.6.0 in central
[2024-11-23T17:00:10.302+0000] {spark_submit.py:495} INFO - found org.apache.hadoop#hadoop-yarn-api;3.2.1 in central
[2024-11-23T17:00:10.302+0000] {spark_submit.py:495} INFO - found javax.xml.bind#jaxb-api;2.2.11 in central
[2024-11-23T17:00:10.303+0000] {spark_submit.py:495} INFO - found org.apache.hadoop#hadoop-yarn-client;3.2.1 in central
[2024-11-23T17:00:10.507+0000] {spark_submit.py:495} INFO - found org.apache.hadoop#hadoop-mapreduce-client-core;3.2.1 in central
[2024-11-23T17:00:10.580+0000] {spark_submit.py:495} INFO - found org.apache.hadoop#hadoop-yarn-common;3.2.1 in central
[2024-11-23T17:00:10.678+0000] {spark_submit.py:495} INFO - found javax.servlet#javax.servlet-api;3.1.0 in central
[2024-11-23T17:00:10.730+0000] {spark_submit.py:495} INFO - found org.eclipse.jetty#jetty-util;9.3.24.v20180605 in central
[2024-11-23T17:00:10.747+0000] {spark_submit.py:495} INFO - found com.sun.jersey#jersey-core;1.19 in central
[2024-11-23T17:00:10.768+0000] {spark_submit.py:495} INFO - found javax.ws.rs#jsr311-api;1.1.1 in central
[2024-11-23T17:00:10.795+0000] {spark_submit.py:495} INFO - found com.sun.jersey#jersey-client;1.19 in central
[2024-11-23T17:00:10.924+0000] {spark_submit.py:495} INFO - found com.fasterxml.jackson.module#jackson-module-jaxb-annotations;2.9.8 in central
[2024-11-23T17:00:11.262+0000] {spark_submit.py:495} INFO - found com.fasterxml.jackson.jaxrs#jackson-jaxrs-json-provider;2.9.8 in central
[2024-11-23T17:00:11.334+0000] {spark_submit.py:495} INFO - found com.fasterxml.jackson.jaxrs#jackson-jaxrs-base;2.9.8 in central
[2024-11-23T17:00:11.475+0000] {spark_submit.py:495} INFO - found org.apache.hadoop#hadoop-mapreduce-client-jobclient;3.2.1 in central
[2024-11-23T17:00:11.571+0000] {spark_submit.py:495} INFO - found org.apache.hadoop#hadoop-mapreduce-client-common;3.2.1 in central
[2024-11-23T17:00:21.499+0000] {spark_submit.py:495} INFO - downloading https://repo1.maven.org/maven2/org/apache/hadoop/hadoop-client-runtime/3.3.4/hadoop-client-runtime-3.3.4.jar ...
[2024-11-23T17:01:30.902+0000] {job.py:218} ERROR - Job heartbeat got an exception
Traceback (most recent call last):
  File "/home/airflow/.local/lib/python3.11/site-packages/sqlalchemy/engine/base.py", line 3371, in _wrap_pool_connect
    return fn()
           ^^^^
  File "/home/airflow/.local/lib/python3.11/site-packages/sqlalchemy/pool/base.py", line 327, in connect
    return _ConnectionFairy._checkout(self)
           ^^^^^^^^^^^^^^^^^^^^^^^^^^^^^^^^
  File "/home/airflow/.local/lib/python3.11/site-packages/sqlalchemy/pool/base.py", line 894, in _checkout
    fairy = _ConnectionRecord.checkout(pool)
            ^^^^^^^^^^^^^^^^^^^^^^^^^^^^^^^^
  File "/home/airflow/.local/lib/python3.11/site-packages/sqlalchemy/pool/base.py", line 493, in checkout
    rec = pool._do_get()
          ^^^^^^^^^^^^^^
  File "/home/airflow/.local/lib/python3.11/site-packages/sqlalchemy/pool/impl.py", line 256, in _do_get
    return self._create_connection()
           ^^^^^^^^^^^^^^^^^^^^^^^^^
  File "/home/airflow/.local/lib/python3.11/site-packages/sqlalchemy/pool/base.py", line 273, in _create_connection
    return _ConnectionRecord(self)
           ^^^^^^^^^^^^^^^^^^^^^^^
  File "/home/airflow/.local/lib/python3.11/site-packages/sqlalchemy/pool/base.py", line 388, in __init__
    self.__connect()
  File "/home/airflow/.local/lib/python3.11/site-packages/sqlalchemy/pool/base.py", line 690, in __connect
    with util.safe_reraise():
  File "/home/airflow/.local/lib/python3.11/site-packages/sqlalchemy/util/langhelpers.py", line 70, in __exit__
    compat.raise_(
  File "/home/airflow/.local/lib/python3.11/site-packages/sqlalchemy/util/compat.py", line 211, in raise_
    raise exception
  File "/home/airflow/.local/lib/python3.11/site-packages/sqlalchemy/pool/base.py", line 686, in __connect
    self.dbapi_connection = connection = pool._invoke_creator(self)
                                         ^^^^^^^^^^^^^^^^^^^^^^^^^^
  File "/home/airflow/.local/lib/python3.11/site-packages/sqlalchemy/engine/create.py", line 574, in connect
    return dialect.connect(*cargs, **cparams)
           ^^^^^^^^^^^^^^^^^^^^^^^^^^^^^^^^^^
  File "/home/airflow/.local/lib/python3.11/site-packages/sqlalchemy/engine/default.py", line 598, in connect
    return self.dbapi.connect(*cargs, **cparams)
           ^^^^^^^^^^^^^^^^^^^^^^^^^^^^^^^^^^^^^
  File "/home/airflow/.local/lib/python3.11/site-packages/psycopg2/__init__.py", line 122, in connect
    conn = _connect(dsn, connection_factory=connection_factory, **kwasync)
           ^^^^^^^^^^^^^^^^^^^^^^^^^^^^^^^^^^^^^^^^^^^^^^^^^^^^^^^^^^^^^^^
psycopg2.OperationalError: could not translate host name "postgres" to address: Temporary failure in name resolution


The above exception was the direct cause of the following exception:

Traceback (most recent call last):
  File "/home/airflow/.local/lib/python3.11/site-packages/airflow/jobs/job.py", line 213, in heartbeat
    heartbeat_callback(session)
  File "/home/airflow/.local/lib/python3.11/site-packages/airflow/utils/session.py", line 76, in wrapper
    return func(*args, **kwargs)
           ^^^^^^^^^^^^^^^^^^^^^
  File "/home/airflow/.local/lib/python3.11/site-packages/airflow/jobs/local_task_job_runner.py", line 261, in heartbeat_callback
    self.task_instance.refresh_from_db()
  File "/home/airflow/.local/lib/python3.11/site-packages/airflow/utils/session.py", line 79, in wrapper
    return func(*args, session=session, **kwargs)
           ^^^^^^^^^^^^^^^^^^^^^^^^^^^^^^^^^^^^^^
  File "/home/airflow/.local/lib/python3.11/site-packages/airflow/models/taskinstance.py", line 1821, in refresh_from_db
    _refresh_from_db(task_instance=self, session=session, lock_for_update=lock_for_update)
  File "/home/airflow/.local/lib/python3.11/site-packages/airflow/models/taskinstance.py", line 510, in _refresh_from_db
    ti = TaskInstance.get_task_instance(
         ^^^^^^^^^^^^^^^^^^^^^^^^^^^^^^^
  File "/home/airflow/.local/lib/python3.11/site-packages/airflow/api_internal/internal_api_call.py", line 115, in wrapper
    return func(*args, **kwargs)
           ^^^^^^^^^^^^^^^^^^^^^
  File "/home/airflow/.local/lib/python3.11/site-packages/airflow/utils/session.py", line 76, in wrapper
    return func(*args, **kwargs)
           ^^^^^^^^^^^^^^^^^^^^^
  File "/home/airflow/.local/lib/python3.11/site-packages/airflow/models/taskinstance.py", line 1807, in get_task_instance
    return query.one_or_none()
           ^^^^^^^^^^^^^^^^^^^
  File "/home/airflow/.local/lib/python3.11/site-packages/sqlalchemy/orm/query.py", line 2850, in one_or_none
    return self._iter().one_or_none()
           ^^^^^^^^^^^^
  File "/home/airflow/.local/lib/python3.11/site-packages/sqlalchemy/orm/query.py", line 2916, in _iter
    result = self.session.execute(
             ^^^^^^^^^^^^^^^^^^^^^
  File "/home/airflow/.local/lib/python3.11/site-packages/sqlalchemy/orm/session.py", line 1716, in execute
    conn = self._connection_for_bind(bind)
           ^^^^^^^^^^^^^^^^^^^^^^^^^^^^^^^
  File "/home/airflow/.local/lib/python3.11/site-packages/sqlalchemy/orm/session.py", line 1555, in _connection_for_bind
    return self._transaction._connection_for_bind(
           ^^^^^^^^^^^^^^^^^^^^^^^^^^^^^^^^^^^^^^^
  File "/home/airflow/.local/lib/python3.11/site-packages/sqlalchemy/orm/session.py", line 750, in _connection_for_bind
    conn = bind.connect()
           ^^^^^^^^^^^^^^
  File "/home/airflow/.local/lib/python3.11/site-packages/sqlalchemy/future/engine.py", line 412, in connect
    return super(Engine, self).connect()
           ^^^^^^^^^^^^^^^^^^^^^^^^^^^^^
  File "/home/airflow/.local/lib/python3.11/site-packages/sqlalchemy/engine/base.py", line 3325, in connect
    return self._connection_cls(self, close_with_result=close_with_result)
           ^^^^^^^^^^^^^^^^^^^^^^^^^^^^^^^^^^^^^^^^^^^^^^^^^^^^^^^^^^^^^^^
  File "/home/airflow/.local/lib/python3.11/site-packages/sqlalchemy/engine/base.py", line 96, in __init__
    else engine.raw_connection()
         ^^^^^^^^^^^^^^^^^^^^^^^
  File "/home/airflow/.local/lib/python3.11/site-packages/sqlalchemy/engine/base.py", line 3404, in raw_connection
    return self._wrap_pool_connect(self.pool.connect, _connection)
           ^^^^^^^^^^^^^^^^^^^^^^^^^^^^^^^^^^^^^^^^^^^^^^^^^^^^^^^
  File "/home/airflow/.local/lib/python3.11/site-packages/sqlalchemy/engine/base.py", line 3374, in _wrap_pool_connect
    Connection._handle_dbapi_exception_noconnection(
  File "/home/airflow/.local/lib/python3.11/site-packages/sqlalchemy/engine/base.py", line 2208, in _handle_dbapi_exception_noconnection
    util.raise_(
  File "/home/airflow/.local/lib/python3.11/site-packages/sqlalchemy/util/compat.py", line 211, in raise_
    raise exception
  File "/home/airflow/.local/lib/python3.11/site-packages/sqlalchemy/engine/base.py", line 3371, in _wrap_pool_connect
    return fn()
           ^^^^
  File "/home/airflow/.local/lib/python3.11/site-packages/sqlalchemy/pool/base.py", line 327, in connect
    return _ConnectionFairy._checkout(self)
           ^^^^^^^^^^^^^^^^^^^^^^^^^^^^^^^^
  File "/home/airflow/.local/lib/python3.11/site-packages/sqlalchemy/pool/base.py", line 894, in _checkout
    fairy = _ConnectionRecord.checkout(pool)
            ^^^^^^^^^^^^^^^^^^^^^^^^^^^^^^^^
  File "/home/airflow/.local/lib/python3.11/site-packages/sqlalchemy/pool/base.py", line 493, in checkout
    rec = pool._do_get()
          ^^^^^^^^^^^^^^
  File "/home/airflow/.local/lib/python3.11/site-packages/sqlalchemy/pool/impl.py", line 256, in _do_get
    return self._create_connection()
           ^^^^^^^^^^^^^^^^^^^^^^^^^
  File "/home/airflow/.local/lib/python3.11/site-packages/sqlalchemy/pool/base.py", line 273, in _create_connection
    return _ConnectionRecord(self)
           ^^^^^^^^^^^^^^^^^^^^^^^
  File "/home/airflow/.local/lib/python3.11/site-packages/sqlalchemy/pool/base.py", line 388, in __init__
    self.__connect()
  File "/home/airflow/.local/lib/python3.11/site-packages/sqlalchemy/pool/base.py", line 690, in __connect
    with util.safe_reraise():
  File "/home/airflow/.local/lib/python3.11/site-packages/sqlalchemy/util/langhelpers.py", line 70, in __exit__
    compat.raise_(
  File "/home/airflow/.local/lib/python3.11/site-packages/sqlalchemy/util/compat.py", line 211, in raise_
    raise exception
  File "/home/airflow/.local/lib/python3.11/site-packages/sqlalchemy/pool/base.py", line 686, in __connect
    self.dbapi_connection = connection = pool._invoke_creator(self)
                                         ^^^^^^^^^^^^^^^^^^^^^^^^^^
  File "/home/airflow/.local/lib/python3.11/site-packages/sqlalchemy/engine/create.py", line 574, in connect
    return dialect.connect(*cargs, **cparams)
           ^^^^^^^^^^^^^^^^^^^^^^^^^^^^^^^^^^
  File "/home/airflow/.local/lib/python3.11/site-packages/sqlalchemy/engine/default.py", line 598, in connect
    return self.dbapi.connect(*cargs, **cparams)
           ^^^^^^^^^^^^^^^^^^^^^^^^^^^^^^^^^^^^^
  File "/home/airflow/.local/lib/python3.11/site-packages/psycopg2/__init__.py", line 122, in connect
    conn = _connect(dsn, connection_factory=connection_factory, **kwasync)
           ^^^^^^^^^^^^^^^^^^^^^^^^^^^^^^^^^^^^^^^^^^^^^^^^^^^^^^^^^^^^^^^
sqlalchemy.exc.OperationalError: (psycopg2.OperationalError) could not translate host name "postgres" to address: Temporary failure in name resolution

(Background on this error at: https://sqlalche.me/e/14/e3q8)
[2024-11-23T17:04:14.152+0000] {job.py:226} ERROR - Job heartbeat failed with error. Scheduler is in unhealthy state
[2024-11-23T17:08:18.832+0000] {job.py:226} ERROR - Job heartbeat failed with error. Scheduler is in unhealthy state
