[2024-11-01T15:40:38.987+0000] {local_task_job_runner.py:120} INFO - ::group::Pre task execution logs
[2024-11-01T15:40:40.255+0000] {taskinstance.py:2076} INFO - Dependencies all met for dep_context=non-requeueable deps ti=<TaskInstance: sensor_data_consumer.sensor_data_consumer manual__2024-11-01T15:39:52.385347+00:00 [queued]>
[2024-11-01T15:40:40.279+0000] {taskinstance.py:2076} INFO - Dependencies all met for dep_context=requeueable deps ti=<TaskInstance: sensor_data_consumer.sensor_data_consumer manual__2024-11-01T15:39:52.385347+00:00 [queued]>
[2024-11-01T15:40:40.280+0000] {taskinstance.py:2306} INFO - Starting attempt 1 of 1
[2024-11-01T15:40:40.371+0000] {taskinstance.py:2330} INFO - Executing <Task(SparkSubmitOperator): sensor_data_consumer> on 2024-11-01 15:39:52.385347+00:00
[2024-11-01T15:40:40.467+0000] {standard_task_runner.py:90} INFO - Running: ['***', 'tasks', 'run', 'sensor_data_consumer', 'sensor_data_consumer', 'manual__2024-11-01T15:39:52.385347+00:00', '--job-id', '403', '--raw', '--subdir', 'DAGS_FOLDER/***_consumer.py', '--cfg-path', '/tmp/tmpu_663130']
[2024-11-01T15:40:40.492+0000] {standard_task_runner.py:91} INFO - Job 403: Subtask sensor_data_consumer
[2024-11-01T15:40:40.451+0000] {standard_task_runner.py:64} INFO - Started process 1008 to run task
[2024-11-01T15:40:44.141+0000] {task_command.py:426} INFO - Running <TaskInstance: sensor_data_consumer.sensor_data_consumer manual__2024-11-01T15:39:52.385347+00:00 [running]> on host 458d68760919
[2024-11-01T15:40:46.241+0000] {taskinstance.py:2648} INFO - Exporting env vars: AIRFLOW_CTX_DAG_OWNER='Bich Ly' AIRFLOW_CTX_DAG_ID='sensor_data_consumer' AIRFLOW_CTX_TASK_ID='sensor_data_consumer' AIRFLOW_CTX_EXECUTION_DATE='2024-11-01T15:39:52.385347+00:00' AIRFLOW_CTX_TRY_NUMBER='1' AIRFLOW_CTX_DAG_RUN_ID='manual__2024-11-01T15:39:52.385347+00:00'
[2024-11-01T15:40:46.242+0000] {taskinstance.py:430} INFO - ::endgroup::
[2024-11-01T15:40:46.417+0000] {base.py:84} INFO - Using connection ID 'spark_default' for task execution.
[2024-11-01T15:40:46.420+0000] {spark_submit.py:344} INFO - Spark-Submit cmd: spark-submit --master spark://spark-master:7077 --name KafkaSparkHDFS /opt/***/dags/spark_streaming_job.py
[2024-11-01T15:45:27.491+0000] {spark_submit.py:495} INFO - 24/11/01 15:45:27 INFO SparkContext: Running Spark version 3.4.2
[2024-11-01T15:45:36.639+0000] {spark_submit.py:495} INFO - 24/11/01 15:45:36 WARN NativeCodeLoader: Unable to load native-hadoop library for your platform... using builtin-java classes where applicable
[2024-11-01T15:45:42.148+0000] {spark_submit.py:495} INFO - 24/11/01 15:45:42 INFO ResourceUtils: ==============================================================
[2024-11-01T15:45:42.297+0000] {spark_submit.py:495} INFO - 24/11/01 15:45:42 INFO ResourceUtils: No custom resources configured for spark.driver.
[2024-11-01T15:45:42.348+0000] {spark_submit.py:495} INFO - 24/11/01 15:45:42 INFO ResourceUtils: ==============================================================
[2024-11-01T15:45:42.449+0000] {spark_submit.py:495} INFO - 24/11/01 15:45:42 INFO SparkContext: Submitted application: KafkaSparkStreaming
[2024-11-01T15:45:44.130+0000] {spark_submit.py:495} INFO - 24/11/01 15:45:44 INFO ResourceProfile: Default ResourceProfile created, executor resources: Map(memory -> name: memory, amount: 1024, script: , vendor: , offHeap -> name: offHeap, amount: 0, script: , vendor: ), task resources: Map(cpus -> name: cpus, amount: 1.0)
[2024-11-01T15:45:44.466+0000] {spark_submit.py:495} INFO - 24/11/01 15:45:44 INFO ResourceProfile: Limiting resource is cpu
[2024-11-01T15:45:44.642+0000] {spark_submit.py:495} INFO - 24/11/01 15:45:44 INFO ResourceProfileManager: Added ResourceProfile id: 0
[2024-11-01T15:45:47.139+0000] {spark_submit.py:495} INFO - 24/11/01 15:45:47 INFO SecurityManager: Changing view acls to: ***
[2024-11-01T15:45:47.160+0000] {spark_submit.py:495} INFO - 24/11/01 15:45:47 INFO SecurityManager: Changing modify acls to: ***
[2024-11-01T15:45:47.194+0000] {spark_submit.py:495} INFO - 24/11/01 15:45:47 INFO SecurityManager: Changing view acls groups to:
[2024-11-01T15:45:47.194+0000] {spark_submit.py:495} INFO - 24/11/01 15:45:47 INFO SecurityManager: Changing modify acls groups to:
[2024-11-01T15:45:47.195+0000] {spark_submit.py:495} INFO - 24/11/01 15:45:47 INFO SecurityManager: SecurityManager: authentication disabled; ui acls disabled; users with view permissions: ***; groups with view permissions: EMPTY; users with modify permissions: ***; groups with modify permissions: EMPTY
[2024-11-01T15:45:58.056+0000] {spark_submit.py:495} INFO - 24/11/01 15:45:58 INFO Utils: Successfully started service 'sparkDriver' on port 41871.
[2024-11-01T15:45:59.153+0000] {spark_submit.py:495} INFO - 24/11/01 15:45:59 INFO SparkEnv: Registering MapOutputTracker
[2024-11-01T15:46:00.045+0000] {spark_submit.py:495} INFO - 24/11/01 15:46:00 INFO SparkEnv: Registering BlockManagerMaster
[2024-11-01T15:46:00.269+0000] {spark_submit.py:495} INFO - 24/11/01 15:46:00 INFO BlockManagerMasterEndpoint: Using org.apache.spark.storage.DefaultTopologyMapper for getting topology information
[2024-11-01T15:46:00.299+0000] {spark_submit.py:495} INFO - 24/11/01 15:46:00 INFO BlockManagerMasterEndpoint: BlockManagerMasterEndpoint up
[2024-11-01T15:46:00.884+0000] {spark_submit.py:495} INFO - 24/11/01 15:46:00 INFO SparkEnv: Registering BlockManagerMasterHeartbeat
[2024-11-01T15:46:01.537+0000] {spark_submit.py:495} INFO - 24/11/01 15:46:01 INFO DiskBlockManager: Created local directory at /tmp/blockmgr-88fa8ead-4015-48d3-982f-2266bf3c0ed0
[2024-11-01T15:46:01.954+0000] {spark_submit.py:495} INFO - 24/11/01 15:46:01 INFO MemoryStore: MemoryStore started with capacity 434.4 MiB
[2024-11-01T15:46:02.757+0000] {spark_submit.py:495} INFO - 24/11/01 15:46:02 INFO SparkEnv: Registering OutputCommitCoordinator
[2024-11-01T15:46:07.082+0000] {spark_submit.py:495} INFO - 24/11/01 15:46:07 INFO JettyUtils: Start Jetty 0.0.0.0:4040 for SparkUI
[2024-11-01T15:46:10.873+0000] {spark_submit.py:495} INFO - 24/11/01 15:46:10 INFO Utils: Successfully started service 'SparkUI' on port 4040.
[2024-11-01T15:46:18.898+0000] {spark_submit.py:495} INFO - 24/11/01 15:46:18 INFO StandaloneAppClient$ClientEndpoint: Connecting to master spark://spark-master:7077...
[2024-11-01T15:46:20.863+0000] {spark_submit.py:495} INFO - 24/11/01 15:46:20 INFO TransportClientFactory: Successfully created connection to spark-master/172.22.0.3:7077 after 1196 ms (0 ms spent in bootstraps)
[2024-11-01T15:46:25.122+0000] {spark_submit.py:495} INFO - 24/11/01 15:46:25 INFO StandaloneSchedulerBackend: Connected to Spark cluster with app ID app-20241101154624-0002
[2024-11-01T15:46:25.151+0000] {spark_submit.py:495} INFO - 24/11/01 15:46:25 INFO StandaloneAppClient$ClientEndpoint: Executor added: app-20241101154624-0002/0 on worker-20241101151448-172.22.0.4-37811 (172.22.0.4:37811) with 1 core(s)
[2024-11-01T15:46:25.955+0000] {spark_submit.py:495} INFO - 24/11/01 15:46:25 INFO StandaloneSchedulerBackend: Granted executor ID app-20241101154624-0002/0 on hostPort 172.22.0.4:37811 with 1 core(s), 1024.0 MiB RAM
[2024-11-01T15:46:26.501+0000] {spark_submit.py:495} INFO - 24/11/01 15:46:26 INFO Utils: Successfully started service 'org.apache.spark.network.netty.NettyBlockTransferService' on port 38105.
[2024-11-01T15:46:26.621+0000] {spark_submit.py:495} INFO - 24/11/01 15:46:26 INFO NettyBlockTransferService: Server created on 458d68760919:38105
[2024-11-01T15:46:26.622+0000] {spark_submit.py:495} INFO - 24/11/01 15:46:26 INFO BlockManager: Using org.apache.spark.storage.RandomBlockReplicationPolicy for block replication policy
[2024-11-01T15:46:27.049+0000] {spark_submit.py:495} INFO - 24/11/01 15:46:27 INFO BlockManagerMaster: Registering BlockManager BlockManagerId(driver, 458d68760919, 38105, None)
[2024-11-01T15:46:29.353+0000] {spark_submit.py:495} INFO - 24/11/01 15:46:29 INFO BlockManagerMasterEndpoint: Registering block manager 458d68760919:38105 with 434.4 MiB RAM, BlockManagerId(driver, 458d68760919, 38105, None)
[2024-11-01T15:46:29.464+0000] {spark_submit.py:495} INFO - 24/11/01 15:46:29 INFO BlockManagerMaster: Registered BlockManager BlockManagerId(driver, 458d68760919, 38105, None)
[2024-11-01T15:46:29.587+0000] {spark_submit.py:495} INFO - 24/11/01 15:46:29 INFO BlockManager: Initialized BlockManager: BlockManagerId(driver, 458d68760919, 38105, None)
[2024-11-01T15:46:29.893+0000] {spark_submit.py:495} INFO - 24/11/01 15:46:29 INFO StandaloneAppClient$ClientEndpoint: Executor updated: app-20241101154624-0002/0 is now RUNNING
[2024-11-01T15:46:40.622+0000] {spark_submit.py:495} INFO - 24/11/01 15:46:40 INFO StandaloneSchedulerBackend: SchedulerBackend is ready for scheduling beginning after reached minRegisteredResourcesRatio: 0.0
[2024-11-01T15:47:26.226+0000] {spark_submit.py:495} INFO - 24/11/01 15:47:26 INFO SharedState: Setting hive.metastore.warehouse.dir ('null') to the value of spark.sql.warehouse.dir.
[2024-11-01T15:47:26.718+0000] {spark_submit.py:495} INFO - 24/11/01 15:47:26 INFO SharedState: Warehouse path is 'file:/opt/***/spark-warehouse'.
[2024-11-01T15:48:51.716+0000] {spark_submit.py:495} INFO - Traceback (most recent call last):
[2024-11-01T15:48:51.717+0000] {spark_submit.py:495} INFO - File "/opt/***/dags/spark_streaming_job.py", line 42, in <module>
[2024-11-01T15:48:51.718+0000] {spark_submit.py:495} INFO - spark_streaming_job()
[2024-11-01T15:48:51.719+0000] {spark_submit.py:495} INFO - File "/opt/***/dags/spark_streaming_job.py", line 25, in spark_streaming_job
[2024-11-01T15:48:51.720+0000] {spark_submit.py:495} INFO - .load()
[2024-11-01T15:48:51.720+0000] {spark_submit.py:495} INFO - ^^^^^^
[2024-11-01T15:48:51.721+0000] {spark_submit.py:495} INFO - File "/home/***/.local/lib/python3.11/site-packages/pyspark/python/lib/pyspark.zip/pyspark/sql/streaming/readwriter.py", line 277, in load
[2024-11-01T15:48:51.728+0000] {spark_submit.py:495} INFO - File "/home/***/.local/lib/python3.11/site-packages/pyspark/python/lib/py4j-0.10.9.7-src.zip/py4j/java_gateway.py", line 1322, in __call__
[2024-11-01T15:48:51.729+0000] {spark_submit.py:495} INFO - File "/home/***/.local/lib/python3.11/site-packages/pyspark/python/lib/pyspark.zip/pyspark/errors/exceptions/captured.py", line 175, in deco
[2024-11-01T15:48:51.758+0000] {spark_submit.py:495} INFO - pyspark.errors.exceptions.captured.AnalysisException: Failed to find data source: kafka. Please deploy the application as per the deployment section of Structured Streaming + Kafka Integration Guide.
[2024-11-01T15:48:53.236+0000] {spark_submit.py:495} INFO - 24/11/01 15:48:53 INFO SparkContext: Invoking stop() from shutdown hook
[2024-11-01T15:48:53.236+0000] {spark_submit.py:495} INFO - 24/11/01 15:48:53 INFO SparkContext: SparkContext is stopping with exitCode 0.
[2024-11-01T15:48:54.063+0000] {spark_submit.py:495} INFO - 24/11/01 15:48:54 INFO SparkUI: Stopped Spark web UI at http://458d68760919:4040
[2024-11-01T15:48:54.487+0000] {spark_submit.py:495} INFO - 24/11/01 15:48:54 INFO StandaloneSchedulerBackend: Shutting down all executors
[2024-11-01T15:48:54.498+0000] {spark_submit.py:495} INFO - 24/11/01 15:48:54 INFO StandaloneSchedulerBackend$StandaloneDriverEndpoint: Asking each executor to shut down
[2024-11-01T15:48:55.401+0000] {spark_submit.py:495} INFO - 24/11/01 15:48:55 INFO MapOutputTrackerMasterEndpoint: MapOutputTrackerMasterEndpoint stopped!
[2024-11-01T15:48:56.164+0000] {spark_submit.py:495} INFO - 24/11/01 15:48:56 INFO MemoryStore: MemoryStore cleared
[2024-11-01T15:48:56.230+0000] {spark_submit.py:495} INFO - 24/11/01 15:48:56 INFO BlockManager: BlockManager stopped
[2024-11-01T15:48:56.481+0000] {spark_submit.py:495} INFO - 24/11/01 15:48:56 INFO BlockManagerMaster: BlockManagerMaster stopped
[2024-11-01T15:48:56.648+0000] {spark_submit.py:495} INFO - 24/11/01 15:48:56 INFO OutputCommitCoordinator$OutputCommitCoordinatorEndpoint: OutputCommitCoordinator stopped!
[2024-11-01T15:48:58.251+0000] {spark_submit.py:495} INFO - 24/11/01 15:48:58 INFO SparkContext: Successfully stopped SparkContext
[2024-11-01T15:48:58.292+0000] {spark_submit.py:495} INFO - 24/11/01 15:48:58 INFO ShutdownHookManager: Shutdown hook called
[2024-11-01T15:48:58.356+0000] {spark_submit.py:495} INFO - 24/11/01 15:48:58 INFO ShutdownHookManager: Deleting directory /tmp/spark-c0c6cdcb-a270-4d4b-a0ea-19f105897c7a
[2024-11-01T15:48:58.893+0000] {spark_submit.py:495} INFO - 24/11/01 15:48:58 INFO ShutdownHookManager: Deleting directory /tmp/spark-4ea7bb97-defa-48e7-a105-544ff3b24e9b
[2024-11-01T15:48:59.081+0000] {spark_submit.py:495} INFO - 24/11/01 15:48:59 INFO ShutdownHookManager: Deleting directory /tmp/spark-4ea7bb97-defa-48e7-a105-544ff3b24e9b/pyspark-d0a6a599-0594-490c-b21f-328ec681ee68
[2024-11-01T15:49:00.836+0000] {taskinstance.py:441} INFO - ::group::Post task execution logs
[2024-11-01T15:49:01.007+0000] {taskinstance.py:2905} ERROR - Task failed with exception
Traceback (most recent call last):
  File "/home/airflow/.local/lib/python3.11/site-packages/airflow/models/taskinstance.py", line 465, in _execute_task
    result = _execute_callable(context=context, **execute_callable_kwargs)
             ^^^^^^^^^^^^^^^^^^^^^^^^^^^^^^^^^^^^^^^^^^^^^^^^^^^^^^^^^^^^^
  File "/home/airflow/.local/lib/python3.11/site-packages/airflow/models/taskinstance.py", line 432, in _execute_callable
    return execute_callable(context=context, **execute_callable_kwargs)
           ^^^^^^^^^^^^^^^^^^^^^^^^^^^^^^^^^^^^^^^^^^^^^^^^^^^^^^^^^^^^
  File "/home/airflow/.local/lib/python3.11/site-packages/airflow/models/baseoperator.py", line 401, in wrapper
    return func(self, *args, **kwargs)
           ^^^^^^^^^^^^^^^^^^^^^^^^^^^
  File "/home/airflow/.local/lib/python3.11/site-packages/airflow/providers/apache/spark/operators/spark_submit.py", line 157, in execute
    self._hook.submit(self._application)
  File "/home/airflow/.local/lib/python3.11/site-packages/airflow/providers/apache/spark/hooks/spark_submit.py", line 426, in submit
    raise AirflowException(
airflow.exceptions.AirflowException: Cannot execute: spark-submit --master spark://spark-master:7077 --name KafkaSparkHDFS /opt/***/dags/spark_streaming_job.py. Error code is: 1.
[2024-11-01T15:49:01.365+0000] {taskinstance.py:1206} INFO - Marking task as FAILED. dag_id=sensor_data_consumer, task_id=sensor_data_consumer, run_id=manual__2024-11-01T15:39:52.385347+00:00, execution_date=20241101T153952, start_date=20241101T154040, end_date=20241101T154901
[2024-11-01T15:49:01.546+0000] {standard_task_runner.py:110} ERROR - Failed to execute job 403 for task sensor_data_consumer (Cannot execute: spark-submit --master spark://spark-master:7077 --name KafkaSparkHDFS /opt/***/dags/spark_streaming_job.py. Error code is: 1.; 1008)
[2024-11-01T15:49:01.632+0000] {local_task_job_runner.py:243} INFO - Task exited with return code 1
[2024-11-01T15:49:01.873+0000] {taskinstance.py:3503} INFO - 0 downstream tasks scheduled from follow-on schedule check
[2024-11-01T15:49:01.889+0000] {local_task_job_runner.py:222} INFO - ::endgroup::
