[2024-11-03T08:38:08.129+0000] {local_task_job_runner.py:120} INFO - ::group::Pre task execution logs
[2024-11-03T08:38:08.710+0000] {taskinstance.py:2076} INFO - Dependencies all met for dep_context=non-requeueable deps ti=<TaskInstance: sensor_data_consumer.sensor_data_consumer manual__2024-11-03T08:37:52.252033+00:00 [queued]>
[2024-11-03T08:38:09.293+0000] {taskinstance.py:2076} INFO - Dependencies all met for dep_context=requeueable deps ti=<TaskInstance: sensor_data_consumer.sensor_data_consumer manual__2024-11-03T08:37:52.252033+00:00 [queued]>
[2024-11-03T08:38:09.294+0000] {taskinstance.py:2306} INFO - Starting attempt 1 of 1
[2024-11-03T08:38:10.675+0000] {taskinstance.py:2330} INFO - Executing <Task(SparkSubmitOperator): sensor_data_consumer> on 2024-11-03 08:37:52.252033+00:00
[2024-11-03T08:38:10.688+0000] {standard_task_runner.py:64} INFO - Started process 667 to run task
[2024-11-03T08:38:10.707+0000] {standard_task_runner.py:90} INFO - Running: ['***', 'tasks', 'run', 'sensor_data_consumer', 'sensor_data_consumer', 'manual__2024-11-03T08:37:52.252033+00:00', '--job-id', '95', '--raw', '--subdir', 'DAGS_FOLDER/***_consumer.py', '--cfg-path', '/tmp/tmph81jw5__']
[2024-11-03T08:38:10.841+0000] {standard_task_runner.py:91} INFO - Job 95: Subtask sensor_data_consumer
[2024-11-03T08:38:11.975+0000] {task_command.py:426} INFO - Running <TaskInstance: sensor_data_consumer.sensor_data_consumer manual__2024-11-03T08:37:52.252033+00:00 [running]> on host 7d9160448bdc
[2024-11-03T08:38:15.265+0000] {taskinstance.py:2648} INFO - Exporting env vars: AIRFLOW_CTX_DAG_OWNER='Bich Ly' AIRFLOW_CTX_DAG_ID='sensor_data_consumer' AIRFLOW_CTX_TASK_ID='sensor_data_consumer' AIRFLOW_CTX_EXECUTION_DATE='2024-11-03T08:37:52.252033+00:00' AIRFLOW_CTX_TRY_NUMBER='1' AIRFLOW_CTX_DAG_RUN_ID='manual__2024-11-03T08:37:52.252033+00:00'
[2024-11-03T08:38:15.273+0000] {taskinstance.py:430} INFO - ::endgroup::
[2024-11-03T08:38:15.707+0000] {spark_submit.py:222} INFO - Could not load connection string spark_default, defaulting to yarn
[2024-11-03T08:38:15.721+0000] {spark_submit.py:344} INFO - Spark-Submit cmd: spark-submit --master yarn --conf spark.yarn.appMasterEnv.HADOOP_CONF_DIR=/opt/hadoop-3.2.1/etc/hadoop --packages org.apache.spark:spark-streaming-kafka-0-10_2.12:3.4.2,org.apache.spark:spark-sql-kafka-0-10_2.12:3.4.2,org.apache.hadoop:hadoop-client:3.2.1 --name KafkaSparkHDFS /opt/***/dags/spark_streaming_job.py
[2024-11-03T08:39:02.117+0000] {spark_submit.py:495} INFO - :: loading settings :: url = jar:file:/home/***/.local/lib/python3.11/site-packages/pyspark/jars/ivy-2.5.1.jar!/org/apache/ivy/core/settings/ivysettings.xml
[2024-11-03T08:39:04.528+0000] {spark_submit.py:495} INFO - Ivy Default Cache set to: /home/***/.ivy2/cache
[2024-11-03T08:39:04.532+0000] {spark_submit.py:495} INFO - The jars for the packages stored in: /home/***/.ivy2/jars
[2024-11-03T08:39:04.635+0000] {spark_submit.py:495} INFO - org.apache.spark#spark-streaming-kafka-0-10_2.12 added as a dependency
[2024-11-03T08:39:04.636+0000] {spark_submit.py:495} INFO - org.apache.spark#spark-sql-kafka-0-10_2.12 added as a dependency
[2024-11-03T08:39:04.636+0000] {spark_submit.py:495} INFO - org.apache.hadoop#hadoop-client added as a dependency
[2024-11-03T08:39:04.685+0000] {spark_submit.py:495} INFO - :: resolving dependencies :: org.apache.spark#spark-submit-parent-51ea4f27-6bb0-4513-a9b4-7f8d438395ba;1.0
[2024-11-03T08:39:04.686+0000] {spark_submit.py:495} INFO - confs: [default]
[2024-11-03T08:39:13.970+0000] {spark_submit.py:495} INFO - found org.apache.spark#spark-streaming-kafka-0-10_2.12;3.4.2 in central
[2024-11-03T08:39:15.220+0000] {spark_submit.py:495} INFO - found org.apache.spark#spark-token-provider-kafka-0-10_2.12;3.4.2 in central
[2024-11-03T08:39:15.654+0000] {spark_submit.py:495} INFO - found org.apache.kafka#kafka-clients;3.3.2 in central
[2024-11-03T08:39:16.199+0000] {spark_submit.py:495} INFO - found org.lz4#lz4-java;1.8.0 in central
[2024-11-03T08:39:16.607+0000] {spark_submit.py:495} INFO - found org.xerial.snappy#snappy-java;1.1.10.3 in central
[2024-11-03T08:39:17.043+0000] {spark_submit.py:495} INFO - found org.slf4j#slf4j-api;2.0.6 in central
[2024-11-03T08:39:18.264+0000] {spark_submit.py:495} INFO - found org.apache.hadoop#hadoop-client-runtime;3.3.4 in central
[2024-11-03T08:39:18.800+0000] {spark_submit.py:495} INFO - found org.apache.hadoop#hadoop-client-api;3.3.4 in central
[2024-11-03T08:39:19.546+0000] {spark_submit.py:495} INFO - found commons-logging#commons-logging;1.1.3 in central
[2024-11-03T08:39:19.784+0000] {spark_submit.py:495} INFO - found com.google.code.findbugs#jsr305;3.0.0 in central
[2024-11-03T08:39:20.178+0000] {spark_submit.py:495} INFO - found org.apache.spark#spark-sql-kafka-0-10_2.12;3.4.2 in central
[2024-11-03T08:39:20.439+0000] {spark_submit.py:495} INFO - found org.apache.commons#commons-pool2;2.11.1 in central
[2024-11-03T08:39:20.616+0000] {spark_submit.py:495} INFO - found org.apache.hadoop#hadoop-client;3.2.1 in central
[2024-11-03T08:39:20.954+0000] {spark_submit.py:495} INFO - found org.apache.hadoop#hadoop-common;3.2.1 in central
[2024-11-03T08:39:20.955+0000] {spark_submit.py:495} INFO - found org.apache.hadoop#hadoop-annotations;3.2.1 in central
[2024-11-03T08:39:21.465+0000] {spark_submit.py:495} INFO - found com.google.guava#guava;27.0-jre in central
[2024-11-03T08:39:21.545+0000] {spark_submit.py:495} INFO - found com.google.guava#failureaccess;1.0 in central
[2024-11-03T08:39:22.014+0000] {spark_submit.py:495} INFO - found com.google.guava#listenablefuture;9999.0-empty-to-avoid-conflict-with-guava in central
[2024-11-03T08:39:22.054+0000] {spark_submit.py:495} INFO - found org.checkerframework#checker-qual;2.5.2 in central
[2024-11-03T08:39:22.058+0000] {spark_submit.py:495} INFO - found com.google.errorprone#error_prone_annotations;2.2.0 in central
[2024-11-03T08:39:22.079+0000] {spark_submit.py:495} INFO - found com.google.j2objc#j2objc-annotations;1.1 in central
[2024-11-03T08:39:22.113+0000] {spark_submit.py:495} INFO - found org.codehaus.mojo#animal-sniffer-annotations;1.17 in central
[2024-11-03T08:39:22.729+0000] {spark_submit.py:495} INFO - found commons-cli#commons-cli;1.2 in central
[2024-11-03T08:39:22.855+0000] {spark_submit.py:495} INFO - found org.apache.commons#commons-math3;3.1.1 in central
[2024-11-03T08:39:23.606+0000] {spark_submit.py:495} INFO - found org.apache.httpcomponents#httpclient;4.5.6 in central
[2024-11-03T08:39:23.931+0000] {spark_submit.py:495} INFO - found org.apache.httpcomponents#httpcore;4.4.10 in central
[2024-11-03T08:39:24.164+0000] {spark_submit.py:495} INFO - found commons-codec#commons-codec;1.11 in central
[2024-11-03T08:39:24.354+0000] {spark_submit.py:495} INFO - found commons-io#commons-io;2.5 in central
[2024-11-03T08:39:24.541+0000] {spark_submit.py:495} INFO - found commons-net#commons-net;3.6 in central
[2024-11-03T08:39:24.595+0000] {spark_submit.py:495} INFO - found commons-collections#commons-collections;3.2.2 in central
[2024-11-03T08:39:24.667+0000] {spark_submit.py:495} INFO - found org.eclipse.jetty#jetty-servlet;9.3.24.v20180605 in central
[2024-11-03T08:39:24.729+0000] {spark_submit.py:495} INFO - found org.eclipse.jetty#jetty-security;9.3.24.v20180605 in central
[2024-11-03T08:39:24.838+0000] {spark_submit.py:495} INFO - found org.eclipse.jetty#jetty-webapp;9.3.24.v20180605 in central
[2024-11-03T08:39:26.050+0000] {spark_submit.py:495} INFO - found org.eclipse.jetty#jetty-xml;9.3.24.v20180605 in central
[2024-11-03T08:39:26.400+0000] {spark_submit.py:495} INFO - found com.sun.jersey#jersey-servlet;1.19 in central
[2024-11-03T08:39:26.533+0000] {spark_submit.py:495} INFO - found log4j#log4j;1.2.17 in central
[2024-11-03T08:39:27.072+0000] {spark_submit.py:495} INFO - found commons-beanutils#commons-beanutils;1.9.3 in central
[2024-11-03T08:39:28.159+0000] {spark_submit.py:495} INFO - found org.apache.commons#commons-configuration2;2.1.1 in central
[2024-11-03T08:39:28.964+0000] {spark_submit.py:495} INFO - found org.apache.commons#commons-lang3;3.7 in central
[2024-11-03T08:39:29.719+0000] {spark_submit.py:495} INFO - found org.apache.commons#commons-text;1.4 in central
[2024-11-03T08:39:30.767+0000] {spark_submit.py:495} INFO - found org.apache.avro#avro;1.7.7 in central
[2024-11-03T08:39:31.585+0000] {spark_submit.py:495} INFO - found org.codehaus.jackson#jackson-core-asl;1.9.13 in central
[2024-11-03T08:39:31.875+0000] {spark_submit.py:495} INFO - found org.codehaus.jackson#jackson-mapper-asl;1.9.13 in central
[2024-11-03T08:39:32.024+0000] {spark_submit.py:495} INFO - found com.thoughtworks.paranamer#paranamer;2.3 in central
[2024-11-03T08:39:32.714+0000] {spark_submit.py:495} INFO - found org.apache.commons#commons-compress;1.18 in central
[2024-11-03T08:39:32.714+0000] {spark_submit.py:495} INFO - found com.google.re2j#re2j;1.1 in central
[2024-11-03T08:39:32.715+0000] {spark_submit.py:495} INFO - found com.google.protobuf#protobuf-java;2.5.0 in central
[2024-11-03T08:39:32.756+0000] {spark_submit.py:495} INFO - found com.google.code.gson#gson;2.2.4 in central
[2024-11-03T08:39:33.222+0000] {spark_submit.py:495} INFO - found org.apache.hadoop#hadoop-auth;3.2.1 in central
[2024-11-03T08:39:33.583+0000] {spark_submit.py:495} INFO - found com.nimbusds#nimbus-jose-jwt;4.41.1 in central
[2024-11-03T08:39:33.718+0000] {spark_submit.py:495} INFO - found com.github.stephenc.jcip#jcip-annotations;1.0-1 in central
[2024-11-03T08:39:33.718+0000] {spark_submit.py:495} INFO - found net.minidev#json-smart;2.3 in central
[2024-11-03T08:39:33.835+0000] {spark_submit.py:495} INFO - found net.minidev#accessors-smart;1.2 in central
[2024-11-03T08:39:34.052+0000] {spark_submit.py:495} INFO - found org.ow2.asm#asm;5.0.4 in central
[2024-11-03T08:39:34.083+0000] {spark_submit.py:495} INFO - found org.apache.curator#curator-framework;2.13.0 in central
[2024-11-03T08:39:34.428+0000] {spark_submit.py:495} INFO - found org.apache.curator#curator-client;2.13.0 in central
[2024-11-03T08:39:34.494+0000] {spark_submit.py:495} INFO - found org.apache.kerby#kerb-simplekdc;1.0.1 in central
[2024-11-03T08:39:34.540+0000] {spark_submit.py:495} INFO - found org.apache.kerby#kerb-client;1.0.1 in central
[2024-11-03T08:39:34.645+0000] {spark_submit.py:495} INFO - found org.apache.kerby#kerby-config;1.0.1 in central
[2024-11-03T08:39:35.529+0000] {spark_submit.py:495} INFO - found org.apache.kerby#kerb-core;1.0.1 in central
[2024-11-03T08:39:35.951+0000] {spark_submit.py:495} INFO - found org.apache.kerby#kerby-pkix;1.0.1 in central
[2024-11-03T08:39:36.075+0000] {spark_submit.py:495} INFO - found org.apache.kerby#kerby-asn1;1.0.1 in central
[2024-11-03T08:39:36.185+0000] {spark_submit.py:495} INFO - found org.apache.kerby#kerby-util;1.0.1 in central
[2024-11-03T08:39:36.495+0000] {spark_submit.py:495} INFO - found org.apache.kerby#kerb-common;1.0.1 in central
[2024-11-03T08:39:36.875+0000] {spark_submit.py:495} INFO - found org.apache.kerby#kerb-crypto;1.0.1 in central
[2024-11-03T08:39:37.219+0000] {spark_submit.py:495} INFO - found org.apache.kerby#kerb-util;1.0.1 in central
[2024-11-03T08:39:37.666+0000] {spark_submit.py:495} INFO - found org.apache.kerby#token-provider;1.0.1 in central
[2024-11-03T08:39:38.005+0000] {spark_submit.py:495} INFO - found org.apache.kerby#kerb-admin;1.0.1 in central
[2024-11-03T08:39:38.522+0000] {spark_submit.py:495} INFO - found org.apache.kerby#kerb-server;1.0.1 in central
[2024-11-03T08:39:39.324+0000] {spark_submit.py:495} INFO - found org.apache.kerby#kerb-identity;1.0.1 in central
[2024-11-03T08:39:39.874+0000] {spark_submit.py:495} INFO - found org.apache.kerby#kerby-xdr;1.0.1 in central
[2024-11-03T08:39:40.212+0000] {spark_submit.py:495} INFO - found org.apache.curator#curator-recipes;2.13.0 in central
[2024-11-03T08:39:40.471+0000] {spark_submit.py:495} INFO - found org.apache.htrace#htrace-core4;4.1.0-incubating in central
[2024-11-03T08:39:40.654+0000] {spark_submit.py:495} INFO - found com.fasterxml.jackson.core#jackson-databind;2.9.8 in central
[2024-11-03T08:39:40.655+0000] {spark_submit.py:495} INFO - found com.fasterxml.jackson.core#jackson-annotations;2.9.8 in central
[2024-11-03T08:39:41.724+0000] {spark_submit.py:495} INFO - found com.fasterxml.jackson.core#jackson-core;2.9.8 in central
[2024-11-03T08:39:43.468+0000] {spark_submit.py:495} INFO - found org.codehaus.woodstox#stax2-api;3.1.4 in central
[2024-11-03T08:39:43.836+0000] {spark_submit.py:495} INFO - found com.fasterxml.woodstox#woodstox-core;5.0.3 in central
[2024-11-03T08:39:45.063+0000] {spark_submit.py:495} INFO - found dnsjava#dnsjava;2.1.7 in central
[2024-11-03T08:39:47.229+0000] {spark_submit.py:495} INFO - found javax.servlet.jsp#jsp-api;2.1 in central
[2024-11-03T08:39:48.706+0000] {spark_submit.py:495} INFO - found org.apache.hadoop#hadoop-hdfs-client;3.2.1 in central
[2024-11-03T08:39:48.797+0000] {spark_submit.py:495} INFO - found com.squareup.okhttp#okhttp;2.7.5 in central
[2024-11-03T08:39:50.068+0000] {spark_submit.py:495} INFO - found com.squareup.okio#okio;1.6.0 in central
[2024-11-03T08:39:50.432+0000] {spark_submit.py:495} INFO - found org.apache.hadoop#hadoop-yarn-api;3.2.1 in central
[2024-11-03T08:39:51.047+0000] {spark_submit.py:495} INFO - found javax.xml.bind#jaxb-api;2.2.11 in central
[2024-11-03T08:39:52.164+0000] {spark_submit.py:495} INFO - found org.apache.hadoop#hadoop-yarn-client;3.2.1 in central
[2024-11-03T08:39:53.609+0000] {spark_submit.py:495} INFO - found org.apache.hadoop#hadoop-mapreduce-client-core;3.2.1 in central
[2024-11-03T08:39:55.101+0000] {spark_submit.py:495} INFO - found org.apache.hadoop#hadoop-yarn-common;3.2.1 in central
[2024-11-03T08:39:55.414+0000] {spark_submit.py:495} INFO - found javax.servlet#javax.servlet-api;3.1.0 in central
[2024-11-03T08:39:55.587+0000] {spark_submit.py:495} INFO - found org.eclipse.jetty#jetty-util;9.3.24.v20180605 in central
[2024-11-03T08:39:55.979+0000] {spark_submit.py:495} INFO - found com.sun.jersey#jersey-core;1.19 in central
[2024-11-03T08:39:56.772+0000] {spark_submit.py:495} INFO - found javax.ws.rs#jsr311-api;1.1.1 in central
[2024-11-03T08:39:57.126+0000] {spark_submit.py:495} INFO - found com.sun.jersey#jersey-client;1.19 in central
[2024-11-03T08:39:58.544+0000] {spark_submit.py:495} INFO - found com.fasterxml.jackson.module#jackson-module-jaxb-annotations;2.9.8 in central
[2024-11-03T08:39:58.879+0000] {spark_submit.py:495} INFO - found com.fasterxml.jackson.jaxrs#jackson-jaxrs-json-provider;2.9.8 in central
[2024-11-03T08:39:59.161+0000] {spark_submit.py:495} INFO - found com.fasterxml.jackson.jaxrs#jackson-jaxrs-base;2.9.8 in central
[2024-11-03T08:39:59.456+0000] {spark_submit.py:495} INFO - found org.apache.hadoop#hadoop-mapreduce-client-jobclient;3.2.1 in central
[2024-11-03T08:39:59.856+0000] {spark_submit.py:495} INFO - found org.apache.hadoop#hadoop-mapreduce-client-common;3.2.1 in central
[2024-11-03T08:40:00.761+0000] {spark_submit.py:495} INFO - :: resolution report :: resolve 55605ms :: artifacts dl 482ms
[2024-11-03T08:40:00.774+0000] {spark_submit.py:495} INFO - :: modules in use:
[2024-11-03T08:40:00.774+0000] {spark_submit.py:495} INFO - com.fasterxml.jackson.core#jackson-annotations;2.9.8 from central in [default]
[2024-11-03T08:40:00.774+0000] {spark_submit.py:495} INFO - com.fasterxml.jackson.core#jackson-core;2.9.8 from central in [default]
[2024-11-03T08:40:00.775+0000] {spark_submit.py:495} INFO - com.fasterxml.jackson.core#jackson-databind;2.9.8 from central in [default]
[2024-11-03T08:40:00.813+0000] {spark_submit.py:495} INFO - com.fasterxml.jackson.jaxrs#jackson-jaxrs-base;2.9.8 from central in [default]
[2024-11-03T08:40:00.813+0000] {spark_submit.py:495} INFO - com.fasterxml.jackson.jaxrs#jackson-jaxrs-json-provider;2.9.8 from central in [default]
[2024-11-03T08:40:00.813+0000] {spark_submit.py:495} INFO - com.fasterxml.jackson.module#jackson-module-jaxb-annotations;2.9.8 from central in [default]
[2024-11-03T08:40:00.814+0000] {spark_submit.py:495} INFO - com.fasterxml.woodstox#woodstox-core;5.0.3 from central in [default]
[2024-11-03T08:40:00.814+0000] {spark_submit.py:495} INFO - com.github.stephenc.jcip#jcip-annotations;1.0-1 from central in [default]
[2024-11-03T08:40:00.814+0000] {spark_submit.py:495} INFO - com.google.code.findbugs#jsr305;3.0.0 from central in [default]
[2024-11-03T08:40:00.814+0000] {spark_submit.py:495} INFO - com.google.code.gson#gson;2.2.4 from central in [default]
[2024-11-03T08:40:00.815+0000] {spark_submit.py:495} INFO - com.google.errorprone#error_prone_annotations;2.2.0 from central in [default]
[2024-11-03T08:40:00.815+0000] {spark_submit.py:495} INFO - com.google.guava#failureaccess;1.0 from central in [default]
[2024-11-03T08:40:00.815+0000] {spark_submit.py:495} INFO - com.google.guava#guava;27.0-jre from central in [default]
[2024-11-03T08:40:00.859+0000] {spark_submit.py:495} INFO - com.google.guava#listenablefuture;9999.0-empty-to-avoid-conflict-with-guava from central in [default]
[2024-11-03T08:40:00.860+0000] {spark_submit.py:495} INFO - com.google.j2objc#j2objc-annotations;1.1 from central in [default]
[2024-11-03T08:40:00.897+0000] {spark_submit.py:495} INFO - com.google.protobuf#protobuf-java;2.5.0 from central in [default]
[2024-11-03T08:40:00.897+0000] {spark_submit.py:495} INFO - com.google.re2j#re2j;1.1 from central in [default]
[2024-11-03T08:40:00.898+0000] {spark_submit.py:495} INFO - com.nimbusds#nimbus-jose-jwt;4.41.1 from central in [default]
[2024-11-03T08:40:00.898+0000] {spark_submit.py:495} INFO - com.squareup.okhttp#okhttp;2.7.5 from central in [default]
[2024-11-03T08:40:00.898+0000] {spark_submit.py:495} INFO - com.squareup.okio#okio;1.6.0 from central in [default]
[2024-11-03T08:40:00.898+0000] {spark_submit.py:495} INFO - com.sun.jersey#jersey-client;1.19 from central in [default]
[2024-11-03T08:40:00.899+0000] {spark_submit.py:495} INFO - com.sun.jersey#jersey-core;1.19 from central in [default]
[2024-11-03T08:40:00.899+0000] {spark_submit.py:495} INFO - com.sun.jersey#jersey-servlet;1.19 from central in [default]
[2024-11-03T08:40:00.899+0000] {spark_submit.py:495} INFO - com.thoughtworks.paranamer#paranamer;2.3 from central in [default]
[2024-11-03T08:40:00.899+0000] {spark_submit.py:495} INFO - commons-beanutils#commons-beanutils;1.9.3 from central in [default]
[2024-11-03T08:40:00.899+0000] {spark_submit.py:495} INFO - commons-cli#commons-cli;1.2 from central in [default]
[2024-11-03T08:40:00.900+0000] {spark_submit.py:495} INFO - commons-codec#commons-codec;1.11 from central in [default]
[2024-11-03T08:40:00.900+0000] {spark_submit.py:495} INFO - commons-collections#commons-collections;3.2.2 from central in [default]
[2024-11-03T08:40:00.900+0000] {spark_submit.py:495} INFO - commons-io#commons-io;2.5 from central in [default]
[2024-11-03T08:40:00.900+0000] {spark_submit.py:495} INFO - commons-logging#commons-logging;1.1.3 from central in [default]
[2024-11-03T08:40:00.900+0000] {spark_submit.py:495} INFO - commons-net#commons-net;3.6 from central in [default]
[2024-11-03T08:40:00.901+0000] {spark_submit.py:495} INFO - dnsjava#dnsjava;2.1.7 from central in [default]
[2024-11-03T08:40:00.901+0000] {spark_submit.py:495} INFO - javax.servlet#javax.servlet-api;3.1.0 from central in [default]
[2024-11-03T08:40:00.901+0000] {spark_submit.py:495} INFO - javax.servlet.jsp#jsp-api;2.1 from central in [default]
[2024-11-03T08:40:00.901+0000] {spark_submit.py:495} INFO - javax.ws.rs#jsr311-api;1.1.1 from central in [default]
[2024-11-03T08:40:00.902+0000] {spark_submit.py:495} INFO - javax.xml.bind#jaxb-api;2.2.11 from central in [default]
[2024-11-03T08:40:00.902+0000] {spark_submit.py:495} INFO - log4j#log4j;1.2.17 from central in [default]
[2024-11-03T08:40:00.902+0000] {spark_submit.py:495} INFO - net.minidev#accessors-smart;1.2 from central in [default]
[2024-11-03T08:40:00.902+0000] {spark_submit.py:495} INFO - net.minidev#json-smart;2.3 from central in [default]
[2024-11-03T08:40:00.902+0000] {spark_submit.py:495} INFO - org.apache.avro#avro;1.7.7 from central in [default]
[2024-11-03T08:40:00.903+0000] {spark_submit.py:495} INFO - org.apache.commons#commons-compress;1.18 from central in [default]
[2024-11-03T08:40:00.903+0000] {spark_submit.py:495} INFO - org.apache.commons#commons-configuration2;2.1.1 from central in [default]
[2024-11-03T08:40:00.903+0000] {spark_submit.py:495} INFO - org.apache.commons#commons-lang3;3.7 from central in [default]
[2024-11-03T08:40:00.903+0000] {spark_submit.py:495} INFO - org.apache.commons#commons-math3;3.1.1 from central in [default]
[2024-11-03T08:40:00.903+0000] {spark_submit.py:495} INFO - org.apache.commons#commons-pool2;2.11.1 from central in [default]
[2024-11-03T08:40:00.904+0000] {spark_submit.py:495} INFO - org.apache.commons#commons-text;1.4 from central in [default]
[2024-11-03T08:40:00.904+0000] {spark_submit.py:495} INFO - org.apache.curator#curator-client;2.13.0 from central in [default]
[2024-11-03T08:40:00.904+0000] {spark_submit.py:495} INFO - org.apache.curator#curator-framework;2.13.0 from central in [default]
[2024-11-03T08:40:00.904+0000] {spark_submit.py:495} INFO - org.apache.curator#curator-recipes;2.13.0 from central in [default]
[2024-11-03T08:40:00.904+0000] {spark_submit.py:495} INFO - org.apache.hadoop#hadoop-annotations;3.2.1 from central in [default]
[2024-11-03T08:40:00.905+0000] {spark_submit.py:495} INFO - org.apache.hadoop#hadoop-auth;3.2.1 from central in [default]
[2024-11-03T08:40:00.905+0000] {spark_submit.py:495} INFO - org.apache.hadoop#hadoop-client;3.2.1 from central in [default]
[2024-11-03T08:40:00.905+0000] {spark_submit.py:495} INFO - org.apache.hadoop#hadoop-client-api;3.3.4 from central in [default]
[2024-11-03T08:40:00.905+0000] {spark_submit.py:495} INFO - org.apache.hadoop#hadoop-client-runtime;3.3.4 from central in [default]
[2024-11-03T08:40:00.905+0000] {spark_submit.py:495} INFO - org.apache.hadoop#hadoop-common;3.2.1 from central in [default]
[2024-11-03T08:40:00.906+0000] {spark_submit.py:495} INFO - org.apache.hadoop#hadoop-hdfs-client;3.2.1 from central in [default]
[2024-11-03T08:40:00.906+0000] {spark_submit.py:495} INFO - org.apache.hadoop#hadoop-mapreduce-client-common;3.2.1 from central in [default]
[2024-11-03T08:40:01.062+0000] {spark_submit.py:495} INFO - org.apache.hadoop#hadoop-mapreduce-client-core;3.2.1 from central in [default]
[2024-11-03T08:40:01.065+0000] {spark_submit.py:495} INFO - org.apache.hadoop#hadoop-mapreduce-client-jobclient;3.2.1 from central in [default]
[2024-11-03T08:40:01.065+0000] {spark_submit.py:495} INFO - org.apache.hadoop#hadoop-yarn-api;3.2.1 from central in [default]
[2024-11-03T08:40:01.068+0000] {spark_submit.py:495} INFO - org.apache.hadoop#hadoop-yarn-client;3.2.1 from central in [default]
[2024-11-03T08:40:01.068+0000] {spark_submit.py:495} INFO - org.apache.hadoop#hadoop-yarn-common;3.2.1 from central in [default]
[2024-11-03T08:40:01.068+0000] {spark_submit.py:495} INFO - org.apache.htrace#htrace-core4;4.1.0-incubating from central in [default]
[2024-11-03T08:40:01.068+0000] {spark_submit.py:495} INFO - org.apache.httpcomponents#httpclient;4.5.6 from central in [default]
[2024-11-03T08:40:01.069+0000] {spark_submit.py:495} INFO - org.apache.httpcomponents#httpcore;4.4.10 from central in [default]
[2024-11-03T08:40:01.233+0000] {spark_submit.py:495} INFO - org.apache.kafka#kafka-clients;3.3.2 from central in [default]
[2024-11-03T08:40:01.233+0000] {spark_submit.py:495} INFO - org.apache.kerby#kerb-admin;1.0.1 from central in [default]
[2024-11-03T08:40:01.234+0000] {spark_submit.py:495} INFO - org.apache.kerby#kerb-client;1.0.1 from central in [default]
[2024-11-03T08:40:01.274+0000] {spark_submit.py:495} INFO - org.apache.kerby#kerb-common;1.0.1 from central in [default]
[2024-11-03T08:40:01.275+0000] {spark_submit.py:495} INFO - org.apache.kerby#kerb-core;1.0.1 from central in [default]
[2024-11-03T08:40:01.280+0000] {spark_submit.py:495} INFO - org.apache.kerby#kerb-crypto;1.0.1 from central in [default]
[2024-11-03T08:40:01.463+0000] {spark_submit.py:495} INFO - org.apache.kerby#kerb-identity;1.0.1 from central in [default]
[2024-11-03T08:40:01.464+0000] {spark_submit.py:495} INFO - org.apache.kerby#kerb-server;1.0.1 from central in [default]
[2024-11-03T08:40:01.464+0000] {spark_submit.py:495} INFO - org.apache.kerby#kerb-simplekdc;1.0.1 from central in [default]
[2024-11-03T08:40:01.464+0000] {spark_submit.py:495} INFO - org.apache.kerby#kerb-util;1.0.1 from central in [default]
[2024-11-03T08:40:01.477+0000] {spark_submit.py:495} INFO - org.apache.kerby#kerby-asn1;1.0.1 from central in [default]
[2024-11-03T08:40:01.478+0000] {spark_submit.py:495} INFO - org.apache.kerby#kerby-config;1.0.1 from central in [default]
[2024-11-03T08:40:01.478+0000] {spark_submit.py:495} INFO - org.apache.kerby#kerby-pkix;1.0.1 from central in [default]
[2024-11-03T08:40:01.479+0000] {spark_submit.py:495} INFO - org.apache.kerby#kerby-util;1.0.1 from central in [default]
[2024-11-03T08:40:01.479+0000] {spark_submit.py:495} INFO - org.apache.kerby#kerby-xdr;1.0.1 from central in [default]
[2024-11-03T08:40:01.479+0000] {spark_submit.py:495} INFO - org.apache.kerby#token-provider;1.0.1 from central in [default]
[2024-11-03T08:40:01.479+0000] {spark_submit.py:495} INFO - org.apache.spark#spark-sql-kafka-0-10_2.12;3.4.2 from central in [default]
[2024-11-03T08:40:01.479+0000] {spark_submit.py:495} INFO - org.apache.spark#spark-streaming-kafka-0-10_2.12;3.4.2 from central in [default]
[2024-11-03T08:40:01.480+0000] {spark_submit.py:495} INFO - org.apache.spark#spark-token-provider-kafka-0-10_2.12;3.4.2 from central in [default]
[2024-11-03T08:40:01.480+0000] {spark_submit.py:495} INFO - org.checkerframework#checker-qual;2.5.2 from central in [default]
[2024-11-03T08:40:01.480+0000] {spark_submit.py:495} INFO - org.codehaus.jackson#jackson-core-asl;1.9.13 from central in [default]
[2024-11-03T08:40:01.480+0000] {spark_submit.py:495} INFO - org.codehaus.jackson#jackson-mapper-asl;1.9.13 from central in [default]
[2024-11-03T08:40:01.481+0000] {spark_submit.py:495} INFO - org.codehaus.mojo#animal-sniffer-annotations;1.17 from central in [default]
[2024-11-03T08:40:01.589+0000] {spark_submit.py:495} INFO - org.codehaus.woodstox#stax2-api;3.1.4 from central in [default]
[2024-11-03T08:40:01.590+0000] {spark_submit.py:495} INFO - org.eclipse.jetty#jetty-security;9.3.24.v20180605 from central in [default]
[2024-11-03T08:40:01.590+0000] {spark_submit.py:495} INFO - org.eclipse.jetty#jetty-servlet;9.3.24.v20180605 from central in [default]
[2024-11-03T08:40:01.591+0000] {spark_submit.py:495} INFO - org.eclipse.jetty#jetty-util;9.3.24.v20180605 from central in [default]
[2024-11-03T08:40:01.591+0000] {spark_submit.py:495} INFO - org.eclipse.jetty#jetty-webapp;9.3.24.v20180605 from central in [default]
[2024-11-03T08:40:01.591+0000] {spark_submit.py:495} INFO - org.eclipse.jetty#jetty-xml;9.3.24.v20180605 from central in [default]
[2024-11-03T08:40:01.591+0000] {spark_submit.py:495} INFO - org.lz4#lz4-java;1.8.0 from central in [default]
[2024-11-03T08:40:01.698+0000] {spark_submit.py:495} INFO - org.ow2.asm#asm;5.0.4 from central in [default]
[2024-11-03T08:40:01.698+0000] {spark_submit.py:495} INFO - org.slf4j#slf4j-api;2.0.6 from central in [default]
[2024-11-03T08:40:01.698+0000] {spark_submit.py:495} INFO - org.xerial.snappy#snappy-java;1.1.10.3 from central in [default]
[2024-11-03T08:40:01.699+0000] {spark_submit.py:495} INFO - :: evicted modules:
[2024-11-03T08:40:01.699+0000] {spark_submit.py:495} INFO - org.slf4j#slf4j-api;1.7.25 by [org.slf4j#slf4j-api;2.0.6] in [default]
[2024-11-03T08:40:01.699+0000] {spark_submit.py:495} INFO - org.xerial.snappy#snappy-java;1.0.5 by [org.xerial.snappy#snappy-java;1.1.10.3] in [default]
[2024-11-03T08:40:01.699+0000] {spark_submit.py:495} INFO - ---------------------------------------------------------------------
[2024-11-03T08:40:01.699+0000] {spark_submit.py:495} INFO - |                  |            modules            ||   artifacts   |
[2024-11-03T08:40:01.700+0000] {spark_submit.py:495} INFO - |       conf       | number| search|dwnlded|evicted|| number|dwnlded|
[2024-11-03T08:40:01.700+0000] {spark_submit.py:495} INFO - ---------------------------------------------------------------------
[2024-11-03T08:40:01.700+0000] {spark_submit.py:495} INFO - |      default     |  100  |   0   |   0   |   2   ||   98  |   0   |
[2024-11-03T08:40:01.700+0000] {spark_submit.py:495} INFO - ---------------------------------------------------------------------
[2024-11-03T08:40:01.840+0000] {spark_submit.py:495} INFO - :: retrieving :: org.apache.spark#spark-submit-parent-51ea4f27-6bb0-4513-a9b4-7f8d438395ba
[2024-11-03T08:40:01.846+0000] {spark_submit.py:495} INFO - confs: [default]
[2024-11-03T08:40:02.882+0000] {spark_submit.py:495} INFO - 0 artifacts copied, 98 already retrieved (0kB/984ms)
[2024-11-03T08:40:12.011+0000] {spark_submit.py:495} INFO - 24/11/03 08:40:11 WARN NativeCodeLoader: Unable to load native-hadoop library for your platform... using builtin-java classes where applicable
[2024-11-03T08:40:38.979+0000] {spark_submit.py:495} INFO - 24/11/03 08:40:38 INFO SparkContext: Running Spark version 3.4.2
[2024-11-03T08:40:39.699+0000] {spark_submit.py:495} INFO - 24/11/03 08:40:39 INFO ResourceUtils: ==============================================================
[2024-11-03T08:40:39.709+0000] {spark_submit.py:495} INFO - 24/11/03 08:40:39 INFO ResourceUtils: No custom resources configured for spark.driver.
[2024-11-03T08:40:39.710+0000] {spark_submit.py:495} INFO - 24/11/03 08:40:39 INFO ResourceUtils: ==============================================================
[2024-11-03T08:40:39.710+0000] {spark_submit.py:495} INFO - 24/11/03 08:40:39 INFO SparkContext: Submitted application: KafkaSparkStreaming
[2024-11-03T08:40:39.906+0000] {spark_submit.py:495} INFO - 24/11/03 08:40:39 INFO ResourceProfile: Default ResourceProfile created, executor resources: Map(memory -> name: memory, amount: 1024, script: , vendor: , offHeap -> name: offHeap, amount: 0, script: , vendor: ), task resources: Map(cpus -> name: cpus, amount: 1.0)
[2024-11-03T08:40:39.984+0000] {spark_submit.py:495} INFO - 24/11/03 08:40:39 INFO ResourceProfile: Limiting resource is cpu
[2024-11-03T08:40:39.989+0000] {spark_submit.py:495} INFO - 24/11/03 08:40:39 INFO ResourceProfileManager: Added ResourceProfile id: 0
[2024-11-03T08:40:40.993+0000] {spark_submit.py:495} INFO - 24/11/03 08:40:40 INFO SecurityManager: Changing view acls to: ***
[2024-11-03T08:40:40.994+0000] {spark_submit.py:495} INFO - 24/11/03 08:40:40 INFO SecurityManager: Changing modify acls to: ***
[2024-11-03T08:40:40.994+0000] {spark_submit.py:495} INFO - 24/11/03 08:40:40 INFO SecurityManager: Changing view acls groups to:
[2024-11-03T08:40:41.005+0000] {spark_submit.py:495} INFO - 24/11/03 08:40:40 INFO SecurityManager: Changing modify acls groups to:
[2024-11-03T08:40:41.006+0000] {spark_submit.py:495} INFO - 24/11/03 08:40:40 INFO SecurityManager: SecurityManager: authentication disabled; ui acls disabled; users with view permissions: ***; groups with view permissions: EMPTY; users with modify permissions: ***; groups with modify permissions: EMPTY
[2024-11-03T08:40:45.253+0000] {spark_submit.py:495} INFO - 24/11/03 08:40:45 INFO Utils: Successfully started service 'sparkDriver' on port 40017.
[2024-11-03T08:40:45.641+0000] {spark_submit.py:495} INFO - 24/11/03 08:40:45 INFO SparkEnv: Registering MapOutputTracker
[2024-11-03T08:40:46.102+0000] {spark_submit.py:495} INFO - 24/11/03 08:40:46 INFO SparkEnv: Registering BlockManagerMaster
[2024-11-03T08:40:46.258+0000] {spark_submit.py:495} INFO - 24/11/03 08:40:46 INFO BlockManagerMasterEndpoint: Using org.apache.spark.storage.DefaultTopologyMapper for getting topology information
[2024-11-03T08:40:46.267+0000] {spark_submit.py:495} INFO - 24/11/03 08:40:46 INFO BlockManagerMasterEndpoint: BlockManagerMasterEndpoint up
[2024-11-03T08:40:46.344+0000] {spark_submit.py:495} INFO - 24/11/03 08:40:46 INFO SparkEnv: Registering BlockManagerMasterHeartbeat
[2024-11-03T08:40:47.308+0000] {spark_submit.py:495} INFO - 24/11/03 08:40:47 INFO DiskBlockManager: Created local directory at /tmp/blockmgr-75e0b008-77dc-4e8f-a174-c4ea1166da0a
[2024-11-03T08:40:47.812+0000] {spark_submit.py:495} INFO - 24/11/03 08:40:47 INFO MemoryStore: MemoryStore started with capacity 434.4 MiB
[2024-11-03T08:40:48.055+0000] {spark_submit.py:495} INFO - 24/11/03 08:40:48 INFO SparkEnv: Registering OutputCommitCoordinator
[2024-11-03T08:40:50.605+0000] {spark_submit.py:495} INFO - 24/11/03 08:40:50 INFO JettyUtils: Start Jetty 0.0.0.0:4040 for SparkUI
[2024-11-03T08:40:51.795+0000] {spark_submit.py:495} INFO - 24/11/03 08:40:51 INFO Utils: Successfully started service 'SparkUI' on port 4040.
[2024-11-03T08:40:53.257+0000] {spark_submit.py:495} INFO - 24/11/03 08:40:53 INFO StandaloneAppClient$ClientEndpoint: Connecting to master spark://spark-master:7077...
[2024-11-03T08:40:53.891+0000] {spark_submit.py:495} INFO - 24/11/03 08:40:53 INFO TransportClientFactory: Successfully created connection to spark-master/172.20.0.5:7077 after 459 ms (0 ms spent in bootstraps)
[2024-11-03T08:40:55.994+0000] {spark_submit.py:495} INFO - 24/11/03 08:40:55 INFO StandaloneSchedulerBackend: Connected to Spark cluster with app ID app-20241103084055-0001
[2024-11-03T08:40:56.250+0000] {spark_submit.py:495} INFO - 24/11/03 08:40:56 INFO StandaloneAppClient$ClientEndpoint: Executor added: app-20241103084055-0001/0 on worker-20241103082644-172.20.0.6-37323 (172.20.0.6:37323) with 1 core(s)
[2024-11-03T08:40:56.251+0000] {spark_submit.py:495} INFO - 24/11/03 08:40:56 INFO StandaloneSchedulerBackend: Granted executor ID app-20241103084055-0001/0 on hostPort 172.20.0.6:37323 with 1 core(s), 1024.0 MiB RAM
[2024-11-03T08:40:56.355+0000] {spark_submit.py:495} INFO - 24/11/03 08:40:56 INFO Utils: Successfully started service 'org.apache.spark.network.netty.NettyBlockTransferService' on port 33355.
[2024-11-03T08:40:56.359+0000] {spark_submit.py:495} INFO - 24/11/03 08:40:56 INFO NettyBlockTransferService: Server created on 7d9160448bdc:33355
[2024-11-03T08:40:56.624+0000] {spark_submit.py:495} INFO - 24/11/03 08:40:56 INFO BlockManager: Using org.apache.spark.storage.RandomBlockReplicationPolicy for block replication policy
[2024-11-03T08:40:56.797+0000] {spark_submit.py:495} INFO - 24/11/03 08:40:56 INFO BlockManagerMaster: Registering BlockManager BlockManagerId(driver, 7d9160448bdc, 33355, None)
[2024-11-03T08:40:56.981+0000] {spark_submit.py:495} INFO - 24/11/03 08:40:56 INFO BlockManagerMasterEndpoint: Registering block manager 7d9160448bdc:33355 with 434.4 MiB RAM, BlockManagerId(driver, 7d9160448bdc, 33355, None)
[2024-11-03T08:40:57.023+0000] {spark_submit.py:495} INFO - 24/11/03 08:40:56 INFO StandaloneAppClient$ClientEndpoint: Executor updated: app-20241103084055-0001/0 is now RUNNING
[2024-11-03T08:40:57.028+0000] {spark_submit.py:495} INFO - 24/11/03 08:40:57 INFO BlockManagerMaster: Registered BlockManager BlockManagerId(driver, 7d9160448bdc, 33355, None)
[2024-11-03T08:40:57.043+0000] {spark_submit.py:495} INFO - 24/11/03 08:40:57 INFO BlockManager: Initialized BlockManager: BlockManagerId(driver, 7d9160448bdc, 33355, None)
[2024-11-03T08:41:00.904+0000] {spark_submit.py:495} INFO - 24/11/03 08:41:00 INFO StandaloneSchedulerBackend: SchedulerBackend is ready for scheduling beginning after reached minRegisteredResourcesRatio: 0.0
[2024-11-03T08:41:34.568+0000] {spark_submit.py:495} INFO - 24/11/03 08:41:34 INFO SharedState: Setting hive.metastore.warehouse.dir ('null') to the value of spark.sql.warehouse.dir.
[2024-11-03T08:41:34.747+0000] {spark_submit.py:495} INFO - 24/11/03 08:41:34 INFO SharedState: Warehouse path is 'file:/opt/***/spark-warehouse'.
[2024-11-03T08:42:26.794+0000] {spark_submit.py:495} INFO - 24/11/03 08:42:26 INFO StandaloneSchedulerBackend$StandaloneDriverEndpoint: Registered executor NettyRpcEndpointRef(spark-client://Executor) (172.20.0.6:35392) with ID 0,  ResourceProfileId 0
[2024-11-03T08:42:30.013+0000] {spark_submit.py:495} INFO - 24/11/03 08:42:30 INFO BlockManagerMasterEndpoint: Registering block manager 172.20.0.6:38745 with 434.4 MiB RAM, BlockManagerId(0, 172.20.0.6, 38745, None)
[2024-11-03T08:42:50.560+0000] {spark_submit.py:495} INFO - done
[2024-11-03T08:43:00.122+0000] {spark_submit.py:495} INFO - 24/11/03 08:43:00 INFO StateStoreCoordinatorRef: Registered StateStoreCoordinator endpoint
[2024-11-03T08:43:00.460+0000] {spark_submit.py:495} INFO - 24/11/03 08:43:00 INFO ResolveWriteToStream: Checkpoint root hdfs://namenode:9000/spark_checkpoint resolved to hdfs://namenode:9000/spark_checkpoint.
[2024-11-03T08:43:00.465+0000] {spark_submit.py:495} INFO - 24/11/03 08:43:00 WARN ResolveWriteToStream: spark.sql.adaptive.enabled is not supported in streaming DataFrames/Datasets and will be disabled.
[2024-11-03T08:43:04.558+0000] {spark_submit.py:495} INFO - 24/11/03 08:43:04 INFO MicroBatchExecution: Starting [id = 7fb2eb09-2c77-43a8-b6ba-61b1235938cc, runId = 9121fd6a-9612-4048-a2f5-2b02021505f1]. Use hdfs://namenode:9000/spark_checkpoint to store the query checkpoint.
[2024-11-03T08:43:04.733+0000] {spark_submit.py:495} INFO - 24/11/03 08:43:04 INFO MicroBatchExecution: Reading table [org.apache.spark.sql.kafka010.KafkaSourceProvider$KafkaTable@4a946baa] from DataSourceV2 named 'kafka' [org.apache.spark.sql.kafka010.KafkaSourceProvider@1d79d27f]
[2024-11-03T08:43:05.313+0000] {spark_submit.py:495} INFO - 24/11/03 08:43:05 INFO OffsetSeqLog: BatchIds found from listing: 0
[2024-11-03T08:43:05.366+0000] {spark_submit.py:495} INFO - 24/11/03 08:43:05 INFO OffsetSeqLog: Getting latest batch 0
[2024-11-03T08:43:05.687+0000] {spark_submit.py:495} INFO - 24/11/03 08:43:05 INFO OffsetSeqLog: BatchIds found from listing: 0
[2024-11-03T08:43:05.699+0000] {spark_submit.py:495} INFO - 24/11/03 08:43:05 INFO OffsetSeqLog: Getting latest batch 0
[2024-11-03T08:43:05.974+0000] {spark_submit.py:495} INFO - 24/11/03 08:43:05 INFO CommitLog: BatchIds found from listing: 0
[2024-11-03T08:43:05.983+0000] {spark_submit.py:495} INFO - 24/11/03 08:43:05 INFO CommitLog: Getting latest batch 0
[2024-11-03T08:43:06.154+0000] {spark_submit.py:495} INFO - 24/11/03 08:43:06 INFO MicroBatchExecution: Resuming at batch 1 with committed offsets {KafkaV2[Subscribe[raw_data]]: {"raw_data":{"0":958}}} and available offsets {KafkaV2[Subscribe[raw_data]]: {"raw_data":{"0":958}}}
[2024-11-03T08:43:06.237+0000] {spark_submit.py:495} INFO - 24/11/03 08:43:06 INFO MicroBatchExecution: Stream started from {KafkaV2[Subscribe[raw_data]]: {"raw_data":{"0":958}}}
[2024-11-03T08:43:06.752+0000] {spark_submit.py:495} INFO - 24/11/03 08:43:06 INFO AdminClientConfig: AdminClientConfig values:
[2024-11-03T08:43:06.753+0000] {spark_submit.py:495} INFO - bootstrap.servers = [10.0.2.15:9092]
[2024-11-03T08:43:06.753+0000] {spark_submit.py:495} INFO - client.dns.lookup = use_all_dns_ips
[2024-11-03T08:43:06.754+0000] {spark_submit.py:495} INFO - client.id =
[2024-11-03T08:43:06.754+0000] {spark_submit.py:495} INFO - connections.max.idle.ms = 300000
[2024-11-03T08:43:06.754+0000] {spark_submit.py:495} INFO - default.api.timeout.ms = 60000
[2024-11-03T08:43:06.754+0000] {spark_submit.py:495} INFO - metadata.max.age.ms = 300000
[2024-11-03T08:43:06.755+0000] {spark_submit.py:495} INFO - metric.reporters = []
[2024-11-03T08:43:06.755+0000] {spark_submit.py:495} INFO - metrics.num.samples = 2
[2024-11-03T08:43:06.784+0000] {spark_submit.py:495} INFO - metrics.recording.level = INFO
[2024-11-03T08:43:06.784+0000] {spark_submit.py:495} INFO - metrics.sample.window.ms = 30000
[2024-11-03T08:43:06.784+0000] {spark_submit.py:495} INFO - receive.buffer.bytes = 65536
[2024-11-03T08:43:06.785+0000] {spark_submit.py:495} INFO - reconnect.backoff.max.ms = 1000
[2024-11-03T08:43:06.785+0000] {spark_submit.py:495} INFO - reconnect.backoff.ms = 50
[2024-11-03T08:43:06.785+0000] {spark_submit.py:495} INFO - request.timeout.ms = 30000
[2024-11-03T08:43:06.785+0000] {spark_submit.py:495} INFO - retries = 2147483647
[2024-11-03T08:43:06.786+0000] {spark_submit.py:495} INFO - retry.backoff.ms = 100
[2024-11-03T08:43:06.789+0000] {spark_submit.py:495} INFO - sasl.client.callback.handler.class = null
[2024-11-03T08:43:06.792+0000] {spark_submit.py:495} INFO - sasl.jaas.config = null
[2024-11-03T08:43:06.792+0000] {spark_submit.py:495} INFO - sasl.kerberos.kinit.cmd = /usr/bin/kinit
[2024-11-03T08:43:06.793+0000] {spark_submit.py:495} INFO - sasl.kerberos.min.time.before.relogin = 60000
[2024-11-03T08:43:06.794+0000] {spark_submit.py:495} INFO - sasl.kerberos.service.name = null
[2024-11-03T08:43:06.794+0000] {spark_submit.py:495} INFO - sasl.kerberos.ticket.renew.jitter = 0.05
[2024-11-03T08:43:06.794+0000] {spark_submit.py:495} INFO - sasl.kerberos.ticket.renew.window.factor = 0.8
[2024-11-03T08:43:06.794+0000] {spark_submit.py:495} INFO - sasl.login.callback.handler.class = null
[2024-11-03T08:43:06.797+0000] {spark_submit.py:495} INFO - sasl.login.class = null
[2024-11-03T08:43:06.798+0000] {spark_submit.py:495} INFO - sasl.login.connect.timeout.ms = null
[2024-11-03T08:43:06.798+0000] {spark_submit.py:495} INFO - sasl.login.read.timeout.ms = null
[2024-11-03T08:43:06.798+0000] {spark_submit.py:495} INFO - sasl.login.refresh.buffer.seconds = 300
[2024-11-03T08:43:06.798+0000] {spark_submit.py:495} INFO - sasl.login.refresh.min.period.seconds = 60
[2024-11-03T08:43:06.799+0000] {spark_submit.py:495} INFO - sasl.login.refresh.window.factor = 0.8
[2024-11-03T08:43:06.799+0000] {spark_submit.py:495} INFO - sasl.login.refresh.window.jitter = 0.05
[2024-11-03T08:43:06.799+0000] {spark_submit.py:495} INFO - sasl.login.retry.backoff.max.ms = 10000
[2024-11-03T08:43:06.800+0000] {spark_submit.py:495} INFO - sasl.login.retry.backoff.ms = 100
[2024-11-03T08:43:06.800+0000] {spark_submit.py:495} INFO - sasl.mechanism = GSSAPI
[2024-11-03T08:43:06.800+0000] {spark_submit.py:495} INFO - sasl.oauthbearer.clock.skew.seconds = 30
[2024-11-03T08:43:06.800+0000] {spark_submit.py:495} INFO - sasl.oauthbearer.expected.audience = null
[2024-11-03T08:43:06.801+0000] {spark_submit.py:495} INFO - sasl.oauthbearer.expected.issuer = null
[2024-11-03T08:43:06.801+0000] {spark_submit.py:495} INFO - sasl.oauthbearer.jwks.endpoint.refresh.ms = 3600000
[2024-11-03T08:43:06.801+0000] {spark_submit.py:495} INFO - sasl.oauthbearer.jwks.endpoint.retry.backoff.max.ms = 10000
[2024-11-03T08:43:06.801+0000] {spark_submit.py:495} INFO - sasl.oauthbearer.jwks.endpoint.retry.backoff.ms = 100
[2024-11-03T08:43:06.802+0000] {spark_submit.py:495} INFO - sasl.oauthbearer.jwks.endpoint.url = null
[2024-11-03T08:43:06.802+0000] {spark_submit.py:495} INFO - sasl.oauthbearer.scope.claim.name = scope
[2024-11-03T08:43:06.802+0000] {spark_submit.py:495} INFO - sasl.oauthbearer.sub.claim.name = sub
[2024-11-03T08:43:06.802+0000] {spark_submit.py:495} INFO - sasl.oauthbearer.token.endpoint.url = null
[2024-11-03T08:43:06.802+0000] {spark_submit.py:495} INFO - security.protocol = PLAINTEXT
[2024-11-03T08:43:06.803+0000] {spark_submit.py:495} INFO - security.providers = null
[2024-11-03T08:43:06.803+0000] {spark_submit.py:495} INFO - send.buffer.bytes = 131072
[2024-11-03T08:43:06.816+0000] {spark_submit.py:495} INFO - socket.connection.setup.timeout.max.ms = 30000
[2024-11-03T08:43:06.817+0000] {spark_submit.py:495} INFO - socket.connection.setup.timeout.ms = 10000
[2024-11-03T08:43:06.831+0000] {spark_submit.py:495} INFO - ssl.cipher.suites = null
[2024-11-03T08:43:06.831+0000] {spark_submit.py:495} INFO - ssl.enabled.protocols = [TLSv1.2, TLSv1.3]
[2024-11-03T08:43:06.831+0000] {spark_submit.py:495} INFO - ssl.endpoint.identification.algorithm = https
[2024-11-03T08:43:06.831+0000] {spark_submit.py:495} INFO - ssl.engine.factory.class = null
[2024-11-03T08:43:06.832+0000] {spark_submit.py:495} INFO - ssl.key.password = null
[2024-11-03T08:43:06.832+0000] {spark_submit.py:495} INFO - ssl.keymanager.algorithm = SunX509
[2024-11-03T08:43:06.832+0000] {spark_submit.py:495} INFO - ssl.keystore.certificate.chain = null
[2024-11-03T08:43:06.832+0000] {spark_submit.py:495} INFO - ssl.keystore.key = null
[2024-11-03T08:43:06.832+0000] {spark_submit.py:495} INFO - ssl.keystore.location = null
[2024-11-03T08:43:06.833+0000] {spark_submit.py:495} INFO - ssl.keystore.password = null
[2024-11-03T08:43:06.833+0000] {spark_submit.py:495} INFO - ssl.keystore.type = JKS
[2024-11-03T08:43:06.833+0000] {spark_submit.py:495} INFO - ssl.protocol = TLSv1.3
[2024-11-03T08:43:06.833+0000] {spark_submit.py:495} INFO - ssl.provider = null
[2024-11-03T08:43:06.834+0000] {spark_submit.py:495} INFO - ssl.secure.random.implementation = null
[2024-11-03T08:43:06.834+0000] {spark_submit.py:495} INFO - ssl.trustmanager.algorithm = PKIX
[2024-11-03T08:43:06.834+0000] {spark_submit.py:495} INFO - ssl.truststore.certificates = null
[2024-11-03T08:43:06.834+0000] {spark_submit.py:495} INFO - ssl.truststore.location = null
[2024-11-03T08:43:06.834+0000] {spark_submit.py:495} INFO - ssl.truststore.password = null
[2024-11-03T08:43:06.835+0000] {spark_submit.py:495} INFO - ssl.truststore.type = JKS
[2024-11-03T08:43:06.835+0000] {spark_submit.py:495} INFO - 
[2024-11-03T08:43:07.370+0000] {spark_submit.py:495} INFO - 24/11/03 08:43:07 WARN AdminClientConfig: These configurations '[key.deserializer, value.deserializer, enable.auto.commit, max.poll.records, auto.offset.reset]' were supplied but are not used yet.
[2024-11-03T08:43:07.371+0000] {spark_submit.py:495} INFO - 24/11/03 08:43:07 INFO AppInfoParser: Kafka version: 3.3.2
[2024-11-03T08:43:07.372+0000] {spark_submit.py:495} INFO - 24/11/03 08:43:07 INFO AppInfoParser: Kafka commitId: b66af662e61082cb
[2024-11-03T08:43:07.372+0000] {spark_submit.py:495} INFO - 24/11/03 08:43:07 INFO AppInfoParser: Kafka startTimeMs: 1730623387367
[2024-11-03T08:43:12.268+0000] {spark_submit.py:495} INFO - 24/11/03 08:43:12 WARN KafkaOffsetReaderAdmin: Found incorrect offsets in some partitions (partition, previous offset, fetched offset): ArrayBuffer((raw_data-0,958,179))
[2024-11-03T08:43:12.289+0000] {spark_submit.py:495} INFO - 24/11/03 08:43:12 WARN KafkaOffsetReaderAdmin: Retrying to fetch latest offsets because of incorrect offsets
[2024-11-03T08:43:13.420+0000] {spark_submit.py:495} INFO - 24/11/03 08:43:13 WARN KafkaOffsetReaderAdmin: Found incorrect offsets in some partitions (partition, previous offset, fetched offset): ArrayBuffer((raw_data-0,958,180))
[2024-11-03T08:43:13.423+0000] {spark_submit.py:495} INFO - 24/11/03 08:43:13 WARN KafkaOffsetReaderAdmin: Retrying to fetch latest offsets because of incorrect offsets
[2024-11-03T08:43:14.553+0000] {spark_submit.py:495} INFO - 24/11/03 08:43:14 WARN KafkaOffsetReaderAdmin: Found incorrect offsets in some partitions (partition, previous offset, fetched offset): ArrayBuffer((raw_data-0,958,181))
[2024-11-03T08:43:15.436+0000] {spark_submit.py:495} INFO - 24/11/03 08:43:15 INFO CheckpointFileManager: Writing atomically to hdfs://namenode:9000/spark_checkpoint/offsets/1 using temp file hdfs://namenode:9000/spark_checkpoint/offsets/.1.c596680d-8b1c-43ce-8af1-0595054b7698.tmp
[2024-11-03T08:43:17.104+0000] {spark_submit.py:495} INFO - 24/11/03 08:43:17 INFO CheckpointFileManager: Renamed temp file hdfs://namenode:9000/spark_checkpoint/offsets/.1.c596680d-8b1c-43ce-8af1-0595054b7698.tmp to hdfs://namenode:9000/spark_checkpoint/offsets/1
[2024-11-03T08:43:17.141+0000] {spark_submit.py:495} INFO - 24/11/03 08:43:17 INFO MicroBatchExecution: Committed offsets for batch 1. Metadata OffsetSeqMetadata(0,1730623394651,Map(spark.sql.streaming.stateStore.providerClass -> org.apache.spark.sql.execution.streaming.state.HDFSBackedStateStoreProvider, spark.sql.streaming.join.stateFormatVersion -> 2, spark.sql.streaming.stateStore.compression.codec -> lz4, spark.sql.streaming.stateStore.rocksdb.formatVersion -> 5, spark.sql.streaming.statefulOperator.useStrictDistribution -> true, spark.sql.streaming.flatMapGroupsWithState.stateFormatVersion -> 2, spark.sql.streaming.multipleWatermarkPolicy -> min, spark.sql.streaming.aggregation.stateFormatVersion -> 2, spark.sql.shuffle.partitions -> 200))
[2024-11-03T08:43:28.451+0000] {spark_submit.py:495} INFO - 24/11/03 08:43:28 INFO KafkaOffsetReaderAdmin: Partitions added: Map()
[2024-11-03T08:43:31.268+0000] {spark_submit.py:495} INFO - 24/11/03 08:43:31 ERROR MicroBatchExecution: Query [id = 7fb2eb09-2c77-43a8-b6ba-61b1235938cc, runId = 9121fd6a-9612-4048-a2f5-2b02021505f1] terminated with error
[2024-11-03T08:43:31.268+0000] {spark_submit.py:495} INFO - java.lang.IllegalStateException: Partition raw_data-0's offset was changed from 958 to 181, some data may have been missed.
[2024-11-03T08:43:31.274+0000] {spark_submit.py:495} INFO - Some data may have been lost because they are not available in Kafka any more; either the
[2024-11-03T08:43:31.278+0000] {spark_submit.py:495} INFO - data was aged out by Kafka or the topic may have been deleted before all the data in the
[2024-11-03T08:43:31.284+0000] {spark_submit.py:495} INFO - topic was processed. If you don't want your streaming query to fail on such cases, set the
[2024-11-03T08:43:31.285+0000] {spark_submit.py:495} INFO - source option "failOnDataLoss" to "false".
[2024-11-03T08:43:31.285+0000] {spark_submit.py:495} INFO - 
[2024-11-03T08:43:31.286+0000] {spark_submit.py:495} INFO - at org.apache.spark.sql.kafka010.KafkaMicroBatchStream.reportDataLoss(KafkaMicroBatchStream.scala:314)
[2024-11-03T08:43:31.286+0000] {spark_submit.py:495} INFO - at org.apache.spark.sql.kafka010.KafkaMicroBatchStream.$anonfun$planInputPartitions$1(KafkaMicroBatchStream.scala:201)
[2024-11-03T08:43:31.286+0000] {spark_submit.py:495} INFO - at org.apache.spark.sql.kafka010.KafkaMicroBatchStream.$anonfun$planInputPartitions$1$adapted(KafkaMicroBatchStream.scala:201)
[2024-11-03T08:43:31.287+0000] {spark_submit.py:495} INFO - at org.apache.spark.sql.kafka010.KafkaOffsetReaderAdmin.$anonfun$getOffsetRangesFromResolvedOffsets$6(KafkaOffsetReaderAdmin.scala:487)
[2024-11-03T08:43:31.287+0000] {spark_submit.py:495} INFO - at scala.collection.TraversableLike.$anonfun$map$1(TraversableLike.scala:286)
[2024-11-03T08:43:31.287+0000] {spark_submit.py:495} INFO - at scala.collection.Iterator.foreach(Iterator.scala:943)
[2024-11-03T08:43:31.287+0000] {spark_submit.py:495} INFO - at scala.collection.Iterator.foreach$(Iterator.scala:943)
[2024-11-03T08:43:31.288+0000] {spark_submit.py:495} INFO - at scala.collection.AbstractIterator.foreach(Iterator.scala:1431)
[2024-11-03T08:43:31.288+0000] {spark_submit.py:495} INFO - at scala.collection.IterableLike.foreach(IterableLike.scala:74)
[2024-11-03T08:43:31.288+0000] {spark_submit.py:495} INFO - at scala.collection.IterableLike.foreach$(IterableLike.scala:73)
[2024-11-03T08:43:31.288+0000] {spark_submit.py:495} INFO - at scala.collection.AbstractIterable.foreach(Iterable.scala:56)
[2024-11-03T08:43:31.289+0000] {spark_submit.py:495} INFO - at scala.collection.TraversableLike.map(TraversableLike.scala:286)
[2024-11-03T08:43:31.289+0000] {spark_submit.py:495} INFO - at scala.collection.TraversableLike.map$(TraversableLike.scala:279)
[2024-11-03T08:43:31.289+0000] {spark_submit.py:495} INFO - at scala.collection.AbstractTraversable.map(Traversable.scala:108)
[2024-11-03T08:43:31.290+0000] {spark_submit.py:495} INFO - at org.apache.spark.sql.kafka010.KafkaOffsetReaderAdmin.getOffsetRangesFromResolvedOffsets(KafkaOffsetReaderAdmin.scala:482)
[2024-11-03T08:43:31.290+0000] {spark_submit.py:495} INFO - at org.apache.spark.sql.kafka010.KafkaMicroBatchStream.planInputPartitions(KafkaMicroBatchStream.scala:201)
[2024-11-03T08:43:31.295+0000] {spark_submit.py:495} INFO - at org.apache.spark.sql.execution.datasources.v2.MicroBatchScanExec.inputPartitions$lzycompute(MicroBatchScanExec.scala:46)
[2024-11-03T08:43:31.295+0000] {spark_submit.py:495} INFO - at org.apache.spark.sql.execution.datasources.v2.MicroBatchScanExec.inputPartitions(MicroBatchScanExec.scala:46)
[2024-11-03T08:43:31.296+0000] {spark_submit.py:495} INFO - at org.apache.spark.sql.execution.datasources.v2.DataSourceV2ScanExecBase.supportsColumnar(DataSourceV2ScanExecBase.scala:173)
[2024-11-03T08:43:31.296+0000] {spark_submit.py:495} INFO - at org.apache.spark.sql.execution.datasources.v2.DataSourceV2ScanExecBase.supportsColumnar$(DataSourceV2ScanExecBase.scala:172)
[2024-11-03T08:43:31.296+0000] {spark_submit.py:495} INFO - at org.apache.spark.sql.execution.datasources.v2.MicroBatchScanExec.supportsColumnar(MicroBatchScanExec.scala:29)
[2024-11-03T08:43:31.297+0000] {spark_submit.py:495} INFO - at org.apache.spark.sql.execution.datasources.v2.DataSourceV2Strategy.apply(DataSourceV2Strategy.scala:159)
[2024-11-03T08:43:31.297+0000] {spark_submit.py:495} INFO - at org.apache.spark.sql.catalyst.planning.QueryPlanner.$anonfun$plan$1(QueryPlanner.scala:63)
[2024-11-03T08:43:31.297+0000] {spark_submit.py:495} INFO - at scala.collection.Iterator$$anon$11.nextCur(Iterator.scala:486)
[2024-11-03T08:43:31.297+0000] {spark_submit.py:495} INFO - at scala.collection.Iterator$$anon$11.hasNext(Iterator.scala:492)
[2024-11-03T08:43:31.298+0000] {spark_submit.py:495} INFO - at scala.collection.Iterator$$anon$11.hasNext(Iterator.scala:491)
[2024-11-03T08:43:31.298+0000] {spark_submit.py:495} INFO - at org.apache.spark.sql.catalyst.planning.QueryPlanner.plan(QueryPlanner.scala:93)
[2024-11-03T08:43:31.298+0000] {spark_submit.py:495} INFO - at org.apache.spark.sql.execution.SparkStrategies.plan(SparkStrategies.scala:70)
[2024-11-03T08:43:31.299+0000] {spark_submit.py:495} INFO - at org.apache.spark.sql.catalyst.planning.QueryPlanner.$anonfun$plan$3(QueryPlanner.scala:78)
[2024-11-03T08:43:31.303+0000] {spark_submit.py:495} INFO - at scala.collection.TraversableOnce$folder$1.apply(TraversableOnce.scala:196)
[2024-11-03T08:43:31.303+0000] {spark_submit.py:495} INFO - at scala.collection.TraversableOnce$folder$1.apply(TraversableOnce.scala:194)
[2024-11-03T08:43:31.303+0000] {spark_submit.py:495} INFO - at scala.collection.Iterator.foreach(Iterator.scala:943)
[2024-11-03T08:43:31.303+0000] {spark_submit.py:495} INFO - at scala.collection.Iterator.foreach$(Iterator.scala:943)
[2024-11-03T08:43:31.304+0000] {spark_submit.py:495} INFO - at scala.collection.AbstractIterator.foreach(Iterator.scala:1431)
[2024-11-03T08:43:31.304+0000] {spark_submit.py:495} INFO - at scala.collection.TraversableOnce.foldLeft(TraversableOnce.scala:199)
[2024-11-03T08:43:31.304+0000] {spark_submit.py:495} INFO - at scala.collection.TraversableOnce.foldLeft$(TraversableOnce.scala:192)
[2024-11-03T08:43:31.304+0000] {spark_submit.py:495} INFO - at scala.collection.AbstractIterator.foldLeft(Iterator.scala:1431)
[2024-11-03T08:43:31.306+0000] {spark_submit.py:495} INFO - at org.apache.spark.sql.catalyst.planning.QueryPlanner.$anonfun$plan$2(QueryPlanner.scala:75)
[2024-11-03T08:43:31.307+0000] {spark_submit.py:495} INFO - at scala.collection.Iterator$$anon$11.nextCur(Iterator.scala:486)
[2024-11-03T08:43:31.308+0000] {spark_submit.py:495} INFO - at scala.collection.Iterator$$anon$11.hasNext(Iterator.scala:492)
[2024-11-03T08:43:31.309+0000] {spark_submit.py:495} INFO - at org.apache.spark.sql.catalyst.planning.QueryPlanner.plan(QueryPlanner.scala:93)
[2024-11-03T08:43:31.310+0000] {spark_submit.py:495} INFO - at org.apache.spark.sql.execution.SparkStrategies.plan(SparkStrategies.scala:70)
[2024-11-03T08:43:31.310+0000] {spark_submit.py:495} INFO - at org.apache.spark.sql.catalyst.planning.QueryPlanner.$anonfun$plan$3(QueryPlanner.scala:78)
[2024-11-03T08:43:31.310+0000] {spark_submit.py:495} INFO - at scala.collection.TraversableOnce$folder$1.apply(TraversableOnce.scala:196)
[2024-11-03T08:43:31.310+0000] {spark_submit.py:495} INFO - at scala.collection.TraversableOnce$folder$1.apply(TraversableOnce.scala:194)
[2024-11-03T08:43:31.311+0000] {spark_submit.py:495} INFO - at scala.collection.Iterator.foreach(Iterator.scala:943)
[2024-11-03T08:43:31.325+0000] {spark_submit.py:495} INFO - at scala.collection.Iterator.foreach$(Iterator.scala:943)
[2024-11-03T08:43:31.326+0000] {spark_submit.py:495} INFO - at scala.collection.AbstractIterator.foreach(Iterator.scala:1431)
[2024-11-03T08:43:31.327+0000] {spark_submit.py:495} INFO - at scala.collection.TraversableOnce.foldLeft(TraversableOnce.scala:199)
[2024-11-03T08:43:31.345+0000] {spark_submit.py:495} INFO - at scala.collection.TraversableOnce.foldLeft$(TraversableOnce.scala:192)
[2024-11-03T08:43:31.351+0000] {spark_submit.py:495} INFO - at scala.collection.AbstractIterator.foldLeft(Iterator.scala:1431)
[2024-11-03T08:43:31.351+0000] {spark_submit.py:495} INFO - at org.apache.spark.sql.catalyst.planning.QueryPlanner.$anonfun$plan$2(QueryPlanner.scala:75)
[2024-11-03T08:43:31.351+0000] {spark_submit.py:495} INFO - at scala.collection.Iterator$$anon$11.nextCur(Iterator.scala:486)
[2024-11-03T08:43:31.370+0000] {spark_submit.py:495} INFO - at scala.collection.Iterator$$anon$11.hasNext(Iterator.scala:492)
[2024-11-03T08:43:31.382+0000] {spark_submit.py:495} INFO - at org.apache.spark.sql.catalyst.planning.QueryPlanner.plan(QueryPlanner.scala:93)
[2024-11-03T08:43:31.403+0000] {spark_submit.py:495} INFO - at org.apache.spark.sql.execution.SparkStrategies.plan(SparkStrategies.scala:70)
[2024-11-03T08:43:31.404+0000] {spark_submit.py:495} INFO - at org.apache.spark.sql.execution.QueryExecution$.createSparkPlan(QueryExecution.scala:476)
[2024-11-03T08:43:31.404+0000] {spark_submit.py:495} INFO - at org.apache.spark.sql.execution.QueryExecution.$anonfun$sparkPlan$1(QueryExecution.scala:162)
[2024-11-03T08:43:31.404+0000] {spark_submit.py:495} INFO - at org.apache.spark.sql.catalyst.QueryPlanningTracker.measurePhase(QueryPlanningTracker.scala:111)
[2024-11-03T08:43:31.405+0000] {spark_submit.py:495} INFO - at org.apache.spark.sql.execution.QueryExecution.$anonfun$executePhase$2(QueryExecution.scala:202)
[2024-11-03T08:43:31.405+0000] {spark_submit.py:495} INFO - at org.apache.spark.sql.execution.QueryExecution$.withInternalError(QueryExecution.scala:526)
[2024-11-03T08:43:31.405+0000] {spark_submit.py:495} INFO - at org.apache.spark.sql.execution.QueryExecution.$anonfun$executePhase$1(QueryExecution.scala:202)
[2024-11-03T08:43:31.405+0000] {spark_submit.py:495} INFO - at org.apache.spark.sql.SparkSession.withActive(SparkSession.scala:827)
[2024-11-03T08:43:31.406+0000] {spark_submit.py:495} INFO - at org.apache.spark.sql.execution.QueryExecution.executePhase(QueryExecution.scala:201)
[2024-11-03T08:43:31.406+0000] {spark_submit.py:495} INFO - at org.apache.spark.sql.execution.QueryExecution.sparkPlan$lzycompute(QueryExecution.scala:162)
[2024-11-03T08:43:31.425+0000] {spark_submit.py:495} INFO - at org.apache.spark.sql.execution.QueryExecution.sparkPlan(QueryExecution.scala:155)
[2024-11-03T08:43:31.430+0000] {spark_submit.py:495} INFO - at org.apache.spark.sql.execution.QueryExecution.$anonfun$executedPlan$1(QueryExecution.scala:175)
[2024-11-03T08:43:31.431+0000] {spark_submit.py:495} INFO - at org.apache.spark.sql.catalyst.QueryPlanningTracker.measurePhase(QueryPlanningTracker.scala:111)
[2024-11-03T08:43:31.431+0000] {spark_submit.py:495} INFO - at org.apache.spark.sql.execution.QueryExecution.$anonfun$executePhase$2(QueryExecution.scala:202)
[2024-11-03T08:43:31.431+0000] {spark_submit.py:495} INFO - at org.apache.spark.sql.execution.QueryExecution$.withInternalError(QueryExecution.scala:526)
[2024-11-03T08:43:31.432+0000] {spark_submit.py:495} INFO - at org.apache.spark.sql.execution.QueryExecution.$anonfun$executePhase$1(QueryExecution.scala:202)
[2024-11-03T08:43:31.432+0000] {spark_submit.py:495} INFO - at org.apache.spark.sql.SparkSession.withActive(SparkSession.scala:827)
[2024-11-03T08:43:31.432+0000] {spark_submit.py:495} INFO - at org.apache.spark.sql.execution.QueryExecution.executePhase(QueryExecution.scala:201)
[2024-11-03T08:43:31.432+0000] {spark_submit.py:495} INFO - at org.apache.spark.sql.execution.QueryExecution.executedPlan$lzycompute(QueryExecution.scala:175)
[2024-11-03T08:43:31.433+0000] {spark_submit.py:495} INFO - at org.apache.spark.sql.execution.QueryExecution.executedPlan(QueryExecution.scala:168)
[2024-11-03T08:43:31.433+0000] {spark_submit.py:495} INFO - at org.apache.spark.sql.execution.streaming.MicroBatchExecution.$anonfun$runBatch$15(MicroBatchExecution.scala:717)
[2024-11-03T08:43:31.433+0000] {spark_submit.py:495} INFO - at org.apache.spark.sql.execution.streaming.ProgressReporter.reportTimeTaken(ProgressReporter.scala:411)
[2024-11-03T08:43:31.433+0000] {spark_submit.py:495} INFO - at org.apache.spark.sql.execution.streaming.ProgressReporter.reportTimeTaken$(ProgressReporter.scala:409)
[2024-11-03T08:43:31.459+0000] {spark_submit.py:495} INFO - at org.apache.spark.sql.execution.streaming.StreamExecution.reportTimeTaken(StreamExecution.scala:67)
[2024-11-03T08:43:31.460+0000] {spark_submit.py:495} INFO - at org.apache.spark.sql.execution.streaming.MicroBatchExecution.runBatch(MicroBatchExecution.scala:706)
[2024-11-03T08:43:31.460+0000] {spark_submit.py:495} INFO - at org.apache.spark.sql.execution.streaming.MicroBatchExecution.$anonfun$runActivatedStream$2(MicroBatchExecution.scala:284)
[2024-11-03T08:43:31.461+0000] {spark_submit.py:495} INFO - at scala.runtime.java8.JFunction0$mcV$sp.apply(JFunction0$mcV$sp.java:23)
[2024-11-03T08:43:31.461+0000] {spark_submit.py:495} INFO - at org.apache.spark.sql.execution.streaming.ProgressReporter.reportTimeTaken(ProgressReporter.scala:411)
[2024-11-03T08:43:31.461+0000] {spark_submit.py:495} INFO - at org.apache.spark.sql.execution.streaming.ProgressReporter.reportTimeTaken$(ProgressReporter.scala:409)
[2024-11-03T08:43:31.462+0000] {spark_submit.py:495} INFO - at org.apache.spark.sql.execution.streaming.StreamExecution.reportTimeTaken(StreamExecution.scala:67)
[2024-11-03T08:43:31.462+0000] {spark_submit.py:495} INFO - at org.apache.spark.sql.execution.streaming.MicroBatchExecution.$anonfun$runActivatedStream$1(MicroBatchExecution.scala:247)
[2024-11-03T08:43:31.462+0000] {spark_submit.py:495} INFO - at org.apache.spark.sql.execution.streaming.ProcessingTimeExecutor.execute(TriggerExecutor.scala:67)
[2024-11-03T08:43:31.463+0000] {spark_submit.py:495} INFO - at org.apache.spark.sql.execution.streaming.MicroBatchExecution.runActivatedStream(MicroBatchExecution.scala:237)
[2024-11-03T08:43:31.463+0000] {spark_submit.py:495} INFO - at org.apache.spark.sql.execution.streaming.StreamExecution.$anonfun$runStream$1(StreamExecution.scala:306)
[2024-11-03T08:43:31.463+0000] {spark_submit.py:495} INFO - at scala.runtime.java8.JFunction0$mcV$sp.apply(JFunction0$mcV$sp.java:23)
[2024-11-03T08:43:31.463+0000] {spark_submit.py:495} INFO - at org.apache.spark.sql.SparkSession.withActive(SparkSession.scala:827)
[2024-11-03T08:43:31.464+0000] {spark_submit.py:495} INFO - at org.apache.spark.sql.execution.streaming.StreamExecution.org$apache$spark$sql$execution$streaming$StreamExecution$$runStream(StreamExecution.scala:284)
[2024-11-03T08:43:31.464+0000] {spark_submit.py:495} INFO - at org.apache.spark.sql.execution.streaming.StreamExecution$$anon$1.run(StreamExecution.scala:207)
[2024-11-03T08:43:31.464+0000] {spark_submit.py:495} INFO - 24/11/03 08:43:31 INFO AppInfoParser: App info kafka.admin.client for adminclient-1 unregistered
[2024-11-03T08:43:31.465+0000] {spark_submit.py:495} INFO - 24/11/03 08:43:31 INFO Metrics: Metrics scheduler closed
[2024-11-03T08:43:31.465+0000] {spark_submit.py:495} INFO - 24/11/03 08:43:31 INFO Metrics: Closing reporter org.apache.kafka.common.metrics.JmxReporter
[2024-11-03T08:43:31.465+0000] {spark_submit.py:495} INFO - 24/11/03 08:43:31 INFO Metrics: Metrics reporters closed
[2024-11-03T08:43:31.494+0000] {spark_submit.py:495} INFO - 24/11/03 08:43:31 INFO MicroBatchExecution: Async log purge executor pool for query [id = 7fb2eb09-2c77-43a8-b6ba-61b1235938cc, runId = 9121fd6a-9612-4048-a2f5-2b02021505f1] has been shutdown
[2024-11-03T08:43:32.502+0000] {spark_submit.py:495} INFO - Traceback (most recent call last):
[2024-11-03T08:43:32.503+0000] {spark_submit.py:495} INFO - File "/opt/***/dags/spark_streaming_job.py", line 61, in <module>
[2024-11-03T08:43:32.503+0000] {spark_submit.py:495} INFO - spark_streaming_job()
[2024-11-03T08:43:32.503+0000] {spark_submit.py:495} INFO - File "/opt/***/dags/spark_streaming_job.py", line 48, in spark_streaming_job
[2024-11-03T08:43:32.512+0000] {spark_submit.py:495} INFO - query.awaitTermination()
[2024-11-03T08:43:32.513+0000] {spark_submit.py:495} INFO - File "/home/***/.local/lib/python3.11/site-packages/pyspark/python/lib/pyspark.zip/pyspark/sql/streaming/query.py", line 201, in awaitTermination
[2024-11-03T08:43:32.513+0000] {spark_submit.py:495} INFO - File "/home/***/.local/lib/python3.11/site-packages/pyspark/python/lib/py4j-0.10.9.7-src.zip/py4j/java_gateway.py", line 1322, in __call__
[2024-11-03T08:43:32.534+0000] {spark_submit.py:495} INFO - File "/home/***/.local/lib/python3.11/site-packages/pyspark/python/lib/pyspark.zip/pyspark/errors/exceptions/captured.py", line 175, in deco
[2024-11-03T08:43:32.834+0000] {spark_submit.py:495} INFO - pyspark.errors.exceptions.captured.StreamingQueryException: [STREAM_FAILED] Query [id = 7fb2eb09-2c77-43a8-b6ba-61b1235938cc, runId = 9121fd6a-9612-4048-a2f5-2b02021505f1] terminated with exception: Partition raw_data-0's offset was changed from 958 to 181, some data may have been missed.
[2024-11-03T08:43:32.835+0000] {spark_submit.py:495} INFO - Some data may have been lost because they are not available in Kafka any more; either the
[2024-11-03T08:43:32.835+0000] {spark_submit.py:495} INFO - data was aged out by Kafka or the topic may have been deleted before all the data in the
[2024-11-03T08:43:32.835+0000] {spark_submit.py:495} INFO - topic was processed. If you don't want your streaming query to fail on such cases, set the
[2024-11-03T08:43:32.836+0000] {spark_submit.py:495} INFO - source option "failOnDataLoss" to "false".
[2024-11-03T08:43:32.843+0000] {spark_submit.py:495} INFO - 
[2024-11-03T08:43:33.272+0000] {spark_submit.py:495} INFO - 24/11/03 08:43:33 INFO SparkContext: Invoking stop() from shutdown hook
[2024-11-03T08:43:33.280+0000] {spark_submit.py:495} INFO - 24/11/03 08:43:33 INFO SparkContext: SparkContext is stopping with exitCode 0.
[2024-11-03T08:43:33.436+0000] {spark_submit.py:495} INFO - 24/11/03 08:43:33 INFO SparkUI: Stopped Spark web UI at http://7d9160448bdc:4040
[2024-11-03T08:43:33.520+0000] {spark_submit.py:495} INFO - 24/11/03 08:43:33 INFO StandaloneSchedulerBackend: Shutting down all executors
[2024-11-03T08:43:33.523+0000] {spark_submit.py:495} INFO - 24/11/03 08:43:33 INFO StandaloneSchedulerBackend$StandaloneDriverEndpoint: Asking each executor to shut down
[2024-11-03T08:43:34.063+0000] {spark_submit.py:495} INFO - 24/11/03 08:43:34 INFO MapOutputTrackerMasterEndpoint: MapOutputTrackerMasterEndpoint stopped!
[2024-11-03T08:43:34.326+0000] {spark_submit.py:495} INFO - 24/11/03 08:43:34 INFO MemoryStore: MemoryStore cleared
[2024-11-03T08:43:34.327+0000] {spark_submit.py:495} INFO - 24/11/03 08:43:34 INFO BlockManager: BlockManager stopped
[2024-11-03T08:43:34.561+0000] {spark_submit.py:495} INFO - 24/11/03 08:43:34 INFO BlockManagerMaster: BlockManagerMaster stopped
[2024-11-03T08:43:34.646+0000] {spark_submit.py:495} INFO - 24/11/03 08:43:34 INFO OutputCommitCoordinator$OutputCommitCoordinatorEndpoint: OutputCommitCoordinator stopped!
[2024-11-03T08:43:35.400+0000] {spark_submit.py:495} INFO - 24/11/03 08:43:35 INFO SparkContext: Successfully stopped SparkContext
[2024-11-03T08:43:35.408+0000] {spark_submit.py:495} INFO - 24/11/03 08:43:35 INFO ShutdownHookManager: Shutdown hook called
[2024-11-03T08:43:35.412+0000] {spark_submit.py:495} INFO - 24/11/03 08:43:35 INFO ShutdownHookManager: Deleting directory /tmp/spark-8680c401-254c-4483-9bfc-7338ebb0ce82/pyspark-61fb51fd-311b-482d-a85c-4781e9756d4f
[2024-11-03T08:43:35.469+0000] {spark_submit.py:495} INFO - 24/11/03 08:43:35 INFO ShutdownHookManager: Deleting directory /tmp/spark-8680c401-254c-4483-9bfc-7338ebb0ce82
[2024-11-03T08:43:35.547+0000] {spark_submit.py:495} INFO - 24/11/03 08:43:35 INFO ShutdownHookManager: Deleting directory /tmp/spark-ce5906ad-861e-4c71-acf2-9fc592d1761e
[2024-11-03T08:43:36.504+0000] {taskinstance.py:441} INFO - ::group::Post task execution logs
[2024-11-03T08:43:36.619+0000] {taskinstance.py:2905} ERROR - Task failed with exception
Traceback (most recent call last):
  File "/home/airflow/.local/lib/python3.11/site-packages/airflow/models/taskinstance.py", line 465, in _execute_task
    result = _execute_callable(context=context, **execute_callable_kwargs)
             ^^^^^^^^^^^^^^^^^^^^^^^^^^^^^^^^^^^^^^^^^^^^^^^^^^^^^^^^^^^^^
  File "/home/airflow/.local/lib/python3.11/site-packages/airflow/models/taskinstance.py", line 432, in _execute_callable
    return execute_callable(context=context, **execute_callable_kwargs)
           ^^^^^^^^^^^^^^^^^^^^^^^^^^^^^^^^^^^^^^^^^^^^^^^^^^^^^^^^^^^^
  File "/home/airflow/.local/lib/python3.11/site-packages/airflow/models/baseoperator.py", line 401, in wrapper
    return func(self, *args, **kwargs)
           ^^^^^^^^^^^^^^^^^^^^^^^^^^^
  File "/home/airflow/.local/lib/python3.11/site-packages/airflow/providers/apache/spark/operators/spark_submit.py", line 157, in execute
    self._hook.submit(self._application)
  File "/home/airflow/.local/lib/python3.11/site-packages/airflow/providers/apache/spark/hooks/spark_submit.py", line 426, in submit
    raise AirflowException(
airflow.exceptions.AirflowException: Cannot execute: spark-submit --master yarn --conf spark.yarn.appMasterEnv.HADOOP_CONF_DIR=/opt/hadoop-3.2.1/etc/hadoop --packages org.apache.spark:spark-streaming-kafka-0-10_2.12:3.4.2,org.apache.spark:spark-sql-kafka-0-10_2.12:3.4.2,org.apache.hadoop:hadoop-client:3.2.1 --name KafkaSparkHDFS /opt/***/dags/spark_streaming_job.py. Error code is: 1.
[2024-11-03T08:43:36.712+0000] {taskinstance.py:1206} INFO - Marking task as FAILED. dag_id=sensor_data_consumer, task_id=sensor_data_consumer, run_id=manual__2024-11-03T08:37:52.252033+00:00, execution_date=20241103T083752, start_date=20241103T083808, end_date=20241103T084336
[2024-11-03T08:43:36.837+0000] {standard_task_runner.py:110} ERROR - Failed to execute job 95 for task sensor_data_consumer (Cannot execute: spark-submit --master yarn --conf spark.yarn.appMasterEnv.HADOOP_CONF_DIR=/opt/hadoop-3.2.1/etc/hadoop --packages org.apache.spark:spark-streaming-kafka-0-10_2.12:3.4.2,org.apache.spark:spark-sql-kafka-0-10_2.12:3.4.2,org.apache.hadoop:hadoop-client:3.2.1 --name KafkaSparkHDFS /opt/***/dags/spark_streaming_job.py. Error code is: 1.; 667)
[2024-11-03T08:43:36.947+0000] {local_task_job_runner.py:243} INFO - Task exited with return code 1
[2024-11-03T08:43:37.029+0000] {taskinstance.py:3503} INFO - 0 downstream tasks scheduled from follow-on schedule check
[2024-11-03T08:43:37.065+0000] {local_task_job_runner.py:222} INFO - ::endgroup::
