[2024-10-31T20:45:05.472+0000] {local_task_job_runner.py:120} INFO - ::group::Pre task execution logs
[2024-10-31T20:45:05.612+0000] {taskinstance.py:2076} INFO - Dependencies all met for dep_context=non-requeueable deps ti=<TaskInstance: sensor_data_consumer.sensor_data_consumer manual__2024-10-31T20:44:59.724020+00:00 [queued]>
[2024-10-31T20:45:05.637+0000] {taskinstance.py:2076} INFO - Dependencies all met for dep_context=requeueable deps ti=<TaskInstance: sensor_data_consumer.sensor_data_consumer manual__2024-10-31T20:44:59.724020+00:00 [queued]>
[2024-10-31T20:45:05.638+0000] {taskinstance.py:2306} INFO - Starting attempt 1 of 1
[2024-10-31T20:45:05.670+0000] {taskinstance.py:2330} INFO - Executing <Task(SparkSubmitOperator): sensor_data_consumer> on 2024-10-31 20:44:59.724020+00:00
[2024-10-31T20:45:05.690+0000] {standard_task_runner.py:64} INFO - Started process 310 to run task
[2024-10-31T20:45:05.694+0000] {standard_task_runner.py:90} INFO - Running: ['***', 'tasks', 'run', 'sensor_data_consumer', 'sensor_data_consumer', 'manual__2024-10-31T20:44:59.724020+00:00', '--job-id', '53', '--raw', '--subdir', 'DAGS_FOLDER/***_consumer.py', '--cfg-path', '/tmp/tmp8sg8xijb']
[2024-10-31T20:45:05.708+0000] {standard_task_runner.py:91} INFO - Job 53: Subtask sensor_data_consumer
[2024-10-31T20:45:05.996+0000] {task_command.py:426} INFO - Running <TaskInstance: sensor_data_consumer.sensor_data_consumer manual__2024-10-31T20:44:59.724020+00:00 [running]> on host a9c05964d4b3
[2024-10-31T20:45:06.306+0000] {taskinstance.py:2648} INFO - Exporting env vars: AIRFLOW_CTX_DAG_OWNER='Bich Ly' AIRFLOW_CTX_DAG_ID='sensor_data_consumer' AIRFLOW_CTX_TASK_ID='sensor_data_consumer' AIRFLOW_CTX_EXECUTION_DATE='2024-10-31T20:44:59.724020+00:00' AIRFLOW_CTX_TRY_NUMBER='1' AIRFLOW_CTX_DAG_RUN_ID='manual__2024-10-31T20:44:59.724020+00:00'
[2024-10-31T20:45:06.307+0000] {taskinstance.py:430} INFO - ::endgroup::
[2024-10-31T20:45:06.361+0000] {base.py:84} INFO - Using connection ID 'spark_default' for task execution.
[2024-10-31T20:45:06.363+0000] {spark_submit.py:344} INFO - Spark-Submit cmd: spark-submit --master spark://spark-master:7077 --name KafkaSparkHDFS spark_streaming_job.py
[2024-10-31T20:45:17.128+0000] {spark_submit.py:495} INFO - python3: can't open file '/opt/***/spark_streaming_job.py': [Errno 2] No such file or directory
[2024-10-31T20:45:17.205+0000] {spark_submit.py:495} INFO - 24/10/31 20:45:17 INFO ShutdownHookManager: Shutdown hook called
[2024-10-31T20:45:17.214+0000] {spark_submit.py:495} INFO - 24/10/31 20:45:17 INFO ShutdownHookManager: Deleting directory /tmp/spark-98e48f9e-e38c-4bbb-a3fe-b158029f7e7a
[2024-10-31T20:45:17.681+0000] {taskinstance.py:441} INFO - ::group::Post task execution logs
[2024-10-31T20:45:17.817+0000] {taskinstance.py:2905} ERROR - Task failed with exception
Traceback (most recent call last):
  File "/home/airflow/.local/lib/python3.11/site-packages/airflow/models/taskinstance.py", line 465, in _execute_task
    result = _execute_callable(context=context, **execute_callable_kwargs)
             ^^^^^^^^^^^^^^^^^^^^^^^^^^^^^^^^^^^^^^^^^^^^^^^^^^^^^^^^^^^^^
  File "/home/airflow/.local/lib/python3.11/site-packages/airflow/models/taskinstance.py", line 432, in _execute_callable
    return execute_callable(context=context, **execute_callable_kwargs)
           ^^^^^^^^^^^^^^^^^^^^^^^^^^^^^^^^^^^^^^^^^^^^^^^^^^^^^^^^^^^^
  File "/home/airflow/.local/lib/python3.11/site-packages/airflow/models/baseoperator.py", line 401, in wrapper
    return func(self, *args, **kwargs)
           ^^^^^^^^^^^^^^^^^^^^^^^^^^^
  File "/home/airflow/.local/lib/python3.11/site-packages/airflow/providers/apache/spark/operators/spark_submit.py", line 157, in execute
    self._hook.submit(self._application)
  File "/home/airflow/.local/lib/python3.11/site-packages/airflow/providers/apache/spark/hooks/spark_submit.py", line 426, in submit
    raise AirflowException(
airflow.exceptions.AirflowException: Cannot execute: spark-submit --master spark://spark-master:7077 --name KafkaSparkHDFS spark_streaming_job.py. Error code is: 2.
[2024-10-31T20:45:17.841+0000] {taskinstance.py:1206} INFO - Marking task as FAILED. dag_id=sensor_data_consumer, task_id=sensor_data_consumer, run_id=manual__2024-10-31T20:44:59.724020+00:00, execution_date=20241031T204459, start_date=20241031T204505, end_date=20241031T204517
[2024-10-31T20:45:18.010+0000] {standard_task_runner.py:110} ERROR - Failed to execute job 53 for task sensor_data_consumer (Cannot execute: spark-submit --master spark://spark-master:7077 --name KafkaSparkHDFS spark_streaming_job.py. Error code is: 2.; 310)
[2024-10-31T20:45:18.096+0000] {local_task_job_runner.py:243} INFO - Task exited with return code 1
[2024-10-31T20:45:18.184+0000] {taskinstance.py:3503} INFO - 0 downstream tasks scheduled from follow-on schedule check
[2024-10-31T20:45:18.191+0000] {local_task_job_runner.py:222} INFO - ::endgroup::
