[2024-11-02T03:34:33.223+0000] {local_task_job_runner.py:120} INFO - ::group::Pre task execution logs
[2024-11-02T03:34:33.529+0000] {taskinstance.py:2076} INFO - Dependencies all met for dep_context=non-requeueable deps ti=<TaskInstance: sensor_data_consumer.sensor_data_consumer manual__2024-11-02T03:34:03.471077+00:00 [queued]>
[2024-11-02T03:34:33.753+0000] {taskinstance.py:2076} INFO - Dependencies all met for dep_context=requeueable deps ti=<TaskInstance: sensor_data_consumer.sensor_data_consumer manual__2024-11-02T03:34:03.471077+00:00 [queued]>
[2024-11-02T03:34:33.782+0000] {taskinstance.py:2306} INFO - Starting attempt 1 of 1
[2024-11-02T03:34:34.107+0000] {taskinstance.py:2330} INFO - Executing <Task(SparkSubmitOperator): sensor_data_consumer> on 2024-11-02 03:34:03.471077+00:00
[2024-11-02T03:34:34.238+0000] {standard_task_runner.py:90} INFO - Running: ['***', 'tasks', 'run', 'sensor_data_consumer', 'sensor_data_consumer', 'manual__2024-11-02T03:34:03.471077+00:00', '--job-id', '491', '--raw', '--subdir', 'DAGS_FOLDER/***_consumer.py', '--cfg-path', '/tmp/tmpqx_4p2zb']
[2024-11-02T03:34:34.248+0000] {standard_task_runner.py:64} INFO - Started process 273 to run task
[2024-11-02T03:34:34.257+0000] {standard_task_runner.py:91} INFO - Job 491: Subtask sensor_data_consumer
[2024-11-02T03:34:34.928+0000] {task_command.py:426} INFO - Running <TaskInstance: sensor_data_consumer.sensor_data_consumer manual__2024-11-02T03:34:03.471077+00:00 [running]> on host b503d98b76db
[2024-11-02T03:34:35.784+0000] {taskinstance.py:2648} INFO - Exporting env vars: AIRFLOW_CTX_DAG_OWNER='Bich Ly' AIRFLOW_CTX_DAG_ID='sensor_data_consumer' AIRFLOW_CTX_TASK_ID='sensor_data_consumer' AIRFLOW_CTX_EXECUTION_DATE='2024-11-02T03:34:03.471077+00:00' AIRFLOW_CTX_TRY_NUMBER='1' AIRFLOW_CTX_DAG_RUN_ID='manual__2024-11-02T03:34:03.471077+00:00'
[2024-11-02T03:34:35.785+0000] {taskinstance.py:430} INFO - ::endgroup::
[2024-11-02T03:34:35.988+0000] {base.py:84} INFO - Using connection ID 'spark_default' for task execution.
[2024-11-02T03:34:35.990+0000] {spark_submit.py:344} INFO - Spark-Submit cmd: spark-submit --master spark://spark-master:7077 --name KafkaSparkHDFS /opt/***/dags/spark_streaming_job.py
[2024-11-02T03:36:05.028+0000] {spark_submit.py:495} INFO - 24/11/02 03:36:04 INFO SparkContext: Running Spark version 3.4.2
[2024-11-02T03:36:07.462+0000] {spark_submit.py:495} INFO - 24/11/02 03:36:07 WARN NativeCodeLoader: Unable to load native-hadoop library for your platform... using builtin-java classes where applicable
[2024-11-02T03:36:10.153+0000] {spark_submit.py:495} INFO - 24/11/02 03:36:10 INFO ResourceUtils: ==============================================================
[2024-11-02T03:36:10.157+0000] {spark_submit.py:495} INFO - 24/11/02 03:36:10 INFO ResourceUtils: No custom resources configured for spark.driver.
[2024-11-02T03:36:10.158+0000] {spark_submit.py:495} INFO - 24/11/02 03:36:10 INFO ResourceUtils: ==============================================================
[2024-11-02T03:36:10.159+0000] {spark_submit.py:495} INFO - 24/11/02 03:36:10 INFO SparkContext: Submitted application: KafkaSparkStreaming
[2024-11-02T03:36:10.972+0000] {spark_submit.py:495} INFO - 24/11/02 03:36:10 INFO ResourceProfile: Default ResourceProfile created, executor resources: Map(memory -> name: memory, amount: 1024, script: , vendor: , offHeap -> name: offHeap, amount: 0, script: , vendor: ), task resources: Map(cpus -> name: cpus, amount: 1.0)
[2024-11-02T03:36:11.260+0000] {spark_submit.py:495} INFO - 24/11/02 03:36:11 INFO ResourceProfile: Limiting resource is cpu
[2024-11-02T03:36:11.262+0000] {spark_submit.py:495} INFO - 24/11/02 03:36:11 INFO ResourceProfileManager: Added ResourceProfile id: 0
[2024-11-02T03:36:12.248+0000] {spark_submit.py:495} INFO - 24/11/02 03:36:12 INFO SecurityManager: Changing view acls to: ***
[2024-11-02T03:36:12.307+0000] {spark_submit.py:495} INFO - 24/11/02 03:36:12 INFO SecurityManager: Changing modify acls to: ***
[2024-11-02T03:36:12.518+0000] {spark_submit.py:495} INFO - 24/11/02 03:36:12 INFO SecurityManager: Changing view acls groups to:
[2024-11-02T03:36:12.585+0000] {spark_submit.py:495} INFO - 24/11/02 03:36:12 INFO SecurityManager: Changing modify acls groups to:
[2024-11-02T03:36:12.586+0000] {spark_submit.py:495} INFO - 24/11/02 03:36:12 INFO SecurityManager: SecurityManager: authentication disabled; ui acls disabled; users with view permissions: ***; groups with view permissions: EMPTY; users with modify permissions: ***; groups with modify permissions: EMPTY
[2024-11-02T03:36:21.725+0000] {spark_submit.py:495} INFO - 24/11/02 03:36:21 INFO Utils: Successfully started service 'sparkDriver' on port 41023.
[2024-11-02T03:36:25.459+0000] {spark_submit.py:495} INFO - 24/11/02 03:36:25 INFO SparkEnv: Registering MapOutputTracker
[2024-11-02T03:36:26.443+0000] {spark_submit.py:495} INFO - 24/11/02 03:36:26 INFO SparkEnv: Registering BlockManagerMaster
[2024-11-02T03:36:26.880+0000] {spark_submit.py:495} INFO - 24/11/02 03:36:26 INFO BlockManagerMasterEndpoint: Using org.apache.spark.storage.DefaultTopologyMapper for getting topology information
[2024-11-02T03:36:26.883+0000] {spark_submit.py:495} INFO - 24/11/02 03:36:26 INFO BlockManagerMasterEndpoint: BlockManagerMasterEndpoint up
[2024-11-02T03:36:27.109+0000] {spark_submit.py:495} INFO - 24/11/02 03:36:27 INFO SparkEnv: Registering BlockManagerMasterHeartbeat
[2024-11-02T03:36:28.393+0000] {spark_submit.py:495} INFO - 24/11/02 03:36:28 INFO DiskBlockManager: Created local directory at /tmp/blockmgr-8ce019eb-810a-4cbc-9ea3-1d02e62e59dd
[2024-11-02T03:36:28.751+0000] {spark_submit.py:495} INFO - 24/11/02 03:36:28 INFO MemoryStore: MemoryStore started with capacity 434.4 MiB
[2024-11-02T03:36:29.497+0000] {spark_submit.py:495} INFO - 24/11/02 03:36:29 INFO SparkEnv: Registering OutputCommitCoordinator
[2024-11-02T03:36:32.790+0000] {spark_submit.py:495} INFO - 24/11/02 03:36:32 INFO JettyUtils: Start Jetty 0.0.0.0:4040 for SparkUI
[2024-11-02T03:36:34.409+0000] {spark_submit.py:495} INFO - 24/11/02 03:36:34 INFO Utils: Successfully started service 'SparkUI' on port 4040.
[2024-11-02T03:36:38.385+0000] {spark_submit.py:495} INFO - 24/11/02 03:36:38 INFO StandaloneAppClient$ClientEndpoint: Connecting to master spark://spark-master:7077...
[2024-11-02T03:36:39.656+0000] {spark_submit.py:495} INFO - 24/11/02 03:36:39 INFO TransportClientFactory: Successfully created connection to spark-master/172.22.0.2:7077 after 788 ms (46 ms spent in bootstraps)
[2024-11-02T03:36:43.734+0000] {spark_submit.py:495} INFO - 24/11/02 03:36:43 INFO StandaloneSchedulerBackend: Connected to Spark cluster with app ID app-20241102033642-0000
[2024-11-02T03:36:43.876+0000] {spark_submit.py:495} INFO - 24/11/02 03:36:43 INFO Utils: Successfully started service 'org.apache.spark.network.netty.NettyBlockTransferService' on port 42417.
[2024-11-02T03:36:43.877+0000] {spark_submit.py:495} INFO - 24/11/02 03:36:43 INFO NettyBlockTransferService: Server created on b503d98b76db:42417
[2024-11-02T03:36:43.884+0000] {spark_submit.py:495} INFO - 24/11/02 03:36:43 INFO BlockManager: Using org.apache.spark.storage.RandomBlockReplicationPolicy for block replication policy
[2024-11-02T03:36:44.049+0000] {spark_submit.py:495} INFO - 24/11/02 03:36:44 INFO BlockManagerMaster: Registering BlockManager BlockManagerId(driver, b503d98b76db, 42417, None)
[2024-11-02T03:36:44.238+0000] {spark_submit.py:495} INFO - 24/11/02 03:36:44 INFO BlockManagerMasterEndpoint: Registering block manager b503d98b76db:42417 with 434.4 MiB RAM, BlockManagerId(driver, b503d98b76db, 42417, None)
[2024-11-02T03:36:44.402+0000] {spark_submit.py:495} INFO - 24/11/02 03:36:44 INFO BlockManagerMaster: Registered BlockManager BlockManagerId(driver, b503d98b76db, 42417, None)
[2024-11-02T03:36:44.479+0000] {spark_submit.py:495} INFO - 24/11/02 03:36:44 INFO StandaloneAppClient$ClientEndpoint: Executor added: app-20241102033642-0000/0 on worker-20241102032954-172.22.0.4-35915 (172.22.0.4:35915) with 1 core(s)
[2024-11-02T03:36:44.526+0000] {spark_submit.py:495} INFO - 24/11/02 03:36:44 INFO StandaloneSchedulerBackend: Granted executor ID app-20241102033642-0000/0 on hostPort 172.22.0.4:35915 with 1 core(s), 1024.0 MiB RAM
[2024-11-02T03:36:44.564+0000] {spark_submit.py:495} INFO - 24/11/02 03:36:44 INFO BlockManager: Initialized BlockManager: BlockManagerId(driver, b503d98b76db, 42417, None)
[2024-11-02T03:36:48.092+0000] {spark_submit.py:495} INFO - 24/11/02 03:36:48 INFO StandaloneSchedulerBackend: SchedulerBackend is ready for scheduling beginning after reached minRegisteredResourcesRatio: 0.0
[2024-11-02T03:36:49.503+0000] {spark_submit.py:495} INFO - 24/11/02 03:36:49 INFO StandaloneAppClient$ClientEndpoint: Executor updated: app-20241102033642-0000/0 is now RUNNING
[2024-11-02T03:36:58.425+0000] {spark_submit.py:495} INFO - 24/11/02 03:36:58 INFO SharedState: Setting hive.metastore.warehouse.dir ('null') to the value of spark.sql.warehouse.dir.
[2024-11-02T03:36:58.691+0000] {spark_submit.py:495} INFO - 24/11/02 03:36:58 INFO SharedState: Warehouse path is 'file:/opt/***/spark-warehouse'.
[2024-11-02T03:37:38.236+0000] {spark_submit.py:495} INFO - Traceback (most recent call last):
[2024-11-02T03:37:38.242+0000] {spark_submit.py:495} INFO - File "/opt/***/dags/spark_streaming_job.py", line 42, in <module>
[2024-11-02T03:37:38.254+0000] {spark_submit.py:495} INFO - spark_streaming_job()
[2024-11-02T03:37:38.255+0000] {spark_submit.py:495} INFO - File "/opt/***/dags/spark_streaming_job.py", line 25, in spark_streaming_job
[2024-11-02T03:37:38.255+0000] {spark_submit.py:495} INFO - .load()
[2024-11-02T03:37:38.256+0000] {spark_submit.py:495} INFO - ^^^^^^
[2024-11-02T03:37:38.256+0000] {spark_submit.py:495} INFO - File "/home/***/.local/lib/python3.11/site-packages/pyspark/python/lib/pyspark.zip/pyspark/sql/streaming/readwriter.py", line 277, in load
[2024-11-02T03:37:38.257+0000] {spark_submit.py:495} INFO - File "/home/***/.local/lib/python3.11/site-packages/pyspark/python/lib/py4j-0.10.9.7-src.zip/py4j/java_gateway.py", line 1322, in __call__
[2024-11-02T03:37:38.257+0000] {spark_submit.py:495} INFO - File "/home/***/.local/lib/python3.11/site-packages/pyspark/python/lib/pyspark.zip/pyspark/errors/exceptions/captured.py", line 175, in deco
[2024-11-02T03:37:38.466+0000] {spark_submit.py:495} INFO - pyspark.errors.exceptions.captured.AnalysisException: Failed to find data source: kafka. Please deploy the application as per the deployment section of Structured Streaming + Kafka Integration Guide.
[2024-11-02T03:37:39.418+0000] {spark_submit.py:495} INFO - 24/11/02 03:37:39 INFO SparkContext: Invoking stop() from shutdown hook
[2024-11-02T03:37:39.432+0000] {spark_submit.py:495} INFO - 24/11/02 03:37:39 INFO SparkContext: SparkContext is stopping with exitCode 0.
[2024-11-02T03:37:41.362+0000] {spark_submit.py:495} INFO - 24/11/02 03:37:41 INFO SparkUI: Stopped Spark web UI at http://b503d98b76db:4040
[2024-11-02T03:37:41.852+0000] {spark_submit.py:495} INFO - 24/11/02 03:37:41 INFO StandaloneSchedulerBackend: Shutting down all executors
[2024-11-02T03:37:41.980+0000] {spark_submit.py:495} INFO - 24/11/02 03:37:41 INFO StandaloneSchedulerBackend$StandaloneDriverEndpoint: Asking each executor to shut down
[2024-11-02T03:37:45.129+0000] {spark_submit.py:495} INFO - 24/11/02 03:37:45 INFO MapOutputTrackerMasterEndpoint: MapOutputTrackerMasterEndpoint stopped!
[2024-11-02T03:37:46.492+0000] {spark_submit.py:495} INFO - 24/11/02 03:37:46 INFO MemoryStore: MemoryStore cleared
[2024-11-02T03:37:46.556+0000] {spark_submit.py:495} INFO - 24/11/02 03:37:46 INFO BlockManager: BlockManager stopped
[2024-11-02T03:37:46.765+0000] {spark_submit.py:495} INFO - 24/11/02 03:37:46 INFO BlockManagerMaster: BlockManagerMaster stopped
[2024-11-02T03:37:46.799+0000] {spark_submit.py:495} INFO - 24/11/02 03:37:46 INFO OutputCommitCoordinator$OutputCommitCoordinatorEndpoint: OutputCommitCoordinator stopped!
[2024-11-02T03:37:47.421+0000] {spark_submit.py:495} INFO - 24/11/02 03:37:47 INFO SparkContext: Successfully stopped SparkContext
[2024-11-02T03:37:47.555+0000] {spark_submit.py:495} INFO - 24/11/02 03:37:47 INFO ShutdownHookManager: Shutdown hook called
[2024-11-02T03:37:47.556+0000] {spark_submit.py:495} INFO - 24/11/02 03:37:47 INFO ShutdownHookManager: Deleting directory /tmp/spark-daa31ef0-1432-48ee-88ac-f040ab30bcbf/pyspark-8446a6eb-11f7-4a14-881e-dc8e9f33eeb5
[2024-11-02T03:37:47.794+0000] {spark_submit.py:495} INFO - 24/11/02 03:37:47 INFO ShutdownHookManager: Deleting directory /tmp/spark-8b6439eb-6d09-4c9d-aec3-197ec269c5c6
[2024-11-02T03:37:47.904+0000] {spark_submit.py:495} INFO - 24/11/02 03:37:47 INFO ShutdownHookManager: Deleting directory /tmp/spark-daa31ef0-1432-48ee-88ac-f040ab30bcbf
[2024-11-02T03:37:48.858+0000] {taskinstance.py:441} INFO - ::group::Post task execution logs
[2024-11-02T03:37:49.120+0000] {taskinstance.py:2905} ERROR - Task failed with exception
Traceback (most recent call last):
  File "/home/airflow/.local/lib/python3.11/site-packages/airflow/models/taskinstance.py", line 465, in _execute_task
    result = _execute_callable(context=context, **execute_callable_kwargs)
             ^^^^^^^^^^^^^^^^^^^^^^^^^^^^^^^^^^^^^^^^^^^^^^^^^^^^^^^^^^^^^
  File "/home/airflow/.local/lib/python3.11/site-packages/airflow/models/taskinstance.py", line 432, in _execute_callable
    return execute_callable(context=context, **execute_callable_kwargs)
           ^^^^^^^^^^^^^^^^^^^^^^^^^^^^^^^^^^^^^^^^^^^^^^^^^^^^^^^^^^^^
  File "/home/airflow/.local/lib/python3.11/site-packages/airflow/models/baseoperator.py", line 401, in wrapper
    return func(self, *args, **kwargs)
           ^^^^^^^^^^^^^^^^^^^^^^^^^^^
  File "/home/airflow/.local/lib/python3.11/site-packages/airflow/providers/apache/spark/operators/spark_submit.py", line 157, in execute
    self._hook.submit(self._application)
  File "/home/airflow/.local/lib/python3.11/site-packages/airflow/providers/apache/spark/hooks/spark_submit.py", line 426, in submit
    raise AirflowException(
airflow.exceptions.AirflowException: Cannot execute: spark-submit --master spark://spark-master:7077 --name KafkaSparkHDFS /opt/***/dags/spark_streaming_job.py. Error code is: 1.
[2024-11-02T03:37:49.330+0000] {taskinstance.py:1206} INFO - Marking task as FAILED. dag_id=sensor_data_consumer, task_id=sensor_data_consumer, run_id=manual__2024-11-02T03:34:03.471077+00:00, execution_date=20241102T033403, start_date=20241102T033433, end_date=20241102T033749
[2024-11-02T03:37:49.808+0000] {standard_task_runner.py:110} ERROR - Failed to execute job 491 for task sensor_data_consumer (Cannot execute: spark-submit --master spark://spark-master:7077 --name KafkaSparkHDFS /opt/***/dags/spark_streaming_job.py. Error code is: 1.; 273)
[2024-11-02T03:37:49.899+0000] {local_task_job_runner.py:243} INFO - Task exited with return code 1
[2024-11-02T03:37:50.099+0000] {taskinstance.py:3503} INFO - 0 downstream tasks scheduled from follow-on schedule check
[2024-11-02T03:37:50.193+0000] {local_task_job_runner.py:222} INFO - ::endgroup::
