[2024-11-01T01:16:20.770+0000] {local_task_job_runner.py:120} INFO - ::group::Pre task execution logs
[2024-11-01T01:16:20.930+0000] {taskinstance.py:2076} INFO - Dependencies all met for dep_context=non-requeueable deps ti=<TaskInstance: sensor_data_consumer.sensor_data_consumer manual__2024-11-01T01:16:11.840569+00:00 [queued]>
[2024-11-01T01:16:21.018+0000] {taskinstance.py:2076} INFO - Dependencies all met for dep_context=requeueable deps ti=<TaskInstance: sensor_data_consumer.sensor_data_consumer manual__2024-11-01T01:16:11.840569+00:00 [queued]>
[2024-11-01T01:16:21.022+0000] {taskinstance.py:2306} INFO - Starting attempt 1 of 1
[2024-11-01T01:16:21.149+0000] {taskinstance.py:2330} INFO - Executing <Task(SparkSubmitOperator): sensor_data_consumer> on 2024-11-01 01:16:11.840569+00:00
[2024-11-01T01:16:21.200+0000] {standard_task_runner.py:64} INFO - Started process 1151 to run task
[2024-11-01T01:16:21.212+0000] {standard_task_runner.py:90} INFO - Running: ['***', 'tasks', 'run', 'sensor_data_consumer', 'sensor_data_consumer', 'manual__2024-11-01T01:16:11.840569+00:00', '--job-id', '38', '--raw', '--subdir', 'DAGS_FOLDER/***_consumer.py', '--cfg-path', '/tmp/tmp68b1lzma']
[2024-11-01T01:16:21.244+0000] {standard_task_runner.py:91} INFO - Job 38: Subtask sensor_data_consumer
[2024-11-01T01:16:21.832+0000] {task_command.py:426} INFO - Running <TaskInstance: sensor_data_consumer.sensor_data_consumer manual__2024-11-01T01:16:11.840569+00:00 [running]> on host 0f30954d6a44
[2024-11-01T01:16:22.574+0000] {taskinstance.py:2648} INFO - Exporting env vars: AIRFLOW_CTX_DAG_OWNER='Bich Ly' AIRFLOW_CTX_DAG_ID='sensor_data_consumer' AIRFLOW_CTX_TASK_ID='sensor_data_consumer' AIRFLOW_CTX_EXECUTION_DATE='2024-11-01T01:16:11.840569+00:00' AIRFLOW_CTX_TRY_NUMBER='1' AIRFLOW_CTX_DAG_RUN_ID='manual__2024-11-01T01:16:11.840569+00:00'
[2024-11-01T01:16:22.576+0000] {taskinstance.py:430} INFO - ::endgroup::
[2024-11-01T01:16:22.774+0000] {base.py:84} INFO - Using connection ID 'spark_default' for task execution.
[2024-11-01T01:16:22.776+0000] {spark_submit.py:344} INFO - Spark-Submit cmd: spark-submit --master spark://spark-master:7077 --name KafkaSparkHDFS /opt/***/dags/spark_streaming_job.py
[2024-11-01T01:16:51.809+0000] {spark_submit.py:495} INFO - 24/11/01 01:16:51 INFO SparkContext: Running Spark version 3.4.2
[2024-11-01T01:16:52.470+0000] {spark_submit.py:495} INFO - 24/11/01 01:16:52 WARN NativeCodeLoader: Unable to load native-hadoop library for your platform... using builtin-java classes where applicable
[2024-11-01T01:16:53.462+0000] {spark_submit.py:495} INFO - 24/11/01 01:16:53 INFO ResourceUtils: ==============================================================
[2024-11-01T01:16:53.541+0000] {spark_submit.py:495} INFO - 24/11/01 01:16:53 INFO ResourceUtils: No custom resources configured for spark.driver.
[2024-11-01T01:16:53.552+0000] {spark_submit.py:495} INFO - 24/11/01 01:16:53 INFO ResourceUtils: ==============================================================
[2024-11-01T01:16:53.553+0000] {spark_submit.py:495} INFO - 24/11/01 01:16:53 INFO SparkContext: Submitted application: KafkaSparkStreaming
[2024-11-01T01:16:53.994+0000] {spark_submit.py:495} INFO - 24/11/01 01:16:53 INFO ResourceProfile: Default ResourceProfile created, executor resources: Map(memory -> name: memory, amount: 1024, script: , vendor: , offHeap -> name: offHeap, amount: 0, script: , vendor: ), task resources: Map(cpus -> name: cpus, amount: 1.0)
[2024-11-01T01:16:54.056+0000] {spark_submit.py:495} INFO - 24/11/01 01:16:54 INFO ResourceProfile: Limiting resource is cpu
[2024-11-01T01:16:54.070+0000] {spark_submit.py:495} INFO - 24/11/01 01:16:54 INFO ResourceProfileManager: Added ResourceProfile id: 0
[2024-11-01T01:16:54.642+0000] {spark_submit.py:495} INFO - 24/11/01 01:16:54 INFO SecurityManager: Changing view acls to: ***
[2024-11-01T01:16:54.650+0000] {spark_submit.py:495} INFO - 24/11/01 01:16:54 INFO SecurityManager: Changing modify acls to: ***
[2024-11-01T01:16:54.670+0000] {spark_submit.py:495} INFO - 24/11/01 01:16:54 INFO SecurityManager: Changing view acls groups to:
[2024-11-01T01:16:54.677+0000] {spark_submit.py:495} INFO - 24/11/01 01:16:54 INFO SecurityManager: Changing modify acls groups to:
[2024-11-01T01:16:54.678+0000] {spark_submit.py:495} INFO - 24/11/01 01:16:54 INFO SecurityManager: SecurityManager: authentication disabled; ui acls disabled; users with view permissions: ***; groups with view permissions: EMPTY; users with modify permissions: ***; groups with modify permissions: EMPTY
[2024-11-01T01:16:57.958+0000] {spark_submit.py:495} INFO - 24/11/01 01:16:57 INFO Utils: Successfully started service 'sparkDriver' on port 34951.
[2024-11-01T01:16:58.417+0000] {spark_submit.py:495} INFO - 24/11/01 01:16:58 INFO SparkEnv: Registering MapOutputTracker
[2024-11-01T01:16:58.829+0000] {spark_submit.py:495} INFO - 24/11/01 01:16:58 INFO SparkEnv: Registering BlockManagerMaster
[2024-11-01T01:16:59.004+0000] {spark_submit.py:495} INFO - 24/11/01 01:16:58 INFO BlockManagerMasterEndpoint: Using org.apache.spark.storage.DefaultTopologyMapper for getting topology information
[2024-11-01T01:16:59.012+0000] {spark_submit.py:495} INFO - 24/11/01 01:16:59 INFO BlockManagerMasterEndpoint: BlockManagerMasterEndpoint up
[2024-11-01T01:16:59.043+0000] {spark_submit.py:495} INFO - 24/11/01 01:16:59 INFO SparkEnv: Registering BlockManagerMasterHeartbeat
[2024-11-01T01:16:59.236+0000] {spark_submit.py:495} INFO - 24/11/01 01:16:59 INFO DiskBlockManager: Created local directory at /tmp/blockmgr-23e2e3d9-286b-4ecc-8218-42a4a514b329
[2024-11-01T01:16:59.597+0000] {spark_submit.py:495} INFO - 24/11/01 01:16:59 INFO MemoryStore: MemoryStore started with capacity 434.4 MiB
[2024-11-01T01:16:59.895+0000] {spark_submit.py:495} INFO - 24/11/01 01:16:59 INFO SparkEnv: Registering OutputCommitCoordinator
[2024-11-01T01:17:01.236+0000] {spark_submit.py:495} INFO - 24/11/01 01:17:01 INFO JettyUtils: Start Jetty 0.0.0.0:4040 for SparkUI
[2024-11-01T01:17:01.804+0000] {spark_submit.py:495} INFO - 24/11/01 01:17:01 INFO Utils: Successfully started service 'SparkUI' on port 4040.
[2024-11-01T01:17:03.287+0000] {spark_submit.py:495} INFO - 24/11/01 01:17:03 INFO StandaloneAppClient$ClientEndpoint: Connecting to master spark://spark-master:7077...
[2024-11-01T01:17:03.673+0000] {spark_submit.py:495} INFO - 24/11/01 01:17:03 INFO TransportClientFactory: Successfully created connection to spark-master/172.22.0.3:7077 after 227 ms (0 ms spent in bootstraps)
[2024-11-01T01:17:04.834+0000] {spark_submit.py:495} INFO - 24/11/01 01:17:04 INFO StandaloneSchedulerBackend: Connected to Spark cluster with app ID app-20241101011704-0001
[2024-11-01T01:17:04.847+0000] {spark_submit.py:495} INFO - 24/11/01 01:17:04 INFO StandaloneAppClient$ClientEndpoint: Executor added: app-20241101011704-0001/0 on worker-20241031212019-172.22.0.4-34093 (172.22.0.4:34093) with 1 core(s)
[2024-11-01T01:17:04.924+0000] {spark_submit.py:495} INFO - 24/11/01 01:17:04 INFO StandaloneSchedulerBackend: Granted executor ID app-20241101011704-0001/0 on hostPort 172.22.0.4:34093 with 1 core(s), 1024.0 MiB RAM
[2024-11-01T01:17:05.049+0000] {spark_submit.py:495} INFO - 24/11/01 01:17:05 INFO Utils: Successfully started service 'org.apache.spark.network.netty.NettyBlockTransferService' on port 35623.
[2024-11-01T01:17:05.068+0000] {spark_submit.py:495} INFO - 24/11/01 01:17:05 INFO NettyBlockTransferService: Server created on 0f30954d6a44:35623
[2024-11-01T01:17:05.286+0000] {spark_submit.py:495} INFO - 24/11/01 01:17:05 INFO BlockManager: Using org.apache.spark.storage.RandomBlockReplicationPolicy for block replication policy
[2024-11-01T01:17:05.477+0000] {spark_submit.py:495} INFO - 24/11/01 01:17:05 INFO BlockManagerMaster: Registering BlockManager BlockManagerId(driver, 0f30954d6a44, 35623, None)
[2024-11-01T01:17:05.515+0000] {spark_submit.py:495} INFO - 24/11/01 01:17:05 INFO BlockManagerMasterEndpoint: Registering block manager 0f30954d6a44:35623 with 434.4 MiB RAM, BlockManagerId(driver, 0f30954d6a44, 35623, None)
[2024-11-01T01:17:05.564+0000] {spark_submit.py:495} INFO - 24/11/01 01:17:05 INFO BlockManagerMaster: Registered BlockManager BlockManagerId(driver, 0f30954d6a44, 35623, None)
[2024-11-01T01:17:05.574+0000] {spark_submit.py:495} INFO - 24/11/01 01:17:05 INFO BlockManager: Initialized BlockManager: BlockManagerId(driver, 0f30954d6a44, 35623, None)
[2024-11-01T01:17:07.671+0000] {spark_submit.py:495} INFO - 24/11/01 01:17:07 INFO StandaloneAppClient$ClientEndpoint: Executor updated: app-20241101011704-0001/0 is now RUNNING
[2024-11-01T01:17:08.019+0000] {spark_submit.py:495} INFO - 24/11/01 01:17:07 INFO StandaloneSchedulerBackend: SchedulerBackend is ready for scheduling beginning after reached minRegisteredResourcesRatio: 0.0
[2024-11-01T01:17:14.903+0000] {spark_submit.py:495} INFO - 24/11/01 01:17:14 INFO SharedState: Setting hive.metastore.warehouse.dir ('null') to the value of spark.sql.warehouse.dir.
[2024-11-01T01:17:15.146+0000] {spark_submit.py:495} INFO - 24/11/01 01:17:15 INFO SharedState: Warehouse path is 'file:/opt/***/spark-warehouse'.
[2024-11-01T01:17:38.329+0000] {spark_submit.py:495} INFO - Traceback (most recent call last):
[2024-11-01T01:17:38.338+0000] {spark_submit.py:495} INFO - File "/opt/***/dags/spark_streaming_job.py", line 42, in <module>
[2024-11-01T01:17:38.339+0000] {spark_submit.py:495} INFO - spark_streaming_job()
[2024-11-01T01:17:38.339+0000] {spark_submit.py:495} INFO - File "/opt/***/dags/spark_streaming_job.py", line 25, in spark_streaming_job
[2024-11-01T01:17:38.340+0000] {spark_submit.py:495} INFO - .load()
[2024-11-01T01:17:38.340+0000] {spark_submit.py:495} INFO - ^^^^^^
[2024-11-01T01:17:38.340+0000] {spark_submit.py:495} INFO - File "/home/***/.local/lib/python3.11/site-packages/pyspark/python/lib/pyspark.zip/pyspark/sql/streaming/readwriter.py", line 277, in load
[2024-11-01T01:17:38.340+0000] {spark_submit.py:495} INFO - File "/home/***/.local/lib/python3.11/site-packages/pyspark/python/lib/py4j-0.10.9.7-src.zip/py4j/java_gateway.py", line 1322, in __call__
[2024-11-01T01:17:38.341+0000] {spark_submit.py:495} INFO - File "/home/***/.local/lib/python3.11/site-packages/pyspark/python/lib/pyspark.zip/pyspark/errors/exceptions/captured.py", line 175, in deco
[2024-11-01T01:17:38.496+0000] {spark_submit.py:495} INFO - pyspark.errors.exceptions.captured.AnalysisException: Failed to find data source: kafka. Please deploy the application as per the deployment section of Structured Streaming + Kafka Integration Guide.
[2024-11-01T01:17:38.763+0000] {spark_submit.py:495} INFO - 24/11/01 01:17:38 INFO SparkContext: Invoking stop() from shutdown hook
[2024-11-01T01:17:38.786+0000] {spark_submit.py:495} INFO - 24/11/01 01:17:38 INFO SparkContext: SparkContext is stopping with exitCode 0.
[2024-11-01T01:17:38.929+0000] {spark_submit.py:495} INFO - 24/11/01 01:17:38 INFO SparkUI: Stopped Spark web UI at http://0f30954d6a44:4040
[2024-11-01T01:17:39.073+0000] {spark_submit.py:495} INFO - 24/11/01 01:17:39 INFO StandaloneSchedulerBackend: Shutting down all executors
[2024-11-01T01:17:39.279+0000] {spark_submit.py:495} INFO - 24/11/01 01:17:39 INFO StandaloneSchedulerBackend$StandaloneDriverEndpoint: Asking each executor to shut down
[2024-11-01T01:17:39.447+0000] {spark_submit.py:495} INFO - 24/11/01 01:17:39 INFO MapOutputTrackerMasterEndpoint: MapOutputTrackerMasterEndpoint stopped!
[2024-11-01T01:17:39.721+0000] {spark_submit.py:495} INFO - 24/11/01 01:17:39 INFO MemoryStore: MemoryStore cleared
[2024-11-01T01:17:39.722+0000] {spark_submit.py:495} INFO - 24/11/01 01:17:39 INFO BlockManager: BlockManager stopped
[2024-11-01T01:17:39.806+0000] {spark_submit.py:495} INFO - 24/11/01 01:17:39 INFO BlockManagerMaster: BlockManagerMaster stopped
[2024-11-01T01:17:39.862+0000] {spark_submit.py:495} INFO - 24/11/01 01:17:39 INFO OutputCommitCoordinator$OutputCommitCoordinatorEndpoint: OutputCommitCoordinator stopped!
[2024-11-01T01:17:40.049+0000] {spark_submit.py:495} INFO - 24/11/01 01:17:40 INFO SparkContext: Successfully stopped SparkContext
[2024-11-01T01:17:40.052+0000] {spark_submit.py:495} INFO - 24/11/01 01:17:40 INFO ShutdownHookManager: Shutdown hook called
[2024-11-01T01:17:40.053+0000] {spark_submit.py:495} INFO - 24/11/01 01:17:40 INFO ShutdownHookManager: Deleting directory /tmp/spark-e848f039-3d1f-4342-803a-88cf072a971c
[2024-11-01T01:17:40.173+0000] {spark_submit.py:495} INFO - 24/11/01 01:17:40 INFO ShutdownHookManager: Deleting directory /tmp/spark-a4bd19c7-d5fb-4afc-9dc0-f9ddc9bb263c
[2024-11-01T01:17:40.333+0000] {spark_submit.py:495} INFO - 24/11/01 01:17:40 INFO ShutdownHookManager: Deleting directory /tmp/spark-e848f039-3d1f-4342-803a-88cf072a971c/pyspark-0f46318a-5de7-4dbf-a4c1-798ab2637d05
[2024-11-01T01:17:40.820+0000] {taskinstance.py:441} INFO - ::group::Post task execution logs
[2024-11-01T01:17:40.879+0000] {taskinstance.py:2905} ERROR - Task failed with exception
Traceback (most recent call last):
  File "/home/airflow/.local/lib/python3.11/site-packages/airflow/models/taskinstance.py", line 465, in _execute_task
    result = _execute_callable(context=context, **execute_callable_kwargs)
             ^^^^^^^^^^^^^^^^^^^^^^^^^^^^^^^^^^^^^^^^^^^^^^^^^^^^^^^^^^^^^
  File "/home/airflow/.local/lib/python3.11/site-packages/airflow/models/taskinstance.py", line 432, in _execute_callable
    return execute_callable(context=context, **execute_callable_kwargs)
           ^^^^^^^^^^^^^^^^^^^^^^^^^^^^^^^^^^^^^^^^^^^^^^^^^^^^^^^^^^^^
  File "/home/airflow/.local/lib/python3.11/site-packages/airflow/models/baseoperator.py", line 401, in wrapper
    return func(self, *args, **kwargs)
           ^^^^^^^^^^^^^^^^^^^^^^^^^^^
  File "/home/airflow/.local/lib/python3.11/site-packages/airflow/providers/apache/spark/operators/spark_submit.py", line 157, in execute
    self._hook.submit(self._application)
  File "/home/airflow/.local/lib/python3.11/site-packages/airflow/providers/apache/spark/hooks/spark_submit.py", line 426, in submit
    raise AirflowException(
airflow.exceptions.AirflowException: Cannot execute: spark-submit --master spark://spark-master:7077 --name KafkaSparkHDFS /opt/***/dags/spark_streaming_job.py. Error code is: 1.
[2024-11-01T01:17:40.931+0000] {taskinstance.py:1206} INFO - Marking task as FAILED. dag_id=sensor_data_consumer, task_id=sensor_data_consumer, run_id=manual__2024-11-01T01:16:11.840569+00:00, execution_date=20241101T011611, start_date=20241101T011620, end_date=20241101T011740
[2024-11-01T01:17:40.969+0000] {standard_task_runner.py:110} ERROR - Failed to execute job 38 for task sensor_data_consumer (Cannot execute: spark-submit --master spark://spark-master:7077 --name KafkaSparkHDFS /opt/***/dags/spark_streaming_job.py. Error code is: 1.; 1151)
[2024-11-01T01:17:41.017+0000] {local_task_job_runner.py:243} INFO - Task exited with return code 1
[2024-11-01T01:17:41.127+0000] {local_task_job_runner.py:222} INFO - ::endgroup::
