[2024-11-01T05:51:16.151+0000] {local_task_job_runner.py:120} INFO - ::group::Pre task execution logs
[2024-11-01T05:51:16.456+0000] {taskinstance.py:2076} INFO - Dependencies all met for dep_context=non-requeueable deps ti=<TaskInstance: sensor_data_consumer.sensor_data_consumer manual__2024-11-01T05:51:03.074143+00:00 [queued]>
[2024-11-01T05:51:16.751+0000] {taskinstance.py:2076} INFO - Dependencies all met for dep_context=requeueable deps ti=<TaskInstance: sensor_data_consumer.sensor_data_consumer manual__2024-11-01T05:51:03.074143+00:00 [queued]>
[2024-11-01T05:51:16.751+0000] {taskinstance.py:2306} INFO - Starting attempt 1 of 1
[2024-11-01T05:51:16.864+0000] {taskinstance.py:2330} INFO - Executing <Task(SparkSubmitOperator): sensor_data_consumer> on 2024-11-01 05:51:03.074143+00:00
[2024-11-01T05:51:16.886+0000] {standard_task_runner.py:64} INFO - Started process 2831 to run task
[2024-11-01T05:51:16.896+0000] {standard_task_runner.py:90} INFO - Running: ['***', 'tasks', 'run', 'sensor_data_consumer', 'sensor_data_consumer', 'manual__2024-11-01T05:51:03.074143+00:00', '--job-id', '130', '--raw', '--subdir', 'DAGS_FOLDER/***_consumer.py', '--cfg-path', '/tmp/tmpw52b3352']
[2024-11-01T05:51:16.899+0000] {standard_task_runner.py:91} INFO - Job 130: Subtask sensor_data_consumer
[2024-11-01T05:51:17.099+0000] {task_command.py:426} INFO - Running <TaskInstance: sensor_data_consumer.sensor_data_consumer manual__2024-11-01T05:51:03.074143+00:00 [running]> on host 0f30954d6a44
[2024-11-01T05:51:17.638+0000] {taskinstance.py:2648} INFO - Exporting env vars: AIRFLOW_CTX_DAG_OWNER='Bich Ly' AIRFLOW_CTX_DAG_ID='sensor_data_consumer' AIRFLOW_CTX_TASK_ID='sensor_data_consumer' AIRFLOW_CTX_EXECUTION_DATE='2024-11-01T05:51:03.074143+00:00' AIRFLOW_CTX_TRY_NUMBER='1' AIRFLOW_CTX_DAG_RUN_ID='manual__2024-11-01T05:51:03.074143+00:00'
[2024-11-01T05:51:17.642+0000] {taskinstance.py:430} INFO - ::endgroup::
[2024-11-01T05:51:17.866+0000] {base.py:84} INFO - Using connection ID 'spark_default' for task execution.
[2024-11-01T05:51:17.879+0000] {spark_submit.py:344} INFO - Spark-Submit cmd: spark-submit --master spark://spark-master:7077 --name KafkaSparkHDFS /opt/***/dags/spark_streaming_job.py
[2024-11-01T05:52:24.897+0000] {spark_submit.py:495} INFO - 24/11/01 05:52:24 INFO SparkContext: Running Spark version 3.4.2
[2024-11-01T05:52:26.296+0000] {spark_submit.py:495} INFO - 24/11/01 05:52:26 WARN NativeCodeLoader: Unable to load native-hadoop library for your platform... using builtin-java classes where applicable
[2024-11-01T05:52:27.390+0000] {spark_submit.py:495} INFO - 24/11/01 05:52:27 INFO ResourceUtils: ==============================================================
[2024-11-01T05:52:27.391+0000] {spark_submit.py:495} INFO - 24/11/01 05:52:27 INFO ResourceUtils: No custom resources configured for spark.driver.
[2024-11-01T05:52:27.391+0000] {spark_submit.py:495} INFO - 24/11/01 05:52:27 INFO ResourceUtils: ==============================================================
[2024-11-01T05:52:27.391+0000] {spark_submit.py:495} INFO - 24/11/01 05:52:27 INFO SparkContext: Submitted application: KafkaSparkStreaming
[2024-11-01T05:52:27.627+0000] {spark_submit.py:495} INFO - 24/11/01 05:52:27 INFO ResourceProfile: Default ResourceProfile created, executor resources: Map(memory -> name: memory, amount: 1024, script: , vendor: , offHeap -> name: offHeap, amount: 0, script: , vendor: ), task resources: Map(cpus -> name: cpus, amount: 1.0)
[2024-11-01T05:52:27.804+0000] {spark_submit.py:495} INFO - 24/11/01 05:52:27 INFO ResourceProfile: Limiting resource is cpu
[2024-11-01T05:52:27.805+0000] {spark_submit.py:495} INFO - 24/11/01 05:52:27 INFO ResourceProfileManager: Added ResourceProfile id: 0
[2024-11-01T05:52:28.970+0000] {spark_submit.py:495} INFO - 24/11/01 05:52:28 INFO SecurityManager: Changing view acls to: ***
[2024-11-01T05:52:29.039+0000] {spark_submit.py:495} INFO - 24/11/01 05:52:28 INFO SecurityManager: Changing modify acls to: ***
[2024-11-01T05:52:29.074+0000] {spark_submit.py:495} INFO - 24/11/01 05:52:28 INFO SecurityManager: Changing view acls groups to:
[2024-11-01T05:52:29.089+0000] {spark_submit.py:495} INFO - 24/11/01 05:52:28 INFO SecurityManager: Changing modify acls groups to:
[2024-11-01T05:52:29.089+0000] {spark_submit.py:495} INFO - 24/11/01 05:52:28 INFO SecurityManager: SecurityManager: authentication disabled; ui acls disabled; users with view permissions: ***; groups with view permissions: EMPTY; users with modify permissions: ***; groups with modify permissions: EMPTY
[2024-11-01T05:52:32.233+0000] {spark_submit.py:495} INFO - 24/11/01 05:52:32 INFO Utils: Successfully started service 'sparkDriver' on port 44241.
[2024-11-01T05:52:32.562+0000] {spark_submit.py:495} INFO - 24/11/01 05:52:32 INFO SparkEnv: Registering MapOutputTracker
[2024-11-01T05:52:32.872+0000] {spark_submit.py:495} INFO - 24/11/01 05:52:32 INFO SparkEnv: Registering BlockManagerMaster
[2024-11-01T05:52:33.017+0000] {spark_submit.py:495} INFO - 24/11/01 05:52:33 INFO BlockManagerMasterEndpoint: Using org.apache.spark.storage.DefaultTopologyMapper for getting topology information
[2024-11-01T05:52:33.023+0000] {spark_submit.py:495} INFO - 24/11/01 05:52:33 INFO BlockManagerMasterEndpoint: BlockManagerMasterEndpoint up
[2024-11-01T05:52:33.067+0000] {spark_submit.py:495} INFO - 24/11/01 05:52:33 INFO SparkEnv: Registering BlockManagerMasterHeartbeat
[2024-11-01T05:52:33.327+0000] {spark_submit.py:495} INFO - 24/11/01 05:52:33 INFO DiskBlockManager: Created local directory at /tmp/blockmgr-a601a78d-6101-42d3-95c1-12b692b1e148
[2024-11-01T05:52:33.571+0000] {spark_submit.py:495} INFO - 24/11/01 05:52:33 INFO MemoryStore: MemoryStore started with capacity 434.4 MiB
[2024-11-01T05:52:33.739+0000] {spark_submit.py:495} INFO - 24/11/01 05:52:33 INFO SparkEnv: Registering OutputCommitCoordinator
[2024-11-01T05:52:35.789+0000] {spark_submit.py:495} INFO - 24/11/01 05:52:35 INFO JettyUtils: Start Jetty 0.0.0.0:4040 for SparkUI
[2024-11-01T05:52:36.766+0000] {spark_submit.py:495} INFO - 24/11/01 05:52:36 INFO Utils: Successfully started service 'SparkUI' on port 4040.
[2024-11-01T05:52:38.902+0000] {spark_submit.py:495} INFO - 24/11/01 05:52:38 INFO StandaloneAppClient$ClientEndpoint: Connecting to master spark://spark-master:7077...
[2024-11-01T05:52:39.491+0000] {spark_submit.py:495} INFO - 24/11/01 05:52:39 INFO TransportClientFactory: Successfully created connection to spark-master/172.22.0.2:7077 after 312 ms (0 ms spent in bootstraps)
[2024-11-01T05:52:44.895+0000] {spark_submit.py:495} INFO - 24/11/01 05:52:44 INFO StandaloneSchedulerBackend: Connected to Spark cluster with app ID app-20241101055242-0000
[2024-11-01T05:52:45.196+0000] {spark_submit.py:495} INFO - 24/11/01 05:52:45 INFO Utils: Successfully started service 'org.apache.spark.network.netty.NettyBlockTransferService' on port 41299.
[2024-11-01T05:52:45.198+0000] {spark_submit.py:495} INFO - 24/11/01 05:52:45 INFO NettyBlockTransferService: Server created on 0f30954d6a44:41299
[2024-11-01T05:52:45.255+0000] {spark_submit.py:495} INFO - 24/11/01 05:52:45 INFO StandaloneAppClient$ClientEndpoint: Executor added: app-20241101055242-0000/0 on worker-20241101042816-172.22.0.4-37515 (172.22.0.4:37515) with 1 core(s)
[2024-11-01T05:52:45.291+0000] {spark_submit.py:495} INFO - 24/11/01 05:52:45 INFO BlockManager: Using org.apache.spark.storage.RandomBlockReplicationPolicy for block replication policy
[2024-11-01T05:52:45.498+0000] {spark_submit.py:495} INFO - 24/11/01 05:52:45 INFO BlockManagerMaster: Registering BlockManager BlockManagerId(driver, 0f30954d6a44, 41299, None)
[2024-11-01T05:52:45.504+0000] {spark_submit.py:495} INFO - 24/11/01 05:52:45 INFO StandaloneSchedulerBackend: Granted executor ID app-20241101055242-0000/0 on hostPort 172.22.0.4:37515 with 1 core(s), 1024.0 MiB RAM
[2024-11-01T05:52:45.512+0000] {spark_submit.py:495} INFO - 24/11/01 05:52:45 INFO BlockManagerMasterEndpoint: Registering block manager 0f30954d6a44:41299 with 434.4 MiB RAM, BlockManagerId(driver, 0f30954d6a44, 41299, None)
[2024-11-01T05:52:45.531+0000] {spark_submit.py:495} INFO - 24/11/01 05:52:45 INFO BlockManagerMaster: Registered BlockManager BlockManagerId(driver, 0f30954d6a44, 41299, None)
[2024-11-01T05:52:45.533+0000] {spark_submit.py:495} INFO - 24/11/01 05:52:45 INFO BlockManager: Initialized BlockManager: BlockManagerId(driver, 0f30954d6a44, 41299, None)
[2024-11-01T05:52:51.576+0000] {spark_submit.py:495} INFO - 24/11/01 05:52:51 INFO StandaloneSchedulerBackend: SchedulerBackend is ready for scheduling beginning after reached minRegisteredResourcesRatio: 0.0
[2024-11-01T05:53:01.931+0000] {spark_submit.py:495} INFO - 24/11/01 05:53:01 INFO SharedState: Setting hive.metastore.warehouse.dir ('null') to the value of spark.sql.warehouse.dir.
[2024-11-01T05:53:01.979+0000] {spark_submit.py:495} INFO - 24/11/01 05:53:01 INFO SharedState: Warehouse path is 'file:/opt/***/spark-warehouse'.
[2024-11-01T05:53:02.319+0000] {spark_submit.py:495} INFO - 24/11/01 05:53:02 INFO StandaloneAppClient$ClientEndpoint: Executor updated: app-20241101055242-0000/0 is now RUNNING
[2024-11-01T05:53:23.988+0000] {spark_submit.py:495} INFO - Traceback (most recent call last):
[2024-11-01T05:53:24.082+0000] {spark_submit.py:495} INFO - File "/opt/***/dags/spark_streaming_job.py", line 42, in <module>
[2024-11-01T05:53:24.082+0000] {spark_submit.py:495} INFO - spark_streaming_job()
[2024-11-01T05:53:24.083+0000] {spark_submit.py:495} INFO - File "/opt/***/dags/spark_streaming_job.py", line 25, in spark_streaming_job
[2024-11-01T05:53:24.107+0000] {spark_submit.py:495} INFO - .load()
[2024-11-01T05:53:24.107+0000] {spark_submit.py:495} INFO - ^^^^^^
[2024-11-01T05:53:24.108+0000] {spark_submit.py:495} INFO - File "/home/***/.local/lib/python3.11/site-packages/pyspark/python/lib/pyspark.zip/pyspark/sql/streaming/readwriter.py", line 277, in load
[2024-11-01T05:53:24.108+0000] {spark_submit.py:495} INFO - File "/home/***/.local/lib/python3.11/site-packages/pyspark/python/lib/py4j-0.10.9.7-src.zip/py4j/java_gateway.py", line 1322, in __call__
[2024-11-01T05:53:24.108+0000] {spark_submit.py:495} INFO - File "/home/***/.local/lib/python3.11/site-packages/pyspark/python/lib/pyspark.zip/pyspark/errors/exceptions/captured.py", line 175, in deco
[2024-11-01T05:53:24.622+0000] {spark_submit.py:495} INFO - pyspark.errors.exceptions.captured.AnalysisException: Failed to find data source: kafka. Please deploy the application as per the deployment section of Structured Streaming + Kafka Integration Guide.
[2024-11-01T05:53:25.240+0000] {spark_submit.py:495} INFO - 24/11/01 05:53:25 INFO SparkContext: Invoking stop() from shutdown hook
[2024-11-01T05:53:25.352+0000] {spark_submit.py:495} INFO - 24/11/01 05:53:25 INFO SparkContext: SparkContext is stopping with exitCode 0.
[2024-11-01T05:53:25.856+0000] {spark_submit.py:495} INFO - 24/11/01 05:53:25 INFO SparkUI: Stopped Spark web UI at http://0f30954d6a44:4040
[2024-11-01T05:53:25.948+0000] {spark_submit.py:495} INFO - 24/11/01 05:53:25 INFO StandaloneSchedulerBackend: Shutting down all executors
[2024-11-01T05:53:26.032+0000] {spark_submit.py:495} INFO - 24/11/01 05:53:26 INFO StandaloneSchedulerBackend$StandaloneDriverEndpoint: Asking each executor to shut down
[2024-11-01T05:53:26.592+0000] {spark_submit.py:495} INFO - 24/11/01 05:53:26 INFO MapOutputTrackerMasterEndpoint: MapOutputTrackerMasterEndpoint stopped!
[2024-11-01T05:53:27.142+0000] {spark_submit.py:495} INFO - 24/11/01 05:53:27 INFO MemoryStore: MemoryStore cleared
[2024-11-01T05:53:27.166+0000] {spark_submit.py:495} INFO - 24/11/01 05:53:27 INFO BlockManager: BlockManager stopped
[2024-11-01T05:53:27.503+0000] {spark_submit.py:495} INFO - 24/11/01 05:53:27 INFO BlockManagerMaster: BlockManagerMaster stopped
[2024-11-01T05:53:27.573+0000] {spark_submit.py:495} INFO - 24/11/01 05:53:27 INFO OutputCommitCoordinator$OutputCommitCoordinatorEndpoint: OutputCommitCoordinator stopped!
[2024-11-01T05:53:28.801+0000] {spark_submit.py:495} INFO - 24/11/01 05:53:28 INFO SparkContext: Successfully stopped SparkContext
[2024-11-01T05:53:29.357+0000] {spark_submit.py:495} INFO - 24/11/01 05:53:29 INFO ShutdownHookManager: Shutdown hook called
[2024-11-01T05:53:29.357+0000] {spark_submit.py:495} INFO - 24/11/01 05:53:29 INFO ShutdownHookManager: Deleting directory /tmp/spark-b44c25d8-922b-429a-b51e-a27ccc8e6413
[2024-11-01T05:53:29.381+0000] {spark_submit.py:495} INFO - 24/11/01 05:53:29 INFO ShutdownHookManager: Deleting directory /tmp/spark-38097294-8f38-497b-b435-e543c7407ee2
[2024-11-01T05:53:29.875+0000] {spark_submit.py:495} INFO - 24/11/01 05:53:29 INFO ShutdownHookManager: Deleting directory /tmp/spark-b44c25d8-922b-429a-b51e-a27ccc8e6413/pyspark-880951ce-f212-42df-b007-65860357d5b0
[2024-11-01T05:53:31.103+0000] {taskinstance.py:441} INFO - ::group::Post task execution logs
[2024-11-01T05:53:31.220+0000] {taskinstance.py:2905} ERROR - Task failed with exception
Traceback (most recent call last):
  File "/home/airflow/.local/lib/python3.11/site-packages/airflow/models/taskinstance.py", line 465, in _execute_task
    result = _execute_callable(context=context, **execute_callable_kwargs)
             ^^^^^^^^^^^^^^^^^^^^^^^^^^^^^^^^^^^^^^^^^^^^^^^^^^^^^^^^^^^^^
  File "/home/airflow/.local/lib/python3.11/site-packages/airflow/models/taskinstance.py", line 432, in _execute_callable
    return execute_callable(context=context, **execute_callable_kwargs)
           ^^^^^^^^^^^^^^^^^^^^^^^^^^^^^^^^^^^^^^^^^^^^^^^^^^^^^^^^^^^^
  File "/home/airflow/.local/lib/python3.11/site-packages/airflow/models/baseoperator.py", line 401, in wrapper
    return func(self, *args, **kwargs)
           ^^^^^^^^^^^^^^^^^^^^^^^^^^^
  File "/home/airflow/.local/lib/python3.11/site-packages/airflow/providers/apache/spark/operators/spark_submit.py", line 157, in execute
    self._hook.submit(self._application)
  File "/home/airflow/.local/lib/python3.11/site-packages/airflow/providers/apache/spark/hooks/spark_submit.py", line 426, in submit
    raise AirflowException(
airflow.exceptions.AirflowException: Cannot execute: spark-submit --master spark://spark-master:7077 --name KafkaSparkHDFS /opt/***/dags/spark_streaming_job.py. Error code is: 1.
[2024-11-01T05:53:31.302+0000] {taskinstance.py:1206} INFO - Marking task as FAILED. dag_id=sensor_data_consumer, task_id=sensor_data_consumer, run_id=manual__2024-11-01T05:51:03.074143+00:00, execution_date=20241101T055103, start_date=20241101T055116, end_date=20241101T055331
[2024-11-01T05:53:31.823+0000] {standard_task_runner.py:110} ERROR - Failed to execute job 130 for task sensor_data_consumer (Cannot execute: spark-submit --master spark://spark-master:7077 --name KafkaSparkHDFS /opt/***/dags/spark_streaming_job.py. Error code is: 1.; 2831)
[2024-11-01T05:53:32.077+0000] {local_task_job_runner.py:243} INFO - Task exited with return code 1
[2024-11-01T05:53:32.426+0000] {taskinstance.py:3503} INFO - 0 downstream tasks scheduled from follow-on schedule check
[2024-11-01T05:53:32.440+0000] {local_task_job_runner.py:222} INFO - ::endgroup::
