[2024-11-03T10:25:16.221+0000] {local_task_job_runner.py:120} INFO - ::group::Pre task execution logs
[2024-11-03T10:25:16.489+0000] {taskinstance.py:2076} INFO - Dependencies all met for dep_context=non-requeueable deps ti=<TaskInstance: sensor_data_consumer.sensor_data_consumer manual__2024-11-03T10:25:00.111891+00:00 [queued]>
[2024-11-03T10:25:16.663+0000] {taskinstance.py:2076} INFO - Dependencies all met for dep_context=requeueable deps ti=<TaskInstance: sensor_data_consumer.sensor_data_consumer manual__2024-11-03T10:25:00.111891+00:00 [queued]>
[2024-11-03T10:25:16.663+0000] {taskinstance.py:2306} INFO - Starting attempt 1 of 1
[2024-11-03T10:25:17.314+0000] {taskinstance.py:2330} INFO - Executing <Task(SparkSubmitOperator): sensor_data_consumer> on 2024-11-03 10:25:00.111891+00:00
[2024-11-03T10:25:17.814+0000] {standard_task_runner.py:64} INFO - Started process 5489 to run task
[2024-11-03T10:25:17.820+0000] {standard_task_runner.py:90} INFO - Running: ['***', 'tasks', 'run', 'sensor_data_consumer', 'sensor_data_consumer', 'manual__2024-11-03T10:25:00.111891+00:00', '--job-id', '219', '--raw', '--subdir', 'DAGS_FOLDER/***_consumer.py', '--cfg-path', '/tmp/tmpyrbcdbjf']
[2024-11-03T10:25:17.916+0000] {standard_task_runner.py:91} INFO - Job 219: Subtask sensor_data_consumer
[2024-11-03T10:25:18.991+0000] {task_command.py:426} INFO - Running <TaskInstance: sensor_data_consumer.sensor_data_consumer manual__2024-11-03T10:25:00.111891+00:00 [running]> on host 7d9160448bdc
[2024-11-03T10:25:20.487+0000] {taskinstance.py:2648} INFO - Exporting env vars: AIRFLOW_CTX_DAG_OWNER='Bich Ly' AIRFLOW_CTX_DAG_ID='sensor_data_consumer' AIRFLOW_CTX_TASK_ID='sensor_data_consumer' AIRFLOW_CTX_EXECUTION_DATE='2024-11-03T10:25:00.111891+00:00' AIRFLOW_CTX_TRY_NUMBER='1' AIRFLOW_CTX_DAG_RUN_ID='manual__2024-11-03T10:25:00.111891+00:00'
[2024-11-03T10:25:20.634+0000] {taskinstance.py:430} INFO - ::endgroup::
[2024-11-03T10:25:20.742+0000] {spark_submit.py:222} INFO - Could not load connection string spark_default, defaulting to yarn
[2024-11-03T10:25:20.747+0000] {spark_submit.py:344} INFO - Spark-Submit cmd: spark-submit --master yarn --conf spark.yarn.appMasterEnv.HADOOP_CONF_DIR=/opt/hadoop-3.2.1/etc/hadoop --packages org.apache.spark:spark-streaming-kafka-0-10_2.12:3.4.2,org.apache.spark:spark-sql-kafka-0-10_2.12:3.4.2,org.apache.hadoop:hadoop-client:3.2.1 --name KafkaSparkHDFS /opt/***/dags/spark_streaming_job.py
[2024-11-03T10:25:34.740+0000] {spark_submit.py:495} INFO - :: loading settings :: url = jar:file:/home/***/.local/lib/python3.11/site-packages/pyspark/jars/ivy-2.5.1.jar!/org/apache/ivy/core/settings/ivysettings.xml
[2024-11-03T10:25:35.120+0000] {spark_submit.py:495} INFO - Ivy Default Cache set to: /home/***/.ivy2/cache
[2024-11-03T10:25:35.121+0000] {spark_submit.py:495} INFO - The jars for the packages stored in: /home/***/.ivy2/jars
[2024-11-03T10:25:35.146+0000] {spark_submit.py:495} INFO - org.apache.spark#spark-streaming-kafka-0-10_2.12 added as a dependency
[2024-11-03T10:25:35.149+0000] {spark_submit.py:495} INFO - org.apache.spark#spark-sql-kafka-0-10_2.12 added as a dependency
[2024-11-03T10:25:35.150+0000] {spark_submit.py:495} INFO - org.apache.hadoop#hadoop-client added as a dependency
[2024-11-03T10:25:35.151+0000] {spark_submit.py:495} INFO - :: resolving dependencies :: org.apache.spark#spark-submit-parent-a8b1e497-c31c-4b3f-9045-718e04f571b4;1.0
[2024-11-03T10:25:35.151+0000] {spark_submit.py:495} INFO - confs: [default]
[2024-11-03T10:25:36.064+0000] {spark_submit.py:495} INFO - found org.apache.spark#spark-streaming-kafka-0-10_2.12;3.4.2 in central
[2024-11-03T10:25:36.355+0000] {spark_submit.py:495} INFO - found org.apache.spark#spark-token-provider-kafka-0-10_2.12;3.4.2 in central
[2024-11-03T10:25:36.438+0000] {spark_submit.py:495} INFO - found org.apache.kafka#kafka-clients;3.3.2 in central
[2024-11-03T10:25:36.617+0000] {spark_submit.py:495} INFO - found org.lz4#lz4-java;1.8.0 in central
[2024-11-03T10:25:37.036+0000] {spark_submit.py:495} INFO - found org.xerial.snappy#snappy-java;1.1.10.3 in central
[2024-11-03T10:25:37.123+0000] {spark_submit.py:495} INFO - found org.slf4j#slf4j-api;2.0.6 in central
[2024-11-03T10:25:37.206+0000] {spark_submit.py:495} INFO - found org.apache.hadoop#hadoop-client-runtime;3.3.4 in central
[2024-11-03T10:25:37.379+0000] {spark_submit.py:495} INFO - found org.apache.hadoop#hadoop-client-api;3.3.4 in central
[2024-11-03T10:25:37.482+0000] {spark_submit.py:495} INFO - found commons-logging#commons-logging;1.1.3 in central
[2024-11-03T10:25:37.706+0000] {spark_submit.py:495} INFO - found com.google.code.findbugs#jsr305;3.0.0 in central
[2024-11-03T10:25:37.770+0000] {spark_submit.py:495} INFO - found org.apache.spark#spark-sql-kafka-0-10_2.12;3.4.2 in central
[2024-11-03T10:25:38.024+0000] {spark_submit.py:495} INFO - found org.apache.commons#commons-pool2;2.11.1 in central
[2024-11-03T10:25:38.146+0000] {spark_submit.py:495} INFO - found org.apache.hadoop#hadoop-client;3.2.1 in central
[2024-11-03T10:25:38.218+0000] {spark_submit.py:495} INFO - found org.apache.hadoop#hadoop-common;3.2.1 in central
[2024-11-03T10:25:38.336+0000] {spark_submit.py:495} INFO - found org.apache.hadoop#hadoop-annotations;3.2.1 in central
[2024-11-03T10:25:38.412+0000] {spark_submit.py:495} INFO - found com.google.guava#guava;27.0-jre in central
[2024-11-03T10:25:38.475+0000] {spark_submit.py:495} INFO - found com.google.guava#failureaccess;1.0 in central
[2024-11-03T10:25:38.510+0000] {spark_submit.py:495} INFO - found com.google.guava#listenablefuture;9999.0-empty-to-avoid-conflict-with-guava in central
[2024-11-03T10:25:38.570+0000] {spark_submit.py:495} INFO - found org.checkerframework#checker-qual;2.5.2 in central
[2024-11-03T10:25:38.626+0000] {spark_submit.py:495} INFO - found com.google.errorprone#error_prone_annotations;2.2.0 in central
[2024-11-03T10:25:38.701+0000] {spark_submit.py:495} INFO - found com.google.j2objc#j2objc-annotations;1.1 in central
[2024-11-03T10:25:38.768+0000] {spark_submit.py:495} INFO - found org.codehaus.mojo#animal-sniffer-annotations;1.17 in central
[2024-11-03T10:25:38.845+0000] {spark_submit.py:495} INFO - found commons-cli#commons-cli;1.2 in central
[2024-11-03T10:25:38.899+0000] {spark_submit.py:495} INFO - found org.apache.commons#commons-math3;3.1.1 in central
[2024-11-03T10:25:38.950+0000] {spark_submit.py:495} INFO - found org.apache.httpcomponents#httpclient;4.5.6 in central
[2024-11-03T10:25:39.017+0000] {spark_submit.py:495} INFO - found org.apache.httpcomponents#httpcore;4.4.10 in central
[2024-11-03T10:25:39.097+0000] {spark_submit.py:495} INFO - found commons-codec#commons-codec;1.11 in central
[2024-11-03T10:25:39.135+0000] {spark_submit.py:495} INFO - found commons-io#commons-io;2.5 in central
[2024-11-03T10:25:39.196+0000] {spark_submit.py:495} INFO - found commons-net#commons-net;3.6 in central
[2024-11-03T10:25:39.280+0000] {spark_submit.py:495} INFO - found commons-collections#commons-collections;3.2.2 in central
[2024-11-03T10:25:39.366+0000] {spark_submit.py:495} INFO - found org.eclipse.jetty#jetty-servlet;9.3.24.v20180605 in central
[2024-11-03T10:25:39.410+0000] {spark_submit.py:495} INFO - found org.eclipse.jetty#jetty-security;9.3.24.v20180605 in central
[2024-11-03T10:25:39.560+0000] {spark_submit.py:495} INFO - found org.eclipse.jetty#jetty-webapp;9.3.24.v20180605 in central
[2024-11-03T10:25:39.843+0000] {spark_submit.py:495} INFO - found org.eclipse.jetty#jetty-xml;9.3.24.v20180605 in central
[2024-11-03T10:25:40.316+0000] {spark_submit.py:495} INFO - found com.sun.jersey#jersey-servlet;1.19 in central
[2024-11-03T10:25:40.403+0000] {spark_submit.py:495} INFO - found log4j#log4j;1.2.17 in central
[2024-11-03T10:25:40.484+0000] {spark_submit.py:495} INFO - found commons-beanutils#commons-beanutils;1.9.3 in central
[2024-11-03T10:25:40.612+0000] {spark_submit.py:495} INFO - found org.apache.commons#commons-configuration2;2.1.1 in central
[2024-11-03T10:25:40.810+0000] {spark_submit.py:495} INFO - found org.apache.commons#commons-lang3;3.7 in central
[2024-11-03T10:25:41.091+0000] {spark_submit.py:495} INFO - found org.apache.commons#commons-text;1.4 in central
[2024-11-03T10:25:41.590+0000] {spark_submit.py:495} INFO - found org.apache.avro#avro;1.7.7 in central
[2024-11-03T10:25:41.710+0000] {spark_submit.py:495} INFO - found org.codehaus.jackson#jackson-core-asl;1.9.13 in central
[2024-11-03T10:25:42.062+0000] {spark_submit.py:495} INFO - found org.codehaus.jackson#jackson-mapper-asl;1.9.13 in central
[2024-11-03T10:25:42.247+0000] {spark_submit.py:495} INFO - found com.thoughtworks.paranamer#paranamer;2.3 in central
[2024-11-03T10:25:42.370+0000] {spark_submit.py:495} INFO - found org.apache.commons#commons-compress;1.18 in central
[2024-11-03T10:25:42.561+0000] {spark_submit.py:495} INFO - found com.google.re2j#re2j;1.1 in central
[2024-11-03T10:25:42.612+0000] {spark_submit.py:495} INFO - found com.google.protobuf#protobuf-java;2.5.0 in central
[2024-11-03T10:25:42.668+0000] {spark_submit.py:495} INFO - found com.google.code.gson#gson;2.2.4 in central
[2024-11-03T10:25:42.708+0000] {spark_submit.py:495} INFO - found org.apache.hadoop#hadoop-auth;3.2.1 in central
[2024-11-03T10:25:42.788+0000] {spark_submit.py:495} INFO - found com.nimbusds#nimbus-jose-jwt;4.41.1 in central
[2024-11-03T10:25:42.815+0000] {spark_submit.py:495} INFO - found com.github.stephenc.jcip#jcip-annotations;1.0-1 in central
[2024-11-03T10:25:42.844+0000] {spark_submit.py:495} INFO - found net.minidev#json-smart;2.3 in central
[2024-11-03T10:25:42.877+0000] {spark_submit.py:495} INFO - found net.minidev#accessors-smart;1.2 in central
[2024-11-03T10:25:42.907+0000] {spark_submit.py:495} INFO - found org.ow2.asm#asm;5.0.4 in central
[2024-11-03T10:25:42.932+0000] {spark_submit.py:495} INFO - found org.apache.curator#curator-framework;2.13.0 in central
[2024-11-03T10:25:42.954+0000] {spark_submit.py:495} INFO - found org.apache.curator#curator-client;2.13.0 in central
[2024-11-03T10:25:43.153+0000] {spark_submit.py:495} INFO - found org.apache.kerby#kerb-simplekdc;1.0.1 in central
[2024-11-03T10:25:43.209+0000] {spark_submit.py:495} INFO - found org.apache.kerby#kerb-client;1.0.1 in central
[2024-11-03T10:25:43.589+0000] {spark_submit.py:495} INFO - found org.apache.kerby#kerby-config;1.0.1 in central
[2024-11-03T10:25:43.731+0000] {spark_submit.py:495} INFO - found org.apache.kerby#kerb-core;1.0.1 in central
[2024-11-03T10:25:43.891+0000] {spark_submit.py:495} INFO - found org.apache.kerby#kerby-pkix;1.0.1 in central
[2024-11-03T10:25:44.109+0000] {spark_submit.py:495} INFO - found org.apache.kerby#kerby-asn1;1.0.1 in central
[2024-11-03T10:25:44.402+0000] {spark_submit.py:495} INFO - found org.apache.kerby#kerby-util;1.0.1 in central
[2024-11-03T10:25:44.751+0000] {spark_submit.py:495} INFO - found org.apache.kerby#kerb-common;1.0.1 in central
[2024-11-03T10:25:45.246+0000] {spark_submit.py:495} INFO - found org.apache.kerby#kerb-crypto;1.0.1 in central
[2024-11-03T10:25:45.303+0000] {spark_submit.py:495} INFO - found org.apache.kerby#kerb-util;1.0.1 in central
[2024-11-03T10:25:45.444+0000] {spark_submit.py:495} INFO - found org.apache.kerby#token-provider;1.0.1 in central
[2024-11-03T10:25:45.585+0000] {spark_submit.py:495} INFO - found org.apache.kerby#kerb-admin;1.0.1 in central
[2024-11-03T10:25:45.760+0000] {spark_submit.py:495} INFO - found org.apache.kerby#kerb-server;1.0.1 in central
[2024-11-03T10:25:46.405+0000] {spark_submit.py:495} INFO - found org.apache.kerby#kerb-identity;1.0.1 in central
[2024-11-03T10:25:46.514+0000] {spark_submit.py:495} INFO - found org.apache.kerby#kerby-xdr;1.0.1 in central
[2024-11-03T10:25:46.566+0000] {spark_submit.py:495} INFO - found org.apache.curator#curator-recipes;2.13.0 in central
[2024-11-03T10:25:46.622+0000] {spark_submit.py:495} INFO - found org.apache.htrace#htrace-core4;4.1.0-incubating in central
[2024-11-03T10:25:46.705+0000] {spark_submit.py:495} INFO - found com.fasterxml.jackson.core#jackson-databind;2.9.8 in central
[2024-11-03T10:25:46.756+0000] {spark_submit.py:495} INFO - found com.fasterxml.jackson.core#jackson-annotations;2.9.8 in central
[2024-11-03T10:25:46.850+0000] {spark_submit.py:495} INFO - found com.fasterxml.jackson.core#jackson-core;2.9.8 in central
[2024-11-03T10:25:46.921+0000] {spark_submit.py:495} INFO - found org.codehaus.woodstox#stax2-api;3.1.4 in central
[2024-11-03T10:25:46.977+0000] {spark_submit.py:495} INFO - found com.fasterxml.woodstox#woodstox-core;5.0.3 in central
[2024-11-03T10:25:47.039+0000] {spark_submit.py:495} INFO - found dnsjava#dnsjava;2.1.7 in central
[2024-11-03T10:25:47.999+0000] {spark_submit.py:495} INFO - found javax.servlet.jsp#jsp-api;2.1 in central
[2024-11-03T10:25:48.790+0000] {spark_submit.py:495} INFO - found org.apache.hadoop#hadoop-hdfs-client;3.2.1 in central
[2024-11-03T10:25:48.878+0000] {spark_submit.py:495} INFO - found com.squareup.okhttp#okhttp;2.7.5 in central
[2024-11-03T10:25:48.892+0000] {spark_submit.py:495} INFO - found com.squareup.okio#okio;1.6.0 in central
[2024-11-03T10:25:48.918+0000] {spark_submit.py:495} INFO - found org.apache.hadoop#hadoop-yarn-api;3.2.1 in central
[2024-11-03T10:25:49.042+0000] {spark_submit.py:495} INFO - found javax.xml.bind#jaxb-api;2.2.11 in central
[2024-11-03T10:25:49.174+0000] {spark_submit.py:495} INFO - found org.apache.hadoop#hadoop-yarn-client;3.2.1 in central
[2024-11-03T10:25:49.215+0000] {spark_submit.py:495} INFO - found org.apache.hadoop#hadoop-mapreduce-client-core;3.2.1 in central
[2024-11-03T10:25:49.288+0000] {spark_submit.py:495} INFO - found org.apache.hadoop#hadoop-yarn-common;3.2.1 in central
[2024-11-03T10:25:51.045+0000] {spark_submit.py:495} INFO - found javax.servlet#javax.servlet-api;3.1.0 in central
[2024-11-03T10:25:51.109+0000] {spark_submit.py:495} INFO - found org.eclipse.jetty#jetty-util;9.3.24.v20180605 in central
[2024-11-03T10:25:51.834+0000] {spark_submit.py:495} INFO - found com.sun.jersey#jersey-core;1.19 in central
[2024-11-03T10:25:52.283+0000] {spark_submit.py:495} INFO - found javax.ws.rs#jsr311-api;1.1.1 in central
[2024-11-03T10:25:52.446+0000] {spark_submit.py:495} INFO - found com.sun.jersey#jersey-client;1.19 in central
[2024-11-03T10:25:52.861+0000] {spark_submit.py:495} INFO - found com.fasterxml.jackson.module#jackson-module-jaxb-annotations;2.9.8 in central
[2024-11-03T10:25:53.123+0000] {spark_submit.py:495} INFO - found com.fasterxml.jackson.jaxrs#jackson-jaxrs-json-provider;2.9.8 in central
[2024-11-03T10:25:53.180+0000] {spark_submit.py:495} INFO - found com.fasterxml.jackson.jaxrs#jackson-jaxrs-base;2.9.8 in central
[2024-11-03T10:25:53.263+0000] {spark_submit.py:495} INFO - found org.apache.hadoop#hadoop-mapreduce-client-jobclient;3.2.1 in central
[2024-11-03T10:25:53.296+0000] {spark_submit.py:495} INFO - found org.apache.hadoop#hadoop-mapreduce-client-common;3.2.1 in central
[2024-11-03T10:25:53.604+0000] {spark_submit.py:495} INFO - :: resolution report :: resolve 18284ms :: artifacts dl 172ms
[2024-11-03T10:25:53.605+0000] {spark_submit.py:495} INFO - :: modules in use:
[2024-11-03T10:25:53.792+0000] {spark_submit.py:495} INFO - com.fasterxml.jackson.core#jackson-annotations;2.9.8 from central in [default]
[2024-11-03T10:25:53.794+0000] {spark_submit.py:495} INFO - com.fasterxml.jackson.core#jackson-core;2.9.8 from central in [default]
[2024-11-03T10:25:53.795+0000] {spark_submit.py:495} INFO - com.fasterxml.jackson.core#jackson-databind;2.9.8 from central in [default]
[2024-11-03T10:25:53.797+0000] {spark_submit.py:495} INFO - com.fasterxml.jackson.jaxrs#jackson-jaxrs-base;2.9.8 from central in [default]
[2024-11-03T10:25:53.798+0000] {spark_submit.py:495} INFO - com.fasterxml.jackson.jaxrs#jackson-jaxrs-json-provider;2.9.8 from central in [default]
[2024-11-03T10:25:53.800+0000] {spark_submit.py:495} INFO - com.fasterxml.jackson.module#jackson-module-jaxb-annotations;2.9.8 from central in [default]
[2024-11-03T10:25:53.801+0000] {spark_submit.py:495} INFO - com.fasterxml.woodstox#woodstox-core;5.0.3 from central in [default]
[2024-11-03T10:25:53.803+0000] {spark_submit.py:495} INFO - com.github.stephenc.jcip#jcip-annotations;1.0-1 from central in [default]
[2024-11-03T10:25:53.806+0000] {spark_submit.py:495} INFO - com.google.code.findbugs#jsr305;3.0.0 from central in [default]
[2024-11-03T10:25:53.808+0000] {spark_submit.py:495} INFO - com.google.code.gson#gson;2.2.4 from central in [default]
[2024-11-03T10:25:53.810+0000] {spark_submit.py:495} INFO - com.google.errorprone#error_prone_annotations;2.2.0 from central in [default]
[2024-11-03T10:25:53.811+0000] {spark_submit.py:495} INFO - com.google.guava#failureaccess;1.0 from central in [default]
[2024-11-03T10:25:53.812+0000] {spark_submit.py:495} INFO - com.google.guava#guava;27.0-jre from central in [default]
[2024-11-03T10:25:53.813+0000] {spark_submit.py:495} INFO - com.google.guava#listenablefuture;9999.0-empty-to-avoid-conflict-with-guava from central in [default]
[2024-11-03T10:25:53.813+0000] {spark_submit.py:495} INFO - com.google.j2objc#j2objc-annotations;1.1 from central in [default]
[2024-11-03T10:25:53.814+0000] {spark_submit.py:495} INFO - com.google.protobuf#protobuf-java;2.5.0 from central in [default]
[2024-11-03T10:25:53.814+0000] {spark_submit.py:495} INFO - com.google.re2j#re2j;1.1 from central in [default]
[2024-11-03T10:25:53.814+0000] {spark_submit.py:495} INFO - com.nimbusds#nimbus-jose-jwt;4.41.1 from central in [default]
[2024-11-03T10:25:53.815+0000] {spark_submit.py:495} INFO - com.squareup.okhttp#okhttp;2.7.5 from central in [default]
[2024-11-03T10:25:53.815+0000] {spark_submit.py:495} INFO - com.squareup.okio#okio;1.6.0 from central in [default]
[2024-11-03T10:25:53.816+0000] {spark_submit.py:495} INFO - com.sun.jersey#jersey-client;1.19 from central in [default]
[2024-11-03T10:25:53.816+0000] {spark_submit.py:495} INFO - com.sun.jersey#jersey-core;1.19 from central in [default]
[2024-11-03T10:25:53.817+0000] {spark_submit.py:495} INFO - com.sun.jersey#jersey-servlet;1.19 from central in [default]
[2024-11-03T10:25:53.817+0000] {spark_submit.py:495} INFO - com.thoughtworks.paranamer#paranamer;2.3 from central in [default]
[2024-11-03T10:25:53.818+0000] {spark_submit.py:495} INFO - commons-beanutils#commons-beanutils;1.9.3 from central in [default]
[2024-11-03T10:25:53.818+0000] {spark_submit.py:495} INFO - commons-cli#commons-cli;1.2 from central in [default]
[2024-11-03T10:25:53.819+0000] {spark_submit.py:495} INFO - commons-codec#commons-codec;1.11 from central in [default]
[2024-11-03T10:25:53.820+0000] {spark_submit.py:495} INFO - commons-collections#commons-collections;3.2.2 from central in [default]
[2024-11-03T10:25:53.820+0000] {spark_submit.py:495} INFO - commons-io#commons-io;2.5 from central in [default]
[2024-11-03T10:25:53.821+0000] {spark_submit.py:495} INFO - commons-logging#commons-logging;1.1.3 from central in [default]
[2024-11-03T10:25:53.822+0000] {spark_submit.py:495} INFO - commons-net#commons-net;3.6 from central in [default]
[2024-11-03T10:25:53.823+0000] {spark_submit.py:495} INFO - dnsjava#dnsjava;2.1.7 from central in [default]
[2024-11-03T10:25:53.823+0000] {spark_submit.py:495} INFO - javax.servlet#javax.servlet-api;3.1.0 from central in [default]
[2024-11-03T10:25:53.824+0000] {spark_submit.py:495} INFO - javax.servlet.jsp#jsp-api;2.1 from central in [default]
[2024-11-03T10:25:53.825+0000] {spark_submit.py:495} INFO - javax.ws.rs#jsr311-api;1.1.1 from central in [default]
[2024-11-03T10:25:53.825+0000] {spark_submit.py:495} INFO - javax.xml.bind#jaxb-api;2.2.11 from central in [default]
[2024-11-03T10:25:53.826+0000] {spark_submit.py:495} INFO - log4j#log4j;1.2.17 from central in [default]
[2024-11-03T10:25:53.827+0000] {spark_submit.py:495} INFO - net.minidev#accessors-smart;1.2 from central in [default]
[2024-11-03T10:25:53.827+0000] {spark_submit.py:495} INFO - net.minidev#json-smart;2.3 from central in [default]
[2024-11-03T10:25:53.828+0000] {spark_submit.py:495} INFO - org.apache.avro#avro;1.7.7 from central in [default]
[2024-11-03T10:25:53.828+0000] {spark_submit.py:495} INFO - org.apache.commons#commons-compress;1.18 from central in [default]
[2024-11-03T10:25:53.828+0000] {spark_submit.py:495} INFO - org.apache.commons#commons-configuration2;2.1.1 from central in [default]
[2024-11-03T10:25:53.829+0000] {spark_submit.py:495} INFO - org.apache.commons#commons-lang3;3.7 from central in [default]
[2024-11-03T10:25:53.829+0000] {spark_submit.py:495} INFO - org.apache.commons#commons-math3;3.1.1 from central in [default]
[2024-11-03T10:25:53.829+0000] {spark_submit.py:495} INFO - org.apache.commons#commons-pool2;2.11.1 from central in [default]
[2024-11-03T10:25:53.830+0000] {spark_submit.py:495} INFO - org.apache.commons#commons-text;1.4 from central in [default]
[2024-11-03T10:25:53.830+0000] {spark_submit.py:495} INFO - org.apache.curator#curator-client;2.13.0 from central in [default]
[2024-11-03T10:25:53.831+0000] {spark_submit.py:495} INFO - org.apache.curator#curator-framework;2.13.0 from central in [default]
[2024-11-03T10:25:53.831+0000] {spark_submit.py:495} INFO - org.apache.curator#curator-recipes;2.13.0 from central in [default]
[2024-11-03T10:25:53.832+0000] {spark_submit.py:495} INFO - org.apache.hadoop#hadoop-annotations;3.2.1 from central in [default]
[2024-11-03T10:25:53.833+0000] {spark_submit.py:495} INFO - org.apache.hadoop#hadoop-auth;3.2.1 from central in [default]
[2024-11-03T10:25:53.833+0000] {spark_submit.py:495} INFO - org.apache.hadoop#hadoop-client;3.2.1 from central in [default]
[2024-11-03T10:25:53.833+0000] {spark_submit.py:495} INFO - org.apache.hadoop#hadoop-client-api;3.3.4 from central in [default]
[2024-11-03T10:25:53.833+0000] {spark_submit.py:495} INFO - org.apache.hadoop#hadoop-client-runtime;3.3.4 from central in [default]
[2024-11-03T10:25:53.834+0000] {spark_submit.py:495} INFO - org.apache.hadoop#hadoop-common;3.2.1 from central in [default]
[2024-11-03T10:25:53.834+0000] {spark_submit.py:495} INFO - org.apache.hadoop#hadoop-hdfs-client;3.2.1 from central in [default]
[2024-11-03T10:25:53.834+0000] {spark_submit.py:495} INFO - org.apache.hadoop#hadoop-mapreduce-client-common;3.2.1 from central in [default]
[2024-11-03T10:25:53.834+0000] {spark_submit.py:495} INFO - org.apache.hadoop#hadoop-mapreduce-client-core;3.2.1 from central in [default]
[2024-11-03T10:25:53.835+0000] {spark_submit.py:495} INFO - org.apache.hadoop#hadoop-mapreduce-client-jobclient;3.2.1 from central in [default]
[2024-11-03T10:25:53.835+0000] {spark_submit.py:495} INFO - org.apache.hadoop#hadoop-yarn-api;3.2.1 from central in [default]
[2024-11-03T10:25:53.835+0000] {spark_submit.py:495} INFO - org.apache.hadoop#hadoop-yarn-client;3.2.1 from central in [default]
[2024-11-03T10:25:53.836+0000] {spark_submit.py:495} INFO - org.apache.hadoop#hadoop-yarn-common;3.2.1 from central in [default]
[2024-11-03T10:25:53.836+0000] {spark_submit.py:495} INFO - org.apache.htrace#htrace-core4;4.1.0-incubating from central in [default]
[2024-11-03T10:25:53.837+0000] {spark_submit.py:495} INFO - org.apache.httpcomponents#httpclient;4.5.6 from central in [default]
[2024-11-03T10:25:53.838+0000] {spark_submit.py:495} INFO - org.apache.httpcomponents#httpcore;4.4.10 from central in [default]
[2024-11-03T10:25:53.839+0000] {spark_submit.py:495} INFO - org.apache.kafka#kafka-clients;3.3.2 from central in [default]
[2024-11-03T10:25:53.840+0000] {spark_submit.py:495} INFO - org.apache.kerby#kerb-admin;1.0.1 from central in [default]
[2024-11-03T10:25:53.840+0000] {spark_submit.py:495} INFO - org.apache.kerby#kerb-client;1.0.1 from central in [default]
[2024-11-03T10:25:53.841+0000] {spark_submit.py:495} INFO - org.apache.kerby#kerb-common;1.0.1 from central in [default]
[2024-11-03T10:25:53.842+0000] {spark_submit.py:495} INFO - org.apache.kerby#kerb-core;1.0.1 from central in [default]
[2024-11-03T10:25:53.842+0000] {spark_submit.py:495} INFO - org.apache.kerby#kerb-crypto;1.0.1 from central in [default]
[2024-11-03T10:25:53.842+0000] {spark_submit.py:495} INFO - org.apache.kerby#kerb-identity;1.0.1 from central in [default]
[2024-11-03T10:25:53.843+0000] {spark_submit.py:495} INFO - org.apache.kerby#kerb-server;1.0.1 from central in [default]
[2024-11-03T10:25:53.844+0000] {spark_submit.py:495} INFO - org.apache.kerby#kerb-simplekdc;1.0.1 from central in [default]
[2024-11-03T10:25:53.845+0000] {spark_submit.py:495} INFO - org.apache.kerby#kerb-util;1.0.1 from central in [default]
[2024-11-03T10:25:53.845+0000] {spark_submit.py:495} INFO - org.apache.kerby#kerby-asn1;1.0.1 from central in [default]
[2024-11-03T10:25:53.846+0000] {spark_submit.py:495} INFO - org.apache.kerby#kerby-config;1.0.1 from central in [default]
[2024-11-03T10:25:53.847+0000] {spark_submit.py:495} INFO - org.apache.kerby#kerby-pkix;1.0.1 from central in [default]
[2024-11-03T10:25:53.848+0000] {spark_submit.py:495} INFO - org.apache.kerby#kerby-util;1.0.1 from central in [default]
[2024-11-03T10:25:53.849+0000] {spark_submit.py:495} INFO - org.apache.kerby#kerby-xdr;1.0.1 from central in [default]
[2024-11-03T10:25:53.849+0000] {spark_submit.py:495} INFO - org.apache.kerby#token-provider;1.0.1 from central in [default]
[2024-11-03T10:25:53.850+0000] {spark_submit.py:495} INFO - org.apache.spark#spark-sql-kafka-0-10_2.12;3.4.2 from central in [default]
[2024-11-03T10:25:53.850+0000] {spark_submit.py:495} INFO - org.apache.spark#spark-streaming-kafka-0-10_2.12;3.4.2 from central in [default]
[2024-11-03T10:25:53.850+0000] {spark_submit.py:495} INFO - org.apache.spark#spark-token-provider-kafka-0-10_2.12;3.4.2 from central in [default]
[2024-11-03T10:25:53.851+0000] {spark_submit.py:495} INFO - org.checkerframework#checker-qual;2.5.2 from central in [default]
[2024-11-03T10:25:53.851+0000] {spark_submit.py:495} INFO - org.codehaus.jackson#jackson-core-asl;1.9.13 from central in [default]
[2024-11-03T10:25:53.851+0000] {spark_submit.py:495} INFO - org.codehaus.jackson#jackson-mapper-asl;1.9.13 from central in [default]
[2024-11-03T10:25:53.853+0000] {spark_submit.py:495} INFO - org.codehaus.mojo#animal-sniffer-annotations;1.17 from central in [default]
[2024-11-03T10:25:53.853+0000] {spark_submit.py:495} INFO - org.codehaus.woodstox#stax2-api;3.1.4 from central in [default]
[2024-11-03T10:25:53.854+0000] {spark_submit.py:495} INFO - org.eclipse.jetty#jetty-security;9.3.24.v20180605 from central in [default]
[2024-11-03T10:25:53.855+0000] {spark_submit.py:495} INFO - org.eclipse.jetty#jetty-servlet;9.3.24.v20180605 from central in [default]
[2024-11-03T10:25:53.856+0000] {spark_submit.py:495} INFO - org.eclipse.jetty#jetty-util;9.3.24.v20180605 from central in [default]
[2024-11-03T10:25:53.856+0000] {spark_submit.py:495} INFO - org.eclipse.jetty#jetty-webapp;9.3.24.v20180605 from central in [default]
[2024-11-03T10:25:53.857+0000] {spark_submit.py:495} INFO - org.eclipse.jetty#jetty-xml;9.3.24.v20180605 from central in [default]
[2024-11-03T10:25:53.858+0000] {spark_submit.py:495} INFO - org.lz4#lz4-java;1.8.0 from central in [default]
[2024-11-03T10:25:53.859+0000] {spark_submit.py:495} INFO - org.ow2.asm#asm;5.0.4 from central in [default]
[2024-11-03T10:25:53.859+0000] {spark_submit.py:495} INFO - org.slf4j#slf4j-api;2.0.6 from central in [default]
[2024-11-03T10:25:53.860+0000] {spark_submit.py:495} INFO - org.xerial.snappy#snappy-java;1.1.10.3 from central in [default]
[2024-11-03T10:25:53.861+0000] {spark_submit.py:495} INFO - :: evicted modules:
[2024-11-03T10:25:53.861+0000] {spark_submit.py:495} INFO - org.slf4j#slf4j-api;1.7.25 by [org.slf4j#slf4j-api;2.0.6] in [default]
[2024-11-03T10:25:53.862+0000] {spark_submit.py:495} INFO - org.xerial.snappy#snappy-java;1.0.5 by [org.xerial.snappy#snappy-java;1.1.10.3] in [default]
[2024-11-03T10:25:53.862+0000] {spark_submit.py:495} INFO - ---------------------------------------------------------------------
[2024-11-03T10:25:53.862+0000] {spark_submit.py:495} INFO - |                  |            modules            ||   artifacts   |
[2024-11-03T10:25:53.863+0000] {spark_submit.py:495} INFO - |       conf       | number| search|dwnlded|evicted|| number|dwnlded|
[2024-11-03T10:25:53.863+0000] {spark_submit.py:495} INFO - ---------------------------------------------------------------------
[2024-11-03T10:25:53.863+0000] {spark_submit.py:495} INFO - |      default     |  100  |   0   |   0   |   2   ||   98  |   0   |
[2024-11-03T10:25:53.863+0000] {spark_submit.py:495} INFO - ---------------------------------------------------------------------
[2024-11-03T10:25:53.864+0000] {spark_submit.py:495} INFO - :: retrieving :: org.apache.spark#spark-submit-parent-a8b1e497-c31c-4b3f-9045-718e04f571b4
[2024-11-03T10:25:53.864+0000] {spark_submit.py:495} INFO - confs: [default]
[2024-11-03T10:25:53.864+0000] {spark_submit.py:495} INFO - 0 artifacts copied, 98 already retrieved (0kB/66ms)
[2024-11-03T10:25:56.106+0000] {spark_submit.py:495} INFO - 24/11/03 10:25:56 WARN NativeCodeLoader: Unable to load native-hadoop library for your platform... using builtin-java classes where applicable
[2024-11-03T10:26:03.985+0000] {spark_submit.py:495} INFO - 24/11/03 10:26:03 INFO SparkContext: Running Spark version 3.4.2
[2024-11-03T10:26:04.270+0000] {spark_submit.py:495} INFO - 24/11/03 10:26:04 INFO ResourceUtils: ==============================================================
[2024-11-03T10:26:04.296+0000] {spark_submit.py:495} INFO - 24/11/03 10:26:04 INFO ResourceUtils: No custom resources configured for spark.driver.
[2024-11-03T10:26:04.298+0000] {spark_submit.py:495} INFO - 24/11/03 10:26:04 INFO ResourceUtils: ==============================================================
[2024-11-03T10:26:04.301+0000] {spark_submit.py:495} INFO - 24/11/03 10:26:04 INFO SparkContext: Submitted application: KafkaSparkStreaming
[2024-11-03T10:26:04.796+0000] {spark_submit.py:495} INFO - 24/11/03 10:26:04 INFO ResourceProfile: Default ResourceProfile created, executor resources: Map(memory -> name: memory, amount: 1024, script: , vendor: , offHeap -> name: offHeap, amount: 0, script: , vendor: ), task resources: Map(cpus -> name: cpus, amount: 1.0)
[2024-11-03T10:26:04.947+0000] {spark_submit.py:495} INFO - 24/11/03 10:26:04 INFO ResourceProfile: Limiting resource is cpu
[2024-11-03T10:26:04.948+0000] {spark_submit.py:495} INFO - 24/11/03 10:26:04 INFO ResourceProfileManager: Added ResourceProfile id: 0
[2024-11-03T10:26:05.583+0000] {spark_submit.py:495} INFO - 24/11/03 10:26:05 INFO SecurityManager: Changing view acls to: ***
[2024-11-03T10:26:05.596+0000] {spark_submit.py:495} INFO - 24/11/03 10:26:05 INFO SecurityManager: Changing modify acls to: ***
[2024-11-03T10:26:05.598+0000] {spark_submit.py:495} INFO - 24/11/03 10:26:05 INFO SecurityManager: Changing view acls groups to:
[2024-11-03T10:26:05.598+0000] {spark_submit.py:495} INFO - 24/11/03 10:26:05 INFO SecurityManager: Changing modify acls groups to:
[2024-11-03T10:26:05.599+0000] {spark_submit.py:495} INFO - 24/11/03 10:26:05 INFO SecurityManager: SecurityManager: authentication disabled; ui acls disabled; users with view permissions: ***; groups with view permissions: EMPTY; users with modify permissions: ***; groups with modify permissions: EMPTY
[2024-11-03T10:26:08.033+0000] {spark_submit.py:495} INFO - 24/11/03 10:26:08 INFO Utils: Successfully started service 'sparkDriver' on port 42087.
[2024-11-03T10:26:08.383+0000] {spark_submit.py:495} INFO - 24/11/03 10:26:08 INFO SparkEnv: Registering MapOutputTracker
[2024-11-03T10:26:08.522+0000] {spark_submit.py:495} INFO - 24/11/03 10:26:08 INFO SparkEnv: Registering BlockManagerMaster
[2024-11-03T10:26:08.612+0000] {spark_submit.py:495} INFO - 24/11/03 10:26:08 INFO BlockManagerMasterEndpoint: Using org.apache.spark.storage.DefaultTopologyMapper for getting topology information
[2024-11-03T10:26:08.614+0000] {spark_submit.py:495} INFO - 24/11/03 10:26:08 INFO BlockManagerMasterEndpoint: BlockManagerMasterEndpoint up
[2024-11-03T10:26:08.636+0000] {spark_submit.py:495} INFO - 24/11/03 10:26:08 INFO SparkEnv: Registering BlockManagerMasterHeartbeat
[2024-11-03T10:26:08.963+0000] {spark_submit.py:495} INFO - 24/11/03 10:26:08 INFO DiskBlockManager: Created local directory at /tmp/blockmgr-52d57e23-1868-4f54-9bf9-df17ba9c6d74
[2024-11-03T10:26:09.095+0000] {spark_submit.py:495} INFO - 24/11/03 10:26:09 INFO MemoryStore: MemoryStore started with capacity 434.4 MiB
[2024-11-03T10:26:09.211+0000] {spark_submit.py:495} INFO - 24/11/03 10:26:09 INFO SparkEnv: Registering OutputCommitCoordinator
[2024-11-03T10:26:10.101+0000] {spark_submit.py:495} INFO - 24/11/03 10:26:10 INFO JettyUtils: Start Jetty 0.0.0.0:4040 for SparkUI
[2024-11-03T10:26:10.778+0000] {spark_submit.py:495} INFO - 24/11/03 10:26:10 INFO Utils: Successfully started service 'SparkUI' on port 4040.
[2024-11-03T10:26:12.300+0000] {spark_submit.py:495} INFO - 24/11/03 10:26:12 INFO StandaloneAppClient$ClientEndpoint: Connecting to master spark://spark-master:7077...
[2024-11-03T10:26:13.231+0000] {spark_submit.py:495} INFO - 24/11/03 10:26:13 INFO TransportClientFactory: Successfully created connection to spark-master/172.20.0.5:7077 after 425 ms (0 ms spent in bootstraps)
[2024-11-03T10:26:14.540+0000] {spark_submit.py:495} INFO - 24/11/03 10:26:14 INFO StandaloneSchedulerBackend: Connected to Spark cluster with app ID app-20241103102614-0010
[2024-11-03T10:26:14.567+0000] {spark_submit.py:495} INFO - 24/11/03 10:26:14 INFO StandaloneAppClient$ClientEndpoint: Executor added: app-20241103102614-0010/0 on worker-20241103082644-172.20.0.6-37323 (172.20.0.6:37323) with 1 core(s)
[2024-11-03T10:26:14.607+0000] {spark_submit.py:495} INFO - 24/11/03 10:26:14 INFO StandaloneSchedulerBackend: Granted executor ID app-20241103102614-0010/0 on hostPort 172.20.0.6:37323 with 1 core(s), 1024.0 MiB RAM
[2024-11-03T10:26:14.691+0000] {spark_submit.py:495} INFO - 24/11/03 10:26:14 INFO Utils: Successfully started service 'org.apache.spark.network.netty.NettyBlockTransferService' on port 32879.
[2024-11-03T10:26:14.711+0000] {spark_submit.py:495} INFO - 24/11/03 10:26:14 INFO NettyBlockTransferService: Server created on 7d9160448bdc:32879
[2024-11-03T10:26:14.712+0000] {spark_submit.py:495} INFO - 24/11/03 10:26:14 INFO BlockManager: Using org.apache.spark.storage.RandomBlockReplicationPolicy for block replication policy
[2024-11-03T10:26:14.826+0000] {spark_submit.py:495} INFO - 24/11/03 10:26:14 INFO BlockManagerMaster: Registering BlockManager BlockManagerId(driver, 7d9160448bdc, 32879, None)
[2024-11-03T10:26:14.893+0000] {spark_submit.py:495} INFO - 24/11/03 10:26:14 INFO BlockManagerMasterEndpoint: Registering block manager 7d9160448bdc:32879 with 434.4 MiB RAM, BlockManagerId(driver, 7d9160448bdc, 32879, None)
[2024-11-03T10:26:14.905+0000] {spark_submit.py:495} INFO - 24/11/03 10:26:14 INFO BlockManagerMaster: Registered BlockManager BlockManagerId(driver, 7d9160448bdc, 32879, None)
[2024-11-03T10:26:14.937+0000] {spark_submit.py:495} INFO - 24/11/03 10:26:14 INFO BlockManager: Initialized BlockManager: BlockManagerId(driver, 7d9160448bdc, 32879, None)
[2024-11-03T10:26:15.676+0000] {spark_submit.py:495} INFO - 24/11/03 10:26:15 INFO StandaloneAppClient$ClientEndpoint: Executor updated: app-20241103102614-0010/0 is now RUNNING
[2024-11-03T10:26:18.502+0000] {spark_submit.py:495} INFO - 24/11/03 10:26:18 INFO StandaloneSchedulerBackend: SchedulerBackend is ready for scheduling beginning after reached minRegisteredResourcesRatio: 0.0
[2024-11-03T10:26:32.989+0000] {spark_submit.py:495} INFO - 24/11/03 10:26:32 INFO SharedState: Setting hive.metastore.warehouse.dir ('null') to the value of spark.sql.warehouse.dir.
[2024-11-03T10:26:33.205+0000] {spark_submit.py:495} INFO - 24/11/03 10:26:33 INFO SharedState: Warehouse path is 'file:/opt/***/spark-warehouse'.
[2024-11-03T10:27:00.783+0000] {spark_submit.py:495} INFO - 24/11/03 10:27:00 INFO StandaloneSchedulerBackend$StandaloneDriverEndpoint: Registered executor NettyRpcEndpointRef(spark-client://Executor) (172.20.0.6:54154) with ID 0,  ResourceProfileId 0
[2024-11-03T10:27:01.758+0000] {spark_submit.py:495} INFO - 24/11/03 10:27:01 INFO BlockManagerMasterEndpoint: Registering block manager 172.20.0.6:43929 with 434.4 MiB RAM, BlockManagerId(0, 172.20.0.6, 43929, None)
[2024-11-03T10:27:16.064+0000] {spark_submit.py:495} INFO - done
[2024-11-03T10:27:16.288+0000] {spark_submit.py:495} INFO - Traceback (most recent call last):
[2024-11-03T10:27:16.288+0000] {spark_submit.py:495} INFO - File "/opt/***/dags/spark_streaming_job.py", line 63, in <module>
[2024-11-03T10:27:16.294+0000] {spark_submit.py:495} INFO - spark_streaming_job()
[2024-11-03T10:27:16.297+0000] {spark_submit.py:495} INFO - File "/opt/***/dags/spark_streaming_job.py", line 45, in spark_streaming_job
[2024-11-03T10:27:16.312+0000] {spark_submit.py:495} INFO - .format("csv").mode("append") \
[2024-11-03T10:27:16.313+0000] {spark_submit.py:495} INFO - ^^^^
[2024-11-03T10:27:16.313+0000] {spark_submit.py:495} INFO - AttributeError: 'DataStreamWriter' object has no attribute 'mode'
[2024-11-03T10:27:16.979+0000] {spark_submit.py:495} INFO - 24/11/03 10:27:16 INFO SparkContext: Invoking stop() from shutdown hook
[2024-11-03T10:27:16.987+0000] {spark_submit.py:495} INFO - 24/11/03 10:27:16 INFO SparkContext: SparkContext is stopping with exitCode 0.
[2024-11-03T10:27:17.533+0000] {spark_submit.py:495} INFO - 24/11/03 10:27:17 INFO SparkUI: Stopped Spark web UI at http://7d9160448bdc:4040
[2024-11-03T10:27:17.952+0000] {spark_submit.py:495} INFO - 24/11/03 10:27:17 INFO StandaloneSchedulerBackend: Shutting down all executors
[2024-11-03T10:27:17.952+0000] {spark_submit.py:495} INFO - 24/11/03 10:27:17 INFO StandaloneSchedulerBackend$StandaloneDriverEndpoint: Asking each executor to shut down
[2024-11-03T10:27:18.516+0000] {spark_submit.py:495} INFO - 24/11/03 10:27:18 INFO MapOutputTrackerMasterEndpoint: MapOutputTrackerMasterEndpoint stopped!
[2024-11-03T10:27:19.063+0000] {spark_submit.py:495} INFO - 24/11/03 10:27:19 INFO MemoryStore: MemoryStore cleared
[2024-11-03T10:27:19.110+0000] {spark_submit.py:495} INFO - 24/11/03 10:27:19 INFO BlockManager: BlockManager stopped
[2024-11-03T10:27:19.335+0000] {spark_submit.py:495} INFO - 24/11/03 10:27:19 INFO BlockManagerMaster: BlockManagerMaster stopped
[2024-11-03T10:27:19.495+0000] {spark_submit.py:495} INFO - 24/11/03 10:27:19 INFO OutputCommitCoordinator$OutputCommitCoordinatorEndpoint: OutputCommitCoordinator stopped!
[2024-11-03T10:27:20.208+0000] {spark_submit.py:495} INFO - 24/11/03 10:27:20 INFO SparkContext: Successfully stopped SparkContext
[2024-11-03T10:27:20.288+0000] {spark_submit.py:495} INFO - 24/11/03 10:27:20 INFO ShutdownHookManager: Shutdown hook called
[2024-11-03T10:27:20.289+0000] {spark_submit.py:495} INFO - 24/11/03 10:27:20 INFO ShutdownHookManager: Deleting directory /tmp/spark-8a3a63e3-6fcd-4bd4-9831-33df8d8ff521
[2024-11-03T10:27:20.312+0000] {spark_submit.py:495} INFO - 24/11/03 10:27:20 INFO ShutdownHookManager: Deleting directory /tmp/spark-8a3a63e3-6fcd-4bd4-9831-33df8d8ff521/pyspark-03227fd4-c715-46a8-85b6-c054aa3e11c7
[2024-11-03T10:27:20.547+0000] {spark_submit.py:495} INFO - 24/11/03 10:27:20 INFO ShutdownHookManager: Deleting directory /tmp/spark-74b53603-421c-41d8-9b98-015b36a2cfdc
[2024-11-03T10:27:22.967+0000] {taskinstance.py:441} INFO - ::group::Post task execution logs
[2024-11-03T10:27:23.266+0000] {taskinstance.py:2905} ERROR - Task failed with exception
Traceback (most recent call last):
  File "/home/airflow/.local/lib/python3.11/site-packages/airflow/models/taskinstance.py", line 465, in _execute_task
    result = _execute_callable(context=context, **execute_callable_kwargs)
             ^^^^^^^^^^^^^^^^^^^^^^^^^^^^^^^^^^^^^^^^^^^^^^^^^^^^^^^^^^^^^
  File "/home/airflow/.local/lib/python3.11/site-packages/airflow/models/taskinstance.py", line 432, in _execute_callable
    return execute_callable(context=context, **execute_callable_kwargs)
           ^^^^^^^^^^^^^^^^^^^^^^^^^^^^^^^^^^^^^^^^^^^^^^^^^^^^^^^^^^^^
  File "/home/airflow/.local/lib/python3.11/site-packages/airflow/models/baseoperator.py", line 401, in wrapper
    return func(self, *args, **kwargs)
           ^^^^^^^^^^^^^^^^^^^^^^^^^^^
  File "/home/airflow/.local/lib/python3.11/site-packages/airflow/providers/apache/spark/operators/spark_submit.py", line 157, in execute
    self._hook.submit(self._application)
  File "/home/airflow/.local/lib/python3.11/site-packages/airflow/providers/apache/spark/hooks/spark_submit.py", line 426, in submit
    raise AirflowException(
airflow.exceptions.AirflowException: Cannot execute: spark-submit --master yarn --conf spark.yarn.appMasterEnv.HADOOP_CONF_DIR=/opt/hadoop-3.2.1/etc/hadoop --packages org.apache.spark:spark-streaming-kafka-0-10_2.12:3.4.2,org.apache.spark:spark-sql-kafka-0-10_2.12:3.4.2,org.apache.hadoop:hadoop-client:3.2.1 --name KafkaSparkHDFS /opt/***/dags/spark_streaming_job.py. Error code is: 1.
[2024-11-03T10:27:23.380+0000] {taskinstance.py:1206} INFO - Marking task as FAILED. dag_id=sensor_data_consumer, task_id=sensor_data_consumer, run_id=manual__2024-11-03T10:25:00.111891+00:00, execution_date=20241103T102500, start_date=20241103T102516, end_date=20241103T102723
[2024-11-03T10:27:23.879+0000] {standard_task_runner.py:110} ERROR - Failed to execute job 219 for task sensor_data_consumer (Cannot execute: spark-submit --master yarn --conf spark.yarn.appMasterEnv.HADOOP_CONF_DIR=/opt/hadoop-3.2.1/etc/hadoop --packages org.apache.spark:spark-streaming-kafka-0-10_2.12:3.4.2,org.apache.spark:spark-sql-kafka-0-10_2.12:3.4.2,org.apache.hadoop:hadoop-client:3.2.1 --name KafkaSparkHDFS /opt/***/dags/spark_streaming_job.py. Error code is: 1.; 5489)
[2024-11-03T10:27:23.994+0000] {local_task_job_runner.py:243} INFO - Task exited with return code 1
[2024-11-03T10:27:24.230+0000] {local_task_job_runner.py:222} INFO - ::endgroup::
