[2024-11-03T10:14:18.706+0000] {local_task_job_runner.py:120} INFO - ::group::Pre task execution logs
[2024-11-03T10:14:19.125+0000] {taskinstance.py:2076} INFO - Dependencies all met for dep_context=non-requeueable deps ti=<TaskInstance: sensor_data_consumer.sensor_data_consumer manual__2024-11-03T10:14:05.992026+00:00 [queued]>
[2024-11-03T10:14:19.303+0000] {taskinstance.py:2076} INFO - Dependencies all met for dep_context=requeueable deps ti=<TaskInstance: sensor_data_consumer.sensor_data_consumer manual__2024-11-03T10:14:05.992026+00:00 [queued]>
[2024-11-03T10:14:19.304+0000] {taskinstance.py:2306} INFO - Starting attempt 1 of 1
[2024-11-03T10:14:19.714+0000] {taskinstance.py:2330} INFO - Executing <Task(SparkSubmitOperator): sensor_data_consumer> on 2024-11-03 10:14:05.992026+00:00
[2024-11-03T10:14:19.789+0000] {standard_task_runner.py:64} INFO - Started process 4848 to run task
[2024-11-03T10:14:19.870+0000] {standard_task_runner.py:90} INFO - Running: ['***', 'tasks', 'run', 'sensor_data_consumer', 'sensor_data_consumer', 'manual__2024-11-03T10:14:05.992026+00:00', '--job-id', '204', '--raw', '--subdir', 'DAGS_FOLDER/***_consumer.py', '--cfg-path', '/tmp/tmpiz8kij4g']
[2024-11-03T10:14:19.952+0000] {standard_task_runner.py:91} INFO - Job 204: Subtask sensor_data_consumer
[2024-11-03T10:14:21.819+0000] {task_command.py:426} INFO - Running <TaskInstance: sensor_data_consumer.sensor_data_consumer manual__2024-11-03T10:14:05.992026+00:00 [running]> on host 7d9160448bdc
[2024-11-03T10:14:23.552+0000] {taskinstance.py:2648} INFO - Exporting env vars: AIRFLOW_CTX_DAG_OWNER='Bich Ly' AIRFLOW_CTX_DAG_ID='sensor_data_consumer' AIRFLOW_CTX_TASK_ID='sensor_data_consumer' AIRFLOW_CTX_EXECUTION_DATE='2024-11-03T10:14:05.992026+00:00' AIRFLOW_CTX_TRY_NUMBER='1' AIRFLOW_CTX_DAG_RUN_ID='manual__2024-11-03T10:14:05.992026+00:00'
[2024-11-03T10:14:23.553+0000] {taskinstance.py:430} INFO - ::endgroup::
[2024-11-03T10:14:23.787+0000] {spark_submit.py:222} INFO - Could not load connection string spark_default, defaulting to yarn
[2024-11-03T10:14:23.800+0000] {spark_submit.py:344} INFO - Spark-Submit cmd: spark-submit --master yarn --conf spark.yarn.appMasterEnv.HADOOP_CONF_DIR=/opt/hadoop-3.2.1/etc/hadoop --packages org.apache.spark:spark-streaming-kafka-0-10_2.12:3.4.2,org.apache.spark:spark-sql-kafka-0-10_2.12:3.4.2,org.apache.hadoop:hadoop-client:3.2.1 --name KafkaSparkHDFS /opt/***/dags/spark_streaming_job.py
[2024-11-03T10:14:29.903+0000] {spark_submit.py:495} INFO - :: loading settings :: url = jar:file:/home/***/.local/lib/python3.11/site-packages/pyspark/jars/ivy-2.5.1.jar!/org/apache/ivy/core/settings/ivysettings.xml
[2024-11-03T10:14:30.151+0000] {spark_submit.py:495} INFO - Ivy Default Cache set to: /home/***/.ivy2/cache
[2024-11-03T10:14:30.155+0000] {spark_submit.py:495} INFO - The jars for the packages stored in: /home/***/.ivy2/jars
[2024-11-03T10:14:30.172+0000] {spark_submit.py:495} INFO - org.apache.spark#spark-streaming-kafka-0-10_2.12 added as a dependency
[2024-11-03T10:14:30.173+0000] {spark_submit.py:495} INFO - org.apache.spark#spark-sql-kafka-0-10_2.12 added as a dependency
[2024-11-03T10:14:30.173+0000] {spark_submit.py:495} INFO - org.apache.hadoop#hadoop-client added as a dependency
[2024-11-03T10:14:30.179+0000] {spark_submit.py:495} INFO - :: resolving dependencies :: org.apache.spark#spark-submit-parent-4390837a-c7bd-4d12-91dd-dea53e5d114e;1.0
[2024-11-03T10:14:30.180+0000] {spark_submit.py:495} INFO - confs: [default]
[2024-11-03T10:14:30.907+0000] {spark_submit.py:495} INFO - found org.apache.spark#spark-streaming-kafka-0-10_2.12;3.4.2 in central
[2024-11-03T10:14:31.082+0000] {spark_submit.py:495} INFO - found org.apache.spark#spark-token-provider-kafka-0-10_2.12;3.4.2 in central
[2024-11-03T10:14:31.154+0000] {spark_submit.py:495} INFO - found org.apache.kafka#kafka-clients;3.3.2 in central
[2024-11-03T10:14:31.201+0000] {spark_submit.py:495} INFO - found org.lz4#lz4-java;1.8.0 in central
[2024-11-03T10:14:31.251+0000] {spark_submit.py:495} INFO - found org.xerial.snappy#snappy-java;1.1.10.3 in central
[2024-11-03T10:14:31.302+0000] {spark_submit.py:495} INFO - found org.slf4j#slf4j-api;2.0.6 in central
[2024-11-03T10:14:32.061+0000] {spark_submit.py:495} INFO - found org.apache.hadoop#hadoop-client-runtime;3.3.4 in central
[2024-11-03T10:14:32.362+0000] {spark_submit.py:495} INFO - found org.apache.hadoop#hadoop-client-api;3.3.4 in central
[2024-11-03T10:14:32.499+0000] {spark_submit.py:495} INFO - found commons-logging#commons-logging;1.1.3 in central
[2024-11-03T10:14:32.561+0000] {spark_submit.py:495} INFO - found com.google.code.findbugs#jsr305;3.0.0 in central
[2024-11-03T10:14:32.752+0000] {spark_submit.py:495} INFO - found org.apache.spark#spark-sql-kafka-0-10_2.12;3.4.2 in central
[2024-11-03T10:14:32.810+0000] {spark_submit.py:495} INFO - found org.apache.commons#commons-pool2;2.11.1 in central
[2024-11-03T10:14:32.858+0000] {spark_submit.py:495} INFO - found org.apache.hadoop#hadoop-client;3.2.1 in central
[2024-11-03T10:14:32.914+0000] {spark_submit.py:495} INFO - found org.apache.hadoop#hadoop-common;3.2.1 in central
[2024-11-03T10:14:33.220+0000] {spark_submit.py:495} INFO - found org.apache.hadoop#hadoop-annotations;3.2.1 in central
[2024-11-03T10:14:33.444+0000] {spark_submit.py:495} INFO - found com.google.guava#guava;27.0-jre in central
[2024-11-03T10:14:33.567+0000] {spark_submit.py:495} INFO - found com.google.guava#failureaccess;1.0 in central
[2024-11-03T10:14:33.646+0000] {spark_submit.py:495} INFO - found com.google.guava#listenablefuture;9999.0-empty-to-avoid-conflict-with-guava in central
[2024-11-03T10:14:33.711+0000] {spark_submit.py:495} INFO - found org.checkerframework#checker-qual;2.5.2 in central
[2024-11-03T10:14:33.786+0000] {spark_submit.py:495} INFO - found com.google.errorprone#error_prone_annotations;2.2.0 in central
[2024-11-03T10:14:33.848+0000] {spark_submit.py:495} INFO - found com.google.j2objc#j2objc-annotations;1.1 in central
[2024-11-03T10:14:33.968+0000] {spark_submit.py:495} INFO - found org.codehaus.mojo#animal-sniffer-annotations;1.17 in central
[2024-11-03T10:14:34.014+0000] {spark_submit.py:495} INFO - found commons-cli#commons-cli;1.2 in central
[2024-11-03T10:14:34.046+0000] {spark_submit.py:495} INFO - found org.apache.commons#commons-math3;3.1.1 in central
[2024-11-03T10:14:34.096+0000] {spark_submit.py:495} INFO - found org.apache.httpcomponents#httpclient;4.5.6 in central
[2024-11-03T10:14:34.147+0000] {spark_submit.py:495} INFO - found org.apache.httpcomponents#httpcore;4.4.10 in central
[2024-11-03T10:14:34.205+0000] {spark_submit.py:495} INFO - found commons-codec#commons-codec;1.11 in central
[2024-11-03T10:14:34.265+0000] {spark_submit.py:495} INFO - found commons-io#commons-io;2.5 in central
[2024-11-03T10:14:34.311+0000] {spark_submit.py:495} INFO - found commons-net#commons-net;3.6 in central
[2024-11-03T10:14:34.355+0000] {spark_submit.py:495} INFO - found commons-collections#commons-collections;3.2.2 in central
[2024-11-03T10:14:34.409+0000] {spark_submit.py:495} INFO - found org.eclipse.jetty#jetty-servlet;9.3.24.v20180605 in central
[2024-11-03T10:14:34.442+0000] {spark_submit.py:495} INFO - found org.eclipse.jetty#jetty-security;9.3.24.v20180605 in central
[2024-11-03T10:14:34.475+0000] {spark_submit.py:495} INFO - found org.eclipse.jetty#jetty-webapp;9.3.24.v20180605 in central
[2024-11-03T10:14:34.517+0000] {spark_submit.py:495} INFO - found org.eclipse.jetty#jetty-xml;9.3.24.v20180605 in central
[2024-11-03T10:14:34.603+0000] {spark_submit.py:495} INFO - found com.sun.jersey#jersey-servlet;1.19 in central
[2024-11-03T10:14:34.643+0000] {spark_submit.py:495} INFO - found log4j#log4j;1.2.17 in central
[2024-11-03T10:14:34.708+0000] {spark_submit.py:495} INFO - found commons-beanutils#commons-beanutils;1.9.3 in central
[2024-11-03T10:14:34.761+0000] {spark_submit.py:495} INFO - found org.apache.commons#commons-configuration2;2.1.1 in central
[2024-11-03T10:14:34.796+0000] {spark_submit.py:495} INFO - found org.apache.commons#commons-lang3;3.7 in central
[2024-11-03T10:14:34.847+0000] {spark_submit.py:495} INFO - found org.apache.commons#commons-text;1.4 in central
[2024-11-03T10:14:34.895+0000] {spark_submit.py:495} INFO - found org.apache.avro#avro;1.7.7 in central
[2024-11-03T10:14:34.934+0000] {spark_submit.py:495} INFO - found org.codehaus.jackson#jackson-core-asl;1.9.13 in central
[2024-11-03T10:14:34.957+0000] {spark_submit.py:495} INFO - found org.codehaus.jackson#jackson-mapper-asl;1.9.13 in central
[2024-11-03T10:14:34.979+0000] {spark_submit.py:495} INFO - found com.thoughtworks.paranamer#paranamer;2.3 in central
[2024-11-03T10:14:35.010+0000] {spark_submit.py:495} INFO - found org.apache.commons#commons-compress;1.18 in central
[2024-11-03T10:14:35.034+0000] {spark_submit.py:495} INFO - found com.google.re2j#re2j;1.1 in central
[2024-11-03T10:14:35.086+0000] {spark_submit.py:495} INFO - found com.google.protobuf#protobuf-java;2.5.0 in central
[2024-11-03T10:14:35.107+0000] {spark_submit.py:495} INFO - found com.google.code.gson#gson;2.2.4 in central
[2024-11-03T10:14:35.131+0000] {spark_submit.py:495} INFO - found org.apache.hadoop#hadoop-auth;3.2.1 in central
[2024-11-03T10:14:35.194+0000] {spark_submit.py:495} INFO - found com.nimbusds#nimbus-jose-jwt;4.41.1 in central
[2024-11-03T10:14:35.249+0000] {spark_submit.py:495} INFO - found com.github.stephenc.jcip#jcip-annotations;1.0-1 in central
[2024-11-03T10:14:35.283+0000] {spark_submit.py:495} INFO - found net.minidev#json-smart;2.3 in central
[2024-11-03T10:14:35.321+0000] {spark_submit.py:495} INFO - found net.minidev#accessors-smart;1.2 in central
[2024-11-03T10:14:35.348+0000] {spark_submit.py:495} INFO - found org.ow2.asm#asm;5.0.4 in central
[2024-11-03T10:14:35.377+0000] {spark_submit.py:495} INFO - found org.apache.curator#curator-framework;2.13.0 in central
[2024-11-03T10:14:35.406+0000] {spark_submit.py:495} INFO - found org.apache.curator#curator-client;2.13.0 in central
[2024-11-03T10:14:35.516+0000] {spark_submit.py:495} INFO - found org.apache.kerby#kerb-simplekdc;1.0.1 in central
[2024-11-03T10:14:35.518+0000] {spark_submit.py:495} INFO - found org.apache.kerby#kerb-client;1.0.1 in central
[2024-11-03T10:14:35.548+0000] {spark_submit.py:495} INFO - found org.apache.kerby#kerby-config;1.0.1 in central
[2024-11-03T10:14:35.581+0000] {spark_submit.py:495} INFO - found org.apache.kerby#kerb-core;1.0.1 in central
[2024-11-03T10:14:35.612+0000] {spark_submit.py:495} INFO - found org.apache.kerby#kerby-pkix;1.0.1 in central
[2024-11-03T10:14:35.635+0000] {spark_submit.py:495} INFO - found org.apache.kerby#kerby-asn1;1.0.1 in central
[2024-11-03T10:14:35.664+0000] {spark_submit.py:495} INFO - found org.apache.kerby#kerby-util;1.0.1 in central
[2024-11-03T10:14:35.783+0000] {spark_submit.py:495} INFO - found org.apache.kerby#kerb-common;1.0.1 in central
[2024-11-03T10:14:35.808+0000] {spark_submit.py:495} INFO - found org.apache.kerby#kerb-crypto;1.0.1 in central
[2024-11-03T10:14:35.835+0000] {spark_submit.py:495} INFO - found org.apache.kerby#kerb-util;1.0.1 in central
[2024-11-03T10:14:35.938+0000] {spark_submit.py:495} INFO - found org.apache.kerby#token-provider;1.0.1 in central
[2024-11-03T10:14:36.047+0000] {spark_submit.py:495} INFO - found org.apache.kerby#kerb-admin;1.0.1 in central
[2024-11-03T10:14:36.204+0000] {spark_submit.py:495} INFO - found org.apache.kerby#kerb-server;1.0.1 in central
[2024-11-03T10:14:36.237+0000] {spark_submit.py:495} INFO - found org.apache.kerby#kerb-identity;1.0.1 in central
[2024-11-03T10:14:36.379+0000] {spark_submit.py:495} INFO - found org.apache.kerby#kerby-xdr;1.0.1 in central
[2024-11-03T10:14:36.556+0000] {spark_submit.py:495} INFO - found org.apache.curator#curator-recipes;2.13.0 in central
[2024-11-03T10:14:36.708+0000] {spark_submit.py:495} INFO - found org.apache.htrace#htrace-core4;4.1.0-incubating in central
[2024-11-03T10:14:36.785+0000] {spark_submit.py:495} INFO - found com.fasterxml.jackson.core#jackson-databind;2.9.8 in central
[2024-11-03T10:14:36.839+0000] {spark_submit.py:495} INFO - found com.fasterxml.jackson.core#jackson-annotations;2.9.8 in central
[2024-11-03T10:14:36.856+0000] {spark_submit.py:495} INFO - found com.fasterxml.jackson.core#jackson-core;2.9.8 in central
[2024-11-03T10:14:36.883+0000] {spark_submit.py:495} INFO - found org.codehaus.woodstox#stax2-api;3.1.4 in central
[2024-11-03T10:14:36.911+0000] {spark_submit.py:495} INFO - found com.fasterxml.woodstox#woodstox-core;5.0.3 in central
[2024-11-03T10:14:36.938+0000] {spark_submit.py:495} INFO - found dnsjava#dnsjava;2.1.7 in central
[2024-11-03T10:14:36.977+0000] {spark_submit.py:495} INFO - found javax.servlet.jsp#jsp-api;2.1 in central
[2024-11-03T10:14:37.033+0000] {spark_submit.py:495} INFO - found org.apache.hadoop#hadoop-hdfs-client;3.2.1 in central
[2024-11-03T10:14:37.049+0000] {spark_submit.py:495} INFO - found com.squareup.okhttp#okhttp;2.7.5 in central
[2024-11-03T10:14:37.080+0000] {spark_submit.py:495} INFO - found com.squareup.okio#okio;1.6.0 in central
[2024-11-03T10:14:37.128+0000] {spark_submit.py:495} INFO - found org.apache.hadoop#hadoop-yarn-api;3.2.1 in central
[2024-11-03T10:14:37.162+0000] {spark_submit.py:495} INFO - found javax.xml.bind#jaxb-api;2.2.11 in central
[2024-11-03T10:14:37.256+0000] {spark_submit.py:495} INFO - found org.apache.hadoop#hadoop-yarn-client;3.2.1 in central
[2024-11-03T10:14:37.312+0000] {spark_submit.py:495} INFO - found org.apache.hadoop#hadoop-mapreduce-client-core;3.2.1 in central
[2024-11-03T10:14:37.360+0000] {spark_submit.py:495} INFO - found org.apache.hadoop#hadoop-yarn-common;3.2.1 in central
[2024-11-03T10:14:37.492+0000] {spark_submit.py:495} INFO - found javax.servlet#javax.servlet-api;3.1.0 in central
[2024-11-03T10:14:37.528+0000] {spark_submit.py:495} INFO - found org.eclipse.jetty#jetty-util;9.3.24.v20180605 in central
[2024-11-03T10:14:37.551+0000] {spark_submit.py:495} INFO - found com.sun.jersey#jersey-core;1.19 in central
[2024-11-03T10:14:37.625+0000] {spark_submit.py:495} INFO - found javax.ws.rs#jsr311-api;1.1.1 in central
[2024-11-03T10:14:37.680+0000] {spark_submit.py:495} INFO - found com.sun.jersey#jersey-client;1.19 in central
[2024-11-03T10:14:38.003+0000] {spark_submit.py:495} INFO - found com.fasterxml.jackson.module#jackson-module-jaxb-annotations;2.9.8 in central
[2024-11-03T10:14:38.069+0000] {spark_submit.py:495} INFO - found com.fasterxml.jackson.jaxrs#jackson-jaxrs-json-provider;2.9.8 in central
[2024-11-03T10:14:38.124+0000] {spark_submit.py:495} INFO - found com.fasterxml.jackson.jaxrs#jackson-jaxrs-base;2.9.8 in central
[2024-11-03T10:14:38.229+0000] {spark_submit.py:495} INFO - found org.apache.hadoop#hadoop-mapreduce-client-jobclient;3.2.1 in central
[2024-11-03T10:14:38.376+0000] {spark_submit.py:495} INFO - found org.apache.hadoop#hadoop-mapreduce-client-common;3.2.1 in central
[2024-11-03T10:14:38.966+0000] {spark_submit.py:495} INFO - :: resolution report :: resolve 8342ms :: artifacts dl 447ms
[2024-11-03T10:14:38.974+0000] {spark_submit.py:495} INFO - :: modules in use:
[2024-11-03T10:14:38.976+0000] {spark_submit.py:495} INFO - com.fasterxml.jackson.core#jackson-annotations;2.9.8 from central in [default]
[2024-11-03T10:14:38.977+0000] {spark_submit.py:495} INFO - com.fasterxml.jackson.core#jackson-core;2.9.8 from central in [default]
[2024-11-03T10:14:38.978+0000] {spark_submit.py:495} INFO - com.fasterxml.jackson.core#jackson-databind;2.9.8 from central in [default]
[2024-11-03T10:14:39.008+0000] {spark_submit.py:495} INFO - com.fasterxml.jackson.jaxrs#jackson-jaxrs-base;2.9.8 from central in [default]
[2024-11-03T10:14:39.010+0000] {spark_submit.py:495} INFO - com.fasterxml.jackson.jaxrs#jackson-jaxrs-json-provider;2.9.8 from central in [default]
[2024-11-03T10:14:39.014+0000] {spark_submit.py:495} INFO - com.fasterxml.jackson.module#jackson-module-jaxb-annotations;2.9.8 from central in [default]
[2024-11-03T10:14:39.017+0000] {spark_submit.py:495} INFO - com.fasterxml.woodstox#woodstox-core;5.0.3 from central in [default]
[2024-11-03T10:14:39.018+0000] {spark_submit.py:495} INFO - com.github.stephenc.jcip#jcip-annotations;1.0-1 from central in [default]
[2024-11-03T10:14:39.018+0000] {spark_submit.py:495} INFO - com.google.code.findbugs#jsr305;3.0.0 from central in [default]
[2024-11-03T10:14:39.019+0000] {spark_submit.py:495} INFO - com.google.code.gson#gson;2.2.4 from central in [default]
[2024-11-03T10:14:39.019+0000] {spark_submit.py:495} INFO - com.google.errorprone#error_prone_annotations;2.2.0 from central in [default]
[2024-11-03T10:14:39.019+0000] {spark_submit.py:495} INFO - com.google.guava#failureaccess;1.0 from central in [default]
[2024-11-03T10:14:39.020+0000] {spark_submit.py:495} INFO - com.google.guava#guava;27.0-jre from central in [default]
[2024-11-03T10:14:39.020+0000] {spark_submit.py:495} INFO - com.google.guava#listenablefuture;9999.0-empty-to-avoid-conflict-with-guava from central in [default]
[2024-11-03T10:14:39.020+0000] {spark_submit.py:495} INFO - com.google.j2objc#j2objc-annotations;1.1 from central in [default]
[2024-11-03T10:14:39.021+0000] {spark_submit.py:495} INFO - com.google.protobuf#protobuf-java;2.5.0 from central in [default]
[2024-11-03T10:14:39.021+0000] {spark_submit.py:495} INFO - com.google.re2j#re2j;1.1 from central in [default]
[2024-11-03T10:14:39.021+0000] {spark_submit.py:495} INFO - com.nimbusds#nimbus-jose-jwt;4.41.1 from central in [default]
[2024-11-03T10:14:39.022+0000] {spark_submit.py:495} INFO - com.squareup.okhttp#okhttp;2.7.5 from central in [default]
[2024-11-03T10:14:39.022+0000] {spark_submit.py:495} INFO - com.squareup.okio#okio;1.6.0 from central in [default]
[2024-11-03T10:14:39.022+0000] {spark_submit.py:495} INFO - com.sun.jersey#jersey-client;1.19 from central in [default]
[2024-11-03T10:14:39.023+0000] {spark_submit.py:495} INFO - com.sun.jersey#jersey-core;1.19 from central in [default]
[2024-11-03T10:14:39.023+0000] {spark_submit.py:495} INFO - com.sun.jersey#jersey-servlet;1.19 from central in [default]
[2024-11-03T10:14:39.023+0000] {spark_submit.py:495} INFO - com.thoughtworks.paranamer#paranamer;2.3 from central in [default]
[2024-11-03T10:14:39.024+0000] {spark_submit.py:495} INFO - commons-beanutils#commons-beanutils;1.9.3 from central in [default]
[2024-11-03T10:14:39.024+0000] {spark_submit.py:495} INFO - commons-cli#commons-cli;1.2 from central in [default]
[2024-11-03T10:14:39.024+0000] {spark_submit.py:495} INFO - commons-codec#commons-codec;1.11 from central in [default]
[2024-11-03T10:14:39.025+0000] {spark_submit.py:495} INFO - commons-collections#commons-collections;3.2.2 from central in [default]
[2024-11-03T10:14:39.025+0000] {spark_submit.py:495} INFO - commons-io#commons-io;2.5 from central in [default]
[2024-11-03T10:14:39.025+0000] {spark_submit.py:495} INFO - commons-logging#commons-logging;1.1.3 from central in [default]
[2024-11-03T10:14:39.025+0000] {spark_submit.py:495} INFO - commons-net#commons-net;3.6 from central in [default]
[2024-11-03T10:14:39.026+0000] {spark_submit.py:495} INFO - dnsjava#dnsjava;2.1.7 from central in [default]
[2024-11-03T10:14:39.026+0000] {spark_submit.py:495} INFO - javax.servlet#javax.servlet-api;3.1.0 from central in [default]
[2024-11-03T10:14:39.035+0000] {spark_submit.py:495} INFO - javax.servlet.jsp#jsp-api;2.1 from central in [default]
[2024-11-03T10:14:39.052+0000] {spark_submit.py:495} INFO - javax.ws.rs#jsr311-api;1.1.1 from central in [default]
[2024-11-03T10:14:39.057+0000] {spark_submit.py:495} INFO - javax.xml.bind#jaxb-api;2.2.11 from central in [default]
[2024-11-03T10:14:39.058+0000] {spark_submit.py:495} INFO - log4j#log4j;1.2.17 from central in [default]
[2024-11-03T10:14:39.062+0000] {spark_submit.py:495} INFO - net.minidev#accessors-smart;1.2 from central in [default]
[2024-11-03T10:14:39.065+0000] {spark_submit.py:495} INFO - net.minidev#json-smart;2.3 from central in [default]
[2024-11-03T10:14:39.068+0000] {spark_submit.py:495} INFO - org.apache.avro#avro;1.7.7 from central in [default]
[2024-11-03T10:14:39.079+0000] {spark_submit.py:495} INFO - org.apache.commons#commons-compress;1.18 from central in [default]
[2024-11-03T10:14:39.097+0000] {spark_submit.py:495} INFO - org.apache.commons#commons-configuration2;2.1.1 from central in [default]
[2024-11-03T10:14:39.100+0000] {spark_submit.py:495} INFO - org.apache.commons#commons-lang3;3.7 from central in [default]
[2024-11-03T10:14:39.104+0000] {spark_submit.py:495} INFO - org.apache.commons#commons-math3;3.1.1 from central in [default]
[2024-11-03T10:14:39.106+0000] {spark_submit.py:495} INFO - org.apache.commons#commons-pool2;2.11.1 from central in [default]
[2024-11-03T10:14:39.107+0000] {spark_submit.py:495} INFO - org.apache.commons#commons-text;1.4 from central in [default]
[2024-11-03T10:14:39.107+0000] {spark_submit.py:495} INFO - org.apache.curator#curator-client;2.13.0 from central in [default]
[2024-11-03T10:14:39.108+0000] {spark_submit.py:495} INFO - org.apache.curator#curator-framework;2.13.0 from central in [default]
[2024-11-03T10:14:39.108+0000] {spark_submit.py:495} INFO - org.apache.curator#curator-recipes;2.13.0 from central in [default]
[2024-11-03T10:14:39.108+0000] {spark_submit.py:495} INFO - org.apache.hadoop#hadoop-annotations;3.2.1 from central in [default]
[2024-11-03T10:14:39.109+0000] {spark_submit.py:495} INFO - org.apache.hadoop#hadoop-auth;3.2.1 from central in [default]
[2024-11-03T10:14:39.109+0000] {spark_submit.py:495} INFO - org.apache.hadoop#hadoop-client;3.2.1 from central in [default]
[2024-11-03T10:14:39.109+0000] {spark_submit.py:495} INFO - org.apache.hadoop#hadoop-client-api;3.3.4 from central in [default]
[2024-11-03T10:14:39.110+0000] {spark_submit.py:495} INFO - org.apache.hadoop#hadoop-client-runtime;3.3.4 from central in [default]
[2024-11-03T10:14:39.110+0000] {spark_submit.py:495} INFO - org.apache.hadoop#hadoop-common;3.2.1 from central in [default]
[2024-11-03T10:14:39.110+0000] {spark_submit.py:495} INFO - org.apache.hadoop#hadoop-hdfs-client;3.2.1 from central in [default]
[2024-11-03T10:14:39.110+0000] {spark_submit.py:495} INFO - org.apache.hadoop#hadoop-mapreduce-client-common;3.2.1 from central in [default]
[2024-11-03T10:14:39.111+0000] {spark_submit.py:495} INFO - org.apache.hadoop#hadoop-mapreduce-client-core;3.2.1 from central in [default]
[2024-11-03T10:14:39.111+0000] {spark_submit.py:495} INFO - org.apache.hadoop#hadoop-mapreduce-client-jobclient;3.2.1 from central in [default]
[2024-11-03T10:14:39.111+0000] {spark_submit.py:495} INFO - org.apache.hadoop#hadoop-yarn-api;3.2.1 from central in [default]
[2024-11-03T10:14:39.112+0000] {spark_submit.py:495} INFO - org.apache.hadoop#hadoop-yarn-client;3.2.1 from central in [default]
[2024-11-03T10:14:39.112+0000] {spark_submit.py:495} INFO - org.apache.hadoop#hadoop-yarn-common;3.2.1 from central in [default]
[2024-11-03T10:14:39.113+0000] {spark_submit.py:495} INFO - org.apache.htrace#htrace-core4;4.1.0-incubating from central in [default]
[2024-11-03T10:14:39.113+0000] {spark_submit.py:495} INFO - org.apache.httpcomponents#httpclient;4.5.6 from central in [default]
[2024-11-03T10:14:39.114+0000] {spark_submit.py:495} INFO - org.apache.httpcomponents#httpcore;4.4.10 from central in [default]
[2024-11-03T10:14:39.114+0000] {spark_submit.py:495} INFO - org.apache.kafka#kafka-clients;3.3.2 from central in [default]
[2024-11-03T10:14:39.114+0000] {spark_submit.py:495} INFO - org.apache.kerby#kerb-admin;1.0.1 from central in [default]
[2024-11-03T10:14:39.115+0000] {spark_submit.py:495} INFO - org.apache.kerby#kerb-client;1.0.1 from central in [default]
[2024-11-03T10:14:39.115+0000] {spark_submit.py:495} INFO - org.apache.kerby#kerb-common;1.0.1 from central in [default]
[2024-11-03T10:14:39.115+0000] {spark_submit.py:495} INFO - org.apache.kerby#kerb-core;1.0.1 from central in [default]
[2024-11-03T10:14:39.116+0000] {spark_submit.py:495} INFO - org.apache.kerby#kerb-crypto;1.0.1 from central in [default]
[2024-11-03T10:14:39.116+0000] {spark_submit.py:495} INFO - org.apache.kerby#kerb-identity;1.0.1 from central in [default]
[2024-11-03T10:14:39.116+0000] {spark_submit.py:495} INFO - org.apache.kerby#kerb-server;1.0.1 from central in [default]
[2024-11-03T10:14:39.117+0000] {spark_submit.py:495} INFO - org.apache.kerby#kerb-simplekdc;1.0.1 from central in [default]
[2024-11-03T10:14:39.117+0000] {spark_submit.py:495} INFO - org.apache.kerby#kerb-util;1.0.1 from central in [default]
[2024-11-03T10:14:39.117+0000] {spark_submit.py:495} INFO - org.apache.kerby#kerby-asn1;1.0.1 from central in [default]
[2024-11-03T10:14:39.117+0000] {spark_submit.py:495} INFO - org.apache.kerby#kerby-config;1.0.1 from central in [default]
[2024-11-03T10:14:39.118+0000] {spark_submit.py:495} INFO - org.apache.kerby#kerby-pkix;1.0.1 from central in [default]
[2024-11-03T10:14:39.118+0000] {spark_submit.py:495} INFO - org.apache.kerby#kerby-util;1.0.1 from central in [default]
[2024-11-03T10:14:39.118+0000] {spark_submit.py:495} INFO - org.apache.kerby#kerby-xdr;1.0.1 from central in [default]
[2024-11-03T10:14:39.119+0000] {spark_submit.py:495} INFO - org.apache.kerby#token-provider;1.0.1 from central in [default]
[2024-11-03T10:14:39.119+0000] {spark_submit.py:495} INFO - org.apache.spark#spark-sql-kafka-0-10_2.12;3.4.2 from central in [default]
[2024-11-03T10:14:39.119+0000] {spark_submit.py:495} INFO - org.apache.spark#spark-streaming-kafka-0-10_2.12;3.4.2 from central in [default]
[2024-11-03T10:14:39.120+0000] {spark_submit.py:495} INFO - org.apache.spark#spark-token-provider-kafka-0-10_2.12;3.4.2 from central in [default]
[2024-11-03T10:14:39.120+0000] {spark_submit.py:495} INFO - org.checkerframework#checker-qual;2.5.2 from central in [default]
[2024-11-03T10:14:39.120+0000] {spark_submit.py:495} INFO - org.codehaus.jackson#jackson-core-asl;1.9.13 from central in [default]
[2024-11-03T10:14:39.121+0000] {spark_submit.py:495} INFO - org.codehaus.jackson#jackson-mapper-asl;1.9.13 from central in [default]
[2024-11-03T10:14:39.121+0000] {spark_submit.py:495} INFO - org.codehaus.mojo#animal-sniffer-annotations;1.17 from central in [default]
[2024-11-03T10:14:39.133+0000] {spark_submit.py:495} INFO - org.codehaus.woodstox#stax2-api;3.1.4 from central in [default]
[2024-11-03T10:14:39.134+0000] {spark_submit.py:495} INFO - org.eclipse.jetty#jetty-security;9.3.24.v20180605 from central in [default]
[2024-11-03T10:14:39.135+0000] {spark_submit.py:495} INFO - org.eclipse.jetty#jetty-servlet;9.3.24.v20180605 from central in [default]
[2024-11-03T10:14:39.136+0000] {spark_submit.py:495} INFO - org.eclipse.jetty#jetty-util;9.3.24.v20180605 from central in [default]
[2024-11-03T10:14:39.137+0000] {spark_submit.py:495} INFO - org.eclipse.jetty#jetty-webapp;9.3.24.v20180605 from central in [default]
[2024-11-03T10:14:39.138+0000] {spark_submit.py:495} INFO - org.eclipse.jetty#jetty-xml;9.3.24.v20180605 from central in [default]
[2024-11-03T10:14:39.148+0000] {spark_submit.py:495} INFO - org.lz4#lz4-java;1.8.0 from central in [default]
[2024-11-03T10:14:39.151+0000] {spark_submit.py:495} INFO - org.ow2.asm#asm;5.0.4 from central in [default]
[2024-11-03T10:14:39.159+0000] {spark_submit.py:495} INFO - org.slf4j#slf4j-api;2.0.6 from central in [default]
[2024-11-03T10:14:39.167+0000] {spark_submit.py:495} INFO - org.xerial.snappy#snappy-java;1.1.10.3 from central in [default]
[2024-11-03T10:14:39.169+0000] {spark_submit.py:495} INFO - :: evicted modules:
[2024-11-03T10:14:39.170+0000] {spark_submit.py:495} INFO - org.slf4j#slf4j-api;1.7.25 by [org.slf4j#slf4j-api;2.0.6] in [default]
[2024-11-03T10:14:39.171+0000] {spark_submit.py:495} INFO - org.xerial.snappy#snappy-java;1.0.5 by [org.xerial.snappy#snappy-java;1.1.10.3] in [default]
[2024-11-03T10:14:39.171+0000] {spark_submit.py:495} INFO - ---------------------------------------------------------------------
[2024-11-03T10:14:39.171+0000] {spark_submit.py:495} INFO - |                  |            modules            ||   artifacts   |
[2024-11-03T10:14:39.172+0000] {spark_submit.py:495} INFO - |       conf       | number| search|dwnlded|evicted|| number|dwnlded|
[2024-11-03T10:14:39.172+0000] {spark_submit.py:495} INFO - ---------------------------------------------------------------------
[2024-11-03T10:14:39.172+0000] {spark_submit.py:495} INFO - |      default     |  100  |   0   |   0   |   2   ||   98  |   0   |
[2024-11-03T10:14:39.173+0000] {spark_submit.py:495} INFO - ---------------------------------------------------------------------
[2024-11-03T10:14:39.274+0000] {spark_submit.py:495} INFO - :: retrieving :: org.apache.spark#spark-submit-parent-4390837a-c7bd-4d12-91dd-dea53e5d114e
[2024-11-03T10:14:39.277+0000] {spark_submit.py:495} INFO - confs: [default]
[2024-11-03T10:14:39.455+0000] {spark_submit.py:495} INFO - 0 artifacts copied, 98 already retrieved (0kB/180ms)
[2024-11-03T10:14:40.435+0000] {spark_submit.py:495} INFO - 24/11/03 10:14:40 WARN NativeCodeLoader: Unable to load native-hadoop library for your platform... using builtin-java classes where applicable
[2024-11-03T10:14:44.318+0000] {spark_submit.py:495} INFO - 24/11/03 10:14:44 INFO SparkContext: Running Spark version 3.4.2
[2024-11-03T10:14:44.408+0000] {spark_submit.py:495} INFO - 24/11/03 10:14:44 INFO ResourceUtils: ==============================================================
[2024-11-03T10:14:44.457+0000] {spark_submit.py:495} INFO - 24/11/03 10:14:44 INFO ResourceUtils: No custom resources configured for spark.driver.
[2024-11-03T10:14:44.460+0000] {spark_submit.py:495} INFO - 24/11/03 10:14:44 INFO ResourceUtils: ==============================================================
[2024-11-03T10:14:44.461+0000] {spark_submit.py:495} INFO - 24/11/03 10:14:44 INFO SparkContext: Submitted application: KafkaSparkStreaming
[2024-11-03T10:14:44.624+0000] {spark_submit.py:495} INFO - 24/11/03 10:14:44 INFO ResourceProfile: Default ResourceProfile created, executor resources: Map(memory -> name: memory, amount: 1024, script: , vendor: , offHeap -> name: offHeap, amount: 0, script: , vendor: ), task resources: Map(cpus -> name: cpus, amount: 1.0)
[2024-11-03T10:14:44.690+0000] {spark_submit.py:495} INFO - 24/11/03 10:14:44 INFO ResourceProfile: Limiting resource is cpu
[2024-11-03T10:14:44.707+0000] {spark_submit.py:495} INFO - 24/11/03 10:14:44 INFO ResourceProfileManager: Added ResourceProfile id: 0
[2024-11-03T10:14:44.969+0000] {spark_submit.py:495} INFO - 24/11/03 10:14:44 INFO SecurityManager: Changing view acls to: ***
[2024-11-03T10:14:44.978+0000] {spark_submit.py:495} INFO - 24/11/03 10:14:44 INFO SecurityManager: Changing modify acls to: ***
[2024-11-03T10:14:44.984+0000] {spark_submit.py:495} INFO - 24/11/03 10:14:44 INFO SecurityManager: Changing view acls groups to:
[2024-11-03T10:14:44.988+0000] {spark_submit.py:495} INFO - 24/11/03 10:14:44 INFO SecurityManager: Changing modify acls groups to:
[2024-11-03T10:14:44.989+0000] {spark_submit.py:495} INFO - 24/11/03 10:14:44 INFO SecurityManager: SecurityManager: authentication disabled; ui acls disabled; users with view permissions: ***; groups with view permissions: EMPTY; users with modify permissions: ***; groups with modify permissions: EMPTY
[2024-11-03T10:14:45.783+0000] {spark_submit.py:495} INFO - 24/11/03 10:14:45 INFO Utils: Successfully started service 'sparkDriver' on port 35077.
[2024-11-03T10:14:45.896+0000] {spark_submit.py:495} INFO - 24/11/03 10:14:45 INFO SparkEnv: Registering MapOutputTracker
[2024-11-03T10:14:46.063+0000] {spark_submit.py:495} INFO - 24/11/03 10:14:46 INFO SparkEnv: Registering BlockManagerMaster
[2024-11-03T10:14:46.098+0000] {spark_submit.py:495} INFO - 24/11/03 10:14:46 INFO BlockManagerMasterEndpoint: Using org.apache.spark.storage.DefaultTopologyMapper for getting topology information
[2024-11-03T10:14:46.104+0000] {spark_submit.py:495} INFO - 24/11/03 10:14:46 INFO BlockManagerMasterEndpoint: BlockManagerMasterEndpoint up
[2024-11-03T10:14:46.115+0000] {spark_submit.py:495} INFO - 24/11/03 10:14:46 INFO SparkEnv: Registering BlockManagerMasterHeartbeat
[2024-11-03T10:14:46.180+0000] {spark_submit.py:495} INFO - 24/11/03 10:14:46 INFO DiskBlockManager: Created local directory at /tmp/blockmgr-f1bcfd22-f43e-4052-97de-a77740b9e6d1
[2024-11-03T10:14:46.221+0000] {spark_submit.py:495} INFO - 24/11/03 10:14:46 INFO MemoryStore: MemoryStore started with capacity 434.4 MiB
[2024-11-03T10:14:46.278+0000] {spark_submit.py:495} INFO - 24/11/03 10:14:46 INFO SparkEnv: Registering OutputCommitCoordinator
[2024-11-03T10:14:46.910+0000] {spark_submit.py:495} INFO - 24/11/03 10:14:46 INFO JettyUtils: Start Jetty 0.0.0.0:4040 for SparkUI
[2024-11-03T10:14:47.152+0000] {spark_submit.py:495} INFO - 24/11/03 10:14:47 INFO Utils: Successfully started service 'SparkUI' on port 4040.
[2024-11-03T10:14:47.707+0000] {spark_submit.py:495} INFO - 24/11/03 10:14:47 INFO StandaloneAppClient$ClientEndpoint: Connecting to master spark://spark-master:7077...
[2024-11-03T10:14:47.882+0000] {spark_submit.py:495} INFO - 24/11/03 10:14:47 INFO TransportClientFactory: Successfully created connection to spark-master/172.20.0.5:7077 after 102 ms (0 ms spent in bootstraps)
[2024-11-03T10:14:48.185+0000] {spark_submit.py:495} INFO - 24/11/03 10:14:48 INFO StandaloneSchedulerBackend: Connected to Spark cluster with app ID app-20241103101448-0008
[2024-11-03T10:14:48.210+0000] {spark_submit.py:495} INFO - 24/11/03 10:14:48 INFO StandaloneAppClient$ClientEndpoint: Executor added: app-20241103101448-0008/0 on worker-20241103082644-172.20.0.6-37323 (172.20.0.6:37323) with 1 core(s)
[2024-11-03T10:14:48.218+0000] {spark_submit.py:495} INFO - 24/11/03 10:14:48 INFO Utils: Successfully started service 'org.apache.spark.network.netty.NettyBlockTransferService' on port 41037.
[2024-11-03T10:14:48.229+0000] {spark_submit.py:495} INFO - 24/11/03 10:14:48 INFO NettyBlockTransferService: Server created on 7d9160448bdc:41037
[2024-11-03T10:14:48.232+0000] {spark_submit.py:495} INFO - 24/11/03 10:14:48 INFO StandaloneSchedulerBackend: Granted executor ID app-20241103101448-0008/0 on hostPort 172.20.0.6:37323 with 1 core(s), 1024.0 MiB RAM
[2024-11-03T10:14:48.233+0000] {spark_submit.py:495} INFO - 24/11/03 10:14:48 INFO BlockManager: Using org.apache.spark.storage.RandomBlockReplicationPolicy for block replication policy
[2024-11-03T10:14:48.270+0000] {spark_submit.py:495} INFO - 24/11/03 10:14:48 INFO BlockManagerMaster: Registering BlockManager BlockManagerId(driver, 7d9160448bdc, 41037, None)
[2024-11-03T10:14:48.289+0000] {spark_submit.py:495} INFO - 24/11/03 10:14:48 INFO BlockManagerMasterEndpoint: Registering block manager 7d9160448bdc:41037 with 434.4 MiB RAM, BlockManagerId(driver, 7d9160448bdc, 41037, None)
[2024-11-03T10:14:48.304+0000] {spark_submit.py:495} INFO - 24/11/03 10:14:48 INFO BlockManagerMaster: Registered BlockManager BlockManagerId(driver, 7d9160448bdc, 41037, None)
[2024-11-03T10:14:48.310+0000] {spark_submit.py:495} INFO - 24/11/03 10:14:48 INFO BlockManager: Initialized BlockManager: BlockManagerId(driver, 7d9160448bdc, 41037, None)
[2024-11-03T10:14:49.048+0000] {spark_submit.py:495} INFO - 24/11/03 10:14:49 INFO StandaloneAppClient$ClientEndpoint: Executor updated: app-20241103101448-0008/0 is now RUNNING
[2024-11-03T10:14:49.652+0000] {spark_submit.py:495} INFO - 24/11/03 10:14:49 INFO StandaloneSchedulerBackend: SchedulerBackend is ready for scheduling beginning after reached minRegisteredResourcesRatio: 0.0
[2024-11-03T10:15:01.957+0000] {spark_submit.py:495} INFO - 24/11/03 10:15:01 INFO SharedState: Setting hive.metastore.warehouse.dir ('null') to the value of spark.sql.warehouse.dir.
[2024-11-03T10:15:01.958+0000] {spark_submit.py:495} INFO - 24/11/03 10:15:01 INFO SharedState: Warehouse path is 'file:/opt/***/spark-warehouse'.
[2024-11-03T10:15:16.667+0000] {spark_submit.py:495} INFO - 24/11/03 10:15:16 INFO StandaloneSchedulerBackend$StandaloneDriverEndpoint: Registered executor NettyRpcEndpointRef(spark-client://Executor) (172.20.0.6:52094) with ID 0,  ResourceProfileId 0
[2024-11-03T10:15:17.304+0000] {spark_submit.py:495} INFO - 24/11/03 10:15:17 INFO BlockManagerMasterEndpoint: Registering block manager 172.20.0.6:39797 with 434.4 MiB RAM, BlockManagerId(0, 172.20.0.6, 39797, None)
[2024-11-03T10:15:32.501+0000] {spark_submit.py:495} INFO - done
[2024-11-03T10:15:35.883+0000] {spark_submit.py:495} INFO - 24/11/03 10:15:35 INFO StateStoreCoordinatorRef: Registered StateStoreCoordinator endpoint
[2024-11-03T10:15:36.662+0000] {spark_submit.py:495} INFO - 24/11/03 10:15:36 INFO ResolveWriteToStream: Checkpoint root hdfs://namenode:9000/spark_checkpoint resolved to hdfs://namenode:9000/spark_checkpoint.
[2024-11-03T10:15:36.717+0000] {spark_submit.py:495} INFO - 24/11/03 10:15:36 WARN ResolveWriteToStream: spark.sql.adaptive.enabled is not supported in streaming DataFrames/Datasets and will be disabled.
[2024-11-03T10:15:38.904+0000] {spark_submit.py:495} INFO - 24/11/03 10:15:38 INFO MicroBatchExecution: Starting [id = 08588076-6838-4699-bf92-bd5112578e84, runId = 4c40ded1-fb36-4ec3-8816-2c04cea7c611]. Use hdfs://namenode:9000/spark_checkpoint to store the query checkpoint.
[2024-11-03T10:15:38.983+0000] {spark_submit.py:495} INFO - 24/11/03 10:15:38 INFO MicroBatchExecution: Reading table [org.apache.spark.sql.kafka010.KafkaSourceProvider$KafkaTable@5717fdca] from DataSourceV2 named 'kafka' [org.apache.spark.sql.kafka010.KafkaSourceProvider@2500cee4]
[2024-11-03T10:15:39.229+0000] {spark_submit.py:495} INFO - 24/11/03 10:15:39 INFO OffsetSeqLog: BatchIds found from listing: 0, 1
[2024-11-03T10:15:39.325+0000] {spark_submit.py:495} INFO - 24/11/03 10:15:39 INFO OffsetSeqLog: Getting latest batch 1
[2024-11-03T10:15:39.738+0000] {spark_submit.py:495} INFO - 24/11/03 10:15:39 INFO OffsetSeqLog: BatchIds found from listing: 0, 1
[2024-11-03T10:15:39.768+0000] {spark_submit.py:495} INFO - 24/11/03 10:15:39 INFO OffsetSeqLog: Getting latest batch 1
[2024-11-03T10:15:40.031+0000] {spark_submit.py:495} INFO - 24/11/03 10:15:40 INFO CommitLog: BatchIds found from listing: 0
[2024-11-03T10:15:40.042+0000] {spark_submit.py:495} INFO - 24/11/03 10:15:40 INFO CommitLog: Getting latest batch 0
[2024-11-03T10:15:40.235+0000] {spark_submit.py:495} INFO - 24/11/03 10:15:40 INFO MicroBatchExecution: Resuming at batch 1 with committed offsets {KafkaV2[Subscribe[raw_data]]: {"raw_data":{"0":1305}}} and available offsets {KafkaV2[Subscribe[raw_data]]: {"raw_data":{"0":1306}}}
[2024-11-03T10:15:40.250+0000] {spark_submit.py:495} INFO - 24/11/03 10:15:40 INFO MicroBatchExecution: Stream started from {KafkaV2[Subscribe[raw_data]]: {"raw_data":{"0":1305}}}
[2024-11-03T10:15:42.346+0000] {spark_submit.py:495} INFO - 24/11/03 10:15:42 INFO KafkaOffsetReaderAdmin: Partitions added: Map()
[2024-11-03T10:15:43.021+0000] {spark_submit.py:495} INFO - 24/11/03 10:15:43 INFO KafkaOffsetReaderAdmin: Partitions added: Map()
[2024-11-03T10:15:43.515+0000] {spark_submit.py:495} INFO - 24/11/03 10:15:43 INFO KafkaOffsetReaderAdmin: Partitions added: Map()
[2024-11-03T10:15:43.580+0000] {spark_submit.py:495} INFO - 24/11/03 10:15:43 INFO KafkaOffsetReaderAdmin: Partitions added: Map()
[2024-11-03T10:15:43.887+0000] {spark_submit.py:495} INFO - 24/11/03 10:15:43 INFO FileStreamSinkLog: BatchIds found from listing: 0
[2024-11-03T10:15:44.441+0000] {spark_submit.py:495} INFO - 24/11/03 10:15:44 INFO ParquetUtils: Using default output committer for Parquet: org.apache.parquet.hadoop.ParquetOutputCommitter
[2024-11-03T10:15:48.793+0000] {spark_submit.py:495} INFO - 24/11/03 10:15:48 INFO CodeGenerator: Code generated in 599.884537 ms
[2024-11-03T10:15:49.380+0000] {spark_submit.py:495} INFO - 24/11/03 10:15:49 INFO SparkContext: Starting job: start at NativeMethodAccessorImpl.java:0
[2024-11-03T10:15:49.506+0000] {spark_submit.py:495} INFO - 24/11/03 10:15:49 INFO DAGScheduler: Got job 0 (start at NativeMethodAccessorImpl.java:0) with 1 output partitions
[2024-11-03T10:15:49.509+0000] {spark_submit.py:495} INFO - 24/11/03 10:15:49 INFO DAGScheduler: Final stage: ResultStage 0 (start at NativeMethodAccessorImpl.java:0)
[2024-11-03T10:15:49.512+0000] {spark_submit.py:495} INFO - 24/11/03 10:15:49 INFO DAGScheduler: Parents of final stage: List()
[2024-11-03T10:15:49.526+0000] {spark_submit.py:495} INFO - 24/11/03 10:15:49 INFO DAGScheduler: Missing parents: List()
[2024-11-03T10:15:49.684+0000] {spark_submit.py:495} INFO - 24/11/03 10:15:49 INFO DAGScheduler: Submitting ResultStage 0 (MapPartitionsRDD[3] at start at NativeMethodAccessorImpl.java:0), which has no missing parents
[2024-11-03T10:15:51.359+0000] {spark_submit.py:495} INFO - 24/11/03 10:15:51 INFO MemoryStore: Block broadcast_0 stored as values in memory (estimated size 281.2 KiB, free 434.1 MiB)
[2024-11-03T10:15:52.598+0000] {spark_submit.py:495} INFO - 24/11/03 10:15:52 ERROR TorrentBroadcast: Store broadcast broadcast_0 fail, remove all pieces of the broadcast
[2024-11-03T10:15:52.662+0000] {spark_submit.py:495} INFO - 24/11/03 10:15:52 INFO TaskSchedulerImpl: Cancelling stage 0
[2024-11-03T10:15:52.666+0000] {spark_submit.py:495} INFO - 24/11/03 10:15:52 INFO TaskSchedulerImpl: Killing all running tasks in stage 0: Stage cancelled
[2024-11-03T10:15:52.686+0000] {spark_submit.py:495} INFO - 24/11/03 10:15:52 INFO DAGScheduler: ResultStage 0 (start at NativeMethodAccessorImpl.java:0) failed in 2.886 s due to Job aborted due to stage failure: Task serialization failed: org.apache.spark.SparkException: Failed to register classes with Kryo
[2024-11-03T10:15:52.705+0000] {spark_submit.py:495} INFO - org.apache.spark.SparkException: Failed to register classes with Kryo
[2024-11-03T10:15:52.711+0000] {spark_submit.py:495} INFO - at org.apache.spark.serializer.KryoSerializer.$anonfun$newKryo$5(KryoSerializer.scala:185)
[2024-11-03T10:15:52.712+0000] {spark_submit.py:495} INFO - at scala.runtime.java8.JFunction0$mcV$sp.apply(JFunction0$mcV$sp.java:23)
[2024-11-03T10:15:52.712+0000] {spark_submit.py:495} INFO - at org.apache.spark.util.Utils$.withContextClassLoader(Utils.scala:240)
[2024-11-03T10:15:52.717+0000] {spark_submit.py:495} INFO - at org.apache.spark.serializer.KryoSerializer.newKryo(KryoSerializer.scala:173)
[2024-11-03T10:15:52.724+0000] {spark_submit.py:495} INFO - at org.apache.spark.serializer.KryoSerializer$$anon$1.create(KryoSerializer.scala:104)
[2024-11-03T10:15:52.727+0000] {spark_submit.py:495} INFO - at com.esotericsoftware.kryo.pool.KryoPoolQueueImpl.borrow(KryoPoolQueueImpl.java:48)
[2024-11-03T10:15:52.729+0000] {spark_submit.py:495} INFO - at org.apache.spark.serializer.KryoSerializer$PoolWrapper.borrow(KryoSerializer.scala:111)
[2024-11-03T10:15:52.730+0000] {spark_submit.py:495} INFO - at org.apache.spark.serializer.KryoSerializerInstance.borrowKryo(KryoSerializer.scala:351)
[2024-11-03T10:15:52.742+0000] {spark_submit.py:495} INFO - at org.apache.spark.serializer.KryoSerializationStream.<init>(KryoSerializer.scala:271)
[2024-11-03T10:15:52.743+0000] {spark_submit.py:495} INFO - at org.apache.spark.serializer.KryoSerializerInstance.serializeStream(KryoSerializer.scala:437)
[2024-11-03T10:15:52.743+0000] {spark_submit.py:495} INFO - at org.apache.spark.broadcast.TorrentBroadcast$.blockifyObject(TorrentBroadcast.scala:356)
[2024-11-03T10:15:52.744+0000] {spark_submit.py:495} INFO - at org.apache.spark.broadcast.TorrentBroadcast.writeBlocks(TorrentBroadcast.scala:160)
[2024-11-03T10:15:52.744+0000] {spark_submit.py:495} INFO - at org.apache.spark.broadcast.TorrentBroadcast.<init>(TorrentBroadcast.scala:99)
[2024-11-03T10:15:52.744+0000] {spark_submit.py:495} INFO - at org.apache.spark.broadcast.TorrentBroadcastFactory.newBroadcast(TorrentBroadcastFactory.scala:38)
[2024-11-03T10:15:52.745+0000] {spark_submit.py:495} INFO - at org.apache.spark.broadcast.BroadcastManager.newBroadcast(BroadcastManager.scala:78)
[2024-11-03T10:15:52.745+0000] {spark_submit.py:495} INFO - at org.apache.spark.SparkContext.broadcastInternal(SparkContext.scala:1548)
[2024-11-03T10:15:52.745+0000] {spark_submit.py:495} INFO - at org.apache.spark.SparkContext.broadcast(SparkContext.scala:1530)
[2024-11-03T10:15:52.745+0000] {spark_submit.py:495} INFO - at org.apache.spark.scheduler.DAGScheduler.submitMissingTasks(DAGScheduler.scala:1535)
[2024-11-03T10:15:52.758+0000] {spark_submit.py:495} INFO - at org.apache.spark.scheduler.DAGScheduler.submitStage(DAGScheduler.scala:1353)
[2024-11-03T10:15:52.758+0000] {spark_submit.py:495} INFO - at org.apache.spark.scheduler.DAGScheduler.handleJobSubmitted(DAGScheduler.scala:1295)
[2024-11-03T10:15:52.759+0000] {spark_submit.py:495} INFO - at org.apache.spark.scheduler.DAGSchedulerEventProcessLoop.doOnReceive(DAGScheduler.scala:2931)
[2024-11-03T10:15:52.759+0000] {spark_submit.py:495} INFO - at org.apache.spark.scheduler.DAGSchedulerEventProcessLoop.onReceive(DAGScheduler.scala:2923)
[2024-11-03T10:15:52.760+0000] {spark_submit.py:495} INFO - at org.apache.spark.scheduler.DAGSchedulerEventProcessLoop.onReceive(DAGScheduler.scala:2912)
[2024-11-03T10:15:52.765+0000] {spark_submit.py:495} INFO - at org.apache.spark.util.EventLoop$$anon$1.run(EventLoop.scala:49)
[2024-11-03T10:15:52.769+0000] {spark_submit.py:495} INFO - Caused by: java.lang.NoSuchMethodException: org.apache.spark.sql.execution.datasources.v2.DataSourceRDDPartition.<init>()
[2024-11-03T10:15:52.780+0000] {spark_submit.py:495} INFO - at java.base/java.lang.Class.getConstructor0(Class.java:3585)
[2024-11-03T10:15:52.790+0000] {spark_submit.py:495} INFO - at java.base/java.lang.Class.getConstructor(Class.java:2271)
[2024-11-03T10:15:52.795+0000] {spark_submit.py:495} INFO - at org.apache.spark.serializer.KryoSerializer.$anonfun$newKryo$7(KryoSerializer.scala:180)
[2024-11-03T10:15:52.797+0000] {spark_submit.py:495} INFO - at scala.collection.TraversableLike.$anonfun$map$1(TraversableLike.scala:286)
[2024-11-03T10:15:52.797+0000] {spark_submit.py:495} INFO - at scala.collection.mutable.ResizableArray.foreach(ResizableArray.scala:62)
[2024-11-03T10:15:52.798+0000] {spark_submit.py:495} INFO - at scala.collection.mutable.ResizableArray.foreach$(ResizableArray.scala:55)
[2024-11-03T10:15:52.798+0000] {spark_submit.py:495} INFO - at scala.collection.mutable.ArrayBuffer.foreach(ArrayBuffer.scala:49)
[2024-11-03T10:15:52.798+0000] {spark_submit.py:495} INFO - at scala.collection.TraversableLike.map(TraversableLike.scala:286)
[2024-11-03T10:15:52.799+0000] {spark_submit.py:495} INFO - at scala.collection.TraversableLike.map$(TraversableLike.scala:279)
[2024-11-03T10:15:52.799+0000] {spark_submit.py:495} INFO - at scala.collection.AbstractTraversable.map(Traversable.scala:108)
[2024-11-03T10:15:52.799+0000] {spark_submit.py:495} INFO - at org.apache.spark.serializer.KryoSerializer.$anonfun$newKryo$5(KryoSerializer.scala:180)
[2024-11-03T10:15:52.799+0000] {spark_submit.py:495} INFO - ... 23 more
[2024-11-03T10:15:52.800+0000] {spark_submit.py:495} INFO - 
[2024-11-03T10:15:52.800+0000] {spark_submit.py:495} INFO - 24/11/03 10:15:52 INFO DAGScheduler: Job 0 failed: start at NativeMethodAccessorImpl.java:0, took 3.423627 s
[2024-11-03T10:15:52.841+0000] {spark_submit.py:495} INFO - 24/11/03 10:15:52 ERROR FileFormatWriter: Aborting job f8cc1579-92fa-453f-a961-7f0829b2be29.
[2024-11-03T10:15:52.841+0000] {spark_submit.py:495} INFO - org.apache.spark.SparkException: Job aborted due to stage failure: Task serialization failed: org.apache.spark.SparkException: Failed to register classes with Kryo
[2024-11-03T10:15:52.842+0000] {spark_submit.py:495} INFO - org.apache.spark.SparkException: Failed to register classes with Kryo
[2024-11-03T10:15:52.842+0000] {spark_submit.py:495} INFO - at org.apache.spark.serializer.KryoSerializer.$anonfun$newKryo$5(KryoSerializer.scala:185)
[2024-11-03T10:15:52.842+0000] {spark_submit.py:495} INFO - at scala.runtime.java8.JFunction0$mcV$sp.apply(JFunction0$mcV$sp.java:23)
[2024-11-03T10:15:52.842+0000] {spark_submit.py:495} INFO - at org.apache.spark.util.Utils$.withContextClassLoader(Utils.scala:240)
[2024-11-03T10:15:52.843+0000] {spark_submit.py:495} INFO - at org.apache.spark.serializer.KryoSerializer.newKryo(KryoSerializer.scala:173)
[2024-11-03T10:15:52.843+0000] {spark_submit.py:495} INFO - at org.apache.spark.serializer.KryoSerializer$$anon$1.create(KryoSerializer.scala:104)
[2024-11-03T10:15:52.843+0000] {spark_submit.py:495} INFO - at com.esotericsoftware.kryo.pool.KryoPoolQueueImpl.borrow(KryoPoolQueueImpl.java:48)
[2024-11-03T10:15:52.844+0000] {spark_submit.py:495} INFO - at org.apache.spark.serializer.KryoSerializer$PoolWrapper.borrow(KryoSerializer.scala:111)
[2024-11-03T10:15:52.845+0000] {spark_submit.py:495} INFO - at org.apache.spark.serializer.KryoSerializerInstance.borrowKryo(KryoSerializer.scala:351)
[2024-11-03T10:15:52.845+0000] {spark_submit.py:495} INFO - at org.apache.spark.serializer.KryoSerializationStream.<init>(KryoSerializer.scala:271)
[2024-11-03T10:15:52.846+0000] {spark_submit.py:495} INFO - at org.apache.spark.serializer.KryoSerializerInstance.serializeStream(KryoSerializer.scala:437)
[2024-11-03T10:15:52.847+0000] {spark_submit.py:495} INFO - at org.apache.spark.broadcast.TorrentBroadcast$.blockifyObject(TorrentBroadcast.scala:356)
[2024-11-03T10:15:52.847+0000] {spark_submit.py:495} INFO - at org.apache.spark.broadcast.TorrentBroadcast.writeBlocks(TorrentBroadcast.scala:160)
[2024-11-03T10:15:52.867+0000] {spark_submit.py:495} INFO - at org.apache.spark.broadcast.TorrentBroadcast.<init>(TorrentBroadcast.scala:99)
[2024-11-03T10:15:52.903+0000] {spark_submit.py:495} INFO - at org.apache.spark.broadcast.TorrentBroadcastFactory.newBroadcast(TorrentBroadcastFactory.scala:38)
[2024-11-03T10:15:52.927+0000] {spark_submit.py:495} INFO - at org.apache.spark.broadcast.BroadcastManager.newBroadcast(BroadcastManager.scala:78)
[2024-11-03T10:15:52.928+0000] {spark_submit.py:495} INFO - at org.apache.spark.SparkContext.broadcastInternal(SparkContext.scala:1548)
[2024-11-03T10:15:52.928+0000] {spark_submit.py:495} INFO - at org.apache.spark.SparkContext.broadcast(SparkContext.scala:1530)
[2024-11-03T10:15:52.928+0000] {spark_submit.py:495} INFO - at org.apache.spark.scheduler.DAGScheduler.submitMissingTasks(DAGScheduler.scala:1535)
[2024-11-03T10:15:52.929+0000] {spark_submit.py:495} INFO - at org.apache.spark.scheduler.DAGScheduler.submitStage(DAGScheduler.scala:1353)
[2024-11-03T10:15:52.929+0000] {spark_submit.py:495} INFO - at org.apache.spark.scheduler.DAGScheduler.handleJobSubmitted(DAGScheduler.scala:1295)
[2024-11-03T10:15:52.929+0000] {spark_submit.py:495} INFO - at org.apache.spark.scheduler.DAGSchedulerEventProcessLoop.doOnReceive(DAGScheduler.scala:2931)
[2024-11-03T10:15:52.930+0000] {spark_submit.py:495} INFO - at org.apache.spark.scheduler.DAGSchedulerEventProcessLoop.onReceive(DAGScheduler.scala:2923)
[2024-11-03T10:15:52.930+0000] {spark_submit.py:495} INFO - at org.apache.spark.scheduler.DAGSchedulerEventProcessLoop.onReceive(DAGScheduler.scala:2912)
[2024-11-03T10:15:52.987+0000] {spark_submit.py:495} INFO - at org.apache.spark.util.EventLoop$$anon$1.run(EventLoop.scala:49)
[2024-11-03T10:15:53.017+0000] {spark_submit.py:495} INFO - Caused by: java.lang.NoSuchMethodException: org.apache.spark.sql.execution.datasources.v2.DataSourceRDDPartition.<init>()
[2024-11-03T10:15:53.018+0000] {spark_submit.py:495} INFO - at java.base/java.lang.Class.getConstructor0(Class.java:3585)
[2024-11-03T10:15:53.018+0000] {spark_submit.py:495} INFO - at java.base/java.lang.Class.getConstructor(Class.java:2271)
[2024-11-03T10:15:53.019+0000] {spark_submit.py:495} INFO - at org.apache.spark.serializer.KryoSerializer.$anonfun$newKryo$7(KryoSerializer.scala:180)
[2024-11-03T10:15:53.019+0000] {spark_submit.py:495} INFO - at scala.collection.TraversableLike.$anonfun$map$1(TraversableLike.scala:286)
[2024-11-03T10:15:53.019+0000] {spark_submit.py:495} INFO - at scala.collection.mutable.ResizableArray.foreach(ResizableArray.scala:62)
[2024-11-03T10:15:53.019+0000] {spark_submit.py:495} INFO - at scala.collection.mutable.ResizableArray.foreach$(ResizableArray.scala:55)
[2024-11-03T10:15:53.020+0000] {spark_submit.py:495} INFO - at scala.collection.mutable.ArrayBuffer.foreach(ArrayBuffer.scala:49)
[2024-11-03T10:15:53.021+0000] {spark_submit.py:495} INFO - at scala.collection.TraversableLike.map(TraversableLike.scala:286)
[2024-11-03T10:15:53.021+0000] {spark_submit.py:495} INFO - at scala.collection.TraversableLike.map$(TraversableLike.scala:279)
[2024-11-03T10:15:53.022+0000] {spark_submit.py:495} INFO - at scala.collection.AbstractTraversable.map(Traversable.scala:108)
[2024-11-03T10:15:53.023+0000] {spark_submit.py:495} INFO - at org.apache.spark.serializer.KryoSerializer.$anonfun$newKryo$5(KryoSerializer.scala:180)
[2024-11-03T10:15:53.023+0000] {spark_submit.py:495} INFO - ... 23 more
[2024-11-03T10:15:53.024+0000] {spark_submit.py:495} INFO - 
[2024-11-03T10:15:53.024+0000] {spark_submit.py:495} INFO - at org.apache.spark.scheduler.DAGScheduler.failJobAndIndependentStages(DAGScheduler.scala:2785)
[2024-11-03T10:15:53.081+0000] {spark_submit.py:495} INFO - at org.apache.spark.scheduler.DAGScheduler.$anonfun$abortStage$2(DAGScheduler.scala:2721)
[2024-11-03T10:15:53.083+0000] {spark_submit.py:495} INFO - at org.apache.spark.scheduler.DAGScheduler.$anonfun$abortStage$2$adapted(DAGScheduler.scala:2720)
[2024-11-03T10:15:53.084+0000] {spark_submit.py:495} INFO - at scala.collection.mutable.ResizableArray.foreach(ResizableArray.scala:62)
[2024-11-03T10:15:53.121+0000] {spark_submit.py:495} INFO - at scala.collection.mutable.ResizableArray.foreach$(ResizableArray.scala:55)
[2024-11-03T10:15:53.131+0000] {spark_submit.py:495} INFO - at scala.collection.mutable.ArrayBuffer.foreach(ArrayBuffer.scala:49)
[2024-11-03T10:15:53.131+0000] {spark_submit.py:495} INFO - at org.apache.spark.scheduler.DAGScheduler.abortStage(DAGScheduler.scala:2720)
[2024-11-03T10:15:53.148+0000] {spark_submit.py:495} INFO - at org.apache.spark.scheduler.DAGScheduler.submitMissingTasks(DAGScheduler.scala:1545)
[2024-11-03T10:15:53.185+0000] {spark_submit.py:495} INFO - at org.apache.spark.scheduler.DAGScheduler.submitStage(DAGScheduler.scala:1353)
[2024-11-03T10:15:53.196+0000] {spark_submit.py:495} INFO - at org.apache.spark.scheduler.DAGScheduler.handleJobSubmitted(DAGScheduler.scala:1295)
[2024-11-03T10:15:53.218+0000] {spark_submit.py:495} INFO - at org.apache.spark.scheduler.DAGSchedulerEventProcessLoop.doOnReceive(DAGScheduler.scala:2931)
[2024-11-03T10:15:53.219+0000] {spark_submit.py:495} INFO - at org.apache.spark.scheduler.DAGSchedulerEventProcessLoop.onReceive(DAGScheduler.scala:2923)
[2024-11-03T10:15:53.220+0000] {spark_submit.py:495} INFO - at org.apache.spark.scheduler.DAGSchedulerEventProcessLoop.onReceive(DAGScheduler.scala:2912)
[2024-11-03T10:15:53.221+0000] {spark_submit.py:495} INFO - at org.apache.spark.util.EventLoop$$anon$1.run(EventLoop.scala:49)
[2024-11-03T10:15:53.222+0000] {spark_submit.py:495} INFO - at org.apache.spark.scheduler.DAGScheduler.runJob(DAGScheduler.scala:971)
[2024-11-03T10:15:53.222+0000] {spark_submit.py:495} INFO - at org.apache.spark.SparkContext.runJob(SparkContext.scala:2263)
[2024-11-03T10:15:53.223+0000] {spark_submit.py:495} INFO - at org.apache.spark.sql.execution.datasources.FileFormatWriter$.$anonfun$executeWrite$1(FileFormatWriter.scala:241)
[2024-11-03T10:15:53.277+0000] {spark_submit.py:495} INFO - at org.apache.spark.sql.execution.datasources.FileFormatWriter$.writeAndCommit(FileFormatWriter.scala:271)
[2024-11-03T10:15:53.328+0000] {spark_submit.py:495} INFO - at org.apache.spark.sql.execution.datasources.FileFormatWriter$.executeWrite(FileFormatWriter.scala:212)
[2024-11-03T10:15:53.332+0000] {spark_submit.py:495} INFO - at org.apache.spark.sql.execution.datasources.FileFormatWriter$.write(FileFormatWriter.scala:193)
[2024-11-03T10:15:53.334+0000] {spark_submit.py:495} INFO - at org.apache.spark.sql.execution.streaming.FileStreamSink.addBatch(FileStreamSink.scala:171)
[2024-11-03T10:15:53.334+0000] {spark_submit.py:495} INFO - at org.apache.spark.sql.execution.streaming.MicroBatchExecution.$anonfun$runBatch$17(MicroBatchExecution.scala:729)
[2024-11-03T10:15:53.335+0000] {spark_submit.py:495} INFO - at org.apache.spark.sql.execution.SQLExecution$.$anonfun$withNewExecutionId$6(SQLExecution.scala:118)
[2024-11-03T10:15:53.335+0000] {spark_submit.py:495} INFO - at org.apache.spark.sql.execution.SQLExecution$.withSQLConfPropagated(SQLExecution.scala:195)
[2024-11-03T10:15:53.335+0000] {spark_submit.py:495} INFO - at org.apache.spark.sql.execution.SQLExecution$.$anonfun$withNewExecutionId$1(SQLExecution.scala:103)
[2024-11-03T10:15:53.336+0000] {spark_submit.py:495} INFO - at org.apache.spark.sql.SparkSession.withActive(SparkSession.scala:827)
[2024-11-03T10:15:53.337+0000] {spark_submit.py:495} INFO - at org.apache.spark.sql.execution.SQLExecution$.withNewExecutionId(SQLExecution.scala:65)
[2024-11-03T10:15:53.337+0000] {spark_submit.py:495} INFO - at org.apache.spark.sql.execution.streaming.MicroBatchExecution.$anonfun$runBatch$16(MicroBatchExecution.scala:726)
[2024-11-03T10:15:53.338+0000] {spark_submit.py:495} INFO - at org.apache.spark.sql.execution.streaming.ProgressReporter.reportTimeTaken(ProgressReporter.scala:411)
[2024-11-03T10:15:53.339+0000] {spark_submit.py:495} INFO - at org.apache.spark.sql.execution.streaming.ProgressReporter.reportTimeTaken$(ProgressReporter.scala:409)
[2024-11-03T10:15:53.339+0000] {spark_submit.py:495} INFO - at org.apache.spark.sql.execution.streaming.StreamExecution.reportTimeTaken(StreamExecution.scala:67)
[2024-11-03T10:15:53.340+0000] {spark_submit.py:495} INFO - at org.apache.spark.sql.execution.streaming.MicroBatchExecution.runBatch(MicroBatchExecution.scala:726)
[2024-11-03T10:15:53.340+0000] {spark_submit.py:495} INFO - at org.apache.spark.sql.execution.streaming.MicroBatchExecution.$anonfun$runActivatedStream$2(MicroBatchExecution.scala:284)
[2024-11-03T10:15:53.341+0000] {spark_submit.py:495} INFO - at scala.runtime.java8.JFunction0$mcV$sp.apply(JFunction0$mcV$sp.java:23)
[2024-11-03T10:15:53.341+0000] {spark_submit.py:495} INFO - at org.apache.spark.sql.execution.streaming.ProgressReporter.reportTimeTaken(ProgressReporter.scala:411)
[2024-11-03T10:15:53.354+0000] {spark_submit.py:495} INFO - at org.apache.spark.sql.execution.streaming.ProgressReporter.reportTimeTaken$(ProgressReporter.scala:409)
[2024-11-03T10:15:53.355+0000] {spark_submit.py:495} INFO - at org.apache.spark.sql.execution.streaming.StreamExecution.reportTimeTaken(StreamExecution.scala:67)
[2024-11-03T10:15:53.356+0000] {spark_submit.py:495} INFO - at org.apache.spark.sql.execution.streaming.MicroBatchExecution.$anonfun$runActivatedStream$1(MicroBatchExecution.scala:247)
[2024-11-03T10:15:53.357+0000] {spark_submit.py:495} INFO - at org.apache.spark.sql.execution.streaming.ProcessingTimeExecutor.execute(TriggerExecutor.scala:67)
[2024-11-03T10:15:53.357+0000] {spark_submit.py:495} INFO - at org.apache.spark.sql.execution.streaming.MicroBatchExecution.runActivatedStream(MicroBatchExecution.scala:237)
[2024-11-03T10:15:53.358+0000] {spark_submit.py:495} INFO - at org.apache.spark.sql.execution.streaming.StreamExecution.$anonfun$runStream$1(StreamExecution.scala:306)
[2024-11-03T10:15:53.359+0000] {spark_submit.py:495} INFO - at scala.runtime.java8.JFunction0$mcV$sp.apply(JFunction0$mcV$sp.java:23)
[2024-11-03T10:15:53.359+0000] {spark_submit.py:495} INFO - at org.apache.spark.sql.SparkSession.withActive(SparkSession.scala:827)
[2024-11-03T10:15:53.360+0000] {spark_submit.py:495} INFO - at org.apache.spark.sql.execution.streaming.StreamExecution.org$apache$spark$sql$execution$streaming$StreamExecution$$runStream(StreamExecution.scala:284)
[2024-11-03T10:15:53.360+0000] {spark_submit.py:495} INFO - at org.apache.spark.sql.execution.streaming.StreamExecution$$anon$1.run(StreamExecution.scala:207)
[2024-11-03T10:15:53.361+0000] {spark_submit.py:495} INFO - Caused by: org.apache.spark.SparkException: Failed to register classes with Kryo
[2024-11-03T10:15:53.362+0000] {spark_submit.py:495} INFO - at org.apache.spark.serializer.KryoSerializer.$anonfun$newKryo$5(KryoSerializer.scala:185)
[2024-11-03T10:15:53.362+0000] {spark_submit.py:495} INFO - at scala.runtime.java8.JFunction0$mcV$sp.apply(JFunction0$mcV$sp.java:23)
[2024-11-03T10:15:53.363+0000] {spark_submit.py:495} INFO - at org.apache.spark.util.Utils$.withContextClassLoader(Utils.scala:240)
[2024-11-03T10:15:53.364+0000] {spark_submit.py:495} INFO - at org.apache.spark.serializer.KryoSerializer.newKryo(KryoSerializer.scala:173)
[2024-11-03T10:15:53.364+0000] {spark_submit.py:495} INFO - at org.apache.spark.serializer.KryoSerializer$$anon$1.create(KryoSerializer.scala:104)
[2024-11-03T10:15:53.365+0000] {spark_submit.py:495} INFO - at com.esotericsoftware.kryo.pool.KryoPoolQueueImpl.borrow(KryoPoolQueueImpl.java:48)
[2024-11-03T10:15:53.365+0000] {spark_submit.py:495} INFO - at org.apache.spark.serializer.KryoSerializer$PoolWrapper.borrow(KryoSerializer.scala:111)
[2024-11-03T10:15:53.366+0000] {spark_submit.py:495} INFO - at org.apache.spark.serializer.KryoSerializerInstance.borrowKryo(KryoSerializer.scala:351)
[2024-11-03T10:15:53.367+0000] {spark_submit.py:495} INFO - at org.apache.spark.serializer.KryoSerializationStream.<init>(KryoSerializer.scala:271)
[2024-11-03T10:15:53.367+0000] {spark_submit.py:495} INFO - at org.apache.spark.serializer.KryoSerializerInstance.serializeStream(KryoSerializer.scala:437)
[2024-11-03T10:15:53.368+0000] {spark_submit.py:495} INFO - at org.apache.spark.broadcast.TorrentBroadcast$.blockifyObject(TorrentBroadcast.scala:356)
[2024-11-03T10:15:53.369+0000] {spark_submit.py:495} INFO - at org.apache.spark.broadcast.TorrentBroadcast.writeBlocks(TorrentBroadcast.scala:160)
[2024-11-03T10:15:53.369+0000] {spark_submit.py:495} INFO - at org.apache.spark.broadcast.TorrentBroadcast.<init>(TorrentBroadcast.scala:99)
[2024-11-03T10:15:53.370+0000] {spark_submit.py:495} INFO - at org.apache.spark.broadcast.TorrentBroadcastFactory.newBroadcast(TorrentBroadcastFactory.scala:38)
[2024-11-03T10:15:53.371+0000] {spark_submit.py:495} INFO - at org.apache.spark.broadcast.BroadcastManager.newBroadcast(BroadcastManager.scala:78)
[2024-11-03T10:15:53.372+0000] {spark_submit.py:495} INFO - at org.apache.spark.SparkContext.broadcastInternal(SparkContext.scala:1548)
[2024-11-03T10:15:53.373+0000] {spark_submit.py:495} INFO - at org.apache.spark.SparkContext.broadcast(SparkContext.scala:1530)
[2024-11-03T10:15:53.373+0000] {spark_submit.py:495} INFO - at org.apache.spark.scheduler.DAGScheduler.submitMissingTasks(DAGScheduler.scala:1535)
[2024-11-03T10:15:53.374+0000] {spark_submit.py:495} INFO - at org.apache.spark.scheduler.DAGScheduler.submitStage(DAGScheduler.scala:1353)
[2024-11-03T10:15:53.375+0000] {spark_submit.py:495} INFO - at org.apache.spark.scheduler.DAGScheduler.handleJobSubmitted(DAGScheduler.scala:1295)
[2024-11-03T10:15:53.375+0000] {spark_submit.py:495} INFO - at org.apache.spark.scheduler.DAGSchedulerEventProcessLoop.doOnReceive(DAGScheduler.scala:2931)
[2024-11-03T10:15:53.376+0000] {spark_submit.py:495} INFO - at org.apache.spark.scheduler.DAGSchedulerEventProcessLoop.onReceive(DAGScheduler.scala:2923)
[2024-11-03T10:15:53.377+0000] {spark_submit.py:495} INFO - at org.apache.spark.scheduler.DAGSchedulerEventProcessLoop.onReceive(DAGScheduler.scala:2912)
[2024-11-03T10:15:53.378+0000] {spark_submit.py:495} INFO - at org.apache.spark.util.EventLoop$$anon$1.run(EventLoop.scala:49)
[2024-11-03T10:15:53.378+0000] {spark_submit.py:495} INFO - Caused by: java.lang.NoSuchMethodException: org.apache.spark.sql.execution.datasources.v2.DataSourceRDDPartition.<init>()
[2024-11-03T10:15:53.379+0000] {spark_submit.py:495} INFO - at java.base/java.lang.Class.getConstructor0(Class.java:3585)
[2024-11-03T10:15:53.379+0000] {spark_submit.py:495} INFO - at java.base/java.lang.Class.getConstructor(Class.java:2271)
[2024-11-03T10:15:53.380+0000] {spark_submit.py:495} INFO - at org.apache.spark.serializer.KryoSerializer.$anonfun$newKryo$7(KryoSerializer.scala:180)
[2024-11-03T10:15:53.381+0000] {spark_submit.py:495} INFO - at scala.collection.TraversableLike.$anonfun$map$1(TraversableLike.scala:286)
[2024-11-03T10:15:53.381+0000] {spark_submit.py:495} INFO - at scala.collection.mutable.ResizableArray.foreach(ResizableArray.scala:62)
[2024-11-03T10:15:53.382+0000] {spark_submit.py:495} INFO - at scala.collection.mutable.ResizableArray.foreach$(ResizableArray.scala:55)
[2024-11-03T10:15:53.382+0000] {spark_submit.py:495} INFO - at scala.collection.mutable.ArrayBuffer.foreach(ArrayBuffer.scala:49)
[2024-11-03T10:15:53.472+0000] {spark_submit.py:495} INFO - at scala.collection.TraversableLike.map(TraversableLike.scala:286)
[2024-11-03T10:15:53.473+0000] {spark_submit.py:495} INFO - at scala.collection.TraversableLike.map$(TraversableLike.scala:279)
[2024-11-03T10:15:53.473+0000] {spark_submit.py:495} INFO - at scala.collection.AbstractTraversable.map(Traversable.scala:108)
[2024-11-03T10:15:53.473+0000] {spark_submit.py:495} INFO - at org.apache.spark.serializer.KryoSerializer.$anonfun$newKryo$5(KryoSerializer.scala:180)
[2024-11-03T10:15:53.474+0000] {spark_submit.py:495} INFO - ... 23 more
[2024-11-03T10:15:56.204+0000] {spark_submit.py:495} INFO - 24/11/03 10:15:56 ERROR MicroBatchExecution: Query [id = 08588076-6838-4699-bf92-bd5112578e84, runId = 4c40ded1-fb36-4ec3-8816-2c04cea7c611] terminated with error
[2024-11-03T10:15:56.205+0000] {spark_submit.py:495} INFO - org.apache.spark.SparkException: Job aborted due to stage failure: Task serialization failed: org.apache.spark.SparkException: Failed to register classes with Kryo
[2024-11-03T10:15:56.210+0000] {spark_submit.py:495} INFO - org.apache.spark.SparkException: Failed to register classes with Kryo
[2024-11-03T10:15:56.214+0000] {spark_submit.py:495} INFO - at org.apache.spark.serializer.KryoSerializer.$anonfun$newKryo$5(KryoSerializer.scala:185)
[2024-11-03T10:15:56.214+0000] {spark_submit.py:495} INFO - at scala.runtime.java8.JFunction0$mcV$sp.apply(JFunction0$mcV$sp.java:23)
[2024-11-03T10:15:56.215+0000] {spark_submit.py:495} INFO - at org.apache.spark.util.Utils$.withContextClassLoader(Utils.scala:240)
[2024-11-03T10:15:56.215+0000] {spark_submit.py:495} INFO - at org.apache.spark.serializer.KryoSerializer.newKryo(KryoSerializer.scala:173)
[2024-11-03T10:15:56.215+0000] {spark_submit.py:495} INFO - at org.apache.spark.serializer.KryoSerializer$$anon$1.create(KryoSerializer.scala:104)
[2024-11-03T10:15:56.215+0000] {spark_submit.py:495} INFO - at com.esotericsoftware.kryo.pool.KryoPoolQueueImpl.borrow(KryoPoolQueueImpl.java:48)
[2024-11-03T10:15:56.215+0000] {spark_submit.py:495} INFO - at org.apache.spark.serializer.KryoSerializer$PoolWrapper.borrow(KryoSerializer.scala:111)
[2024-11-03T10:15:56.215+0000] {spark_submit.py:495} INFO - at org.apache.spark.serializer.KryoSerializerInstance.borrowKryo(KryoSerializer.scala:351)
[2024-11-03T10:15:56.216+0000] {spark_submit.py:495} INFO - at org.apache.spark.serializer.KryoSerializationStream.<init>(KryoSerializer.scala:271)
[2024-11-03T10:15:56.216+0000] {spark_submit.py:495} INFO - at org.apache.spark.serializer.KryoSerializerInstance.serializeStream(KryoSerializer.scala:437)
[2024-11-03T10:15:56.216+0000] {spark_submit.py:495} INFO - at org.apache.spark.broadcast.TorrentBroadcast$.blockifyObject(TorrentBroadcast.scala:356)
[2024-11-03T10:15:56.216+0000] {spark_submit.py:495} INFO - at org.apache.spark.broadcast.TorrentBroadcast.writeBlocks(TorrentBroadcast.scala:160)
[2024-11-03T10:15:56.216+0000] {spark_submit.py:495} INFO - at org.apache.spark.broadcast.TorrentBroadcast.<init>(TorrentBroadcast.scala:99)
[2024-11-03T10:15:56.216+0000] {spark_submit.py:495} INFO - at org.apache.spark.broadcast.TorrentBroadcastFactory.newBroadcast(TorrentBroadcastFactory.scala:38)
[2024-11-03T10:15:56.217+0000] {spark_submit.py:495} INFO - at org.apache.spark.broadcast.BroadcastManager.newBroadcast(BroadcastManager.scala:78)
[2024-11-03T10:15:56.217+0000] {spark_submit.py:495} INFO - at org.apache.spark.SparkContext.broadcastInternal(SparkContext.scala:1548)
[2024-11-03T10:15:56.217+0000] {spark_submit.py:495} INFO - at org.apache.spark.SparkContext.broadcast(SparkContext.scala:1530)
[2024-11-03T10:15:56.217+0000] {spark_submit.py:495} INFO - at org.apache.spark.scheduler.DAGScheduler.submitMissingTasks(DAGScheduler.scala:1535)
[2024-11-03T10:15:56.217+0000] {spark_submit.py:495} INFO - at org.apache.spark.scheduler.DAGScheduler.submitStage(DAGScheduler.scala:1353)
[2024-11-03T10:15:56.217+0000] {spark_submit.py:495} INFO - at org.apache.spark.scheduler.DAGScheduler.handleJobSubmitted(DAGScheduler.scala:1295)
[2024-11-03T10:15:56.218+0000] {spark_submit.py:495} INFO - at org.apache.spark.scheduler.DAGSchedulerEventProcessLoop.doOnReceive(DAGScheduler.scala:2931)
[2024-11-03T10:15:56.218+0000] {spark_submit.py:495} INFO - at org.apache.spark.scheduler.DAGSchedulerEventProcessLoop.onReceive(DAGScheduler.scala:2923)
[2024-11-03T10:15:56.218+0000] {spark_submit.py:495} INFO - at org.apache.spark.scheduler.DAGSchedulerEventProcessLoop.onReceive(DAGScheduler.scala:2912)
[2024-11-03T10:15:56.218+0000] {spark_submit.py:495} INFO - at org.apache.spark.util.EventLoop$$anon$1.run(EventLoop.scala:49)
[2024-11-03T10:15:56.219+0000] {spark_submit.py:495} INFO - Caused by: java.lang.NoSuchMethodException: org.apache.spark.sql.execution.datasources.v2.DataSourceRDDPartition.<init>()
[2024-11-03T10:15:56.242+0000] {spark_submit.py:495} INFO - at java.base/java.lang.Class.getConstructor0(Class.java:3585)
[2024-11-03T10:15:56.245+0000] {spark_submit.py:495} INFO - at java.base/java.lang.Class.getConstructor(Class.java:2271)
[2024-11-03T10:15:56.245+0000] {spark_submit.py:495} INFO - at org.apache.spark.serializer.KryoSerializer.$anonfun$newKryo$7(KryoSerializer.scala:180)
[2024-11-03T10:15:56.245+0000] {spark_submit.py:495} INFO - at scala.collection.TraversableLike.$anonfun$map$1(TraversableLike.scala:286)
[2024-11-03T10:15:56.246+0000] {spark_submit.py:495} INFO - at scala.collection.mutable.ResizableArray.foreach(ResizableArray.scala:62)
[2024-11-03T10:15:56.246+0000] {spark_submit.py:495} INFO - at scala.collection.mutable.ResizableArray.foreach$(ResizableArray.scala:55)
[2024-11-03T10:15:56.246+0000] {spark_submit.py:495} INFO - at scala.collection.mutable.ArrayBuffer.foreach(ArrayBuffer.scala:49)
[2024-11-03T10:15:56.246+0000] {spark_submit.py:495} INFO - at scala.collection.TraversableLike.map(TraversableLike.scala:286)
[2024-11-03T10:15:56.255+0000] {spark_submit.py:495} INFO - at scala.collection.TraversableLike.map$(TraversableLike.scala:279)
[2024-11-03T10:15:56.256+0000] {spark_submit.py:495} INFO - at scala.collection.AbstractTraversable.map(Traversable.scala:108)
[2024-11-03T10:15:56.259+0000] {spark_submit.py:495} INFO - at org.apache.spark.serializer.KryoSerializer.$anonfun$newKryo$5(KryoSerializer.scala:180)
[2024-11-03T10:15:56.259+0000] {spark_submit.py:495} INFO - ... 23 more
[2024-11-03T10:15:56.260+0000] {spark_submit.py:495} INFO - 
[2024-11-03T10:15:56.260+0000] {spark_submit.py:495} INFO - at org.apache.spark.scheduler.DAGScheduler.failJobAndIndependentStages(DAGScheduler.scala:2785)
[2024-11-03T10:15:56.295+0000] {spark_submit.py:495} INFO - at org.apache.spark.scheduler.DAGScheduler.$anonfun$abortStage$2(DAGScheduler.scala:2721)
[2024-11-03T10:15:56.303+0000] {spark_submit.py:495} INFO - at org.apache.spark.scheduler.DAGScheduler.$anonfun$abortStage$2$adapted(DAGScheduler.scala:2720)
[2024-11-03T10:15:56.303+0000] {spark_submit.py:495} INFO - at scala.collection.mutable.ResizableArray.foreach(ResizableArray.scala:62)
[2024-11-03T10:15:56.304+0000] {spark_submit.py:495} INFO - at scala.collection.mutable.ResizableArray.foreach$(ResizableArray.scala:55)
[2024-11-03T10:15:56.372+0000] {spark_submit.py:495} INFO - at scala.collection.mutable.ArrayBuffer.foreach(ArrayBuffer.scala:49)
[2024-11-03T10:15:56.373+0000] {spark_submit.py:495} INFO - at org.apache.spark.scheduler.DAGScheduler.abortStage(DAGScheduler.scala:2720)
[2024-11-03T10:15:56.417+0000] {spark_submit.py:495} INFO - at org.apache.spark.scheduler.DAGScheduler.submitMissingTasks(DAGScheduler.scala:1545)
[2024-11-03T10:15:56.460+0000] {spark_submit.py:495} INFO - at org.apache.spark.scheduler.DAGScheduler.submitStage(DAGScheduler.scala:1353)
[2024-11-03T10:15:56.460+0000] {spark_submit.py:495} INFO - at org.apache.spark.scheduler.DAGScheduler.handleJobSubmitted(DAGScheduler.scala:1295)
[2024-11-03T10:15:56.461+0000] {spark_submit.py:495} INFO - at org.apache.spark.scheduler.DAGSchedulerEventProcessLoop.doOnReceive(DAGScheduler.scala:2931)
[2024-11-03T10:15:56.461+0000] {spark_submit.py:495} INFO - at org.apache.spark.scheduler.DAGSchedulerEventProcessLoop.onReceive(DAGScheduler.scala:2923)
[2024-11-03T10:15:56.461+0000] {spark_submit.py:495} INFO - at org.apache.spark.scheduler.DAGSchedulerEventProcessLoop.onReceive(DAGScheduler.scala:2912)
[2024-11-03T10:15:56.462+0000] {spark_submit.py:495} INFO - at org.apache.spark.util.EventLoop$$anon$1.run(EventLoop.scala:49)
[2024-11-03T10:15:56.462+0000] {spark_submit.py:495} INFO - at org.apache.spark.scheduler.DAGScheduler.runJob(DAGScheduler.scala:971)
[2024-11-03T10:15:56.462+0000] {spark_submit.py:495} INFO - at org.apache.spark.SparkContext.runJob(SparkContext.scala:2263)
[2024-11-03T10:15:56.462+0000] {spark_submit.py:495} INFO - at org.apache.spark.sql.execution.datasources.FileFormatWriter$.$anonfun$executeWrite$1(FileFormatWriter.scala:241)
[2024-11-03T10:15:56.463+0000] {spark_submit.py:495} INFO - at org.apache.spark.sql.execution.datasources.FileFormatWriter$.writeAndCommit(FileFormatWriter.scala:271)
[2024-11-03T10:15:56.463+0000] {spark_submit.py:495} INFO - at org.apache.spark.sql.execution.datasources.FileFormatWriter$.executeWrite(FileFormatWriter.scala:212)
[2024-11-03T10:15:56.463+0000] {spark_submit.py:495} INFO - at org.apache.spark.sql.execution.datasources.FileFormatWriter$.write(FileFormatWriter.scala:193)
[2024-11-03T10:15:56.464+0000] {spark_submit.py:495} INFO - at org.apache.spark.sql.execution.streaming.FileStreamSink.addBatch(FileStreamSink.scala:171)
[2024-11-03T10:15:56.464+0000] {spark_submit.py:495} INFO - at org.apache.spark.sql.execution.streaming.MicroBatchExecution.$anonfun$runBatch$17(MicroBatchExecution.scala:729)
[2024-11-03T10:15:56.464+0000] {spark_submit.py:495} INFO - at org.apache.spark.sql.execution.SQLExecution$.$anonfun$withNewExecutionId$6(SQLExecution.scala:118)
[2024-11-03T10:15:56.464+0000] {spark_submit.py:495} INFO - at org.apache.spark.sql.execution.SQLExecution$.withSQLConfPropagated(SQLExecution.scala:195)
[2024-11-03T10:15:56.484+0000] {spark_submit.py:495} INFO - at org.apache.spark.sql.execution.SQLExecution$.$anonfun$withNewExecutionId$1(SQLExecution.scala:103)
[2024-11-03T10:15:56.485+0000] {spark_submit.py:495} INFO - at org.apache.spark.sql.SparkSession.withActive(SparkSession.scala:827)
[2024-11-03T10:15:56.486+0000] {spark_submit.py:495} INFO - at org.apache.spark.sql.execution.SQLExecution$.withNewExecutionId(SQLExecution.scala:65)
[2024-11-03T10:15:56.486+0000] {spark_submit.py:495} INFO - at org.apache.spark.sql.execution.streaming.MicroBatchExecution.$anonfun$runBatch$16(MicroBatchExecution.scala:726)
[2024-11-03T10:15:56.487+0000] {spark_submit.py:495} INFO - at org.apache.spark.sql.execution.streaming.ProgressReporter.reportTimeTaken(ProgressReporter.scala:411)
[2024-11-03T10:15:56.490+0000] {spark_submit.py:495} INFO - at org.apache.spark.sql.execution.streaming.ProgressReporter.reportTimeTaken$(ProgressReporter.scala:409)
[2024-11-03T10:15:56.491+0000] {spark_submit.py:495} INFO - at org.apache.spark.sql.execution.streaming.StreamExecution.reportTimeTaken(StreamExecution.scala:67)
[2024-11-03T10:15:56.491+0000] {spark_submit.py:495} INFO - at org.apache.spark.sql.execution.streaming.MicroBatchExecution.runBatch(MicroBatchExecution.scala:726)
[2024-11-03T10:15:56.492+0000] {spark_submit.py:495} INFO - at org.apache.spark.sql.execution.streaming.MicroBatchExecution.$anonfun$runActivatedStream$2(MicroBatchExecution.scala:284)
[2024-11-03T10:15:56.492+0000] {spark_submit.py:495} INFO - at scala.runtime.java8.JFunction0$mcV$sp.apply(JFunction0$mcV$sp.java:23)
[2024-11-03T10:15:56.493+0000] {spark_submit.py:495} INFO - at org.apache.spark.sql.execution.streaming.ProgressReporter.reportTimeTaken(ProgressReporter.scala:411)
[2024-11-03T10:15:56.493+0000] {spark_submit.py:495} INFO - at org.apache.spark.sql.execution.streaming.ProgressReporter.reportTimeTaken$(ProgressReporter.scala:409)
[2024-11-03T10:15:56.494+0000] {spark_submit.py:495} INFO - at org.apache.spark.sql.execution.streaming.StreamExecution.reportTimeTaken(StreamExecution.scala:67)
[2024-11-03T10:15:56.494+0000] {spark_submit.py:495} INFO - at org.apache.spark.sql.execution.streaming.MicroBatchExecution.$anonfun$runActivatedStream$1(MicroBatchExecution.scala:247)
[2024-11-03T10:15:56.494+0000] {spark_submit.py:495} INFO - at org.apache.spark.sql.execution.streaming.ProcessingTimeExecutor.execute(TriggerExecutor.scala:67)
[2024-11-03T10:15:56.495+0000] {spark_submit.py:495} INFO - at org.apache.spark.sql.execution.streaming.MicroBatchExecution.runActivatedStream(MicroBatchExecution.scala:237)
[2024-11-03T10:15:56.495+0000] {spark_submit.py:495} INFO - at org.apache.spark.sql.execution.streaming.StreamExecution.$anonfun$runStream$1(StreamExecution.scala:306)
[2024-11-03T10:15:56.496+0000] {spark_submit.py:495} INFO - at scala.runtime.java8.JFunction0$mcV$sp.apply(JFunction0$mcV$sp.java:23)
[2024-11-03T10:15:56.496+0000] {spark_submit.py:495} INFO - at org.apache.spark.sql.SparkSession.withActive(SparkSession.scala:827)
[2024-11-03T10:15:56.496+0000] {spark_submit.py:495} INFO - at org.apache.spark.sql.execution.streaming.StreamExecution.org$apache$spark$sql$execution$streaming$StreamExecution$$runStream(StreamExecution.scala:284)
[2024-11-03T10:15:56.496+0000] {spark_submit.py:495} INFO - at org.apache.spark.sql.execution.streaming.StreamExecution$$anon$1.run(StreamExecution.scala:207)
[2024-11-03T10:15:56.496+0000] {spark_submit.py:495} INFO - Caused by: org.apache.spark.SparkException: Failed to register classes with Kryo
[2024-11-03T10:15:56.497+0000] {spark_submit.py:495} INFO - at org.apache.spark.serializer.KryoSerializer.$anonfun$newKryo$5(KryoSerializer.scala:185)
[2024-11-03T10:15:56.497+0000] {spark_submit.py:495} INFO - at scala.runtime.java8.JFunction0$mcV$sp.apply(JFunction0$mcV$sp.java:23)
[2024-11-03T10:15:56.497+0000] {spark_submit.py:495} INFO - at org.apache.spark.util.Utils$.withContextClassLoader(Utils.scala:240)
[2024-11-03T10:15:56.497+0000] {spark_submit.py:495} INFO - at org.apache.spark.serializer.KryoSerializer.newKryo(KryoSerializer.scala:173)
[2024-11-03T10:15:56.497+0000] {spark_submit.py:495} INFO - at org.apache.spark.serializer.KryoSerializer$$anon$1.create(KryoSerializer.scala:104)
[2024-11-03T10:15:56.498+0000] {spark_submit.py:495} INFO - at com.esotericsoftware.kryo.pool.KryoPoolQueueImpl.borrow(KryoPoolQueueImpl.java:48)
[2024-11-03T10:15:56.498+0000] {spark_submit.py:495} INFO - at org.apache.spark.serializer.KryoSerializer$PoolWrapper.borrow(KryoSerializer.scala:111)
[2024-11-03T10:15:56.499+0000] {spark_submit.py:495} INFO - at org.apache.spark.serializer.KryoSerializerInstance.borrowKryo(KryoSerializer.scala:351)
[2024-11-03T10:15:56.499+0000] {spark_submit.py:495} INFO - at org.apache.spark.serializer.KryoSerializationStream.<init>(KryoSerializer.scala:271)
[2024-11-03T10:15:56.500+0000] {spark_submit.py:495} INFO - at org.apache.spark.serializer.KryoSerializerInstance.serializeStream(KryoSerializer.scala:437)
[2024-11-03T10:15:56.500+0000] {spark_submit.py:495} INFO - at org.apache.spark.broadcast.TorrentBroadcast$.blockifyObject(TorrentBroadcast.scala:356)
[2024-11-03T10:15:56.500+0000] {spark_submit.py:495} INFO - at org.apache.spark.broadcast.TorrentBroadcast.writeBlocks(TorrentBroadcast.scala:160)
[2024-11-03T10:15:56.501+0000] {spark_submit.py:495} INFO - at org.apache.spark.broadcast.TorrentBroadcast.<init>(TorrentBroadcast.scala:99)
[2024-11-03T10:15:56.501+0000] {spark_submit.py:495} INFO - at org.apache.spark.broadcast.TorrentBroadcastFactory.newBroadcast(TorrentBroadcastFactory.scala:38)
[2024-11-03T10:15:56.502+0000] {spark_submit.py:495} INFO - at org.apache.spark.broadcast.BroadcastManager.newBroadcast(BroadcastManager.scala:78)
[2024-11-03T10:15:56.502+0000] {spark_submit.py:495} INFO - at org.apache.spark.SparkContext.broadcastInternal(SparkContext.scala:1548)
[2024-11-03T10:15:56.502+0000] {spark_submit.py:495} INFO - at org.apache.spark.SparkContext.broadcast(SparkContext.scala:1530)
[2024-11-03T10:15:56.503+0000] {spark_submit.py:495} INFO - at org.apache.spark.scheduler.DAGScheduler.submitMissingTasks(DAGScheduler.scala:1535)
[2024-11-03T10:15:56.503+0000] {spark_submit.py:495} INFO - at org.apache.spark.scheduler.DAGScheduler.submitStage(DAGScheduler.scala:1353)
[2024-11-03T10:15:56.503+0000] {spark_submit.py:495} INFO - at org.apache.spark.scheduler.DAGScheduler.handleJobSubmitted(DAGScheduler.scala:1295)
[2024-11-03T10:15:56.504+0000] {spark_submit.py:495} INFO - at org.apache.spark.scheduler.DAGSchedulerEventProcessLoop.doOnReceive(DAGScheduler.scala:2931)
[2024-11-03T10:15:56.504+0000] {spark_submit.py:495} INFO - at org.apache.spark.scheduler.DAGSchedulerEventProcessLoop.onReceive(DAGScheduler.scala:2923)
[2024-11-03T10:15:56.505+0000] {spark_submit.py:495} INFO - at org.apache.spark.scheduler.DAGSchedulerEventProcessLoop.onReceive(DAGScheduler.scala:2912)
[2024-11-03T10:15:56.505+0000] {spark_submit.py:495} INFO - at org.apache.spark.util.EventLoop$$anon$1.run(EventLoop.scala:49)
[2024-11-03T10:15:56.505+0000] {spark_submit.py:495} INFO - Caused by: java.lang.NoSuchMethodException: org.apache.spark.sql.execution.datasources.v2.DataSourceRDDPartition.<init>()
[2024-11-03T10:15:56.506+0000] {spark_submit.py:495} INFO - at java.base/java.lang.Class.getConstructor0(Class.java:3585)
[2024-11-03T10:15:56.507+0000] {spark_submit.py:495} INFO - at java.base/java.lang.Class.getConstructor(Class.java:2271)
[2024-11-03T10:15:56.507+0000] {spark_submit.py:495} INFO - at org.apache.spark.serializer.KryoSerializer.$anonfun$newKryo$7(KryoSerializer.scala:180)
[2024-11-03T10:15:56.507+0000] {spark_submit.py:495} INFO - at scala.collection.TraversableLike.$anonfun$map$1(TraversableLike.scala:286)
[2024-11-03T10:15:56.508+0000] {spark_submit.py:495} INFO - at scala.collection.mutable.ResizableArray.foreach(ResizableArray.scala:62)
[2024-11-03T10:15:56.508+0000] {spark_submit.py:495} INFO - at scala.collection.mutable.ResizableArray.foreach$(ResizableArray.scala:55)
[2024-11-03T10:15:56.521+0000] {spark_submit.py:495} INFO - at scala.collection.mutable.ArrayBuffer.foreach(ArrayBuffer.scala:49)
[2024-11-03T10:15:56.521+0000] {spark_submit.py:495} INFO - at scala.collection.TraversableLike.map(TraversableLike.scala:286)
[2024-11-03T10:15:56.522+0000] {spark_submit.py:495} INFO - at scala.collection.TraversableLike.map$(TraversableLike.scala:279)
[2024-11-03T10:15:56.522+0000] {spark_submit.py:495} INFO - at scala.collection.AbstractTraversable.map(Traversable.scala:108)
[2024-11-03T10:15:56.523+0000] {spark_submit.py:495} INFO - at org.apache.spark.serializer.KryoSerializer.$anonfun$newKryo$5(KryoSerializer.scala:180)
[2024-11-03T10:15:56.523+0000] {spark_submit.py:495} INFO - ... 23 more
[2024-11-03T10:15:56.524+0000] {spark_submit.py:495} INFO - 24/11/03 10:15:56 INFO MicroBatchExecution: Async log purge executor pool for query [id = 08588076-6838-4699-bf92-bd5112578e84, runId = 4c40ded1-fb36-4ec3-8816-2c04cea7c611] has been shutdown
[2024-11-03T10:15:58.436+0000] {spark_submit.py:495} INFO - Traceback (most recent call last):
[2024-11-03T10:15:58.442+0000] {spark_submit.py:495} INFO - File "/opt/***/dags/spark_streaming_job.py", line 65, in <module>
[2024-11-03T10:15:58.443+0000] {spark_submit.py:495} INFO - spark_streaming_job()
[2024-11-03T10:15:58.443+0000] {spark_submit.py:495} INFO - File "/opt/***/dags/spark_streaming_job.py", line 52, in spark_streaming_job
[2024-11-03T10:15:58.443+0000] {spark_submit.py:495} INFO - query.awaitTermination()
[2024-11-03T10:15:58.443+0000] {spark_submit.py:495} INFO - File "/home/***/.local/lib/python3.11/site-packages/pyspark/python/lib/pyspark.zip/pyspark/sql/streaming/query.py", line 201, in awaitTermination
[2024-11-03T10:15:58.443+0000] {spark_submit.py:495} INFO - File "/home/***/.local/lib/python3.11/site-packages/pyspark/python/lib/py4j-0.10.9.7-src.zip/py4j/java_gateway.py", line 1322, in __call__
[2024-11-03T10:15:58.444+0000] {spark_submit.py:495} INFO - File "/home/***/.local/lib/python3.11/site-packages/pyspark/python/lib/pyspark.zip/pyspark/errors/exceptions/captured.py", line 175, in deco
[2024-11-03T10:15:58.444+0000] {spark_submit.py:495} INFO - pyspark.errors.exceptions.captured.StreamingQueryException: [STREAM_FAILED] Query [id = 08588076-6838-4699-bf92-bd5112578e84, runId = 4c40ded1-fb36-4ec3-8816-2c04cea7c611] terminated with exception: Job aborted due to stage failure: Task serialization failed: org.apache.spark.SparkException: Failed to register classes with Kryo
[2024-11-03T10:15:58.444+0000] {spark_submit.py:495} INFO - org.apache.spark.SparkException: Failed to register classes with Kryo
[2024-11-03T10:15:58.444+0000] {spark_submit.py:495} INFO - at org.apache.spark.serializer.KryoSerializer.$anonfun$newKryo$5(KryoSerializer.scala:185)
[2024-11-03T10:15:58.444+0000] {spark_submit.py:495} INFO - at scala.runtime.java8.JFunction0$mcV$sp.apply(JFunction0$mcV$sp.java:23)
[2024-11-03T10:15:58.445+0000] {spark_submit.py:495} INFO - at org.apache.spark.util.Utils$.withContextClassLoader(Utils.scala:240)
[2024-11-03T10:15:58.445+0000] {spark_submit.py:495} INFO - at org.apache.spark.serializer.KryoSerializer.newKryo(KryoSerializer.scala:173)
[2024-11-03T10:15:58.445+0000] {spark_submit.py:495} INFO - at org.apache.spark.serializer.KryoSerializer$$anon$1.create(KryoSerializer.scala:104)
[2024-11-03T10:15:58.445+0000] {spark_submit.py:495} INFO - at com.esotericsoftware.kryo.pool.KryoPoolQueueImpl.borrow(KryoPoolQueueImpl.java:48)
[2024-11-03T10:15:58.445+0000] {spark_submit.py:495} INFO - at org.apache.spark.serializer.KryoSerializer$PoolWrapper.borrow(KryoSerializer.scala:111)
[2024-11-03T10:15:58.445+0000] {spark_submit.py:495} INFO - at org.apache.spark.serializer.KryoSerializerInstance.borrowKryo(KryoSerializer.scala:351)
[2024-11-03T10:15:58.446+0000] {spark_submit.py:495} INFO - at org.apache.spark.serializer.KryoSerializationStream.<init>(KryoSerializer.scala:271)
[2024-11-03T10:15:58.446+0000] {spark_submit.py:495} INFO - at org.apache.spark.serializer.KryoSerializerInstance.serializeStream(KryoSerializer.scala:437)
[2024-11-03T10:15:58.446+0000] {spark_submit.py:495} INFO - at org.apache.spark.broadcast.TorrentBroadcast$.blockifyObject(TorrentBroadcast.scala:356)
[2024-11-03T10:15:58.446+0000] {spark_submit.py:495} INFO - at org.apache.spark.broadcast.TorrentBroadcast.writeBlocks(TorrentBroadcast.scala:160)
[2024-11-03T10:15:58.446+0000] {spark_submit.py:495} INFO - at org.apache.spark.broadcast.TorrentBroadcast.<init>(TorrentBroadcast.scala:99)
[2024-11-03T10:15:58.446+0000] {spark_submit.py:495} INFO - at org.apache.spark.broadcast.TorrentBroadcastFactory.newBroadcast(TorrentBroadcastFactory.scala:38)
[2024-11-03T10:15:58.447+0000] {spark_submit.py:495} INFO - at org.apache.spark.broadcast.BroadcastManager.newBroadcast(BroadcastManager.scala:78)
[2024-11-03T10:15:58.447+0000] {spark_submit.py:495} INFO - at org.apache.spark.SparkContext.broadcastInternal(SparkContext.scala:1548)
[2024-11-03T10:15:58.447+0000] {spark_submit.py:495} INFO - at org.apache.spark.SparkContext.broadcast(SparkContext.scala:1530)
[2024-11-03T10:15:58.447+0000] {spark_submit.py:495} INFO - at org.apache.spark.scheduler.DAGScheduler.submitMissingTasks(DAGScheduler.scala:1535)
[2024-11-03T10:15:58.447+0000] {spark_submit.py:495} INFO - at org.apache.spark.scheduler.DAGScheduler.submitStage(DAGScheduler.scala:1353)
[2024-11-03T10:15:58.447+0000] {spark_submit.py:495} INFO - at org.apache.spark.scheduler.DAGScheduler.handleJobSubmitted(DAGScheduler.scala:1295)
[2024-11-03T10:15:58.448+0000] {spark_submit.py:495} INFO - at org.apache.spark.scheduler.DAGSchedulerEventProcessLoop.doOnReceive(DAGScheduler.scala:2931)
[2024-11-03T10:15:58.448+0000] {spark_submit.py:495} INFO - at org.apache.spark.scheduler.DAGSchedulerEventProcessLoop.onReceive(DAGScheduler.scala:2923)
[2024-11-03T10:15:58.448+0000] {spark_submit.py:495} INFO - at org.apache.spark.scheduler.DAGSchedulerEventProcessLoop.onReceive(DAGScheduler.scala:2912)
[2024-11-03T10:15:58.448+0000] {spark_submit.py:495} INFO - at org.apache.spark.util.EventLoop$$anon$1.run(EventLoop.scala:49)
[2024-11-03T10:15:58.448+0000] {spark_submit.py:495} INFO - Caused by: java.lang.NoSuchMethodException: org.apache.spark.sql.execution.datasources.v2.DataSourceRDDPartition.<init>()
[2024-11-03T10:15:58.448+0000] {spark_submit.py:495} INFO - at java.base/java.lang.Class.getConstructor0(Class.java:3585)
[2024-11-03T10:15:58.449+0000] {spark_submit.py:495} INFO - at java.base/java.lang.Class.getConstructor(Class.java:2271)
[2024-11-03T10:15:58.449+0000] {spark_submit.py:495} INFO - at org.apache.spark.serializer.KryoSerializer.$anonfun$newKryo$7(KryoSerializer.scala:180)
[2024-11-03T10:15:58.449+0000] {spark_submit.py:495} INFO - at scala.collection.TraversableLike.$anonfun$map$1(TraversableLike.scala:286)
[2024-11-03T10:15:58.449+0000] {spark_submit.py:495} INFO - at scala.collection.mutable.ResizableArray.foreach(ResizableArray.scala:62)
[2024-11-03T10:15:58.449+0000] {spark_submit.py:495} INFO - at scala.collection.mutable.ResizableArray.foreach$(ResizableArray.scala:55)
[2024-11-03T10:15:58.449+0000] {spark_submit.py:495} INFO - at scala.collection.mutable.ArrayBuffer.foreach(ArrayBuffer.scala:49)
[2024-11-03T10:15:58.450+0000] {spark_submit.py:495} INFO - at scala.collection.TraversableLike.map(TraversableLike.scala:286)
[2024-11-03T10:15:58.450+0000] {spark_submit.py:495} INFO - at scala.collection.TraversableLike.map$(TraversableLike.scala:279)
[2024-11-03T10:15:58.450+0000] {spark_submit.py:495} INFO - at scala.collection.AbstractTraversable.map(Traversable.scala:108)
[2024-11-03T10:15:58.450+0000] {spark_submit.py:495} INFO - at org.apache.spark.serializer.KryoSerializer.$anonfun$newKryo$5(KryoSerializer.scala:180)
[2024-11-03T10:15:58.450+0000] {spark_submit.py:495} INFO - ... 23 more
[2024-11-03T10:15:58.450+0000] {spark_submit.py:495} INFO - 
[2024-11-03T10:15:58.747+0000] {spark_submit.py:495} INFO - 24/11/03 10:15:58 INFO SparkContext: Invoking stop() from shutdown hook
[2024-11-03T10:15:58.748+0000] {spark_submit.py:495} INFO - 24/11/03 10:15:58 INFO SparkContext: SparkContext is stopping with exitCode 0.
[2024-11-03T10:15:58.788+0000] {spark_submit.py:495} INFO - 24/11/03 10:15:58 INFO SparkUI: Stopped Spark web UI at http://7d9160448bdc:4040
[2024-11-03T10:15:58.875+0000] {spark_submit.py:495} INFO - 24/11/03 10:15:58 INFO StandaloneSchedulerBackend: Shutting down all executors
[2024-11-03T10:15:58.892+0000] {spark_submit.py:495} INFO - 24/11/03 10:15:58 INFO StandaloneSchedulerBackend$StandaloneDriverEndpoint: Asking each executor to shut down
[2024-11-03T10:15:59.220+0000] {spark_submit.py:495} INFO - 24/11/03 10:15:59 INFO MapOutputTrackerMasterEndpoint: MapOutputTrackerMasterEndpoint stopped!
[2024-11-03T10:15:59.878+0000] {spark_submit.py:495} INFO - 24/11/03 10:15:59 INFO MemoryStore: MemoryStore cleared
[2024-11-03T10:15:59.891+0000] {spark_submit.py:495} INFO - 24/11/03 10:15:59 INFO BlockManager: BlockManager stopped
[2024-11-03T10:15:59.958+0000] {spark_submit.py:495} INFO - 24/11/03 10:15:59 INFO BlockManagerMaster: BlockManagerMaster stopped
[2024-11-03T10:16:00.030+0000] {spark_submit.py:495} INFO - 24/11/03 10:16:00 INFO OutputCommitCoordinator$OutputCommitCoordinatorEndpoint: OutputCommitCoordinator stopped!
[2024-11-03T10:16:00.651+0000] {spark_submit.py:495} INFO - 24/11/03 10:16:00 INFO SparkContext: Successfully stopped SparkContext
[2024-11-03T10:16:00.653+0000] {spark_submit.py:495} INFO - 24/11/03 10:16:00 INFO ShutdownHookManager: Shutdown hook called
[2024-11-03T10:16:00.657+0000] {spark_submit.py:495} INFO - 24/11/03 10:16:00 INFO ShutdownHookManager: Deleting directory /tmp/spark-de8c4549-733e-4224-91f5-506230e4749b
[2024-11-03T10:16:00.762+0000] {spark_submit.py:495} INFO - 24/11/03 10:16:00 INFO ShutdownHookManager: Deleting directory /tmp/spark-2d23436d-187a-490c-baf4-e710a494b84b
[2024-11-03T10:16:00.877+0000] {spark_submit.py:495} INFO - 24/11/03 10:16:00 INFO ShutdownHookManager: Deleting directory /tmp/spark-de8c4549-733e-4224-91f5-506230e4749b/pyspark-bc1c25a4-bbbd-4338-a51b-11809dc0f96b
[2024-11-03T10:16:02.068+0000] {taskinstance.py:441} INFO - ::group::Post task execution logs
[2024-11-03T10:16:02.288+0000] {taskinstance.py:2905} ERROR - Task failed with exception
Traceback (most recent call last):
  File "/home/airflow/.local/lib/python3.11/site-packages/airflow/models/taskinstance.py", line 465, in _execute_task
    result = _execute_callable(context=context, **execute_callable_kwargs)
             ^^^^^^^^^^^^^^^^^^^^^^^^^^^^^^^^^^^^^^^^^^^^^^^^^^^^^^^^^^^^^
  File "/home/airflow/.local/lib/python3.11/site-packages/airflow/models/taskinstance.py", line 432, in _execute_callable
    return execute_callable(context=context, **execute_callable_kwargs)
           ^^^^^^^^^^^^^^^^^^^^^^^^^^^^^^^^^^^^^^^^^^^^^^^^^^^^^^^^^^^^
  File "/home/airflow/.local/lib/python3.11/site-packages/airflow/models/baseoperator.py", line 401, in wrapper
    return func(self, *args, **kwargs)
           ^^^^^^^^^^^^^^^^^^^^^^^^^^^
  File "/home/airflow/.local/lib/python3.11/site-packages/airflow/providers/apache/spark/operators/spark_submit.py", line 157, in execute
    self._hook.submit(self._application)
  File "/home/airflow/.local/lib/python3.11/site-packages/airflow/providers/apache/spark/hooks/spark_submit.py", line 426, in submit
    raise AirflowException(
airflow.exceptions.AirflowException: Cannot execute: spark-submit --master yarn --conf spark.yarn.appMasterEnv.HADOOP_CONF_DIR=/opt/hadoop-3.2.1/etc/hadoop --packages org.apache.spark:spark-streaming-kafka-0-10_2.12:3.4.2,org.apache.spark:spark-sql-kafka-0-10_2.12:3.4.2,org.apache.hadoop:hadoop-client:3.2.1 --name KafkaSparkHDFS /opt/***/dags/spark_streaming_job.py. Error code is: 1.
[2024-11-03T10:16:02.411+0000] {taskinstance.py:1206} INFO - Marking task as FAILED. dag_id=sensor_data_consumer, task_id=sensor_data_consumer, run_id=manual__2024-11-03T10:14:05.992026+00:00, execution_date=20241103T101405, start_date=20241103T101419, end_date=20241103T101602
[2024-11-03T10:16:02.608+0000] {standard_task_runner.py:110} ERROR - Failed to execute job 204 for task sensor_data_consumer (Cannot execute: spark-submit --master yarn --conf spark.yarn.appMasterEnv.HADOOP_CONF_DIR=/opt/hadoop-3.2.1/etc/hadoop --packages org.apache.spark:spark-streaming-kafka-0-10_2.12:3.4.2,org.apache.spark:spark-sql-kafka-0-10_2.12:3.4.2,org.apache.hadoop:hadoop-client:3.2.1 --name KafkaSparkHDFS /opt/***/dags/spark_streaming_job.py. Error code is: 1.; 4848)
[2024-11-03T10:16:02.646+0000] {local_task_job_runner.py:243} INFO - Task exited with return code 1
[2024-11-03T10:16:02.941+0000] {taskinstance.py:3503} INFO - 0 downstream tasks scheduled from follow-on schedule check
[2024-11-03T10:16:02.963+0000] {local_task_job_runner.py:222} INFO - ::endgroup::
