[2024-11-02T02:10:28.098+0000] {local_task_job_runner.py:120} INFO - ::group::Pre task execution logs
[2024-11-02T02:10:28.810+0000] {taskinstance.py:2076} INFO - Dependencies all met for dep_context=non-requeueable deps ti=<TaskInstance: sensor_data_consumer.sensor_data_consumer manual__2024-11-02T02:10:16.562255+00:00 [queued]>
[2024-11-02T02:10:29.269+0000] {taskinstance.py:2076} INFO - Dependencies all met for dep_context=requeueable deps ti=<TaskInstance: sensor_data_consumer.sensor_data_consumer manual__2024-11-02T02:10:16.562255+00:00 [queued]>
[2024-11-02T02:10:29.315+0000] {taskinstance.py:2306} INFO - Starting attempt 1 of 1
[2024-11-02T02:10:29.889+0000] {taskinstance.py:2330} INFO - Executing <Task(SparkSubmitOperator): sensor_data_consumer> on 2024-11-02 02:10:16.562255+00:00
[2024-11-02T02:10:30.199+0000] {standard_task_runner.py:90} INFO - Running: ['***', 'tasks', 'run', 'sensor_data_consumer', 'sensor_data_consumer', 'manual__2024-11-02T02:10:16.562255+00:00', '--job-id', '480', '--raw', '--subdir', 'DAGS_FOLDER/***_consumer.py', '--cfg-path', '/tmp/tmpcq8hrkc6']
[2024-11-02T02:10:30.444+0000] {standard_task_runner.py:91} INFO - Job 480: Subtask sensor_data_consumer
[2024-11-02T02:10:30.118+0000] {standard_task_runner.py:64} INFO - Started process 996 to run task
[2024-11-02T02:10:31.397+0000] {task_command.py:426} INFO - Running <TaskInstance: sensor_data_consumer.sensor_data_consumer manual__2024-11-02T02:10:16.562255+00:00 [running]> on host 458d68760919
[2024-11-02T02:10:32.814+0000] {taskinstance.py:2648} INFO - Exporting env vars: AIRFLOW_CTX_DAG_OWNER='Bich Ly' AIRFLOW_CTX_DAG_ID='sensor_data_consumer' AIRFLOW_CTX_TASK_ID='sensor_data_consumer' AIRFLOW_CTX_EXECUTION_DATE='2024-11-02T02:10:16.562255+00:00' AIRFLOW_CTX_TRY_NUMBER='1' AIRFLOW_CTX_DAG_RUN_ID='manual__2024-11-02T02:10:16.562255+00:00'
[2024-11-02T02:10:32.856+0000] {taskinstance.py:430} INFO - ::endgroup::
[2024-11-02T02:10:33.413+0000] {base.py:84} INFO - Using connection ID 'spark_default' for task execution.
[2024-11-02T02:10:33.453+0000] {spark_submit.py:344} INFO - Spark-Submit cmd: spark-submit --master spark://spark-master:7077 --name KafkaSparkHDFS /opt/***/dags/spark_streaming_job.py
[2024-11-02T02:11:27.631+0000] {spark_submit.py:495} INFO - 24/11/02 02:11:27 INFO SparkContext: Running Spark version 3.4.2
[2024-11-02T02:11:30.187+0000] {spark_submit.py:495} INFO - 24/11/02 02:11:30 WARN NativeCodeLoader: Unable to load native-hadoop library for your platform... using builtin-java classes where applicable
[2024-11-02T02:11:33.095+0000] {spark_submit.py:495} INFO - 24/11/02 02:11:33 INFO ResourceUtils: ==============================================================
[2024-11-02T02:11:33.101+0000] {spark_submit.py:495} INFO - 24/11/02 02:11:33 INFO ResourceUtils: No custom resources configured for spark.driver.
[2024-11-02T02:11:33.118+0000] {spark_submit.py:495} INFO - 24/11/02 02:11:33 INFO ResourceUtils: ==============================================================
[2024-11-02T02:11:33.120+0000] {spark_submit.py:495} INFO - 24/11/02 02:11:33 INFO SparkContext: Submitted application: KafkaSparkStreaming
[2024-11-02T02:11:34.271+0000] {spark_submit.py:495} INFO - 24/11/02 02:11:34 INFO ResourceProfile: Default ResourceProfile created, executor resources: Map(memory -> name: memory, amount: 1024, script: , vendor: , offHeap -> name: offHeap, amount: 0, script: , vendor: ), task resources: Map(cpus -> name: cpus, amount: 1.0)
[2024-11-02T02:11:34.513+0000] {spark_submit.py:495} INFO - 24/11/02 02:11:34 INFO ResourceProfile: Limiting resource is cpu
[2024-11-02T02:11:34.542+0000] {spark_submit.py:495} INFO - 24/11/02 02:11:34 INFO ResourceProfileManager: Added ResourceProfile id: 0
[2024-11-02T02:11:35.571+0000] {spark_submit.py:495} INFO - 24/11/02 02:11:35 INFO SecurityManager: Changing view acls to: ***
[2024-11-02T02:11:35.579+0000] {spark_submit.py:495} INFO - 24/11/02 02:11:35 INFO SecurityManager: Changing modify acls to: ***
[2024-11-02T02:11:35.579+0000] {spark_submit.py:495} INFO - 24/11/02 02:11:35 INFO SecurityManager: Changing view acls groups to:
[2024-11-02T02:11:35.580+0000] {spark_submit.py:495} INFO - 24/11/02 02:11:35 INFO SecurityManager: Changing modify acls groups to:
[2024-11-02T02:11:35.580+0000] {spark_submit.py:495} INFO - 24/11/02 02:11:35 INFO SecurityManager: SecurityManager: authentication disabled; ui acls disabled; users with view permissions: ***; groups with view permissions: EMPTY; users with modify permissions: ***; groups with modify permissions: EMPTY
[2024-11-02T02:11:38.848+0000] {spark_submit.py:495} INFO - 24/11/02 02:11:38 INFO Utils: Successfully started service 'sparkDriver' on port 46849.
[2024-11-02T02:11:39.488+0000] {spark_submit.py:495} INFO - 24/11/02 02:11:39 INFO SparkEnv: Registering MapOutputTracker
[2024-11-02T02:11:40.045+0000] {spark_submit.py:495} INFO - 24/11/02 02:11:40 INFO SparkEnv: Registering BlockManagerMaster
[2024-11-02T02:11:40.267+0000] {spark_submit.py:495} INFO - 24/11/02 02:11:40 INFO BlockManagerMasterEndpoint: Using org.apache.spark.storage.DefaultTopologyMapper for getting topology information
[2024-11-02T02:11:40.283+0000] {spark_submit.py:495} INFO - 24/11/02 02:11:40 INFO BlockManagerMasterEndpoint: BlockManagerMasterEndpoint up
[2024-11-02T02:11:40.346+0000] {spark_submit.py:495} INFO - 24/11/02 02:11:40 INFO SparkEnv: Registering BlockManagerMasterHeartbeat
[2024-11-02T02:11:40.924+0000] {spark_submit.py:495} INFO - 24/11/02 02:11:40 INFO DiskBlockManager: Created local directory at /tmp/blockmgr-0018012f-0e37-40c9-baea-453cd23b3e1c
[2024-11-02T02:11:41.059+0000] {spark_submit.py:495} INFO - 24/11/02 02:11:41 INFO MemoryStore: MemoryStore started with capacity 434.4 MiB
[2024-11-02T02:11:41.194+0000] {spark_submit.py:495} INFO - 24/11/02 02:11:41 INFO SparkEnv: Registering OutputCommitCoordinator
[2024-11-02T02:11:42.817+0000] {spark_submit.py:495} INFO - 24/11/02 02:11:42 INFO JettyUtils: Start Jetty 0.0.0.0:4040 for SparkUI
[2024-11-02T02:11:44.245+0000] {spark_submit.py:495} INFO - 24/11/02 02:11:44 INFO Utils: Successfully started service 'SparkUI' on port 4040.
[2024-11-02T02:11:48.231+0000] {spark_submit.py:495} INFO - 24/11/02 02:11:48 INFO StandaloneAppClient$ClientEndpoint: Connecting to master spark://spark-master:7077...
[2024-11-02T02:11:49.751+0000] {spark_submit.py:495} INFO - 24/11/02 02:11:49 INFO TransportClientFactory: Successfully created connection to spark-master/172.22.0.3:7077 after 1102 ms (0 ms spent in bootstraps)
[2024-11-02T02:11:54.895+0000] {spark_submit.py:495} INFO - 24/11/02 02:11:54 INFO StandaloneSchedulerBackend: Connected to Spark cluster with app ID app-20241102021153-0000
[2024-11-02T02:11:55.132+0000] {spark_submit.py:495} INFO - 24/11/02 02:11:55 INFO Utils: Successfully started service 'org.apache.spark.network.netty.NettyBlockTransferService' on port 38633.
[2024-11-02T02:11:55.133+0000] {spark_submit.py:495} INFO - 24/11/02 02:11:55 INFO NettyBlockTransferService: Server created on 458d68760919:38633
[2024-11-02T02:11:55.168+0000] {spark_submit.py:495} INFO - 24/11/02 02:11:55 INFO BlockManager: Using org.apache.spark.storage.RandomBlockReplicationPolicy for block replication policy
[2024-11-02T02:11:55.472+0000] {spark_submit.py:495} INFO - 24/11/02 02:11:55 INFO BlockManagerMaster: Registering BlockManager BlockManagerId(driver, 458d68760919, 38633, None)
[2024-11-02T02:11:55.598+0000] {spark_submit.py:495} INFO - 24/11/02 02:11:55 INFO StandaloneAppClient$ClientEndpoint: Executor added: app-20241102021153-0000/0 on worker-20241102014301-172.22.0.4-41473 (172.22.0.4:41473) with 1 core(s)
[2024-11-02T02:11:55.676+0000] {spark_submit.py:495} INFO - 24/11/02 02:11:55 INFO StandaloneSchedulerBackend: Granted executor ID app-20241102021153-0000/0 on hostPort 172.22.0.4:41473 with 1 core(s), 1024.0 MiB RAM
[2024-11-02T02:11:55.718+0000] {spark_submit.py:495} INFO - 24/11/02 02:11:55 INFO BlockManagerMasterEndpoint: Registering block manager 458d68760919:38633 with 434.4 MiB RAM, BlockManagerId(driver, 458d68760919, 38633, None)
[2024-11-02T02:11:55.735+0000] {spark_submit.py:495} INFO - 24/11/02 02:11:55 INFO BlockManagerMaster: Registered BlockManager BlockManagerId(driver, 458d68760919, 38633, None)
[2024-11-02T02:11:55.747+0000] {spark_submit.py:495} INFO - 24/11/02 02:11:55 INFO BlockManager: Initialized BlockManager: BlockManagerId(driver, 458d68760919, 38633, None)
[2024-11-02T02:12:01.053+0000] {spark_submit.py:495} INFO - 24/11/02 02:12:00 INFO AsyncEventQueue: Process of event SparkListenerResourceProfileAdded(Profile: id = 0, executor resources: memory -> name: memory, amount: 1024, script: , vendor: ,offHeap -> name: offHeap, amount: 0, script: , vendor: , task resources: cpus -> name: cpus, amount: 1.0) by listener HeartbeatReceiver took 1.370105606s.
[2024-11-02T02:12:01.278+0000] {spark_submit.py:495} INFO - 24/11/02 02:12:01 INFO AsyncEventQueue: Process of event SparkListenerResourceProfileAdded(Profile: id = 0, executor resources: memory -> name: memory, amount: 1024, script: , vendor: ,offHeap -> name: offHeap, amount: 0, script: , vendor: , task resources: cpus -> name: cpus, amount: 1.0) by listener AppStatusListener took 1.912393322s.
[2024-11-02T02:12:03.447+0000] {spark_submit.py:495} INFO - 24/11/02 02:12:03 INFO StandaloneSchedulerBackend: SchedulerBackend is ready for scheduling beginning after reached minRegisteredResourcesRatio: 0.0
[2024-11-02T02:12:03.608+0000] {spark_submit.py:495} INFO - 24/11/02 02:12:03 INFO AsyncEventQueue: Process of event SparkListenerExecutorMetricsUpdate(driver,WrappedArray(),Map((-1,-1) -> org.apache.spark.executor.ExecutorMetrics@85dae91)) by listener AppStatusListener took 1.017791016s.
[2024-11-02T02:12:06.160+0000] {spark_submit.py:495} INFO - 24/11/02 02:12:06 INFO StandaloneAppClient$ClientEndpoint: Executor updated: app-20241102021153-0000/0 is now RUNNING
[2024-11-02T02:12:17.179+0000] {spark_submit.py:495} INFO - 24/11/02 02:12:17 INFO SharedState: Setting hive.metastore.warehouse.dir ('null') to the value of spark.sql.warehouse.dir.
[2024-11-02T02:12:17.545+0000] {spark_submit.py:495} INFO - 24/11/02 02:12:17 INFO SharedState: Warehouse path is 'file:/opt/***/spark-warehouse'.
[2024-11-02T02:12:41.872+0000] {spark_submit.py:495} INFO - Traceback (most recent call last):
[2024-11-02T02:12:41.929+0000] {spark_submit.py:495} INFO - File "/opt/***/dags/spark_streaming_job.py", line 43, in <module>
[2024-11-02T02:12:41.929+0000] {spark_submit.py:495} INFO - spark_streaming_job()
[2024-11-02T02:12:41.930+0000] {spark_submit.py:495} INFO - File "/opt/***/dags/spark_streaming_job.py", line 26, in spark_streaming_job
[2024-11-02T02:12:41.930+0000] {spark_submit.py:495} INFO - .load()
[2024-11-02T02:12:41.930+0000] {spark_submit.py:495} INFO - ^^^^^^
[2024-11-02T02:12:41.930+0000] {spark_submit.py:495} INFO - File "/home/***/.local/lib/python3.11/site-packages/pyspark/python/lib/pyspark.zip/pyspark/sql/streaming/readwriter.py", line 277, in load
[2024-11-02T02:12:41.930+0000] {spark_submit.py:495} INFO - File "/home/***/.local/lib/python3.11/site-packages/pyspark/python/lib/py4j-0.10.9.7-src.zip/py4j/java_gateway.py", line 1322, in __call__
[2024-11-02T02:12:41.931+0000] {spark_submit.py:495} INFO - File "/home/***/.local/lib/python3.11/site-packages/pyspark/python/lib/pyspark.zip/pyspark/errors/exceptions/captured.py", line 175, in deco
[2024-11-02T02:12:42.111+0000] {spark_submit.py:495} INFO - pyspark.errors.exceptions.captured.AnalysisException: Failed to find data source: kafka. Please deploy the application as per the deployment section of Structured Streaming + Kafka Integration Guide.
[2024-11-02T02:12:42.969+0000] {spark_submit.py:495} INFO - 24/11/02 02:12:42 INFO SparkContext: Invoking stop() from shutdown hook
[2024-11-02T02:12:42.997+0000] {spark_submit.py:495} INFO - 24/11/02 02:12:42 INFO SparkContext: SparkContext is stopping with exitCode 0.
[2024-11-02T02:12:43.417+0000] {spark_submit.py:495} INFO - 24/11/02 02:12:43 INFO SparkUI: Stopped Spark web UI at http://458d68760919:4040
[2024-11-02T02:12:44.119+0000] {spark_submit.py:495} INFO - 24/11/02 02:12:44 INFO StandaloneSchedulerBackend: Shutting down all executors
[2024-11-02T02:12:44.139+0000] {spark_submit.py:495} INFO - 24/11/02 02:12:44 INFO StandaloneSchedulerBackend$StandaloneDriverEndpoint: Asking each executor to shut down
[2024-11-02T02:12:45.254+0000] {spark_submit.py:495} INFO - 24/11/02 02:12:45 INFO MapOutputTrackerMasterEndpoint: MapOutputTrackerMasterEndpoint stopped!
[2024-11-02T02:12:46.043+0000] {spark_submit.py:495} INFO - 24/11/02 02:12:46 INFO MemoryStore: MemoryStore cleared
[2024-11-02T02:12:46.057+0000] {spark_submit.py:495} INFO - 24/11/02 02:12:46 INFO BlockManager: BlockManager stopped
[2024-11-02T02:12:46.158+0000] {spark_submit.py:495} INFO - 24/11/02 02:12:46 INFO BlockManagerMaster: BlockManagerMaster stopped
[2024-11-02T02:12:46.303+0000] {spark_submit.py:495} INFO - 24/11/02 02:12:46 INFO OutputCommitCoordinator$OutputCommitCoordinatorEndpoint: OutputCommitCoordinator stopped!
[2024-11-02T02:12:46.843+0000] {spark_submit.py:495} INFO - 24/11/02 02:12:46 INFO SparkContext: Successfully stopped SparkContext
[2024-11-02T02:12:46.861+0000] {spark_submit.py:495} INFO - 24/11/02 02:12:46 INFO ShutdownHookManager: Shutdown hook called
[2024-11-02T02:12:46.861+0000] {spark_submit.py:495} INFO - 24/11/02 02:12:46 INFO ShutdownHookManager: Deleting directory /tmp/spark-91fc0a5b-fb31-455d-b7ba-e04a0137c175/pyspark-bb1a31cd-2e9d-49f8-9997-175c70cb1a91
[2024-11-02T02:12:47.089+0000] {spark_submit.py:495} INFO - 24/11/02 02:12:47 INFO ShutdownHookManager: Deleting directory /tmp/spark-7fb07033-ff3b-4b68-b01a-891772a71ca6
[2024-11-02T02:12:47.554+0000] {spark_submit.py:495} INFO - 24/11/02 02:12:47 INFO ShutdownHookManager: Deleting directory /tmp/spark-91fc0a5b-fb31-455d-b7ba-e04a0137c175
[2024-11-02T02:12:47.910+0000] {taskinstance.py:441} INFO - ::group::Post task execution logs
[2024-11-02T02:12:47.937+0000] {taskinstance.py:2905} ERROR - Task failed with exception
Traceback (most recent call last):
  File "/home/airflow/.local/lib/python3.11/site-packages/airflow/models/taskinstance.py", line 465, in _execute_task
    result = _execute_callable(context=context, **execute_callable_kwargs)
             ^^^^^^^^^^^^^^^^^^^^^^^^^^^^^^^^^^^^^^^^^^^^^^^^^^^^^^^^^^^^^
  File "/home/airflow/.local/lib/python3.11/site-packages/airflow/models/taskinstance.py", line 432, in _execute_callable
    return execute_callable(context=context, **execute_callable_kwargs)
           ^^^^^^^^^^^^^^^^^^^^^^^^^^^^^^^^^^^^^^^^^^^^^^^^^^^^^^^^^^^^
  File "/home/airflow/.local/lib/python3.11/site-packages/airflow/models/baseoperator.py", line 401, in wrapper
    return func(self, *args, **kwargs)
           ^^^^^^^^^^^^^^^^^^^^^^^^^^^
  File "/home/airflow/.local/lib/python3.11/site-packages/airflow/providers/apache/spark/operators/spark_submit.py", line 157, in execute
    self._hook.submit(self._application)
  File "/home/airflow/.local/lib/python3.11/site-packages/airflow/providers/apache/spark/hooks/spark_submit.py", line 426, in submit
    raise AirflowException(
airflow.exceptions.AirflowException: Cannot execute: spark-submit --master spark://spark-master:7077 --name KafkaSparkHDFS /opt/***/dags/spark_streaming_job.py. Error code is: 1.
[2024-11-02T02:12:47.974+0000] {taskinstance.py:1206} INFO - Marking task as FAILED. dag_id=sensor_data_consumer, task_id=sensor_data_consumer, run_id=manual__2024-11-02T02:10:16.562255+00:00, execution_date=20241102T021016, start_date=20241102T021028, end_date=20241102T021247
[2024-11-02T02:12:48.394+0000] {standard_task_runner.py:110} ERROR - Failed to execute job 480 for task sensor_data_consumer (Cannot execute: spark-submit --master spark://spark-master:7077 --name KafkaSparkHDFS /opt/***/dags/spark_streaming_job.py. Error code is: 1.; 996)
[2024-11-02T02:12:48.612+0000] {local_task_job_runner.py:243} INFO - Task exited with return code 1
[2024-11-02T02:12:48.855+0000] {local_task_job_runner.py:222} INFO - ::endgroup::
