[2024-11-24T02:44:42.991+0000] {local_task_job_runner.py:120} INFO - ::group::Pre task execution logs
[2024-11-24T02:44:43.209+0000] {taskinstance.py:2076} INFO - Dependencies all met for dep_context=non-requeueable deps ti=<TaskInstance: sensor_data_consumer.sensor_data_consumer scheduled__2024-11-23T00:00:00+00:00 [queued]>
[2024-11-24T02:44:43.229+0000] {taskinstance.py:2076} INFO - Dependencies all met for dep_context=requeueable deps ti=<TaskInstance: sensor_data_consumer.sensor_data_consumer scheduled__2024-11-23T00:00:00+00:00 [queued]>
[2024-11-24T02:44:43.229+0000] {taskinstance.py:2306} INFO - Starting attempt 3 of 1
[2024-11-24T02:44:43.601+0000] {taskinstance.py:2330} INFO - Executing <Task(SparkSubmitOperator): sensor_data_consumer> on 2024-11-23 00:00:00+00:00
[2024-11-24T02:44:43.612+0000] {standard_task_runner.py:64} INFO - Started process 220 to run task
[2024-11-24T02:44:43.626+0000] {standard_task_runner.py:90} INFO - Running: ['***', 'tasks', 'run', 'sensor_data_consumer', 'sensor_data_consumer', 'scheduled__2024-11-23T00:00:00+00:00', '--job-id', '34', '--raw', '--subdir', 'DAGS_FOLDER/***_consumer.py', '--cfg-path', '/tmp/tmpb23rprr1']
[2024-11-24T02:44:43.629+0000] {standard_task_runner.py:91} INFO - Job 34: Subtask sensor_data_consumer
[2024-11-24T02:44:43.796+0000] {task_command.py:426} INFO - Running <TaskInstance: sensor_data_consumer.sensor_data_consumer scheduled__2024-11-23T00:00:00+00:00 [running]> on host 3e147e79ce3d
[2024-11-24T02:44:44.331+0000] {taskinstance.py:2648} INFO - Exporting env vars: AIRFLOW_CTX_DAG_OWNER='Bich Ly' AIRFLOW_CTX_DAG_ID='sensor_data_consumer' AIRFLOW_CTX_TASK_ID='sensor_data_consumer' AIRFLOW_CTX_EXECUTION_DATE='2024-11-23T00:00:00+00:00' AIRFLOW_CTX_TRY_NUMBER='3' AIRFLOW_CTX_DAG_RUN_ID='scheduled__2024-11-23T00:00:00+00:00'
[2024-11-24T02:44:44.339+0000] {taskinstance.py:430} INFO - ::endgroup::
[2024-11-24T02:44:44.471+0000] {base.py:84} INFO - Using connection ID 'spark_default' for task execution.
[2024-11-24T02:44:44.473+0000] {spark_submit.py:344} INFO - Spark-Submit cmd: spark-submit --master spark://spark-master:7077 --packages org.apache.spark:spark-streaming-kafka-0-10_2.12:3.4.2,org.apache.spark:spark-sql-kafka-0-10_2.12:3.4.2,org.apache.hadoop:hadoop-client:3.2.1 --name KafkaSparkHDFS /opt/***/dags/spark_streaming_job.py
[2024-11-24T02:45:01.627+0000] {spark_submit.py:495} INFO - :: loading settings :: url = jar:file:/home/***/.local/lib/python3.11/site-packages/pyspark/jars/ivy-2.5.1.jar!/org/apache/ivy/core/settings/ivysettings.xml
[2024-11-24T02:45:02.318+0000] {spark_submit.py:495} INFO - Ivy Default Cache set to: /home/***/.ivy2/cache
[2024-11-24T02:45:02.319+0000] {spark_submit.py:495} INFO - The jars for the packages stored in: /home/***/.ivy2/jars
[2024-11-24T02:45:02.342+0000] {spark_submit.py:495} INFO - org.apache.spark#spark-streaming-kafka-0-10_2.12 added as a dependency
[2024-11-24T02:45:02.343+0000] {spark_submit.py:495} INFO - org.apache.spark#spark-sql-kafka-0-10_2.12 added as a dependency
[2024-11-24T02:45:02.344+0000] {spark_submit.py:495} INFO - org.apache.hadoop#hadoop-client added as a dependency
[2024-11-24T02:45:02.346+0000] {spark_submit.py:495} INFO - :: resolving dependencies :: org.apache.spark#spark-submit-parent-3bebcfad-d1be-4264-bf61-88cae19a0142;1.0
[2024-11-24T02:45:02.347+0000] {spark_submit.py:495} INFO - confs: [default]
[2024-11-24T02:45:04.060+0000] {spark_submit.py:495} INFO - found org.apache.spark#spark-streaming-kafka-0-10_2.12;3.4.2 in spark-list
[2024-11-24T02:45:04.727+0000] {spark_submit.py:495} INFO - found org.apache.spark#spark-token-provider-kafka-0-10_2.12;3.4.2 in spark-list
[2024-11-24T02:45:04.760+0000] {spark_submit.py:495} INFO - found org.apache.kafka#kafka-clients;3.3.2 in central
[2024-11-24T02:45:05.067+0000] {spark_submit.py:495} INFO - found org.lz4#lz4-java;1.8.0 in central
[2024-11-24T02:45:05.329+0000] {spark_submit.py:495} INFO - found org.xerial.snappy#snappy-java;1.1.10.3 in central
[2024-11-24T02:45:05.513+0000] {spark_submit.py:495} INFO - found org.slf4j#slf4j-api;2.0.6 in central
[2024-11-24T02:45:05.597+0000] {spark_submit.py:495} INFO - found org.apache.hadoop#hadoop-client-runtime;3.3.4 in central
[2024-11-24T02:45:05.806+0000] {spark_submit.py:495} INFO - found org.apache.hadoop#hadoop-client-api;3.3.4 in central
[2024-11-24T02:45:05.939+0000] {spark_submit.py:495} INFO - found commons-logging#commons-logging;1.1.3 in central
[2024-11-24T02:45:06.024+0000] {spark_submit.py:495} INFO - found com.google.code.findbugs#jsr305;3.0.0 in central
[2024-11-24T02:45:06.068+0000] {spark_submit.py:495} INFO - found org.apache.spark#spark-sql-kafka-0-10_2.12;3.4.2 in central
[2024-11-24T02:45:06.164+0000] {spark_submit.py:495} INFO - found org.apache.commons#commons-pool2;2.11.1 in central
[2024-11-24T02:45:06.468+0000] {spark_submit.py:495} INFO - found org.apache.hadoop#hadoop-client;3.2.1 in central
[2024-11-24T02:45:06.798+0000] {spark_submit.py:495} INFO - found org.apache.hadoop#hadoop-common;3.2.1 in central
[2024-11-24T02:45:06.871+0000] {spark_submit.py:495} INFO - found org.apache.hadoop#hadoop-annotations;3.2.1 in central
[2024-11-24T02:45:07.212+0000] {spark_submit.py:495} INFO - found com.google.guava#guava;27.0-jre in central
[2024-11-24T02:45:07.318+0000] {spark_submit.py:495} INFO - found com.google.guava#failureaccess;1.0 in central
[2024-11-24T02:45:07.353+0000] {spark_submit.py:495} INFO - found com.google.guava#listenablefuture;9999.0-empty-to-avoid-conflict-with-guava in central
[2024-11-24T02:45:07.591+0000] {spark_submit.py:495} INFO - found org.checkerframework#checker-qual;2.5.2 in central
[2024-11-24T02:45:07.606+0000] {spark_submit.py:495} INFO - found com.google.errorprone#error_prone_annotations;2.2.0 in central
[2024-11-24T02:45:07.606+0000] {spark_submit.py:495} INFO - found com.google.j2objc#j2objc-annotations;1.1 in central
[2024-11-24T02:45:07.606+0000] {spark_submit.py:495} INFO - found org.codehaus.mojo#animal-sniffer-annotations;1.17 in central
[2024-11-24T02:45:07.805+0000] {spark_submit.py:495} INFO - found commons-cli#commons-cli;1.2 in central
[2024-11-24T02:45:07.919+0000] {spark_submit.py:495} INFO - found org.apache.commons#commons-math3;3.1.1 in central
[2024-11-24T02:45:07.972+0000] {spark_submit.py:495} INFO - found org.apache.httpcomponents#httpclient;4.5.6 in central
[2024-11-24T02:45:07.990+0000] {spark_submit.py:495} INFO - found org.apache.httpcomponents#httpcore;4.4.10 in central
[2024-11-24T02:45:08.027+0000] {spark_submit.py:495} INFO - found commons-codec#commons-codec;1.11 in central
[2024-11-24T02:45:08.047+0000] {spark_submit.py:495} INFO - found commons-io#commons-io;2.5 in central
[2024-11-24T02:45:08.071+0000] {spark_submit.py:495} INFO - found commons-net#commons-net;3.6 in central
[2024-11-24T02:45:08.129+0000] {spark_submit.py:495} INFO - found commons-collections#commons-collections;3.2.2 in central
[2024-11-24T02:45:08.161+0000] {spark_submit.py:495} INFO - found org.eclipse.jetty#jetty-servlet;9.3.24.v20180605 in central
[2024-11-24T02:45:08.221+0000] {spark_submit.py:495} INFO - found org.eclipse.jetty#jetty-security;9.3.24.v20180605 in central
[2024-11-24T02:45:08.270+0000] {spark_submit.py:495} INFO - found org.eclipse.jetty#jetty-webapp;9.3.24.v20180605 in central
[2024-11-24T02:45:08.274+0000] {spark_submit.py:495} INFO - found org.eclipse.jetty#jetty-xml;9.3.24.v20180605 in central
[2024-11-24T02:45:08.296+0000] {spark_submit.py:495} INFO - found com.sun.jersey#jersey-servlet;1.19 in central
[2024-11-24T02:45:08.335+0000] {spark_submit.py:495} INFO - found log4j#log4j;1.2.17 in central
[2024-11-24T02:45:08.335+0000] {spark_submit.py:495} INFO - found commons-beanutils#commons-beanutils;1.9.3 in central
[2024-11-24T02:45:08.366+0000] {spark_submit.py:495} INFO - found org.apache.commons#commons-configuration2;2.1.1 in central
[2024-11-24T02:45:08.389+0000] {spark_submit.py:495} INFO - found org.apache.commons#commons-lang3;3.7 in central
[2024-11-24T02:45:08.411+0000] {spark_submit.py:495} INFO - found org.apache.commons#commons-text;1.4 in central
[2024-11-24T02:45:08.445+0000] {spark_submit.py:495} INFO - found org.apache.avro#avro;1.7.7 in central
[2024-11-24T02:45:08.471+0000] {spark_submit.py:495} INFO - found org.codehaus.jackson#jackson-core-asl;1.9.13 in central
[2024-11-24T02:45:08.507+0000] {spark_submit.py:495} INFO - found org.codehaus.jackson#jackson-mapper-asl;1.9.13 in central
[2024-11-24T02:45:08.557+0000] {spark_submit.py:495} INFO - found com.thoughtworks.paranamer#paranamer;2.3 in central
[2024-11-24T02:45:08.596+0000] {spark_submit.py:495} INFO - found org.apache.commons#commons-compress;1.18 in central
[2024-11-24T02:45:08.617+0000] {spark_submit.py:495} INFO - found com.google.re2j#re2j;1.1 in central
[2024-11-24T02:45:08.635+0000] {spark_submit.py:495} INFO - found com.google.protobuf#protobuf-java;2.5.0 in central
[2024-11-24T02:45:08.693+0000] {spark_submit.py:495} INFO - found com.google.code.gson#gson;2.2.4 in central
[2024-11-24T02:45:08.755+0000] {spark_submit.py:495} INFO - found org.apache.hadoop#hadoop-auth;3.2.1 in central
[2024-11-24T02:45:08.877+0000] {spark_submit.py:495} INFO - found com.nimbusds#nimbus-jose-jwt;4.41.1 in central
[2024-11-24T02:45:08.901+0000] {spark_submit.py:495} INFO - found com.github.stephenc.jcip#jcip-annotations;1.0-1 in spark-list
[2024-11-24T02:45:08.918+0000] {spark_submit.py:495} INFO - found net.minidev#json-smart;2.3 in central
[2024-11-24T02:45:08.937+0000] {spark_submit.py:495} INFO - found net.minidev#accessors-smart;1.2 in central
[2024-11-24T02:45:08.961+0000] {spark_submit.py:495} INFO - found org.ow2.asm#asm;5.0.4 in central
[2024-11-24T02:45:08.980+0000] {spark_submit.py:495} INFO - found org.apache.curator#curator-framework;2.13.0 in central
[2024-11-24T02:45:08.997+0000] {spark_submit.py:495} INFO - found org.apache.curator#curator-client;2.13.0 in central
[2024-11-24T02:45:09.021+0000] {spark_submit.py:495} INFO - found org.apache.kerby#kerb-simplekdc;1.0.1 in central
[2024-11-24T02:45:09.034+0000] {spark_submit.py:495} INFO - found org.apache.kerby#kerb-client;1.0.1 in central
[2024-11-24T02:45:09.055+0000] {spark_submit.py:495} INFO - found org.apache.kerby#kerby-config;1.0.1 in central
[2024-11-24T02:45:09.089+0000] {spark_submit.py:495} INFO - found org.apache.kerby#kerb-core;1.0.1 in central
[2024-11-24T02:45:09.134+0000] {spark_submit.py:495} INFO - found org.apache.kerby#kerby-pkix;1.0.1 in central
[2024-11-24T02:45:09.256+0000] {spark_submit.py:495} INFO - found org.apache.kerby#kerby-asn1;1.0.1 in central
[2024-11-24T02:45:09.322+0000] {spark_submit.py:495} INFO - found org.apache.kerby#kerby-util;1.0.1 in central
[2024-11-24T02:45:09.400+0000] {spark_submit.py:495} INFO - found org.apache.kerby#kerb-common;1.0.1 in central
[2024-11-24T02:45:09.429+0000] {spark_submit.py:495} INFO - found org.apache.kerby#kerb-crypto;1.0.1 in central
[2024-11-24T02:45:09.689+0000] {spark_submit.py:495} INFO - found org.apache.kerby#kerb-util;1.0.1 in central
[2024-11-24T02:45:09.745+0000] {spark_submit.py:495} INFO - found org.apache.kerby#token-provider;1.0.1 in central
[2024-11-24T02:45:09.795+0000] {spark_submit.py:495} INFO - found org.apache.kerby#kerb-admin;1.0.1 in central
[2024-11-24T02:45:09.854+0000] {spark_submit.py:495} INFO - found org.apache.kerby#kerb-server;1.0.1 in central
[2024-11-24T02:45:09.966+0000] {spark_submit.py:495} INFO - found org.apache.kerby#kerb-identity;1.0.1 in central
[2024-11-24T02:45:09.994+0000] {spark_submit.py:495} INFO - found org.apache.kerby#kerby-xdr;1.0.1 in central
[2024-11-24T02:45:10.030+0000] {spark_submit.py:495} INFO - found org.apache.curator#curator-recipes;2.13.0 in central
[2024-11-24T02:45:10.149+0000] {spark_submit.py:495} INFO - found org.apache.htrace#htrace-core4;4.1.0-incubating in central
[2024-11-24T02:45:10.160+0000] {spark_submit.py:495} INFO - found com.fasterxml.jackson.core#jackson-databind;2.9.8 in central
[2024-11-24T02:45:10.235+0000] {spark_submit.py:495} INFO - found com.fasterxml.jackson.core#jackson-annotations;2.9.8 in central
[2024-11-24T02:45:10.406+0000] {spark_submit.py:495} INFO - found com.fasterxml.jackson.core#jackson-core;2.9.8 in central
[2024-11-24T02:45:10.449+0000] {spark_submit.py:495} INFO - found org.codehaus.woodstox#stax2-api;3.1.4 in central
[2024-11-24T02:45:10.460+0000] {spark_submit.py:495} INFO - found com.fasterxml.woodstox#woodstox-core;5.0.3 in central
[2024-11-24T02:45:10.500+0000] {spark_submit.py:495} INFO - found dnsjava#dnsjava;2.1.7 in central
[2024-11-24T02:45:10.550+0000] {spark_submit.py:495} INFO - found javax.servlet.jsp#jsp-api;2.1 in central
[2024-11-24T02:45:10.630+0000] {spark_submit.py:495} INFO - found org.apache.hadoop#hadoop-hdfs-client;3.2.1 in central
[2024-11-24T02:45:10.649+0000] {spark_submit.py:495} INFO - found com.squareup.okhttp#okhttp;2.7.5 in central
[2024-11-24T02:45:10.673+0000] {spark_submit.py:495} INFO - found com.squareup.okio#okio;1.6.0 in central
[2024-11-24T02:45:10.708+0000] {spark_submit.py:495} INFO - found org.apache.hadoop#hadoop-yarn-api;3.2.1 in central
[2024-11-24T02:45:10.722+0000] {spark_submit.py:495} INFO - found javax.xml.bind#jaxb-api;2.2.11 in central
[2024-11-24T02:45:10.755+0000] {spark_submit.py:495} INFO - found org.apache.hadoop#hadoop-yarn-client;3.2.1 in central
[2024-11-24T02:45:10.804+0000] {spark_submit.py:495} INFO - found org.apache.hadoop#hadoop-mapreduce-client-core;3.2.1 in central
[2024-11-24T02:45:10.862+0000] {spark_submit.py:495} INFO - found org.apache.hadoop#hadoop-yarn-common;3.2.1 in central
[2024-11-24T02:45:10.933+0000] {spark_submit.py:495} INFO - found javax.servlet#javax.servlet-api;3.1.0 in central
[2024-11-24T02:45:10.987+0000] {spark_submit.py:495} INFO - found org.eclipse.jetty#jetty-util;9.3.24.v20180605 in central
[2024-11-24T02:45:10.998+0000] {spark_submit.py:495} INFO - found com.sun.jersey#jersey-core;1.19 in central
[2024-11-24T02:45:11.051+0000] {spark_submit.py:495} INFO - found javax.ws.rs#jsr311-api;1.1.1 in central
[2024-11-24T02:45:11.063+0000] {spark_submit.py:495} INFO - found com.sun.jersey#jersey-client;1.19 in central
[2024-11-24T02:45:11.164+0000] {spark_submit.py:495} INFO - found com.fasterxml.jackson.module#jackson-module-jaxb-annotations;2.9.8 in central
[2024-11-24T02:45:11.186+0000] {spark_submit.py:495} INFO - found com.fasterxml.jackson.jaxrs#jackson-jaxrs-json-provider;2.9.8 in central
[2024-11-24T02:45:11.254+0000] {spark_submit.py:495} INFO - found com.fasterxml.jackson.jaxrs#jackson-jaxrs-base;2.9.8 in central
[2024-11-24T02:45:11.277+0000] {spark_submit.py:495} INFO - found org.apache.hadoop#hadoop-mapreduce-client-jobclient;3.2.1 in central
[2024-11-24T02:45:11.315+0000] {spark_submit.py:495} INFO - found org.apache.hadoop#hadoop-mapreduce-client-common;3.2.1 in central
[2024-11-24T02:45:17.020+0000] {spark_submit.py:495} INFO - downloading https://repo1.maven.org/maven2/org/apache/hadoop/hadoop-client-runtime/3.3.4/hadoop-client-runtime-3.3.4.jar ...
