[2024-11-01T07:42:45.069+0000] {local_task_job_runner.py:120} INFO - ::group::Pre task execution logs
[2024-11-01T07:42:45.213+0000] {taskinstance.py:2076} INFO - Dependencies all met for dep_context=non-requeueable deps ti=<TaskInstance: sensor_data_consumer.sensor_data_consumer manual__2024-11-01T07:42:37.279153+00:00 [queued]>
[2024-11-01T07:42:45.270+0000] {taskinstance.py:2076} INFO - Dependencies all met for dep_context=requeueable deps ti=<TaskInstance: sensor_data_consumer.sensor_data_consumer manual__2024-11-01T07:42:37.279153+00:00 [queued]>
[2024-11-01T07:42:45.315+0000] {taskinstance.py:2306} INFO - Starting attempt 1 of 1
[2024-11-01T07:42:45.457+0000] {taskinstance.py:2330} INFO - Executing <Task(SparkSubmitOperator): sensor_data_consumer> on 2024-11-01 07:42:37.279153+00:00
[2024-11-01T07:42:45.486+0000] {standard_task_runner.py:64} INFO - Started process 6659 to run task
[2024-11-01T07:42:45.505+0000] {standard_task_runner.py:90} INFO - Running: ['***', 'tasks', 'run', 'sensor_data_consumer', 'sensor_data_consumer', 'manual__2024-11-01T07:42:37.279153+00:00', '--job-id', '260', '--raw', '--subdir', 'DAGS_FOLDER/***_consumer.py', '--cfg-path', '/tmp/tmpqjcbbmzg']
[2024-11-01T07:42:45.510+0000] {standard_task_runner.py:91} INFO - Job 260: Subtask sensor_data_consumer
[2024-11-01T07:42:45.869+0000] {task_command.py:426} INFO - Running <TaskInstance: sensor_data_consumer.sensor_data_consumer manual__2024-11-01T07:42:37.279153+00:00 [running]> on host 0f30954d6a44
[2024-11-01T07:42:46.414+0000] {taskinstance.py:2648} INFO - Exporting env vars: AIRFLOW_CTX_DAG_OWNER='Bich Ly' AIRFLOW_CTX_DAG_ID='sensor_data_consumer' AIRFLOW_CTX_TASK_ID='sensor_data_consumer' AIRFLOW_CTX_EXECUTION_DATE='2024-11-01T07:42:37.279153+00:00' AIRFLOW_CTX_TRY_NUMBER='1' AIRFLOW_CTX_DAG_RUN_ID='manual__2024-11-01T07:42:37.279153+00:00'
[2024-11-01T07:42:46.426+0000] {taskinstance.py:430} INFO - ::endgroup::
[2024-11-01T07:42:46.505+0000] {base.py:84} INFO - Using connection ID 'spark_default' for task execution.
[2024-11-01T07:42:46.509+0000] {spark_submit.py:344} INFO - Spark-Submit cmd: spark-submit --master spark://spark-master:7077 --name KafkaSparkHDFS /opt/***/dags/spark_streaming_job.py
[2024-11-01T07:43:34.630+0000] {spark_submit.py:495} INFO - 24/11/01 07:43:34 INFO SparkContext: Running Spark version 3.4.2
[2024-11-01T07:43:35.530+0000] {spark_submit.py:495} INFO - 24/11/01 07:43:35 WARN NativeCodeLoader: Unable to load native-hadoop library for your platform... using builtin-java classes where applicable
[2024-11-01T07:43:37.590+0000] {spark_submit.py:495} INFO - 24/11/01 07:43:37 INFO ResourceUtils: ==============================================================
[2024-11-01T07:43:37.591+0000] {spark_submit.py:495} INFO - 24/11/01 07:43:37 INFO ResourceUtils: No custom resources configured for spark.driver.
[2024-11-01T07:43:37.592+0000] {spark_submit.py:495} INFO - 24/11/01 07:43:37 INFO ResourceUtils: ==============================================================
[2024-11-01T07:43:37.692+0000] {spark_submit.py:495} INFO - 24/11/01 07:43:37 INFO SparkContext: Submitted application: KafkaSparkStreaming
[2024-11-01T07:43:38.546+0000] {spark_submit.py:495} INFO - 24/11/01 07:43:38 INFO ResourceProfile: Default ResourceProfile created, executor resources: Map(memory -> name: memory, amount: 1024, script: , vendor: , offHeap -> name: offHeap, amount: 0, script: , vendor: ), task resources: Map(cpus -> name: cpus, amount: 1.0)
[2024-11-01T07:43:38.589+0000] {spark_submit.py:495} INFO - 24/11/01 07:43:38 INFO ResourceProfile: Limiting resource is cpu
[2024-11-01T07:43:38.613+0000] {spark_submit.py:495} INFO - 24/11/01 07:43:38 INFO ResourceProfileManager: Added ResourceProfile id: 0
[2024-11-01T07:43:39.122+0000] {spark_submit.py:495} INFO - 24/11/01 07:43:39 INFO SecurityManager: Changing view acls to: ***
[2024-11-01T07:43:39.148+0000] {spark_submit.py:495} INFO - 24/11/01 07:43:39 INFO SecurityManager: Changing modify acls to: ***
[2024-11-01T07:43:39.149+0000] {spark_submit.py:495} INFO - 24/11/01 07:43:39 INFO SecurityManager: Changing view acls groups to:
[2024-11-01T07:43:39.153+0000] {spark_submit.py:495} INFO - 24/11/01 07:43:39 INFO SecurityManager: Changing modify acls groups to:
[2024-11-01T07:43:39.163+0000] {spark_submit.py:495} INFO - 24/11/01 07:43:39 INFO SecurityManager: SecurityManager: authentication disabled; ui acls disabled; users with view permissions: ***; groups with view permissions: EMPTY; users with modify permissions: ***; groups with modify permissions: EMPTY
[2024-11-01T07:43:43.844+0000] {spark_submit.py:495} INFO - 24/11/01 07:43:43 INFO Utils: Successfully started service 'sparkDriver' on port 36237.
[2024-11-01T07:43:44.533+0000] {spark_submit.py:495} INFO - 24/11/01 07:43:44 INFO SparkEnv: Registering MapOutputTracker
[2024-11-01T07:43:44.675+0000] {spark_submit.py:495} INFO - 24/11/01 07:43:44 INFO SparkEnv: Registering BlockManagerMaster
[2024-11-01T07:43:44.730+0000] {spark_submit.py:495} INFO - 24/11/01 07:43:44 INFO BlockManagerMasterEndpoint: Using org.apache.spark.storage.DefaultTopologyMapper for getting topology information
[2024-11-01T07:43:44.734+0000] {spark_submit.py:495} INFO - 24/11/01 07:43:44 INFO BlockManagerMasterEndpoint: BlockManagerMasterEndpoint up
[2024-11-01T07:43:44.746+0000] {spark_submit.py:495} INFO - 24/11/01 07:43:44 INFO SparkEnv: Registering BlockManagerMasterHeartbeat
[2024-11-01T07:43:44.835+0000] {spark_submit.py:495} INFO - 24/11/01 07:43:44 INFO DiskBlockManager: Created local directory at /tmp/blockmgr-06cb8472-ce24-4002-9b3e-3376702aeee8
[2024-11-01T07:43:44.865+0000] {spark_submit.py:495} INFO - 24/11/01 07:43:44 INFO MemoryStore: MemoryStore started with capacity 434.4 MiB
[2024-11-01T07:43:44.912+0000] {spark_submit.py:495} INFO - 24/11/01 07:43:44 INFO SparkEnv: Registering OutputCommitCoordinator
[2024-11-01T07:43:46.042+0000] {spark_submit.py:495} INFO - 24/11/01 07:43:46 INFO JettyUtils: Start Jetty 0.0.0.0:4040 for SparkUI
[2024-11-01T07:43:46.926+0000] {spark_submit.py:495} INFO - 24/11/01 07:43:46 INFO Utils: Successfully started service 'SparkUI' on port 4040.
[2024-11-01T07:43:49.149+0000] {spark_submit.py:495} INFO - 24/11/01 07:43:49 INFO StandaloneAppClient$ClientEndpoint: Connecting to master spark://spark-master:7077...
[2024-11-01T07:43:49.752+0000] {spark_submit.py:495} INFO - 24/11/01 07:43:49 INFO TransportClientFactory: Successfully created connection to spark-master/172.22.0.2:7077 after 372 ms (0 ms spent in bootstraps)
[2024-11-01T07:43:51.742+0000] {spark_submit.py:495} INFO - 24/11/01 07:43:51 INFO StandaloneSchedulerBackend: Connected to Spark cluster with app ID app-20241101074351-0001
[2024-11-01T07:43:51.777+0000] {spark_submit.py:495} INFO - 24/11/01 07:43:51 INFO StandaloneAppClient$ClientEndpoint: Executor added: app-20241101074351-0001/0 on worker-20241101042816-172.22.0.4-37515 (172.22.0.4:37515) with 1 core(s)
[2024-11-01T07:43:51.787+0000] {spark_submit.py:495} INFO - 24/11/01 07:43:51 INFO StandaloneSchedulerBackend: Granted executor ID app-20241101074351-0001/0 on hostPort 172.22.0.4:37515 with 1 core(s), 1024.0 MiB RAM
[2024-11-01T07:43:51.985+0000] {spark_submit.py:495} INFO - 24/11/01 07:43:51 INFO Utils: Successfully started service 'org.apache.spark.network.netty.NettyBlockTransferService' on port 36411.
[2024-11-01T07:43:51.986+0000] {spark_submit.py:495} INFO - 24/11/01 07:43:51 INFO NettyBlockTransferService: Server created on 0f30954d6a44:36411
[2024-11-01T07:43:52.005+0000] {spark_submit.py:495} INFO - 24/11/01 07:43:51 INFO BlockManager: Using org.apache.spark.storage.RandomBlockReplicationPolicy for block replication policy
[2024-11-01T07:43:52.048+0000] {spark_submit.py:495} INFO - 24/11/01 07:43:52 INFO BlockManagerMaster: Registering BlockManager BlockManagerId(driver, 0f30954d6a44, 36411, None)
[2024-11-01T07:43:52.088+0000] {spark_submit.py:495} INFO - 24/11/01 07:43:52 INFO BlockManagerMasterEndpoint: Registering block manager 0f30954d6a44:36411 with 434.4 MiB RAM, BlockManagerId(driver, 0f30954d6a44, 36411, None)
[2024-11-01T07:43:52.120+0000] {spark_submit.py:495} INFO - 24/11/01 07:43:52 INFO BlockManagerMaster: Registered BlockManager BlockManagerId(driver, 0f30954d6a44, 36411, None)
[2024-11-01T07:43:52.153+0000] {spark_submit.py:495} INFO - 24/11/01 07:43:52 INFO BlockManager: Initialized BlockManager: BlockManagerId(driver, 0f30954d6a44, 36411, None)
[2024-11-01T07:43:56.631+0000] {spark_submit.py:495} INFO - 24/11/01 07:43:56 INFO StandaloneAppClient$ClientEndpoint: Executor updated: app-20241101074351-0001/0 is now RUNNING
[2024-11-01T07:43:57.257+0000] {spark_submit.py:495} INFO - 24/11/01 07:43:57 INFO StandaloneSchedulerBackend: SchedulerBackend is ready for scheduling beginning after reached minRegisteredResourcesRatio: 0.0
[2024-11-01T07:44:00.976+0000] {spark_submit.py:495} INFO - 24/11/01 07:44:00 INFO SharedState: Setting hive.metastore.warehouse.dir ('null') to the value of spark.sql.warehouse.dir.
[2024-11-01T07:44:01.108+0000] {spark_submit.py:495} INFO - 24/11/01 07:44:01 INFO SharedState: Warehouse path is 'file:/opt/***/spark-warehouse'.
[2024-11-01T07:44:23.065+0000] {spark_submit.py:495} INFO - Traceback (most recent call last):
[2024-11-01T07:44:23.101+0000] {spark_submit.py:495} INFO - File "/opt/***/dags/spark_streaming_job.py", line 42, in <module>
[2024-11-01T07:44:23.102+0000] {spark_submit.py:495} INFO - spark_streaming_job()
[2024-11-01T07:44:23.285+0000] {spark_submit.py:495} INFO - File "/opt/***/dags/spark_streaming_job.py", line 25, in spark_streaming_job
[2024-11-01T07:44:23.285+0000] {spark_submit.py:495} INFO - .load()
[2024-11-01T07:44:23.286+0000] {spark_submit.py:495} INFO - ^^^^^^
[2024-11-01T07:44:23.286+0000] {spark_submit.py:495} INFO - File "/home/***/.local/lib/python3.11/site-packages/pyspark/python/lib/pyspark.zip/pyspark/sql/streaming/readwriter.py", line 277, in load
[2024-11-01T07:44:23.286+0000] {spark_submit.py:495} INFO - File "/home/***/.local/lib/python3.11/site-packages/pyspark/python/lib/py4j-0.10.9.7-src.zip/py4j/java_gateway.py", line 1322, in __call__
[2024-11-01T07:44:23.287+0000] {spark_submit.py:495} INFO - File "/home/***/.local/lib/python3.11/site-packages/pyspark/python/lib/pyspark.zip/pyspark/errors/exceptions/captured.py", line 175, in deco
[2024-11-01T07:44:23.701+0000] {spark_submit.py:495} INFO - pyspark.errors.exceptions.captured.AnalysisException: Failed to find data source: kafka. Please deploy the application as per the deployment section of Structured Streaming + Kafka Integration Guide.
[2024-11-01T07:44:24.698+0000] {spark_submit.py:495} INFO - 24/11/01 07:44:24 INFO SparkContext: Invoking stop() from shutdown hook
[2024-11-01T07:44:24.745+0000] {spark_submit.py:495} INFO - 24/11/01 07:44:24 INFO SparkContext: SparkContext is stopping with exitCode 0.
[2024-11-01T07:44:25.195+0000] {spark_submit.py:495} INFO - 24/11/01 07:44:25 INFO SparkUI: Stopped Spark web UI at http://0f30954d6a44:4040
[2024-11-01T07:44:25.522+0000] {spark_submit.py:495} INFO - 24/11/01 07:44:25 INFO StandaloneSchedulerBackend: Shutting down all executors
[2024-11-01T07:44:25.666+0000] {spark_submit.py:495} INFO - 24/11/01 07:44:25 INFO StandaloneSchedulerBackend$StandaloneDriverEndpoint: Asking each executor to shut down
[2024-11-01T07:44:26.368+0000] {spark_submit.py:495} INFO - 24/11/01 07:44:26 INFO MapOutputTrackerMasterEndpoint: MapOutputTrackerMasterEndpoint stopped!
[2024-11-01T07:44:26.768+0000] {spark_submit.py:495} INFO - 24/11/01 07:44:26 INFO MemoryStore: MemoryStore cleared
[2024-11-01T07:44:26.774+0000] {spark_submit.py:495} INFO - 24/11/01 07:44:26 INFO BlockManager: BlockManager stopped
[2024-11-01T07:44:26.851+0000] {spark_submit.py:495} INFO - 24/11/01 07:44:26 INFO BlockManagerMaster: BlockManagerMaster stopped
[2024-11-01T07:44:27.031+0000] {spark_submit.py:495} INFO - 24/11/01 07:44:26 INFO OutputCommitCoordinator$OutputCommitCoordinatorEndpoint: OutputCommitCoordinator stopped!
[2024-11-01T07:44:27.341+0000] {spark_submit.py:495} INFO - 24/11/01 07:44:27 INFO SparkContext: Successfully stopped SparkContext
[2024-11-01T07:44:27.357+0000] {spark_submit.py:495} INFO - 24/11/01 07:44:27 INFO ShutdownHookManager: Shutdown hook called
[2024-11-01T07:44:27.357+0000] {spark_submit.py:495} INFO - 24/11/01 07:44:27 INFO ShutdownHookManager: Deleting directory /tmp/spark-d08e7ea5-715d-4fa5-9003-09ed69e6f4ef/pyspark-c1ace811-704b-41a6-8035-48e7583668f7
[2024-11-01T07:44:27.568+0000] {spark_submit.py:495} INFO - 24/11/01 07:44:27 INFO ShutdownHookManager: Deleting directory /tmp/spark-d08e7ea5-715d-4fa5-9003-09ed69e6f4ef
[2024-11-01T07:44:27.807+0000] {spark_submit.py:495} INFO - 24/11/01 07:44:27 INFO ShutdownHookManager: Deleting directory /tmp/spark-52644812-81b5-4886-af97-90b09259fe27
[2024-11-01T07:44:28.869+0000] {taskinstance.py:441} INFO - ::group::Post task execution logs
[2024-11-01T07:44:29.082+0000] {taskinstance.py:2905} ERROR - Task failed with exception
Traceback (most recent call last):
  File "/home/airflow/.local/lib/python3.11/site-packages/airflow/models/taskinstance.py", line 465, in _execute_task
    result = _execute_callable(context=context, **execute_callable_kwargs)
             ^^^^^^^^^^^^^^^^^^^^^^^^^^^^^^^^^^^^^^^^^^^^^^^^^^^^^^^^^^^^^
  File "/home/airflow/.local/lib/python3.11/site-packages/airflow/models/taskinstance.py", line 432, in _execute_callable
    return execute_callable(context=context, **execute_callable_kwargs)
           ^^^^^^^^^^^^^^^^^^^^^^^^^^^^^^^^^^^^^^^^^^^^^^^^^^^^^^^^^^^^
  File "/home/airflow/.local/lib/python3.11/site-packages/airflow/models/baseoperator.py", line 401, in wrapper
    return func(self, *args, **kwargs)
           ^^^^^^^^^^^^^^^^^^^^^^^^^^^
  File "/home/airflow/.local/lib/python3.11/site-packages/airflow/providers/apache/spark/operators/spark_submit.py", line 157, in execute
    self._hook.submit(self._application)
  File "/home/airflow/.local/lib/python3.11/site-packages/airflow/providers/apache/spark/hooks/spark_submit.py", line 426, in submit
    raise AirflowException(
airflow.exceptions.AirflowException: Cannot execute: spark-submit --master spark://spark-master:7077 --name KafkaSparkHDFS /opt/***/dags/spark_streaming_job.py. Error code is: 1.
[2024-11-01T07:44:29.108+0000] {taskinstance.py:1206} INFO - Marking task as FAILED. dag_id=sensor_data_consumer, task_id=sensor_data_consumer, run_id=manual__2024-11-01T07:42:37.279153+00:00, execution_date=20241101T074237, start_date=20241101T074245, end_date=20241101T074429
[2024-11-01T07:44:29.227+0000] {standard_task_runner.py:110} ERROR - Failed to execute job 260 for task sensor_data_consumer (Cannot execute: spark-submit --master spark://spark-master:7077 --name KafkaSparkHDFS /opt/***/dags/spark_streaming_job.py. Error code is: 1.; 6659)
[2024-11-01T07:44:29.251+0000] {local_task_job_runner.py:243} INFO - Task exited with return code 1
[2024-11-01T07:44:29.432+0000] {taskinstance.py:3503} INFO - 0 downstream tasks scheduled from follow-on schedule check
[2024-11-01T07:44:29.444+0000] {local_task_job_runner.py:222} INFO - ::endgroup::
