[2024-11-03T08:05:35.598+0000] {local_task_job_runner.py:120} INFO - ::group::Pre task execution logs
[2024-11-03T08:05:36.393+0000] {taskinstance.py:2076} INFO - Dependencies all met for dep_context=non-requeueable deps ti=<TaskInstance: sensor_data_consumer.sensor_data_consumer manual__2024-11-03T08:05:12.219515+00:00 [queued]>
[2024-11-03T08:05:36.457+0000] {taskinstance.py:2076} INFO - Dependencies all met for dep_context=requeueable deps ti=<TaskInstance: sensor_data_consumer.sensor_data_consumer manual__2024-11-03T08:05:12.219515+00:00 [queued]>
[2024-11-03T08:05:36.459+0000] {taskinstance.py:2306} INFO - Starting attempt 1 of 1
[2024-11-03T08:05:36.584+0000] {taskinstance.py:2330} INFO - Executing <Task(SparkSubmitOperator): sensor_data_consumer> on 2024-11-03 08:05:12.219515+00:00
[2024-11-03T08:05:36.620+0000] {standard_task_runner.py:64} INFO - Started process 2111 to run task
[2024-11-03T08:05:36.700+0000] {standard_task_runner.py:90} INFO - Running: ['***', 'tasks', 'run', 'sensor_data_consumer', 'sensor_data_consumer', 'manual__2024-11-03T08:05:12.219515+00:00', '--job-id', '67', '--raw', '--subdir', 'DAGS_FOLDER/***_consumer.py', '--cfg-path', '/tmp/tmp72tz4ny0']
[2024-11-03T08:05:36.719+0000] {standard_task_runner.py:91} INFO - Job 67: Subtask sensor_data_consumer
[2024-11-03T08:05:37.157+0000] {task_command.py:426} INFO - Running <TaskInstance: sensor_data_consumer.sensor_data_consumer manual__2024-11-03T08:05:12.219515+00:00 [running]> on host 7d9160448bdc
[2024-11-03T08:05:38.164+0000] {taskinstance.py:2648} INFO - Exporting env vars: AIRFLOW_CTX_DAG_OWNER='Bich Ly' AIRFLOW_CTX_DAG_ID='sensor_data_consumer' AIRFLOW_CTX_TASK_ID='sensor_data_consumer' AIRFLOW_CTX_EXECUTION_DATE='2024-11-03T08:05:12.219515+00:00' AIRFLOW_CTX_TRY_NUMBER='1' AIRFLOW_CTX_DAG_RUN_ID='manual__2024-11-03T08:05:12.219515+00:00'
[2024-11-03T08:05:38.177+0000] {taskinstance.py:430} INFO - ::endgroup::
[2024-11-03T08:05:38.290+0000] {spark_submit.py:222} INFO - Could not load connection string spark_default, defaulting to yarn
[2024-11-03T08:05:38.309+0000] {spark_submit.py:344} INFO - Spark-Submit cmd: spark-submit --master yarn --conf spark.yarn.appMasterEnv.HADOOP_CONF_DIR=/opt/hadoop-3.2.1/etc/hadoop --packages org.apache.spark:spark-streaming-kafka-0-10_2.12:3.4.2,org.apache.spark:spark-sql-kafka-0-10_2.12:3.4.2,org.apache.hadoop:hadoop-client:3.2.1 --name KafkaSparkHDFS /opt/***/dags/spark_streaming_job.py
[2024-11-03T08:06:06.112+0000] {spark_submit.py:495} INFO - :: loading settings :: url = jar:file:/home/***/.local/lib/python3.11/site-packages/pyspark/jars/ivy-2.5.1.jar!/org/apache/ivy/core/settings/ivysettings.xml
[2024-11-03T08:06:08.495+0000] {spark_submit.py:495} INFO - Ivy Default Cache set to: /home/***/.ivy2/cache
[2024-11-03T08:06:08.508+0000] {spark_submit.py:495} INFO - The jars for the packages stored in: /home/***/.ivy2/jars
[2024-11-03T08:06:08.844+0000] {spark_submit.py:495} INFO - org.apache.spark#spark-streaming-kafka-0-10_2.12 added as a dependency
[2024-11-03T08:06:08.855+0000] {spark_submit.py:495} INFO - org.apache.spark#spark-sql-kafka-0-10_2.12 added as a dependency
[2024-11-03T08:06:08.871+0000] {spark_submit.py:495} INFO - org.apache.hadoop#hadoop-client added as a dependency
[2024-11-03T08:06:08.979+0000] {spark_submit.py:495} INFO - :: resolving dependencies :: org.apache.spark#spark-submit-parent-0d9818c7-fd54-4868-924e-2db8f8f63b4d;1.0
[2024-11-03T08:06:08.986+0000] {spark_submit.py:495} INFO - confs: [default]
[2024-11-03T08:06:12.388+0000] {spark_submit.py:495} INFO - found org.apache.spark#spark-streaming-kafka-0-10_2.12;3.4.2 in central
[2024-11-03T08:06:13.433+0000] {spark_submit.py:495} INFO - found org.apache.spark#spark-token-provider-kafka-0-10_2.12;3.4.2 in central
[2024-11-03T08:06:13.810+0000] {spark_submit.py:495} INFO - found org.apache.kafka#kafka-clients;3.3.2 in central
[2024-11-03T08:06:14.351+0000] {spark_submit.py:495} INFO - found org.lz4#lz4-java;1.8.0 in central
[2024-11-03T08:06:14.720+0000] {spark_submit.py:495} INFO - found org.xerial.snappy#snappy-java;1.1.10.3 in central
[2024-11-03T08:06:14.846+0000] {spark_submit.py:495} INFO - found org.slf4j#slf4j-api;2.0.6 in central
[2024-11-03T08:06:15.375+0000] {spark_submit.py:495} INFO - found org.apache.hadoop#hadoop-client-runtime;3.3.4 in central
[2024-11-03T08:06:15.906+0000] {spark_submit.py:495} INFO - found org.apache.hadoop#hadoop-client-api;3.3.4 in central
[2024-11-03T08:06:16.186+0000] {spark_submit.py:495} INFO - found commons-logging#commons-logging;1.1.3 in central
[2024-11-03T08:06:16.549+0000] {spark_submit.py:495} INFO - found com.google.code.findbugs#jsr305;3.0.0 in central
[2024-11-03T08:06:17.141+0000] {spark_submit.py:495} INFO - found org.apache.spark#spark-sql-kafka-0-10_2.12;3.4.2 in central
[2024-11-03T08:06:17.739+0000] {spark_submit.py:495} INFO - found org.apache.commons#commons-pool2;2.11.1 in central
[2024-11-03T08:06:18.527+0000] {spark_submit.py:495} INFO - found org.apache.hadoop#hadoop-client;3.2.1 in central
[2024-11-03T08:06:18.868+0000] {spark_submit.py:495} INFO - found org.apache.hadoop#hadoop-common;3.2.1 in central
[2024-11-03T08:06:19.524+0000] {spark_submit.py:495} INFO - found org.apache.hadoop#hadoop-annotations;3.2.1 in central
[2024-11-03T08:06:20.809+0000] {spark_submit.py:495} INFO - found com.google.guava#guava;27.0-jre in central
[2024-11-03T08:06:21.510+0000] {spark_submit.py:495} INFO - found com.google.guava#failureaccess;1.0 in central
[2024-11-03T08:06:22.088+0000] {spark_submit.py:495} INFO - found com.google.guava#listenablefuture;9999.0-empty-to-avoid-conflict-with-guava in central
[2024-11-03T08:06:22.365+0000] {spark_submit.py:495} INFO - found org.checkerframework#checker-qual;2.5.2 in central
[2024-11-03T08:06:23.054+0000] {spark_submit.py:495} INFO - found com.google.errorprone#error_prone_annotations;2.2.0 in central
[2024-11-03T08:06:23.246+0000] {spark_submit.py:495} INFO - found com.google.j2objc#j2objc-annotations;1.1 in central
[2024-11-03T08:06:23.386+0000] {spark_submit.py:495} INFO - found org.codehaus.mojo#animal-sniffer-annotations;1.17 in central
[2024-11-03T08:06:23.654+0000] {spark_submit.py:495} INFO - found commons-cli#commons-cli;1.2 in central
[2024-11-03T08:06:24.115+0000] {spark_submit.py:495} INFO - found org.apache.commons#commons-math3;3.1.1 in central
[2024-11-03T08:06:25.284+0000] {spark_submit.py:495} INFO - found org.apache.httpcomponents#httpclient;4.5.6 in central
[2024-11-03T08:06:25.779+0000] {spark_submit.py:495} INFO - found org.apache.httpcomponents#httpcore;4.4.10 in central
[2024-11-03T08:06:26.371+0000] {spark_submit.py:495} INFO - found commons-codec#commons-codec;1.11 in central
[2024-11-03T08:06:26.882+0000] {spark_submit.py:495} INFO - found commons-io#commons-io;2.5 in central
[2024-11-03T08:06:27.149+0000] {spark_submit.py:495} INFO - found commons-net#commons-net;3.6 in central
[2024-11-03T08:06:27.882+0000] {spark_submit.py:495} INFO - found commons-collections#commons-collections;3.2.2 in central
[2024-11-03T08:06:28.422+0000] {spark_submit.py:495} INFO - found org.eclipse.jetty#jetty-servlet;9.3.24.v20180605 in central
[2024-11-03T08:06:28.660+0000] {spark_submit.py:495} INFO - found org.eclipse.jetty#jetty-security;9.3.24.v20180605 in central
[2024-11-03T08:06:28.968+0000] {spark_submit.py:495} INFO - found org.eclipse.jetty#jetty-webapp;9.3.24.v20180605 in central
[2024-11-03T08:06:29.034+0000] {spark_submit.py:495} INFO - found org.eclipse.jetty#jetty-xml;9.3.24.v20180605 in central
[2024-11-03T08:06:29.386+0000] {spark_submit.py:495} INFO - found com.sun.jersey#jersey-servlet;1.19 in central
[2024-11-03T08:06:29.592+0000] {spark_submit.py:495} INFO - found log4j#log4j;1.2.17 in central
[2024-11-03T08:06:30.309+0000] {spark_submit.py:495} INFO - found commons-beanutils#commons-beanutils;1.9.3 in central
[2024-11-03T08:06:30.921+0000] {spark_submit.py:495} INFO - found org.apache.commons#commons-configuration2;2.1.1 in central
[2024-11-03T08:06:31.058+0000] {spark_submit.py:495} INFO - found org.apache.commons#commons-lang3;3.7 in central
[2024-11-03T08:06:31.356+0000] {spark_submit.py:495} INFO - found org.apache.commons#commons-text;1.4 in central
[2024-11-03T08:06:31.859+0000] {spark_submit.py:495} INFO - found org.apache.avro#avro;1.7.7 in central
[2024-11-03T08:06:32.137+0000] {spark_submit.py:495} INFO - found org.codehaus.jackson#jackson-core-asl;1.9.13 in central
[2024-11-03T08:06:32.657+0000] {spark_submit.py:495} INFO - found org.codehaus.jackson#jackson-mapper-asl;1.9.13 in central
[2024-11-03T08:06:33.150+0000] {spark_submit.py:495} INFO - found com.thoughtworks.paranamer#paranamer;2.3 in central
[2024-11-03T08:06:33.399+0000] {spark_submit.py:495} INFO - found org.apache.commons#commons-compress;1.18 in central
[2024-11-03T08:06:33.685+0000] {spark_submit.py:495} INFO - found com.google.re2j#re2j;1.1 in central
[2024-11-03T08:06:34.316+0000] {spark_submit.py:495} INFO - found com.google.protobuf#protobuf-java;2.5.0 in central
[2024-11-03T08:06:34.949+0000] {spark_submit.py:495} INFO - found com.google.code.gson#gson;2.2.4 in central
[2024-11-03T08:06:35.459+0000] {spark_submit.py:495} INFO - found org.apache.hadoop#hadoop-auth;3.2.1 in central
[2024-11-03T08:06:35.634+0000] {spark_submit.py:495} INFO - found com.nimbusds#nimbus-jose-jwt;4.41.1 in central
[2024-11-03T08:06:35.818+0000] {spark_submit.py:495} INFO - found com.github.stephenc.jcip#jcip-annotations;1.0-1 in central
[2024-11-03T08:06:36.016+0000] {spark_submit.py:495} INFO - found net.minidev#json-smart;2.3 in central
[2024-11-03T08:06:36.320+0000] {spark_submit.py:495} INFO - found net.minidev#accessors-smart;1.2 in central
[2024-11-03T08:06:36.497+0000] {spark_submit.py:495} INFO - found org.ow2.asm#asm;5.0.4 in central
[2024-11-03T08:06:36.999+0000] {spark_submit.py:495} INFO - found org.apache.curator#curator-framework;2.13.0 in central
[2024-11-03T08:06:37.255+0000] {spark_submit.py:495} INFO - found org.apache.curator#curator-client;2.13.0 in central
[2024-11-03T08:06:37.422+0000] {spark_submit.py:495} INFO - found org.apache.kerby#kerb-simplekdc;1.0.1 in central
[2024-11-03T08:06:37.464+0000] {spark_submit.py:495} INFO - found org.apache.kerby#kerb-client;1.0.1 in central
[2024-11-03T08:06:37.561+0000] {spark_submit.py:495} INFO - found org.apache.kerby#kerby-config;1.0.1 in central
[2024-11-03T08:06:37.991+0000] {spark_submit.py:495} INFO - found org.apache.kerby#kerb-core;1.0.1 in central
[2024-11-03T08:06:38.101+0000] {spark_submit.py:495} INFO - found org.apache.kerby#kerby-pkix;1.0.1 in central
[2024-11-03T08:06:38.213+0000] {spark_submit.py:495} INFO - found org.apache.kerby#kerby-asn1;1.0.1 in central
[2024-11-03T08:06:38.322+0000] {spark_submit.py:495} INFO - found org.apache.kerby#kerby-util;1.0.1 in central
[2024-11-03T08:06:38.547+0000] {spark_submit.py:495} INFO - found org.apache.kerby#kerb-common;1.0.1 in central
[2024-11-03T08:06:38.827+0000] {spark_submit.py:495} INFO - found org.apache.kerby#kerb-crypto;1.0.1 in central
[2024-11-03T08:06:38.884+0000] {spark_submit.py:495} INFO - found org.apache.kerby#kerb-util;1.0.1 in central
[2024-11-03T08:06:39.349+0000] {spark_submit.py:495} INFO - found org.apache.kerby#token-provider;1.0.1 in central
[2024-11-03T08:06:39.685+0000] {spark_submit.py:495} INFO - found org.apache.kerby#kerb-admin;1.0.1 in central
[2024-11-03T08:06:39.847+0000] {spark_submit.py:495} INFO - found org.apache.kerby#kerb-server;1.0.1 in central
[2024-11-03T08:06:40.068+0000] {spark_submit.py:495} INFO - found org.apache.kerby#kerb-identity;1.0.1 in central
[2024-11-03T08:06:40.526+0000] {spark_submit.py:495} INFO - found org.apache.kerby#kerby-xdr;1.0.1 in central
[2024-11-03T08:06:40.734+0000] {spark_submit.py:495} INFO - found org.apache.curator#curator-recipes;2.13.0 in central
[2024-11-03T08:06:40.876+0000] {spark_submit.py:495} INFO - found org.apache.htrace#htrace-core4;4.1.0-incubating in central
[2024-11-03T08:06:41.092+0000] {spark_submit.py:495} INFO - found com.fasterxml.jackson.core#jackson-databind;2.9.8 in central
[2024-11-03T08:06:41.211+0000] {spark_submit.py:495} INFO - found com.fasterxml.jackson.core#jackson-annotations;2.9.8 in central
[2024-11-03T08:06:41.375+0000] {spark_submit.py:495} INFO - found com.fasterxml.jackson.core#jackson-core;2.9.8 in central
[2024-11-03T08:06:41.471+0000] {spark_submit.py:495} INFO - found org.codehaus.woodstox#stax2-api;3.1.4 in central
[2024-11-03T08:06:41.734+0000] {spark_submit.py:495} INFO - found com.fasterxml.woodstox#woodstox-core;5.0.3 in central
[2024-11-03T08:06:41.810+0000] {spark_submit.py:495} INFO - found dnsjava#dnsjava;2.1.7 in central
[2024-11-03T08:06:42.397+0000] {spark_submit.py:495} INFO - found javax.servlet.jsp#jsp-api;2.1 in central
[2024-11-03T08:06:42.897+0000] {spark_submit.py:495} INFO - found org.apache.hadoop#hadoop-hdfs-client;3.2.1 in central
[2024-11-03T08:06:42.974+0000] {spark_submit.py:495} INFO - found com.squareup.okhttp#okhttp;2.7.5 in central
[2024-11-03T08:06:43.334+0000] {spark_submit.py:495} INFO - found com.squareup.okio#okio;1.6.0 in central
[2024-11-03T08:06:43.699+0000] {spark_submit.py:495} INFO - found org.apache.hadoop#hadoop-yarn-api;3.2.1 in central
[2024-11-03T08:06:44.073+0000] {spark_submit.py:495} INFO - found javax.xml.bind#jaxb-api;2.2.11 in central
[2024-11-03T08:06:44.592+0000] {spark_submit.py:495} INFO - found org.apache.hadoop#hadoop-yarn-client;3.2.1 in central
[2024-11-03T08:06:44.780+0000] {spark_submit.py:495} INFO - found org.apache.hadoop#hadoop-mapreduce-client-core;3.2.1 in central
[2024-11-03T08:06:45.081+0000] {spark_submit.py:495} INFO - found org.apache.hadoop#hadoop-yarn-common;3.2.1 in central
[2024-11-03T08:06:45.758+0000] {spark_submit.py:495} INFO - found javax.servlet#javax.servlet-api;3.1.0 in central
[2024-11-03T08:06:46.406+0000] {spark_submit.py:495} INFO - found org.eclipse.jetty#jetty-util;9.3.24.v20180605 in central
[2024-11-03T08:06:46.424+0000] {spark_submit.py:495} INFO - found com.sun.jersey#jersey-core;1.19 in central
[2024-11-03T08:06:46.576+0000] {spark_submit.py:495} INFO - found javax.ws.rs#jsr311-api;1.1.1 in central
[2024-11-03T08:06:47.049+0000] {spark_submit.py:495} INFO - found com.sun.jersey#jersey-client;1.19 in central
[2024-11-03T08:06:47.278+0000] {spark_submit.py:495} INFO - found com.fasterxml.jackson.module#jackson-module-jaxb-annotations;2.9.8 in central
[2024-11-03T08:06:47.632+0000] {spark_submit.py:495} INFO - found com.fasterxml.jackson.jaxrs#jackson-jaxrs-json-provider;2.9.8 in central
[2024-11-03T08:06:47.831+0000] {spark_submit.py:495} INFO - found com.fasterxml.jackson.jaxrs#jackson-jaxrs-base;2.9.8 in central
[2024-11-03T08:06:47.893+0000] {spark_submit.py:495} INFO - found org.apache.hadoop#hadoop-mapreduce-client-jobclient;3.2.1 in central
[2024-11-03T08:06:48.000+0000] {spark_submit.py:495} INFO - found org.apache.hadoop#hadoop-mapreduce-client-common;3.2.1 in central
[2024-11-03T08:06:50.228+0000] {spark_submit.py:495} INFO - :: resolution report :: resolve 39365ms :: artifacts dl 1903ms
[2024-11-03T08:06:50.229+0000] {spark_submit.py:495} INFO - :: modules in use:
[2024-11-03T08:06:50.238+0000] {spark_submit.py:495} INFO - com.fasterxml.jackson.core#jackson-annotations;2.9.8 from central in [default]
[2024-11-03T08:06:50.239+0000] {spark_submit.py:495} INFO - com.fasterxml.jackson.core#jackson-core;2.9.8 from central in [default]
[2024-11-03T08:06:50.239+0000] {spark_submit.py:495} INFO - com.fasterxml.jackson.core#jackson-databind;2.9.8 from central in [default]
[2024-11-03T08:06:50.239+0000] {spark_submit.py:495} INFO - com.fasterxml.jackson.jaxrs#jackson-jaxrs-base;2.9.8 from central in [default]
[2024-11-03T08:06:50.240+0000] {spark_submit.py:495} INFO - com.fasterxml.jackson.jaxrs#jackson-jaxrs-json-provider;2.9.8 from central in [default]
[2024-11-03T08:06:50.240+0000] {spark_submit.py:495} INFO - com.fasterxml.jackson.module#jackson-module-jaxb-annotations;2.9.8 from central in [default]
[2024-11-03T08:06:50.240+0000] {spark_submit.py:495} INFO - com.fasterxml.woodstox#woodstox-core;5.0.3 from central in [default]
[2024-11-03T08:06:50.240+0000] {spark_submit.py:495} INFO - com.github.stephenc.jcip#jcip-annotations;1.0-1 from central in [default]
[2024-11-03T08:06:50.241+0000] {spark_submit.py:495} INFO - com.google.code.findbugs#jsr305;3.0.0 from central in [default]
[2024-11-03T08:06:50.241+0000] {spark_submit.py:495} INFO - com.google.code.gson#gson;2.2.4 from central in [default]
[2024-11-03T08:06:50.248+0000] {spark_submit.py:495} INFO - com.google.errorprone#error_prone_annotations;2.2.0 from central in [default]
[2024-11-03T08:06:50.248+0000] {spark_submit.py:495} INFO - com.google.guava#failureaccess;1.0 from central in [default]
[2024-11-03T08:06:50.248+0000] {spark_submit.py:495} INFO - com.google.guava#guava;27.0-jre from central in [default]
[2024-11-03T08:06:50.249+0000] {spark_submit.py:495} INFO - com.google.guava#listenablefuture;9999.0-empty-to-avoid-conflict-with-guava from central in [default]
[2024-11-03T08:06:50.249+0000] {spark_submit.py:495} INFO - com.google.j2objc#j2objc-annotations;1.1 from central in [default]
[2024-11-03T08:06:50.254+0000] {spark_submit.py:495} INFO - com.google.protobuf#protobuf-java;2.5.0 from central in [default]
[2024-11-03T08:06:50.255+0000] {spark_submit.py:495} INFO - com.google.re2j#re2j;1.1 from central in [default]
[2024-11-03T08:06:50.255+0000] {spark_submit.py:495} INFO - com.nimbusds#nimbus-jose-jwt;4.41.1 from central in [default]
[2024-11-03T08:06:50.255+0000] {spark_submit.py:495} INFO - com.squareup.okhttp#okhttp;2.7.5 from central in [default]
[2024-11-03T08:06:50.256+0000] {spark_submit.py:495} INFO - com.squareup.okio#okio;1.6.0 from central in [default]
[2024-11-03T08:06:50.256+0000] {spark_submit.py:495} INFO - com.sun.jersey#jersey-client;1.19 from central in [default]
[2024-11-03T08:06:50.256+0000] {spark_submit.py:495} INFO - com.sun.jersey#jersey-core;1.19 from central in [default]
[2024-11-03T08:06:50.256+0000] {spark_submit.py:495} INFO - com.sun.jersey#jersey-servlet;1.19 from central in [default]
[2024-11-03T08:06:50.256+0000] {spark_submit.py:495} INFO - com.thoughtworks.paranamer#paranamer;2.3 from central in [default]
[2024-11-03T08:06:50.257+0000] {spark_submit.py:495} INFO - commons-beanutils#commons-beanutils;1.9.3 from central in [default]
[2024-11-03T08:06:50.257+0000] {spark_submit.py:495} INFO - commons-cli#commons-cli;1.2 from central in [default]
[2024-11-03T08:06:50.257+0000] {spark_submit.py:495} INFO - commons-codec#commons-codec;1.11 from central in [default]
[2024-11-03T08:06:50.257+0000] {spark_submit.py:495} INFO - commons-collections#commons-collections;3.2.2 from central in [default]
[2024-11-03T08:06:50.258+0000] {spark_submit.py:495} INFO - commons-io#commons-io;2.5 from central in [default]
[2024-11-03T08:06:50.258+0000] {spark_submit.py:495} INFO - commons-logging#commons-logging;1.1.3 from central in [default]
[2024-11-03T08:06:50.258+0000] {spark_submit.py:495} INFO - commons-net#commons-net;3.6 from central in [default]
[2024-11-03T08:06:50.258+0000] {spark_submit.py:495} INFO - dnsjava#dnsjava;2.1.7 from central in [default]
[2024-11-03T08:06:50.259+0000] {spark_submit.py:495} INFO - javax.servlet#javax.servlet-api;3.1.0 from central in [default]
[2024-11-03T08:06:50.259+0000] {spark_submit.py:495} INFO - javax.servlet.jsp#jsp-api;2.1 from central in [default]
[2024-11-03T08:06:50.259+0000] {spark_submit.py:495} INFO - javax.ws.rs#jsr311-api;1.1.1 from central in [default]
[2024-11-03T08:06:50.259+0000] {spark_submit.py:495} INFO - javax.xml.bind#jaxb-api;2.2.11 from central in [default]
[2024-11-03T08:06:50.259+0000] {spark_submit.py:495} INFO - log4j#log4j;1.2.17 from central in [default]
[2024-11-03T08:06:50.260+0000] {spark_submit.py:495} INFO - net.minidev#accessors-smart;1.2 from central in [default]
[2024-11-03T08:06:50.260+0000] {spark_submit.py:495} INFO - net.minidev#json-smart;2.3 from central in [default]
[2024-11-03T08:06:50.260+0000] {spark_submit.py:495} INFO - org.apache.avro#avro;1.7.7 from central in [default]
[2024-11-03T08:06:50.260+0000] {spark_submit.py:495} INFO - org.apache.commons#commons-compress;1.18 from central in [default]
[2024-11-03T08:06:50.261+0000] {spark_submit.py:495} INFO - org.apache.commons#commons-configuration2;2.1.1 from central in [default]
[2024-11-03T08:06:50.261+0000] {spark_submit.py:495} INFO - org.apache.commons#commons-lang3;3.7 from central in [default]
[2024-11-03T08:06:50.268+0000] {spark_submit.py:495} INFO - org.apache.commons#commons-math3;3.1.1 from central in [default]
[2024-11-03T08:06:50.268+0000] {spark_submit.py:495} INFO - org.apache.commons#commons-pool2;2.11.1 from central in [default]
[2024-11-03T08:06:50.269+0000] {spark_submit.py:495} INFO - org.apache.commons#commons-text;1.4 from central in [default]
[2024-11-03T08:06:50.269+0000] {spark_submit.py:495} INFO - org.apache.curator#curator-client;2.13.0 from central in [default]
[2024-11-03T08:06:50.269+0000] {spark_submit.py:495} INFO - org.apache.curator#curator-framework;2.13.0 from central in [default]
[2024-11-03T08:06:50.269+0000] {spark_submit.py:495} INFO - org.apache.curator#curator-recipes;2.13.0 from central in [default]
[2024-11-03T08:06:50.269+0000] {spark_submit.py:495} INFO - org.apache.hadoop#hadoop-annotations;3.2.1 from central in [default]
[2024-11-03T08:06:50.270+0000] {spark_submit.py:495} INFO - org.apache.hadoop#hadoop-auth;3.2.1 from central in [default]
[2024-11-03T08:06:50.270+0000] {spark_submit.py:495} INFO - org.apache.hadoop#hadoop-client;3.2.1 from central in [default]
[2024-11-03T08:06:50.270+0000] {spark_submit.py:495} INFO - org.apache.hadoop#hadoop-client-api;3.3.4 from central in [default]
[2024-11-03T08:06:50.270+0000] {spark_submit.py:495} INFO - org.apache.hadoop#hadoop-client-runtime;3.3.4 from central in [default]
[2024-11-03T08:06:50.271+0000] {spark_submit.py:495} INFO - org.apache.hadoop#hadoop-common;3.2.1 from central in [default]
[2024-11-03T08:06:50.271+0000] {spark_submit.py:495} INFO - org.apache.hadoop#hadoop-hdfs-client;3.2.1 from central in [default]
[2024-11-03T08:06:50.271+0000] {spark_submit.py:495} INFO - org.apache.hadoop#hadoop-mapreduce-client-common;3.2.1 from central in [default]
[2024-11-03T08:06:50.271+0000] {spark_submit.py:495} INFO - org.apache.hadoop#hadoop-mapreduce-client-core;3.2.1 from central in [default]
[2024-11-03T08:06:50.271+0000] {spark_submit.py:495} INFO - org.apache.hadoop#hadoop-mapreduce-client-jobclient;3.2.1 from central in [default]
[2024-11-03T08:06:50.272+0000] {spark_submit.py:495} INFO - org.apache.hadoop#hadoop-yarn-api;3.2.1 from central in [default]
[2024-11-03T08:06:50.272+0000] {spark_submit.py:495} INFO - org.apache.hadoop#hadoop-yarn-client;3.2.1 from central in [default]
[2024-11-03T08:06:50.272+0000] {spark_submit.py:495} INFO - org.apache.hadoop#hadoop-yarn-common;3.2.1 from central in [default]
[2024-11-03T08:06:50.272+0000] {spark_submit.py:495} INFO - org.apache.htrace#htrace-core4;4.1.0-incubating from central in [default]
[2024-11-03T08:06:50.273+0000] {spark_submit.py:495} INFO - org.apache.httpcomponents#httpclient;4.5.6 from central in [default]
[2024-11-03T08:06:50.273+0000] {spark_submit.py:495} INFO - org.apache.httpcomponents#httpcore;4.4.10 from central in [default]
[2024-11-03T08:06:50.274+0000] {spark_submit.py:495} INFO - org.apache.kafka#kafka-clients;3.3.2 from central in [default]
[2024-11-03T08:06:50.274+0000] {spark_submit.py:495} INFO - org.apache.kerby#kerb-admin;1.0.1 from central in [default]
[2024-11-03T08:06:50.275+0000] {spark_submit.py:495} INFO - org.apache.kerby#kerb-client;1.0.1 from central in [default]
[2024-11-03T08:06:50.283+0000] {spark_submit.py:495} INFO - org.apache.kerby#kerb-common;1.0.1 from central in [default]
[2024-11-03T08:06:50.286+0000] {spark_submit.py:495} INFO - org.apache.kerby#kerb-core;1.0.1 from central in [default]
[2024-11-03T08:06:50.287+0000] {spark_submit.py:495} INFO - org.apache.kerby#kerb-crypto;1.0.1 from central in [default]
[2024-11-03T08:06:50.287+0000] {spark_submit.py:495} INFO - org.apache.kerby#kerb-identity;1.0.1 from central in [default]
[2024-11-03T08:06:50.287+0000] {spark_submit.py:495} INFO - org.apache.kerby#kerb-server;1.0.1 from central in [default]
[2024-11-03T08:06:50.293+0000] {spark_submit.py:495} INFO - org.apache.kerby#kerb-simplekdc;1.0.1 from central in [default]
[2024-11-03T08:06:50.294+0000] {spark_submit.py:495} INFO - org.apache.kerby#kerb-util;1.0.1 from central in [default]
[2024-11-03T08:06:50.295+0000] {spark_submit.py:495} INFO - org.apache.kerby#kerby-asn1;1.0.1 from central in [default]
[2024-11-03T08:06:50.295+0000] {spark_submit.py:495} INFO - org.apache.kerby#kerby-config;1.0.1 from central in [default]
[2024-11-03T08:06:50.296+0000] {spark_submit.py:495} INFO - org.apache.kerby#kerby-pkix;1.0.1 from central in [default]
[2024-11-03T08:06:50.296+0000] {spark_submit.py:495} INFO - org.apache.kerby#kerby-util;1.0.1 from central in [default]
[2024-11-03T08:06:50.297+0000] {spark_submit.py:495} INFO - org.apache.kerby#kerby-xdr;1.0.1 from central in [default]
[2024-11-03T08:06:50.297+0000] {spark_submit.py:495} INFO - org.apache.kerby#token-provider;1.0.1 from central in [default]
[2024-11-03T08:06:50.315+0000] {spark_submit.py:495} INFO - org.apache.spark#spark-sql-kafka-0-10_2.12;3.4.2 from central in [default]
[2024-11-03T08:06:50.320+0000] {spark_submit.py:495} INFO - org.apache.spark#spark-streaming-kafka-0-10_2.12;3.4.2 from central in [default]
[2024-11-03T08:06:50.321+0000] {spark_submit.py:495} INFO - org.apache.spark#spark-token-provider-kafka-0-10_2.12;3.4.2 from central in [default]
[2024-11-03T08:06:50.321+0000] {spark_submit.py:495} INFO - org.checkerframework#checker-qual;2.5.2 from central in [default]
[2024-11-03T08:06:50.364+0000] {spark_submit.py:495} INFO - org.codehaus.jackson#jackson-core-asl;1.9.13 from central in [default]
[2024-11-03T08:06:50.364+0000] {spark_submit.py:495} INFO - org.codehaus.jackson#jackson-mapper-asl;1.9.13 from central in [default]
[2024-11-03T08:06:50.364+0000] {spark_submit.py:495} INFO - org.codehaus.mojo#animal-sniffer-annotations;1.17 from central in [default]
[2024-11-03T08:06:50.365+0000] {spark_submit.py:495} INFO - org.codehaus.woodstox#stax2-api;3.1.4 from central in [default]
[2024-11-03T08:06:50.365+0000] {spark_submit.py:495} INFO - org.eclipse.jetty#jetty-security;9.3.24.v20180605 from central in [default]
[2024-11-03T08:06:50.365+0000] {spark_submit.py:495} INFO - org.eclipse.jetty#jetty-servlet;9.3.24.v20180605 from central in [default]
[2024-11-03T08:06:50.365+0000] {spark_submit.py:495} INFO - org.eclipse.jetty#jetty-util;9.3.24.v20180605 from central in [default]
[2024-11-03T08:06:50.366+0000] {spark_submit.py:495} INFO - org.eclipse.jetty#jetty-webapp;9.3.24.v20180605 from central in [default]
[2024-11-03T08:06:50.366+0000] {spark_submit.py:495} INFO - org.eclipse.jetty#jetty-xml;9.3.24.v20180605 from central in [default]
[2024-11-03T08:06:50.366+0000] {spark_submit.py:495} INFO - org.lz4#lz4-java;1.8.0 from central in [default]
[2024-11-03T08:06:50.366+0000] {spark_submit.py:495} INFO - org.ow2.asm#asm;5.0.4 from central in [default]
[2024-11-03T08:06:50.366+0000] {spark_submit.py:495} INFO - org.slf4j#slf4j-api;2.0.6 from central in [default]
[2024-11-03T08:06:50.367+0000] {spark_submit.py:495} INFO - org.xerial.snappy#snappy-java;1.1.10.3 from central in [default]
[2024-11-03T08:06:50.367+0000] {spark_submit.py:495} INFO - :: evicted modules:
[2024-11-03T08:06:50.367+0000] {spark_submit.py:495} INFO - org.slf4j#slf4j-api;1.7.25 by [org.slf4j#slf4j-api;2.0.6] in [default]
[2024-11-03T08:06:50.367+0000] {spark_submit.py:495} INFO - org.xerial.snappy#snappy-java;1.0.5 by [org.xerial.snappy#snappy-java;1.1.10.3] in [default]
[2024-11-03T08:06:50.367+0000] {spark_submit.py:495} INFO - ---------------------------------------------------------------------
[2024-11-03T08:06:50.368+0000] {spark_submit.py:495} INFO - |                  |            modules            ||   artifacts   |
[2024-11-03T08:06:50.384+0000] {spark_submit.py:495} INFO - |       conf       | number| search|dwnlded|evicted|| number|dwnlded|
[2024-11-03T08:06:50.384+0000] {spark_submit.py:495} INFO - ---------------------------------------------------------------------
[2024-11-03T08:06:50.384+0000] {spark_submit.py:495} INFO - |      default     |  100  |   0   |   0   |   2   ||   98  |   0   |
[2024-11-03T08:06:50.385+0000] {spark_submit.py:495} INFO - ---------------------------------------------------------------------
[2024-11-03T08:06:50.610+0000] {spark_submit.py:495} INFO - :: retrieving :: org.apache.spark#spark-submit-parent-0d9818c7-fd54-4868-924e-2db8f8f63b4d
[2024-11-03T08:06:50.648+0000] {spark_submit.py:495} INFO - confs: [default]
[2024-11-03T08:06:51.040+0000] {spark_submit.py:495} INFO - 0 artifacts copied, 98 already retrieved (0kB/426ms)
[2024-11-03T08:06:59.993+0000] {spark_submit.py:495} INFO - 24/11/03 08:06:59 WARN NativeCodeLoader: Unable to load native-hadoop library for your platform... using builtin-java classes where applicable
[2024-11-03T08:07:24.661+0000] {spark_submit.py:495} INFO - 24/11/03 08:07:24 INFO SparkContext: Running Spark version 3.4.2
[2024-11-03T08:07:25.410+0000] {spark_submit.py:495} INFO - 24/11/03 08:07:25 INFO ResourceUtils: ==============================================================
[2024-11-03T08:07:25.436+0000] {spark_submit.py:495} INFO - 24/11/03 08:07:25 INFO ResourceUtils: No custom resources configured for spark.driver.
[2024-11-03T08:07:25.448+0000] {spark_submit.py:495} INFO - 24/11/03 08:07:25 INFO ResourceUtils: ==============================================================
[2024-11-03T08:07:25.449+0000] {spark_submit.py:495} INFO - 24/11/03 08:07:25 INFO SparkContext: Submitted application: KafkaSparkStreaming
[2024-11-03T08:07:26.289+0000] {spark_submit.py:495} INFO - 24/11/03 08:07:26 INFO ResourceProfile: Default ResourceProfile created, executor resources: Map(memory -> name: memory, amount: 1024, script: , vendor: , offHeap -> name: offHeap, amount: 0, script: , vendor: ), task resources: Map(cpus -> name: cpus, amount: 1.0)
[2024-11-03T08:07:26.407+0000] {spark_submit.py:495} INFO - 24/11/03 08:07:26 INFO ResourceProfile: Limiting resource is cpu
[2024-11-03T08:07:26.436+0000] {spark_submit.py:495} INFO - 24/11/03 08:07:26 INFO ResourceProfileManager: Added ResourceProfile id: 0
[2024-11-03T08:07:27.884+0000] {spark_submit.py:495} INFO - 24/11/03 08:07:27 INFO SecurityManager: Changing view acls to: ***
[2024-11-03T08:07:27.887+0000] {spark_submit.py:495} INFO - 24/11/03 08:07:27 INFO SecurityManager: Changing modify acls to: ***
[2024-11-03T08:07:27.894+0000] {spark_submit.py:495} INFO - 24/11/03 08:07:27 INFO SecurityManager: Changing view acls groups to:
[2024-11-03T08:07:27.895+0000] {spark_submit.py:495} INFO - 24/11/03 08:07:27 INFO SecurityManager: Changing modify acls groups to:
[2024-11-03T08:07:27.896+0000] {spark_submit.py:495} INFO - 24/11/03 08:07:27 INFO SecurityManager: SecurityManager: authentication disabled; ui acls disabled; users with view permissions: ***; groups with view permissions: EMPTY; users with modify permissions: ***; groups with modify permissions: EMPTY
[2024-11-03T08:07:34.004+0000] {spark_submit.py:495} INFO - 24/11/03 08:07:33 INFO Utils: Successfully started service 'sparkDriver' on port 41937.
[2024-11-03T08:07:35.000+0000] {spark_submit.py:495} INFO - 24/11/03 08:07:34 INFO SparkEnv: Registering MapOutputTracker
[2024-11-03T08:07:35.710+0000] {spark_submit.py:495} INFO - 24/11/03 08:07:35 INFO SparkEnv: Registering BlockManagerMaster
[2024-11-03T08:07:35.964+0000] {spark_submit.py:495} INFO - 24/11/03 08:07:35 INFO BlockManagerMasterEndpoint: Using org.apache.spark.storage.DefaultTopologyMapper for getting topology information
[2024-11-03T08:07:35.969+0000] {spark_submit.py:495} INFO - 24/11/03 08:07:35 INFO BlockManagerMasterEndpoint: BlockManagerMasterEndpoint up
[2024-11-03T08:07:36.056+0000] {spark_submit.py:495} INFO - 24/11/03 08:07:36 INFO SparkEnv: Registering BlockManagerMasterHeartbeat
[2024-11-03T08:07:36.543+0000] {spark_submit.py:495} INFO - 24/11/03 08:07:36 INFO DiskBlockManager: Created local directory at /tmp/blockmgr-66eca7cc-3d62-4fe0-a483-d61f19135fc8
[2024-11-03T08:07:36.787+0000] {spark_submit.py:495} INFO - 24/11/03 08:07:36 INFO MemoryStore: MemoryStore started with capacity 434.4 MiB
[2024-11-03T08:07:36.978+0000] {spark_submit.py:495} INFO - 24/11/03 08:07:36 INFO SparkEnv: Registering OutputCommitCoordinator
[2024-11-03T08:07:39.707+0000] {spark_submit.py:495} INFO - 24/11/03 08:07:39 INFO JettyUtils: Start Jetty 0.0.0.0:4040 for SparkUI
[2024-11-03T08:07:41.351+0000] {spark_submit.py:495} INFO - 24/11/03 08:07:41 INFO Utils: Successfully started service 'SparkUI' on port 4040.
[2024-11-03T08:07:44.293+0000] {spark_submit.py:495} INFO - 24/11/03 08:07:44 INFO StandaloneAppClient$ClientEndpoint: Connecting to master spark://spark-master:7077...
[2024-11-03T08:07:45.160+0000] {spark_submit.py:495} INFO - 24/11/03 08:07:45 INFO TransportClientFactory: Successfully created connection to spark-master/172.20.0.3:7077 after 364 ms (0 ms spent in bootstraps)
[2024-11-03T08:07:47.406+0000] {spark_submit.py:495} INFO - 24/11/03 08:07:47 INFO StandaloneSchedulerBackend: Connected to Spark cluster with app ID app-20241103080747-0001
[2024-11-03T08:07:47.427+0000] {spark_submit.py:495} INFO - 24/11/03 08:07:47 INFO StandaloneAppClient$ClientEndpoint: Executor added: app-20241103080747-0001/0 on worker-20241103070954-172.20.0.7-37907 (172.20.0.7:37907) with 1 core(s)
[2024-11-03T08:07:47.472+0000] {spark_submit.py:495} INFO - 24/11/03 08:07:47 INFO StandaloneSchedulerBackend: Granted executor ID app-20241103080747-0001/0 on hostPort 172.20.0.7:37907 with 1 core(s), 1024.0 MiB RAM
[2024-11-03T08:07:47.592+0000] {spark_submit.py:495} INFO - 24/11/03 08:07:47 INFO Utils: Successfully started service 'org.apache.spark.network.netty.NettyBlockTransferService' on port 43713.
[2024-11-03T08:07:47.594+0000] {spark_submit.py:495} INFO - 24/11/03 08:07:47 INFO NettyBlockTransferService: Server created on 7d9160448bdc:43713
[2024-11-03T08:07:47.627+0000] {spark_submit.py:495} INFO - 24/11/03 08:07:47 INFO BlockManager: Using org.apache.spark.storage.RandomBlockReplicationPolicy for block replication policy
[2024-11-03T08:07:47.766+0000] {spark_submit.py:495} INFO - 24/11/03 08:07:47 INFO BlockManagerMaster: Registering BlockManager BlockManagerId(driver, 7d9160448bdc, 43713, None)
[2024-11-03T08:07:47.890+0000] {spark_submit.py:495} INFO - 24/11/03 08:07:47 INFO BlockManagerMasterEndpoint: Registering block manager 7d9160448bdc:43713 with 434.4 MiB RAM, BlockManagerId(driver, 7d9160448bdc, 43713, None)
[2024-11-03T08:07:47.973+0000] {spark_submit.py:495} INFO - 24/11/03 08:07:47 INFO BlockManagerMaster: Registered BlockManager BlockManagerId(driver, 7d9160448bdc, 43713, None)
[2024-11-03T08:07:47.993+0000] {spark_submit.py:495} INFO - 24/11/03 08:07:47 INFO BlockManager: Initialized BlockManager: BlockManagerId(driver, 7d9160448bdc, 43713, None)
[2024-11-03T08:07:50.535+0000] {spark_submit.py:495} INFO - 24/11/03 08:07:50 INFO StandaloneAppClient$ClientEndpoint: Executor updated: app-20241103080747-0001/0 is now RUNNING
[2024-11-03T08:07:52.109+0000] {spark_submit.py:495} INFO - 24/11/03 08:07:52 INFO StandaloneSchedulerBackend: SchedulerBackend is ready for scheduling beginning after reached minRegisteredResourcesRatio: 0.0
[2024-11-03T08:08:07.454+0000] {spark_submit.py:495} INFO - 24/11/03 08:08:07 INFO SharedState: Setting hive.metastore.warehouse.dir ('null') to the value of spark.sql.warehouse.dir.
[2024-11-03T08:08:07.467+0000] {spark_submit.py:495} INFO - 24/11/03 08:08:07 INFO SharedState: Warehouse path is 'file:/opt/***/spark-warehouse'.
[2024-11-03T08:09:14.142+0000] {spark_submit.py:495} INFO - 24/11/03 08:09:14 INFO StandaloneSchedulerBackend$StandaloneDriverEndpoint: Registered executor NettyRpcEndpointRef(spark-client://Executor) (172.20.0.7:47886) with ID 0,  ResourceProfileId 0
[2024-11-03T08:09:16.797+0000] {spark_submit.py:495} INFO - 24/11/03 08:09:16 INFO AsyncEventQueue: Process of event SparkListenerExecutorAdded(1730621354454,0,org.apache.spark.scheduler.cluster.ExecutorData@2e7d2fe3) by listener AppStatusListener took 1.38588586s.
[2024-11-03T08:09:19.327+0000] {spark_submit.py:495} INFO - 24/11/03 08:09:19 INFO BlockManagerMasterEndpoint: Registering block manager 172.20.0.7:40259 with 434.4 MiB RAM, BlockManagerId(0, 172.20.0.7, 40259, None)
[2024-11-03T08:10:39.780+0000] {spark_submit.py:495} INFO - done
[2024-11-03T08:11:00.532+0000] {spark_submit.py:495} INFO - 24/11/03 08:11:00 INFO StateStoreCoordinatorRef: Registered StateStoreCoordinator endpoint
[2024-11-03T08:11:01.274+0000] {spark_submit.py:495} INFO - 24/11/03 08:11:01 INFO ResolveWriteToStream: Checkpoint root hdfs://namenode:9000/spark_checkpoint resolved to hdfs://namenode:9000/spark_checkpoint.
[2024-11-03T08:11:01.307+0000] {spark_submit.py:495} INFO - 24/11/03 08:11:01 WARN ResolveWriteToStream: spark.sql.adaptive.enabled is not supported in streaming DataFrames/Datasets and will be disabled.
[2024-11-03T08:11:04.530+0000] {spark_submit.py:495} INFO - 24/11/03 08:11:04 INFO CheckpointFileManager: Writing atomically to hdfs://namenode:9000/spark_checkpoint/metadata using temp file hdfs://namenode:9000/spark_checkpoint/.metadata.bf4050ce-82e3-42b3-896b-687a6e5c4696.tmp
[2024-11-03T08:11:16.207+0000] {spark_submit.py:495} INFO - 24/11/03 08:11:16 INFO CheckpointFileManager: Renamed temp file hdfs://namenode:9000/spark_checkpoint/.metadata.bf4050ce-82e3-42b3-896b-687a6e5c4696.tmp to hdfs://namenode:9000/spark_checkpoint/metadata
[2024-11-03T08:11:17.252+0000] {spark_submit.py:495} INFO - 24/11/03 08:11:17 INFO MicroBatchExecution: Starting [id = 7fb2eb09-2c77-43a8-b6ba-61b1235938cc, runId = 74aa4286-5a86-4886-b55b-f428a6cd198e]. Use hdfs://namenode:9000/spark_checkpoint to store the query checkpoint.
[2024-11-03T08:11:17.629+0000] {spark_submit.py:495} INFO - 24/11/03 08:11:17 INFO MicroBatchExecution: Reading table [org.apache.spark.sql.kafka010.KafkaSourceProvider$KafkaTable@1678ae94] from DataSourceV2 named 'kafka' [org.apache.spark.sql.kafka010.KafkaSourceProvider@338782bd]
[2024-11-03T08:11:19.011+0000] {spark_submit.py:495} INFO - 24/11/03 08:11:19 INFO OffsetSeqLog: BatchIds found from listing:
[2024-11-03T08:11:19.081+0000] {spark_submit.py:495} INFO - 24/11/03 08:11:19 INFO OffsetSeqLog: BatchIds found from listing:
[2024-11-03T08:11:19.082+0000] {spark_submit.py:495} INFO - 24/11/03 08:11:19 INFO MicroBatchExecution: Starting new streaming query.
[2024-11-03T08:11:19.098+0000] {spark_submit.py:495} INFO - 24/11/03 08:11:19 INFO MicroBatchExecution: Stream started from {}
[2024-11-03T08:11:30.178+0000] {spark_submit.py:495} INFO - 24/11/03 08:11:30 INFO AdminClientConfig: AdminClientConfig values:
[2024-11-03T08:11:30.206+0000] {spark_submit.py:495} INFO - bootstrap.servers = [10.0.2.15:9092]
[2024-11-03T08:11:30.206+0000] {spark_submit.py:495} INFO - client.dns.lookup = use_all_dns_ips
[2024-11-03T08:11:30.207+0000] {spark_submit.py:495} INFO - client.id =
[2024-11-03T08:11:30.207+0000] {spark_submit.py:495} INFO - connections.max.idle.ms = 300000
[2024-11-03T08:11:30.208+0000] {spark_submit.py:495} INFO - default.api.timeout.ms = 60000
[2024-11-03T08:11:30.208+0000] {spark_submit.py:495} INFO - metadata.max.age.ms = 300000
[2024-11-03T08:11:30.209+0000] {spark_submit.py:495} INFO - metric.reporters = []
[2024-11-03T08:11:30.209+0000] {spark_submit.py:495} INFO - metrics.num.samples = 2
[2024-11-03T08:11:30.209+0000] {spark_submit.py:495} INFO - metrics.recording.level = INFO
[2024-11-03T08:11:30.210+0000] {spark_submit.py:495} INFO - metrics.sample.window.ms = 30000
[2024-11-03T08:11:30.210+0000] {spark_submit.py:495} INFO - receive.buffer.bytes = 65536
[2024-11-03T08:11:30.235+0000] {spark_submit.py:495} INFO - reconnect.backoff.max.ms = 1000
[2024-11-03T08:11:30.236+0000] {spark_submit.py:495} INFO - reconnect.backoff.ms = 50
[2024-11-03T08:11:30.237+0000] {spark_submit.py:495} INFO - request.timeout.ms = 30000
[2024-11-03T08:11:30.252+0000] {spark_submit.py:495} INFO - retries = 2147483647
[2024-11-03T08:11:30.252+0000] {spark_submit.py:495} INFO - retry.backoff.ms = 100
[2024-11-03T08:11:30.264+0000] {spark_submit.py:495} INFO - sasl.client.callback.handler.class = null
[2024-11-03T08:11:30.264+0000] {spark_submit.py:495} INFO - sasl.jaas.config = null
[2024-11-03T08:11:30.264+0000] {spark_submit.py:495} INFO - sasl.kerberos.kinit.cmd = /usr/bin/kinit
[2024-11-03T08:11:30.317+0000] {spark_submit.py:495} INFO - sasl.kerberos.min.time.before.relogin = 60000
[2024-11-03T08:11:30.317+0000] {spark_submit.py:495} INFO - sasl.kerberos.service.name = null
[2024-11-03T08:11:30.317+0000] {spark_submit.py:495} INFO - sasl.kerberos.ticket.renew.jitter = 0.05
[2024-11-03T08:11:30.317+0000] {spark_submit.py:495} INFO - sasl.kerberos.ticket.renew.window.factor = 0.8
[2024-11-03T08:11:30.318+0000] {spark_submit.py:495} INFO - sasl.login.callback.handler.class = null
[2024-11-03T08:11:30.318+0000] {spark_submit.py:495} INFO - sasl.login.class = null
[2024-11-03T08:11:30.459+0000] {spark_submit.py:495} INFO - sasl.login.connect.timeout.ms = null
[2024-11-03T08:11:30.528+0000] {spark_submit.py:495} INFO - sasl.login.read.timeout.ms = null
[2024-11-03T08:11:30.529+0000] {spark_submit.py:495} INFO - sasl.login.refresh.buffer.seconds = 300
[2024-11-03T08:11:30.544+0000] {spark_submit.py:495} INFO - sasl.login.refresh.min.period.seconds = 60
[2024-11-03T08:11:30.544+0000] {spark_submit.py:495} INFO - sasl.login.refresh.window.factor = 0.8
[2024-11-03T08:11:30.544+0000] {spark_submit.py:495} INFO - sasl.login.refresh.window.jitter = 0.05
[2024-11-03T08:11:30.545+0000] {spark_submit.py:495} INFO - sasl.login.retry.backoff.max.ms = 10000
[2024-11-03T08:11:30.545+0000] {spark_submit.py:495} INFO - sasl.login.retry.backoff.ms = 100
[2024-11-03T08:11:30.545+0000] {spark_submit.py:495} INFO - sasl.mechanism = GSSAPI
[2024-11-03T08:11:30.545+0000] {spark_submit.py:495} INFO - sasl.oauthbearer.clock.skew.seconds = 30
[2024-11-03T08:11:30.546+0000] {spark_submit.py:495} INFO - sasl.oauthbearer.expected.audience = null
[2024-11-03T08:11:30.546+0000] {spark_submit.py:495} INFO - sasl.oauthbearer.expected.issuer = null
[2024-11-03T08:11:30.546+0000] {spark_submit.py:495} INFO - sasl.oauthbearer.jwks.endpoint.refresh.ms = 3600000
[2024-11-03T08:11:30.546+0000] {spark_submit.py:495} INFO - sasl.oauthbearer.jwks.endpoint.retry.backoff.max.ms = 10000
[2024-11-03T08:11:30.547+0000] {spark_submit.py:495} INFO - sasl.oauthbearer.jwks.endpoint.retry.backoff.ms = 100
[2024-11-03T08:11:30.547+0000] {spark_submit.py:495} INFO - sasl.oauthbearer.jwks.endpoint.url = null
[2024-11-03T08:11:30.547+0000] {spark_submit.py:495} INFO - sasl.oauthbearer.scope.claim.name = scope
[2024-11-03T08:11:30.547+0000] {spark_submit.py:495} INFO - sasl.oauthbearer.sub.claim.name = sub
[2024-11-03T08:11:30.548+0000] {spark_submit.py:495} INFO - sasl.oauthbearer.token.endpoint.url = null
[2024-11-03T08:11:30.548+0000] {spark_submit.py:495} INFO - security.protocol = PLAINTEXT
[2024-11-03T08:11:30.580+0000] {spark_submit.py:495} INFO - security.providers = null
[2024-11-03T08:11:30.622+0000] {spark_submit.py:495} INFO - send.buffer.bytes = 131072
[2024-11-03T08:11:30.623+0000] {spark_submit.py:495} INFO - socket.connection.setup.timeout.max.ms = 30000
[2024-11-03T08:11:30.623+0000] {spark_submit.py:495} INFO - socket.connection.setup.timeout.ms = 10000
[2024-11-03T08:11:30.624+0000] {spark_submit.py:495} INFO - ssl.cipher.suites = null
[2024-11-03T08:11:30.624+0000] {spark_submit.py:495} INFO - ssl.enabled.protocols = [TLSv1.2, TLSv1.3]
[2024-11-03T08:11:30.624+0000] {spark_submit.py:495} INFO - ssl.endpoint.identification.algorithm = https
[2024-11-03T08:11:30.624+0000] {spark_submit.py:495} INFO - ssl.engine.factory.class = null
[2024-11-03T08:11:30.625+0000] {spark_submit.py:495} INFO - ssl.key.password = null
[2024-11-03T08:11:30.625+0000] {spark_submit.py:495} INFO - ssl.keymanager.algorithm = SunX509
[2024-11-03T08:11:30.628+0000] {spark_submit.py:495} INFO - ssl.keystore.certificate.chain = null
[2024-11-03T08:11:30.629+0000] {spark_submit.py:495} INFO - ssl.keystore.key = null
[2024-11-03T08:11:30.630+0000] {spark_submit.py:495} INFO - ssl.keystore.location = null
[2024-11-03T08:11:30.630+0000] {spark_submit.py:495} INFO - ssl.keystore.password = null
[2024-11-03T08:11:30.630+0000] {spark_submit.py:495} INFO - ssl.keystore.type = JKS
[2024-11-03T08:11:30.630+0000] {spark_submit.py:495} INFO - ssl.protocol = TLSv1.3
[2024-11-03T08:11:30.631+0000] {spark_submit.py:495} INFO - ssl.provider = null
[2024-11-03T08:11:30.631+0000] {spark_submit.py:495} INFO - ssl.secure.random.implementation = null
[2024-11-03T08:11:30.635+0000] {spark_submit.py:495} INFO - ssl.trustmanager.algorithm = PKIX
[2024-11-03T08:11:30.635+0000] {spark_submit.py:495} INFO - ssl.truststore.certificates = null
[2024-11-03T08:11:30.636+0000] {spark_submit.py:495} INFO - ssl.truststore.location = null
[2024-11-03T08:11:30.636+0000] {spark_submit.py:495} INFO - ssl.truststore.password = null
[2024-11-03T08:11:30.636+0000] {spark_submit.py:495} INFO - ssl.truststore.type = JKS
[2024-11-03T08:11:30.637+0000] {spark_submit.py:495} INFO - 
[2024-11-03T08:11:33.342+0000] {spark_submit.py:495} INFO - 24/11/03 08:11:33 WARN AdminClientConfig: These configurations '[key.deserializer, value.deserializer, enable.auto.commit, max.poll.records, auto.offset.reset]' were supplied but are not used yet.
[2024-11-03T08:11:33.522+0000] {spark_submit.py:495} INFO - 24/11/03 08:11:33 INFO AppInfoParser: Kafka version: 3.3.2
[2024-11-03T08:11:33.523+0000] {spark_submit.py:495} INFO - 24/11/03 08:11:33 INFO AppInfoParser: Kafka commitId: b66af662e61082cb
[2024-11-03T08:11:33.523+0000] {spark_submit.py:495} INFO - 24/11/03 08:11:33 INFO AppInfoParser: Kafka startTimeMs: 1730621493339
[2024-11-03T08:11:57.985+0000] {spark_submit.py:495} INFO - 24/11/03 08:11:57 INFO CheckpointFileManager: Writing atomically to hdfs://namenode:9000/spark_checkpoint/sources/0/0 using temp file hdfs://namenode:9000/spark_checkpoint/sources/0/.0.a54bb264-5356-4673-8e27-c2124c6fcfb8.tmp
[2024-11-03T08:11:59.085+0000] {spark_submit.py:495} INFO - 24/11/03 08:11:59 INFO CheckpointFileManager: Renamed temp file hdfs://namenode:9000/spark_checkpoint/sources/0/.0.a54bb264-5356-4673-8e27-c2124c6fcfb8.tmp to hdfs://namenode:9000/spark_checkpoint/sources/0/0
[2024-11-03T08:11:59.163+0000] {spark_submit.py:495} INFO - 24/11/03 08:11:59 INFO KafkaMicroBatchStream: Initial offsets: {"raw_data":{"0":958}}
[2024-11-03T08:12:00.839+0000] {spark_submit.py:495} INFO - 24/11/03 08:12:00 INFO CheckpointFileManager: Writing atomically to hdfs://namenode:9000/spark_checkpoint/offsets/0 using temp file hdfs://namenode:9000/spark_checkpoint/offsets/.0.55996b7f-4ccd-4d08-8769-ea21506faa3c.tmp
[2024-11-03T08:12:05.219+0000] {spark_submit.py:495} INFO - 24/11/03 08:12:05 INFO CheckpointFileManager: Renamed temp file hdfs://namenode:9000/spark_checkpoint/offsets/.0.55996b7f-4ccd-4d08-8769-ea21506faa3c.tmp to hdfs://namenode:9000/spark_checkpoint/offsets/0
[2024-11-03T08:12:05.304+0000] {spark_submit.py:495} INFO - 24/11/03 08:12:05 INFO MicroBatchExecution: Committed offsets for batch 0. Metadata OffsetSeqMetadata(0,1730621520416,Map(spark.sql.streaming.stateStore.providerClass -> org.apache.spark.sql.execution.streaming.state.HDFSBackedStateStoreProvider, spark.sql.streaming.join.stateFormatVersion -> 2, spark.sql.streaming.stateStore.compression.codec -> lz4, spark.sql.streaming.stateStore.rocksdb.formatVersion -> 5, spark.sql.streaming.statefulOperator.useStrictDistribution -> true, spark.sql.streaming.flatMapGroupsWithState.stateFormatVersion -> 2, spark.sql.streaming.multipleWatermarkPolicy -> min, spark.sql.streaming.aggregation.stateFormatVersion -> 2, spark.sql.shuffle.partitions -> 200))
[2024-11-03T08:12:31.677+0000] {spark_submit.py:495} INFO - 24/11/03 08:12:31 INFO KafkaOffsetReaderAdmin: Partitions added: Map()
[2024-11-03T08:12:36.165+0000] {spark_submit.py:495} INFO - 24/11/03 08:12:36 INFO KafkaOffsetReaderAdmin: Partitions added: Map()
[2024-11-03T08:12:39.088+0000] {spark_submit.py:495} INFO - 24/11/03 08:12:39 INFO KafkaOffsetReaderAdmin: Partitions added: Map()
[2024-11-03T08:12:39.155+0000] {spark_submit.py:495} INFO - 24/11/03 08:12:39 INFO KafkaOffsetReaderAdmin: Partitions added: Map()
[2024-11-03T08:12:42.386+0000] {spark_submit.py:495} INFO - 24/11/03 08:12:42 INFO FileStreamSinkLog: BatchIds found from listing:
[2024-11-03T08:12:46.742+0000] {spark_submit.py:495} INFO - 24/11/03 08:12:46 INFO ParquetUtils: Using default output committer for Parquet: org.apache.parquet.hadoop.ParquetOutputCommitter
[2024-11-03T08:13:14.830+0000] {spark_submit.py:495} INFO - 24/11/03 08:13:14 INFO CodeGenerator: Code generated in 12121.219784 ms
[2024-11-03T08:13:18.767+0000] {spark_submit.py:495} INFO - 24/11/03 08:13:18 INFO SparkContext: Starting job: start at NativeMethodAccessorImpl.java:0
[2024-11-03T08:13:19.357+0000] {spark_submit.py:495} INFO - 24/11/03 08:13:19 INFO DAGScheduler: Got job 0 (start at NativeMethodAccessorImpl.java:0) with 1 output partitions
[2024-11-03T08:13:19.387+0000] {spark_submit.py:495} INFO - 24/11/03 08:13:19 INFO DAGScheduler: Final stage: ResultStage 0 (start at NativeMethodAccessorImpl.java:0)
[2024-11-03T08:13:19.388+0000] {spark_submit.py:495} INFO - 24/11/03 08:13:19 INFO DAGScheduler: Parents of final stage: List()
[2024-11-03T08:13:19.445+0000] {spark_submit.py:495} INFO - 24/11/03 08:13:19 INFO DAGScheduler: Missing parents: List()
[2024-11-03T08:13:19.550+0000] {spark_submit.py:495} INFO - 24/11/03 08:13:19 INFO DAGScheduler: Submitting ResultStage 0 (ParallelCollectionRDD[4] at start at NativeMethodAccessorImpl.java:0), which has no missing parents
[2024-11-03T08:13:21.893+0000] {spark_submit.py:495} INFO - 24/11/03 08:13:21 INFO AsyncEventQueue: Process of event SparkListenerJobStart(0,1730621599359,WrappedArray(org.apache.spark.scheduler.StageInfo@1aeb208f),{spark.driver.port=41937, spark.submit.pyFiles=/home/***/.ivy2/jars/org.apache.spark_spark-streaming-kafka-0-10_2.12-3.4.2.jar,/home/***/.ivy2/jars/org.apache.spark_spark-sql-kafka-0-10_2.12-3.4.2.jar,/home/***/.ivy2/jars/org.apache.hadoop_hadoop-client-3.2.1.jar,/home/***/.ivy2/jars/org.apache.spark_spark-token-provider-kafka-0-10_2.12-3.4.2.jar,/home/***/.ivy2/jars/org.apache.kafka_kafka-clients-3.3.2.jar,/home/***/.ivy2/jars/org.apache.hadoop_hadoop-client-runtime-3.3.4.jar,/home/***/.ivy2/jars/org.lz4_lz4-java-1.8.0.jar,/home/***/.ivy2/jars/org.xerial.snappy_snappy-java-1.1.10.3.jar,/home/***/.ivy2/jars/org.slf4j_slf4j-api-2.0.6.jar,/home/***/.ivy2/jars/org.apache.hadoop_hadoop-client-api-3.3.4.jar,/home/***/.ivy2/jars/commons-logging_commons-logging-1.1.3.jar,/home/***/.ivy2/jars/com.google.code.findbugs_jsr305-3.0.0.jar,/home/***/.ivy2/jars/org.apache.commons_commons-pool2-2.11.1.jar,/home/***/.ivy2/jars/org.apache.hadoop_hadoop-common-3.2.1.jar,/home/***/.ivy2/jars/org.apache.hadoop_hadoop-hdfs-client-3.2.1.jar,/home/***/.ivy2/jars/org.apache.hadoop_hadoop-yarn-api-3.2.1.jar,/home/***/.ivy2/jars/org.apache.hadoop_hadoop-yarn-client-3.2.1.jar,/home/***/.ivy2/jars/org.apache.hadoop_hadoop-mapreduce-client-core-3.2.1.jar,/home/***/.ivy2/jars/org.apache.hadoop_hadoop-mapreduce-client-jobclient-3.2.1.jar,/home/***/.ivy2/jars/org.apache.hadoop_hadoop-annotations-3.2.1.jar,/home/***/.ivy2/jars/com.google.guava_guava-27.0-jre.jar,/home/***/.ivy2/jars/commons-cli_commons-cli-1.2.jar,/home/***/.ivy2/jars/org.apache.commons_commons-math3-3.1.1.jar,/home/***/.ivy2/jars/org.apache.httpcomponents_httpclient-4.5.6.jar,/home/***/.ivy2/jars/commons-codec_commons-codec-1.11.jar,/home/***/.ivy2/jars/commons-io_commons-io-2.5.jar,/home/***/.ivy2/jars/commons-net_commons-net-3.6.jar,/home/***/.ivy2/jars/commons-collections_commons-collections-3.2.2.jar,/home/***/.ivy2/jars/org.eclipse.jetty_jetty-servlet-9.3.24.v20180605.jar,/home/***/.ivy2/jars/org.eclipse.jetty_jetty-webapp-9.3.24.v20180605.jar,/home/***/.ivy2/jars/com.sun.jersey_jersey-servlet-1.19.jar,/home/***/.ivy2/jars/log4j_log4j-1.2.17.jar,/home/***/.ivy2/jars/commons-beanutils_commons-beanutils-1.9.3.jar,/home/***/.ivy2/jars/org.apache.commons_commons-configuration2-2.1.1.jar,/home/***/.ivy2/jars/org.apache.commons_commons-lang3-3.7.jar,/home/***/.ivy2/jars/org.apache.commons_commons-text-1.4.jar,/home/***/.ivy2/jars/org.apache.avro_avro-1.7.7.jar,/home/***/.ivy2/jars/com.google.re2j_re2j-1.1.jar,/home/***/.ivy2/jars/com.google.protobuf_protobuf-java-2.5.0.jar,/home/***/.ivy2/jars/com.google.code.gson_gson-2.2.4.jar,/home/***/.ivy2/jars/org.apache.hadoop_hadoop-auth-3.2.1.jar,/home/***/.ivy2/jars/org.apache.curator_curator-client-2.13.0.jar,/home/***/.ivy2/jars/org.apache.curator_curator-recipes-2.13.0.jar,/home/***/.ivy2/jars/org.apache.htrace_htrace-core4-4.1.0-incubating.jar,/home/***/.ivy2/jars/org.apache.commons_commons-compress-1.18.jar,/home/***/.ivy2/jars/org.apache.kerby_kerb-simplekdc-1.0.1.jar,/home/***/.ivy2/jars/com.fasterxml.jackson.core_jackson-databind-2.9.8.jar,/home/***/.ivy2/jars/org.codehaus.woodstox_stax2-api-3.1.4.jar,/home/***/.ivy2/jars/com.fasterxml.woodstox_woodstox-core-5.0.3.jar,/home/***/.ivy2/jars/dnsjava_dnsjava-2.1.7.jar,/home/***/.ivy2/jars/com.google.guava_failureaccess-1.0.jar,/home/***/.ivy2/jars/com.google.guava_listenablefuture-9999.0-empty-to-avoid-conflict-with-guava.jar,/home/***/.ivy2/jars/org.checkerframework_checker-qual-2.5.2.jar,/home/***/.ivy2/jars/com.google.errorprone_error_prone_annotations-2.2.0.jar,/home/***/.ivy2/jars/com.google.j2objc_j2objc-annotations-1.1.jar,/home/***/.ivy2/jars/org.codehaus.mojo_animal-sniffer-annotations-1.17.jar,/home/***/.ivy2/jars/org.apache.httpcomponents_httpcore-4.4.10.jar,/home/***/.ivy2/jars/org.eclipse.jetty_jetty-security-9.3.24.v20180605.jar,/home/***/.ivy2/jars/org.eclipse.jetty_jetty-xml-9.3.24.v20180605.jar,/home/***/.ivy2/jars/org.codehaus.jackson_jackson-core-asl-1.9.13.jar,/home/***/.ivy2/jars/org.codehaus.jackson_jackson-mapper-asl-1.9.13.jar,/home/***/.ivy2/jars/com.thoughtworks.paranamer_paranamer-2.3.jar,/home/***/.ivy2/jars/com.nimbusds_nimbus-jose-jwt-4.41.1.jar,/home/***/.ivy2/jars/net.minidev_json-smart-2.3.jar,/home/***/.ivy2/jars/org.apache.curator_curator-framework-2.13.0.jar,/home/***/.ivy2/jars/com.github.stephenc.jcip_jcip-annotations-1.0-1.jar,/home/***/.ivy2/jars/net.minidev_accessors-smart-1.2.jar,/home/***/.ivy2/jars/org.ow2.asm_asm-5.0.4.jar,/home/***/.ivy2/jars/org.apache.kerby_kerb-client-1.0.1.jar,/home/***/.ivy2/jars/org.apache.kerby_kerb-admin-1.0.1.jar,/home/***/.ivy2/jars/org.apache.kerby_kerby-config-1.0.1.jar,/home/***/.ivy2/jars/org.apache.kerby_kerb-core-1.0.1.jar,/home/***/.ivy2/jars/org.apache.kerby_kerb-common-1.0.1.jar,/home/***/.ivy2/jars/org.apache.kerby_kerb-util-1.0.1.jar,/home/***/.ivy2/jars/org.apache.kerby_token-provider-1.0.1.jar,/home/***/.ivy2/jars/org.apache.kerby_kerby-pkix-1.0.1.jar,/home/***/.ivy2/jars/org.apache.kerby_kerby-asn1-1.0.1.jar,/home/***/.ivy2/jars/org.apache.kerby_kerby-util-1.0.1.jar,/home/***/.ivy2/jars/org.apache.kerby_kerb-crypto-1.0.1.jar,/home/***/.ivy2/jars/org.apache.kerby_kerb-server-1.0.1.jar,/home/***/.ivy2/jars/org.apache.kerby_kerby-xdr-1.0.1.jar,/home/***/.ivy2/jars/org.apache.kerby_kerb-identity-1.0.1.jar,/home/***/.ivy2/jars/com.fasterxml.jackson.core_jackson-annotations-2.9.8.jar,/home/***/.ivy2/jars/com.fasterxml.jackson.core_jackson-core-2.9.8.jar,/home/***/.ivy2/jars/javax.servlet.jsp_jsp-api-2.1.jar,/home/***/.ivy2/jars/com.squareup.okhttp_okhttp-2.7.5.jar,/home/***/.ivy2/jars/com.squareup.okio_okio-1.6.0.jar,/home/***/.ivy2/jars/javax.xml.bind_jaxb-api-2.2.11.jar,/home/***/.ivy2/jars/org.apache.hadoop_hadoop-yarn-common-3.2.1.jar,/home/***/.ivy2/jars/javax.servlet_javax.servlet-api-3.1.0.jar,/home/***/.ivy2/jars/org.eclipse.jetty_jetty-util-9.3.24.v20180605.jar,/home/***/.ivy2/jars/com.sun.jersey_jersey-core-1.19.jar,/home/***/.ivy2/jars/com.sun.jersey_jersey-client-1.19.jar,/home/***/.ivy2/jars/com.fasterxml.jackson.module_jackson-module-jaxb-annotations-2.9.8.jar,/home/***/.ivy2/jars/com.fasterxml.jackson.jaxrs_jackson-jaxrs-json-provider-2.9.8.jar,/home/***/.ivy2/jars/javax.ws.rs_jsr311-api-1.1.1.jar,/home/***/.ivy2/jars/com.fasterxml.jackson.jaxrs_jackson-jaxrs-base-2.9.8.jar,/home/***/.ivy2/jars/org.apache.hadoop_hadoop-mapreduce-client-common-3.2.1.jar, spark.app.startTime=1730621244532, spark.rdd.compress=True, callSite.short=start at NativeMethodAccessorImpl.java:0, __is_continuous_processing=false, spark.jobGroup.id=74aa4286-5a86-4886-b55b-f428a6cd198e, spark.sql.requireAllClusterKeysForDistribution=false, spark.yarn.dist.jars=file:///home/***/.ivy2/jars/org.apache.spark_spark-streaming-kafka-0-10_2.12-3.4.2.jar,file:///home/***/.ivy2/jars/org.apache.spark_spark-sql-kafka-0-10_2.12-3.4.2.jar,file:///home/***/.ivy2/jars/org.apache.hadoop_hadoop-client-3.2.1.jar,file:///home/***/.ivy2/jars/org.apache.spark_spark-token-provider-kafka-0-10_2.12-3.4.2.jar,file:///home/***/.ivy2/jars/org.apache.kafka_kafka-clients-3.3.2.jar,file:///home/***/.ivy2/jars/org.apache.hadoop_hadoop-client-runtime-3.3.4.jar,file:///home/***/.ivy2/jars/org.lz4_lz4-java-1.8.0.jar,file:///home/***/.ivy2/jars/org.xerial.snappy_snappy-java-1.1.10.3.jar,file:///home/***/.ivy2/jars/org.slf4j_slf4j-api-2.0.6.jar,file:///home/***/.ivy2/jars/org.apache.hadoop_hadoop-client-api-3.3.4.jar,file:///home/***/.ivy2/jars/commons-logging_commons-logging-1.1.3.jar,file:///home/***/.ivy2/jars/com.google.code.findbugs_jsr305-3.0.0.jar,file:///home/***/.ivy2/jars/org.apache.commons_commons-pool2-2.11.1.jar,file:///home/***/.ivy2/jars/org.apache.hadoop_hadoop-common-3.2.1.jar,file:///home/***/.ivy2/jars/org.apache.hadoop_hadoop-hdfs-client-3.2.1.jar,file:///home/***/.ivy2/jars/org.apache.hadoop_hadoop-yarn-api-3.2.1.jar,file:///home/***/.ivy2/jars/org.apache.hadoop_hadoop-yarn-client-3.2.1.jar,file:///home/***/.ivy2/jars/org.apache.hadoop_hadoop-mapreduce-client-core-3.2.1.jar,file:///home/***/.ivy2/jars/org.apache.hadoop_hadoop-mapreduce-client-jobclient-3.2.1.jar,file:///home/***/.ivy2/jars/org.apache.hadoop_hadoop-annotations-3.2.1.jar,file:///home/***/.ivy2/jars/com.google.guava_guava-27.0-jre.jar,file:///home/***/.ivy2/jars/commons-cli_commons-cli-1.2.jar,file:///home/***/.ivy2/jars/org.apache.commons_commons-math3-3.1.1.jar,file:///home/***/.ivy2/jars/org.apache.httpcomponents_httpclient-4.5.6.jar,file:///home/***/.ivy2/jars/commons-codec_commons-codec-1.11.jar,file:///home/***/.ivy2/jars/commons-io_commons-io-2.5.jar,file:///home/***/.ivy2/jars/commons-net_commons-net-3.6.jar,file:///home/***/.ivy2/jars/commons-collections_commons-collections-3.2.2.jar,file:///home/***/.ivy2/jars/org.eclipse.jetty_jetty-servlet-9.3.24.v20180605.jar,file:///home/***/.ivy2/jars/org.eclipse.jetty_jetty-webapp-9.3.24.v20180605.jar,file:///home/***/.ivy2/jars/com.sun.jersey_jersey-servlet-1.19.jar,file:///home/***/.ivy2/jars/log4j_log4j-1.2.17.jar,file:///home/***/.ivy2/jars/commons-beanutils_commons-beanutils-1.9.3.jar,file:///home/***/.ivy2/jars/org.apache.commons_commons-configuration2-2.1.1.jar,file:///home/***/.ivy2/jars/org.apache.commons_commons-lang3-3.7.jar,file:///home/***/.ivy2/jars/org.apache.commons_commons-text-1.4.jar,file:///home/***/.ivy2/jars/org.apache.avro_avro-1.7.7.jar,file:///home/***/.ivy2/jars/com.google.re2j_re2j-1.1.jar,file:///home/***/.ivy2/jars/com.google.protobuf_protobuf-java-2.5.0.jar,file:///home/***/.ivy2/jars/com.google.code.gson_gson-2.2.4.jar,file:///home/***/.ivy2/jars/org.apache.hadoop_hadoop-auth-3.2.1.jar,file:///home/***/.ivy2/jars/org.apache.curator_curator-client-2.13.0.jar,file:///home/***/.ivy2/jars/org.apache.curator_curator-recipes-2.13.0.jar,file:///home/***/.ivy2/jars/org.apache.htrace_htrace-core4-4.1.0-incubating.jar,file:///home/***/.ivy2/jars/org.apache.commons_commons-compress-1.18.jar,file:///home/***/.ivy2/jars/org.apache.kerby_kerb-simplekdc-1.0.1.jar,file:///home/***/.ivy2/jars/com.fasterxml.jackson.core_jackson-databind-2.9.8.jar,file:///home/***/.ivy2/jars/org.codehaus.woodstox_stax2-api-3.1.4.jar,file:///home/***/.ivy2/jars/com.fasterxml.woodstox_woodstox-core-5.0.3.jar,file:///home/***/.ivy2/jars/dnsjava_dnsjava-2.1.7.jar,file:///home/***/.ivy2/jars/com.google.guava_failureaccess-1.0.jar,file:///home/***/.ivy2/jars/com.google.guava_listenablefuture-9999.0-empty-to-avoid-conflict-with-guava.jar,file:///home/***/.ivy2/jars/org.checkerframework_checker-qual-2.5.2.jar,file:///home/***/.ivy2/jars/com.google.errorprone_error_prone_annotations-2.2.0.jar,file:///home/***/.ivy2/jars/com.google.j2objc_j2objc-annotations-1.1.jar,file:///home/***/.ivy2/jars/org.codehaus.mojo_animal-sniffer-annotations-1.17.jar,file:///home/***/.ivy2/jars/org.apache.httpcomponents_httpcore-4.4.10.jar,file:///home/***/.ivy2/jars/org.eclipse.jetty_jetty-security-9.3.24.v20180605.jar,file:///home/***/.ivy2/jars/org.eclipse.jetty_jetty-xml-9.3.24.v20180605.jar,file:///home/***/.ivy2/jars/org.codehaus.jackson_jackson-core-asl-1.9.13.jar,file:///home/***/.ivy2/jars/org.codehaus.jackson_jackson-mapper-asl-1.9.13.jar,file:///home/***/.ivy2/jars/com.thoughtworks.paranamer_paranamer-2.3.jar,file:///home/***/.ivy2/jars/com.nimbusds_nimbus-jose-jwt-4.41.1.jar,file:///home/***/.ivy2/jars/net.minidev_json-smart-2.3.jar,file:///home/***/.ivy2/jars/org.apache.curator_curator-framework-2.13.0.jar,file:///home/***/.ivy2/jars/com.github.stephenc.jcip_jcip-annotations-1.0-1.jar,file:///home/***/.ivy2/jars/net.minidev_accessors-smart-1.2.jar,file:///home/***/.ivy2/jars/org.ow2.asm_asm-5.0.4.jar,file:///home/***/.ivy2/jars/org.apache.kerby_kerb-client-1.0.1.jar,file:///home/***/.ivy2/jars/org.apache.kerby_kerb-admin-1.0.1.jar,file:///home/***/.ivy2/jars/org.apache.kerby_kerby-config-1.0.1.jar,file:///home/***/.ivy2/jars/org.apache.kerby_kerb-core-1.0.1.jar,file:///home/***/.ivy2/jars/org.apache.kerby_kerb-common-1.0.1.jar,file:///home/***/.ivy2/jars/org.apache.kerby_kerb-util-1.0.1.jar,file:///home/***/.ivy2/jars/org.apache.kerby_token-provider-1.0.1.jar,file:///home/***/.ivy2/jars/org.apache.kerby_kerby-pkix-1.0.1.jar,file:///home/***/.ivy2/jars/org.apache.kerby_kerby-asn1-1.0.1.jar,file:///home/***/.ivy2/jars/org.apache.kerby_kerby-util-1.0.1.jar,file:///home/***/.ivy2/jars/org.apache.kerby_kerb-crypto-1.0.1.jar,file:///home/***/.ivy2/jars/org.apache.kerby_kerb-server-1.0.1.jar,file:///home/***/.ivy2/jars/org.apache.kerby_kerby-xdr-1.0.1.jar,file:///home/***/.ivy2/jars/org.apache.kerby_kerb-identity-1.0.1.jar,file:///home/***/.ivy2/jars/com.fasterxml.jackson.core_jackson-annotations-2.9.8.jar,file:///home/***/.ivy2/jars/com.fasterxml.jackson.core_jackson-core-2.9.8.jar,file:///home/***/.ivy2/jars/javax.servlet.jsp_jsp-api-2.1.jar,file:///home/***/.ivy2/jars/com.squareup.okhttp_okhttp-2.7.5.jar,file:///home/***/.ivy2/jars/com.squareup.okio_okio-1.6.0.jar,file:///home/***/.ivy2/jars/javax.xml.bind_jaxb-api-2.2.11.jar,file:///home/***/.ivy2/jars/org.apache.hadoop_hadoop-yarn-common-3.2.1.jar,file:///home/***/.ivy2/jars/javax.servlet_javax.servlet-api-3.1.0.jar,file:///home/***/.ivy2/jars/org.eclipse.jetty_jetty-util-9.3.24.v20180605.jar,file:///home/***/.ivy2/jars/com.sun.jersey_jersey-core-1.19.jar,file:///home/***/.ivy2/jars/com.sun.jersey_jersey-client-1.19.jar,file:///home/***/.ivy2/jars/com.fasterxml.jackson.module_jackson-module-jaxb-annotations-2.9.8.jar,file:///home/***/.ivy2/jars/com.fasterxml.jackson.jaxrs_jackson-jaxrs-json-provider-2.9.8.jar,file:///home/***/.ivy2/jars/javax.ws.rs_jsr311-api-1.1.1.jar,file:///home/***/.ivy2/jars/com.fasterxml.jackson.jaxrs_jackson-jaxrs-base-2.9.8.jar,file:///home/***/.ivy2/jars/org.apache.hadoop_hadoop-mapreduce-client-common-3.2.1.jar, spark.app.submitTime=1730621225373, spark.sql.adaptive.enabled=false, spark.sql.execution.id=0, sql.streaming.queryId=7fb2eb09-2c77-43a8-b6ba-61b1235938cc, spark.sql.warehouse.dir=file:/opt/***/spark-warehouse, streaming.sql.batchId=0, callSite.long=org.apache.spark.sql.streaming.DataStreamWriter.start(DataStreamWriter.scala:249)
[2024-11-03T08:13:21.905+0000] {spark_submit.py:495} INFO - java.base/jdk.internal.reflect.NativeMethodAccessorImpl.invoke0(Native Method)
[2024-11-03T08:13:21.923+0000] {spark_submit.py:495} INFO - java.base/jdk.internal.reflect.NativeMethodAccessorImpl.invoke(NativeMethodAccessorImpl.java:77)
[2024-11-03T08:13:21.927+0000] {spark_submit.py:495} INFO - java.base/jdk.internal.reflect.DelegatingMethodAccessorImpl.invoke(DelegatingMethodAccessorImpl.java:43)
[2024-11-03T08:13:21.932+0000] {spark_submit.py:495} INFO - java.base/java.lang.reflect.Method.invoke(Method.java:569)
[2024-11-03T08:13:21.947+0000] {spark_submit.py:495} INFO - py4j.reflection.MethodInvoker.invoke(MethodInvoker.java:244)
[2024-11-03T08:13:21.948+0000] {spark_submit.py:495} INFO - py4j.reflection.ReflectionEngine.invoke(ReflectionEngine.java:374)
[2024-11-03T08:13:21.948+0000] {spark_submit.py:495} INFO - py4j.Gateway.invoke(Gateway.java:282)
[2024-11-03T08:13:21.948+0000] {spark_submit.py:495} INFO - py4j.commands.AbstractCommand.invokeMethod(AbstractCommand.java:132)
[2024-11-03T08:13:21.949+0000] {spark_submit.py:495} INFO - py4j.commands.CallCommand.execute(CallCommand.java:79)
[2024-11-03T08:13:21.949+0000] {spark_submit.py:495} INFO - py4j.ClientServerConnection.waitForCommands(ClientServerConnection.java:182)
[2024-11-03T08:13:21.949+0000] {spark_submit.py:495} INFO - py4j.ClientServerConnection.run(ClientServerConnection.java:106)
[2024-11-03T08:13:21.949+0000] {spark_submit.py:495} INFO - java.base/java.lang.Thread.run(Thread.java:840), spark.master=spark://spark-master:7077, spark.job.interruptOnCancel=true, spark.repl.local.jars=file:///home/***/.ivy2/jars/org.apache.spark_spark-streaming-kafka-0-10_2.12-3.4.2.jar,file:///home/***/.ivy2/jars/org.apache.spark_spark-sql-kafka-0-10_2.12-3.4.2.jar,file:///home/***/.ivy2/jars/org.apache.hadoop_hadoop-client-3.2.1.jar,file:///home/***/.ivy2/jars/org.apache.spark_spark-token-provider-kafka-0-10_2.12-3.4.2.jar,file:///home/***/.ivy2/jars/org.apache.kafka_kafka-clients-3.3.2.jar,file:///home/***/.ivy2/jars/org.apache.hadoop_hadoop-client-runtime-3.3.4.jar,file:///home/***/.ivy2/jars/org.lz4_lz4-java-1.8.0.jar,file:///home/***/.ivy2/jars/org.xerial.snappy_snappy-java-1.1.10.3.jar,file:///home/***/.ivy2/jars/org.slf4j_slf4j-api-2.0.6.jar,file:///home/***/.ivy2/jars/org.apache.hadoop_hadoop-client-api-3.3.4.jar,file:///home/***/.ivy2/jars/commons-logging_commons-logging-1.1.3.jar,file:///home/***/.ivy2/jars/com.google.code.findbugs_jsr305-3.0.0.jar,file:///home/***/.ivy2/jars/org.apache.commons_commons-pool2-2.11.1.jar,file:///home/***/.ivy2/jars/org.apache.hadoop_hadoop-common-3.2.1.jar,file:///home/***/.ivy2/jars/org.apache.hadoop_hadoop-hdfs-client-3.2.1.jar,file:///home/***/.ivy2/jars/org.apache.hadoop_hadoop-yarn-api-3.2.1.jar,file:///home/***/.ivy2/jars/org.apache.hadoop_hadoop-yarn-client-3.2.1.jar,file:///home/***/.ivy2/jars/org.apache.hadoop_hadoop-mapreduce-client-core-3.2.1.jar,file:///home/***/.ivy2/jars/org.apache.hadoop_hadoop-mapreduce-client-jobclient-3.2.1.jar,file:///home/***/.ivy2/jars/org.apache.hadoop_hadoop-annotations-3.2.1.jar,file:///home/***/.ivy2/jars/com.google.guava_guava-27.0-jre.jar,file:///home/***/.ivy2/jars/commons-cli_commons-cli-1.2.jar,file:///home/***/.ivy2/jars/org.apache.commons_commons-math3-3.1.1.jar,file:///home/***/.ivy2/jars/org.apache.httpcomponents_httpclient-4.5.6.jar,file:///home/***/.ivy2/jars/commons-codec_commons-codec-1.11.jar,file:///home/***/.ivy2/jars/commons-io_commons-io-2.5.jar,file:///home/***/.ivy2/jars/commons-net_commons-net-3.6.jar,file:///home/***/.ivy2/jars/commons-collections_commons-collections-3.2.2.jar,file:///home/***/.ivy2/jars/org.eclipse.jetty_jetty-servlet-9.3.24.v20180605.jar,file:///home/***/.ivy2/jars/org.eclipse.jetty_jetty-webapp-9.3.24.v20180605.jar,file:///home/***/.ivy2/jars/com.sun.jersey_jersey-servlet-1.19.jar,file:///home/***/.ivy2/jars/log4j_log4j-1.2.17.jar,file:///home/***/.ivy2/jars/commons-beanutils_commons-beanutils-1.9.3.jar,file:///home/***/.ivy2/jars/org.apache.commons_commons-configuration2-2.1.1.jar,file:///home/***/.ivy2/jars/org.apache.commons_commons-lang3-3.7.jar,file:///home/***/.ivy2/jars/org.apache.commons_commons-text-1.4.jar,file:///home/***/.ivy2/jars/org.apache.avro_avro-1.7.7.jar,file:///home/***/.ivy2/jars/com.google.re2j_re2j-1.1.jar,file:///home/***/.ivy2/jars/com.google.protobuf_protobuf-java-2.5.0.jar,file:///home/***/.ivy2/jars/com.google.code.gson_gson-2.2.4.jar,file:///home/***/.ivy2/jars/org.apache.hadoop_hadoop-auth-3.2.1.jar,file:///home/***/.ivy2/jars/org.apache.curator_curator-client-2.13.0.jar,file:///home/***/.ivy2/jars/org.apache.curator_curator-recipes-2.13.0.jar,file:///home/***/.ivy2/jars/org.apache.htrace_htrace-core4-4.1.0-incubating.jar,file:///home/***/.ivy2/jars/org.apache.commons_commons-compress-1.18.jar,file:///home/***/.ivy2/jars/org.apache.kerby_kerb-simplekdc-1.0.1.jar,file:///home/***/.ivy2/jars/com.fasterxml.jackson.core_jackson-databind-2.9.8.jar,file:///home/***/.ivy2/jars/org.codehaus.woodstox_stax2-api-3.1.4.jar,file:///home/***/.ivy2/jars/com.fasterxml.woodstox_woodstox-core-5.0.3.jar,file:///home/***/.ivy2/jars/dnsjava_dnsjava-2.1.7.jar,file:///home/***/.ivy2/jars/com.google.guava_failureaccess-1.0.jar,file:///home/***/.ivy2/jars/com.google.guava_listenablefuture-9999.0-empty-to-avoid-conflict-with-guava.jar,file:///home/***/.ivy2/jars/org.checkerframework_checker-qual-2.5.2.jar,file:///home/***/.ivy2/jars/com.google.errorprone_error_prone_annotations-2.2.0.jar,file:///home/***/.ivy2/jars/com.google.j2objc_j2objc-annotations-1.1.jar,file:///home/***/.ivy2/jars/org.codehaus.mojo_animal-sniffer-annotations-1.17.jar,file:///home/***/.ivy2/jars/org.apache.httpcomponents_httpcore-4.4.10.jar,file:///home/***/.ivy2/jars/org.eclipse.jetty_jetty-security-9.3.24.v20180605.jar,file:///home/***/.ivy2/jars/org.eclipse.jetty_jetty-xml-9.3.24.v20180605.jar,file:///home/***/.ivy2/jars/org.codehaus.jackson_jackson-core-asl-1.9.13.jar,file:///home/***/.ivy2/jars/org.codehaus.jackson_jackson-mapper-asl-1.9.13.jar,file:///home/***/.ivy2/jars/com.thoughtworks.paranamer_paranamer-2.3.jar,file:///home/***/.ivy2/jars/com.nimbusds_nimbus-jose-jwt-4.41.1.jar,file:///home/***/.ivy2/jars/net.minidev_json-smart-2.3.jar,file:///home/***/.ivy2/jars/org.apache.curator_curator-framework-2.13.0.jar,file:///home/***/.ivy2/jars/com.github.stephenc.jcip_jcip-annotations-1.0-1.jar,file:///home/***/.ivy2/jars/net.minidev_accessors-smart-1.2.jar,file:///home/***/.ivy2/jars/org.ow2.asm_asm-5.0.4.jar,file:///home/***/.ivy2/jars/org.apache.kerby_kerb-client-1.0.1.jar,file:///home/***/.ivy2/jars/org.apache.kerby_kerb-admin-1.0.1.jar,file:///home/***/.ivy2/jars/org.apache.kerby_kerby-config-1.0.1.jar,file:///home/***/.ivy2/jars/org.apache.kerby_kerb-core-1.0.1.jar,file:///home/***/.ivy2/jars/org.apache.kerby_kerb-common-1.0.1.jar,file:///home/***/.ivy2/jars/org.apache.kerby_kerb-util-1.0.1.jar,file:///home/***/.ivy2/jars/org.apache.kerby_token-provider-1.0.1.jar,file:///home/***/.ivy2/jars/org.apache.kerby_kerby-pkix-1.0.1.jar,file:///home/***/.ivy2/jars/org.apache.kerby_kerby-asn1-1.0.1.jar,file:///home/***/.ivy2/jars/org.apache.kerby_kerby-util-1.0.1.jar,file:///home/***/.ivy2/jars/org.apache.kerby_kerb-crypto-1.0.1.jar,file:///home/***/.ivy2/jars/org.apache.kerby_kerb-server-1.0.1.jar,file:///home/***/.ivy2/jars/org.apache.kerby_kerby-xdr-1.0.1.jar,file:///home/***/.ivy2/jars/org.apache.kerby_kerb-identity-1.0.1.jar,file:///home/***/.ivy2/jars/com.fasterxml.jackson.core_jackson-annotations-2.9.8.jar,file:///home/***/.ivy2/jars/com.fasterxml.jackson.core_jackson-core-2.9.8.jar,file:///home/***/.ivy2/jars/javax.servlet.jsp_jsp-api-2.1.jar,file:///home/***/.ivy2/jars/com.squareup.okhttp_okhttp-2.7.5.jar,file:///home/***/.ivy2/jars/com.squareup.okio_okio-1.6.0.jar,file:///home/***/.ivy2/jars/javax.xml.bind_jaxb-api-2.2.11.jar,file:///home/***/.ivy2/jars/org.apache.hadoop_hadoop-yarn-common-3.2.1.jar,file:///home/***/.ivy2/jars/javax.servlet_javax.servlet-api-3.1.0.jar,file:///home/***/.ivy2/jars/org.eclipse.jetty_jetty-util-9.3.24.v20180605.jar,file:///home/***/.ivy2/jars/com.sun.jersey_jersey-core-1.19.jar,file:///home/***/.ivy2/jars/com.sun.jersey_jersey-client-1.19.jar,file:///home/***/.ivy2/jars/com.fasterxml.jackson.module_jackson-module-jaxb-annotations-2.9.8.jar,file:///home/***/.ivy2/jars/com.fasterxml.jackson.jaxrs_jackson-jaxrs-json-provider-2.9.8.jar,file:///home/***/.ivy2/jars/javax.ws.rs_jsr311-api-1.1.1.jar,file:///home/***/.ivy2/jars/com.fasterxml.jackson.jaxrs_jackson-jaxrs-base-2.9.8.jar,file:///home/***/.ivy2/jars/org.apache.hadoop_hadoop-mapreduce-client-common-3.2.1.jar, spark.yarn.isPython=true, spark.executor.id=driver, spark.app.name=KafkaSparkStreaming, spark.yarn.appMasterEnv.HADOOP_CONF_DIR=/opt/hadoop-3.2.1/etc/hadoop, spark.submit.deployMode=client, spark.driver.host=7d9160448bdc, spark.app.id=app-20241103080747-0001, spark.job.description=
[2024-11-03T08:13:21.951+0000] {spark_submit.py:495} INFO - id = 7fb2eb09-2c77-43a8-b6ba-61b1235938cc
[2024-11-03T08:13:21.951+0000] {spark_submit.py:495} INFO - runId = 74aa4286-5a86-4886-b55b-f428a6cd198e
[2024-11-03T08:13:21.951+0000] {spark_submit.py:495} INFO - batch = 0, spark.sql.cbo.enabled=false, spark.executor.extraJavaOptions=-Djava.net.preferIPv6Addresses=false -XX:+IgnoreUnrecognizedVMOptions --add-opens=java.base/java.lang=ALL-UNNAMED --add-opens=java.base/java.lang.invoke=ALL-UNNAMED --add-opens=java.base/java.lang.reflect=ALL-UNNAMED --add-opens=java.base/java.io=ALL-UNNAMED --add-opens=java.base/java.net=ALL-UNNAMED --add-opens=java.base/java.nio=ALL-UNNAMED --add-opens=java.base/java.util=ALL-UNNAMED --add-opens=java.base/java.util.concurrent=ALL-UNNAMED --add-opens=java.base/java.util.concurrent.atomic=ALL-UNNAMED --add-opens=java.base/jdk.internal.ref=ALL-UNNAMED --add-opens=java.base/sun.nio.ch=ALL-UNNAMED --add-opens=java.base/sun.nio.cs=ALL-UNNAMED --add-opens=java.base/sun.security.action=ALL-UNNAMED --add-opens=java.base/sun.util.calendar=ALL-UNNAMED --add-opens=java.security.jgss/sun.security.krb5=ALL-UNNAMED -Djdk.reflect.useDirectMethodHandle=false, spark.sql.execution.root.id=0, spark.yarn.dist.pyFiles=file:///home/***/.ivy2/jars/org.apache.spark_spark-streaming-kafka-0-10_2.12-3.4.2.jar,file:///home/***/.ivy2/jars/org.apache.spark_spark-sql-kafka-0-10_2.12-3.4.2.jar,file:///home/***/.ivy2/jars/org.apache.hadoop_hadoop-client-3.2.1.jar,file:///home/***/.ivy2/jars/org.apache.spark_spark-token-provider-kafka-0-10_2.12-3.4.2.jar,file:///home/***/.ivy2/jars/org.apache.kafka_kafka-clients-3.3.2.jar,file:///home/***/.ivy2/jars/org.apache.hadoop_hadoop-client-runtime-3.3.4.jar,file:///home/***/.ivy2/jars/org.lz4_lz4-java-1.8.0.jar,file:///home/***/.ivy2/jars/org.xerial.snappy_snappy-java-1.1.10.3.jar,file:///home/***/.ivy2/jars/org.slf4j_slf4j-api-2.0.6.jar,file:///home/***/.ivy2/jars/org.apache.hadoop_hadoop-client-api-3.3.4.jar,file:///home/***/.ivy2/jars/commons-logging_commons-logging-1.1.3.jar,file:///home/***/.ivy2/jars/com.google.code.findbugs_jsr305-3.0.0.jar,file:///home/***/.ivy2/jars/org.apache.commons_commons-pool2-2.11.1.jar,file:///home/***/.ivy2/jars/org.apache.hadoop_hadoop-common-3.2.1.jar,file:///home/***/.ivy2/jars/org.apache.hadoop_hadoop-hdfs-client-3.2.1.jar,file:///home/***/.ivy2/jars/org.apache.hadoop_hadoop-yarn-api-3.2.1.jar,file:///home/***/.ivy2/jars/org.apache.hadoop_hadoop-yarn-client-3.2.1.jar,file:///home/***/.ivy2/jars/org.apache.hadoop_hadoop-mapreduce-client-core-3.2.1.jar,file:///home/***/.ivy2/jars/org.apache.hadoop_hadoop-mapreduce-client-jobclient-3.2.1.jar,file:///home/***/.ivy2/jars/org.apache.hadoop_hadoop-annotations-3.2.1.jar,file:///home/***/.ivy2/jars/com.google.guava_guava-27.0-jre.jar,file:///home/***/.ivy2/jars/commons-cli_commons-cli-1.2.jar,file:///home/***/.ivy2/jars/org.apache.commons_commons-math3-3.1.1.jar,file:///home/***/.ivy2/jars/org.apache.httpcomponents_httpclient-4.5.6.jar,file:///home/***/.ivy2/jars/commons-codec_commons-codec-1.11.jar,file:///home/***/.ivy2/jars/commons-io_commons-io-2.5.jar,file:///home/***/.ivy2/jars/commons-net_commons-net-3.6.jar,file:///home/***/.ivy2/jars/commons-collections_commons-collections-3.2.2.jar,file:///home/***/.ivy2/jars/org.eclipse.jetty_jetty-servlet-9.3.24.v20180605.jar,file:///home/***/.ivy2/jars/org.eclipse.jetty_jetty-webapp-9.3.24.v20180605.jar,file:///home/***/.ivy2/jars/com.sun.jersey_jersey-servlet-1.19.jar,file:///home/***/.ivy2/jars/log4j_log4j-1.2.17.jar,file:///home/***/.ivy2/jars/commons-beanutils_commons-beanutils-1.9.3.jar,file:///home/***/.ivy2/jars/org.apache.commons_commons-configuration2-2.1.1.jar,file:///home/***/.ivy2/jars/org.apache.commons_commons-lang3-3.7.jar,file:///home/***/.ivy2/jars/org.apache.commons_commons-text-1.4.jar,file:///home/***/.ivy2/jars/org.apache.avro_avro-1.7.7.jar,file:///home/***/.ivy2/jars/com.google.re2j_re2j-1.1.jar,file:///home/***/.ivy2/jars/com.google.protobuf_protobuf-java-2.5.0.jar,file:///home/***/.ivy2/jars/com.google.code.gson_gson-2.2.4.jar,file:///home/***/.ivy2/jars/org.apache.hadoop_hadoop-auth-3.2.1.jar,file:///home/***/.ivy2/jars/org.apache.curator_curator-client-2.13.0.jar,file:///home/***/.ivy2/jars/org.apache.curator_curator-recipes-2.13.0.jar,file:///home/***/.ivy2/jars/org.apache.htrace_htrace-core4-4.1.0-incubating.jar,file:///home/***/.ivy2/jars/org.apache.commons_commons-compress-1.18.jar,file:///home/***/.ivy2/jars/org.apache.kerby_kerb-simplekdc-1.0.1.jar,file:///home/***/.ivy2/jars/com.fasterxml.jackson.core_jackson-databind-2.9.8.jar,file:///home/***/.ivy2/jars/org.codehaus.woodstox_stax2-api-3.1.4.jar,file:///home/***/.ivy2/jars/com.fasterxml.woodstox_woodstox-core-5.0.3.jar,file:///home/***/.ivy2/jars/dnsjava_dnsjava-2.1.7.jar,file:///home/***/.ivy2/jars/com.google.guava_failureaccess-1.0.jar,file:///home/***/.ivy2/jars/com.google.guava_listenablefuture-9999.0-empty-to-avoid-conflict-with-guava.jar,file:///home/***/.ivy2/jars/org.checkerframework_checker-qual-2.5.2.jar,file:///home/***/.ivy2/jars/com.google.errorprone_error_prone_annotations-2.2.0.jar,file:///home/***/.ivy2/jars/com.google.j2objc_j2objc-annotations-1.1.jar,file:///home/***/.ivy2/jars/org.codehaus.mojo_animal-sniffer-annotations-1.17.jar,file:///home/***/.ivy2/jars/org.apache.httpcomponents_httpcore-4.4.10.jar,file:///home/***/.ivy2/jars/org.eclipse.jetty_jetty-security-9.3.24.v20180605.jar,file:///home/***/.ivy2/jars/org.eclipse.jetty_jetty-xml-9.3.24.v20180605.jar,file:///home/***/.ivy2/jars/org.codehaus.jackson_jackson-core-asl-1.9.13.jar,file:///home/***/.ivy2/jars/org.codehaus.jackson_jackson-mapper-asl-1.9.13.jar,file:///home/***/.ivy2/jars/com.thoughtworks.paranamer_paranamer-2.3.jar,file:///home/***/.ivy2/jars/com.nimbusds_nimbus-jose-jwt-4.41.1.jar,file:///home/***/.ivy2/jars/net.minidev_json-smart-2.3.jar,file:///home/***/.ivy2/jars/org.apache.curator_curator-framework-2.13.0.jar,file:///home/***/.ivy2/jars/com.github.stephenc.jcip_jcip-annotations-1.0-1.jar,file:///home/***/.ivy2/jars/net.minidev_accessors-smart-1.2.jar,file:///home/***/.ivy2/jars/org.ow2.asm_asm-5.0.4.jar,file:///home/***/.ivy2/jars/org.apache.kerby_kerb-client-1.0.1.jar,file:///home/***/.ivy2/jars/org.apache.kerby_kerb-admin-1.0.1.jar,file:///home/***/.ivy2/jars/org.apache.kerby_kerby-config-1.0.1.jar,file:///home/***/.ivy2/jars/org.apache.kerby_kerb-core-1.0.1.jar,file:///home/***/.ivy2/jars/org.apache.kerby_kerb-common-1.0.1.jar,file:///home/***/.ivy2/jars/org.apache.kerby_kerb-util-1.0.1.jar,file:///home/***/.ivy2/jars/org.apache.kerby_token-provider-1.0.1.jar,file:///home/***/.ivy2/jars/org.apache.kerby_kerby-pkix-1.0.1.jar,file:///home/***/.ivy2/jars/org.apache.kerby_kerby-asn1-1.0.1.jar,file:///home/***/.ivy2/jars/org.apache.kerby_kerby-util-1.0.1.jar,file:///home/***/.ivy2/jars/org.apache.kerby_kerb-crypto-1.0.1.jar,file:///home/***/.ivy2/jars/org.apache.kerby_kerb-server-1.0.1.jar,file:///home/***/.ivy2/jars/org.apache.kerby_kerby-xdr-1.0.1.jar,file:///home/***/.ivy2/jars/org.apache.kerby_kerb-identity-1.0.1.jar,file:///home/***/.ivy2/jars/com.fasterxml.jackson.core_jackson-annotations-2.9.8.jar,file:///home/***/.ivy2/jars/com.fasterxml.jackson.core_jackson-core-2.9.8.jar,file:///home/***/.ivy2/jars/javax.servlet.jsp_jsp-api-2.1.jar,file:///home/***/.ivy2/jars/com.squareup.okhttp_okhttp-2.7.5.jar,file:///home/***/.ivy2/jars/com.squareup.okio_okio-1.6.0.jar,file:///home/***/.ivy2/jars/javax.xml.bind_jaxb-api-2.2.11.jar,file:///home/***/.ivy2/jars/org.apache.hadoop_hadoop-yarn-common-3.2.1.jar,file:///home/***/.ivy2/jars/javax.servlet_javax.servlet-api-3.1.0.jar,file:///home/***/.ivy2/jars/org.eclipse.jetty_jetty-util-9.3.24.v20180605.jar,file:///home/***/.ivy2/jars/com.sun.jersey_jersey-core-1.19.jar,file:///home/***/.ivy2/jars/com.sun.jersey_jersey-client-1.19.jar,file:///home/***/.ivy2/jars/com.fasterxml.jackson.module_jackson-module-jaxb-annotations-2.9.8.jar,file:///home/***/.ivy2/jars/com.fasterxml.jackson.jaxrs_jackson-jaxrs-json-provider-2.9.8.jar,file:///home/***/.ivy2/jars/javax.ws.rs_jsr311-api-1.1.1.jar,file:///home/***/.ivy2/jars/com.fasterxml.jackson.jaxrs_jackson-jaxrs-base-2.9.8.jar,file:///home/***/.ivy2/jars/org.apache.hadoop_hadoop-mapreduce-client-common-3.2.1.jar, spark.serializer.objectStreamReset=100, spark.driver.extraJavaOptions=-Djava.net.preferIPv6Addresses=false -XX:+IgnoreUnrecognizedVMOptions --add-opens=java.base/java.lang=ALL-UNNAMED --add-opens=java.base/java.lang.invoke=ALL-UNNAMED --add-opens=java.base/java.lang.reflect=ALL-UNNAMED --add-opens=java.base/java.io=ALL-UNNAMED --add-opens=java.base/java.net=ALL-UNNAMED --add-opens=java.base/java.nio=ALL-UNNAMED --add-opens=java.base/java.util=ALL-UNNAMED --add-opens=java.base/java.util.concurrent=ALL-UNNAMED --add-opens=java.base/java.util.concurrent.atomic=ALL-UNNAMED --add-opens=java.base/jdk.internal.ref=ALL-UNNAMED --add-opens=java.base/sun.nio.ch=ALL-UNNAMED --add-opens=java.base/sun.nio.cs=ALL-UNNAMED --add-opens=java.base/sun.security.action=ALL-UNNAMED --add-opens=java.base/sun.util.calendar=ALL-UNNAMED --add-opens=java.security.jgss/sun.security.krb5=ALL-UNNAMED -Djdk.reflect.useDirectMethodHandle=false}) by listener AppStatusListener took 2.411794111s.
[2024-11-03T08:13:34.355+0000] {spark_submit.py:495} INFO - 24/11/03 08:13:34 INFO MemoryStore: Block broadcast_0 stored as values in memory (estimated size 262.2 KiB, free 434.1 MiB)
[2024-11-03T08:13:37.912+0000] {spark_submit.py:495} INFO - 24/11/03 08:13:37 INFO MemoryStore: Block broadcast_0_piece0 stored as bytes in memory (estimated size 89.7 KiB, free 434.1 MiB)
[2024-11-03T08:13:38.420+0000] {spark_submit.py:495} INFO - 24/11/03 08:13:38 INFO BlockManagerInfo: Added broadcast_0_piece0 in memory on 7d9160448bdc:43713 (size: 89.7 KiB, free: 434.3 MiB)
[2024-11-03T08:13:38.575+0000] {spark_submit.py:495} INFO - 24/11/03 08:13:38 INFO SparkContext: Created broadcast 0 from broadcast at DAGScheduler.scala:1535
[2024-11-03T08:14:10.609+0000] {spark_submit.py:495} INFO - 24/11/03 08:14:09 INFO AsyncEventQueue: Process of event SparkListenerExecutorMetricsUpdate(driver,WrappedArray(),Map((-1,-1) -> org.apache.spark.executor.ExecutorMetrics@3e668c5d)) by listener AppStatusListener took 1.048143692s.
[2024-11-03T08:14:24.380+0000] {spark_submit.py:495} INFO - 24/11/03 08:14:24 INFO DAGScheduler: Submitting 1 missing tasks from ResultStage 0 (ParallelCollectionRDD[4] at start at NativeMethodAccessorImpl.java:0) (first 15 tasks are for partitions Vector(0))
[2024-11-03T08:14:24.551+0000] {spark_submit.py:495} INFO - 24/11/03 08:14:24 INFO TaskSchedulerImpl: Adding task set 0.0 with 1 tasks resource profile 0
[2024-11-03T08:14:35.889+0000] {spark_submit.py:495} INFO - 24/11/03 08:14:35 INFO TaskSetManager: Starting task 0.0 in stage 0.0 (TID 0) (172.20.0.7, executor 0, partition 0, PROCESS_LOCAL, 7388 bytes)
[2024-11-03T08:14:37.724+0000] {spark_submit.py:495} INFO - 24/11/03 08:14:37 INFO AsyncEventQueue: Process of event SparkListenerTaskStart(0,0,org.apache.spark.scheduler.TaskInfo@18638763) by listener AppStatusListener took 1.017076106s.
[2024-11-03T08:14:40.398+0000] {spark_submit.py:495} INFO - 24/11/03 08:14:40 INFO AsyncEventQueue: Process of event SparkListenerTaskStart(0,0,org.apache.spark.scheduler.TaskInfo@18638763) by listener SQLAppStatusListener took 2.74828s.
[2024-11-03T08:15:08.252+0000] {spark_submit.py:495} INFO - 24/11/03 08:15:08 INFO AsyncEventQueue: Process of event SparkListenerExecutorMetricsUpdate(0,WrappedArray((0,0,0,Vector())),Map((0,0) -> org.apache.spark.executor.ExecutorMetrics@c60209b)) by listener AppStatusListener took 1.45534411s.
[2024-11-03T08:16:01.582+0000] {spark_submit.py:495} INFO - 24/11/03 08:16:00 INFO AsyncEventQueue: Process of event SparkListenerExecutorMetricsUpdate(driver,WrappedArray(),Map((-1,-1) -> org.apache.spark.executor.ExecutorMetrics@53178a28)) by listener AppStatusListener took 9.084774461s.
[2024-11-03T08:16:12.401+0000] {spark_submit.py:495} INFO - 24/11/03 08:16:11 INFO BlockManagerInfo: Added broadcast_0_piece0 in memory on 172.20.0.7:40259 (size: 89.7 KiB, free: 434.3 MiB)
[2024-11-03T08:16:22.403+0000] {spark_submit.py:495} INFO - 24/11/03 08:16:22 INFO AsyncEventQueue: Process of event SparkListenerExecutorMetricsUpdate(driver,WrappedArray(),Map((-1,-1) -> org.apache.spark.executor.ExecutorMetrics@2c41dd7c)) by listener AppStatusListener took 1.951677839s.
[2024-11-03T08:16:55.119+0000] {spark_submit.py:495} INFO - 24/11/03 08:16:54 INFO AsyncEventQueue: Process of event SparkListenerExecutorMetricsUpdate(0,WrappedArray((0,0,0,Vector(AccumulableInfo(16,Some(internal.metrics.jvmGCTime),Some(725),None,true,true,None)))),Map((0,0) -> org.apache.spark.executor.ExecutorMetrics@7dfc1eaf)) by listener AppStatusListener took 28.635065105s.
[2024-11-03T08:17:00.722+0000] {spark_submit.py:495} INFO - 24/11/03 08:17:00 INFO AsyncEventQueue: Process of event SparkListenerExecutorMetricsUpdate(driver,WrappedArray(),Map((-1,-1) -> org.apache.spark.executor.ExecutorMetrics@5ff49651)) by listener AppStatusListener took 3.451241593s.
[2024-11-03T08:16:45.489+0000] {job.py:218} ERROR - Job heartbeat got an exception
Traceback (most recent call last):
  File "/home/airflow/.local/lib/python3.11/site-packages/sqlalchemy/engine/base.py", line 3371, in _wrap_pool_connect
    return fn()
           ^^^^
  File "/home/airflow/.local/lib/python3.11/site-packages/sqlalchemy/pool/base.py", line 327, in connect
    return _ConnectionFairy._checkout(self)
           ^^^^^^^^^^^^^^^^^^^^^^^^^^^^^^^^
  File "/home/airflow/.local/lib/python3.11/site-packages/sqlalchemy/pool/base.py", line 894, in _checkout
    fairy = _ConnectionRecord.checkout(pool)
            ^^^^^^^^^^^^^^^^^^^^^^^^^^^^^^^^
  File "/home/airflow/.local/lib/python3.11/site-packages/sqlalchemy/pool/base.py", line 493, in checkout
    rec = pool._do_get()
          ^^^^^^^^^^^^^^
  File "/home/airflow/.local/lib/python3.11/site-packages/sqlalchemy/pool/impl.py", line 256, in _do_get
    return self._create_connection()
           ^^^^^^^^^^^^^^^^^^^^^^^^^
  File "/home/airflow/.local/lib/python3.11/site-packages/sqlalchemy/pool/base.py", line 273, in _create_connection
    return _ConnectionRecord(self)
           ^^^^^^^^^^^^^^^^^^^^^^^
  File "/home/airflow/.local/lib/python3.11/site-packages/sqlalchemy/pool/base.py", line 388, in __init__
    self.__connect()
  File "/home/airflow/.local/lib/python3.11/site-packages/sqlalchemy/pool/base.py", line 690, in __connect
    with util.safe_reraise():
  File "/home/airflow/.local/lib/python3.11/site-packages/sqlalchemy/util/langhelpers.py", line 70, in __exit__
    compat.raise_(
  File "/home/airflow/.local/lib/python3.11/site-packages/sqlalchemy/util/compat.py", line 211, in raise_
    raise exception
  File "/home/airflow/.local/lib/python3.11/site-packages/sqlalchemy/pool/base.py", line 686, in __connect
    self.dbapi_connection = connection = pool._invoke_creator(self)
                                         ^^^^^^^^^^^^^^^^^^^^^^^^^^
  File "/home/airflow/.local/lib/python3.11/site-packages/sqlalchemy/engine/create.py", line 574, in connect
    return dialect.connect(*cargs, **cparams)
           ^^^^^^^^^^^^^^^^^^^^^^^^^^^^^^^^^^
  File "/home/airflow/.local/lib/python3.11/site-packages/sqlalchemy/engine/default.py", line 598, in connect
    return self.dbapi.connect(*cargs, **cparams)
           ^^^^^^^^^^^^^^^^^^^^^^^^^^^^^^^^^^^^^
  File "/home/airflow/.local/lib/python3.11/site-packages/psycopg2/__init__.py", line 122, in connect
    conn = _connect(dsn, connection_factory=connection_factory, **kwasync)
           ^^^^^^^^^^^^^^^^^^^^^^^^^^^^^^^^^^^^^^^^^^^^^^^^^^^^^^^^^^^^^^^
psycopg2.OperationalError: could not translate host name "postgres" to address: Temporary failure in name resolution


The above exception was the direct cause of the following exception:

Traceback (most recent call last):
  File "/home/airflow/.local/lib/python3.11/site-packages/airflow/jobs/job.py", line 213, in heartbeat
    heartbeat_callback(session)
  File "/home/airflow/.local/lib/python3.11/site-packages/airflow/utils/session.py", line 76, in wrapper
    return func(*args, **kwargs)
           ^^^^^^^^^^^^^^^^^^^^^
  File "/home/airflow/.local/lib/python3.11/site-packages/airflow/jobs/local_task_job_runner.py", line 261, in heartbeat_callback
    self.task_instance.refresh_from_db()
  File "/home/airflow/.local/lib/python3.11/site-packages/airflow/utils/session.py", line 79, in wrapper
    return func(*args, session=session, **kwargs)
           ^^^^^^^^^^^^^^^^^^^^^^^^^^^^^^^^^^^^^^
  File "/home/airflow/.local/lib/python3.11/site-packages/airflow/models/taskinstance.py", line 1821, in refresh_from_db
    _refresh_from_db(task_instance=self, session=session, lock_for_update=lock_for_update)
  File "/home/airflow/.local/lib/python3.11/site-packages/airflow/models/taskinstance.py", line 510, in _refresh_from_db
    ti = TaskInstance.get_task_instance(
         ^^^^^^^^^^^^^^^^^^^^^^^^^^^^^^^
  File "/home/airflow/.local/lib/python3.11/site-packages/airflow/api_internal/internal_api_call.py", line 115, in wrapper
    return func(*args, **kwargs)
           ^^^^^^^^^^^^^^^^^^^^^
  File "/home/airflow/.local/lib/python3.11/site-packages/airflow/utils/session.py", line 76, in wrapper
    return func(*args, **kwargs)
           ^^^^^^^^^^^^^^^^^^^^^
  File "/home/airflow/.local/lib/python3.11/site-packages/airflow/models/taskinstance.py", line 1807, in get_task_instance
    return query.one_or_none()
           ^^^^^^^^^^^^^^^^^^^
  File "/home/airflow/.local/lib/python3.11/site-packages/sqlalchemy/orm/query.py", line 2850, in one_or_none
    return self._iter().one_or_none()
           ^^^^^^^^^^^^
  File "/home/airflow/.local/lib/python3.11/site-packages/sqlalchemy/orm/query.py", line 2916, in _iter
    result = self.session.execute(
             ^^^^^^^^^^^^^^^^^^^^^
  File "/home/airflow/.local/lib/python3.11/site-packages/sqlalchemy/orm/session.py", line 1716, in execute
    conn = self._connection_for_bind(bind)
           ^^^^^^^^^^^^^^^^^^^^^^^^^^^^^^^
  File "/home/airflow/.local/lib/python3.11/site-packages/sqlalchemy/orm/session.py", line 1555, in _connection_for_bind
    return self._transaction._connection_for_bind(
           ^^^^^^^^^^^^^^^^^^^^^^^^^^^^^^^^^^^^^^^
  File "/home/airflow/.local/lib/python3.11/site-packages/sqlalchemy/orm/session.py", line 750, in _connection_for_bind
    conn = bind.connect()
           ^^^^^^^^^^^^^^
  File "/home/airflow/.local/lib/python3.11/site-packages/sqlalchemy/future/engine.py", line 412, in connect
    return super(Engine, self).connect()
           ^^^^^^^^^^^^^^^^^^^^^^^^^^^^^
  File "/home/airflow/.local/lib/python3.11/site-packages/sqlalchemy/engine/base.py", line 3325, in connect
    return self._connection_cls(self, close_with_result=close_with_result)
           ^^^^^^^^^^^^^^^^^^^^^^^^^^^^^^^^^^^^^^^^^^^^^^^^^^^^^^^^^^^^^^^
  File "/home/airflow/.local/lib/python3.11/site-packages/sqlalchemy/engine/base.py", line 96, in __init__
    else engine.raw_connection()
         ^^^^^^^^^^^^^^^^^^^^^^^
  File "/home/airflow/.local/lib/python3.11/site-packages/sqlalchemy/engine/base.py", line 3404, in raw_connection
    return self._wrap_pool_connect(self.pool.connect, _connection)
           ^^^^^^^^^^^^^^^^^^^^^^^^^^^^^^^^^^^^^^^^^^^^^^^^^^^^^^^
  File "/home/airflow/.local/lib/python3.11/site-packages/sqlalchemy/engine/base.py", line 3374, in _wrap_pool_connect
    Connection._handle_dbapi_exception_noconnection(
  File "/home/airflow/.local/lib/python3.11/site-packages/sqlalchemy/engine/base.py", line 2208, in _handle_dbapi_exception_noconnection
    util.raise_(
  File "/home/airflow/.local/lib/python3.11/site-packages/sqlalchemy/util/compat.py", line 211, in raise_
    raise exception
  File "/home/airflow/.local/lib/python3.11/site-packages/sqlalchemy/engine/base.py", line 3371, in _wrap_pool_connect
    return fn()
           ^^^^
  File "/home/airflow/.local/lib/python3.11/site-packages/sqlalchemy/pool/base.py", line 327, in connect
    return _ConnectionFairy._checkout(self)
           ^^^^^^^^^^^^^^^^^^^^^^^^^^^^^^^^
  File "/home/airflow/.local/lib/python3.11/site-packages/sqlalchemy/pool/base.py", line 894, in _checkout
    fairy = _ConnectionRecord.checkout(pool)
            ^^^^^^^^^^^^^^^^^^^^^^^^^^^^^^^^
  File "/home/airflow/.local/lib/python3.11/site-packages/sqlalchemy/pool/base.py", line 493, in checkout
    rec = pool._do_get()
          ^^^^^^^^^^^^^^
  File "/home/airflow/.local/lib/python3.11/site-packages/sqlalchemy/pool/impl.py", line 256, in _do_get
    return self._create_connection()
           ^^^^^^^^^^^^^^^^^^^^^^^^^
  File "/home/airflow/.local/lib/python3.11/site-packages/sqlalchemy/pool/base.py", line 273, in _create_connection
    return _ConnectionRecord(self)
           ^^^^^^^^^^^^^^^^^^^^^^^
  File "/home/airflow/.local/lib/python3.11/site-packages/sqlalchemy/pool/base.py", line 388, in __init__
    self.__connect()
  File "/home/airflow/.local/lib/python3.11/site-packages/sqlalchemy/pool/base.py", line 690, in __connect
    with util.safe_reraise():
  File "/home/airflow/.local/lib/python3.11/site-packages/sqlalchemy/util/langhelpers.py", line 70, in __exit__
    compat.raise_(
  File "/home/airflow/.local/lib/python3.11/site-packages/sqlalchemy/util/compat.py", line 211, in raise_
    raise exception
  File "/home/airflow/.local/lib/python3.11/site-packages/sqlalchemy/pool/base.py", line 686, in __connect
    self.dbapi_connection = connection = pool._invoke_creator(self)
                                         ^^^^^^^^^^^^^^^^^^^^^^^^^^
  File "/home/airflow/.local/lib/python3.11/site-packages/sqlalchemy/engine/create.py", line 574, in connect
    return dialect.connect(*cargs, **cparams)
           ^^^^^^^^^^^^^^^^^^^^^^^^^^^^^^^^^^
  File "/home/airflow/.local/lib/python3.11/site-packages/sqlalchemy/engine/default.py", line 598, in connect
    return self.dbapi.connect(*cargs, **cparams)
           ^^^^^^^^^^^^^^^^^^^^^^^^^^^^^^^^^^^^^
  File "/home/airflow/.local/lib/python3.11/site-packages/psycopg2/__init__.py", line 122, in connect
    conn = _connect(dsn, connection_factory=connection_factory, **kwasync)
           ^^^^^^^^^^^^^^^^^^^^^^^^^^^^^^^^^^^^^^^^^^^^^^^^^^^^^^^^^^^^^^^
sqlalchemy.exc.OperationalError: (psycopg2.OperationalError) could not translate host name "postgres" to address: Temporary failure in name resolution

(Background on this error at: https://sqlalche.me/e/14/e3q8)
[2024-11-03T08:17:02.829+0000] {job.py:226} ERROR - Job heartbeat failed with error. Scheduler is in unhealthy state
[2024-11-03T08:17:11.271+0000] {spark_submit.py:495} INFO - 24/11/03 08:17:06 INFO AsyncEventQueue: Process of event SparkListenerExecutorMetricsUpdate(0,WrappedArray((0,0,0,Vector(AccumulableInfo(16,Some(internal.metrics.jvmGCTime),Some(725),None,true,true,None)))),Map((0,0) -> org.apache.spark.executor.ExecutorMetrics@c12512b)) by listener AppStatusListener took 4.543736705s.
[2024-11-03T08:18:11.087+0000] {spark_submit.py:495} INFO - 24/11/03 08:18:10 INFO NetworkClient: [AdminClient clientId=adminclient-1] Node -1 disconnected.
[2024-11-03T08:18:25.017+0000] {job.py:226} ERROR - Job heartbeat failed with error. Scheduler is in unhealthy state
[2024-11-03T08:19:00.545+0000] {spark_submit.py:495} INFO - 24/11/03 08:19:00 INFO AsyncEventQueue: Process of event SparkListenerExecutorMetricsUpdate(0,WrappedArray((0,0,0,Vector(AccumulableInfo(16,Some(internal.metrics.jvmGCTime),Some(725),None,true,true,None)))),Map((0,0) -> org.apache.spark.executor.ExecutorMetrics@32f9bd86)) by listener AppStatusListener took 1.219439139s.
[2024-11-03T08:19:45.108+0000] {spark_submit.py:495} INFO - 24/11/03 08:19:45 INFO AsyncEventQueue: Process of event SparkListenerExecutorMetricsUpdate(driver,WrappedArray(),Map((-1,-1) -> org.apache.spark.executor.ExecutorMetrics@2fedd410)) by listener AppStatusListener took 1.438035826s.
[2024-11-03T08:20:09.457+0000] {spark_submit.py:495} INFO - 24/11/03 08:20:09 INFO AsyncEventQueue: Process of event SparkListenerExecutorMetricsUpdate(0,WrappedArray((0,0,0,Vector(AccumulableInfo(16,Some(internal.metrics.jvmGCTime),Some(2456),None,true,true,None)))),Map((0,0) -> org.apache.spark.executor.ExecutorMetrics@545089a2)) by listener AppStatusListener took 5.410567593s.
[2024-11-03T08:20:53.374+0000] {spark_submit.py:495} INFO - 24/11/03 08:20:52 INFO AsyncEventQueue: Process of event SparkListenerExecutorMetricsUpdate(0,WrappedArray((0,0,0,Vector(AccumulableInfo(16,Some(internal.metrics.jvmGCTime),Some(2456),None,true,true,None)))),Map((0,0) -> org.apache.spark.executor.ExecutorMetrics@4a55010a)) by listener AppStatusListener took 7.638069583s.
[2024-11-03T08:20:57.281+0000] {spark_submit.py:495} INFO - 24/11/03 08:20:56 INFO AsyncEventQueue: Process of event SparkListenerExecutorMetricsUpdate(driver,WrappedArray(),Map((-1,-1) -> org.apache.spark.executor.ExecutorMetrics@35bf904b)) by listener AppStatusListener took 1.77693873s.
[2024-11-03T08:21:15.407+0000] {job.py:226} ERROR - Job heartbeat failed with error. Scheduler is in unhealthy state
                                                                                                                                                                                                                                                                                                   