[2024-10-31T21:24:47.004+0000] {local_task_job_runner.py:120} INFO - ::group::Pre task execution logs
[2024-10-31T21:24:47.803+0000] {taskinstance.py:2076} INFO - Dependencies all met for dep_context=non-requeueable deps ti=<TaskInstance: sensor_data_consumer.sensor_data_consumer manual__2024-10-31T21:24:23.663272+00:00 [queued]>
[2024-10-31T21:24:47.872+0000] {taskinstance.py:2076} INFO - Dependencies all met for dep_context=requeueable deps ti=<TaskInstance: sensor_data_consumer.sensor_data_consumer manual__2024-10-31T21:24:23.663272+00:00 [queued]>
[2024-10-31T21:24:47.872+0000] {taskinstance.py:2306} INFO - Starting attempt 1 of 1
[2024-10-31T21:24:48.692+0000] {taskinstance.py:2330} INFO - Executing <Task(SparkSubmitOperator): sensor_data_consumer> on 2024-10-31 21:24:23.663272+00:00
[2024-10-31T21:24:49.062+0000] {standard_task_runner.py:64} INFO - Started process 327 to run task
[2024-10-31T21:24:49.074+0000] {standard_task_runner.py:90} INFO - Running: ['***', 'tasks', 'run', 'sensor_data_consumer', 'sensor_data_consumer', 'manual__2024-10-31T21:24:23.663272+00:00', '--job-id', '8', '--raw', '--subdir', 'DAGS_FOLDER/***_consumer.py', '--cfg-path', '/tmp/tmpgl7nqc22']
[2024-10-31T21:24:49.078+0000] {standard_task_runner.py:91} INFO - Job 8: Subtask sensor_data_consumer
[2024-10-31T21:24:49.483+0000] {task_command.py:426} INFO - Running <TaskInstance: sensor_data_consumer.sensor_data_consumer manual__2024-10-31T21:24:23.663272+00:00 [running]> on host 0f30954d6a44
[2024-10-31T21:24:50.775+0000] {taskinstance.py:2648} INFO - Exporting env vars: AIRFLOW_CTX_DAG_OWNER='Bich Ly' AIRFLOW_CTX_DAG_ID='sensor_data_consumer' AIRFLOW_CTX_TASK_ID='sensor_data_consumer' AIRFLOW_CTX_EXECUTION_DATE='2024-10-31T21:24:23.663272+00:00' AIRFLOW_CTX_TRY_NUMBER='1' AIRFLOW_CTX_DAG_RUN_ID='manual__2024-10-31T21:24:23.663272+00:00'
[2024-10-31T21:24:50.776+0000] {taskinstance.py:430} INFO - ::endgroup::
[2024-10-31T21:24:50.911+0000] {spark_submit.py:222} INFO - Could not load connection string spark_default, defaulting to yarn
[2024-10-31T21:24:50.915+0000] {spark_submit.py:344} INFO - Spark-Submit cmd: spark-submit --master yarn --name KafkaSparkHDFS /opt/bitnami/spark/jobs/spark_streaming_job.py
[2024-10-31T21:25:06.393+0000] {spark_submit.py:495} INFO - Exception in thread "main" org.apache.spark.SparkException: When running with master 'yarn' either HADOOP_CONF_DIR or YARN_CONF_DIR must be set in the environment.
[2024-10-31T21:25:06.394+0000] {spark_submit.py:495} INFO - at org.apache.spark.deploy.SparkSubmitArguments.error(SparkSubmitArguments.scala:650)
[2024-10-31T21:25:06.394+0000] {spark_submit.py:495} INFO - at org.apache.spark.deploy.SparkSubmitArguments.validateSubmitArguments(SparkSubmitArguments.scala:281)
[2024-10-31T21:25:06.394+0000] {spark_submit.py:495} INFO - at org.apache.spark.deploy.SparkSubmitArguments.validateArguments(SparkSubmitArguments.scala:237)
[2024-10-31T21:25:06.395+0000] {spark_submit.py:495} INFO - at org.apache.spark.deploy.SparkSubmitArguments.<init>(SparkSubmitArguments.scala:122)
[2024-10-31T21:25:06.395+0000] {spark_submit.py:495} INFO - at org.apache.spark.deploy.SparkSubmit$$anon$2$$anon$3.<init>(SparkSubmit.scala:1094)
[2024-10-31T21:25:06.395+0000] {spark_submit.py:495} INFO - at org.apache.spark.deploy.SparkSubmit$$anon$2.parseArguments(SparkSubmit.scala:1094)
[2024-10-31T21:25:06.395+0000] {spark_submit.py:495} INFO - at org.apache.spark.deploy.SparkSubmit.doSubmit(SparkSubmit.scala:86)
[2024-10-31T21:25:06.395+0000] {spark_submit.py:495} INFO - at org.apache.spark.deploy.SparkSubmit$$anon$2.doSubmit(SparkSubmit.scala:1111)
[2024-10-31T21:25:06.396+0000] {spark_submit.py:495} INFO - at org.apache.spark.deploy.SparkSubmit$.main(SparkSubmit.scala:1120)
[2024-10-31T21:25:06.396+0000] {spark_submit.py:495} INFO - at org.apache.spark.deploy.SparkSubmit.main(SparkSubmit.scala)
[2024-10-31T21:25:06.793+0000] {taskinstance.py:441} INFO - ::group::Post task execution logs
[2024-10-31T21:25:07.664+0000] {taskinstance.py:2905} ERROR - Task failed with exception
Traceback (most recent call last):
  File "/home/airflow/.local/lib/python3.11/site-packages/airflow/models/taskinstance.py", line 465, in _execute_task
    result = _execute_callable(context=context, **execute_callable_kwargs)
             ^^^^^^^^^^^^^^^^^^^^^^^^^^^^^^^^^^^^^^^^^^^^^^^^^^^^^^^^^^^^^
  File "/home/airflow/.local/lib/python3.11/site-packages/airflow/models/taskinstance.py", line 432, in _execute_callable
    return execute_callable(context=context, **execute_callable_kwargs)
           ^^^^^^^^^^^^^^^^^^^^^^^^^^^^^^^^^^^^^^^^^^^^^^^^^^^^^^^^^^^^
  File "/home/airflow/.local/lib/python3.11/site-packages/airflow/models/baseoperator.py", line 401, in wrapper
    return func(self, *args, **kwargs)
           ^^^^^^^^^^^^^^^^^^^^^^^^^^^
  File "/home/airflow/.local/lib/python3.11/site-packages/airflow/providers/apache/spark/operators/spark_submit.py", line 157, in execute
    self._hook.submit(self._application)
  File "/home/airflow/.local/lib/python3.11/site-packages/airflow/providers/apache/spark/hooks/spark_submit.py", line 426, in submit
    raise AirflowException(
airflow.exceptions.AirflowException: Cannot execute: spark-submit --master yarn --name KafkaSparkHDFS /opt/bitnami/spark/jobs/spark_streaming_job.py. Error code is: 1.
[2024-10-31T21:25:07.862+0000] {taskinstance.py:1206} INFO - Marking task as FAILED. dag_id=sensor_data_consumer, task_id=sensor_data_consumer, run_id=manual__2024-10-31T21:24:23.663272+00:00, execution_date=20241031T212423, start_date=20241031T212447, end_date=20241031T212507
[2024-10-31T21:25:08.005+0000] {standard_task_runner.py:110} ERROR - Failed to execute job 8 for task sensor_data_consumer (Cannot execute: spark-submit --master yarn --name KafkaSparkHDFS /opt/bitnami/spark/jobs/spark_streaming_job.py. Error code is: 1.; 327)
[2024-10-31T21:25:08.118+0000] {local_task_job_runner.py:243} INFO - Task exited with return code 1
[2024-10-31T21:25:08.231+0000] {taskinstance.py:3503} INFO - 0 downstream tasks scheduled from follow-on schedule check
[2024-10-31T21:25:08.269+0000] {local_task_job_runner.py:222} INFO - ::endgroup::
